#
#  Reaction log file
#  Author: LigBuilder V3 User_Diana
#  Creation time: Sat Feb 28 06:54:49 2026
#  Format:
#  QueryMoleculeId/Cost/SynthesizeId/ReactantId1/ReactantId2/ReactantId3.....
#  Id prefix:
#  Q --- Query Molecule
#  M --- Material
#  R --- Reactant
#
Directory      result/synthesize_HsDHODH/297/DATABASE/
#
Q000000001/2.606310/0000/R000000001
M000000004/1.000000/0000/Sigma_BB-326591468
R000000003/1.111111/0114/M000000004
R000000006/1.000000/0000/Guesstimate
R000000005/2.222222/0175/M000000004/R000000006
R000000005/2.222222/0290/M000000004/R000000006
R000000003/2.469136/0197/R000000005
R000000007/1.000000/0000/Guesstimate
R000000002/2.345679/0170/R000000003/R000000007
R000000010/1.000000/0000/Guesstimate
R000000009/2.222222/0174/M000000004/R000000010
R000000009/2.222222/0289/M000000004/R000000010
R000000008/2.469136/0059/R000000009
R000000008/2.469136/0153/R000000005
R000000011/1.000000/0000/Guesstimate
R000000002/3.854596/0170/R000000008/R000000011
R000000001/2.606310/0219/R000000002
M000000015/1.000000/0000/Sigma_BB-28830366
R000000014/1.111111/0085/M000000015
R000000013/1.234568/0153/R000000014
R000000016/1.111111/0087/M000000015
R000000016/1.234568/0086/R000000014
R000000013/1.234568/0154/R000000016
R000000012/2.606310/0170/R000000003/R000000013
R000000017/1.234568/0197/R000000014
R000000018/9.200000/0000/Guesstimate
R000000017/9.200000/0155/R000000018
R000000012/4.115227/0170/R000000008/R000000017
R000000001/2.895900/0028/R000000012
Q000000002/2.606310/0000/R000000001
Q000000003/2.606310/0000/R000000019
M000000022/1.000000/0000/Sigma_BB-70737316
R000000021/1.111111/0222/M000000022
M000000024/1.000000/0000/Sigma_BB-70380583
R000000023/1.111111/0222/M000000024
M000000025/1.000000/0000/Sigma_BB-28847164
R000000023/1.111111/0287/M000000025
R000000021/1.234568/0299/R000000023
R000000026/1.000000/0000/Guesstimate
R000000020/2.345679/0221/R000000021/R000000026
R000000028/1.234568/0074/R000000021
R000000029/1.234568/0287/R000000021
R000000028/2.482853/0112/R000000010/R000000029
R000000027/1.371742/0040/R000000028
R000000031/1.000000/0000/Guesstimate
R000000032/1.234568/0114/R000000021
R000000030/2.482853/0004/R000000031/R000000032
R000000034/1.000000/0000/Guesstimate
R000000033/2.345679/0175/R000000034/R000000021
R000000035/1.000000/0000/Guesstimate
R000000033/2.482853/0003/R000000035/R000000032
R000000030/2.606310/0040/R000000033
R000000027/2.758726/0073/R000000030
R000000020/2.635269/0119/R000000027/R000000026
R000000019/2.606310/0153/R000000020
R000000036/1.000000/0000/Guesstimate
R000000019/2.635269/0119/R000000027/R000000036
<NEXT>