#
#  Reaction log file
#  Author: LigBuilder V3 User_Diana
#  Creation time: Sat Feb 28 06:53:08 2026
#  Format:
#  QueryMoleculeId/Cost/SynthesizeId/ReactantId1/ReactantId2/ReactantId3.....
#  Id prefix:
#  Q --- Query Molecule
#  M --- Material
#  R --- Reactant
#
Directory      result/synthesize_HsDHODH/226/DATABASE/
#
Q000000001/5.639385/0000/R000000001
M000000004/1.000000/0000/Sigma_BB-70412733
R000000005/1.000000/0000/Guesstimate
R000000006/1.000000/0000/Guesstimate
R000000003/3.333333/0242/M000000004/R000000005/R000000006
M000000008/1.000000/0000/Sigma_BB-28760180
R000000007/3.333333/0242/M000000008/R000000005/R000000006
R000000007/3.333333/0242/M000000008/R000000005/R000000006
R000000003/3.703704/0197/R000000007
R000000011/1.000000/0000/Guesstimate
R000000010/1.111111/0239/R000000011
R000000009/1.234568/0091/R000000010
R000000013/1.000000/0000/Guesstimate
R000000012/2.222222/0112/R000000013/R000000011
R000000009/2.469136/0197/R000000012
R000000002/5.075447/0112/R000000003/R000000009
R000000014/3.703704/0091/R000000007
R000000016/1.000000/0000/Guesstimate
R000000017/1.000000/0000/Guesstimate
R000000015/2.222222/0279/R000000016/R000000017
R000000015/2.222222/0279/R000000016/R000000017
R000000019/1.000000/0000/Guesstimate
R000000018/3.333333/0242/R000000019/R000000005/R000000006
R000000018/3.333333/0242/R000000019/R000000005/R000000006
R000000014/6.172840/0159/R000000015/R000000018
R000000002/5.226338/0112/R000000014/R000000013
R000000001/5.639385/0147/R000000002
M000000023/1.000000/0000/Sigma_BB-27600086
R000000022/3.333333/0242/M000000023/R000000005/R000000006
R000000022/3.333333/0242/M000000023/R000000005/R000000006
R000000021/3.703704/0104/R000000022
R000000021/3.703704/0104/R000000022
R000000020/4.115227/0160/R000000021
R000000020/4.115227/0160/R000000021
R000000001/5.944217/0175/R000000020/R000000009
Q000000002/5.639385/0000/R000000001
Q000000003/5.639385/0000/R000000001
<NEXT>