#
#  Reaction log file
#  Author: LigBuilder V3 User_Diana
#  Creation time: Sat Feb 28 06:52:58 2026
#  Format:
#  QueryMoleculeId/Cost/SynthesizeId/ReactantId1/ReactantId2/ReactantId3.....
#  Id prefix:
#  Q --- Query Molecule
#  M --- Material
#  R --- Reactant
#
Directory      result/synthesize_HsDHODH/212/DATABASE/
#
Q000000001/Analysis Failed
Q000000002/Analysis Failed
Q000000003/4.282884/0000/R000000001
M000000005/1.000000/0000/Sigma_BB-34439237
R000000006/1.000000/0000/Guesstimate
R000000004/2.222222/0174/M000000005/R000000006
R000000004/2.222222/0289/M000000005/R000000006
R000000003/2.469136/0041/R000000004
R000000007/8.700000/0000/Guesstimate
R000000003/9.666667/0198/R000000007
R000000002/3.854596/0112/R000000003/R000000006
M000000010/1.000000/0000/Sigma_BB-101873849
R000000009/2.222222/0174/M000000010/R000000006
R000000009/2.222222/0289/M000000010/R000000006
R000000008/3.580247/0112/R000000009/R000000006
R000000008/3.580247/0112/R000000004/R000000006
R000000002/3.978053/0041/R000000008
R000000001/4.282884/0041/R000000002
R000000012/2.469136/0041/R000000009
M000000014/1.000000/0000/Sigma_BB-243316911
R000000015/1.000000/0000/Guesstimate
R000000013/2.222222/0231/M000000014/R000000015
R000000012/2.469136/0198/R000000013
R000000011/3.854596/0112/R000000012/R000000006
R000000011/3.978053/0041/R000000008
R000000001/4.282884/0041/R000000011
<NEXT>