#
#  Reaction log file
#  Author: LigBuilder V3 User_Diana
#  Creation time: Sat Feb 28 06:51:47 2026
#  Format:
#  QueryMoleculeId/Cost/SynthesizeId/ReactantId1/ReactantId2/ReactantId3.....
#  Id prefix:
#  Q --- Query Molecule
#  M --- Material
#  R --- Reactant
#
Directory      result/synthesize_HsDHODH/187/DATABASE/
#
Q000000001/3.854596/0000/R000000001
M000000004/1.000000/0000/Sigma_BB-249436450
R000000005/1.000000/0000/Guesstimate
R000000003/2.222222/0285/M000000004/R000000005
R000000002/2.469136/0294/R000000003
R000000006/2.469136/0228/R000000003
R000000006/2.469136/0286/R000000003
R000000002/2.743484/0296/R000000006
M000000007/1.000000/0000/Sigma_BB-332410999
R000000001/3.854596/0119/R000000002/M000000007
R000000011/1.000000/0000/Guesstimate
R000000010/1.111111/0054/R000000011
R000000012/1.000000/0000/Guesstimate
R000000013/1.000000/0000/Guesstimate
R000000010/2.222222/0004/R000000012/R000000013
R000000009/1.234568/0009/R000000010
R000000014/1.000000/0000/Guesstimate
R000000015/1.000000/0000/Guesstimate
R000000009/2.222222/0003/R000000014/R000000015
R000000008/4.115227/0119/R000000002/R000000009
R000000017/1.000000/0000/Guesstimate
R000000016/3.854596/0119/R000000002/R000000017
R000000016/3.854596/0280/R000000002/R000000017
R000000019/1.000000/0000/Guesstimate
R000000020/1.000000/0000/Guesstimate
R000000018/2.222222/0003/R000000019/R000000020
R000000021/1.000000/0000/Guesstimate
R000000018/2.222222/0003/R000000021/R000000015
R000000008/6.752020/0224/R000000016/R000000018
R000000001/4.572474/0041/R000000008
Q000000002/4.267642/0000/R000000022
R000000026/1.000000/0000/Guesstimate
R000000025/1.111111/0283/R000000026
R000000027/1.000000/0000/Guesstimate
R000000024/2.345679/0277/R000000025/R000000027
R000000029/1.000000/0000/Guesstimate
R000000028/2.345679/0277/R000000025/R000000029
R000000024/2.606310/0300/R000000028
M000000031/1.000000/0000/Sigma_BB-70737316
R000000030/1.111111/0222/M000000031
M000000033/1.000000/0000/Sigma_BB-70380583
R000000032/1.111111/0222/M000000033
M000000034/1.000000/0000/Sigma_BB-28847164
R000000032/1.111111/0287/M000000034
R000000030/1.234568/0299/R000000032
R000000023/3.840878/0174/R000000024/R000000030
M000000037/1.000000/0000/Sigma_BB-63702910
R000000036/1.111111/0153/M000000037
R000000038/1.111111/0091/M000000037
M000000039/1.000000/0000/Sigma_BB-70792464
R000000038/1.111111/0299/M000000039
R000000036/1.234568/0154/R000000038
R000000035/1.234568/0222/R000000036
R000000035/1.234568/0287/R000000030
R000000023/3.978052/0112/R000000024/R000000035
R000000022/4.267642/0122/R000000023
M000000043/1.000000/0000/Sigma_BB-28527072
R000000044/1.000000/0000/Guesstimate
R000000042/2.222222/0279/M000000043/R000000044
R000000042/2.222222/0279/M000000043/R000000044
R000000041/2.469136/0004/R000000042
R000000046/1.000000/0000/Guesstimate
R000000047/1.000000/0000/Guesstimate
R000000045/2.222222/0112/R000000046/R000000047
R000000049/1.000000/0000/Guesstimate
R000000048/2.222222/0122/R000000049/R000000047
R000000051/1.000000/0000/Guesstimate
R000000050/2.222222/0301/R000000051/R000000047
R000000050/2.222222/0301/R000000051/R000000047
R000000048/2.469136/0139/R000000050
R000000045/2.469136/0082/R000000048
R000000041/2.469136/0040/R000000045
R000000040/2.743484/0086/R000000041
R000000040/2.743484/0091/R000000041
R000000022/4.420059/0112/R000000040/R000000035
Q000000003/Analysis Failed
<NEXT>