#
#  Reaction log file
#  Author: LigBuilder V3 User_Diana
#  Creation time: Sat Feb 28 06:48:06 2026
#  Format:
#  QueryMoleculeId/Cost/SynthesizeId/ReactantId1/ReactantId2/ReactantId3.....
#  Id prefix:
#  Q --- Query Molecule
#  M --- Material
#  R --- Reactant
#
Directory      result/synthesize_HsDHODH/67/DATABASE/
#
Q000000001/4.282884/0000/R000000001
R000000003/1.000000/0000/Guesstimate
M000000006/1.000000/0000/Sigma_BB-30423282
R000000007/1.000000/0000/Guesstimate
R000000005/2.222222/0279/M000000006/R000000007
R000000005/2.222222/0279/M000000006/R000000007
R000000004/2.469136/0009/R000000005
R000000009/1.000000/0000/Guesstimate
R000000010/1.000000/0000/Guesstimate
R000000008/2.222222/0012/R000000009/R000000010
R000000011/1.000000/0000/Guesstimate
R000000012/1.000000/0000/Guesstimate
R000000008/2.222222/0279/R000000011/R000000012
R000000004/2.469136/0041/R000000008
R000000002/3.854596/0159/R000000003/R000000004
R000000013/3.580247/0159/R000000003/R000000008
R000000015/1.000000/0000/Guesstimate
R000000014/2.222222/0159/R000000003/R000000015
R000000016/1.000000/0000/Guesstimate
R000000013/3.580247/0174/R000000014/R000000016
R000000002/3.978053/0041/R000000013
R000000001/4.282884/0041/R000000002
R000000018/2.469136/0041/R000000014
R000000018/2.469136/0233/R000000014
R000000017/3.854596/0174/R000000018/R000000016
R000000017/3.978053/0041/R000000013
R000000001/4.282884/0041/R000000017
Q000000002/Analysis Failed
Q000000003/Analysis Failed
<NEXT>