#
#  Reaction log file
#  Author: LigBuilder V3 User_Diana
#  Creation time: Sat Feb 28 06:47:52 2026
#  Format:
#  QueryMoleculeId/Cost/SynthesizeId/ReactantId1/ReactantId2/ReactantId3.....
#  Id prefix:
#  Q --- Query Molecule
#  M --- Material
#  R --- Reactant
#
Directory      result/synthesize_HsDHODH/46/DATABASE/
#
Q000000001/2.758726/0000/R000000001
M000000003/1.000000/0000/Sigma_BB-151014002
R000000002/1.111111/0013/M000000003
M000000005/1.000000/0000/Sigma_BB-308324375
R000000004/1.111111/0013/M000000005
R000000006/1.111111/0164/M000000005
R000000007/1.000000/0000/Guesstimate
R000000006/2.222222/0174/M000000005/R000000007
R000000004/1.234568/0041/R000000006
R000000002/1.234568/0024/R000000004
R000000011/1.000000/0000/Guesstimate
R000000010/1.111111/0198/R000000011
R000000012/1.000000/0000/Guesstimate
R000000013/1.000000/0000/Guesstimate
R000000010/2.222222/0180/R000000012/R000000013
R000000009/1.234568/0155/R000000010
R000000015/1.000000/0000/Guesstimate
R000000016/1.000000/0000/Guesstimate
R000000014/2.222222/0004/R000000015/R000000016
R000000017/1.000000/0000/Guesstimate
R000000018/1.000000/0000/Guesstimate
R000000014/3.333333/0225/R000000015/R000000017/R000000018
R000000009/2.469136/0197/R000000014
R000000008/1.371742/0155/R000000009
R000000021/1.000000/0000/Guesstimate
R000000020/1.111111/0118/R000000021
R000000020/2.222222/0112/R000000021/R000000007
R000000019/1.234568/0041/R000000020
R000000019/1.234568/0155/R000000010
R000000008/1.371742/0155/R000000019
R000000001/2.758726/0003/R000000002/R000000008
R000000022/2.635269/0003/M000000003/R000000008
R000000024/1.111111/0093/M000000003
M000000025/1.000000/0000/Sigma_BB-30438916
R000000024/2.222222/0004/M000000025/R000000016
R000000023/1.234568/0085/R000000024
R000000026/1.000000/0000/Guesstimate
R000000023/2.222222/0004/M000000025/R000000026
M000000029/1.000000/0000/Sigma_BB-28798940
R000000028/1.111111/0239/M000000029
R000000027/1.234568/0079/R000000028
R000000031/1.000000/0000/Guesstimate
R000000030/2.635269/0004/R000000031/R000000008
R000000030/2.635269/0277/R000000031/R000000008
R000000027/2.928077/0009/R000000030
R000000022/2.743484/0049/R000000023/R000000027
R000000001/2.928077/0013/R000000022
Q000000002/2.758726/0000/R000000032
M000000034/1.000000/0000/Sigma_BB-28416063
R000000033/1.111111/0013/M000000034
R000000037/1.000000/0000/Guesstimate
R000000036/2.222222/0119/M000000034/R000000037
R000000036/2.222222/0280/M000000034/R000000037
R000000035/2.469136/0013/R000000036
R000000038/2.469136/0164/R000000036
R000000038/3.580247/0174/R000000036/R000000007
R000000035/2.743484/0041/R000000038
R000000033/2.743484/0024/R000000035
R000000032/2.758726/0003/R000000033/R000000008
M000000041/1.000000/0000/Sigma_BB-28821221
R000000040/1.111111/0085/M000000041
M000000042/1.000000/0000/Sigma_BB-28426400
R000000040/2.222222/0004/M000000042/R000000026
R000000039/2.606310/0049/R000000040/R000000027
R000000039/2.635269/0003/M000000034/R000000008
R000000032/2.895900/0013/R000000039
Q000000003/2.758726/0000/R000000032
<NEXT>