#
#  Reaction log file
#  Author: LigBuilder V3 User_Diana
#  Creation time: Sat Feb 28 06:54:48 2026
#  Format:
#  QueryMoleculeId/Cost/SynthesizeId/ReactantId1/ReactantId2/ReactantId3.....
#  Id prefix:
#  Q --- Query Molecule
#  M --- Material
#  R --- Reactant
#
Directory      result/synthesize_HsDHODH/285/DATABASE/
#
Q000000001/7.315958/0000/R000000001
M000000005/1.000000/0000/Sigma_BB-28666432
R000000006/1.000000/0000/Guesstimate
R000000004/2.222222/0004/M000000005/R000000006
R000000007/1.000000/0000/Guesstimate
R000000003/3.580247/0049/R000000004/R000000007
R000000008/7.000000/0000/Guesstimate
R000000003/7.777778/0082/R000000008
R000000010/1.000000/0000/Guesstimate
R000000012/1.000000/0000/Guesstimate
R000000011/1.111111/0118/R000000012
R000000013/1.000000/0000/Guesstimate
R000000011/2.222222/0112/R000000012/R000000013
R000000009/2.345679/0285/R000000010/R000000011
R000000002/6.584363/0159/R000000003/R000000009
R000000016/1.000000/0000/Guesstimate
R000000015/2.222222/0003/M000000005/R000000016
M000000017/1.000000/0000/Sigma_BB-249436450
R000000015/2.222222/0049/M000000017/R000000006
R000000014/3.580247/0012/R000000015/R000000010
R000000018/3.580247/0012/R000000015/R000000007
R000000018/3.580247/0285/R000000015/R000000007
R000000019/1.000000/0000/Guesstimate
R000000014/5.089163/0279/R000000018/R000000019
R000000022/1.000000/0000/Guesstimate
R000000023/1.000000/0000/Guesstimate
R000000021/2.222222/0275/R000000022/R000000023
R000000020/2.469136/0147/R000000021
R000000025/1.000000/0000/Guesstimate
R000000024/2.222222/0274/R000000025/R000000023
R000000020/2.469136/0260/R000000024
R000000002/6.721537/0159/R000000014/R000000020
R000000001/7.315958/0147/R000000002
Q000000002/7.315958/0000/R000000001
Q000000003/5.531170/0000/R000000026
M000000030/1.000000/0000/Sigma_BB-27113924
M000000031/1.000000/0000/Sigma_BB-28775620
R000000029/2.222222/0274/M000000030/M000000031
R000000032/1.000000/0000/Guesstimate
R000000028/3.580247/0049/R000000029/R000000032
R000000034/1.000000/0000/Guesstimate
R000000033/2.222222/0274/M000000030/R000000034
R000000035/1.000000/0000/Guesstimate
R000000028/3.580247/0112/R000000033/R000000035
R000000027/3.978053/0147/R000000028
R000000038/2.469136/0092/R000000033
R000000040/1.000000/0000/Guesstimate
R000000039/2.222222/0274/M000000030/R000000040
R000000041/1.000000/0000/Guesstimate
R000000038/3.580247/0004/R000000039/R000000041
R000000037/2.743484/0197/R000000038
R000000042/2.743484/0100/R000000038
R000000042/2.743484/0216/R000000038
R000000037/4.159427/0212/R000000042/R000000006
M000000044/1.000000/0000/Sigma_BB-135659664
R000000043/1.111111/0155/M000000044
R000000045/9.000000/0000/Guesstimate
R000000043/10.000000/0197/R000000045
R000000036/4.282884/0301/R000000037/R000000043
R000000047/1.000000/0000/Guesstimate
R000000046/10.000000/0212/R000000047/R000000045
R000000046/10.000000/0212/R000000047/R000000045
R000000036/9.888888/0274/M000000030/R000000046
R000000027/4.758760/0188/R000000036
R000000026/5.531170/0004/R000000027/R000000041
M000000051/1.000000/0000/Sigma_BB-153833319
R000000052/1.000000/0000/Guesstimate
R000000050/2.222222/0175/M000000051/R000000052
R000000050/2.222222/0290/M000000051/R000000052
R000000049/2.469136/0093/R000000050
R000000054/1.111111/0093/M000000051
M000000055/1.000000/0000/Sigma_BB-28247348
R000000054/2.222222/0212/M000000051/M000000055
R000000056/1.000000/0000/Guesstimate
R000000053/2.345679/0175/R000000054/R000000056
R000000053/2.345679/0290/R000000054/R000000056
R000000049/2.606310/0039/R000000053
R000000058/1.000000/0000/Guesstimate
R000000059/1.000000/0000/Guesstimate
R000000057/2.222222/0225/R000000058/R000000059
R000000057/10.000000/0188/R000000045
R000000048/5.212621/0212/R000000049/R000000057
R000000060/3.703704/0212/R000000054/R000000057
R000000060/3.703704/0212/R000000054/R000000057
R000000048/5.226338/0175/R000000060/R000000052
R000000026/5.791801/0024/R000000048
<NEXT>