#
#  Reaction log file
#  Author: LigBuilder V3 User_Diana
#  Creation time: Sat Feb 28 06:49:40 2026
#  Format:
#  QueryMoleculeId/Cost/SynthesizeId/ReactantId1/ReactantId2/ReactantId3.....
#  Id prefix:
#  Q --- Query Molecule
#  M --- Material
#  R --- Reactant
#
Directory      result/synthesize_HsDHODH/115/DATABASE/
#
Q000000001/Analysis Failed
Q000000002/Analysis Failed
Q000000003/4.115227/0000/R000000001
R000000004/1.000000/0000/Guesstimate
R000000005/1.000000/0000/Guesstimate
R000000003/2.222222/0012/R000000004/R000000005
R000000007/1.000000/0000/Guesstimate
R000000008/1.000000/0000/Guesstimate
R000000006/2.222222/0004/R000000007/R000000008
R000000009/1.000000/0000/Guesstimate
R000000010/1.000000/0000/Guesstimate
R000000006/2.222222/0122/R000000009/R000000010
R000000003/2.469136/0009/R000000006
R000000012/1.000000/0000/Guesstimate
R000000011/1.111111/0283/R000000012
R000000002/3.703704/0159/R000000003/R000000011
R000000015/1.000000/0000/Guesstimate
R000000014/2.222222/0012/R000000015/R000000005
R000000016/1.000000/0000/Guesstimate
R000000017/1.000000/0000/Guesstimate
R000000014/2.222222/0112/R000000016/R000000017
R000000013/3.703704/0159/R000000014/R000000011
R000000018/1.000000/0000/Guesstimate
R000000002/5.226338/0276/R000000013/R000000018
R000000001/4.115227/0024/R000000002
R000000020/1.000000/0000/Guesstimate
R000000019/5.226338/0174/R000000013/R000000020
R000000021/1.111111/0287/R000000020
R000000022/7.400000/0000/Guesstimate
R000000021/8.222222/0197/R000000022
R000000019/5.349795/0112/R000000013/R000000021
R000000001/5.807042/0025/R000000019
Q000000004/Analysis Failed
<NEXT>