#
#  Reaction log file
#  Author: LigBuilder V3 User_Diana
#  Creation time: Sat Feb 28 06:54:17 2026
#  Format:
#  QueryMoleculeId/Cost/SynthesizeId/ReactantId1/ReactantId2/ReactantId3.....
#  Id prefix:
#  Q --- Query Molecule
#  M --- Material
#  R --- Reactant
#
Directory      result/synthesize_HsDHODH/274/DATABASE/
#
Q000000001/3.978053/0000/R000000001
M000000003/1.000000/0000/Sigma_BB-28823129
R000000005/1.000000/0000/Guesstimate
M000000006/1.000000/0000/Sigma_BB-31122909
R000000004/2.222222/0231/R000000005/M000000006
R000000008/1.000000/0000/Guesstimate
R000000007/2.222222/0231/R000000008/M000000006
R000000004/3.580247/0279/R000000007/R000000005
R000000002/3.580247/0231/M000000003/R000000004
M000000011/1.000000/0000/Sigma_BB-27088078
R000000010/2.222222/0231/M000000011/R000000005
R000000009/2.469136/0153/R000000010
M000000015/1.000000/0000/Sigma_BB-28757820
R000000014/1.111111/0104/M000000015
R000000014/1.111111/0104/M000000015
R000000013/1.234568/0248/R000000014
M000000017/1.000000/0000/Sigma_BB-29509312
R000000016/1.111111/0104/M000000017
R000000016/1.111111/0104/M000000017
R000000013/1.234568/0257/R000000016
R000000018/1.000000/0000/Guesstimate
R000000012/2.482853/0256/R000000013/R000000018
R000000009/2.758726/0160/R000000012
R000000002/3.854596/0231/R000000009/M000000006
R000000001/3.978053/0179/R000000002
R000000020/2.469136/0294/R000000004
R000000021/2.222222/0231/R000000005/M000000006
R000000020/2.469136/0294/R000000021
R000000019/4.115227/0018/R000000013/R000000020
R000000001/4.572474/0160/R000000019
Q000000002/3.978053/0000/R000000001
Q000000003/3.978053/0000/R000000001
<NEXT>