#
#  Reaction log file
#  Author: LigBuilder V3 User_Diana
#  Creation time: Sat Feb 28 06:53:40 2026
#  Format:
#  QueryMoleculeId/Cost/SynthesizeId/ReactantId1/ReactantId2/ReactantId3.....
#  Id prefix:
#  Q --- Query Molecule
#  M --- Material
#  R --- Reactant
#
Directory      result/synthesize_HsDHODH/243/DATABASE/
#
Q000000001/6.096632/0000/R000000001
R000000005/1.000000/0000/Guesstimate
R000000006/1.000000/0000/Guesstimate
R000000004/2.222222/0279/R000000005/R000000006
R000000004/2.222222/0279/R000000005/R000000006
R000000008/1.000000/0000/Guesstimate
R000000009/1.000000/0000/Guesstimate
R000000007/2.222222/0112/R000000008/R000000009
R000000003/4.938272/0159/R000000004/R000000007
R000000002/5.486969/0287/R000000003
R000000001/6.096632/0299/R000000002
Q000000002/4.267643/0000/R000000010
M000000014/1.000000/0000/Sigma_BB-387772100
R000000013/1.111111/0228/M000000014
R000000013/1.111111/0286/M000000014
R000000012/1.234568/0085/R000000013
R000000015/1.111111/0288/M000000014
R000000016/8.200000/0000/Guesstimate
R000000017/1.000000/0000/Guesstimate
R000000015/9.200000/0277/R000000016/R000000017
R000000012/1.234568/0155/R000000015
R000000019/1.000000/0000/Guesstimate
R000000020/1.000000/0000/Guesstimate
R000000018/2.222222/0004/R000000019/R000000020
R000000022/1.000000/0000/Guesstimate
R000000021/2.222222/0004/R000000022/R000000020
R000000023/1.000000/0000/Guesstimate
R000000024/1.000000/0000/Guesstimate
R000000021/3.333333/0225/R000000023/R000000020/R000000024
R000000025/1.000000/0000/Guesstimate
R000000018/3.580247/0004/R000000021/R000000025
R000000011/3.840878/0212/R000000012/R000000018
R000000011/3.840878/0212/R000000012/R000000018
R000000010/4.267643/0296/R000000011
R000000010/4.267643/0296/R000000011
Q000000003/4.267643/0000/R000000010
Q000000004/Analysis Failed
<NEXT>