#
#  Reaction log file
#  Author: LigBuilder V3 User_Diana
#  Creation time: Sat Feb 28 06:50:13 2026
#  Format:
#  QueryMoleculeId/Cost/SynthesizeId/ReactantId1/ReactantId2/ReactantId3.....
#  Id prefix:
#  Q --- Query Molecule
#  M --- Material
#  R --- Reactant
#
Directory      result/synthesize_HsDHODH/143/DATABASE/
#
Q000000001/2.635269/0000/R000000001
M000000005/1.000000/0000/Sigma_BB-70737316
R000000004/1.111111/0222/M000000005
R000000003/1.234568/0074/R000000004
R000000006/1.000000/0000/Guesstimate
R000000007/1.234568/0287/R000000004
M000000009/1.000000/0000/Sigma_BB-63702910
R000000008/1.111111/0153/M000000009
R000000008/1.111111/0287/M000000005
R000000007/1.234568/0222/R000000008
R000000003/2.482853/0112/R000000006/R000000007
R000000002/1.371742/0040/R000000003
R000000011/1.000000/0000/Guesstimate
R000000012/1.234568/0114/R000000004
R000000010/2.482853/0004/R000000011/R000000012
R000000014/1.000000/0000/Guesstimate
R000000013/2.345679/0175/R000000014/R000000004
R000000015/1.000000/0000/Guesstimate
R000000013/2.482853/0003/R000000015/R000000012
R000000010/2.606310/0040/R000000013
R000000002/2.758726/0073/R000000010
R000000016/1.000000/0000/Guesstimate
R000000001/2.635269/0003/R000000002/R000000016
M000000022/1.000000/0000/Sigma_BB-332441958
R000000021/1.111111/0228/M000000022
R000000021/1.111111/0286/M000000022
R000000020/1.234568/0217/R000000021
R000000023/1.111111/0217/M000000022
R000000025/9.800000/0000/Guesstimate
R000000024/9.800000/0295/R000000025
R000000023/9.600000/0118/R000000024
R000000020/1.234568/0228/R000000023
R000000019/1.371742/0055/R000000020
R000000026/1.000000/0000/Guesstimate
R000000019/2.345679/0112/R000000026/R000000021
R000000018/1.524158/0197/R000000019
R000000028/1.000000/0000/Guesstimate
R000000027/2.345679/0301/R000000028/R000000021
R000000027/2.345679/0301/R000000028/R000000021
R000000018/2.606310/0260/R000000027
R000000017/3.065251/0112/R000000018/R000000007
R000000030/1.524158/0093/R000000002
R000000030/2.482853/0004/R000000011/R000000007
R000000029/1.693509/0085/R000000030
R000000031/1.000000/0000/Guesstimate
R000000029/2.482853/0004/R000000031/R000000007
R000000017/3.253419/0049/R000000029/R000000020
R000000001/3.405835/0028/R000000017
Q000000002/6.096632/0000/R000000032
R000000036/1.000000/0000/Guesstimate
R000000037/1.000000/0000/Guesstimate
R000000035/2.222222/0279/R000000036/R000000037
R000000035/2.222222/0279/R000000036/R000000037
R000000039/1.000000/0000/Guesstimate
R000000040/1.000000/0000/Guesstimate
R000000038/2.222222/0112/R000000039/R000000040
R000000034/4.938272/0159/R000000035/R000000038
R000000033/5.486969/0287/R000000034
R000000032/6.096632/0299/R000000033
Q000000003/5.639385/0000/R000000041
R000000044/1.000000/0000/Guesstimate
R000000043/2.222222/0004/R000000011/R000000044
M000000046/1.000000/0000/Sigma_BB-28524129
R000000047/1.000000/0000/Guesstimate
R000000045/2.222222/0212/M000000046/R000000047
R000000045/2.222222/0212/M000000046/R000000047
R000000043/2.469136/0024/R000000045
R000000042/2.469136/0086/R000000043
R000000042/2.469136/0091/R000000043
M000000051/1.000000/0000/Sigma_BB-28769357
R000000050/1.111111/0104/M000000051
R000000050/1.111111/0104/M000000051
M000000052/1.000000/0000/Sigma_BB-28830301
R000000049/2.345679/0212/R000000050/M000000052
R000000049/2.345679/0212/R000000050/M000000052
R000000048/2.606310/0160/R000000049
R000000053/9.600000/0000/Guesstimate
R000000048/9.600000/0299/R000000053
R000000041/5.639385/0174/R000000042/R000000048
M000000057/1.000000/0000/Sigma_BB-244164693
R000000056/3.854596/0174/R000000042/M000000057
R000000056/3.854596/0289/R000000042/M000000057
R000000055/4.282884/0104/R000000056
R000000055/4.282884/0104/R000000056
R000000058/1.000000/0000/Guesstimate
R000000054/5.869872/0301/R000000055/R000000058
R000000054/5.869872/0301/R000000055/R000000058
R000000041/6.522080/0160/R000000054
<NEXT>