#
#  Reaction log file
#  Author: LigBuilder V3 User_Diana
#  Creation time: Sat Feb 28 06:48:13 2026
#  Format:
#  QueryMoleculeId/Cost/SynthesizeId/ReactantId1/ReactantId2/ReactantId3.....
#  Id prefix:
#  Q --- Query Molecule
#  M --- Material
#  R --- Reactant
#
Directory      result/synthesize_HsDHODH/52/DATABASE/
#
Q000000001/2.482853/0000/R000000001
M000000004/1.000000/0000/Sigma_BB-27199777
R000000003/1.111111/0074/M000000004
M000000006/1.000000/0000/Sigma_BB-29509005
R000000007/1.000000/0000/Guesstimate
R000000005/2.222222/0175/M000000006/R000000007
R000000005/2.222222/0290/M000000006/R000000007
R000000003/2.469136/0082/R000000005
R000000002/1.234568/0040/R000000003
M000000010/1.000000/0000/Sigma_BB-28760241
R000000011/1.000000/0000/Guesstimate
R000000009/2.222222/0119/M000000010/R000000011
R000000009/2.222222/0280/M000000010/R000000011
R000000008/3.580247/0175/R000000009/R000000007
R000000008/3.580247/0290/R000000009/R000000007
R000000002/3.978053/0024/R000000008
R000000012/1.000000/0000/Guesstimate
R000000001/2.482853/0003/R000000002/R000000012
R000000016/1.000000/0000/Guesstimate
R000000015/1.111111/0040/R000000016
R000000017/1.000000/0000/Guesstimate
R000000015/2.222222/0004/R000000017/R000000012
R000000014/1.234568/0086/R000000015
R000000014/1.234568/0091/R000000015
M000000019/1.000000/0000/Sigma_BB-28766735
M000000021/1.000000/0000/Sigma_BB-28764950
R000000020/1.111111/0197/M000000021
R000000018/2.345679/0212/M000000019/R000000020
R000000022/2.222222/0212/M000000019/M000000021
R000000022/2.222222/0212/M000000019/M000000021
R000000018/2.469136/0197/R000000022
R000000013/3.978052/0174/R000000014/R000000018
M000000025/1.000000/0000/Sigma_BB-27113924
R000000024/2.222222/0004/M000000025/R000000017
M000000026/1.000000/0000/Sigma_BB-28945063
R000000027/1.000000/0000/Guesstimate
R000000024/2.222222/0175/M000000026/R000000027
R000000023/3.703704/0212/R000000024/R000000020
R000000023/3.703704/0212/R000000024/R000000020
R000000013/5.486969/0112/R000000014/R000000023
R000000001/4.420058/0028/R000000013
Q000000002/2.482853/0000/R000000001
Q000000003/2.895900/0000/R000000028
M000000032/1.000000/0000/Sigma_BB-28830281
R000000031/1.111111/0299/M000000032
R000000030/1.234568/0287/R000000031
M000000034/1.000000/0000/Sigma_BB-28715588
R000000033/1.111111/0299/M000000034
R000000030/1.234568/0287/R000000033
R000000029/1.371742/0299/R000000030
R000000036/1.111111/0299/M000000032
R000000035/1.234568/0287/R000000036
R000000037/1.111111/0299/M000000034
R000000035/1.234568/0287/R000000037
R000000029/1.371742/0299/R000000035
R000000028/2.895900/0112/R000000014/R000000029
R000000040/1.000000/0000/Guesstimate
R000000039/2.635269/0112/R000000040/R000000029
R000000041/9.777778/0112/R000000027/R000000029
R000000042/7.900000/0000/Guesstimate
R000000041/9.888888/0174/R000000027/R000000042
R000000039/9.888888/0091/R000000041
R000000038/4.039188/0112/R000000039/R000000012
R000000045/1.000000/0000/Guesstimate
R000000046/1.000000/0000/Guesstimate
R000000044/2.222222/0112/R000000045/R000000046
R000000044/2.222222/0112/R000000027/R000000012
R000000043/2.469136/0091/R000000044
R000000048/1.000000/0000/Guesstimate
R000000047/2.482853/0285/R000000014/R000000048
R000000043/2.758726/0082/R000000047
R000000038/4.267642/0112/R000000043/R000000029
R000000028/4.487987/0147/R000000038
Q000000004/Analysis Failed
<NEXT>