#
#  Reaction log file
#  Author: LigBuilder V3 User_Diana
#  Creation time: Sat Feb 28 06:52:47 2026
#  Format:
#  QueryMoleculeId/Cost/SynthesizeId/ReactantId1/ReactantId2/ReactantId3.....
#  Id prefix:
#  Q --- Query Molecule
#  M --- Material
#  R --- Reactant
#
Directory      result/synthesize_HsDHODH/209/DATABASE/
#
Q000000001/3.854596/0000/R000000001
M000000004/1.000000/0000/Sigma_BB-28777472
R000000005/1.000000/0000/Guesstimate
R000000003/2.222222/0275/M000000004/R000000005
R000000007/1.000000/0000/Guesstimate
R000000006/2.222222/0274/M000000004/R000000007
R000000003/2.469136/0260/R000000006
R000000002/2.469136/0024/R000000003
M000000010/1.000000/0000/Sigma_BB-27600086
R000000009/2.222222/0275/M000000010/R000000005
R000000008/2.469136/0074/R000000009
R000000011/1.000000/0000/Guesstimate
M000000014/1.000000/0000/Sigma_BB-27521434
R000000013/1.111111/0197/M000000014
R000000013/1.111111/0287/M000000010
R000000012/2.345679/0275/R000000013/R000000005
R000000012/2.469136/0287/R000000009
R000000008/3.854596/0112/R000000011/R000000012
R000000002/2.743484/0040/R000000008
R000000015/1.000000/0000/Guesstimate
R000000001/3.854596/0003/R000000002/R000000015
R000000017/1.000000/0000/Guesstimate
R000000016/3.717421/0004/R000000017/R000000012
R000000019/1.000000/0000/Guesstimate
R000000018/3.717421/0004/R000000019/R000000012
R000000021/1.000000/0000/Guesstimate
R000000020/3.580247/0175/R000000021/R000000009
R000000020/3.580247/0290/R000000021/R000000009
R000000018/3.978053/0024/R000000020
R000000016/4.130468/0085/R000000018
R000000022/1.000000/0000/Guesstimate
R000000001/5.241580/0049/R000000016/R000000022
Q000000002/Analysis Failed
Q000000003/Analysis Failed
<NEXT>