#
#  Reaction log file
#  Author: LigBuilder V3 User_Diana
#  Creation time: Sat Feb 28 06:47:17 2026
#  Format:
#  QueryMoleculeId/Cost/SynthesizeId/ReactantId1/ReactantId2/ReactantId3.....
#  Id prefix:
#  Q --- Query Molecule
#  M --- Material
#  R --- Reactant
#
Directory      result/synthesize_HsDHODH/11/DATABASE/
#
Q000000001/9.178818/0000/R000000001
M000000005/1.000000/0000/Sigma_BB-30388047
R000000004/1.111111/0197/M000000005
R000000006/1.000000/0000/Guesstimate
R000000003/2.345679/0003/R000000004/R000000006
R000000007/1.111111/0204/M000000005
R000000008/1.000000/0000/Guesstimate
R000000003/2.345679/0049/R000000007/R000000008
R000000012/1.000000/0000/Guesstimate
R000000013/1.000000/0000/Guesstimate
R000000011/2.222222/0012/R000000012/R000000013
R000000014/1.000000/0000/Guesstimate
R000000015/1.000000/0000/Guesstimate
R000000011/2.222222/0112/R000000014/R000000015
R000000016/1.000000/0000/Guesstimate
R000000010/3.580247/0279/R000000011/R000000016
R000000010/3.580247/0279/R000000011/R000000016
R000000017/1.000000/0000/Guesstimate
R000000009/5.089163/0095/R000000010/R000000017
R000000019/1.000000/0000/Guesstimate
R000000018/5.089163/0095/R000000010/R000000019
R000000009/5.654626/0294/R000000018
R000000002/8.260936/0159/R000000003/R000000009
R000000001/9.178818/0154/R000000002
R000000023/1.000000/0000/Guesstimate
R000000022/3.580247/0279/R000000011/R000000023
R000000022/3.580247/0279/R000000011/R000000023
R000000021/5.089163/0095/R000000022/R000000017
R000000024/5.089163/0095/R000000022/R000000019
R000000021/5.654626/0294/R000000024
R000000020/8.260936/0159/R000000003/R000000021
R000000001/9.178818/0193/R000000020
Q000000002/9.178818/0000/R000000001
Q000000003/Analysis Failed
<NEXT>