#
#  Reaction log file
#  Author: LigBuilder V3 User_Diana
#  Creation time: Sat Feb 28 06:52:38 2026
#  Format:
#  QueryMoleculeId/Cost/SynthesizeId/ReactantId1/ReactantId2/ReactantId3.....
#  Id prefix:
#  Q --- Query Molecule
#  M --- Material
#  R --- Reactant
#
Directory      result/synthesize_HsDHODH/214/DATABASE/
#
Q000000001/4.328778/0000/R000000001
M000000005/1.000000/0000/Sigma_BB-28757047
M000000007/1.000000/0000/Sigma_BB-28769413
R000000006/1.111111/0086/M000000007
R000000006/1.111111/0091/M000000007
R000000004/2.345679/0175/M000000005/R000000006
R000000004/2.345679/0290/M000000005/R000000006
R000000003/2.606310/0074/R000000004
M000000009/1.000000/0000/Sigma_BB-29509005
R000000008/2.345679/0175/M000000009/R000000006
R000000008/2.345679/0290/M000000009/R000000006
R000000003/2.606310/0082/R000000008
R000000002/2.895900/0040/R000000003
M000000012/1.000000/0000/Sigma_BB-28760241
R000000013/1.000000/0000/Guesstimate
R000000011/2.222222/0119/M000000012/R000000013
R000000011/2.222222/0280/M000000012/R000000013
R000000010/3.703704/0175/R000000011/R000000006
R000000015/1.000000/0000/Guesstimate
R000000014/3.580247/0175/R000000011/R000000015
R000000014/3.580247/0290/R000000011/R000000015
R000000010/5.089163/0212/R000000014/M000000007
R000000002/4.115227/0024/R000000010
R000000016/1.000000/0000/Guesstimate
R000000001/4.328778/0003/R000000002/R000000016
M000000020/1.000000/0000/Sigma_BB-152403104
R000000019/1.111111/0085/M000000020
R000000018/1.234568/0197/R000000019
R000000022/9.800000/0000/Guesstimate
R000000021/9.800000/0295/R000000022
R000000018/9.600000/0228/R000000021
R000000017/4.589409/0003/R000000002/R000000018
R000000024/1.111111/0091/M000000012
M000000025/1.000000/0000/Sigma_BB-326697832
R000000024/1.111111/0299/M000000025
R000000023/2.469136/0175/R000000024/R000000006
R000000023/3.217667/0091/R000000002
R000000028/1.000000/0000/Guesstimate
R000000027/2.345679/0212/R000000019/R000000028
R000000027/2.345679/0212/R000000019/R000000028
R000000026/2.606310/0155/R000000027
R000000030/1.000000/0000/Guesstimate
R000000029/2.345679/0301/R000000019/R000000030
R000000029/2.345679/0301/R000000019/R000000030
R000000026/2.606310/0197/R000000029
R000000017/5.639385/0112/R000000023/R000000026
R000000001/5.099344/0028/R000000017
Q000000002/3.978053/0000/R000000031
R000000034/1.000000/0000/Guesstimate
M000000035/1.000000/0000/Sigma_BB-29509312
R000000033/2.222222/0231/R000000034/M000000035
R000000037/1.000000/0000/Guesstimate
R000000036/2.222222/0231/R000000037/M000000035
R000000033/2.469136/0041/R000000036
R000000038/1.000000/0000/Guesstimate
R000000032/3.580247/0175/R000000033/R000000038
R000000041/1.000000/0000/Guesstimate
M000000042/1.000000/0000/Sigma_BB-38197759
R000000040/2.222222/0175/R000000041/M000000042
R000000040/2.222222/0290/R000000041/M000000042
R000000043/1.000000/0000/Guesstimate
R000000039/3.580247/0012/R000000040/R000000043
R000000039/3.580247/0175/R000000036/R000000038
R000000032/3.978053/0041/R000000039
R000000031/3.978053/0082/R000000032
R000000044/3.978053/0082/R000000039
R000000047/1.000000/0000/Guesstimate
R000000046/2.222222/0174/R000000047/M000000042
M000000048/1.000000/0000/Sigma_BB-27733454
R000000046/2.222222/0175/M000000048/R000000038
R000000045/3.580247/0012/R000000046/R000000043
R000000049/2.345679/0175/R000000024/R000000038
R000000049/2.345679/0290/R000000024/R000000038
R000000050/1.000000/0000/Guesstimate
R000000045/3.717421/0112/R000000049/R000000050
R000000044/3.978053/0082/R000000045
R000000031/4.420059/0041/R000000044
Q000000003/2.895900/0000/R000000051
M000000055/1.000000/0000/Sigma_BB-28764950
R000000054/1.111111/0197/M000000055
R000000053/1.234568/0086/R000000054
R000000053/1.234568/0091/R000000054
M000000057/1.000000/0000/Sigma_BB-70737316
R000000056/1.111111/0222/M000000057
M000000059/1.000000/0000/Sigma_BB-70380583
R000000058/1.111111/0222/M000000059
M000000060/1.000000/0000/Sigma_BB-28847164
R000000058/1.111111/0287/M000000060
R000000056/1.234568/0299/R000000058
R000000052/2.606310/0174/R000000053/R000000056
M000000063/1.000000/0000/Sigma_BB-63702910
R000000062/1.111111/0153/M000000063
R000000062/1.111111/0287/M000000057
R000000061/1.234568/0222/R000000062
R000000061/1.234568/0287/R000000056
R000000052/2.743484/0112/R000000053/R000000061
R000000051/2.895900/0028/R000000052
R000000064/2.482853/0112/R000000047/R000000061
R000000065/2.345679/0174/R000000041/R000000056
R000000065/2.482853/0112/R000000041/R000000061
R000000064/2.606310/0147/R000000065
R000000051/3.869837/0012/R000000064/R000000043
<NEXT>