#
#  Reaction log file
#  Author: LigBuilder V3 User_Diana
#  Creation time: Sat Feb 28 06:47:40 2026
#  Format:
#  QueryMoleculeId/Cost/SynthesizeId/ReactantId1/ReactantId2/ReactantId3.....
#  Id prefix:
#  Q --- Query Molecule
#  M --- Material
#  R --- Reactant
#
Directory      result/synthesize_HsDHODH/44/DATABASE/
#
Q000000001/2.635269/0000/R000000001
M000000002/1.000000/0000/Sigma_BB-27325035
R000000006/1.000000/0000/Guesstimate
R000000005/1.111111/0247/R000000006
R000000004/1.234568/0249/R000000005
R000000007/1.000000/0000/Guesstimate
R000000004/2.345679/0018/R000000007/R000000005
R000000003/1.371742/0295/R000000004
R000000003/1.371742/0295/R000000004
R000000001/2.635269/0018/M000000002/R000000003
M000000010/1.000000/0000/Sigma_BB-27122906
R000000009/1.111111/0104/M000000010
R000000009/1.111111/0104/M000000010
R000000008/2.758726/0018/R000000009/R000000003
M000000013/1.000000/0000/Sigma_BB-28793005
R000000012/1.111111/0104/M000000013
R000000012/1.111111/0104/M000000013
R000000011/1.234568/0024/R000000012
R000000011/1.234568/0040/R000000009
R000000015/1.000000/0000/Guesstimate
R000000014/2.635269/0018/R000000003/R000000015
R000000017/1.000000/0000/Guesstimate
R000000016/2.635269/0018/R000000003/R000000017
R000000014/2.928077/0024/R000000016
R000000008/4.299819/0212/R000000011/R000000014
R000000001/3.065251/0160/R000000008
Q000000002/2.635269/0000/R000000001
Q000000003/2.635269/0000/R000000001
<NEXT>