#
#  Reaction log file
#  Author: LigBuilder V3 User_Diana
#  Creation time: Sat Feb 28 06:53:13 2026
#  Format:
#  QueryMoleculeId/Cost/SynthesizeId/ReactantId1/ReactantId2/ReactantId3.....
#  Id prefix:
#  Q --- Query Molecule
#  M --- Material
#  R --- Reactant
#
Directory      result/synthesize_HsDHODH/236/DATABASE/
#
Q000000001/Analysis Failed
Q000000002/4.007011/0000/R000000001
R000000004/1.000000/0000/Guesstimate
M000000006/1.000000/0000/Sigma_BB-63702910
R000000005/1.111111/0091/M000000006
M000000007/1.000000/0000/Sigma_BB-70792464
R000000005/1.111111/0299/M000000007
R000000003/2.345679/0112/R000000004/R000000005
R000000009/1.000000/0000/Guesstimate
R000000008/2.222222/0112/R000000004/R000000009
R000000008/2.222222/0112/R000000004/R000000009
R000000011/1.000000/0000/Guesstimate
R000000012/1.000000/0000/Guesstimate
R000000010/2.222222/0279/R000000011/R000000012
R000000010/2.222222/0279/R000000011/R000000012
R000000003/4.938272/0159/R000000008/R000000010
R000000002/2.606310/0079/R000000003
R000000015/1.000000/0000/Guesstimate
M000000016/1.000000/0000/Sigma_BB-28666772
R000000014/2.222222/0174/R000000015/M000000016
R000000014/2.222222/0289/R000000015/M000000016
R000000013/2.469136/0079/R000000014
R000000018/1.000000/0000/Guesstimate
R000000017/2.222222/0174/R000000018/M000000016
R000000017/2.222222/0289/R000000018/M000000016
R000000013/2.469136/0082/R000000017
R000000002/2.743484/0041/R000000013
R000000019/1.000000/0000/Guesstimate
R000000001/4.007011/0069/R000000002/R000000019
R000000021/1.000000/0000/Guesstimate
M000000024/1.000000/0000/Sigma_BB-28465307
R000000023/1.111111/0125/M000000024
R000000025/1.000000/0000/Guesstimate
R000000023/2.222222/0112/M000000024/R000000025
R000000022/2.345679/0069/R000000023/R000000019
R000000026/1.111111/0153/M000000006
M000000027/1.000000/0000/Sigma_BB-70737316
R000000026/1.111111/0287/M000000027
R000000028/1.000000/0000/Guesstimate
R000000022/2.345679/0231/R000000026/R000000028
R000000020/3.717421/0112/R000000021/R000000022
R000000020/3.854596/0069/R000000013/R000000019
R000000001/4.130468/0041/R000000020
Q000000003/Analysis Failed
<NEXT>