#
#  Reaction log file
#  Author: LigBuilder V3 User_Diana
#  Creation time: Sat Feb 28 06:50:38 2026
#  Format:
#  QueryMoleculeId/Cost/SynthesizeId/ReactantId1/ReactantId2/ReactantId3.....
#  Id prefix:
#  Q --- Query Molecule
#  M --- Material
#  R --- Reactant
#
Directory      result/synthesize_HsDHODH/151/DATABASE/
#
Q000000001/4.420059/0000/R000000001
M000000004/1.000000/0000/Sigma_BB-28483996
R000000003/1.111111/0114/M000000004
M000000006/1.000000/0000/Sigma_BB-185118388
R000000005/1.111111/0041/M000000006
R000000005/1.111111/0233/M000000006
R000000003/1.234568/0155/R000000005
M000000009/1.000000/0000/Sigma_BB-137031659
R000000010/1.000000/0000/Guesstimate
R000000008/2.222222/0003/M000000009/R000000010
R000000012/1.000000/0000/Guesstimate
M000000013/1.000000/0000/Sigma_BB-27937670
R000000011/2.222222/0004/R000000012/M000000013
R000000014/1.000000/0000/Guesstimate
R000000008/3.580247/0049/R000000011/R000000014
R000000007/2.469136/0059/R000000008
R000000016/2.469136/0153/R000000011
R000000017/2.469136/0086/R000000011
R000000017/2.469136/0091/R000000011
R000000016/2.743484/0154/R000000017
R000000018/1.000000/0000/Guesstimate
R000000015/3.854596/0301/R000000016/R000000018
R000000015/3.854596/0301/R000000016/R000000018
R000000007/4.282884/0039/R000000015
R000000002/3.978053/0170/R000000003/R000000007
R000000019/1.111111/0059/M000000006
M000000021/1.000000/0000/Sigma_BB-244497394
R000000020/1.111111/0092/M000000021
M000000022/1.000000/0000/Sigma_BB-30410426
R000000023/1.000000/0000/Guesstimate
R000000020/2.222222/0004/M000000022/R000000023
R000000019/1.234568/0153/R000000020
R000000025/2.743484/0092/R000000017
R000000026/2.469136/0197/R000000011
R000000027/8.300000/0000/Guesstimate
R000000026/9.222222/0155/R000000027
R000000025/3.854596/0004/R000000026/R000000023
R000000028/1.000000/0000/Guesstimate
R000000024/4.159427/0119/R000000025/R000000028
R000000029/3.854596/0301/R000000026/R000000018
R000000029/3.854596/0301/R000000026/R000000018
R000000024/4.282884/0039/R000000029
R000000002/5.856154/0170/R000000019/R000000024
R000000001/4.420059/0024/R000000002
R000000030/3.978053/0170/R000000019/R000000026
R000000030/3.978053/0170/R000000003/R000000016
R000000001/5.531170/0004/R000000030/R000000023
Q000000002/5.531170/0000/R000000031
R000000035/1.000000/0000/Guesstimate
R000000036/1.000000/0000/Guesstimate
R000000034/2.222222/0279/R000000035/R000000036
R000000034/2.222222/0279/R000000035/R000000036
R000000037/1.000000/0000/Guesstimate
R000000033/3.580247/0159/R000000034/R000000037
R000000039/1.000000/0000/Guesstimate
R000000040/1.000000/0000/Guesstimate
R000000038/2.222222/0279/R000000039/R000000040
R000000038/2.222222/0279/R000000039/R000000040
R000000033/3.580247/0159/R000000023/R000000038
R000000032/3.978053/0153/R000000033
R000000043/1.000000/0000/Guesstimate
R000000042/2.222222/0279/R000000043/R000000036
R000000042/2.222222/0279/R000000043/R000000036
R000000041/3.580247/0159/R000000042/R000000037
R000000045/1.000000/0000/Guesstimate
R000000044/2.222222/0279/R000000045/R000000040
R000000044/2.222222/0279/R000000045/R000000040
R000000041/3.580247/0159/R000000023/R000000044
R000000032/3.978053/0154/R000000041
R000000046/1.000000/0000/Guesstimate
R000000031/5.531170/0231/R000000032/R000000046
R000000048/1.000000/0000/Guesstimate
R000000047/5.531170/0231/R000000032/R000000048
R000000050/1.000000/0000/Guesstimate
R000000049/5.531170/0231/R000000032/R000000050
R000000052/1.000000/0000/Guesstimate
R000000051/5.531170/0231/R000000032/R000000052
R000000049/6.145744/0040/R000000051
R000000047/6.145744/0197/R000000049
R000000031/6.145744/0239/R000000047
Q000000003/Analysis Failed
<NEXT>