#
#  Reaction log file
#  Author: LigBuilder V3 User_Diana
#  Creation time: Sat Feb 28 06:53:05 2026
#  Format:
#  QueryMoleculeId/Cost/SynthesizeId/ReactantId1/ReactantId2/ReactantId3.....
#  Id prefix:
#  Q --- Query Molecule
#  M --- Material
#  R --- Reactant
#
Directory      result/synthesize_HsDHODH/225/DATABASE/
#
Q000000001/3.869837/0000/R000000001
M000000005/1.000000/0000/Sigma_BB-326605264
R000000004/1.111111/0299/M000000005
R000000003/1.234568/0287/R000000004
R000000006/1.111111/0287/M000000005
M000000007/1.000000/0000/Sigma_BB-326605261
R000000006/1.111111/0287/M000000007
R000000003/1.234568/0299/R000000006
R000000008/1.000000/0000/Guesstimate
R000000002/2.482853/0175/R000000003/R000000008
R000000009/2.345679/0175/R000000004/R000000008
R000000009/2.345679/0290/R000000004/R000000008
R000000002/2.606310/0287/R000000009
R000000010/1.000000/0000/Guesstimate
R000000001/3.869837/0003/R000000002/R000000010
R000000014/1.000000/0000/Guesstimate
R000000013/1.111111/0040/R000000014
R000000015/1.000000/0000/Guesstimate
R000000016/1.000000/0000/Guesstimate
R000000013/2.222222/0004/R000000015/R000000016
M000000018/1.000000/0000/Sigma_BB-28764950
R000000017/1.111111/0197/M000000018
R000000012/2.469136/0212/R000000013/R000000017
R000000012/2.469136/0212/R000000013/R000000017
M000000021/1.000000/0000/Sigma_BB-379296281
R000000020/1.111111/0153/M000000021
M000000022/1.000000/0000/Sigma_BB-326605273
R000000020/1.111111/0197/M000000022
R000000019/2.345679/0175/R000000020/R000000008
R000000024/1.000000/0000/Guesstimate
R000000023/2.345679/0224/R000000020/R000000024
R000000019/2.606310/0191/R000000023
R000000011/5.349795/0174/R000000012/R000000019
R000000011/5.349795/0289/R000000012/R000000019
R000000001/5.944217/0028/R000000011
Q000000002/3.869837/0000/R000000025
R000000026/1.000000/0000/Guesstimate
R000000025/3.869837/0119/R000000002/R000000026
R000000030/1.000000/0000/Guesstimate
R000000029/1.111111/0040/R000000030
R000000028/1.234568/0091/R000000029
R000000032/1.000000/0000/Guesstimate
R000000033/1.000000/0000/Guesstimate
R000000031/2.222222/0112/R000000032/R000000033
R000000028/2.469136/0197/R000000031
R000000027/3.978052/0174/R000000028/R000000019
R000000035/1.234568/0287/R000000020
R000000035/1.234568/0287/R000000020
R000000034/2.482853/0175/R000000035/R000000008
R000000037/1.000000/0000/Guesstimate
R000000036/2.482853/0175/R000000035/R000000037
R000000036/2.482853/0290/R000000035/R000000037
R000000034/2.758726/0188/R000000036
R000000027/4.130468/0112/R000000028/R000000034
R000000025/4.420058/0039/R000000027
Q000000003/3.869837/0000/R000000001
<NEXT>