#
#  Reaction log file
#  Author: LigBuilder V3 User_Diana
#  Creation time: Sat Feb 28 06:53:19 2026
#  Format:
#  QueryMoleculeId/Cost/SynthesizeId/ReactantId1/ReactantId2/ReactantId3.....
#  Id prefix:
#  Q --- Query Molecule
#  M --- Material
#  R --- Reactant
#
Directory      result/synthesize_HsDHODH/234/DATABASE/
#
Q000000001/Analysis Failed
Q000000002/Analysis Failed
Q000000003/1.524158/0000/R000000001
M000000005/1.000000/0000/Sigma_BB-30170865
R000000004/1.111111/0287/M000000005
R000000003/1.234568/0299/R000000004
R000000006/8.700000/0000/Guesstimate
R000000003/9.666667/0299/R000000006
R000000002/1.371742/0074/R000000003
R000000009/1.000000/0000/Guesstimate
R000000008/2.482853/0175/R000000009/R000000003
R000000008/2.482853/0290/R000000009/R000000003
R000000007/2.758726/0139/R000000008
R000000007/2.758726/0295/R000000008
R000000002/3.065251/0082/R000000007
R000000001/1.524158/0040/R000000002
R000000013/1.000000/0000/Guesstimate
R000000014/1.000000/0000/Guesstimate
R000000012/2.222222/0174/R000000013/R000000014
R000000012/2.222222/0289/R000000013/R000000014
R000000011/2.469136/0197/R000000012
R000000015/7.400000/0000/Guesstimate
R000000011/8.222222/0091/R000000015
M000000018/1.000000/0000/Sigma_BB-183932597
R000000017/1.111111/0299/M000000018
R000000016/1.234568/0299/R000000017
R000000016/9.111111/0287/R000000003
R000000010/4.115227/0112/R000000011/R000000016
R000000010/4.115227/0174/R000000011/R000000003
R000000001/4.572474/0025/R000000010
<NEXT>