#
#  Reaction log file
#  Author: LigBuilder V3 User_Diana
#  Creation time: Sat Feb 28 06:53:11 2026
#  Format:
#  QueryMoleculeId/Cost/SynthesizeId/ReactantId1/ReactantId2/ReactantId3.....
#  Id prefix:
#  Q --- Query Molecule
#  M --- Material
#  R --- Reactant
#
Directory      result/synthesize_HsDHODH/238/DATABASE/
#
Q000000001/2.606310/0000/R000000001
M000000004/1.000000/0000/Sigma_BB-387772100
R000000003/1.111111/0197/M000000004
R000000006/6.600000/0000/Guesstimate
R000000005/7.333333/0139/R000000006
R000000007/8.000000/0000/Guesstimate
R000000005/8.888889/0150/R000000007
R000000008/1.000000/0000/Guesstimate
R000000003/8.222222/0279/R000000005/R000000008
M000000009/1.000000/0000/Sigma_BB-300623859
R000000002/2.345679/0231/R000000003/M000000009
R000000010/2.222222/0231/R000000008/M000000009
R000000012/1.000000/0000/Guesstimate
R000000011/2.222222/0231/R000000012/M000000009
R000000010/2.469136/0197/R000000011
R000000002/9.580248/0279/R000000005/R000000010
R000000001/2.606310/0294/R000000002
R000000001/2.606310/0294/R000000002
Q000000002/2.606310/0000/R000000001
Q000000003/3.869837/0000/R000000013
M000000017/1.000000/0000/Sigma_BB-30417891
R000000016/1.111111/0287/M000000017
R000000015/1.234568/0299/R000000016
R000000018/1.000000/0000/Guesstimate
R000000014/2.482853/0175/R000000015/R000000018
R000000014/2.482853/0290/R000000015/R000000018
R000000013/3.869837/0003/R000000014/R000000018
R000000021/1.000000/0000/Guesstimate
R000000022/2.758726/0153/R000000014
R000000020/4.176363/0231/R000000021/R000000022
R000000019/4.640403/0082/R000000020
R000000024/1.000000/0000/Guesstimate
R000000025/2.758726/0197/R000000014
R000000023/4.176363/0112/R000000024/R000000025
R000000019/4.640403/0082/R000000023
R000000026/1.000000/0000/Guesstimate
R000000013/6.267114/0049/R000000019/R000000026
<NEXT>