#
#  Reaction log file
#  Author: LigBuilder V3 User_Diana
#  Creation time: Sat Feb 28 06:50:11 2026
#  Format:
#  QueryMoleculeId/Cost/SynthesizeId/ReactantId1/ReactantId2/ReactantId3.....
#  Id prefix:
#  Q --- Query Molecule
#  M --- Material
#  R --- Reactant
#
Directory      result/synthesize_HsDHODH/141/DATABASE/
#
Q000000001/Analysis Failed
Q000000002/Analysis Failed
Q000000003/Analysis Failed
Q000000004/4.420059/0000/R000000001
M000000005/1.000000/0000/Sigma_BB-28778979
R000000004/1.111111/0086/M000000005
R000000006/1.000000/0000/Guesstimate
R000000007/1.000000/0000/Guesstimate
R000000004/2.222222/0004/R000000006/R000000007
M000000009/1.000000/0000/Sigma_BB-28764950
R000000008/1.111111/0197/M000000009
R000000003/2.469136/0212/R000000004/R000000008
R000000003/2.469136/0212/R000000004/R000000008
M000000011/1.000000/0000/Sigma_BB-70737316
R000000010/1.111111/0222/M000000011
M000000013/1.000000/0000/Sigma_BB-70380583
R000000012/1.111111/0222/M000000013
M000000014/1.000000/0000/Sigma_BB-28847164
R000000012/1.111111/0287/M000000014
R000000010/1.234568/0299/R000000012
R000000002/3.978053/0174/R000000003/R000000010
M000000017/1.000000/0000/Sigma_BB-63702910
R000000016/1.111111/0153/M000000017
R000000016/1.111111/0287/M000000011
R000000015/1.234568/0222/R000000016
R000000015/1.234568/0287/R000000010
R000000002/4.115227/0112/R000000003/R000000015
R000000001/4.420059/0028/R000000002
R000000021/1.000000/0000/Guesstimate
M000000022/1.000000/0000/Sigma_BB-28830366
R000000020/2.222222/0004/R000000021/M000000022
R000000020/2.222222/0277/R000000021/M000000022
R000000019/2.469136/0197/R000000020
R000000023/1.111111/0085/M000000022
R000000019/2.469136/0212/R000000004/R000000023
R000000018/3.978053/0174/R000000019/R000000010
R000000018/4.115227/0112/R000000019/R000000015
R000000001/4.420059/0028/R000000018
<NEXT>