#
#  Reaction log file
#  Author: LigBuilder V3 User_Diana
#  Creation time: Sat Feb 28 06:53:30 2026
#  Format:
#  QueryMoleculeId/Cost/SynthesizeId/ReactantId1/ReactantId2/ReactantId3.....
#  Id prefix:
#  Q --- Query Molecule
#  M --- Material
#  R --- Reactant
#
Directory      result/synthesize_HsDHODH/241/DATABASE/
#
Q000000001/Analysis Failed
Q000000002/1.234568/0000/R000000001
M000000003/1.000000/0000/Sigma_BB-316190979
R000000002/1.111111/0287/M000000003
M000000004/1.000000/0000/Sigma_BB-326591729
R000000002/1.111111/0299/M000000004
R000000001/1.234568/0239/R000000002
R000000005/1.111111/0239/M000000004
M000000007/1.000000/0000/Sigma_BB-316191000
R000000006/1.111111/0239/M000000007
M000000008/1.000000/0000/Sigma_BB-34690513
R000000006/1.111111/0302/M000000008
R000000005/1.234568/0287/R000000006
R000000001/1.234568/0299/R000000005
Q000000003/1.234568/0000/R000000001
<NEXT>