#
#  Reaction log file
#  Author: LigBuilder V3 User_Diana
#  Creation time: Sat Feb 28 06:50:15 2026
#  Format:
#  QueryMoleculeId/Cost/SynthesizeId/ReactantId1/ReactantId2/ReactantId3.....
#  Id prefix:
#  Q --- Query Molecule
#  M --- Material
#  R --- Reactant
#
Directory      result/synthesize_HsDHODH/137/DATABASE/
#
Q000000001/Analysis Failed
Q000000002/7.620790/0000/R000000001
R000000005/1.000000/0000/Guesstimate
R000000006/1.000000/0000/Guesstimate
R000000004/2.222222/0279/R000000005/R000000006
R000000004/2.222222/0279/R000000005/R000000006
R000000008/1.000000/0000/Guesstimate
R000000007/1.111111/0118/R000000008
R000000009/1.000000/0000/Guesstimate
R000000007/2.222222/0112/R000000008/R000000009
R000000003/3.703704/0159/R000000004/R000000007
R000000002/4.115227/0079/R000000003
R000000010/1.000000/0000/Guesstimate
R000000002/5.226338/0112/R000000003/R000000010
R000000014/1.000000/0000/Guesstimate
R000000015/1.000000/0000/Guesstimate
R000000013/2.222222/0256/R000000014/R000000015
R000000012/2.469136/0219/R000000013
R000000012/2.469136/0219/R000000013
R000000011/2.743484/0082/R000000012
R000000018/1.000000/0000/Guesstimate
R000000019/1.000000/0000/Guesstimate
R000000017/2.222222/0277/R000000018/R000000019
R000000020/8.500000/0000/Guesstimate
R000000017/9.500000/0301/R000000018/R000000020
R000000016/2.469136/0257/R000000017
R000000022/1.000000/0000/Guesstimate
R000000021/2.222222/0277/R000000022/R000000019
R000000021/9.500000/0301/R000000022/R000000020
R000000016/2.469136/0260/R000000021
R000000011/2.743484/0099/R000000016
R000000001/7.620790/0018/R000000002/R000000011
R000000023/7.315959/0018/R000000002/R000000012
R000000001/8.128843/0082/R000000023
Q000000003/7.620790/0000/R000000001
<NEXT>