#
#  Reaction log file
#  Author: LigBuilder V3 User_Diana
#  Creation time: Sat Feb 28 06:53:21 2026
#  Format:
#  QueryMoleculeId/Cost/SynthesizeId/ReactantId1/ReactantId2/ReactantId3.....
#  Id prefix:
#  Q --- Query Molecule
#  M --- Material
#  R --- Reactant
#
Directory      result/synthesize_HsDHODH/237/DATABASE/
#
Q000000001/Analysis Failed
Q000000002/4.420059/0000/R000000001
M000000004/1.000000/0000/Sigma_BB-117837595
R000000003/1.111111/0222/M000000004
M000000006/1.000000/0000/Sigma_BB-28760185
R000000005/1.111111/0222/M000000006
R000000003/1.234568/0197/R000000005
R000000009/1.000000/0000/Guesstimate
R000000010/1.000000/0000/Guesstimate
R000000008/2.222222/0112/R000000009/R000000010
R000000007/2.469136/0197/R000000008
R000000012/1.000000/0000/Guesstimate
R000000011/2.222222/0301/R000000012/R000000010
R000000011/2.222222/0301/R000000012/R000000010
R000000007/2.469136/0260/R000000011
R000000002/3.978053/0174/R000000003/R000000007
M000000015/1.000000/0000/Sigma_BB-161790948
R000000014/1.111111/0153/M000000015
M000000016/1.000000/0000/Sigma_BB-29038349
R000000014/1.111111/0287/M000000016
R000000013/1.234568/0222/R000000014
R000000017/1.111111/0222/M000000016
M000000018/1.000000/0000/Sigma_BB-28246511
R000000017/1.111111/0287/M000000018
R000000013/1.234568/0287/R000000017
R000000002/4.115227/0112/R000000013/R000000007
R000000001/4.420059/0147/R000000002
R000000022/1.000000/0000/Guesstimate
R000000023/1.000000/0000/Guesstimate
R000000021/2.222222/0112/R000000022/R000000023
R000000024/1.000000/0000/Guesstimate
R000000020/3.580247/0225/R000000021/R000000024
R000000025/3.333333/0225/R000000022/R000000023/R000000024
R000000025/3.333333/0225/R000000022/R000000023/R000000024
R000000020/3.703704/0112/R000000025
R000000027/1.000000/0000/Guesstimate
R000000026/2.222222/0004/R000000027/R000000010
R000000029/1.000000/0000/Guesstimate
R000000028/2.222222/0277/R000000029/R000000010
R000000030/1.000000/0000/Guesstimate
R000000028/2.222222/0301/R000000030/R000000010
R000000026/2.469136/0024/R000000028
R000000019/6.447188/0212/R000000020/R000000026
R000000019/6.447188/0212/R000000020/R000000026
R000000001/7.163543/0161/R000000019
Q000000003/2.606310/0000/R000000031
M000000034/1.000000/0000/Sigma_BB-387772100
R000000033/1.111111/0197/M000000034
R000000036/6.600000/0000/Guesstimate
R000000035/7.333333/0139/R000000036
R000000037/8.000000/0000/Guesstimate
R000000035/8.888889/0150/R000000037
R000000038/1.000000/0000/Guesstimate
R000000033/8.222222/0279/R000000035/R000000038
M000000039/1.000000/0000/Sigma_BB-300623859
R000000032/2.345679/0231/R000000033/M000000039
R000000040/2.222222/0231/R000000038/M000000039
R000000042/1.000000/0000/Guesstimate
R000000041/2.222222/0231/R000000042/M000000039
R000000040/2.469136/0197/R000000041
R000000032/9.580248/0279/R000000035/R000000040
R000000031/2.606310/0294/R000000032
R000000031/2.606310/0294/R000000032
Q000000004/2.606310/0000/R000000031
<NEXT>