#
#  Reaction log file
#  Author: LigBuilder V3 User_Diana
#  Creation time: Sat Feb 28 06:52:09 2026
#  Format:
#  QueryMoleculeId/Cost/SynthesizeId/ReactantId1/ReactantId2/ReactantId3.....
#  Id prefix:
#  Q --- Query Molecule
#  M --- Material
#  R --- Reactant
#
Directory      result/synthesize_HsDHODH/190/DATABASE/
#
Q000000001/3.717421/0000/R000000001
R000000002/1.000000/0000/Guesstimate
M000000005/1.000000/0000/Sigma_BB-63702910
R000000004/1.111111/0153/M000000005
R000000006/1.111111/0091/M000000005
M000000007/1.000000/0000/Sigma_BB-70792464
R000000006/1.111111/0299/M000000007
R000000004/1.234568/0154/R000000006
R000000008/1.000000/0000/Guesstimate
R000000003/2.345679/0231/R000000004/R000000008
M000000010/1.000000/0000/Sigma_BB-70737316
R000000009/2.222222/0231/M000000010/R000000008
M000000012/1.000000/0000/Sigma_BB-70380583
R000000011/2.222222/0231/M000000012/R000000008
R000000009/2.469136/0299/R000000011
R000000003/2.469136/0287/R000000009
R000000001/3.717421/0112/R000000002/R000000003
R000000016/1.000000/0000/Guesstimate
R000000015/2.222222/0174/R000000016/M000000010
R000000015/2.222222/0289/R000000016/M000000010
R000000014/2.469136/0197/R000000015
R000000017/9.900000/0000/Guesstimate
R000000014/9.900000/0260/R000000017
R000000013/3.854596/0231/R000000014/R000000008
R000000018/1.000000/0000/Guesstimate
R000000001/5.393995/0112/R000000013/R000000018
Q000000002/Analysis Failed
Q000000003/Analysis Failed
<NEXT>