#
#  Reaction log file
#  Author: LigBuilder V3 User_Diana
#  Creation time: Sat Feb 28 06:51:56 2026
#  Format:
#  QueryMoleculeId/Cost/SynthesizeId/ReactantId1/ReactantId2/ReactantId3.....
#  Id prefix:
#  Q --- Query Molecule
#  M --- Material
#  R --- Reactant
#
Directory      result/synthesize_HsDHODH/188/DATABASE/
#
Q000000001/3.978053/0000/R000000001
R000000004/1.000000/0000/Guesstimate
M000000005/1.000000/0000/Sigma_BB-29509312
R000000003/2.222222/0231/R000000004/M000000005
R000000007/1.000000/0000/Guesstimate
R000000006/2.222222/0231/R000000007/M000000005
R000000003/2.469136/0041/R000000006
R000000008/1.000000/0000/Guesstimate
R000000002/3.580247/0175/R000000003/R000000008
R000000009/3.580247/0175/R000000006/R000000008
R000000010/2.222222/0175/M000000005/R000000008
R000000010/2.222222/0290/M000000005/R000000008
R000000009/3.580247/0231/R000000007/R000000010
R000000002/3.978053/0041/R000000009
R000000001/3.978053/0082/R000000002
R000000011/3.978053/0082/R000000009
M000000014/1.000000/0000/Sigma_BB-27733454
R000000013/2.222222/0175/M000000014/R000000008
R000000013/2.222222/0290/M000000014/R000000008
R000000015/1.000000/0000/Guesstimate
R000000012/3.580247/0012/R000000013/R000000015
R000000016/1.000000/0000/Guesstimate
M000000018/1.000000/0000/Sigma_BB-28945063
R000000017/2.222222/0175/M000000018/R000000008
R000000017/2.222222/0290/M000000018/R000000008
R000000012/3.580247/0112/R000000016/R000000017
R000000011/3.978053/0082/R000000012
R000000001/4.420059/0041/R000000011
Q000000002/4.267643/0000/R000000019
M000000023/1.000000/0000/Sigma_BB-28764950
R000000022/1.111111/0197/M000000023
R000000021/1.234568/0086/R000000022
R000000021/1.234568/0091/R000000022
M000000025/1.000000/0000/Sigma_BB-70737316
R000000026/1.000000/0000/Guesstimate
R000000024/2.222222/0231/M000000025/R000000026
M000000028/1.000000/0000/Sigma_BB-70380583
R000000027/2.222222/0231/M000000028/R000000026
R000000024/2.469136/0299/R000000027
R000000020/3.840878/0174/R000000021/R000000024
M000000031/1.000000/0000/Sigma_BB-63702910
R000000030/1.111111/0153/M000000031
R000000030/1.111111/0287/M000000025
R000000029/2.345679/0231/R000000030/R000000026
R000000029/2.469136/0287/R000000024
R000000020/3.978052/0112/R000000021/R000000029
R000000019/4.267643/0028/R000000020
R000000033/1.000000/0000/Guesstimate
R000000032/3.580247/0174/R000000033/R000000024
R000000032/3.717421/0112/R000000033/R000000029
R000000019/5.089163/0012/R000000032/R000000015
Q000000003/4.267643/0000/R000000019
<NEXT>