#
#  Reaction log file
#  Author: LigBuilder V3 User_Diana
#  Creation time: Sat Feb 28 06:53:07 2026
#  Format:
#  QueryMoleculeId/Cost/SynthesizeId/ReactantId1/ReactantId2/ReactantId3.....
#  Id prefix:
#  Q --- Query Molecule
#  M --- Material
#  R --- Reactant
#
Directory      result/synthesize_HsDHODH/229/DATABASE/
#
Q000000001/2.895900/0000/R000000001
R000000005/1.000000/0000/Guesstimate
R000000004/1.111111/0198/R000000005
R000000006/1.000000/0000/Guesstimate
R000000007/1.000000/0000/Guesstimate
R000000008/1.000000/0000/Guesstimate
R000000004/3.333333/0261/R000000006/R000000007/R000000008
R000000003/1.234568/0024/R000000004
R000000009/1.000000/0000/Guesstimate
R000000010/1.000000/0000/Guesstimate
R000000003/2.222222/0004/R000000009/R000000010
R000000002/1.371742/0086/R000000003
R000000002/1.371742/0091/R000000003
M000000013/1.000000/0000/Sigma_BB-63702910
R000000012/1.111111/0153/M000000013
R000000014/1.111111/0091/M000000013
M000000015/1.000000/0000/Sigma_BB-70792464
R000000014/1.111111/0299/M000000015
R000000012/1.234568/0154/R000000014
R000000011/1.234568/0222/R000000012
M000000017/1.000000/0000/Sigma_BB-70737316
R000000016/1.111111/0222/M000000017
M000000019/1.000000/0000/Sigma_BB-70380583
R000000018/1.111111/0222/M000000019
M000000020/1.000000/0000/Sigma_BB-28847164
R000000018/1.111111/0287/M000000020
R000000016/1.234568/0299/R000000018
R000000011/1.234568/0287/R000000016
R000000001/2.895900/0112/R000000002/R000000011
R000000023/1.371742/0104/R000000011
R000000023/1.371742/0104/R000000011
R000000022/1.524158/0257/R000000023
R000000025/1.000000/0000/Guesstimate
R000000026/1.000000/0000/Guesstimate
R000000024/2.222222/0285/R000000025/R000000026
R000000022/2.469136/0285/R000000024
R000000021/3.217667/0112/R000000002/R000000022
R000000028/1.000000/0000/Guesstimate
R000000029/1.000000/0000/Guesstimate
R000000027/2.222222/0004/R000000028/R000000029
R000000031/1.000000/0000/Guesstimate
R000000030/2.222222/0277/R000000031/R000000029
R000000032/1.000000/0000/Guesstimate
R000000030/2.222222/0301/R000000032/R000000029
R000000027/2.469136/0024/R000000030
R000000035/1.000000/0000/Guesstimate
R000000034/2.222222/0285/R000000035/R000000026
R000000033/2.469136/0285/R000000034
R000000036/2.222222/0285/R000000035/R000000026
R000000033/2.469136/0285/R000000036
R000000021/5.212621/0049/R000000027/R000000033
R000000001/3.575186/0161/R000000021
Q000000002/4.777577/0000/R000000037
R000000041/1.000000/0000/Guesstimate
R000000040/2.482853/0003/R000000011/R000000041
R000000042/1.000000/0000/Guesstimate
R000000039/3.869837/0012/R000000040/R000000042
R000000039/3.869837/0285/R000000040/R000000042
R000000038/4.299819/0233/R000000039
R000000038/4.299819/0258/R000000039
R000000037/4.777577/0082/R000000038
R000000046/1.000000/0000/Guesstimate
R000000045/2.804620/0301/R000000046/R000000022
R000000045/2.804620/0301/R000000046/R000000022
R000000044/3.116245/0260/R000000045
R000000043/3.462494/0161/R000000044
R000000043/3.462494/0161/R000000044
R000000047/1.000000/0000/Guesstimate
R000000037/4.958327/0112/R000000043/R000000047
Q000000003/4.958327/0000/R000000048
R000000049/1.000000/0000/Guesstimate
R000000048/4.958327/0112/R000000043/R000000049
R000000051/1.000000/0000/Guesstimate
R000000052/3.847216/0154/R000000043
R000000053/4.958327/0275/R000000043/R000000007
R000000052/5.509252/0153/R000000053
R000000050/5.385795/0231/R000000051/R000000052
R000000055/1.000000/0000/Guesstimate
R000000054/5.385795/0231/R000000055/R000000052
R000000057/1.000000/0000/Guesstimate
R000000056/5.385795/0231/R000000057/R000000052
R000000054/5.984217/0155/R000000056
R000000058/1.000000/0000/Guesstimate
R000000050/7.095328/0274/R000000054/R000000058
R000000048/5.984217/0082/R000000050
<NEXT>