#
#  Reaction log file
#  Author: LigBuilder V3 User_Diana
#  Creation time: Sat Feb 28 06:54:24 2026
#  Format:
#  QueryMoleculeId/Cost/SynthesizeId/ReactantId1/ReactantId2/ReactantId3.....
#  Id prefix:
#  Q --- Query Molecule
#  M --- Material
#  R --- Reactant
#
Directory      result/synthesize_HsDHODH/261/DATABASE/
#
Q000000001/4.115227/0000/R000000001
M000000004/1.000000/0000/Sigma_BB-316191000
R000000005/1.000000/0000/Guesstimate
R000000003/2.222222/0175/M000000004/R000000005
M000000007/1.000000/0000/Sigma_BB-326591729
R000000006/2.222222/0112/M000000007/R000000005
R000000006/2.222222/0174/M000000004/R000000005
R000000003/2.469136/0147/R000000006
M000000009/1.000000/0000/Sigma_BB-29596179
R000000008/1.111111/0024/M000000009
R000000010/1.000000/0000/Guesstimate
R000000011/1.000000/0000/Guesstimate
R000000008/2.222222/0004/R000000010/R000000011
R000000002/3.703704/0003/R000000003/R000000008
R000000012/3.580247/0004/R000000003/R000000010
R000000014/1.000000/0000/Guesstimate
R000000013/3.580247/0003/R000000003/R000000014
M000000016/1.000000/0000/Sigma_BB-326591350
R000000015/2.222222/0175/M000000016/R000000005
R000000015/2.222222/0290/M000000016/R000000005
R000000017/1.000000/0000/Guesstimate
R000000013/3.580247/0049/R000000015/R000000017
R000000012/3.978053/0040/R000000013
R000000002/5.089163/0003/R000000012/R000000011
R000000001/4.115227/0099/R000000002
M000000021/1.000000/0000/Sigma_BB-326591505
R000000020/1.111111/0091/M000000021
R000000019/2.345679/0175/R000000020/R000000005
R000000022/2.469136/0040/R000000015
R000000023/2.222222/0174/M000000021/R000000005
R000000023/2.222222/0289/M000000021/R000000005
R000000022/2.469136/0147/R000000023
R000000019/2.743484/0091/R000000022
M000000025/1.000000/0000/Sigma_BB-29925614
R000000024/1.111111/0155/M000000025
R000000027/1.000000/0000/Guesstimate
R000000026/2.222222/0112/R000000027/R000000011
M000000028/1.000000/0000/Sigma_BB-28777622
R000000029/1.000000/0000/Guesstimate
R000000026/2.222222/0280/M000000028/R000000029
R000000024/2.469136/0147/R000000026
R000000018/3.840878/0112/R000000019/R000000024
R000000030/1.000000/0000/Guesstimate
R000000018/3.854596/0003/R000000022/R000000030
R000000001/4.267642/0099/R000000018
Q000000002/4.115227/0000/R000000001
Q000000003/4.115227/0000/R000000001
<NEXT>