#
#  Reaction log file
#  Author: LigBuilder V3 User_Diana
#  Creation time: Sat Feb 28 06:54:05 2026
#  Format:
#  QueryMoleculeId/Cost/SynthesizeId/ReactantId1/ReactantId2/ReactantId3.....
#  Id prefix:
#  Q --- Query Molecule
#  M --- Material
#  R --- Reactant
#
Directory      result/synthesize_HsDHODH/273/DATABASE/
#
Q000000001/3.978053/0000/R000000001
R000000004/1.000000/0000/Guesstimate
R000000005/1.000000/0000/Guesstimate
R000000003/2.222222/0012/R000000004/R000000005
R000000006/1.000000/0000/Guesstimate
R000000008/1.000000/0000/Guesstimate
R000000009/1.000000/0000/Guesstimate
R000000007/2.222222/0279/R000000008/R000000009
R000000007/2.222222/0279/R000000008/R000000009
R000000003/3.580247/0112/R000000006/R000000007
R000000010/1.000000/0000/Guesstimate
R000000002/3.580247/0159/R000000003/R000000010
R000000013/1.000000/0000/Guesstimate
R000000012/2.222222/0012/R000000004/R000000013
R000000012/2.222222/0285/R000000004/R000000013
R000000011/3.580247/0159/R000000012/R000000010
R000000015/1.000000/0000/Guesstimate
R000000016/1.000000/0000/Guesstimate
R000000014/2.222222/0279/R000000015/R000000016
R000000014/2.222222/0279/R000000015/R000000016
R000000017/1.000000/0000/Guesstimate
R000000011/3.580247/0159/R000000014/R000000017
R000000002/3.978053/0040/R000000011
R000000001/3.978053/0197/R000000002
R000000020/1.111111/0283/R000000016
R000000021/1.000000/0000/Guesstimate
R000000022/1.000000/0000/Guesstimate
R000000020/2.222222/0112/R000000021/R000000022
R000000024/1.000000/0000/Guesstimate
R000000025/1.000000/0000/Guesstimate
R000000023/2.222222/0277/R000000024/R000000025
R000000019/3.703704/0279/R000000020/R000000023
R000000019/3.703704/0279/R000000020/R000000023
R000000018/4.115227/0285/R000000019
R000000001/4.572474/0161/R000000018
Q000000002/3.978053/0000/R000000001
Q000000003/7.620790/0000/R000000026
R000000030/1.000000/0000/Guesstimate
R000000031/1.000000/0000/Guesstimate
R000000029/2.222222/0279/R000000030/R000000031
R000000029/2.222222/0279/R000000030/R000000031
R000000033/1.000000/0000/Guesstimate
R000000032/1.111111/0283/R000000033
R000000034/1.000000/0000/Guesstimate
R000000032/2.222222/0275/R000000021/R000000034
R000000028/3.703704/0159/R000000029/R000000032
R000000027/4.115227/0079/R000000028
R000000035/1.000000/0000/Guesstimate
R000000027/5.226338/0112/R000000028/R000000035
R000000039/1.000000/0000/Guesstimate
R000000040/1.000000/0000/Guesstimate
R000000038/2.222222/0256/R000000039/R000000040
R000000037/2.469136/0219/R000000038
R000000037/2.469136/0219/R000000038
R000000036/2.743484/0082/R000000037
R000000043/1.000000/0000/Guesstimate
R000000044/1.000000/0000/Guesstimate
R000000042/2.222222/0277/R000000043/R000000044
R000000045/8.500000/0000/Guesstimate
R000000042/9.500000/0301/R000000043/R000000045
R000000041/2.469136/0257/R000000042
R000000047/1.000000/0000/Guesstimate
R000000046/2.222222/0277/R000000047/R000000044
R000000046/9.500000/0301/R000000047/R000000045
R000000041/2.469136/0260/R000000046
R000000036/2.743484/0099/R000000041
R000000026/7.620790/0018/R000000027/R000000036
R000000048/7.315959/0018/R000000027/R000000037
R000000026/8.128843/0082/R000000048
<NEXT>