#
#  Reaction log file
#  Author: LigBuilder V3 User_Diana
#  Creation time: Sat Feb 28 06:47:52 2026
#  Format:
#  QueryMoleculeId/Cost/SynthesizeId/ReactantId1/ReactantId2/ReactantId3.....
#  Id prefix:
#  Q --- Query Molecule
#  M --- Material
#  R --- Reactant
#
Directory      result/synthesize_HsDHODH/39/DATABASE/
#
Q000000001/2.895900/0000/R000000001
M000000004/1.000000/0000/Sigma_BB-40568029
R000000003/1.111111/0299/M000000004
M000000006/1.000000/0000/Sigma_BB-28769716
R000000007/1.000000/0000/Guesstimate
R000000005/2.222222/0119/M000000006/R000000007
R000000005/2.222222/0280/M000000006/R000000007
R000000003/2.469136/0287/R000000005
R000000002/1.234568/0024/R000000003
M000000010/1.000000/0000/Sigma_BB-161790948
R000000009/1.111111/0153/M000000010
M000000011/1.000000/0000/Sigma_BB-29038349
R000000009/1.111111/0287/M000000011
R000000012/1.000000/0000/Guesstimate
R000000008/2.345679/0112/R000000009/R000000012
R000000013/8.900000/0000/Guesstimate
R000000008/9.888888/0082/R000000013
R000000002/2.606310/0040/R000000008
R000000017/1.000000/0000/Guesstimate
R000000016/1.111111/0198/R000000017
R000000018/1.000000/0000/Guesstimate
R000000019/1.000000/0000/Guesstimate
R000000016/2.222222/0180/R000000018/R000000019
R000000015/1.234568/0155/R000000016
R000000021/1.000000/0000/Guesstimate
R000000022/1.000000/0000/Guesstimate
R000000020/2.222222/0004/R000000021/R000000022
R000000023/1.000000/0000/Guesstimate
R000000024/1.000000/0000/Guesstimate
R000000020/3.333333/0225/R000000021/R000000023/R000000024
R000000015/2.469136/0197/R000000020
R000000014/1.371742/0155/R000000015
R000000027/1.000000/0000/Guesstimate
R000000026/1.111111/0118/R000000027
R000000026/2.222222/0112/R000000027/R000000012
R000000025/1.234568/0041/R000000026
R000000025/1.234568/0155/R000000016
R000000014/1.371742/0155/R000000025
R000000001/2.895900/0003/R000000002/R000000014
R000000029/1.000000/0000/Guesstimate
R000000028/2.345679/0004/R000000009/R000000029
R000000031/4.828533/0261/R000000008/R000000007/R000000024
R000000030/5.365036/0155/R000000031
R000000028/5.961152/0024/R000000030
M000000035/1.000000/0000/Sigma_BB-28775620
R000000034/1.111111/0239/M000000035
M000000036/1.000000/0000/Sigma_BB-31058715
R000000037/1.000000/0000/Guesstimate
R000000034/2.222222/0004/M000000036/R000000037
R000000033/1.234568/0086/R000000034
R000000033/1.234568/0091/R000000034
R000000032/1.371742/0079/R000000033
R000000039/1.000000/0000/Guesstimate
R000000038/2.635269/0004/R000000039/R000000014
R000000041/1.000000/0000/Guesstimate
R000000040/2.635269/0277/R000000041/R000000014
R000000042/1.000000/0000/Guesstimate
R000000040/2.635269/0301/R000000042/R000000014
R000000038/2.928077/0040/R000000040
R000000032/2.928077/0009/R000000038
R000000001/4.130468/0049/R000000028/R000000032
Q000000002/Analysis Failed
Q000000003/Analysis Failed
Q000000004/Analysis Failed
<NEXT>