#
#  Reaction log file
#  Author: LigBuilder V3 User_Diana
#  Creation time: Sat Feb 28 06:51:29 2026
#  Format:
#  QueryMoleculeId/Cost/SynthesizeId/ReactantId1/ReactantId2/ReactantId3.....
#  Id prefix:
#  Q --- Query Molecule
#  M --- Material
#  R --- Reactant
#
Directory      result/synthesize_HsDHODH/169/DATABASE/
#
Q000000001/4.572474/0000/R000000001
R000000005/1.000000/0000/Guesstimate
R000000006/1.000000/0000/Guesstimate
R000000004/2.222222/0224/R000000005/R000000006
R000000009/1.000000/0000/Guesstimate
R000000008/2.222222/0224/R000000005/R000000009
R000000011/1.000000/0000/Guesstimate
R000000010/2.222222/0224/R000000005/R000000011
R000000008/2.469136/0082/R000000010
R000000007/2.469136/0082/R000000008
R000000014/1.000000/0000/Guesstimate
R000000013/2.222222/0224/R000000005/R000000014
R000000015/1.000000/0000/Guesstimate
R000000012/3.580247/0001/R000000013/R000000015
R000000016/1.000000/0000/Guesstimate
R000000012/3.580247/0004/R000000013/R000000016
R000000007/3.978053/0204/R000000012
R000000004/2.743484/0041/R000000007
R000000003/2.469136/0040/R000000004
R000000017/1.000000/0000/Guesstimate
R000000003/3.580247/0004/R000000013/R000000017
R000000020/1.000000/0000/Guesstimate
R000000019/1.111111/0288/R000000020
R000000018/1.234568/0295/R000000019
R000000002/4.115227/0003/R000000003/R000000018
M000000024/1.000000/0000/Sigma_BB-27933100
R000000023/1.111111/0295/M000000024
R000000022/1.234568/0288/R000000023
R000000022/2.743484/0197/R000000003
R000000025/1.000000/0000/Guesstimate
R000000021/2.482853/0004/R000000022/R000000025
R000000027/1.000000/0000/Guesstimate
R000000026/2.482853/0277/R000000022/R000000027
R000000028/1.000000/0000/Guesstimate
R000000026/2.482853/0301/R000000022/R000000028
R000000021/2.758726/0024/R000000026
R000000029/2.482853/0112/R000000016/R000000018
R000000031/1.000000/0000/Guesstimate
R000000030/2.482853/0004/R000000031/R000000018
R000000029/2.758726/0009/R000000030
R000000002/5.517452/0049/R000000021/R000000029
R000000001/4.572474/0099/R000000002
R000000035/1.000000/0000/Guesstimate
R000000034/2.482853/0004/R000000022/R000000035
R000000036/2.743484/0086/R000000003
R000000036/2.743484/0091/R000000003
R000000034/3.048316/0092/R000000036
R000000033/2.758726/0086/R000000034
R000000033/2.758726/0091/R000000034
R000000032/4.436994/0112/R000000033/R000000018
R000000037/2.482853/0004/R000000025/R000000018
R000000039/1.000000/0000/Guesstimate
R000000038/2.482853/0004/R000000039/R000000018
R000000037/2.758726/0155/R000000038
R000000032/5.227862/0049/R000000004/R000000037
R000000001/4.929993/0099/R000000032
Q000000002/5.993328/0000/R000000040
R000000045/1.000000/0000/Guesstimate
R000000044/2.222222/0224/R000000045/R000000009
R000000046/1.000000/0000/Guesstimate
R000000047/1.000000/0000/Guesstimate
R000000044/2.222222/0276/R000000046/R000000047
R000000043/2.469136/0122/R000000044
R000000048/2.222222/0122/R000000046/R000000047
R000000043/2.469136/0276/R000000048
R000000049/1.000000/0000/Guesstimate
R000000042/3.854596/0279/R000000043/R000000049
R000000042/3.854596/0279/R000000043/R000000049
M000000050/1.000000/0000/Sigma_BB-28426400
R000000041/5.393995/0003/R000000042/M000000050
R000000053/1.000000/0000/Guesstimate
R000000052/3.580247/0279/R000000044/R000000053
R000000052/3.580247/0279/R000000044/R000000053
R000000051/3.978053/0122/R000000052
R000000054/3.580247/0279/R000000048/R000000053
R000000054/3.580247/0279/R000000048/R000000053
R000000051/3.978053/0276/R000000054
M000000055/1.000000/0000/Sigma_BB-28821221
R000000041/5.531170/0003/R000000051/M000000055
R000000040/5.993328/0099/R000000041
R000000059/1.000000/0000/Guesstimate
R000000058/3.580247/0279/R000000044/R000000059
R000000058/3.580247/0279/R000000044/R000000059
R000000057/3.978053/0122/R000000058
R000000061/1.000000/0000/Guesstimate
R000000060/3.854596/0279/R000000043/R000000061
R000000060/3.854596/0279/R000000043/R000000061
R000000057/4.282884/0155/R000000060
M000000062/1.000000/0000/Sigma_BB-28416063
R000000056/5.531170/0003/R000000057/M000000062
R000000064/4.282884/0198/R000000060
R000000064/4.282884/0298/R000000060
R000000063/4.758760/0139/R000000064
R000000065/4.282884/0245/R000000060
R000000065/4.282884/0245/R000000060
R000000063/4.758760/0219/R000000065
R000000066/2.222222/0001/M000000062/R000000035
R000000067/1.000000/0000/Guesstimate
R000000066/2.222222/0003/M000000062/R000000067
R000000056/7.756648/0042/R000000063/R000000066
R000000040/6.145744/0099/R000000056
Q000000003/5.993328/0000/R000000040
<NEXT>