#
#  Reaction log file
#  Author: LigBuilder V3 User_Diana
#  Creation time: Sat Feb 28 06:54:12 2026
#  Format:
#  QueryMoleculeId/Cost/SynthesizeId/ReactantId1/ReactantId2/ReactantId3.....
#  Id prefix:
#  Q --- Query Molecule
#  M --- Material
#  R --- Reactant
#
Directory      result/synthesize_HsDHODH/275/DATABASE/
#
Q000000001/4.929993/0000/R000000001
M000000007/1.000000/0000/Sigma_BB-28842418
R000000006/1.111111/0198/M000000007
R000000006/1.111111/0298/M000000007
R000000005/1.234568/0100/R000000006
M000000008/1.000000/0000/Sigma_BB-28787542
R000000009/1.000000/0000/Guesstimate
R000000005/2.222222/0004/M000000008/R000000009
M000000010/1.000000/0000/Sigma_BB-28760158
R000000004/2.482853/0212/R000000005/M000000010
M000000012/1.000000/0000/Sigma_BB-37441416
R000000011/2.482853/0212/R000000005/M000000012
R000000011/2.482853/0212/R000000005/M000000012
R000000004/2.758726/0024/R000000011
R000000003/2.758726/0197/R000000004
R000000014/1.371742/0197/R000000005
R000000015/7.900000/0000/Guesstimate
R000000014/8.777778/0155/R000000015
R000000016/1.000000/0000/Guesstimate
R000000013/2.635269/0301/R000000014/R000000016
R000000013/2.635269/0301/R000000014/R000000016
R000000003/2.928077/0155/R000000013
R000000019/1.000000/0000/Guesstimate
R000000018/1.111111/0118/R000000019
R000000020/1.000000/0000/Guesstimate
R000000018/2.222222/0112/R000000019/R000000020
R000000017/1.234568/0040/R000000018
R000000022/1.000000/0000/Guesstimate
R000000021/2.222222/0301/R000000019/R000000022
R000000021/2.222222/0301/R000000019/R000000022
R000000017/2.469136/0073/R000000021
R000000002/4.436994/0301/R000000003/R000000017
R000000002/4.436994/0301/R000000003/R000000017
R000000001/4.929993/0153/R000000002
R000000026/1.000000/0000/Guesstimate
R000000025/1.111111/0040/R000000026
R000000025/1.111111/0197/M000000010
R000000027/1.371742/0086/R000000017
R000000027/1.371742/0091/R000000017
R000000024/2.758726/0301/R000000025/R000000027
R000000024/2.758726/0301/R000000025/R000000027
R000000023/4.436994/0212/R000000005/R000000024
R000000029/1.524158/0118/R000000027
R000000029/2.635269/0112/R000000027/R000000020
R000000028/1.693509/0040/R000000029
R000000030/2.635269/0301/R000000027/R000000022
R000000030/2.635269/0301/R000000027/R000000022
R000000028/2.928077/0073/R000000030
R000000023/4.640403/0212/R000000004/R000000028
R000000001/4.929993/0154/R000000023
Q000000002/2.758726/0000/R000000031
M000000035/1.000000/0000/Sigma_BB-27948280
R000000034/1.111111/0104/M000000035
R000000034/1.111111/0104/M000000035
R000000033/1.234568/0293/R000000034
R000000033/1.234568/0293/R000000034
R000000036/1.000000/0000/Guesstimate
R000000032/2.482853/0212/R000000033/R000000036
R000000032/2.482853/0212/R000000033/R000000036
R000000031/2.758726/0160/R000000032
R000000031/2.758726/0160/R000000032
Q000000003/2.758726/0000/R000000031
Q000000004/Analysis Failed
<NEXT>