#
#  Reaction log file
#  Author: LigBuilder V3 User_Diana
#  Creation time: Sat Feb 28 06:53:41 2026
#  Format:
#  QueryMoleculeId/Cost/SynthesizeId/ReactantId1/ReactantId2/ReactantId3.....
#  Id prefix:
#  Q --- Query Molecule
#  M --- Material
#  R --- Reactant
#
Directory      result/synthesize_HsDHODH/249/DATABASE/
#
Q000000001/2.606310/0000/R000000001
M000000004/1.000000/0000/Sigma_BB-238951060
R000000003/1.111111/0153/M000000004
M000000006/1.000000/0000/Sigma_BB-27948280
R000000005/1.111111/0153/M000000006
M000000007/1.000000/0000/Sigma_BB-29509312
R000000005/1.111111/0287/M000000007
R000000003/1.234568/0239/R000000005
R000000008/1.000000/0000/Guesstimate
R000000002/2.345679/0224/R000000003/R000000008
R000000011/1.000000/0000/Guesstimate
R000000010/2.345679/0224/R000000005/R000000011
R000000012/1.000000/0000/Guesstimate
R000000009/3.717421/0212/R000000010/R000000012
R000000009/3.717421/0212/R000000010/R000000012
R000000002/4.130468/0239/R000000009
R000000001/2.606310/0155/R000000002
R000000015/1.000000/0000/Guesstimate
R000000016/1.000000/0000/Guesstimate
R000000014/2.222222/0001/R000000015/R000000016
R000000017/1.000000/0000/Guesstimate
R000000014/2.222222/0004/R000000017/R000000016
R000000013/3.703704/0224/R000000003/R000000014
R000000019/2.345679/0224/R000000003/R000000011
R000000019/2.606310/0239/R000000010
R000000018/2.606310/0197/R000000019
R000000020/8.500000/0000/Guesstimate
R000000018/9.444445/0302/R000000020
R000000013/4.007011/0004/R000000018/R000000016
R000000001/4.115227/0197/R000000013
Q000000002/2.606310/0000/R000000001
Q000000003/4.282884/0000/R000000021
M000000025/1.000000/0000/Sigma_BB-292599443
R000000026/1.000000/0000/Guesstimate
R000000024/2.222222/0057/M000000025/R000000026
R000000023/2.469136/0257/R000000024
R000000027/1.000000/0000/Guesstimate
R000000022/3.854596/0175/R000000023/R000000027
R000000022/3.854596/0290/R000000023/R000000027
R000000021/4.282884/0059/R000000022
R000000030/2.743484/0287/R000000023
R000000029/3.048316/0059/R000000030
R000000031/1.000000/0000/Guesstimate
R000000029/4.159427/0224/R000000030/R000000031
R000000028/4.498129/0112/R000000029/R000000027
R000000021/4.997921/0147/R000000028
Q000000004/5.944217/0000/R000000032
R000000036/1.000000/0000/Guesstimate
R000000037/1.000000/0000/Guesstimate
R000000035/2.222222/0224/R000000036/R000000037
R000000034/2.469136/0040/R000000035
R000000038/2.222222/0224/R000000036/R000000011
R000000039/1.000000/0000/Guesstimate
R000000034/3.580247/0004/R000000038/R000000039
M000000042/1.000000/0000/Sigma_BB-28764950
R000000041/1.111111/0085/M000000042
M000000043/1.000000/0000/Sigma_BB-28399786
R000000040/2.345679/0212/R000000041/M000000043
R000000040/2.345679/0212/R000000041/M000000043
R000000033/5.349795/0212/R000000034/R000000040
R000000033/5.349795/0212/R000000034/R000000040
R000000032/5.944217/0028/R000000033
R000000046/2.222222/0212/M000000042/M000000043
R000000046/2.222222/0212/M000000042/M000000043
R000000045/2.469136/0085/R000000046
R000000048/1.000000/0000/Guesstimate
R000000047/2.345679/0003/R000000041/R000000048
R000000045/2.606310/0147/R000000047
R000000044/5.486969/0212/R000000034/R000000045
R000000044/5.486969/0212/R000000034/R000000045
R000000032/6.096632/0028/R000000044
<NEXT>