#
#  Reaction log file
#  Author: LigBuilder V3 User_Diana
#  Creation time: Sat Feb 28 06:50:50 2026
#  Format:
#  QueryMoleculeId/Cost/SynthesizeId/ReactantId1/ReactantId2/ReactantId3.....
#  Id prefix:
#  Q --- Query Molecule
#  M --- Material
#  R --- Reactant
#
Directory      result/synthesize_HsDHODH/149/DATABASE/
#
Q000000001/2.758726/0000/R000000001
R000000003/1.000000/0000/Guesstimate
M000000006/1.000000/0000/Sigma_BB-311676913
R000000005/1.111111/0287/M000000006
R000000004/1.234568/0299/R000000005
M000000008/1.000000/0000/Sigma_BB-76849861
R000000007/1.111111/0287/M000000008
R000000004/1.234568/0299/R000000007
R000000002/2.482853/0174/R000000003/R000000004
R000000011/1.000000/0000/Guesstimate
R000000010/2.482853/0275/R000000011/R000000004
R000000009/2.758726/0125/R000000010
R000000012/1.000000/0000/Guesstimate
R000000009/3.869837/0112/R000000010/R000000012
R000000002/3.065251/0178/R000000009
R000000001/2.758726/0041/R000000002
R000000015/1.371742/0074/R000000004
R000000015/1.371742/0167/R000000004
R000000014/1.524158/0040/R000000015
R000000013/1.693509/0091/R000000014
R000000016/1.000000/0000/Guesstimate
R000000001/2.992788/0112/R000000013/R000000016
Q000000002/2.758726/0000/R000000001
Q000000003/2.758726/0000/R000000001
<NEXT>