#
#  Reaction log file
#  Author: LigBuilder V3 User_Diana
#  Creation time: Sat Feb 28 06:50:29 2026
#  Format:
#  QueryMoleculeId/Cost/SynthesizeId/ReactantId1/ReactantId2/ReactantId3.....
#  Id prefix:
#  Q --- Query Molecule
#  M --- Material
#  R --- Reactant
#
Directory      result/synthesize_HsDHODH/139/DATABASE/
#
Q000000001/2.895900/0000/R000000001
R000000004/1.000000/0000/Guesstimate
M000000006/1.000000/0000/Sigma_BB-29509005
R000000005/1.111111/0287/M000000006
R000000003/2.345679/0112/R000000004/R000000005
R000000008/1.000000/0000/Guesstimate
R000000007/2.222222/0174/R000000008/M000000006
R000000007/2.222222/0289/R000000008/M000000006
R000000009/1.000000/0000/Guesstimate
R000000003/3.580247/0012/R000000007/R000000009
R000000002/2.606310/0082/R000000003
R000000012/1.000000/0000/Guesstimate
R000000011/2.222222/0175/R000000012/M000000006
R000000011/2.222222/0290/R000000012/M000000006
R000000010/3.580247/0012/R000000011/R000000009
R000000010/3.580247/0285/R000000011/R000000009
R000000002/3.978053/0082/R000000010
R000000001/2.895900/0041/R000000002
R000000014/1.000000/0000/Guesstimate
M000000017/1.000000/0000/Sigma_BB-28945063
M000000018/1.000000/0000/Sigma_BB-28830366
R000000016/2.222222/0004/M000000017/M000000018
R000000015/2.469136/0197/R000000016
R000000013/3.854596/0174/R000000014/R000000015
R000000013/3.854596/0289/R000000014/R000000015
R000000001/4.282884/0028/R000000013
Q000000002/4.420059/0000/R000000019
R000000023/1.000000/0000/Guesstimate
R000000024/1.000000/0000/Guesstimate
R000000022/2.222222/0279/R000000023/R000000024
R000000022/2.222222/0279/R000000023/R000000024
R000000025/1.000000/0000/Guesstimate
R000000021/3.580247/0159/R000000022/R000000025
R000000027/1.000000/0000/Guesstimate
R000000026/2.222222/0279/R000000023/R000000027
R000000026/2.222222/0279/R000000023/R000000027
R000000028/1.000000/0000/Guesstimate
R000000021/3.580247/0159/R000000026/R000000028
R000000020/3.978053/0287/R000000021
R000000030/3.580247/0159/R000000026/R000000008
R000000029/3.978053/0287/R000000030
R000000020/4.420059/0299/R000000029
R000000019/4.420059/0299/R000000020
R000000031/4.420059/0299/R000000029
R000000019/4.911177/0299/R000000031
Q000000003/4.282884/0000/R000000032
R000000036/1.000000/0000/Guesstimate
M000000037/1.000000/0000/Sigma_BB-70737316
R000000035/2.222222/0174/R000000036/M000000037
R000000035/2.222222/0289/R000000036/M000000037
R000000034/2.469136/0197/R000000035
R000000038/9.900000/0000/Guesstimate
R000000034/9.900000/0260/R000000038
R000000039/1.000000/0000/Guesstimate
R000000033/3.854596/0276/R000000034/R000000039
R000000033/3.854596/0278/R000000034/R000000039
R000000032/4.282884/0222/R000000033
R000000043/1.000000/0000/Guesstimate
R000000044/1.000000/0000/Guesstimate
R000000042/2.222222/0112/R000000043/R000000044
R000000045/1.000000/0000/Guesstimate
R000000041/3.580247/0225/R000000042/R000000045
R000000041/3.580247/0225/R000000042/R000000045
R000000040/5.089163/0280/R000000041/R000000039
R000000032/5.654626/0161/R000000040
<NEXT>