#
#  Reaction log file
#  Author: LigBuilder V3 User_Diana
#  Creation time: Sat Feb 28 06:49:47 2026
#  Format:
#  QueryMoleculeId/Cost/SynthesizeId/ReactantId1/ReactantId2/ReactantId3.....
#  Id prefix:
#  Q --- Query Molecule
#  M --- Material
#  R --- Reactant
#
Directory      result/synthesize_HsDHODH/131/DATABASE/
#
Q000000001/Analysis Failed
Q000000002/3.978053/0000/R000000001
R000000003/1.000000/0000/Guesstimate
M000000005/1.000000/0000/Sigma_BB-70737316
R000000006/1.000000/0000/Guesstimate
R000000004/2.222222/0231/M000000005/R000000006
M000000008/1.000000/0000/Sigma_BB-70380583
R000000007/2.222222/0231/M000000008/R000000006
R000000004/2.469136/0299/R000000007
R000000002/3.580247/0174/R000000003/R000000004
M000000011/1.000000/0000/Sigma_BB-63702910
R000000010/1.111111/0153/M000000011
R000000010/1.111111/0287/M000000005
R000000009/2.345679/0231/R000000010/R000000006
R000000009/2.469136/0287/R000000004
R000000002/3.717421/0112/R000000003/R000000009
R000000001/3.978053/0041/R000000002
R000000015/1.000000/0000/Guesstimate
R000000014/2.222222/0174/R000000015/M000000005
R000000014/2.345679/0112/R000000015/R000000010
R000000013/2.469136/0197/R000000014
R000000016/9.900000/0000/Guesstimate
R000000013/9.900000/0260/R000000016
R000000012/3.854596/0231/R000000013/R000000006
R000000017/1.000000/0000/Guesstimate
R000000001/5.393995/0112/R000000012/R000000017
Q000000003/Analysis Failed
<NEXT>