#
#  Reaction log file
#  Author: LigBuilder V3 User_Diana
#  Creation time: Sat Feb 28 06:49:36 2026
#  Format:
#  QueryMoleculeId/Cost/SynthesizeId/ReactantId1/ReactantId2/ReactantId3.....
#  Id prefix:
#  Q --- Query Molecule
#  M --- Material
#  R --- Reactant
#
Directory      result/synthesize_HsDHODH/118/DATABASE/
#
Q000000001/3.048316/0000/R000000001
M000000005/1.000000/0000/Sigma_BB-30481179
R000000004/1.111111/0257/M000000005
M000000006/1.000000/0000/Sigma_BB-28758394
R000000007/1.000000/0000/Guesstimate
R000000004/2.222222/0224/M000000006/R000000007
R000000003/1.234568/0040/R000000004
R000000009/1.000000/0000/Guesstimate
R000000008/2.222222/0224/M000000006/R000000009
R000000003/2.469136/0024/R000000008
M000000012/1.000000/0000/Sigma_BB-326529891
R000000011/1.111111/0044/M000000012
M000000014/1.000000/0000/Sigma_BB-327401854
R000000013/1.111111/0044/M000000014
R000000015/1.000000/0000/Guesstimate
R000000011/2.345679/0112/R000000013/R000000015
R000000010/1.234568/0147/R000000011
M000000017/1.000000/0000/Sigma_BB-326526047
R000000018/1.000000/0000/Guesstimate
R000000016/2.222222/0003/M000000017/R000000018
M000000020/1.000000/0000/Sigma_BB-28665883
R000000019/2.222222/0003/M000000020/R000000018
M000000021/1.000000/0000/Sigma_BB-184773838
R000000022/1.000000/0000/Guesstimate
R000000019/2.222222/0049/M000000021/R000000022
R000000016/2.469136/0044/R000000019
R000000010/2.469136/0147/R000000016
R000000002/2.743484/0221/R000000003/R000000010
M000000025/1.000000/0000/Sigma_BB-136985511
R000000026/1.000000/0000/Guesstimate
R000000024/2.222222/0224/M000000025/R000000026
R000000023/2.469136/0024/R000000024
M000000028/1.000000/0000/Sigma_BB-28104598
R000000027/2.222222/0224/M000000028/R000000009
M000000029/1.000000/0000/Sigma_BB-79678922
R000000031/1.000000/0000/Guesstimate
R000000032/1.000000/0000/Guesstimate
R000000030/2.222222/0012/R000000031/R000000032
R000000033/1.000000/0000/Guesstimate
R000000034/1.000000/0000/Guesstimate
R000000030/2.222222/0112/R000000033/R000000034
R000000027/3.580247/0159/M000000029/R000000030
R000000023/2.469136/0024/R000000027
R000000002/4.115227/0119/R000000023/R000000010
R000000001/3.048316/0119/R000000002
M000000037/1.000000/0000/Sigma_BB-30183544
R000000039/1.000000/0000/Guesstimate
R000000038/2.222222/0012/R000000031/R000000039
R000000040/1.000000/0000/Guesstimate
R000000038/2.222222/0112/R000000040/R000000034
R000000036/3.580247/0159/M000000037/R000000038
R000000043/1.000000/0000/Guesstimate
R000000042/2.222222/0012/R000000031/R000000043
R000000044/1.000000/0000/Guesstimate
R000000042/2.222222/0112/R000000044/R000000034
R000000041/3.580247/0159/M000000037/R000000042
R000000045/1.000000/0000/Guesstimate
R000000036/5.089163/0276/R000000041/R000000045
R000000035/3.978053/0024/R000000036
R000000047/1.000000/0000/Guesstimate
R000000046/5.089163/0174/R000000041/R000000047
R000000048/1.111111/0287/R000000047
R000000046/5.212621/0112/R000000041/R000000048
R000000035/5.654626/0025/R000000046
R000000001/5.791801/0119/R000000035/R000000010
Q000000002/4.282884/0000/R000000049
M000000051/1.000000/0000/Sigma_BB-183963209
R000000054/1.000000/0000/Guesstimate
R000000055/1.000000/0000/Guesstimate
R000000053/2.222222/0279/R000000054/R000000055
R000000053/2.222222/0279/R000000054/R000000055
R000000052/2.469136/0279/R000000053
R000000052/2.469136/0279/R000000053
R000000050/3.854596/0221/M000000051/R000000052
R000000059/1.000000/0000/Guesstimate
R000000058/2.222222/0224/M000000037/R000000059
R000000057/4.938272/0159/R000000038/R000000058
R000000057/5.089163/0224/R000000036/R000000059
R000000056/5.486969/0024/R000000057
R000000061/4.938272/0159/R000000042/R000000058
R000000061/5.089163/0224/R000000041/R000000059
R000000060/6.598080/0174/R000000061/R000000047
R000000060/6.721537/0112/R000000061/R000000048
R000000056/7.331201/0025/R000000060
R000000050/8.840117/0119/R000000056/R000000052
R000000049/4.282884/0140/R000000050
M000000062/1.000000/0000/Sigma_BB-27187512
R000000049/7.207744/0119/R000000056/M000000062
Q000000003/4.282884/0000/R000000049
<NEXT>