#
#  Reaction log file
#  Author: LigBuilder V3 User_Diana
#  Creation time: Sat Feb 28 06:54:35 2026
#  Format:
#  QueryMoleculeId/Cost/SynthesizeId/ReactantId1/ReactantId2/ReactantId3.....
#  Id prefix:
#  Q --- Query Molecule
#  M --- Material
#  R --- Reactant
#
Directory      result/synthesize_HsDHODH/286/DATABASE/
#
Q000000001/4.282884/0000/R000000001
M000000005/1.000000/0000/Sigma_BB-153833319
R000000006/1.000000/0000/Guesstimate
R000000004/2.222222/0212/M000000005/R000000006
R000000004/2.222222/0212/M000000005/R000000006
R000000003/2.469136/0041/R000000004
M000000008/1.000000/0000/Sigma_BB-28945063
R000000009/1.000000/0000/Guesstimate
R000000007/2.222222/0274/M000000008/R000000009
R000000003/2.469136/0147/R000000007
R000000010/1.000000/0000/Guesstimate
R000000002/3.854596/0175/R000000003/R000000010
R000000013/1.000000/0000/Guesstimate
R000000012/2.222222/0274/M000000008/R000000013
R000000012/2.743484/0139/R000000003
R000000011/3.580247/0175/R000000012/R000000010
R000000015/1.000000/0000/Guesstimate
R000000014/3.580247/0175/R000000012/R000000015
R000000014/3.580247/0290/R000000012/R000000015
R000000011/3.978053/0260/R000000014
R000000002/3.978053/0198/R000000011
R000000001/4.282884/0024/R000000002
M000000019/1.000000/0000/Sigma_BB-27113924
R000000020/1.000000/0000/Guesstimate
R000000018/2.222222/0274/M000000019/R000000020
R000000021/1.000000/0000/Guesstimate
R000000017/3.580247/0003/R000000018/R000000021
R000000022/2.469136/0118/R000000018
R000000023/1.000000/0000/Guesstimate
R000000022/3.580247/0112/R000000018/R000000023
R000000024/1.000000/0000/Guesstimate
R000000017/3.854596/0049/R000000022/R000000024
R000000016/3.978053/0041/R000000017
R000000027/1.000000/0000/Guesstimate
R000000026/2.222222/0274/M000000019/R000000027
R000000028/1.000000/0000/Guesstimate
R000000025/3.580247/0112/R000000026/R000000028
R000000029/1.000000/0000/Guesstimate
R000000025/3.580247/0112/R000000018/R000000029
R000000016/3.978053/0147/R000000025
R000000030/1.000000/0000/Guesstimate
R000000001/5.531170/0004/R000000016/R000000030
Q000000002/5.241580/0000/R000000031
M000000035/1.000000/0000/Sigma_BB-29781752
R000000034/1.111111/0222/M000000035
R000000037/1.000000/0000/Guesstimate
R000000038/1.000000/0000/Guesstimate
R000000036/2.222222/0012/R000000037/R000000038
R000000039/1.000000/0000/Guesstimate
R000000036/2.222222/0112/R000000023/R000000039
M000000040/1.000000/0000/Sigma_BB-79261515
R000000034/3.580247/0159/R000000036/M000000040
R000000041/1.000000/0000/Guesstimate
R000000033/2.345679/0175/R000000034/R000000041
R000000042/2.222222/0175/M000000040/R000000041
R000000042/2.222222/0290/M000000040/R000000041
R000000033/4.938272/0159/R000000036/R000000042
R000000043/1.000000/0000/Guesstimate
R000000032/3.717421/0122/R000000033/R000000043
R000000032/3.717421/0122/R000000033/R000000043
R000000044/1.000000/0000/Guesstimate
R000000031/5.241580/0003/R000000032/R000000044
R000000050/1.000000/0000/Guesstimate
R000000049/2.222222/0112/R000000050/R000000023
R000000051/1.000000/0000/Guesstimate
R000000049/2.222222/0122/R000000051/R000000037
R000000048/3.580247/0012/R000000037/R000000049
R000000053/1.000000/0000/Guesstimate
R000000052/3.580247/0285/R000000049/R000000053
R000000048/3.978053/0079/R000000052
M000000054/1.000000/0000/Sigma_BB-73462613
R000000047/5.089163/0159/R000000048/M000000054
R000000046/5.654626/0222/R000000047
M000000056/1.000000/0000/Sigma_BB-184570616
R000000055/2.222222/0112/R000000053/M000000056
M000000057/1.000000/0000/Sigma_BB-27528902
R000000055/2.222222/0174/R000000053/M000000057
R000000046/6.447188/0159/R000000048/R000000055
R000000058/1.000000/0000/Guesstimate
R000000045/7.394029/0231/R000000046/R000000058
R000000060/2.222222/0174/M000000040/R000000023
R000000060/2.222222/0289/M000000040/R000000023
R000000059/3.580247/0012/R000000060/R000000037
R000000062/1.000000/0000/Guesstimate
R000000061/3.580247/0122/R000000042/R000000062
R000000061/3.580247/0122/R000000042/R000000062
R000000059/3.978053/0009/R000000061
R000000045/7.956105/0159/R000000048/R000000059
R000000031/8.215589/0059/R000000045
Q000000003/5.241580/0000/R000000031
<NEXT>