#
#  Reaction log file
#  Author: LigBuilder V3 User_Diana
#  Creation time: Sat Feb 28 06:49:34 2026
#  Format:
#  QueryMoleculeId/Cost/SynthesizeId/ReactantId1/ReactantId2/ReactantId3.....
#  Id prefix:
#  Q --- Query Molecule
#  M --- Material
#  R --- Reactant
#
Directory      result/synthesize_HsDHODH/119/DATABASE/
#
Q000000001/2.758726/0000/R000000001
M000000005/1.000000/0000/Sigma_BB-30481179
R000000004/1.111111/0257/M000000005
M000000006/1.000000/0000/Sigma_BB-28758394
R000000007/1.000000/0000/Guesstimate
R000000004/2.222222/0224/M000000006/R000000007
R000000003/1.234568/0040/R000000004
R000000009/1.000000/0000/Guesstimate
R000000008/2.222222/0224/M000000006/R000000009
R000000003/2.469136/0024/R000000008
M000000010/1.000000/0000/Sigma_BB-27187512
R000000002/2.482853/0221/R000000003/M000000010
M000000013/1.000000/0000/Sigma_BB-136985511
R000000014/1.000000/0000/Guesstimate
R000000012/2.222222/0224/M000000013/R000000014
R000000011/2.469136/0024/R000000012
M000000016/1.000000/0000/Sigma_BB-28104598
R000000015/2.222222/0224/M000000016/R000000009
M000000017/1.000000/0000/Sigma_BB-79678922
R000000019/1.000000/0000/Guesstimate
R000000020/1.000000/0000/Guesstimate
R000000018/2.222222/0012/R000000019/R000000020
R000000021/1.000000/0000/Guesstimate
R000000022/1.000000/0000/Guesstimate
R000000018/2.222222/0112/R000000021/R000000022
R000000015/3.580247/0159/M000000017/R000000018
R000000011/2.469136/0024/R000000015
R000000002/3.854596/0119/R000000011/M000000010
R000000001/2.758726/0119/R000000002
M000000025/1.000000/0000/Sigma_BB-30183544
R000000027/1.000000/0000/Guesstimate
R000000026/2.222222/0012/R000000019/R000000027
R000000028/1.000000/0000/Guesstimate
R000000026/2.222222/0112/R000000028/R000000022
R000000024/3.580247/0159/M000000025/R000000026
R000000031/1.000000/0000/Guesstimate
R000000030/2.222222/0012/R000000019/R000000031
R000000032/1.000000/0000/Guesstimate
R000000030/2.222222/0112/R000000032/R000000022
R000000029/3.580247/0159/M000000025/R000000030
R000000033/1.000000/0000/Guesstimate
R000000024/5.089163/0276/R000000029/R000000033
R000000023/3.978053/0024/R000000024
R000000035/1.000000/0000/Guesstimate
R000000034/5.089163/0174/R000000029/R000000035
R000000036/1.111111/0287/R000000035
R000000034/5.212621/0112/R000000029/R000000036
R000000023/5.654626/0025/R000000034
R000000001/5.531170/0119/R000000023/M000000010
Q000000002/2.758726/0000/R000000001
Q000000003/2.758726/0000/R000000001
<NEXT>