#
#  Reaction log file
#  Author: LigBuilder V3 User_Diana
#  Creation time: Sat Feb 28 06:54:07 2026
#  Format:
#  QueryMoleculeId/Cost/SynthesizeId/ReactantId1/ReactantId2/ReactantId3.....
#  Id prefix:
#  Q --- Query Molecule
#  M --- Material
#  R --- Reactant
#
Directory      result/synthesize_HsDHODH/277/DATABASE/
#
Q000000001/4.159427/0000/R000000001
M000000005/1.000000/0000/Sigma_BB-70737316
R000000006/1.000000/0000/Guesstimate
R000000004/2.222222/0231/M000000005/R000000006
R000000003/2.469136/0074/R000000004
R000000003/9.200000/0082/R000000007
R000000002/2.743484/0040/R000000003
R000000009/1.000000/0000/Guesstimate
R000000010/2.469136/0114/R000000004
R000000008/3.854596/0004/R000000009/R000000010
R000000012/1.000000/0000/Guesstimate
R000000011/3.580247/0175/R000000012/R000000004
R000000011/3.580247/0290/R000000012/R000000004
R000000008/3.978053/0040/R000000011
R000000002/4.282884/0073/R000000008
R000000013/1.000000/0000/Guesstimate
R000000001/4.159427/0003/R000000002/R000000013
M000000016/1.000000/0000/Sigma_BB-28424177
R000000015/1.111111/0086/M000000016
R000000018/1.000000/0000/Guesstimate
R000000017/2.222222/0003/R000000018/R000000009
R000000019/1.000000/0000/Guesstimate
R000000020/1.000000/0000/Guesstimate
R000000017/2.222222/0049/R000000019/R000000020
R000000015/2.469136/0059/R000000017
M000000023/1.000000/0000/Sigma_BB-28465307
M000000024/1.000000/0000/Sigma_BB-28830366
R000000022/2.222222/0004/M000000023/M000000024
R000000021/2.469136/0197/R000000022
R000000014/3.978053/0112/R000000015/R000000021
R000000001/4.420059/0028/R000000014
Q000000002/Analysis Failed
Q000000003/Analysis Failed
<NEXT>