#
#  Reaction log file
#  Author: LigBuilder V3 User_Diana
#  Creation time: Sat Feb 28 06:54:16 2026
#  Format:
#  QueryMoleculeId/Cost/SynthesizeId/ReactantId1/ReactantId2/ReactantId3.....
#  Id prefix:
#  Q --- Query Molecule
#  M --- Material
#  R --- Reactant
#
Directory      result/synthesize_HsDHODH/270/DATABASE/
#
Q000000001/Analysis Failed
Q000000002/5.791801/0000/R000000001
M000000005/1.000000/0000/Sigma_BB-28896639
R000000006/1.000000/0000/Guesstimate
R000000004/2.222222/0277/M000000005/R000000006
R000000003/2.469136/0073/R000000004
R000000008/1.000000/0000/Guesstimate
R000000007/2.222222/0277/M000000005/R000000008
R000000003/2.469136/0100/R000000007
R000000010/1.000000/0000/Guesstimate
M000000011/1.000000/0000/Sigma_BB-29499715
R000000009/2.222222/0004/R000000010/M000000011
R000000002/5.212621/0212/R000000003/R000000009
R000000002/5.212621/0212/R000000003/R000000009
R000000001/5.791801/0099/R000000002
R000000001/5.791801/0099/R000000002
Q000000003/Analysis Failed
<NEXT>