#
#  Reaction log file
#  Author: LigBuilder V3 User_Diana
#  Creation time: Sat Feb 28 06:51:26 2026
#  Format:
#  QueryMoleculeId/Cost/SynthesizeId/ReactantId1/ReactantId2/ReactantId3.....
#  Id prefix:
#  Q --- Query Molecule
#  M --- Material
#  R --- Reactant
#
Directory      result/synthesize_HsDHODH/164/DATABASE/
#
Q000000001/4.007011/0000/R000000001
R000000002/1.000000/0000/Guesstimate
M000000006/1.000000/0000/Sigma_BB-63702910
R000000005/1.111111/0153/M000000006
M000000007/1.000000/0000/Sigma_BB-70737316
R000000005/1.111111/0287/M000000007
R000000008/1.000000/0000/Guesstimate
R000000004/2.345679/0231/R000000005/R000000008
R000000009/2.222222/0231/M000000007/R000000008
R000000004/2.469136/0287/R000000009
R000000003/2.606310/0147/R000000004
R000000012/1.000000/0000/Guesstimate
R000000013/1.000000/0000/Guesstimate
R000000011/2.222222/0003/R000000012/R000000013
R000000014/1.000000/0000/Guesstimate
R000000015/1.000000/0000/Guesstimate
R000000011/2.222222/0049/R000000014/R000000015
R000000010/3.703704/0231/R000000005/R000000011
R000000016/2.345679/0231/R000000005/R000000012
R000000010/3.717421/0003/R000000016/R000000013
R000000003/4.115227/0122/R000000010
R000000001/4.007011/0112/R000000002/R000000003
R000000018/2.345679/0112/R000000002/R000000005
R000000019/2.222222/0112/R000000002/M000000006
M000000020/1.000000/0000/Sigma_BB-28769194
R000000019/2.222222/0174/R000000002/M000000020
R000000018/2.469136/0153/R000000019
M000000023/1.000000/0000/Sigma_BB-27961009
R000000022/1.111111/0099/M000000023
M000000024/1.000000/0000/Sigma_BB-129759681
R000000022/1.111111/0099/M000000024
R000000021/1.234568/0293/R000000022
R000000017/3.978052/0231/R000000018/R000000021
R000000001/4.420058/0028/R000000017
Q000000002/4.159427/0000/R000000025
R000000029/1.000000/0000/Guesstimate
R000000028/2.222222/0231/M000000007/R000000029
R000000027/2.469136/0074/R000000028
R000000030/1.000000/0000/Guesstimate
R000000027/4.007011/0112/R000000030/R000000003
R000000026/2.743484/0040/R000000027
R000000032/1.000000/0000/Guesstimate
R000000031/3.580247/0175/R000000028/R000000032
R000000033/1.000000/0000/Guesstimate
R000000031/4.007011/0004/R000000003/R000000033
R000000026/3.978053/0216/R000000031
R000000034/1.000000/0000/Guesstimate
R000000025/4.159427/0003/R000000026/R000000034
R000000035/3.048316/0091/R000000026
R000000037/2.222222/0174/R000000032/M000000007
R000000037/2.345679/0112/R000000032/R000000005
R000000036/2.469136/0197/R000000037
R000000038/9.900000/0000/Guesstimate
R000000036/9.900000/0260/R000000038
R000000035/3.854596/0231/R000000036/R000000029
R000000025/4.498129/0003/R000000035/R000000033
Q000000003/4.589409/0000/R000000039
M000000043/1.000000/0000/Sigma_BB-28776152
R000000042/1.111111/0153/M000000043
R000000044/1.000000/0000/Guesstimate
R000000045/1.000000/0000/Guesstimate
R000000042/2.222222/0224/R000000044/R000000045
R000000041/1.234568/0086/R000000042
R000000041/1.234568/0091/R000000042
R000000046/2.482853/0231/M000000007/R000000021
R000000047/2.345679/0231/M000000007/R000000022
R000000046/2.606310/0293/R000000047
R000000040/4.130468/0174/R000000041/R000000046
R000000048/2.606310/0231/R000000005/R000000021
R000000048/2.758726/0287/R000000046
R000000040/4.267643/0112/R000000041/R000000048
R000000039/4.589409/0028/R000000040
R000000050/2.606310/0112/R000000041/R000000005
R000000051/1.000000/0000/Guesstimate
R000000050/3.854596/0112/R000000036/R000000051
R000000053/1.371742/0198/R000000021
R000000053/1.371742/0298/R000000021
R000000052/1.524158/0295/R000000053
R000000049/4.589409/0231/R000000050/R000000052
R000000039/5.099344/0028/R000000049
<NEXT>