#
#  Reaction log file
#  Author: LigBuilder V3 User_Diana
#  Creation time: Sat Feb 28 06:51:28 2026
#  Format:
#  QueryMoleculeId/Cost/SynthesizeId/ReactantId1/ReactantId2/ReactantId3.....
#  Id prefix:
#  Q --- Query Molecule
#  M --- Material
#  R --- Reactant
#
Directory      result/synthesize_HsDHODH/163/DATABASE/
#
Q000000001/4.420058/0000/R000000001
R000000004/1.000000/0000/Guesstimate
M000000006/1.000000/0000/Sigma_BB-63702910
R000000005/1.111111/0153/M000000006
M000000007/1.000000/0000/Sigma_BB-70737316
R000000005/1.111111/0287/M000000007
R000000003/2.345679/0112/R000000004/R000000005
R000000009/1.000000/0000/Guesstimate
R000000008/2.222222/0174/R000000009/M000000007
R000000008/2.345679/0112/R000000009/R000000005
R000000010/1.000000/0000/Guesstimate
R000000003/3.580247/0012/R000000008/R000000010
M000000013/1.000000/0000/Sigma_BB-27961009
R000000012/1.111111/0099/M000000013
M000000014/1.000000/0000/Sigma_BB-129759681
R000000012/1.111111/0099/M000000014
R000000011/1.234568/0293/R000000012
R000000002/3.978052/0231/R000000003/R000000011
R000000001/4.420058/0028/R000000002
R000000017/1.000000/0000/Guesstimate
R000000016/2.222222/0231/M000000007/R000000017
R000000019/1.000000/0000/Guesstimate
R000000018/2.222222/0231/M000000007/R000000019
R000000016/2.469136/0147/R000000018
R000000015/3.580247/0174/R000000009/R000000016
R000000020/2.345679/0231/R000000005/R000000017
R000000020/2.469136/0287/R000000016
R000000015/3.717421/0112/R000000009/R000000020
R000000001/5.089163/0012/R000000015/R000000010
Q000000002/4.420058/0000/R000000001
Q000000003/4.299819/0000/R000000021
R000000023/1.000000/0000/Guesstimate
R000000024/2.482853/0231/M000000007/R000000011
R000000025/2.345679/0231/M000000007/R000000012
R000000024/2.606310/0293/R000000025
R000000022/3.869837/0174/R000000023/R000000024
R000000026/2.345679/0112/R000000023/R000000005
R000000027/2.222222/0112/R000000023/M000000006
M000000028/1.000000/0000/Sigma_BB-28769194
R000000027/2.222222/0174/R000000023/M000000028
R000000026/2.469136/0153/R000000027
R000000022/3.978052/0231/R000000026/R000000011
R000000021/4.299819/0028/R000000022
R000000032/1.000000/0000/Guesstimate
R000000031/3.580247/0175/R000000032/R000000016
R000000033/1.000000/0000/Guesstimate
R000000031/3.717421/0003/R000000020/R000000033
R000000030/5.089163/0012/R000000031/R000000010
R000000030/5.089163/0285/R000000031/R000000010
R000000034/1.000000/0000/Guesstimate
R000000029/6.765737/0224/R000000030/R000000034
R000000021/7.517486/0082/R000000029
<NEXT>