#
#  Reaction log file
#  Author: LigBuilder V3 User_Diana
#  Creation time: Sat Feb 28 06:49:41 2026
#  Format:
#  QueryMoleculeId/Cost/SynthesizeId/ReactantId1/ReactantId2/ReactantId3.....
#  Id prefix:
#  Q --- Query Molecule
#  M --- Material
#  R --- Reactant
#
Directory      result/synthesize_HsDHODH/116/DATABASE/
#
Q000000001/Analysis Failed
Q000000002/2.635269/0000/R000000001
M000000005/1.000000/0000/Sigma_BB-243276428
R000000004/1.111111/0287/M000000005
R000000003/1.234568/0125/R000000004
R000000006/1.000000/0000/Guesstimate
R000000003/2.345679/0112/R000000004/R000000006
R000000002/1.371742/0040/R000000003
R000000008/1.111111/0114/M000000005
R000000009/1.000000/0000/Guesstimate
R000000007/2.345679/0004/R000000008/R000000009
R000000011/1.000000/0000/Guesstimate
R000000010/1.111111/0040/R000000011
R000000012/1.000000/0000/Guesstimate
R000000010/2.222222/0004/R000000009/R000000012
R000000007/2.345679/0175/M000000005/R000000010
R000000002/2.606310/0073/R000000007
M000000013/1.000000/0000/Sigma_BB-27187512
R000000001/2.635269/0119/R000000002/M000000013
M000000017/1.000000/0000/Sigma_BB-28807747
R000000016/1.111111/0257/M000000017
M000000018/1.000000/0000/Sigma_BB-27087339
R000000019/1.000000/0000/Guesstimate
R000000016/2.222222/0224/M000000018/R000000019
R000000015/1.234568/0040/R000000016
R000000021/1.000000/0000/Guesstimate
R000000020/2.222222/0224/M000000018/R000000021
R000000015/2.469136/0024/R000000020
R000000014/2.482853/0221/R000000015/M000000013
M000000024/1.000000/0000/Sigma_BB-28104598
R000000023/1.111111/0302/M000000024
R000000025/1.000000/0000/Guesstimate
R000000022/2.345679/0224/R000000023/R000000025
R000000027/1.000000/0000/Guesstimate
R000000026/2.345679/0224/R000000023/R000000027
R000000022/2.606310/0260/R000000026
R000000014/3.717421/0119/R000000022/M000000013
R000000001/2.758726/0119/R000000014
Q000000003/3.048316/0000/R000000028
M000000032/1.000000/0000/Sigma_BB-30481179
R000000031/1.111111/0257/M000000032
M000000033/1.000000/0000/Sigma_BB-28758394
R000000031/2.222222/0224/M000000033/R000000019
R000000030/1.234568/0040/R000000031
R000000034/2.222222/0224/M000000033/R000000021
R000000030/2.469136/0024/R000000034
M000000037/1.000000/0000/Sigma_BB-326529891
R000000036/1.111111/0044/M000000037
M000000039/1.000000/0000/Sigma_BB-327401854
R000000038/1.111111/0044/M000000039
R000000040/1.000000/0000/Guesstimate
R000000036/2.345679/0112/R000000038/R000000040
R000000035/1.234568/0147/R000000036
M000000042/1.000000/0000/Sigma_BB-326526047
R000000043/1.000000/0000/Guesstimate
R000000041/2.222222/0003/M000000042/R000000043
M000000045/1.000000/0000/Sigma_BB-28665883
R000000044/2.222222/0003/M000000045/R000000043
M000000046/1.000000/0000/Sigma_BB-184773838
R000000047/1.000000/0000/Guesstimate
R000000044/2.222222/0049/M000000046/R000000047
R000000041/2.469136/0044/R000000044
R000000035/2.469136/0147/R000000041
R000000029/2.743484/0221/R000000030/R000000035
M000000050/1.000000/0000/Sigma_BB-136985511
R000000049/2.222222/0224/M000000050/R000000025
R000000048/2.469136/0024/R000000049
R000000051/2.222222/0224/M000000024/R000000021
M000000052/1.000000/0000/Sigma_BB-79678922
R000000054/1.000000/0000/Guesstimate
R000000055/1.000000/0000/Guesstimate
R000000053/2.222222/0012/R000000054/R000000055
R000000056/1.000000/0000/Guesstimate
R000000053/2.222222/0112/R000000056/R000000006
R000000051/3.580247/0159/M000000052/R000000053
R000000048/2.469136/0024/R000000051
R000000029/4.115227/0119/R000000048/R000000035
R000000028/3.048316/0119/R000000029
M000000059/1.000000/0000/Sigma_BB-30183544
R000000061/1.000000/0000/Guesstimate
R000000060/2.222222/0012/R000000054/R000000061
R000000062/1.000000/0000/Guesstimate
R000000060/2.222222/0112/R000000062/R000000006
R000000058/3.580247/0159/M000000059/R000000060
R000000065/1.000000/0000/Guesstimate
R000000064/2.222222/0012/R000000054/R000000065
R000000066/1.000000/0000/Guesstimate
R000000064/2.222222/0112/R000000066/R000000006
R000000063/3.580247/0159/M000000059/R000000064
R000000067/1.000000/0000/Guesstimate
R000000058/5.089163/0276/R000000063/R000000067
R000000057/3.978053/0024/R000000058
R000000069/1.000000/0000/Guesstimate
R000000068/5.089163/0174/R000000063/R000000069
R000000070/1.111111/0287/R000000069
R000000068/5.212621/0112/R000000063/R000000070
R000000057/5.654626/0025/R000000068
R000000028/5.791801/0119/R000000057/R000000035
<NEXT>