#
#  Reaction log file
#  Author: LigBuilder V3 User_Diana
#  Creation time: Sat Feb 28 06:52:21 2026
#  Format:
#  QueryMoleculeId/Cost/SynthesizeId/ReactantId1/ReactantId2/ReactantId3.....
#  Id prefix:
#  Q --- Query Molecule
#  M --- Material
#  R --- Reactant
#
Directory      result/synthesize_HsDHODH/194/DATABASE/
#
Q000000001/2.895900/0000/R000000001
M000000004/1.000000/0000/Sigma_BB-30439426
R000000003/1.111111/0222/M000000004
M000000007/1.000000/0000/Sigma_BB-28769716
R000000006/1.111111/0091/M000000007
R000000005/1.234568/0079/R000000006
M000000009/1.000000/0000/Sigma_BB-29038349
R000000010/1.000000/0000/Guesstimate
R000000008/2.222222/0004/M000000009/R000000010
R000000005/2.469136/0009/R000000008
R000000002/2.606310/0221/R000000003/R000000005
M000000012/1.000000/0000/Sigma_BB-30183544
R000000014/1.000000/0000/Guesstimate
R000000015/1.000000/0000/Guesstimate
R000000013/2.222222/0279/R000000014/R000000015
R000000013/2.222222/0279/R000000014/R000000015
R000000011/3.580247/0159/M000000012/R000000013
R000000018/1.000000/0000/Guesstimate
R000000017/2.222222/0279/R000000014/R000000018
R000000017/2.222222/0279/R000000014/R000000018
R000000016/3.580247/0159/M000000012/R000000017
R000000019/1.000000/0000/Guesstimate
R000000011/5.089163/0275/R000000016/R000000019
R000000002/5.349795/0119/R000000011/R000000005
R000000001/2.895900/0059/R000000002
R000000020/1.371742/0059/R000000005
M000000023/1.000000/0000/Sigma_BB-29107419
R000000022/1.111111/0164/M000000023
R000000024/1.000000/0000/Guesstimate
R000000022/2.222222/0174/M000000023/R000000024
R000000021/1.234568/0040/R000000022
M000000026/1.000000/0000/Sigma_BB-30386853
R000000025/1.111111/0125/M000000026
R000000025/2.222222/0112/M000000026/R000000024
R000000021/1.234568/0059/R000000025
R000000020/1.371742/0153/R000000021
R000000001/5.502210/0119/R000000011/R000000020
Q000000002/2.606310/0000/R000000027
M000000029/1.000000/0000/Sigma_BB-28758567
R000000028/2.345679/0221/R000000003/M000000029
R000000028/5.089163/0119/R000000011/M000000029
R000000027/2.606310/0114/R000000028
R000000030/1.111111/0114/M000000029
M000000032/1.000000/0000/Sigma_BB-28502776
R000000031/1.111111/0040/M000000032
M000000034/1.000000/0000/Sigma_BB-28761148
R000000033/1.111111/0114/M000000034
R000000031/1.234568/0024/R000000033
R000000030/1.234568/0153/R000000031
R000000027/5.212621/0119/R000000011/R000000030
Q000000003/2.606310/0000/R000000027
<NEXT>