#
#  Reaction log file
#  Author: LigBuilder V3 User_Diana
#  Creation time: Sat Feb 28 06:53:58 2026
#  Format:
#  QueryMoleculeId/Cost/SynthesizeId/ReactantId1/ReactantId2/ReactantId3.....
#  Id prefix:
#  Q --- Query Molecule
#  M --- Material
#  R --- Reactant
#
Directory      result/synthesize_HsDHODH/253/DATABASE/
#
Q000000001/Analysis Failed
Q000000002/2.482853/0000/R000000001
M000000004/1.000000/0000/Sigma_BB-28767334
R000000003/1.111111/0074/M000000004
M000000006/1.000000/0000/Sigma_BB-29509005
R000000007/1.000000/0000/Guesstimate
R000000005/2.222222/0173/M000000006/R000000007
R000000008/1.000000/0000/Guesstimate
R000000005/2.222222/0175/M000000006/R000000008
R000000003/2.469136/0082/R000000005
R000000002/1.234568/0040/R000000003
M000000011/1.000000/0000/Sigma_BB-28760241
R000000012/1.000000/0000/Guesstimate
R000000010/2.222222/0119/M000000011/R000000012
R000000010/2.222222/0280/M000000011/R000000012
R000000009/3.580247/0173/R000000010/R000000007
R000000009/3.580247/0175/R000000010/R000000008
R000000002/3.978053/0024/R000000009
R000000013/1.000000/0000/Guesstimate
R000000001/2.482853/0119/R000000002/R000000013
R000000015/2.222222/0119/M000000011/R000000013
M000000016/1.000000/0000/Sigma_BB-28757047
R000000015/2.222222/0221/M000000016/R000000013
R000000014/2.469136/0074/R000000015
M000000019/1.000000/0000/Sigma_BB-28200223
R000000018/1.111111/0074/M000000019
R000000018/1.111111/0167/M000000019
R000000017/1.234568/0040/R000000018
M000000021/1.000000/0000/Sigma_BB-28798618
R000000020/1.111111/0074/M000000021
R000000020/1.111111/0167/M000000021
R000000017/1.234568/0073/R000000020
R000000014/2.482853/0119/R000000017/R000000013
R000000001/2.743484/0147/R000000014
Q000000003/2.743484/0000/R000000022
M000000025/1.000000/0000/Sigma_BB-326591676
R000000024/2.222222/0119/M000000025/R000000012
R000000024/2.222222/0280/M000000025/R000000012
R000000023/2.469136/0287/R000000024
R000000022/2.743484/0024/R000000023
M000000028/1.000000/0000/Sigma_BB-292599442
R000000027/1.111111/0287/M000000028
R000000031/1.000000/0000/Guesstimate
R000000032/1.000000/0000/Guesstimate
R000000030/2.222222/0174/R000000031/R000000032
R000000030/2.222222/0289/R000000031/R000000032
R000000029/2.469136/0197/R000000030
R000000033/7.400000/0000/Guesstimate
R000000029/8.222222/0091/R000000033
R000000026/3.978053/0174/R000000027/R000000029
R000000034/1.234568/0287/R000000027
R000000034/1.234568/0287/R000000027
R000000026/4.115227/0112/R000000034/R000000029
R000000022/4.420059/0025/R000000026
<NEXT>