#
#  Reaction log file
#  Author: LigBuilder V3 User_Diana
#  Creation time: Sat Feb 28 06:52:27 2026
#  Format:
#  QueryMoleculeId/Cost/SynthesizeId/ReactantId1/ReactantId2/ReactantId3.....
#  Id prefix:
#  Q --- Query Molecule
#  M --- Material
#  R --- Reactant
#
Directory      result/synthesize_HsDHODH/195/DATABASE/
#
Q000000001/2.606310/0000/R000000001
M000000004/1.000000/0000/Sigma_BB-30439426
R000000003/1.111111/0222/M000000004
M000000005/1.000000/0000/Sigma_BB-28758567
R000000002/2.345679/0221/R000000003/M000000005
M000000007/1.000000/0000/Sigma_BB-30183544
R000000009/1.000000/0000/Guesstimate
R000000010/1.000000/0000/Guesstimate
R000000008/2.222222/0279/R000000009/R000000010
R000000008/2.222222/0279/R000000009/R000000010
R000000006/3.580247/0159/M000000007/R000000008
R000000013/1.000000/0000/Guesstimate
R000000012/2.222222/0279/R000000009/R000000013
R000000012/2.222222/0279/R000000009/R000000013
R000000011/3.580247/0159/M000000007/R000000012
R000000014/1.000000/0000/Guesstimate
R000000006/5.089163/0275/R000000011/R000000014
R000000002/5.089163/0119/R000000006/M000000005
R000000001/2.606310/0114/R000000002
R000000015/1.111111/0114/M000000005
M000000017/1.000000/0000/Sigma_BB-28502776
R000000016/1.111111/0040/M000000017
M000000019/1.000000/0000/Sigma_BB-28761148
R000000018/1.111111/0114/M000000019
R000000016/1.234568/0024/R000000018
R000000015/1.234568/0153/R000000016
R000000001/5.212621/0119/R000000006/R000000015
Q000000002/2.606310/0000/R000000001
Q000000003/2.469136/0000/R000000020
M000000022/1.000000/0000/Sigma_BB-27087465
M000000023/1.000000/0000/Sigma_BB-28677281
R000000021/2.222222/0221/M000000022/M000000023
R000000025/1.111111/0165/M000000022
R000000026/1.000000/0000/Guesstimate
R000000025/2.222222/0159/M000000007/R000000026
R000000024/1.234568/0040/R000000025
M000000028/1.000000/0000/Sigma_BB-28104598
R000000029/1.000000/0000/Guesstimate
R000000027/2.222222/0224/M000000028/R000000029
R000000024/2.469136/0119/R000000027
R000000021/2.482853/0119/R000000024/M000000023
R000000020/2.469136/0114/R000000021
R000000030/1.111111/0114/M000000023
M000000033/1.000000/0000/Sigma_BB-29038349
R000000032/1.111111/0125/M000000033
R000000034/1.000000/0000/Guesstimate
R000000032/2.222222/0112/M000000033/R000000034
R000000031/1.234568/0114/R000000032
R000000035/1.111111/0114/M000000033
R000000035/1.234568/0287/R000000015
R000000031/2.345679/0112/R000000035/R000000034
R000000030/1.371742/0147/R000000031
R000000020/2.606310/0119/R000000024/R000000030
<NEXT>