#
#  Reaction log file
#  Author: LigBuilder V3 User_Diana
#  Creation time: Sat Feb 28 06:50:25 2026
#  Format:
#  QueryMoleculeId/Cost/SynthesizeId/ReactantId1/ReactantId2/ReactantId3.....
#  Id prefix:
#  Q --- Query Molecule
#  M --- Material
#  R --- Reactant
#
Directory      result/synthesize_HsDHODH/147/DATABASE/
#
Q000000001/Analysis Failed
Q000000002/2.635269/0000/R000000001
R000000002/1.000000/0000/Guesstimate
M000000006/1.000000/0000/Sigma_BB-311676913
R000000005/1.111111/0287/M000000006
R000000004/1.234568/0299/R000000005
M000000008/1.000000/0000/Sigma_BB-76849861
R000000007/1.111111/0287/M000000008
R000000004/1.234568/0299/R000000007
R000000003/1.371742/0287/R000000004
R000000009/1.234568/0287/R000000007
R000000010/1.111111/0287/M000000008
M000000011/1.000000/0000/Sigma_BB-326693820
R000000010/1.111111/0299/M000000011
R000000009/1.234568/0287/R000000010
R000000003/1.371742/0299/R000000009
R000000001/2.635269/0112/R000000002/R000000003
R000000013/1.000000/0000/Guesstimate
R000000012/2.482853/0174/R000000013/R000000004
R000000012/2.635269/0112/R000000013/R000000003
R000000001/2.758726/0147/R000000012
Q000000003/2.635269/0000/R000000001
Q000000004/2.635269/0000/R000000001
<NEXT>