#
#  Reaction log file
#  Author: LigBuilder V3 User_Diana
#  Creation time: Sat Feb 28 06:54:26 2026
#  Format:
#  QueryMoleculeId/Cost/SynthesizeId/ReactantId1/ReactantId2/ReactantId3.....
#  Id prefix:
#  Q --- Query Molecule
#  M --- Material
#  R --- Reactant
#
Directory      result/synthesize_HsDHODH/272/DATABASE/
#
Q000000001/4.436994/0000/R000000001
M000000004/1.000000/0000/Sigma_BB-28426400
R000000005/1.000000/0000/Guesstimate
R000000003/2.222222/0004/M000000004/R000000005
M000000006/1.000000/0000/Sigma_BB-299859477
R000000007/1.000000/0000/Guesstimate
R000000003/2.222222/0004/M000000006/R000000007
M000000011/1.000000/0000/Sigma_BB-28764950
R000000010/1.111111/0085/M000000011
R000000009/1.234568/0204/R000000010
R000000008/1.371742/0059/R000000009
R000000013/1.000000/0000/Guesstimate
R000000012/2.222222/0212/M000000011/R000000013
R000000012/2.222222/0212/M000000011/R000000013
R000000008/2.469136/0085/R000000012
R000000002/3.993294/0212/R000000003/R000000008
R000000002/3.993294/0212/R000000003/R000000008
R000000001/4.436994/0028/R000000002
R000000015/2.345679/0212/R000000010/R000000013
R000000017/1.000000/0000/Guesstimate
R000000016/2.222222/0004/M000000011/R000000017
R000000016/2.222222/0277/M000000011/R000000017
R000000015/2.469136/0197/R000000016
R000000014/5.075447/0212/R000000003/R000000015
R000000014/5.075447/0212/R000000003/R000000015
R000000001/5.639385/0028/R000000014
Q000000002/3.217667/0000/R000000018
M000000022/1.000000/0000/Sigma_BB-34698116
R000000021/1.111111/0287/M000000022
M000000023/1.000000/0000/Sigma_BB-187814628
R000000024/1.000000/0000/Guesstimate
R000000021/2.222222/0175/M000000023/R000000024
R000000027/1.000000/0000/Guesstimate
R000000026/1.111111/0125/R000000027
R000000028/1.000000/0000/Guesstimate
R000000026/2.222222/0112/R000000028/R000000027
R000000025/1.234568/0040/R000000026
R000000030/1.000000/0000/Guesstimate
R000000029/2.222222/0004/R000000027/R000000030
R000000031/1.000000/0000/Guesstimate
R000000032/1.000000/0000/Guesstimate
R000000029/3.333333/0225/R000000027/R000000031/R000000032
R000000025/2.469136/0216/R000000029
R000000020/2.606310/0119/R000000021/R000000025
R000000033/2.482853/0119/M000000023/R000000025
R000000033/2.482853/0280/M000000023/R000000025
R000000020/3.869837/0175/R000000033/R000000024
R000000019/2.895900/0165/R000000020
M000000036/1.000000/0000/Sigma_BB-151008381
R000000037/1.000000/0000/Guesstimate
R000000035/2.222222/0175/M000000036/R000000037
R000000035/2.222222/0290/M000000036/R000000037
R000000034/2.469136/0041/R000000035
M000000039/1.000000/0000/Sigma_BB-28426396
R000000038/2.222222/0175/M000000039/R000000024
R000000038/2.222222/0290/M000000039/R000000024
R000000034/3.580247/0112/R000000038/R000000028
R000000019/4.115227/0119/R000000034/R000000025
R000000018/3.217667/0041/R000000019
M000000043/1.000000/0000/Sigma_BB-243316911
R000000042/1.111111/0287/M000000043
R000000042/1.111111/0287/M000000043
R000000044/1.000000/0000/Guesstimate
R000000041/2.345679/0003/R000000042/R000000044
R000000041/2.469136/0041/R000000035
R000000040/3.978052/0119/R000000041/R000000025
R000000045/2.606310/0119/R000000042/R000000025
R000000046/1.371742/0091/R000000025
R000000045/2.758726/0276/R000000042/R000000046
R000000040/4.007011/0003/R000000045/R000000044
R000000018/4.420058/0041/R000000040
Q000000003/3.217667/0000/R000000018
<NEXT>