#
#  Reaction log file
#  Author: LigBuilder V3 User_Diana
#  Creation time: Sat Feb 28 06:49:01 2026
#  Format:
#  QueryMoleculeId/Cost/SynthesizeId/ReactantId1/ReactantId2/ReactantId3.....
#  Id prefix:
#  Q --- Query Molecule
#  M --- Material
#  R --- Reactant
#
Directory      result/synthesize_HsDHODH/92/DATABASE/
#
Q000000001/Analysis Failed
Q000000002/Analysis Failed
Q000000003/1.524158/0000/R000000001
M000000005/1.000000/0000/Sigma_BB-244165838
R000000004/1.111111/0213/M000000005
R000000003/1.234568/0091/R000000004
R000000002/1.371742/0079/R000000003
M000000007/1.000000/0000/Sigma_BB-28835002
R000000008/1.000000/0000/Guesstimate
R000000006/2.222222/0112/M000000007/R000000008
M000000010/1.000000/0000/Sigma_BB-30391580
R000000009/1.111111/0125/M000000010
R000000009/2.222222/0112/M000000010/R000000008
R000000006/2.345679/0112/R000000009/R000000008
R000000002/2.469136/0059/R000000006
R000000001/1.524158/0059/R000000002
R000000011/2.469136/0059/R000000006
R000000013/7.800000/0000/Guesstimate
R000000012/8.666667/0287/R000000013
R000000014/8.700000/0000/Guesstimate
R000000015/1.000000/0000/Guesstimate
R000000012/9.700000/0231/R000000014/R000000015
R000000011/9.629630/0082/R000000012
R000000001/2.743484/0059/R000000011
<NEXT>