#
#  Reaction log file
#  Author: LigBuilder V3 User_Diana
#  Creation time: Sat Feb 28 06:50:32 2026
#  Format:
#  QueryMoleculeId/Cost/SynthesizeId/ReactantId1/ReactantId2/ReactantId3.....
#  Id prefix:
#  Q --- Query Molecule
#  M --- Material
#  R --- Reactant
#
Directory      result/synthesize_HsDHODH/148/DATABASE/
#
Q000000001/2.635269/0000/R000000001
R000000002/1.000000/0000/Guesstimate
M000000006/1.000000/0000/Sigma_BB-258735980
R000000005/1.111111/0287/M000000006
R000000004/1.234568/0299/R000000005
R000000003/1.371742/0299/R000000004
R000000008/1.111111/0299/M000000006
R000000007/1.234568/0287/R000000008
R000000007/1.234568/0299/R000000005
R000000003/1.371742/0299/R000000007
R000000001/2.635269/0112/R000000002/R000000003
M000000012/1.000000/0000/Sigma_BB-244164693
R000000011/2.222222/0174/R000000002/M000000012
R000000011/2.222222/0289/R000000002/M000000012
R000000010/2.469136/0104/R000000011
R000000010/2.469136/0104/R000000011
R000000013/1.000000/0000/Guesstimate
R000000009/3.854596/0301/R000000010/R000000013
R000000009/3.854596/0301/R000000010/R000000013
R000000001/4.282884/0160/R000000009
Q000000002/2.758726/0000/R000000014
R000000016/1.000000/0000/Guesstimate
M000000019/1.000000/0000/Sigma_BB-311676913
R000000018/1.111111/0287/M000000019
R000000017/1.234568/0299/R000000018
M000000021/1.000000/0000/Sigma_BB-76849861
R000000020/1.111111/0287/M000000021
R000000017/1.234568/0299/R000000020
R000000015/2.482853/0174/R000000016/R000000017
R000000024/1.000000/0000/Guesstimate
R000000023/2.482853/0275/R000000024/R000000017
R000000022/2.758726/0125/R000000023
R000000025/1.000000/0000/Guesstimate
R000000022/3.869837/0112/R000000023/R000000025
R000000015/3.065251/0178/R000000022
R000000014/2.758726/0041/R000000015
R000000028/1.371742/0074/R000000017
R000000028/1.371742/0167/R000000017
R000000027/1.524158/0040/R000000028
R000000026/1.693509/0091/R000000027
R000000029/1.000000/0000/Guesstimate
R000000014/2.992788/0112/R000000026/R000000029
Q000000003/2.758726/0000/R000000014
<NEXT>