#
#  Reaction log file
#  Author: LigBuilder V3 User_Diana
#  Creation time: Sat Feb 28 06:50:15 2026
#  Format:
#  QueryMoleculeId/Cost/SynthesizeId/ReactantId1/ReactantId2/ReactantId3.....
#  Id prefix:
#  Q --- Query Molecule
#  M --- Material
#  R --- Reactant
#
Directory      result/synthesize_HsDHODH/136/DATABASE/
#
Q000000001/Analysis Failed
Q000000002/Analysis Failed
Q000000003/3.048316/0000/R000000001
M000000005/1.000000/0000/Sigma_BB-35297850
R000000004/1.111111/0299/M000000005
M000000006/1.000000/0000/Sigma_BB-28999376
R000000007/1.000000/0000/Guesstimate
R000000004/2.222222/0274/M000000006/R000000007
R000000003/1.234568/0302/R000000004
M000000009/1.000000/0000/Sigma_BB-316185787
R000000008/1.111111/0299/M000000009
R000000008/1.111111/0302/M000000006
R000000003/2.345679/0274/R000000008/R000000007
M000000012/1.000000/0000/Sigma_BB-27949023
R000000011/1.111111/0125/M000000012
R000000013/1.000000/0000/Guesstimate
R000000011/2.222222/0112/M000000012/R000000013
R000000010/1.234568/0041/R000000011
R000000010/1.234568/0233/R000000011
R000000002/2.743484/0003/R000000003/R000000010
M000000016/1.000000/0000/Sigma_BB-28516749
R000000015/2.345679/0274/R000000008/M000000016
R000000018/1.000000/0000/Guesstimate
R000000017/2.345679/0274/R000000008/R000000018
R000000020/1.000000/0000/Guesstimate
R000000019/2.345679/0274/R000000008/R000000020
R000000017/2.606310/0300/R000000019
R000000021/1.000000/0000/Guesstimate
R000000015/3.717421/0277/R000000017/R000000021
R000000014/2.606310/0024/R000000015
R000000014/3.717421/0004/R000000017/R000000007
R000000023/1.234568/0125/R000000011
R000000023/2.345679/0112/R000000013/R000000011
R000000022/1.371742/0041/R000000023
R000000025/1.000000/0000/Guesstimate
R000000024/2.482853/0004/R000000025/R000000010
R000000022/2.758726/0009/R000000024
R000000002/4.420058/0049/R000000014/R000000022
R000000001/3.048316/0099/R000000002
R000000028/1.000000/0000/Guesstimate
R000000027/2.345679/0003/R000000028/R000000011
R000000027/2.482853/0049/R000000023/R000000007
R000000026/5.212620/0122/R000000017/R000000027
R000000026/5.212620/0122/R000000017/R000000027
R000000001/5.791800/0041/R000000026
<NEXT>