#
#  Reaction log file
#  Author: LigBuilder V3 User_Diana
#  Creation time: Sat Feb 28 06:50:08 2026
#  Format:
#  QueryMoleculeId/Cost/SynthesizeId/ReactantId1/ReactantId2/ReactantId3.....
#  Id prefix:
#  Q --- Query Molecule
#  M --- Material
#  R --- Reactant
#
Directory      result/synthesize_HsDHODH/145/DATABASE/
#
Q000000001/5.639385/0000/R000000001
R000000004/1.000000/0000/Guesstimate
R000000005/1.000000/0000/Guesstimate
R000000003/2.222222/0004/R000000004/R000000005
M000000007/1.000000/0000/Sigma_BB-28524129
R000000008/1.000000/0000/Guesstimate
R000000006/2.222222/0212/M000000007/R000000008
R000000006/2.222222/0212/M000000007/R000000008
R000000003/2.469136/0024/R000000006
R000000002/2.469136/0086/R000000003
R000000002/2.469136/0091/R000000003
M000000012/1.000000/0000/Sigma_BB-28769357
R000000011/1.111111/0104/M000000012
R000000011/1.111111/0104/M000000012
M000000013/1.000000/0000/Sigma_BB-28830301
R000000010/2.345679/0212/R000000011/M000000013
R000000010/2.345679/0212/R000000011/M000000013
R000000009/2.606310/0160/R000000010
R000000014/9.600000/0000/Guesstimate
R000000009/9.600000/0299/R000000014
R000000001/5.639385/0174/R000000002/R000000009
M000000018/1.000000/0000/Sigma_BB-244164693
R000000017/3.854596/0174/R000000002/M000000018
R000000017/3.854596/0289/R000000002/M000000018
R000000016/4.282884/0104/R000000017
R000000016/4.282884/0104/R000000017
R000000019/1.000000/0000/Guesstimate
R000000015/5.869872/0301/R000000016/R000000019
R000000015/5.869872/0301/R000000016/R000000019
R000000001/6.522080/0160/R000000015
Q000000002/5.639385/0000/R000000001
Q000000003/5.807042/0000/R000000020
M000000024/1.000000/0000/Sigma_BB-183143325
R000000025/1.000000/0000/Guesstimate
R000000023/2.222222/0004/M000000024/R000000025
R000000027/9.300000/0000/Guesstimate
R000000026/9.300000/0082/R000000027
R000000028/8.800000/0000/Guesstimate
R000000026/9.777779/0118/R000000028
R000000023/9.777779/0040/R000000026
M000000030/1.000000/0000/Sigma_BB-28247348
R000000029/1.111111/0085/M000000030
R000000031/1.000000/0000/Guesstimate
R000000029/2.222222/0004/R000000025/R000000031
R000000022/3.703704/0212/R000000023/R000000029
R000000022/3.703704/0212/R000000023/R000000029
M000000032/1.000000/0000/Sigma_BB-292618290
R000000021/5.226338/0212/R000000022/M000000032
R000000021/5.226338/0212/R000000022/M000000032
R000000020/5.807042/0296/R000000021
R000000020/5.807042/0296/R000000021
<NEXT>