#
#  Reaction log file
#  Author: LigBuilder V3 User_Diana
#  Creation time: Sat Feb 28 06:51:14 2026
#  Format:
#  QueryMoleculeId/Cost/SynthesizeId/ReactantId1/ReactantId2/ReactantId3.....
#  Id prefix:
#  Q --- Query Molecule
#  M --- Material
#  R --- Reactant
#
Directory      result/synthesize_HsDHODH/165/DATABASE/
#
Q000000001/4.159427/0000/R000000001
M000000005/1.000000/0000/Sigma_BB-70737316
R000000006/1.000000/0000/Guesstimate
R000000004/2.222222/0231/M000000005/R000000006
R000000003/2.469136/0074/R000000004
R000000003/2.469136/0167/R000000004
R000000002/2.743484/0040/R000000003
R000000008/1.000000/0000/Guesstimate
R000000007/3.580247/0175/R000000004/R000000008
R000000009/2.222222/0175/M000000005/R000000008
R000000009/2.222222/0290/M000000005/R000000008
R000000007/3.580247/0231/R000000009/R000000006
R000000002/3.978053/0216/R000000007
R000000010/1.000000/0000/Guesstimate
R000000001/4.159427/0003/R000000002/R000000010
R000000011/3.048316/0091/R000000002
R000000013/2.222222/0174/R000000008/M000000005
R000000013/2.222222/0289/R000000008/M000000005
R000000012/2.469136/0197/R000000013
R000000014/9.900000/0000/Guesstimate
R000000012/9.900000/0260/R000000014
R000000011/3.854596/0231/R000000012/R000000006
R000000015/1.000000/0000/Guesstimate
R000000001/4.498129/0003/R000000011/R000000015
Q000000002/4.159427/0000/R000000001
Q000000003/6.096632/0000/R000000016
M000000020/1.000000/0000/Sigma_BB-31058715
R000000021/1.000000/0000/Guesstimate
R000000019/2.222222/0003/M000000020/R000000021
R000000018/2.469136/0147/R000000019
M000000024/1.000000/0000/Sigma_BB-28759852
R000000023/1.111111/0086/M000000024
R000000023/1.111111/0091/M000000024
R000000022/2.345679/0112/R000000023/R000000021
R000000018/2.606310/0147/R000000022
R000000027/1.000000/0000/Guesstimate
R000000028/1.000000/0000/Guesstimate
R000000026/2.222222/0277/R000000027/R000000028
R000000025/2.469136/0295/R000000026
R000000030/1.000000/0000/Guesstimate
R000000031/1.000000/0000/Guesstimate
R000000029/2.222222/0004/R000000030/R000000031
R000000032/1.000000/0000/Guesstimate
R000000025/3.580247/0280/R000000029/R000000032
R000000017/5.486969/0279/R000000018/R000000025
R000000017/5.486969/0279/R000000018/R000000025
R000000016/6.096632/0279/R000000017
R000000033/5.486969/0279/R000000018/R000000025
R000000033/5.486969/0279/R000000018/R000000025
R000000016/6.096632/0279/R000000033
<NEXT>