#
#  Reaction log file
#  Author: LigBuilder V3 User_Diana
#  Creation time: Sat Feb 28 06:54:21 2026
#  Format:
#  QueryMoleculeId/Cost/SynthesizeId/ReactantId1/ReactantId2/ReactantId3.....
#  Id prefix:
#  Q --- Query Molecule
#  M --- Material
#  R --- Reactant
#
Directory      result/synthesize_HsDHODH/268/DATABASE/
#
Q000000001/5.393995/0000/R000000001
M000000002/1.000000/0000/Sigma_BB-27325035
R000000004/1.000000/0000/Guesstimate
R000000007/1.000000/0000/Guesstimate
R000000008/1.000000/0000/Guesstimate
R000000006/2.222222/0279/R000000007/R000000008
R000000006/2.222222/0279/R000000007/R000000008
R000000005/2.469136/0279/R000000006
R000000009/8.900000/0000/Guesstimate
R000000005/9.888888/0188/R000000009
R000000003/3.854596/0112/R000000004/R000000005
R000000012/1.000000/0000/Guesstimate
R000000013/1.000000/0000/Guesstimate
R000000011/2.222222/0138/R000000012/R000000013
R000000014/1.000000/0000/Guesstimate
R000000010/3.580247/0061/R000000011/R000000014
R000000015/1.000000/0000/Guesstimate
R000000010/3.580247/0062/R000000011/R000000015
R000000003/3.978053/0147/R000000010
R000000001/5.393995/0018/M000000002/R000000003
R000000017/2.222222/0018/M000000002/R000000004
R000000019/1.000000/0000/Guesstimate
R000000018/2.222222/0018/M000000002/R000000019
R000000017/2.469136/0091/R000000018
R000000022/1.000000/0000/Guesstimate
R000000021/2.222222/0279/R000000007/R000000022
R000000021/2.222222/0279/R000000007/R000000022
R000000020/2.469136/0279/R000000021
R000000023/2.222222/0279/R000000007/R000000022
R000000023/2.222222/0279/R000000007/R000000022
R000000020/2.469136/0279/R000000023
R000000016/5.212621/0112/R000000017/R000000020
R000000024/1.000000/0000/Guesstimate
R000000001/6.902912/0095/R000000016/R000000024
Q000000002/5.393995/0000/R000000025
R000000029/1.000000/0000/Guesstimate
R000000028/2.222222/0279/R000000007/R000000029
R000000028/2.222222/0279/R000000007/R000000029
R000000027/2.469136/0279/R000000028
R000000030/2.222222/0279/R000000007/R000000029
R000000030/2.222222/0279/R000000007/R000000029
R000000027/2.469136/0279/R000000030
R000000026/3.854596/0112/R000000004/R000000027
R000000032/3.854596/0112/R000000004/R000000020
R000000031/5.393995/0095/R000000032/R000000015
R000000033/5.393995/0095/R000000032/R000000014
R000000031/5.993328/0041/R000000033
R000000026/5.993328/0139/R000000031
R000000025/5.393995/0018/M000000002/R000000026
R000000034/2.469136/0197/R000000018
M000000036/1.000000/0000/Sigma_BB-28151472
R000000037/1.000000/0000/Guesstimate
R000000035/2.222222/0112/M000000036/R000000037
M000000038/1.000000/0000/Sigma_BB-101355943
R000000035/2.222222/0174/M000000038/R000000037
R000000034/2.469136/0233/R000000035
R000000041/2.743484/0125/R000000027
R000000042/1.000000/0000/Guesstimate
R000000041/3.854596/0112/R000000042/R000000027
R000000040/3.048316/0040/R000000041
R000000044/1.000000/0000/Guesstimate
R000000043/3.854596/0004/R000000027/R000000044
R000000045/1.000000/0000/Guesstimate
R000000046/1.000000/0000/Guesstimate
R000000043/4.965707/0225/R000000027/R000000045/R000000046
R000000040/4.282884/0216/R000000043
R000000039/3.387018/0091/R000000040
R000000049/1.000000/0000/Guesstimate
R000000048/3.854596/0112/R000000049/R000000027
R000000047/4.282884/0024/R000000048
R000000051/1.000000/0000/Guesstimate
R000000050/3.854596/0112/R000000051/R000000027
R000000047/4.282884/0040/R000000050
R000000039/4.758760/0197/R000000047
R000000025/6.506838/0112/R000000034/R000000039
Q000000003/5.393995/0000/R000000001
<NEXT>