#
#  Reaction log file
#  Author: LigBuilder V3 User_Diana
#  Creation time: Sat Feb 28 06:54:52 2026
#  Format:
#  QueryMoleculeId/Cost/SynthesizeId/ReactantId1/ReactantId2/ReactantId3.....
#  Id prefix:
#  Q --- Query Molecule
#  M --- Material
#  R --- Reactant
#
Directory      result/synthesize_HsDHODH/298/DATABASE/
#
Q000000001/2.606310/0000/R000000001
R000000003/1.000000/0000/Guesstimate
M000000005/1.000000/0000/Sigma_BB-27948280
R000000004/1.111111/0153/M000000005
R000000006/1.111111/0091/M000000005
R000000008/1.000000/0000/Guesstimate
M000000009/1.000000/0000/Sigma_BB-28465307
R000000007/2.222222/0112/R000000008/M000000009
M000000010/1.000000/0000/Sigma_BB-29088450
R000000007/2.222222/0174/R000000008/M000000010
R000000006/2.469136/0197/R000000007
R000000004/1.234568/0154/R000000006
R000000002/2.345679/0231/R000000003/R000000004
R000000012/1.000000/0000/Guesstimate
R000000011/2.345679/0231/R000000012/R000000004
R000000014/1.000000/0000/Guesstimate
R000000013/2.222222/0003/M000000009/R000000014
M000000015/1.000000/0000/Sigma_BB-28836051
R000000016/1.000000/0000/Guesstimate
R000000013/2.222222/0049/M000000015/R000000016
R000000017/1.000000/0000/Guesstimate
R000000011/3.580247/0012/R000000013/R000000017
R000000002/2.606310/0041/R000000011
R000000001/2.606310/0082/R000000002
R000000020/1.000000/0000/Guesstimate
R000000019/2.345679/0112/R000000006/R000000020
R000000019/2.469136/0091/R000000007
R000000018/2.606310/0079/R000000019
R000000018/2.606310/0082/R000000011
R000000001/2.895900/0041/R000000018
Q000000002/Analysis Failed
Q000000003/Analysis Failed
<NEXT>