#
#  Reaction log file
#  Author: LigBuilder V3 User_Diana
#  Creation time: Sat Feb 28 06:55:00 2026
#  Format:
#  QueryMoleculeId/Cost/SynthesizeId/ReactantId1/ReactantId2/ReactantId3.....
#  Id prefix:
#  Q --- Query Molecule
#  M --- Material
#  R --- Reactant
#
Directory      result/synthesize_HsDHODH/289/DATABASE/
#
Q000000001/6.096632/0000/R000000001
M000000005/1.000000/0000/Sigma_BB-28893220
R000000006/1.000000/0000/Guesstimate
R000000004/2.222222/0275/M000000005/R000000006
R000000003/2.469136/0177/R000000004
R000000008/1.000000/0000/Guesstimate
R000000007/2.222222/0275/R000000008/R000000006
R000000010/1.000000/0000/Guesstimate
R000000011/1.000000/0000/Guesstimate
R000000009/2.222222/0279/R000000010/R000000011
R000000009/2.222222/0279/R000000010/R000000011
R000000003/4.938272/0159/R000000007/R000000009
R000000014/1.000000/0000/Guesstimate
R000000015/1.000000/0000/Guesstimate
R000000013/2.222222/0279/R000000014/R000000015
R000000013/2.222222/0279/R000000014/R000000015
R000000012/2.469136/0079/R000000013
R000000017/1.000000/0000/Guesstimate
R000000016/2.222222/0279/R000000017/R000000015
R000000016/2.222222/0279/R000000017/R000000015
R000000012/2.469136/0082/R000000016
R000000002/5.486969/0159/R000000003/R000000012
R000000001/6.096632/0153/R000000002
R000000021/1.000000/0000/Guesstimate
R000000020/2.222222/0279/R000000014/R000000021
R000000020/2.222222/0279/R000000014/R000000021
R000000019/2.469136/0079/R000000020
R000000022/2.222222/0279/R000000017/R000000021
R000000022/2.222222/0279/R000000017/R000000021
R000000019/2.469136/0082/R000000022
R000000018/5.486969/0159/R000000003/R000000019
R000000001/6.096632/0154/R000000018
Q000000002/Analysis Failed
Q000000003/3.978053/0000/R000000023
M000000026/1.000000/0000/Sigma_BB-27948280
R000000027/1.000000/0000/Guesstimate
R000000025/2.222222/0119/M000000026/R000000027
R000000029/1.000000/0000/Guesstimate
M000000030/1.000000/0000/Sigma_BB-28465307
R000000028/2.222222/0112/R000000029/M000000030
M000000031/1.000000/0000/Sigma_BB-29088450
R000000028/2.222222/0174/R000000029/M000000031
R000000025/2.469136/0153/R000000028
R000000032/1.000000/0000/Guesstimate
R000000024/3.580247/0003/R000000025/R000000032
M000000037/1.000000/0000/Sigma_BB-28760241
R000000036/1.111111/0213/M000000037
R000000035/1.234568/0091/R000000036
R000000034/2.482853/0119/R000000035/R000000027
R000000038/2.345679/0119/R000000036/R000000027
R000000040/1.000000/0000/Guesstimate
R000000041/1.000000/0000/Guesstimate
R000000039/2.222222/0012/R000000040/R000000041
R000000039/2.222222/0285/R000000040/R000000041
R000000042/1.000000/0000/Guesstimate
R000000038/3.580247/0159/R000000039/R000000042
R000000034/2.606310/0091/R000000038
R000000033/2.758726/0079/R000000034
R000000043/1.000000/0000/Guesstimate
R000000033/3.869837/0112/R000000034/R000000043
R000000044/1.000000/0000/Guesstimate
R000000024/4.176363/0049/R000000033/R000000044
R000000023/3.978053/0099/R000000024
R000000046/1.000000/0000/Guesstimate
R000000045/3.717421/0003/R000000038/R000000046
R000000047/1.000000/0000/Guesstimate
R000000045/3.869837/0112/R000000034/R000000047
R000000023/4.130468/0099/R000000045
<NEXT>