#
#  Reaction log file
#  Author: LigBuilder V3 User_Diana
#  Creation time: Sat Feb 28 06:53:47 2026
#  Format:
#  QueryMoleculeId/Cost/SynthesizeId/ReactantId1/ReactantId2/ReactantId3.....
#  Id prefix:
#  Q --- Query Molecule
#  M --- Material
#  R --- Reactant
#
Directory      result/synthesize_HsDHODH/257/DATABASE/
#
Q000000001/Analysis Failed
Q000000002/9.483650/0000/R000000001
R000000006/1.000000/0000/Guesstimate
R000000007/1.000000/0000/Guesstimate
R000000005/2.222222/0004/R000000006/R000000007
R000000008/1.000000/0000/Guesstimate
R000000009/1.000000/0000/Guesstimate
R000000005/3.333333/0225/R000000006/R000000008/R000000009
R000000010/1.000000/0000/Guesstimate
R000000004/3.580247/0285/R000000005/R000000010
R000000003/3.978053/0091/R000000004
R000000012/1.000000/0000/Guesstimate
R000000011/3.580247/0001/R000000005/R000000012
R000000013/1.000000/0000/Guesstimate
R000000011/3.580247/0004/R000000005/R000000013
R000000003/3.978053/0099/R000000011
R000000016/1.000000/0000/Guesstimate
R000000017/1.000000/0000/Guesstimate
R000000015/3.333333/0225/R000000016/R000000017/R000000008
R000000015/3.333333/0225/R000000016/R000000017/R000000008
R000000014/3.703704/0197/R000000015
R000000019/1.000000/0000/Guesstimate
R000000018/1.111111/0040/R000000019
R000000020/1.000000/0000/Guesstimate
R000000018/2.222222/0004/R000000020/R000000007
R000000022/1.000000/0000/Guesstimate
R000000021/2.222222/0004/R000000022/R000000017
R000000021/2.222222/0277/R000000022/R000000017
R000000014/3.703704/0212/R000000018/R000000021
R000000002/8.535285/0279/R000000003/R000000014
R000000002/8.535285/0279/R000000003/R000000014
R000000001/9.483650/0275/R000000002
R000000023/8.535285/0275/R000000003/R000000014
M000000026/1.000000/0000/Sigma_BB-30441135
R000000025/2.222222/0004/R000000006/M000000026
R000000027/1.000000/0000/Guesstimate
R000000025/3.580247/0004/R000000005/R000000027
R000000024/2.469136/0150/R000000025
R000000028/8.600000/0000/Guesstimate
R000000024/9.555556/0040/R000000028
R000000031/1.000000/0000/Guesstimate
R000000030/5.226338/0275/R000000031/R000000014
R000000032/1.000000/0000/Guesstimate
R000000030/6.337449/0225/R000000014/R000000009/R000000032
R000000029/5.807042/0139/R000000030
R000000033/6.337449/0225/R000000014/R000000027/R000000009
R000000029/7.041610/0150/R000000033
R000000023/9.195754/0279/R000000024/R000000029
R000000001/9.483650/0279/R000000023
Q000000003/4.282884/0000/R000000034
M000000038/1.000000/0000/Sigma_BB-34690513
R000000039/1.000000/0000/Guesstimate
R000000037/2.222222/0056/M000000038/R000000039
R000000036/2.469136/0257/R000000037
R000000040/8.700000/0000/Guesstimate
R000000041/1.000000/0000/Guesstimate
R000000036/9.700000/0112/R000000040/R000000041
R000000042/1.000000/0000/Guesstimate
R000000035/3.854596/0175/R000000036/R000000042
R000000035/3.854596/0290/R000000036/R000000042
R000000034/4.282884/0041/R000000035
R000000046/1.000000/0000/Guesstimate
R000000045/2.222222/0056/M000000038/R000000046
R000000044/2.469136/0295/R000000045
R000000043/3.854596/0175/R000000044/R000000042
R000000043/3.854596/0290/R000000044/R000000042
R000000034/4.282884/0082/R000000043
<NEXT>