#
#  Reaction log file
#  Author: LigBuilder V3 User_Diana
#  Creation time: Sat Feb 28 06:54:11 2026
#  Format:
#  QueryMoleculeId/Cost/SynthesizeId/ReactantId1/ReactantId2/ReactantId3.....
#  Id prefix:
#  Q --- Query Molecule
#  M --- Material
#  R --- Reactant
#
Directory      result/synthesize_HsDHODH/280/DATABASE/
#
Q000000001/Analysis Failed
Q000000002/Analysis Failed
Q000000003/2.606310/0000/R000000001
M000000004/1.000000/0000/Sigma_BB-28779407
R000000003/1.111111/0287/M000000004
M000000006/1.000000/0000/Sigma_BB-28780712
R000000005/1.111111/0287/M000000006
R000000003/1.234568/0299/R000000005
R000000007/1.000000/0000/Guesstimate
R000000002/2.345679/0221/R000000003/R000000007
R000000010/1.000000/0000/Guesstimate
M000000012/1.000000/0000/Sigma_BB-30559486
R000000011/1.111111/0287/M000000012
R000000013/1.000000/0000/Guesstimate
M000000014/1.000000/0000/Sigma_BB-29088450
R000000011/2.222222/0174/R000000013/M000000014
R000000009/2.345679/0159/R000000010/R000000011
R000000015/1.000000/0000/Guesstimate
R000000009/2.345679/0174/R000000003/R000000015
R000000008/2.606310/0040/R000000009
R000000018/1.000000/0000/Guesstimate
R000000019/1.000000/0000/Guesstimate
R000000017/2.222222/0012/R000000018/R000000019
R000000020/1.000000/0000/Guesstimate
R000000017/2.222222/0112/R000000015/R000000020
R000000016/3.703704/0159/R000000017/R000000011
R000000021/3.580247/0159/R000000017/M000000012
R000000016/3.978053/0287/R000000021
R000000008/4.115227/0024/R000000016
R000000002/4.007011/0119/R000000008/R000000007
R000000001/2.606310/0153/R000000002
R000000022/1.000000/0000/Guesstimate
R000000001/4.007011/0119/R000000008/R000000022
<NEXT>