#
#  Reaction log file
#  Author: LigBuilder V3 User_Diana
#  Creation time: Sat Feb 28 06:50:34 2026
#  Format:
#  QueryMoleculeId/Cost/SynthesizeId/ReactantId1/ReactantId2/ReactantId3.....
#  Id prefix:
#  Q --- Query Molecule
#  M --- Material
#  R --- Reactant
#
Directory      result/synthesize_HsDHODH/160/DATABASE/
#
Q000000001/Analysis Failed
Q000000002/Analysis Failed
Q000000003/5.654626/0000/R000000001
M000000003/1.000000/0000/Sigma_BB-27719485
R000000006/1.000000/0000/Guesstimate
R000000007/1.000000/0000/Guesstimate
R000000005/2.222222/0112/R000000006/R000000007
R000000009/1.000000/0000/Guesstimate
R000000008/2.222222/0112/R000000006/R000000009
R000000005/2.469136/0198/R000000008
R000000010/1.000000/0000/Guesstimate
R000000004/3.580247/0224/R000000005/R000000010
R000000012/3.580247/0224/R000000008/R000000010
R000000014/1.000000/0000/Guesstimate
R000000013/3.580247/0224/R000000008/R000000014
R000000012/3.978053/0295/R000000013
R000000011/3.978053/0228/R000000012
R000000011/3.978053/0286/R000000012
R000000015/1.000000/0000/Guesstimate
R000000004/5.531170/0274/R000000011/R000000015
R000000002/5.089163/0175/M000000003/R000000004
R000000018/2.222222/0175/M000000003/R000000006
R000000018/2.222222/0290/M000000003/R000000006
R000000019/1.000000/0000/Guesstimate
R000000017/3.580247/0112/R000000018/R000000019
R000000016/3.978053/0041/R000000017
R000000021/1.000000/0000/Guesstimate
R000000020/3.580247/0004/R000000018/R000000021
R000000022/1.000000/0000/Guesstimate
R000000016/5.089163/0049/R000000020/R000000022
R000000002/5.531170/0224/R000000016/R000000010
R000000001/5.654626/0139/R000000002
M000000024/1.000000/0000/Sigma_BB-27944466
R000000023/5.089163/0175/M000000024/R000000012
R000000026/3.978053/0079/R000000012
R000000027/1.000000/0000/Guesstimate
R000000026/5.089163/0112/R000000012/R000000027
R000000025/5.531170/0224/M000000024/R000000026
R000000023/6.145744/0191/R000000025
R000000028/1.000000/0000/Guesstimate
R000000001/6.765737/0119/R000000023/R000000028
Q000000004/5.654626/0000/R000000001
<NEXT>