#
#  Reaction log file
#  Author: LigBuilder V3 User_Diana
#  Creation time: Sat Feb 28 06:52:40 2026
#  Format:
#  QueryMoleculeId/Cost/SynthesizeId/ReactantId1/ReactantId2/ReactantId3.....
#  Id prefix:
#  Q --- Query Molecule
#  M --- Material
#  R --- Reactant
#
Directory      result/synthesize_HsDHODH/216/DATABASE/
#
Q000000001/2.482853/0000/R000000001
R000000002/1.000000/0000/Guesstimate
M000000005/1.000000/0000/Sigma_BB-63702910
R000000004/1.111111/0153/M000000005
R000000006/1.111111/0091/M000000005
M000000007/1.000000/0000/Sigma_BB-70792464
R000000006/1.111111/0299/M000000007
R000000004/1.234568/0154/R000000006
R000000003/1.234568/0222/R000000004
M000000009/1.000000/0000/Sigma_BB-70737316
R000000008/1.111111/0222/M000000009
M000000011/1.000000/0000/Sigma_BB-70380583
R000000010/1.111111/0222/M000000011
M000000012/1.000000/0000/Sigma_BB-28847164
R000000010/1.111111/0287/M000000012
R000000008/1.234568/0299/R000000010
R000000003/1.234568/0287/R000000008
R000000001/2.482853/0112/R000000002/R000000003
R000000015/1.371742/0104/R000000003
R000000015/1.371742/0104/R000000003
R000000014/1.524158/0257/R000000015
R000000017/1.000000/0000/Guesstimate
R000000018/1.000000/0000/Guesstimate
R000000016/2.222222/0285/R000000017/R000000018
R000000014/2.469136/0285/R000000016
R000000013/2.804620/0112/R000000002/R000000014
R000000020/1.000000/0000/Guesstimate
R000000019/1.111111/0040/R000000020
R000000021/1.000000/0000/Guesstimate
R000000022/1.000000/0000/Guesstimate
R000000019/2.222222/0004/R000000021/R000000022
R000000025/1.000000/0000/Guesstimate
R000000024/2.222222/0285/R000000025/R000000018
R000000023/2.469136/0285/R000000024
R000000026/2.222222/0285/R000000025/R000000018
R000000023/2.469136/0285/R000000026
R000000013/3.978053/0049/R000000019/R000000023
R000000001/3.116245/0161/R000000013
Q000000002/1.524158/0000/R000000027
M000000031/1.000000/0000/Sigma_BB-27923004
R000000030/1.111111/0213/M000000031
M000000032/1.000000/0000/Sigma_BB-27291979
R000000030/1.111111/0302/M000000032
R000000029/1.234568/0091/R000000030
R000000033/1.111111/0091/M000000032
R000000029/1.234568/0302/R000000033
R000000028/1.371742/0079/R000000029
R000000036/1.000000/0000/Guesstimate
R000000035/2.222222/0175/M000000031/R000000036
R000000035/2.222222/0290/M000000031/R000000036
R000000034/2.469136/0139/R000000035
R000000037/1.234568/0153/R000000030
R000000037/1.371742/0154/R000000029
R000000038/1.000000/0000/Guesstimate
R000000034/2.482853/0231/R000000037/R000000038
R000000028/2.743484/0082/R000000034
R000000027/1.524158/0059/R000000028
M000000042/1.000000/0000/Sigma_BB-29718037
R000000041/1.111111/0074/M000000042
M000000043/1.000000/0000/Sigma_BB-28808731
R000000041/1.111111/0164/M000000043
R000000040/1.234568/0059/R000000041
R000000044/1.111111/0059/M000000042
R000000045/1.000000/0000/Guesstimate
R000000044/2.222222/0224/M000000042/R000000045
R000000040/1.234568/0074/R000000044
R000000039/1.371742/0040/R000000040
M000000048/1.000000/0000/Sigma_BB-243714563
R000000047/1.111111/0074/M000000048
R000000047/1.111111/0167/M000000048
R000000046/1.234568/0040/R000000047
M000000050/1.000000/0000/Sigma_BB-308326014
R000000049/1.111111/0164/M000000050
R000000051/1.000000/0000/Guesstimate
R000000049/2.222222/0174/M000000050/R000000051
R000000046/1.234568/0059/R000000049
R000000039/1.371742/0239/R000000046
R000000027/1.524158/0153/R000000039
Q000000003/Analysis Failed
<NEXT>