#
#  Reaction log file
#  Author: LigBuilder V3 User_Diana
#  Creation time: Sat Feb 28 06:54:49 2026
#  Format:
#  QueryMoleculeId/Cost/SynthesizeId/ReactantId1/ReactantId2/ReactantId3.....
#  Id prefix:
#  Q --- Query Molecule
#  M --- Material
#  R --- Reactant
#
Directory      result/synthesize_HsDHODH/287/DATABASE/
#
Q000000001/4.130468/0000/R000000001
M000000005/1.000000/0000/Sigma_BB-29647729
R000000004/1.111111/0222/M000000005
R000000006/1.000000/0000/Guesstimate
R000000003/2.345679/0174/R000000004/R000000006
R000000007/2.222222/0174/M000000005/R000000006
R000000007/2.222222/0289/M000000005/R000000006
R000000003/2.469136/0222/R000000007
R000000008/1.000000/0000/Guesstimate
R000000002/3.717421/0112/R000000003/R000000008
R000000012/1.000000/0000/Guesstimate
R000000014/1.000000/0000/Guesstimate
R000000013/1.111111/0125/R000000014
R000000015/1.000000/0000/Guesstimate
R000000013/2.222222/0112/R000000014/R000000015
R000000011/2.345679/0012/R000000012/R000000013
R000000017/1.000000/0000/Guesstimate
R000000016/2.345679/0285/R000000013/R000000017
R000000011/2.606310/0079/R000000016
M000000018/1.000000/0000/Sigma_BB-27105536
R000000010/3.717421/0159/R000000011/M000000018
R000000009/4.130468/0222/R000000010
M000000020/1.000000/0000/Sigma_BB-242783762
R000000019/2.222222/0112/R000000017/M000000020
M000000021/1.000000/0000/Sigma_BB-332643180
R000000019/2.222222/0174/R000000017/M000000021
R000000009/5.075447/0159/R000000011/R000000019
R000000002/5.700521/0112/R000000009/R000000006
R000000001/4.130468/0099/R000000002
M000000025/1.000000/0000/Sigma_BB-73462613
R000000024/3.717421/0159/R000000011/M000000025
R000000023/4.130468/0222/R000000024
M000000027/1.000000/0000/Sigma_BB-184570616
R000000026/2.222222/0112/R000000017/M000000027
M000000028/1.000000/0000/Sigma_BB-27528902
R000000026/2.222222/0174/R000000017/M000000028
R000000023/5.075447/0159/R000000011/R000000026
R000000029/1.000000/0000/Guesstimate
R000000022/5.700521/0231/R000000023/R000000029
M000000032/1.000000/0000/Sigma_BB-79261515
R000000031/2.222222/0174/M000000032/R000000015
R000000031/2.222222/0289/M000000032/R000000015
R000000030/3.580247/0012/R000000031/R000000012
R000000033/3.580247/0285/R000000031/R000000017
R000000030/3.978053/0079/R000000033
R000000022/6.584363/0159/R000000011/R000000030
R000000001/6.333912/0059/R000000022
Q000000002/4.130468/0000/R000000001
Q000000003/6.435335/0000/R000000034
M000000039/1.000000/0000/Sigma_BB-29038349
R000000038/2.222222/0112/R000000008/M000000039
M000000040/1.000000/0000/Sigma_BB-28758567
R000000038/2.222222/0174/R000000008/M000000040
R000000041/1.000000/0000/Guesstimate
R000000037/3.580247/0231/R000000038/R000000041
R000000036/3.978053/0125/R000000037
R000000036/5.089163/0112/R000000037/R000000015
M000000044/1.000000/0000/Sigma_BB-28115362
R000000043/1.111111/0024/M000000044
R000000045/1.000000/0000/Guesstimate
R000000046/1.000000/0000/Guesstimate
R000000043/2.222222/0004/R000000045/R000000046
R000000042/1.234568/0086/R000000043
R000000042/1.234568/0091/R000000043
R000000035/5.791801/0159/R000000036/R000000042
R000000034/6.435335/0154/R000000035
R000000050/1.000000/0000/Guesstimate
R000000049/2.222222/0012/R000000012/R000000050
R000000051/1.000000/0000/Guesstimate
R000000049/2.222222/0112/R000000051/R000000015
R000000048/4.938272/0231/R000000038/R000000049
R000000052/3.580247/0231/R000000038/R000000029
R000000053/1.000000/0000/Guesstimate
R000000048/5.089163/0279/R000000052/R000000053
R000000047/6.858711/0159/R000000048/R000000042
R000000034/7.620790/0153/R000000047
<NEXT>