#
#  Reaction log file
#  Author: LigBuilder V3 User_Diana
#  Creation time: Sat Feb 28 06:53:17 2026
#  Format:
#  QueryMoleculeId/Cost/SynthesizeId/ReactantId1/ReactantId2/ReactantId3.....
#  Id prefix:
#  Q --- Query Molecule
#  M --- Material
#  R --- Reactant
#
Directory      result/synthesize_HsDHODH/231/DATABASE/
#
Q000000001/5.944217/0000/R000000001
M000000005/1.000000/0000/Sigma_BB-30388047
R000000004/1.111111/0153/M000000005
R000000006/1.000000/0000/Guesstimate
R000000003/2.345679/0276/R000000004/R000000006
R000000008/1.000000/0000/Guesstimate
R000000007/2.345679/0276/R000000004/R000000008
R000000007/2.345679/0278/R000000004/R000000008
R000000009/1.000000/0000/Guesstimate
R000000003/3.717421/0276/R000000007/R000000009
R000000012/1.000000/0000/Guesstimate
R000000013/1.000000/0000/Guesstimate
R000000011/2.222222/0224/R000000012/R000000013
R000000010/2.469136/0147/R000000011
R000000015/1.000000/0000/Guesstimate
R000000014/2.222222/0224/R000000012/R000000015
R000000010/2.469136/0188/R000000014
R000000002/5.349795/0003/R000000003/R000000010
R000000016/2.606310/0091/R000000003
R000000017/2.606310/0091/R000000007
R000000016/4.007011/0276/R000000017/R000000009
R000000020/1.000000/0000/Guesstimate
R000000021/1.000000/0000/Guesstimate
R000000019/2.222222/0170/R000000020/R000000021
R000000022/1.000000/0000/Guesstimate
R000000023/1.000000/0000/Guesstimate
R000000019/2.222222/0170/R000000022/R000000023
R000000018/2.469136/0090/R000000019
R000000025/1.000000/0000/Guesstimate
R000000024/2.222222/0170/R000000025/R000000021
R000000026/1.000000/0000/Guesstimate
R000000024/2.222222/0170/R000000026/R000000023
R000000027/1.000000/0000/Guesstimate
R000000018/3.580247/0122/R000000024/R000000027
R000000002/5.639385/0112/R000000016/R000000018
R000000001/5.944217/0147/R000000002
R000000030/3.703704/0003/R000000004/R000000011
R000000029/4.115227/0147/R000000030
R000000028/5.683586/0276/R000000029/R000000006
R000000028/5.683586/0278/R000000029/R000000006
R000000001/6.315095/0147/R000000028
Q000000002/5.944217/0000/R000000001
Q000000003/5.944217/0000/R000000001
<NEXT>