#
#  Reaction log file
#  Author: LigBuilder V3 User_Diana
#  Creation time: Sat Feb 28 06:47:59 2026
#  Format:
#  QueryMoleculeId/Cost/SynthesizeId/ReactantId1/ReactantId2/ReactantId3.....
#  Id prefix:
#  Q --- Query Molecule
#  M --- Material
#  R --- Reactant
#
Directory      result/synthesize_HsDHODH/38/DATABASE/
#
Q000000001/3.048316/0000/R000000001
M000000005/1.000000/0000/Sigma_BB-244317267
R000000004/1.111111/0299/M000000005
M000000007/1.000000/0000/Sigma_BB-156517685
R000000006/1.111111/0287/M000000007
M000000008/1.000000/0000/Sigma_BB-156334053
R000000006/1.111111/0299/M000000008
R000000004/1.234568/0222/R000000006
R000000003/1.234568/0125/R000000004
R000000009/1.000000/0000/Guesstimate
R000000003/2.345679/0112/R000000004/R000000009
R000000002/1.371742/0040/R000000003
R000000012/1.000000/0000/Guesstimate
R000000013/1.000000/0000/Guesstimate
R000000011/2.222222/0279/R000000012/R000000013
R000000011/2.222222/0279/R000000012/R000000013
R000000014/1.000000/0000/Guesstimate
R000000010/3.580247/0159/R000000011/R000000014
R000000016/1.000000/0000/Guesstimate
R000000017/1.000000/0000/Guesstimate
R000000015/2.222222/0279/R000000016/R000000017
R000000015/2.222222/0279/R000000016/R000000017
R000000018/1.000000/0000/Guesstimate
R000000010/3.580247/0159/R000000015/R000000018
R000000002/3.978053/0024/R000000010
R000000022/1.000000/0000/Guesstimate
R000000021/1.111111/0198/R000000022
R000000023/1.000000/0000/Guesstimate
R000000024/1.000000/0000/Guesstimate
R000000021/2.222222/0180/R000000023/R000000024
R000000020/1.234568/0155/R000000021
R000000026/1.000000/0000/Guesstimate
R000000025/2.222222/0004/R000000026/R000000018
R000000027/1.000000/0000/Guesstimate
R000000028/1.000000/0000/Guesstimate
R000000025/3.333333/0225/R000000026/R000000027/R000000028
R000000020/2.469136/0197/R000000025
R000000019/1.371742/0155/R000000020
R000000031/1.000000/0000/Guesstimate
R000000030/1.111111/0118/R000000031
R000000030/2.222222/0112/R000000031/R000000009
R000000029/1.234568/0041/R000000030
R000000029/1.234568/0155/R000000021
R000000019/1.371742/0155/R000000029
R000000001/3.048316/0003/R000000002/R000000019
R000000033/1.000000/0000/Guesstimate
R000000032/2.345679/0004/R000000004/R000000033
R000000036/1.000000/0000/Guesstimate
R000000035/3.593965/0261/R000000003/R000000036/R000000028
R000000034/3.993294/0155/R000000035
R000000032/4.436994/0024/R000000034
M000000040/1.000000/0000/Sigma_BB-28775620
R000000039/1.111111/0239/M000000040
M000000041/1.000000/0000/Sigma_BB-31058715
R000000042/1.000000/0000/Guesstimate
R000000039/2.222222/0004/M000000041/R000000042
R000000038/1.234568/0086/R000000039
R000000038/1.234568/0091/R000000039
R000000037/1.371742/0079/R000000038
R000000044/1.000000/0000/Guesstimate
R000000043/2.635269/0004/R000000044/R000000019
R000000046/1.000000/0000/Guesstimate
R000000045/2.635269/0277/R000000046/R000000019
R000000047/1.000000/0000/Guesstimate
R000000045/2.635269/0301/R000000047/R000000019
R000000043/2.928077/0040/R000000045
R000000037/2.928077/0009/R000000043
R000000001/4.130468/0049/R000000032/R000000037
Q000000002/3.048316/0000/R000000001
Q000000003/2.895900/0000/R000000048
M000000051/1.000000/0000/Sigma_BB-40568029
R000000050/1.111111/0299/M000000051
M000000053/1.000000/0000/Sigma_BB-28769716
R000000052/2.222222/0119/M000000053/R000000036
R000000052/2.222222/0280/M000000053/R000000036
R000000050/2.469136/0287/R000000052
R000000049/1.234568/0024/R000000050
M000000056/1.000000/0000/Sigma_BB-161790948
R000000055/1.111111/0153/M000000056
M000000057/1.000000/0000/Sigma_BB-29038349
R000000055/1.111111/0287/M000000057
R000000054/2.345679/0112/R000000055/R000000009
R000000058/8.900000/0000/Guesstimate
R000000054/9.888888/0082/R000000058
R000000049/2.606310/0040/R000000054
R000000048/2.895900/0003/R000000049/R000000019
R000000059/2.345679/0004/R000000055/R000000033
R000000061/4.828533/0261/R000000054/R000000036/R000000028
R000000060/5.365036/0155/R000000061
R000000059/5.961152/0024/R000000060
R000000048/4.130468/0049/R000000059/R000000037
<NEXT>