#
#  Reaction log file
#  Author: LigBuilder V3 User_Diana
#  Creation time: Sat Feb 28 06:52:52 2026
#  Format:
#  QueryMoleculeId/Cost/SynthesizeId/ReactantId1/ReactantId2/ReactantId3.....
#  Id prefix:
#  Q --- Query Molecule
#  M --- Material
#  R --- Reactant
#
Directory      result/synthesize_HsDHODH/224/DATABASE/
#
Q000000001/2.635269/0000/R000000001
M000000005/1.000000/0000/Sigma_BB-70737316
R000000004/1.111111/0222/M000000005
R000000003/1.234568/0074/R000000004
R000000006/1.000000/0000/Guesstimate
R000000007/1.234568/0287/R000000004
R000000003/2.482853/0112/R000000006/R000000007
R000000002/1.371742/0040/R000000003
R000000009/1.000000/0000/Guesstimate
R000000010/1.234568/0114/R000000004
R000000008/2.482853/0004/R000000009/R000000010
R000000012/1.000000/0000/Guesstimate
R000000011/2.345679/0175/R000000012/R000000004
R000000013/1.000000/0000/Guesstimate
R000000011/2.482853/0003/R000000013/R000000010
R000000008/2.606310/0040/R000000011
R000000002/2.758726/0073/R000000008
R000000014/1.000000/0000/Guesstimate
R000000001/2.635269/0119/R000000002/R000000014
R000000017/1.524158/0104/R000000002
R000000017/1.524158/0104/R000000002
R000000016/1.693509/0257/R000000017
R000000015/2.992788/0119/R000000016/R000000014
R000000019/1.693509/0086/R000000017
R000000019/1.693509/0091/R000000017
R000000018/1.881677/0257/R000000019
R000000015/3.201863/0276/R000000018/R000000014
R000000001/3.325320/0161/R000000015
Q000000002/5.241580/0000/R000000020
M000000024/1.000000/0000/Sigma_BB-28760241
R000000023/1.111111/0091/M000000024
M000000025/1.000000/0000/Sigma_BB-326697832
R000000023/1.111111/0299/M000000025
R000000026/1.000000/0000/Guesstimate
R000000022/2.345679/0175/R000000023/R000000026
R000000027/2.222222/0175/M000000024/R000000026
R000000027/2.222222/0290/M000000024/R000000026
R000000022/2.469136/0091/R000000027
R000000028/1.000000/0000/Guesstimate
R000000021/3.717421/0112/R000000022/R000000028
R000000031/1.000000/0000/Guesstimate
M000000032/1.000000/0000/Sigma_BB-29509312
R000000030/2.222222/0231/R000000031/M000000032
R000000029/3.580247/0175/R000000030/R000000026
R000000033/2.469136/0153/R000000027
R000000033/2.606310/0154/R000000022
R000000029/3.854596/0231/R000000031/R000000033
R000000021/3.978053/0082/R000000029
R000000034/1.000000/0000/Guesstimate
R000000020/5.241580/0069/R000000021/R000000034
R000000035/5.089163/0069/R000000029/R000000034
R000000036/3.580247/0069/R000000030/R000000034
R000000037/2.222222/0069/R000000031/R000000034
R000000036/3.580247/0231/R000000037/M000000032
R000000035/5.089163/0175/R000000036/R000000026
R000000020/5.654626/0082/R000000035
Q000000003/5.241580/0000/R000000020
Q000000004/5.241580/0000/R000000020
<NEXT>