#
#  Reaction log file
#  Author: LigBuilder V3 User_Diana
#  Creation time: Sat Feb 28 06:53:45 2026
#  Format:
#  QueryMoleculeId/Cost/SynthesizeId/ReactantId1/ReactantId2/ReactantId3.....
#  Id prefix:
#  Q --- Query Molecule
#  M --- Material
#  R --- Reactant
#
Directory      result/synthesize_HsDHODH/248/DATABASE/
#
Q000000001/2.606310/0000/R000000001
M000000004/1.000000/0000/Sigma_BB-238951060
R000000003/1.111111/0153/M000000004
M000000006/1.000000/0000/Sigma_BB-27948280
R000000005/1.111111/0153/M000000006
M000000007/1.000000/0000/Sigma_BB-29509312
R000000005/1.111111/0287/M000000007
R000000003/1.234568/0239/R000000005
R000000008/1.000000/0000/Guesstimate
R000000002/2.345679/0224/R000000003/R000000008
R000000011/1.000000/0000/Guesstimate
R000000010/2.345679/0224/R000000005/R000000011
R000000012/1.000000/0000/Guesstimate
R000000009/3.717421/0212/R000000010/R000000012
R000000009/3.717421/0212/R000000010/R000000012
R000000002/4.130468/0239/R000000009
R000000001/2.606310/0155/R000000002
R000000015/1.000000/0000/Guesstimate
R000000016/1.000000/0000/Guesstimate
R000000014/2.222222/0001/R000000015/R000000016
R000000017/1.000000/0000/Guesstimate
R000000014/2.222222/0004/R000000017/R000000016
R000000013/3.703704/0224/R000000003/R000000014
R000000019/2.345679/0224/R000000003/R000000011
R000000019/2.606310/0239/R000000010
R000000018/2.606310/0197/R000000019
R000000020/8.500000/0000/Guesstimate
R000000018/9.444445/0302/R000000020
R000000013/4.007011/0004/R000000018/R000000016
R000000001/4.115227/0197/R000000013
Q000000002/2.606310/0000/R000000001
Q000000003/2.606310/0000/R000000001
<NEXT>