#
#  Reaction log file
#  Author: LigBuilder V3 User_Diana
#  Creation time: Sat Feb 28 06:52:14 2026
#  Format:
#  QueryMoleculeId/Cost/SynthesizeId/ReactantId1/ReactantId2/ReactantId3.....
#  Id prefix:
#  Q --- Query Molecule
#  M --- Material
#  R --- Reactant
#
Directory      result/synthesize_HsDHODH/191/DATABASE/
#
Q000000001/4.130468/0000/R000000001
M000000003/1.000000/0000/Sigma_BB-310947870
M000000006/1.000000/0000/Sigma_BB-28764950
R000000005/1.111111/0085/M000000006
R000000009/1.000000/0000/Guesstimate
R000000008/2.222222/0212/M000000006/R000000009
R000000008/2.222222/0212/M000000006/R000000009
R000000007/2.469136/0085/R000000008
R000000011/1.000000/0000/Guesstimate
R000000010/3.580247/0004/R000000008/R000000011
R000000007/3.978053/0197/R000000010
R000000005/2.743484/0260/R000000007
R000000004/2.345679/0212/R000000005/R000000009
R000000013/1.000000/0000/Guesstimate
R000000012/2.222222/0004/M000000006/R000000013
R000000012/2.222222/0277/M000000006/R000000013
R000000004/2.469136/0197/R000000012
R000000002/3.717421/0212/M000000003/R000000004
R000000002/3.717421/0212/M000000003/R000000004
R000000001/4.130468/0028/R000000002
R000000014/3.854596/0212/M000000003/R000000007
R000000014/3.854596/0212/M000000003/R000000007
R000000001/4.282884/0028/R000000014
Q000000002/4.130468/0000/R000000001
Q000000003/4.130468/0000/R000000001
<NEXT>