#
#  Reaction log file
#  Author: LigBuilder V3 User_Diana
#  Creation time: Sat Feb 28 06:54:37 2026
#  Format:
#  QueryMoleculeId/Cost/SynthesizeId/ReactantId1/ReactantId2/ReactantId3.....
#  Id prefix:
#  Q --- Query Molecule
#  M --- Material
#  R --- Reactant
#
Directory      result/synthesize_HsDHODH/295/DATABASE/
#
Q000000001/3.048316/0000/R000000001
M000000005/1.000000/0000/Sigma_BB-326591468
R000000004/1.111111/0044/M000000005
R000000003/1.234568/0152/R000000004
R000000008/1.000000/0000/Guesstimate
R000000007/1.111111/0125/R000000008
R000000009/1.000000/0000/Guesstimate
R000000007/2.222222/0112/R000000008/R000000009
R000000006/1.234568/0041/R000000007
R000000010/1.000000/0000/Guesstimate
R000000011/1.000000/0000/Guesstimate
R000000006/2.222222/0018/R000000010/R000000011
R000000002/2.743484/0112/R000000003/R000000006
R000000001/3.048316/0147/R000000002
R000000014/2.222222/0056/M000000005/R000000011
R000000013/2.469136/0155/R000000014
R000000013/2.469136/0155/R000000014
R000000015/1.000000/0000/Guesstimate
R000000012/3.854596/0122/R000000013/R000000015
R000000017/1.000000/0000/Guesstimate
R000000016/3.854596/0122/R000000013/R000000017
R000000019/1.000000/0000/Guesstimate
R000000018/3.854596/0301/R000000013/R000000019
R000000018/3.854596/0301/R000000013/R000000019
R000000016/4.282884/0139/R000000018
R000000020/1.000000/0000/Guesstimate
R000000012/5.393995/0279/R000000016/R000000020
R000000001/4.282884/0294/R000000012
Q000000002/2.606310/0000/R000000021
R000000022/2.345679/0175/M000000005/R000000007
R000000022/2.345679/0290/M000000005/R000000007
R000000021/2.606310/0041/R000000022
R000000023/2.222222/0175/M000000005/R000000010
R000000023/2.222222/0290/M000000005/R000000010
R000000021/3.580247/0018/R000000023/R000000011
Q000000003/3.048316/0000/R000000001
<NEXT>