#
#  Reaction log file
#  Author: LigBuilder V3 User_Diana
#  Creation time: Sat Feb 28 06:50:15 2026
#  Format:
#  QueryMoleculeId/Cost/SynthesizeId/ReactantId1/ReactantId2/ReactantId3.....
#  Id prefix:
#  Q --- Query Molecule
#  M --- Material
#  R --- Reactant
#
Directory      result/synthesize_HsDHODH/140/DATABASE/
#
Q000000001/2.758726/0000/R000000001
M000000005/1.000000/0000/Sigma_BB-65142482
R000000004/1.111111/0299/M000000005
R000000003/1.234568/0287/R000000004
R000000006/1.111111/0287/M000000005
M000000007/1.000000/0000/Sigma_BB-28903682
R000000006/1.111111/0287/M000000007
R000000003/1.234568/0299/R000000006
R000000008/1.000000/0000/Guesstimate
R000000002/2.482853/0221/R000000003/R000000008
R000000009/2.345679/0221/R000000004/R000000008
R000000010/2.222222/0221/M000000005/R000000008
R000000009/2.469136/0299/R000000010
R000000002/2.606310/0287/R000000009
R000000001/2.758726/0299/R000000002
R000000012/9.333333/0299/R000000003
R000000013/8.400000/0000/Guesstimate
R000000012/9.333333/0299/R000000013
R000000014/1.000000/0000/Guesstimate
R000000011/9.888888/0221/R000000012/R000000014
R000000001/9.888888/0193/R000000011
Q000000002/2.758726/0000/R000000001
Q000000003/Analysis Failed
<NEXT>