#
#  Reaction log file
#  Author: LigBuilder V3 User_Diana
#  Creation time: Sat Feb 28 06:48:54 2026
#  Format:
#  QueryMoleculeId/Cost/SynthesizeId/ReactantId1/ReactantId2/ReactantId3.....
#  Id prefix:
#  Q --- Query Molecule
#  M --- Material
#  R --- Reactant
#
Directory      result/synthesize_HsDHODH/94/DATABASE/
#
Q000000001/1.524158/0000/R000000001
M000000005/1.000000/0000/Sigma_BB-244165838
R000000004/1.111111/0213/M000000005
R000000003/1.234568/0091/R000000004
R000000002/1.371742/0079/R000000003
M000000007/1.000000/0000/Sigma_BB-28835002
R000000008/1.000000/0000/Guesstimate
R000000006/2.222222/0112/M000000007/R000000008
M000000010/1.000000/0000/Sigma_BB-30391580
R000000009/1.111111/0125/M000000010
R000000009/2.222222/0112/M000000010/R000000008
R000000006/2.345679/0112/R000000009/R000000008
R000000002/2.469136/0059/R000000006
R000000001/1.524158/0059/R000000002
R000000011/2.469136/0059/R000000006
R000000013/7.800000/0000/Guesstimate
R000000012/8.666667/0287/R000000013
R000000014/8.700000/0000/Guesstimate
R000000015/1.000000/0000/Guesstimate
R000000012/9.700000/0231/R000000014/R000000015
R000000011/9.629630/0082/R000000012
R000000001/2.743484/0059/R000000011
Q000000002/1.524158/0000/R000000001
Q000000003/2.895900/0000/R000000016
M000000020/1.000000/0000/Sigma_BB-66510747
R000000019/1.111111/0104/M000000020
R000000019/1.111111/0104/M000000020
R000000021/1.000000/0000/Guesstimate
R000000018/2.345679/0301/R000000019/R000000021
R000000018/2.345679/0301/R000000019/R000000021
R000000017/2.606310/0260/R000000018
R000000017/2.606310/0260/R000000018
R000000016/2.895900/0161/R000000017
M000000025/1.000000/0000/Sigma_BB-243714563
R000000026/1.000000/0000/Guesstimate
R000000024/2.222222/0004/M000000025/R000000026
R000000023/2.469136/0153/R000000024
R000000028/9.400000/0000/Guesstimate
R000000027/9.400000/0156/R000000028
R000000023/9.100000/0156/R000000027
R000000022/2.743484/0287/R000000023
R000000030/9.100000/0000/Guesstimate
R000000029/9.100000/0287/R000000030
R000000032/8.500000/0000/Guesstimate
R000000031/9.444445/0013/R000000032
R000000029/9.444445/0155/R000000031
R000000022/9.444445/0156/R000000029
R000000033/1.000000/0000/Guesstimate
R000000016/4.159427/0170/R000000022/R000000033
<NEXT>