#
#  Reaction log file
#  Author: LigBuilder V3 User_Diana
#  Creation time: Sat Feb 28 06:54:57 2026
#  Format:
#  QueryMoleculeId/Cost/SynthesizeId/ReactantId1/ReactantId2/ReactantId3.....
#  Id prefix:
#  Q --- Query Molecule
#  M --- Material
#  R --- Reactant
#
Directory      result/synthesize_HsDHODH/296/DATABASE/
#
Q000000001/5.807042/0000/R000000001
R000000005/1.000000/0000/Guesstimate
R000000006/1.000000/0000/Guesstimate
R000000004/2.222222/0004/R000000005/R000000006
R000000007/1.000000/0000/Guesstimate
R000000008/1.000000/0000/Guesstimate
R000000004/3.333333/0225/R000000005/R000000007/R000000008
M000000010/1.000000/0000/Sigma_BB-242736428
R000000009/1.111111/0024/M000000010
R000000011/1.000000/0000/Guesstimate
R000000009/1.111111/0040/R000000011
R000000003/3.703704/0212/R000000004/R000000009
R000000003/3.703704/0212/R000000004/R000000009
R000000002/4.115227/0260/R000000003
R000000013/1.000000/0000/Guesstimate
R000000012/1.111111/0060/R000000013
R000000016/1.000000/0000/Guesstimate
R000000017/1.000000/0000/Guesstimate
R000000015/2.222222/0301/R000000016/R000000017
R000000015/2.222222/0301/R000000016/R000000017
R000000014/2.469136/0301/R000000015
R000000014/2.469136/0301/R000000015
R000000012/2.743484/0039/R000000014
R000000001/5.807042/0285/R000000002/R000000012
R000000021/1.000000/0000/Guesstimate
R000000020/3.333333/0225/R000000005/R000000021/R000000008
R000000020/3.580247/0004/R000000004/R000000021
R000000022/1.000000/0000/Guesstimate
R000000019/4.814815/0212/R000000020/R000000022
R000000025/1.000000/0000/Guesstimate
R000000024/5.683586/0277/R000000002/R000000025
R000000023/6.315095/0155/R000000024
R000000027/1.000000/0000/Guesstimate
R000000026/5.683586/0277/R000000002/R000000027
R000000023/6.315095/0197/R000000026
R000000019/7.016773/0156/R000000023
R000000028/1.000000/0000/Guesstimate
R000000018/6.460906/0170/R000000019/R000000028
R000000029/1.000000/0000/Guesstimate
R000000018/8.127884/0170/R000000023/R000000029
R000000001/7.178784/0295/R000000018
Q000000002/5.807042/0000/R000000001
Q000000003/2.606310/0000/R000000030
M000000033/1.000000/0000/Sigma_BB-326591468
R000000032/1.111111/0114/M000000033
R000000035/1.000000/0000/Guesstimate
R000000034/2.222222/0175/M000000033/R000000035
R000000034/2.222222/0290/M000000033/R000000035
R000000032/2.469136/0197/R000000034
R000000036/1.000000/0000/Guesstimate
R000000031/2.345679/0170/R000000032/R000000036
R000000039/1.000000/0000/Guesstimate
R000000038/2.222222/0174/M000000033/R000000039
R000000038/2.222222/0289/M000000033/R000000039
R000000037/2.469136/0059/R000000038
R000000037/2.469136/0153/R000000034
R000000040/1.000000/0000/Guesstimate
R000000031/3.854596/0170/R000000037/R000000040
R000000030/2.606310/0219/R000000031
M000000044/1.000000/0000/Sigma_BB-28830366
R000000043/1.111111/0085/M000000044
R000000042/1.234568/0153/R000000043
R000000045/1.111111/0087/M000000044
R000000045/1.234568/0086/R000000043
R000000042/1.234568/0154/R000000045
R000000041/2.606310/0170/R000000032/R000000042
R000000046/1.234568/0197/R000000043
R000000047/9.200000/0000/Guesstimate
R000000046/9.200000/0155/R000000047
R000000041/4.115227/0170/R000000037/R000000046
R000000030/2.895900/0028/R000000041
<NEXT>