#
#  Reaction log file
#  Author: LigBuilder V3 User_Diana
#  Creation time: Sat Feb 28 06:53:23 2026
#  Format:
#  QueryMoleculeId/Cost/SynthesizeId/ReactantId1/ReactantId2/ReactantId3.....
#  Id prefix:
#  Q --- Query Molecule
#  M --- Material
#  R --- Reactant
#
Directory      result/synthesize_HsDHODH/230/DATABASE/
#
Q000000001/5.791801/0000/R000000001
M000000005/1.000000/0000/Sigma_BB-101082719
M000000006/1.000000/0000/Sigma_BB-28516749
R000000004/2.222222/0274/M000000005/M000000006
R000000009/1.000000/0000/Guesstimate
R000000008/2.222222/0274/M000000005/R000000009
R000000007/2.469136/0155/R000000008
R000000012/1.000000/0000/Guesstimate
R000000011/2.222222/0274/M000000005/R000000012
R000000013/1.000000/0000/Guesstimate
R000000014/1.000000/0000/Guesstimate
R000000011/3.333333/0261/M000000005/R000000013/R000000014
R000000010/2.469136/0024/R000000011
R000000016/1.000000/0000/Guesstimate
R000000015/2.222222/0274/M000000005/R000000016
R000000010/2.469136/0040/R000000015
R000000007/2.743484/0197/R000000010
R000000004/3.854596/0277/R000000007/R000000012
R000000003/2.469136/0024/R000000004
R000000017/1.000000/0000/Guesstimate
R000000003/3.854596/0004/R000000007/R000000017
R000000019/1.000000/0000/Guesstimate
R000000020/1.000000/0000/Guesstimate
R000000018/2.222222/0012/R000000019/R000000020
R000000021/7.800000/0000/Guesstimate
R000000018/8.666667/0082/R000000021
R000000002/5.212621/0049/R000000003/R000000018
M000000024/1.000000/0000/Sigma_BB-28783060
R000000025/1.000000/0000/Guesstimate
R000000023/2.222222/0004/M000000024/R000000025
R000000026/1.000000/0000/Guesstimate
R000000027/1.000000/0000/Guesstimate
R000000023/3.333333/0225/R000000025/R000000026/R000000027
R000000022/2.469136/0086/R000000023
R000000022/2.469136/0091/R000000023
R000000002/5.486969/0112/R000000007/R000000022
R000000001/5.791801/0099/R000000002
R000000031/1.000000/0000/Guesstimate
R000000030/2.222222/0002/R000000031/R000000025
R000000030/2.222222/0004/R000000031/R000000025
M000000033/1.000000/0000/Sigma_BB-152437451
R000000032/1.111111/0085/M000000033
R000000029/3.703704/0212/R000000030/R000000032
R000000029/3.703704/0212/R000000030/R000000032
R000000028/6.858711/0122/R000000007/R000000029
R000000028/6.858711/0122/R000000007/R000000029
R000000001/7.620790/0028/R000000028
Q000000002/5.944217/0000/R000000034
M000000038/1.000000/0000/Sigma_BB-30388047
R000000037/1.111111/0153/M000000038
R000000039/1.000000/0000/Guesstimate
R000000036/2.345679/0276/R000000037/R000000039
R000000041/1.000000/0000/Guesstimate
R000000040/2.345679/0276/R000000037/R000000041
R000000040/2.345679/0278/R000000037/R000000041
R000000036/3.717421/0276/R000000040/R000000014
R000000044/1.000000/0000/Guesstimate
R000000045/1.000000/0000/Guesstimate
R000000043/2.222222/0224/R000000044/R000000045
R000000042/2.469136/0147/R000000043
R000000047/1.000000/0000/Guesstimate
R000000046/2.222222/0224/R000000044/R000000047
R000000042/2.469136/0188/R000000046
R000000035/5.349795/0003/R000000036/R000000042
R000000048/2.606310/0091/R000000036
R000000049/2.606310/0091/R000000040
R000000048/4.007011/0276/R000000049/R000000014
R000000052/1.000000/0000/Guesstimate
R000000053/1.000000/0000/Guesstimate
R000000051/2.222222/0170/R000000052/R000000053
R000000054/1.000000/0000/Guesstimate
R000000055/1.000000/0000/Guesstimate
R000000051/2.222222/0170/R000000054/R000000055
R000000050/2.469136/0090/R000000051
R000000056/2.222222/0170/R000000016/R000000053
R000000057/1.000000/0000/Guesstimate
R000000056/2.222222/0170/R000000057/R000000055
R000000058/1.000000/0000/Guesstimate
R000000050/3.580247/0122/R000000056/R000000058
R000000035/5.639385/0112/R000000048/R000000050
R000000034/5.944217/0147/R000000035
R000000061/3.703704/0003/R000000037/R000000043
R000000060/4.115227/0147/R000000061
R000000059/5.683586/0276/R000000060/R000000039
R000000059/5.683586/0278/R000000060/R000000039
R000000034/6.315095/0147/R000000059
Q000000003/5.944217/0000/R000000034
Q000000004/5.944217/0000/R000000034
<NEXT>