#
#  Reaction log file
#  Author: LigBuilder V3 User_Diana
#  Creation time: Sat Feb 28 06:54:02 2026
#  Format:
#  QueryMoleculeId/Cost/SynthesizeId/ReactantId1/ReactantId2/ReactantId3.....
#  Id prefix:
#  Q --- Query Molecule
#  M --- Material
#  R --- Reactant
#
Directory      result/synthesize_HsDHODH/258/DATABASE/
#
Q000000001/4.282884/0000/R000000001
M000000005/1.000000/0000/Sigma_BB-34690513
R000000006/1.000000/0000/Guesstimate
R000000004/2.222222/0056/M000000005/R000000006
R000000003/2.469136/0257/R000000004
R000000007/8.700000/0000/Guesstimate
R000000008/1.000000/0000/Guesstimate
R000000003/9.700000/0112/R000000007/R000000008
R000000009/1.000000/0000/Guesstimate
R000000002/3.854596/0175/R000000003/R000000009
R000000002/3.854596/0290/R000000003/R000000009
R000000001/4.282884/0041/R000000002
R000000013/1.000000/0000/Guesstimate
R000000012/2.222222/0056/M000000005/R000000013
R000000011/2.469136/0295/R000000012
R000000010/3.854596/0175/R000000011/R000000009
R000000010/3.854596/0290/R000000011/R000000009
R000000001/4.282884/0082/R000000010
Q000000002/4.115227/0000/R000000014
M000000017/1.000000/0000/Sigma_BB-316191000
R000000018/1.000000/0000/Guesstimate
R000000016/2.222222/0175/M000000017/R000000018
M000000020/1.000000/0000/Sigma_BB-326591729
R000000019/2.222222/0112/M000000020/R000000018
R000000019/2.222222/0174/M000000017/R000000018
R000000016/2.469136/0147/R000000019
M000000022/1.000000/0000/Sigma_BB-29596179
R000000021/1.111111/0024/M000000022
R000000023/1.000000/0000/Guesstimate
R000000024/1.000000/0000/Guesstimate
R000000021/2.222222/0004/R000000023/R000000024
R000000015/3.703704/0003/R000000016/R000000021
R000000025/3.580247/0004/R000000016/R000000023
R000000027/1.000000/0000/Guesstimate
R000000026/3.580247/0003/R000000016/R000000027
M000000029/1.000000/0000/Sigma_BB-326591350
R000000028/2.222222/0175/M000000029/R000000018
R000000028/2.222222/0290/M000000029/R000000018
R000000030/1.000000/0000/Guesstimate
R000000026/3.580247/0049/R000000028/R000000030
R000000025/3.978053/0040/R000000026
R000000015/5.089163/0003/R000000025/R000000024
R000000014/4.115227/0099/R000000015
M000000034/1.000000/0000/Sigma_BB-326591505
R000000033/1.111111/0091/M000000034
R000000032/2.345679/0175/R000000033/R000000018
R000000035/2.469136/0040/R000000028
R000000036/2.222222/0174/M000000034/R000000018
R000000036/2.222222/0289/M000000034/R000000018
R000000035/2.469136/0147/R000000036
R000000032/2.743484/0091/R000000035
M000000038/1.000000/0000/Sigma_BB-29925614
R000000037/1.111111/0155/M000000038
R000000040/1.000000/0000/Guesstimate
R000000039/2.222222/0112/R000000040/R000000024
M000000041/1.000000/0000/Sigma_BB-28777622
R000000042/1.000000/0000/Guesstimate
R000000039/2.222222/0280/M000000041/R000000042
R000000037/2.469136/0147/R000000039
R000000031/3.840878/0112/R000000032/R000000037
R000000043/1.000000/0000/Guesstimate
R000000031/3.854596/0003/R000000035/R000000043
R000000014/4.267642/0099/R000000031
Q000000003/3.978053/0000/R000000044
R000000046/1.000000/0000/Guesstimate
R000000045/3.580247/0012/R000000028/R000000046
R000000045/3.580247/0146/R000000028/R000000046
R000000044/3.978053/0041/R000000045
R000000048/1.000000/0000/Guesstimate
R000000047/3.580247/0112/R000000016/R000000048
R000000049/1.000000/0000/Guesstimate
R000000047/3.580247/0138/R000000028/R000000049
R000000044/3.978053/0099/R000000047
<NEXT>