#
#  Reaction log file
#  Author: LigBuilder V3 User_Diana
#  Creation time: Sat Feb 28 06:52:11 2026
#  Format:
#  QueryMoleculeId/Cost/SynthesizeId/ReactantId1/ReactantId2/ReactantId3.....
#  Id prefix:
#  Q --- Query Molecule
#  M --- Material
#  R --- Reactant
#
Directory      result/synthesize_HsDHODH/196/DATABASE/
#
Q000000001/2.469136/0000/R000000001
M000000003/1.000000/0000/Sigma_BB-27087465
M000000004/1.000000/0000/Sigma_BB-28677281
R000000002/2.222222/0221/M000000003/M000000004
R000000006/1.111111/0165/M000000003
M000000007/1.000000/0000/Sigma_BB-30183544
R000000008/1.000000/0000/Guesstimate
R000000006/2.222222/0159/M000000007/R000000008
R000000005/1.234568/0040/R000000006
M000000010/1.000000/0000/Sigma_BB-28104598
R000000011/1.000000/0000/Guesstimate
R000000009/2.222222/0224/M000000010/R000000011
R000000005/2.469136/0119/R000000009
R000000002/2.482853/0119/R000000005/M000000004
R000000001/2.469136/0114/R000000002
R000000012/1.111111/0114/M000000004
M000000015/1.000000/0000/Sigma_BB-29038349
R000000014/1.111111/0125/M000000015
R000000016/1.000000/0000/Guesstimate
R000000014/2.222222/0112/M000000015/R000000016
R000000013/1.234568/0114/R000000014
R000000017/1.111111/0114/M000000015
R000000013/2.345679/0112/R000000017/R000000016
R000000012/1.371742/0147/R000000013
R000000001/2.606310/0119/R000000005/R000000012
Q000000002/2.606310/0000/R000000018
R000000019/2.345679/0221/M000000003/R000000014
R000000019/2.606310/0119/R000000005/R000000014
R000000018/2.606310/0059/R000000019
R000000020/1.234568/0059/R000000014
M000000023/1.000000/0000/Sigma_BB-29107419
R000000022/1.111111/0164/M000000023
R000000022/2.222222/0174/M000000023/R000000016
R000000021/1.234568/0040/R000000022
M000000025/1.000000/0000/Sigma_BB-30386853
R000000024/1.111111/0125/M000000025
R000000024/2.222222/0112/M000000025/R000000016
R000000021/1.234568/0059/R000000024
R000000020/1.371742/0153/R000000021
R000000018/2.743484/0119/R000000005/R000000020
Q000000003/2.606310/0000/R000000018
<NEXT>