#
#  Reaction log file
#  Author: LigBuilder V3 User_Diana
#  Creation time: Sat Feb 28 06:49:21 2026
#  Format:
#  QueryMoleculeId/Cost/SynthesizeId/ReactantId1/ReactantId2/ReactantId3.....
#  Id prefix:
#  Q --- Query Molecule
#  M --- Material
#  R --- Reactant
#
Directory      result/synthesize_HsDHODH/97/DATABASE/
#
Q000000001/5.961151/0000/R000000001
M000000006/1.000000/0000/Sigma_BB-316185787
R000000005/1.111111/0299/M000000006
M000000007/1.000000/0000/Sigma_BB-28999376
R000000005/1.111111/0302/M000000007
M000000008/1.000000/0000/Sigma_BB-28516749
R000000004/2.345679/0274/R000000005/M000000008
R000000011/1.000000/0000/Guesstimate
R000000010/2.345679/0274/R000000005/R000000011
R000000009/2.606310/0155/R000000010
R000000013/1.000000/0000/Guesstimate
R000000012/2.345679/0274/R000000005/R000000013
R000000015/1.000000/0000/Guesstimate
R000000014/2.345679/0274/R000000005/R000000015
R000000016/1.000000/0000/Guesstimate
R000000012/3.717421/0275/R000000014/R000000016
R000000009/2.606310/0197/R000000012
R000000017/1.000000/0000/Guesstimate
R000000004/4.007011/0277/R000000009/R000000017
R000000003/2.606310/0024/R000000004
R000000003/4.007011/0004/R000000009/R000000013
R000000019/1.000000/0000/Guesstimate
R000000020/1.000000/0000/Guesstimate
R000000018/2.222222/0159/R000000019/R000000020
R000000022/2.469136/0040/R000000018
R000000024/1.000000/0000/Guesstimate
R000000025/1.000000/0000/Guesstimate
R000000023/2.222222/0012/R000000024/R000000025
R000000026/1.000000/0000/Guesstimate
R000000027/1.000000/0000/Guesstimate
R000000023/2.222222/0112/R000000026/R000000027
R000000022/3.580247/0159/R000000023/R000000020
R000000021/2.743484/0091/R000000022
R000000018/3.048316/0079/R000000021
R000000002/5.365036/0049/R000000003/R000000018
R000000028/2.743484/0197/R000000022
R000000029/9.200000/0000/Guesstimate
R000000028/9.200000/0287/R000000029
R000000002/5.654626/0003/R000000012/R000000028
R000000001/5.961151/0099/R000000002
R000000030/5.639385/0003/R000000009/R000000022
R000000033/1.000000/0000/Guesstimate
R000000032/2.345679/0274/R000000005/R000000033
R000000032/4.007011/0122/R000000009/R000000025
R000000031/2.606310/0082/R000000032
R000000034/1.000000/0000/Guesstimate
R000000031/3.717421/0112/R000000014/R000000034
R000000036/2.743484/0093/R000000022
R000000037/1.000000/0000/Guesstimate
R000000036/4.159427/0004/R000000037/R000000028
R000000035/3.048316/0085/R000000036
R000000035/4.159427/0004/R000000013/R000000028
R000000030/6.282918/0049/R000000031/R000000035
R000000001/6.265983/0099/R000000030
Q000000002/5.791801/0000/R000000038
M000000041/1.000000/0000/Sigma_BB-31058715
R000000042/1.000000/0000/Guesstimate
R000000040/2.222222/0004/M000000041/R000000042
R000000044/1.000000/0000/Guesstimate
R000000043/2.222222/0004/M000000041/R000000044
R000000045/1.111111/0085/M000000041
R000000046/1.000000/0000/Guesstimate
R000000045/1.111111/0239/R000000046
R000000047/1.000000/0000/Guesstimate
R000000043/2.345679/0095/R000000045/R000000047
R000000040/2.469136/0059/R000000043
M000000050/1.000000/0000/Sigma_BB-28764950
R000000051/1.000000/0000/Guesstimate
R000000049/2.222222/0004/M000000050/R000000051
R000000048/2.469136/0197/R000000049
R000000039/5.212621/0212/R000000040/R000000048
R000000039/5.212621/0212/R000000040/R000000048
R000000038/5.791801/0028/R000000039
R000000055/1.000000/0000/Guesstimate
R000000054/2.222222/0003/R000000055/R000000051
R000000053/3.703704/0122/R000000045/R000000054
R000000053/3.703704/0122/R000000045/R000000054
R000000057/1.111111/0085/M000000050
R000000058/1.000000/0000/Guesstimate
R000000056/2.345679/0212/R000000057/R000000058
R000000060/1.000000/0000/Guesstimate
R000000059/2.222222/0004/M000000050/R000000060
R000000059/2.222222/0277/M000000050/R000000060
R000000056/2.469136/0197/R000000059
R000000052/6.721537/0212/R000000053/R000000056
R000000052/6.721537/0212/R000000053/R000000056
R000000038/7.468375/0028/R000000052
Q000000003/5.791801/0000/R000000038
<NEXT>