#
#  Reaction log file
#  Author: LigBuilder V3 User_Diana
#  Creation time: Sat Feb 28 06:52:32 2026
#  Format:
#  QueryMoleculeId/Cost/SynthesizeId/ReactantId1/ReactantId2/ReactantId3.....
#  Id prefix:
#  Q --- Query Molecule
#  M --- Material
#  R --- Reactant
#
Directory      result/synthesize_HsDHODH/205/DATABASE/
#
Q000000001/Analysis Failed
Q000000002/Analysis Failed
Q000000003/5.486969/0000/R000000001
R000000004/1.000000/0000/Guesstimate
R000000005/1.000000/0000/Guesstimate
R000000003/2.222222/0012/R000000004/R000000005
R000000007/1.000000/0000/Guesstimate
R000000006/2.222222/0012/R000000007/R000000005
R000000008/1.000000/0000/Guesstimate
R000000009/1.000000/0000/Guesstimate
R000000006/2.222222/0279/R000000008/R000000009
R000000003/2.469136/0041/R000000006
R000000011/1.000000/0000/Guesstimate
M000000012/1.000000/0000/Sigma_BB-243982683
R000000010/2.222222/0003/R000000011/M000000012
R000000013/1.000000/0000/Guesstimate
R000000014/1.111111/0125/M000000012
R000000015/1.000000/0000/Guesstimate
R000000014/2.222222/0112/R000000015/M000000012
R000000010/2.345679/0049/R000000013/R000000014
R000000002/4.938272/0159/R000000003/R000000010
R000000002/10.000000/0168/R000000016
R000000001/5.486969/0041/R000000002
R000000020/1.000000/0000/Guesstimate
R000000019/3.580247/0159/R000000020/R000000010
R000000018/3.978053/0041/R000000019
R000000018/3.978053/0233/R000000019
R000000017/5.531170/0174/R000000018/R000000015
R000000017/5.531170/0289/R000000018/R000000015
R000000001/6.145744/0041/R000000017
Q000000004/5.486969/0000/R000000001
<NEXT>