#
#  Reaction log file
#  Author: LigBuilder V3 User_Diana
#  Creation time: Sat Feb 28 06:54:58 2026
#  Format:
#  QueryMoleculeId/Cost/SynthesizeId/ReactantId1/ReactantId2/ReactantId3.....
#  Id prefix:
#  Q --- Query Molecule
#  M --- Material
#  R --- Reactant
#
Directory      result/synthesize_HsDHODH/284/DATABASE/
#
Q000000001/2.222222/0000/R000000001
M000000002/1.000000/0000/Sigma_BB-28760241
R000000003/1.000000/0000/Guesstimate
R000000001/2.222222/0003/M000000002/R000000003
R000000005/1.000000/0000/Guesstimate
M000000006/1.000000/0000/Sigma_BB-28945063
R000000004/2.222222/0004/R000000005/M000000006
M000000009/1.000000/0000/Sigma_BB-28766735
R000000008/1.111111/0087/M000000009
R000000010/1.000000/0000/Guesstimate
R000000007/2.345679/0276/R000000008/R000000010
M000000012/1.000000/0000/Sigma_BB-28775694
R000000011/2.222222/0119/M000000012/R000000010
M000000013/1.000000/0000/Sigma_BB-28200223
R000000014/1.000000/0000/Guesstimate
R000000011/3.333333/0261/M000000013/R000000010/R000000014
R000000007/2.469136/0155/R000000011
R000000004/2.606310/0024/R000000007
R000000015/1.000000/0000/Guesstimate
R000000001/3.580247/0049/R000000004/R000000015
Q000000002/5.654626/0000/R000000016
M000000020/1.000000/0000/Sigma_BB-295067847
R000000021/1.000000/0000/Guesstimate
R000000019/2.222222/0003/M000000020/R000000021
M000000022/1.000000/0000/Sigma_BB-28709473
R000000023/1.000000/0000/Guesstimate
R000000019/2.222222/0175/M000000022/R000000023
R000000024/1.000000/0000/Guesstimate
R000000018/3.580247/0012/R000000019/R000000024
M000000026/1.000000/0000/Sigma_BB-28509836
R000000025/1.111111/0222/M000000026
R000000028/1.000000/0000/Guesstimate
R000000027/2.222222/0012/R000000028/R000000024
R000000029/1.000000/0000/Guesstimate
R000000030/1.000000/0000/Guesstimate
R000000027/2.222222/0112/R000000029/R000000030
R000000018/3.703704/0231/R000000025/R000000027
R000000031/1.000000/0000/Guesstimate
R000000017/5.089163/0159/R000000018/R000000031
M000000034/1.000000/0000/Sigma_BB-28781948
R000000033/2.222222/0174/M000000034/R000000031
R000000033/2.222222/0289/M000000034/R000000031
R000000032/2.469136/0073/R000000033
R000000035/2.222222/0004/M000000020/R000000005
R000000036/1.000000/0000/Guesstimate
R000000032/3.580247/0049/R000000035/R000000036
R000000039/1.000000/0000/Guesstimate
R000000040/1.000000/0000/Guesstimate
R000000038/2.222222/0279/R000000039/R000000040
R000000038/2.222222/0279/R000000039/R000000040
R000000037/2.469136/0079/R000000038
R000000042/1.000000/0000/Guesstimate
R000000041/2.222222/0279/R000000042/R000000040
R000000041/2.222222/0279/R000000042/R000000040
R000000037/2.469136/0082/R000000041
R000000017/5.486969/0159/R000000032/R000000037
R000000016/5.654626/0153/R000000017
R000000045/1.000000/0000/Guesstimate
R000000044/3.580247/0012/R000000019/R000000045
R000000047/1.000000/0000/Guesstimate
R000000046/2.345679/0231/R000000025/R000000047
R000000044/3.717421/0112/R000000046/R000000030
R000000043/5.089163/0159/R000000044/R000000031
R000000050/1.000000/0000/Guesstimate
R000000049/2.222222/0279/R000000039/R000000050
R000000049/2.222222/0279/R000000039/R000000050
R000000048/2.469136/0079/R000000049
R000000051/2.222222/0279/R000000042/R000000050
R000000051/2.222222/0279/R000000042/R000000050
R000000048/2.469136/0082/R000000051
R000000043/5.486969/0159/R000000032/R000000048
R000000016/5.654626/0154/R000000043
Q000000003/Analysis Failed
<NEXT>