#
#  Reaction log file
#  Author: LigBuilder V3 User_Diana
#  Creation time: Sat Feb 28 06:52:29 2026
#  Format:
#  QueryMoleculeId/Cost/SynthesizeId/ReactantId1/ReactantId2/ReactantId3.....
#  Id prefix:
#  Q --- Query Molecule
#  M --- Material
#  R --- Reactant
#
Directory      result/synthesize_HsDHODH/208/DATABASE/
#
Q000000001/Analysis Failed
Q000000002/4.282884/0000/R000000001
R000000003/1.000000/0000/Guesstimate
M000000006/1.000000/0000/Sigma_BB-29088450
M000000007/1.000000/0000/Sigma_BB-152437451
R000000005/2.222222/0004/M000000006/M000000007
R000000004/2.469136/0197/R000000005
R000000002/3.854596/0174/R000000003/R000000004
R000000002/3.854596/0289/R000000003/R000000004
R000000001/4.282884/0028/R000000002
R000000009/1.000000/0000/Guesstimate
M000000012/1.000000/0000/Sigma_BB-63702910
R000000013/1.000000/0000/Guesstimate
R000000011/2.222222/0003/M000000012/R000000013
M000000014/1.000000/0000/Sigma_BB-28465307
R000000015/1.000000/0000/Guesstimate
R000000011/2.222222/0112/M000000014/R000000015
R000000010/2.469136/0099/R000000011
R000000017/1.000000/0000/Guesstimate
R000000016/2.222222/0003/M000000014/R000000017
M000000018/1.000000/0000/Sigma_BB-28945063
R000000019/1.000000/0000/Guesstimate
R000000016/2.222222/0175/M000000018/R000000019
R000000010/2.469136/0099/R000000016
R000000008/3.854596/0112/R000000009/R000000010
R000000021/1.000000/0000/Guesstimate
M000000023/1.000000/0000/Sigma_BB-70737316
R000000024/1.000000/0000/Guesstimate
R000000022/2.222222/0231/M000000023/R000000024
R000000020/3.580247/0174/R000000021/R000000022
R000000025/3.580247/0275/R000000021/R000000022
R000000020/3.978053/0178/R000000025
R000000008/3.978053/0082/R000000020
R000000001/4.282884/0041/R000000008
Q000000003/4.282884/0000/R000000026
M000000030/1.000000/0000/Sigma_BB-28830366
R000000029/2.222222/0004/M000000006/M000000030
R000000028/2.469136/0197/R000000029
R000000027/3.854596/0174/R000000003/R000000028
R000000027/3.854596/0289/R000000003/R000000028
R000000026/4.282884/0028/R000000027
R000000033/2.222222/0175/M000000018/R000000003
R000000033/2.222222/0290/M000000018/R000000003
R000000032/2.469136/0139/R000000033
M000000035/1.000000/0000/Sigma_BB-48767194
R000000034/2.222222/0175/M000000018/M000000035
R000000034/2.222222/0290/M000000018/M000000035
R000000032/2.469136/0150/R000000034
R000000031/3.854596/0112/R000000009/R000000032
R000000038/1.000000/0000/Guesstimate
R000000037/2.222222/0231/M000000023/R000000038
R000000036/3.580247/0174/R000000021/R000000037
R000000039/3.580247/0275/R000000021/R000000037
R000000036/3.978053/0178/R000000039
R000000031/3.978053/0082/R000000036
R000000026/4.282884/0041/R000000031
<NEXT>