#
#  Reaction log file
#  Author: LigBuilder V3 User_Diana
#  Creation time: Sat Feb 28 06:54:19 2026
#  Format:
#  QueryMoleculeId/Cost/SynthesizeId/ReactantId1/ReactantId2/ReactantId3.....
#  Id prefix:
#  Q --- Query Molecule
#  M --- Material
#  R --- Reactant
#
Directory      result/synthesize_HsDHODH/266/DATABASE/
#
Q000000001/5.944217/0000/R000000001
M000000005/1.000000/0000/Sigma_BB-30439426
R000000004/1.111111/0287/M000000005
R000000006/1.000000/0000/Guesstimate
R000000003/2.345679/0004/R000000004/R000000006
M000000009/1.000000/0000/Sigma_BB-28516749
R000000010/1.000000/0000/Guesstimate
R000000008/2.222222/0122/M000000009/R000000010
R000000008/2.222222/0122/M000000009/R000000010
R000000007/2.469136/0024/R000000008
R000000012/1.000000/0000/Guesstimate
R000000011/2.222222/0122/R000000012/R000000010
R000000013/1.000000/0000/Guesstimate
R000000014/1.000000/0000/Guesstimate
R000000011/2.222222/0122/R000000013/R000000014
R000000007/3.580247/0004/R000000006/R000000011
R000000002/5.349795/0212/R000000003/R000000007
R000000002/5.349795/0212/R000000003/R000000007
R000000001/5.944217/0296/R000000002
R000000018/1.000000/0000/Guesstimate
R000000017/2.222222/0175/M000000005/R000000018
R000000017/2.222222/0290/M000000005/R000000018
R000000016/2.469136/0139/R000000017
R000000016/2.469136/0295/R000000017
R000000021/1.000000/0000/Guesstimate
R000000022/1.000000/0000/Guesstimate
R000000020/2.222222/0003/R000000021/R000000022
R000000023/1.000000/0000/Guesstimate
R000000024/1.000000/0000/Guesstimate
R000000020/2.222222/0112/R000000023/R000000024
R000000019/2.469136/0099/R000000020
R000000026/1.000000/0000/Guesstimate
R000000027/1.000000/0000/Guesstimate
R000000025/2.222222/0138/R000000026/R000000027
R000000028/1.000000/0000/Guesstimate
R000000025/2.222222/0138/R000000028/R000000010
R000000019/2.469136/0099/R000000025
R000000015/5.486969/0279/R000000016/R000000019
R000000015/5.486969/0279/R000000016/R000000019
R000000001/6.096632/0294/R000000015
Q000000002/8.335828/0000/R000000029
R000000033/1.000000/0000/Guesstimate
R000000032/3.854596/0232/R000000016/R000000033
R000000031/4.282884/0300/R000000032
R000000036/1.000000/0000/Guesstimate
R000000035/2.222222/0138/R000000026/R000000036
R000000037/1.000000/0000/Guesstimate
R000000035/2.222222/0138/R000000028/R000000037
R000000034/2.469136/0099/R000000035
R000000039/1.000000/0000/Guesstimate
R000000038/2.222222/0003/R000000021/R000000039
R000000040/1.000000/0000/Guesstimate
R000000038/2.222222/0112/R000000023/R000000040
R000000034/2.469136/0099/R000000038
R000000030/7.502244/0279/R000000031/R000000034
R000000030/7.502244/0279/R000000031/R000000034
R000000029/8.335828/0294/R000000030
Q000000003/8.335828/0000/R000000029
<NEXT>