#
#  Reaction log file
#  Author: LigBuilder V3 User_Diana
#  Creation time: Sat Feb 28 06:55:01 2026
#  Format:
#  QueryMoleculeId/Cost/SynthesizeId/ReactantId1/ReactantId2/ReactantId3.....
#  Id prefix:
#  Q --- Query Molecule
#  M --- Material
#  R --- Reactant
#
Directory      result/synthesize_HsDHODH/288/DATABASE/
#
Q000000001/6.282918/0000/R000000001
R000000006/1.000000/0000/Guesstimate
R000000007/1.000000/0000/Guesstimate
R000000005/2.222222/0004/R000000006/R000000007
R000000004/2.469136/0085/R000000005
R000000004/2.469136/0085/R000000005
R000000003/2.743484/0093/R000000004
R000000009/1.000000/0000/Guesstimate
M000000011/1.000000/0000/Sigma_BB-28115779
R000000010/1.111111/0093/M000000011
M000000012/1.000000/0000/Sigma_BB-30432390
R000000010/1.111111/0099/M000000012
R000000008/2.345679/0001/R000000009/R000000010
R000000013/1.000000/0000/Guesstimate
R000000014/1.111111/0197/M000000011
M000000015/1.000000/0000/Sigma_BB-28758610
R000000016/1.000000/0000/Guesstimate
R000000014/2.222222/0231/M000000015/R000000016
R000000008/2.345679/0002/R000000013/R000000014
R000000002/5.654626/0212/R000000003/R000000008
R000000019/1.000000/0000/Guesstimate
M000000020/1.000000/0000/Sigma_BB-28779095
R000000018/2.222222/0122/R000000019/M000000020
R000000018/2.222222/0122/R000000019/M000000020
R000000021/1.000000/0000/Guesstimate
R000000017/3.580247/0004/R000000018/R000000021
R000000023/1.000000/0000/Guesstimate
R000000022/3.580247/0277/R000000018/R000000023
R000000024/1.000000/0000/Guesstimate
R000000022/3.580247/0301/R000000018/R000000024
R000000017/3.978053/0024/R000000022
R000000002/6.721537/0212/R000000004/R000000017
R000000001/6.282918/0122/R000000002
R000000025/6.721537/0122/R000000004/R000000017
R000000025/6.721537/0122/R000000004/R000000017
R000000001/7.468375/0212/R000000025
Q000000002/6.282918/0000/R000000001
Q000000003/5.654626/0000/R000000026
R000000030/1.000000/0000/Guesstimate
R000000031/1.000000/0000/Guesstimate
R000000029/2.222222/0112/R000000030/R000000031
R000000032/1.000000/0000/Guesstimate
R000000028/3.580247/0256/R000000029/R000000032
R000000034/1.000000/0000/Guesstimate
R000000033/3.580247/0256/R000000029/R000000034
R000000028/5.089163/0279/R000000033/R000000034
R000000035/1.000000/0000/Guesstimate
R000000027/5.089163/0225/R000000028/R000000035
R000000027/5.089163/0225/R000000028/R000000035
R000000026/5.654626/0160/R000000027
Q000000004/5.654626/0000/R000000026
<NEXT>