#
#  Reaction log file
#  Author: LigBuilder V3 User_Diana
#  Creation time: Sat Feb 28 06:52:50 2026
#  Format:
#  QueryMoleculeId/Cost/SynthesizeId/ReactantId1/ReactantId2/ReactantId3.....
#  Id prefix:
#  Q --- Query Molecule
#  M --- Material
#  R --- Reactant
#
Directory      result/synthesize_HsDHODH/213/DATABASE/
#
Q000000001/3.717421/0000/R000000001
M000000004/1.000000/0000/Sigma_BB-28766735
R000000003/1.111111/0085/M000000004
R000000005/1.000000/0000/Guesstimate
M000000006/1.000000/0000/Sigma_BB-28945063
R000000003/2.222222/0004/R000000005/M000000006
R000000007/1.000000/0000/Guesstimate
R000000002/2.345679/0175/R000000003/R000000007
M000000010/1.000000/0000/Sigma_BB-63702910
R000000011/1.000000/0000/Guesstimate
R000000009/2.222222/0003/M000000010/R000000011
M000000012/1.000000/0000/Sigma_BB-28465307
R000000009/2.222222/0112/M000000012/R000000007
R000000008/2.469136/0147/R000000009
R000000014/1.000000/0000/Guesstimate
R000000013/2.222222/0003/M000000012/R000000014
R000000008/2.469136/0147/R000000013
R000000002/3.854596/0004/R000000005/R000000008
R000000015/1.000000/0000/Guesstimate
R000000001/3.717421/0049/R000000002/R000000015
R000000019/1.000000/0000/Guesstimate
M000000020/1.000000/0000/Sigma_BB-29509312
R000000018/2.222222/0231/R000000019/M000000020
R000000017/2.469136/0147/R000000018
R000000021/8.000000/0000/Guesstimate
R000000017/8.888889/0188/R000000021
R000000016/3.854596/0175/R000000017/R000000007
R000000023/2.743484/0287/R000000017
R000000024/1.000000/0000/Guesstimate
R000000022/4.159427/0004/R000000023/R000000024
R000000026/1.000000/0000/Guesstimate
R000000025/3.854596/0175/R000000017/R000000026
R000000025/3.854596/0290/R000000017/R000000026
R000000022/4.282884/0024/R000000025
R000000027/1.000000/0000/Guesstimate
R000000016/5.732697/0212/R000000022/R000000027
R000000001/4.282884/0082/R000000016
Q000000002/3.717421/0000/R000000001
Q000000003/4.328778/0000/R000000028
M000000032/1.000000/0000/Sigma_BB-28757047
M000000034/1.000000/0000/Sigma_BB-28769413
R000000033/1.111111/0086/M000000034
R000000033/1.111111/0091/M000000034
R000000031/2.345679/0175/M000000032/R000000033
R000000031/2.345679/0290/M000000032/R000000033
R000000030/2.606310/0074/R000000031
M000000036/1.000000/0000/Sigma_BB-29509005
R000000035/2.345679/0175/M000000036/R000000033
R000000035/2.345679/0290/M000000036/R000000033
R000000030/2.606310/0082/R000000035
R000000029/2.895900/0040/R000000030
M000000039/1.000000/0000/Sigma_BB-28760241
R000000040/1.000000/0000/Guesstimate
R000000038/2.222222/0119/M000000039/R000000040
R000000038/2.222222/0280/M000000039/R000000040
R000000037/3.703704/0175/R000000038/R000000033
R000000042/1.000000/0000/Guesstimate
R000000041/3.580247/0175/R000000038/R000000042
R000000041/3.580247/0290/R000000038/R000000042
R000000037/5.089163/0212/R000000041/M000000034
R000000029/4.115227/0024/R000000037
R000000043/1.000000/0000/Guesstimate
R000000028/4.328778/0003/R000000029/R000000043
M000000047/1.000000/0000/Sigma_BB-152403104
R000000046/1.111111/0085/M000000047
R000000045/1.234568/0197/R000000046
R000000049/9.800000/0000/Guesstimate
R000000048/9.800000/0295/R000000049
R000000045/9.600000/0228/R000000048
R000000044/4.589409/0003/R000000029/R000000045
R000000051/1.111111/0091/M000000039
M000000052/1.000000/0000/Sigma_BB-326697832
R000000051/1.111111/0299/M000000052
R000000050/2.469136/0175/R000000051/R000000033
R000000050/3.217667/0091/R000000029
R000000055/1.000000/0000/Guesstimate
R000000054/2.345679/0212/R000000046/R000000055
R000000054/2.345679/0212/R000000046/R000000055
R000000053/2.606310/0155/R000000054
R000000057/1.000000/0000/Guesstimate
R000000056/2.345679/0301/R000000046/R000000057
R000000056/2.345679/0301/R000000046/R000000057
R000000053/2.606310/0197/R000000056
R000000044/5.639385/0112/R000000050/R000000053
R000000028/5.099344/0028/R000000044
<NEXT>