#
#  Reaction log file
#  Author: LigBuilder V3 User_Diana
#  Creation time: Sat Feb 28 06:49:44 2026
#  Format:
#  QueryMoleculeId/Cost/SynthesizeId/ReactantId1/ReactantId2/ReactantId3.....
#  Id prefix:
#  Q --- Query Molecule
#  M --- Material
#  R --- Reactant
#
Directory      result/synthesize_HsDHODH/125/DATABASE/
#
Q000000001/7.807076/0000/R000000001
M000000005/1.000000/0000/Sigma_BB-249436450
R000000004/1.111111/0054/M000000005
R000000003/1.234568/0009/R000000004
M000000006/1.000000/0000/Sigma_BB-28666432
R000000007/1.000000/0000/Guesstimate
R000000003/2.222222/0003/M000000006/R000000007
R000000011/1.000000/0000/Guesstimate
R000000012/1.000000/0000/Guesstimate
R000000010/2.222222/0279/R000000011/R000000012
R000000010/2.222222/0279/R000000011/R000000012
R000000013/1.000000/0000/Guesstimate
R000000009/3.580247/0279/R000000010/R000000013
R000000009/3.580247/0279/R000000010/R000000013
R000000014/1.000000/0000/Guesstimate
R000000008/5.089163/0095/R000000009/R000000014
R000000016/1.000000/0000/Guesstimate
R000000015/5.089163/0095/R000000009/R000000016
R000000008/5.654626/0294/R000000015
R000000002/7.026369/0159/R000000003/R000000008
R000000001/7.807076/0154/R000000002
R000000020/1.000000/0000/Guesstimate
R000000019/3.580247/0279/R000000010/R000000020
R000000019/3.580247/0279/R000000010/R000000020
R000000018/5.089163/0095/R000000019/R000000014
R000000021/5.089163/0095/R000000019/R000000016
R000000018/5.654626/0294/R000000021
R000000017/7.026369/0159/R000000003/R000000018
R000000001/7.807076/0193/R000000017
Q000000002/7.807076/0000/R000000001
Q000000003/Analysis Failed
<NEXT>