#
#  Reaction log file
#  Author: LigBuilder V3 User_Diana
#  Creation time: Sat Feb 28 06:52:16 2026
#  Format:
#  QueryMoleculeId/Cost/SynthesizeId/ReactantId1/ReactantId2/ReactantId3.....
#  Id prefix:
#  Q --- Query Molecule
#  M --- Material
#  R --- Reactant
#
Directory      result/synthesize_HsDHODH/192/DATABASE/
#
Q000000001/4.130468/0000/R000000001
M000000003/1.000000/0000/Sigma_BB-310947870
M000000006/1.000000/0000/Sigma_BB-28764950
R000000005/1.111111/0085/M000000006
R000000009/1.000000/0000/Guesstimate
R000000008/2.222222/0212/M000000006/R000000009
R000000008/2.222222/0212/M000000006/R000000009
R000000007/2.469136/0085/R000000008
R000000011/1.000000/0000/Guesstimate
R000000010/3.580247/0004/R000000008/R000000011
R000000007/3.978053/0197/R000000010
R000000005/2.743484/0260/R000000007
R000000004/2.345679/0212/R000000005/R000000009
R000000013/1.000000/0000/Guesstimate
R000000012/2.222222/0004/M000000006/R000000013
R000000012/2.222222/0277/M000000006/R000000013
R000000004/2.469136/0197/R000000012
R000000002/3.717421/0212/M000000003/R000000004
R000000002/3.717421/0212/M000000003/R000000004
R000000001/4.130468/0028/R000000002
R000000014/3.854596/0212/M000000003/R000000007
R000000014/3.854596/0212/M000000003/R000000007
R000000001/4.282884/0028/R000000014
Q000000002/5.993328/0000/R000000015
R000000018/2.469136/0085/R000000012
R000000019/1.000000/0000/Guesstimate
R000000017/3.854596/0212/R000000018/R000000019
R000000017/3.854596/0212/R000000018/R000000019
R000000016/5.393995/0212/M000000003/R000000017
R000000016/5.393995/0212/M000000003/R000000017
R000000015/5.993328/0028/R000000016
R000000022/3.580247/0212/R000000012/R000000019
R000000022/3.580247/0212/R000000012/R000000019
R000000021/3.978053/0085/R000000022
R000000023/5.089163/0004/R000000022/R000000011
R000000021/5.654626/0197/R000000023
R000000020/5.531170/0212/M000000003/R000000021
R000000020/5.531170/0212/M000000003/R000000021
R000000015/6.145744/0028/R000000020
Q000000003/2.743484/0000/R000000024
M000000027/1.000000/0000/Sigma_BB-27087465
M000000028/1.000000/0000/Sigma_BB-28758567
R000000026/2.222222/0221/M000000027/M000000028
R000000030/1.111111/0165/M000000027
M000000031/1.000000/0000/Sigma_BB-30183544
R000000032/1.000000/0000/Guesstimate
R000000030/2.222222/0159/M000000031/R000000032
R000000029/1.234568/0040/R000000030
M000000034/1.000000/0000/Sigma_BB-28104598
R000000035/1.000000/0000/Guesstimate
R000000033/2.222222/0224/M000000034/R000000035
R000000029/2.469136/0119/R000000033
R000000026/5.089163/0119/R000000029/M000000028
R000000025/2.469136/0114/R000000026
R000000036/1.111111/0114/M000000028
M000000038/1.000000/0000/Sigma_BB-183986327
R000000037/1.111111/0114/M000000038
M000000039/1.000000/0000/Sigma_BB-92153687
R000000037/1.111111/0213/M000000039
R000000036/1.234568/0153/R000000037
R000000025/2.606310/0119/R000000029/R000000036
R000000024/2.743484/0114/R000000025
R000000040/2.469136/0114/R000000026
R000000041/1.111111/0114/M000000028
M000000043/1.000000/0000/Sigma_BB-28502776
R000000042/1.111111/0040/M000000043
R000000042/1.111111/0114/M000000038
R000000041/1.234568/0153/R000000042
R000000040/2.606310/0119/R000000029/R000000041
R000000024/2.743484/0114/R000000040
Q000000004/2.743484/0000/R000000024
<NEXT>