#
#  Reaction log file
#  Author: LigBuilder V3 User_Diana
#  Creation time: Sat Feb 28 06:54:01 2026
#  Format:
#  QueryMoleculeId/Cost/SynthesizeId/ReactantId1/ReactantId2/ReactantId3.....
#  Id prefix:
#  Q --- Query Molecule
#  M --- Material
#  R --- Reactant
#
Directory      result/synthesize_HsDHODH/246/DATABASE/
#
Q000000001/1.524158/0000/R000000001
M000000005/1.000000/0000/Sigma_BB-30429058
R000000004/1.111111/0299/M000000005
R000000003/1.234568/0287/R000000004
R000000006/1.111111/0287/M000000005
R000000006/1.111111/0287/M000000005
R000000003/1.234568/0299/R000000006
R000000002/1.371742/0125/R000000003
R000000007/1.000000/0000/Guesstimate
R000000002/2.482853/0112/R000000003/R000000007
R000000001/1.524158/0059/R000000002
R000000009/1.000000/0000/Guesstimate
R000000008/2.345679/0175/R000000004/R000000009
R000000010/1.000000/0000/Guesstimate
R000000008/2.482853/0004/R000000003/R000000010
R000000001/2.606310/0153/R000000008
Q000000002/3.854596/0000/R000000011
M000000014/1.000000/0000/Sigma_BB-316191000
R000000015/1.000000/0000/Guesstimate
R000000013/2.222222/0112/M000000014/R000000015
M000000017/1.000000/0000/Sigma_BB-28666432
R000000018/1.000000/0000/Guesstimate
R000000016/2.222222/0112/M000000017/R000000018
R000000020/1.000000/0000/Guesstimate
R000000021/1.000000/0000/Guesstimate
R000000019/2.222222/0012/R000000020/R000000021
R000000022/1.000000/0000/Guesstimate
R000000023/1.000000/0000/Guesstimate
R000000019/2.222222/0279/R000000022/R000000023
R000000013/4.938272/0159/R000000016/R000000019
R000000012/2.469136/0147/R000000013
M000000026/1.000000/0000/Sigma_BB-326591600
R000000025/1.111111/0104/M000000026
R000000025/1.111111/0104/M000000026
R000000027/1.000000/0000/Guesstimate
R000000024/2.345679/0301/R000000025/R000000027
R000000024/2.345679/0301/R000000025/R000000027
R000000012/2.606310/0160/R000000024
R000000028/1.000000/0000/Guesstimate
R000000011/3.854596/0056/R000000012/R000000028
R000000029/3.580247/0056/R000000013/R000000028
R000000030/2.222222/0056/M000000014/R000000028
M000000032/1.000000/0000/Sigma_BB-34690513
R000000031/2.222222/0056/M000000032/R000000028
R000000034/7.600000/0000/Guesstimate
R000000033/8.444445/0168/R000000034
R000000035/9.200000/0000/Guesstimate
R000000033/9.200000/0082/R000000035
R000000031/9.382716/0041/R000000033
R000000030/2.469136/0287/R000000031
R000000029/3.580247/0112/R000000030/R000000015
R000000011/3.978053/0147/R000000029
Q000000003/2.606310/0000/R000000036
M000000039/1.000000/0000/Sigma_BB-238951060
R000000038/1.111111/0153/M000000039
M000000041/1.000000/0000/Sigma_BB-27948280
R000000040/1.111111/0153/M000000041
M000000042/1.000000/0000/Sigma_BB-29509312
R000000040/1.111111/0287/M000000042
R000000038/1.234568/0239/R000000040
R000000043/1.000000/0000/Guesstimate
R000000037/2.345679/0224/R000000038/R000000043
R000000046/1.000000/0000/Guesstimate
R000000045/2.345679/0224/R000000040/R000000046
R000000044/2.606310/0082/R000000045
R000000048/1.000000/0000/Guesstimate
R000000047/2.345679/0224/R000000040/R000000048
R000000049/1.000000/0000/Guesstimate
R000000044/3.717421/0112/R000000047/R000000049
R000000037/2.895900/0239/R000000044
R000000036/2.606310/0147/R000000037
R000000051/1.000000/0000/Guesstimate
R000000050/2.345679/0224/R000000038/R000000051
R000000054/1.000000/0000/Guesstimate
R000000053/2.345679/0224/R000000040/R000000054
R000000052/2.606310/0024/R000000053
R000000056/1.000000/0000/Guesstimate
R000000055/2.345679/0224/R000000040/R000000056
R000000052/2.606310/0040/R000000055
R000000050/2.895900/0239/R000000052
R000000057/1.000000/0000/Guesstimate
R000000036/3.717421/0212/R000000050/R000000057
<NEXT>