#
#  Reaction log file
#  Author: LigBuilder V3 User_Diana
#  Creation time: Sat Feb 28 06:50:11 2026
#  Format:
#  QueryMoleculeId/Cost/SynthesizeId/ReactantId1/ReactantId2/ReactantId3.....
#  Id prefix:
#  Q --- Query Molecule
#  M --- Material
#  R --- Reactant
#
Directory      result/synthesize_HsDHODH/142/DATABASE/
#
Q000000001/2.635269/0000/R000000001
M000000005/1.000000/0000/Sigma_BB-70737316
R000000004/1.111111/0222/M000000005
R000000003/1.234568/0074/R000000004
R000000006/1.000000/0000/Guesstimate
R000000007/1.234568/0287/R000000004
M000000009/1.000000/0000/Sigma_BB-63702910
R000000008/1.111111/0153/M000000009
R000000008/1.111111/0287/M000000005
R000000007/1.234568/0222/R000000008
R000000003/2.482853/0112/R000000006/R000000007
R000000002/1.371742/0040/R000000003
R000000011/1.000000/0000/Guesstimate
R000000012/1.234568/0114/R000000004
R000000010/2.482853/0004/R000000011/R000000012
R000000014/1.000000/0000/Guesstimate
R000000013/2.345679/0175/R000000014/R000000004
R000000015/1.000000/0000/Guesstimate
R000000013/2.482853/0003/R000000015/R000000012
R000000010/2.606310/0040/R000000013
R000000002/2.758726/0073/R000000010
R000000016/1.000000/0000/Guesstimate
R000000001/2.635269/0003/R000000002/R000000016
M000000022/1.000000/0000/Sigma_BB-332441958
R000000021/1.111111/0228/M000000022
R000000021/1.111111/0286/M000000022
R000000020/1.234568/0217/R000000021
R000000023/1.111111/0217/M000000022
R000000025/9.800000/0000/Guesstimate
R000000024/9.800000/0295/R000000025
R000000023/9.600000/0118/R000000024
R000000020/1.234568/0228/R000000023
R000000019/1.371742/0055/R000000020
R000000026/1.000000/0000/Guesstimate
R000000019/2.345679/0112/R000000026/R000000021
R000000018/1.524158/0197/R000000019
R000000028/1.000000/0000/Guesstimate
R000000027/2.345679/0301/R000000028/R000000021
R000000027/2.345679/0301/R000000028/R000000021
R000000018/2.606310/0260/R000000027
R000000017/3.065251/0112/R000000018/R000000007
R000000030/1.524158/0093/R000000002
R000000030/2.482853/0004/R000000011/R000000007
R000000029/1.693509/0085/R000000030
R000000031/1.000000/0000/Guesstimate
R000000029/2.482853/0004/R000000031/R000000007
R000000017/3.253419/0049/R000000029/R000000020
R000000001/3.405835/0028/R000000017
Q000000002/2.635269/0000/R000000001
Q000000003/2.635269/0000/R000000001
<NEXT>