#
#  Reaction log file
#  Author: LigBuilder V3 User_Diana
#  Creation time: Sat Feb 28 06:51:18 2026
#  Format:
#  QueryMoleculeId/Cost/SynthesizeId/ReactantId1/ReactantId2/ReactantId3.....
#  Id prefix:
#  Q --- Query Molecule
#  M --- Material
#  R --- Reactant
#
Directory      result/synthesize_HsDHODH/166/DATABASE/
#
Q000000001/6.096632/0000/R000000001
M000000005/1.000000/0000/Sigma_BB-31058715
R000000006/1.000000/0000/Guesstimate
R000000004/2.222222/0003/M000000005/R000000006
R000000003/2.469136/0147/R000000004
M000000009/1.000000/0000/Sigma_BB-28759852
R000000008/1.111111/0086/M000000009
R000000008/1.111111/0091/M000000009
R000000007/2.345679/0112/R000000008/R000000006
R000000003/2.606310/0147/R000000007
R000000012/1.000000/0000/Guesstimate
R000000013/1.000000/0000/Guesstimate
R000000011/2.222222/0277/R000000012/R000000013
R000000010/2.469136/0295/R000000011
R000000015/1.000000/0000/Guesstimate
R000000016/1.000000/0000/Guesstimate
R000000014/2.222222/0004/R000000015/R000000016
R000000017/1.000000/0000/Guesstimate
R000000010/3.580247/0280/R000000014/R000000017
R000000002/5.486969/0279/R000000003/R000000010
R000000002/5.486969/0279/R000000003/R000000010
R000000001/6.096632/0279/R000000002
R000000018/5.486969/0279/R000000003/R000000010
R000000018/5.486969/0279/R000000003/R000000010
R000000001/6.096632/0279/R000000018
Q000000002/6.096632/0000/R000000001
Q000000003/6.096632/0000/R000000001
Q000000004/6.096632/0000/R000000001
<NEXT>