#
#  Reaction log file
#  Author: LigBuilder V3 User_Diana
#  Creation time: Sat Feb 28 06:53:48 2026
#  Format:
#  QueryMoleculeId/Cost/SynthesizeId/ReactantId1/ReactantId2/ReactantId3.....
#  Id prefix:
#  Q --- Query Molecule
#  M --- Material
#  R --- Reactant
#
Directory      result/synthesize_HsDHODH/259/DATABASE/
#
Q000000001/3.978053/0000/R000000001
M000000004/1.000000/0000/Sigma_BB-316191000
R000000005/1.000000/0000/Guesstimate
R000000003/2.222222/0175/M000000004/R000000005
R000000003/2.222222/0290/M000000004/R000000005
R000000006/1.000000/0000/Guesstimate
R000000002/3.580247/0112/R000000003/R000000006
R000000007/2.469136/0125/R000000003
R000000008/1.000000/0000/Guesstimate
R000000007/3.580247/0112/R000000003/R000000008
R000000009/1.000000/0000/Guesstimate
R000000002/3.854596/0138/R000000007/R000000009
R000000001/3.978053/0099/R000000002
R000000011/1.000000/0000/Guesstimate
R000000010/3.854596/0012/R000000007/R000000011
R000000010/3.854596/0146/R000000007/R000000011
R000000001/4.282884/0041/R000000010
Q000000002/3.978053/0000/R000000001
Q000000003/3.978053/0000/R000000001
<NEXT>