#
#  Reaction log file
#  Author: LigBuilder V3 User_Diana
#  Creation time: Sat Feb 28 06:52:27 2026
#  Format:
#  QueryMoleculeId/Cost/SynthesizeId/ReactantId1/ReactantId2/ReactantId3.....
#  Id prefix:
#  Q --- Query Molecule
#  M --- Material
#  R --- Reactant
#
Directory      result/synthesize_HsDHODH/198/DATABASE/
#
Q000000001/6.096632/0000/R000000001
M000000005/1.000000/0000/Sigma_BB-35362384
R000000006/1.000000/0000/Guesstimate
R000000004/2.222222/0049/M000000005/R000000006
M000000007/1.000000/0000/Sigma_BB-29038349
R000000008/1.000000/0000/Guesstimate
R000000004/2.222222/0232/M000000007/R000000008
R000000003/2.469136/0156/R000000004
R000000009/2.469136/0059/R000000004
R000000011/1.000000/0000/Guesstimate
R000000010/2.222222/0232/M000000007/R000000011
R000000009/2.469136/0153/R000000010
R000000003/2.743484/0217/R000000009
R000000014/1.000000/0000/Guesstimate
R000000015/1.000000/0000/Guesstimate
R000000013/2.222222/0285/R000000014/R000000015
R000000012/2.469136/0122/R000000013
R000000016/1.000000/0000/Guesstimate
R000000017/8.100000/0000/Guesstimate
R000000012/9.100000/0112/R000000016/R000000017
R000000002/5.486969/0224/R000000003/R000000012
M000000020/1.000000/0000/Sigma_BB-37467573
R000000019/1.111111/0054/M000000020
M000000021/1.000000/0000/Sigma_BB-299859477
M000000022/1.000000/0000/Sigma_BB-28778979
R000000019/2.222222/0212/M000000021/M000000022
R000000018/1.234568/0009/R000000019
M000000023/1.000000/0000/Sigma_BB-28426400
R000000024/1.000000/0000/Guesstimate
R000000018/2.222222/0003/M000000023/R000000024
R000000027/1.000000/0000/Guesstimate
R000000026/3.580247/0224/R000000013/R000000027
R000000025/3.978053/0122/R000000026
R000000025/3.978053/0122/R000000026
R000000002/5.791801/0277/R000000018/R000000025
R000000001/6.096632/0059/R000000002
R000000031/1.000000/0000/Guesstimate
R000000032/1.000000/0000/Guesstimate
R000000030/2.222222/0224/R000000031/R000000032
R000000034/1.000000/0000/Guesstimate
R000000033/2.222222/0224/R000000034/R000000032
R000000030/2.469136/0156/R000000033
R000000029/2.469136/0003/R000000030
R000000035/2.469136/0003/R000000033
R000000037/1.000000/0000/Guesstimate
M000000038/1.000000/0000/Sigma_BB-30184006
R000000036/2.222222/0277/R000000037/M000000038
R000000035/2.469136/0099/R000000036
R000000029/9.900000/0156/R000000035
R000000028/5.486969/0170/R000000009/R000000029
R000000039/2.743484/0059/R000000003
R000000039/2.743484/0156/R000000009
R000000028/5.791801/0170/R000000039/R000000035
R000000001/6.096632/0099/R000000028
Q000000002/Analysis Failed
Q000000003/5.808735/0000/R000000040
R000000043/1.000000/0000/Guesstimate
R000000044/1.000000/0000/Guesstimate
R000000042/2.222222/0159/R000000043/R000000044
R000000046/6.400000/0000/Guesstimate
R000000045/7.111112/0287/R000000046
R000000042/9.012346/0112/R000000045/R000000016
R000000048/1.000000/0000/Guesstimate
R000000051/1.000000/0000/Guesstimate
R000000050/1.111111/0125/R000000051
R000000050/2.222222/0112/R000000016/R000000051
R000000049/1.234568/0041/R000000050
R000000049/1.234568/0233/R000000050
R000000047/2.482853/0275/R000000048/R000000049
R000000052/1.000000/0000/Guesstimate
R000000047/2.482853/0282/R000000052/R000000049
R000000041/5.227862/0175/R000000042/R000000047
R000000054/2.469136/0287/R000000042
R000000055/1.000000/0000/Guesstimate
R000000053/3.854596/0004/R000000054/R000000055
R000000057/1.000000/0000/Guesstimate
R000000056/3.580247/0175/R000000042/R000000057
R000000058/3.580247/0175/R000000042/R000000048
R000000058/3.580247/0290/R000000042/R000000048
R000000059/1.000000/0000/Guesstimate
R000000056/5.089163/0276/R000000058/R000000059
R000000053/3.978053/0024/R000000056
R000000041/5.654626/0169/R000000053/R000000049
R000000040/5.808735/0059/R000000041
R000000061/2.469136/0059/R000000042
R000000062/8.700000/0000/Guesstimate
R000000061/9.666667/0156/R000000062
R000000060/5.502210/0174/R000000061/R000000047
R000000063/2.743484/0059/R000000054
R000000063/3.854596/0224/R000000054/R000000059
R000000060/5.807042/0112/R000000063/R000000047
R000000040/6.113567/0147/R000000060
Q000000004/5.808735/0000/R000000040
<NEXT>