#
#  Reaction log file
#  Author: LigBuilder V3 User_Diana
#  Creation time: Sat Feb 28 06:54:17 2026
#  Format:
#  QueryMoleculeId/Cost/SynthesizeId/ReactantId1/ReactantId2/ReactantId3.....
#  Id prefix:
#  Q --- Query Molecule
#  M --- Material
#  R --- Reactant
#
Directory      result/synthesize_HsDHODH/267/DATABASE/
#
Q000000001/2.635269/0000/R000000001
M000000005/1.000000/0000/Sigma_BB-326599343
R000000004/1.111111/0287/M000000005
R000000004/1.111111/0287/M000000005
R000000003/1.234568/0125/R000000004
R000000006/1.000000/0000/Guesstimate
R000000003/2.345679/0112/R000000004/R000000006
R000000002/1.371742/0040/R000000003
M000000009/1.000000/0000/Sigma_BB-326605244
R000000010/1.000000/0000/Guesstimate
R000000008/2.222222/0119/M000000009/R000000010
R000000012/1.000000/0000/Guesstimate
R000000013/1.000000/0000/Guesstimate
R000000011/2.222222/0279/R000000012/R000000013
R000000011/2.222222/0279/R000000012/R000000013
M000000014/1.000000/0000/Sigma_BB-27952372
R000000008/3.580247/0159/R000000011/M000000014
R000000007/2.469136/0287/R000000008
R000000016/1.000000/0000/Guesstimate
M000000017/1.000000/0000/Sigma_BB-27735042
R000000015/2.222222/0112/R000000016/M000000017
M000000018/1.000000/0000/Sigma_BB-187814628
R000000015/2.222222/0174/R000000016/M000000018
R000000007/4.938272/0159/R000000011/R000000015
R000000002/2.743484/0024/R000000007
R000000019/1.000000/0000/Guesstimate
R000000001/2.635269/0003/R000000002/R000000019
R000000021/1.000000/0000/Guesstimate
R000000020/2.635269/0003/R000000002/R000000021
R000000022/1.524158/0091/R000000002
R000000024/1.000000/0000/Guesstimate
R000000023/2.222222/0279/R000000012/R000000024
R000000023/2.222222/0279/R000000012/R000000024
R000000022/4.938272/0159/R000000023/R000000015
R000000025/1.000000/0000/Guesstimate
R000000020/2.804620/0112/R000000022/R000000025
R000000001/2.928077/0039/R000000020
Q000000002/2.635269/0000/R000000001
Q000000003/2.635269/0000/R000000001
<NEXT>