#
#  Reaction log file
#  Author: LigBuilder V3 User_Diana
#  Creation time: Sat Feb 28 06:54:55 2026
#  Format:
#  QueryMoleculeId/Cost/SynthesizeId/ReactantId1/ReactantId2/ReactantId3.....
#  Id prefix:
#  Q --- Query Molecule
#  M --- Material
#  R --- Reactant
#
Directory      result/synthesize_HsDHODH/294/DATABASE/
#
Q000000001/7.959492/0000/R000000001
M000000006/1.000000/0000/Sigma_BB-28823129
R000000007/1.000000/0000/Guesstimate
R000000005/2.222222/0231/M000000006/R000000007
R000000008/1.000000/0000/Guesstimate
R000000004/3.580247/0224/R000000005/R000000008
R000000009/2.222222/0224/M000000006/R000000008
M000000011/1.000000/0000/Sigma_BB-27291979
R000000010/2.222222/0224/M000000011/R000000008
R000000009/2.469136/0153/R000000010
R000000004/3.580247/0231/R000000009/R000000007
R000000003/3.978053/0294/R000000004
R000000012/9.000000/0000/Guesstimate
R000000003/10.000000/0224/R000000012/R000000008
R000000015/1.000000/0000/Guesstimate
R000000016/1.000000/0000/Guesstimate
R000000014/2.222222/0285/R000000015/R000000016
R000000013/2.469136/0112/R000000014
R000000017/2.222222/0112/R000000015/R000000016
R000000018/1.000000/0000/Guesstimate
R000000019/1.000000/0000/Guesstimate
R000000017/2.222222/0138/R000000018/R000000019
R000000013/2.469136/0285/R000000017
R000000002/7.163543/0018/R000000003/R000000013
R000000001/7.959492/0295/R000000002
Q000000002/7.959492/0000/R000000001
Q000000003/7.959492/0000/R000000001
Q000000004/2.758726/0000/R000000020
M000000022/1.000000/0000/Sigma_BB-326591468
R000000025/1.000000/0000/Guesstimate
R000000024/1.111111/0040/R000000025
R000000026/1.000000/0000/Guesstimate
R000000027/1.000000/0000/Guesstimate
R000000024/2.222222/0112/R000000026/R000000027
R000000023/1.234568/0091/R000000024
R000000029/1.000000/0000/Guesstimate
R000000030/1.000000/0000/Guesstimate
R000000028/2.222222/0004/R000000029/R000000030
R000000023/2.469136/0009/R000000028
R000000021/2.482853/0175/M000000022/R000000023
R000000021/2.482853/0290/M000000022/R000000023
R000000020/2.758726/0041/R000000021
R000000032/1.000000/0000/Guesstimate
R000000031/2.222222/0175/M000000022/R000000032
R000000031/2.222222/0290/M000000022/R000000032
R000000033/1.000000/0000/Guesstimate
R000000020/3.580247/0018/R000000031/R000000033
<NEXT>