#
#  Reaction log file
#  Author: LigBuilder V3 User_Diana
#  Creation time: Sat Feb 28 06:53:40 2026
#  Format:
#  QueryMoleculeId/Cost/SynthesizeId/ReactantId1/ReactantId2/ReactantId3.....
#  Id prefix:
#  Q --- Query Molecule
#  M --- Material
#  R --- Reactant
#
Directory      result/synthesize_HsDHODH/255/DATABASE/
#
Q000000001/7.163543/0000/R000000001
R000000004/1.000000/0000/Guesstimate
R000000005/1.000000/0000/Guesstimate
R000000003/2.222222/0119/R000000004/R000000005
R000000007/1.000000/0000/Guesstimate
R000000006/2.222222/0119/R000000004/R000000007
R000000008/1.000000/0000/Guesstimate
R000000006/2.222222/0276/R000000004/R000000008
R000000003/2.469136/0147/R000000006
R000000011/1.000000/0000/Guesstimate
R000000012/1.000000/0000/Guesstimate
R000000010/2.222222/0224/R000000011/R000000012
R000000013/1.000000/0000/Guesstimate
R000000009/3.580247/0285/R000000010/R000000013
R000000015/1.000000/0000/Guesstimate
R000000014/3.580247/0285/R000000010/R000000015
R000000009/3.978053/0294/R000000014
R000000002/6.447188/0159/R000000003/R000000009
R000000017/2.222222/0224/R000000004/R000000011
R000000016/3.580247/0285/R000000017/R000000013
R000000018/3.580247/0285/R000000017/R000000015
R000000016/3.978053/0294/R000000018
R000000019/2.222222/0119/R000000005/R000000012
R000000020/2.222222/0119/R000000007/R000000012
R000000020/2.222222/0276/R000000008/R000000012
R000000019/2.469136/0147/R000000020
R000000002/6.447188/0159/R000000016/R000000019
R000000001/7.163543/0041/R000000002
R000000001/7.163543/0233/R000000002
Q000000002/Analysis Failed
Q000000003/Analysis Failed
<NEXT>