#
#  Reaction log file
#  Author: LigBuilder V3 User_Diana
#  Creation time: Sat Feb 28 06:52:23 2026
#  Format:
#  QueryMoleculeId/Cost/SynthesizeId/ReactantId1/ReactantId2/ReactantId3.....
#  Id prefix:
#  Q --- Query Molecule
#  M --- Material
#  R --- Reactant
#
Directory      result/synthesize_HsDHODH/197/DATABASE/
#
Q000000001/2.758726/0000/R000000001
M000000003/1.000000/0000/Sigma_BB-27087465
M000000006/1.000000/0000/Sigma_BB-28769716
R000000005/1.111111/0091/M000000006
R000000004/1.234568/0079/R000000005
M000000008/1.000000/0000/Sigma_BB-29038349
R000000009/1.000000/0000/Guesstimate
R000000007/2.222222/0004/M000000008/R000000009
R000000004/2.469136/0009/R000000007
R000000002/2.482853/0221/M000000003/R000000004
R000000011/1.111111/0165/M000000003
M000000012/1.000000/0000/Sigma_BB-30183544
R000000013/1.000000/0000/Guesstimate
R000000011/2.222222/0159/M000000012/R000000013
R000000010/1.234568/0040/R000000011
M000000015/1.000000/0000/Sigma_BB-28104598
R000000016/1.000000/0000/Guesstimate
R000000014/2.222222/0224/M000000015/R000000016
R000000010/2.469136/0119/R000000014
R000000002/2.743484/0119/R000000010/R000000004
R000000001/2.758726/0059/R000000002
R000000017/1.371742/0059/R000000004
M000000020/1.000000/0000/Sigma_BB-29107419
R000000019/1.111111/0164/M000000020
R000000021/1.000000/0000/Guesstimate
R000000019/2.222222/0174/M000000020/R000000021
R000000018/1.234568/0040/R000000019
M000000023/1.000000/0000/Sigma_BB-30386853
R000000022/1.111111/0125/M000000023
R000000022/2.222222/0112/M000000023/R000000021
R000000018/1.234568/0059/R000000022
R000000017/1.371742/0153/R000000018
R000000001/2.895900/0119/R000000010/R000000017
Q000000002/Analysis Failed
Q000000003/Analysis Failed
<NEXT>