#
#  Reaction log file
#  Author: LigBuilder V3 User_Diana
#  Creation time: Sat Feb 28 06:53:56 2026
#  Format:
#  QueryMoleculeId/Cost/SynthesizeId/ReactantId1/ReactantId2/ReactantId3.....
#  Id prefix:
#  Q --- Query Molecule
#  M --- Material
#  R --- Reactant
#
Directory      result/synthesize_HsDHODH/247/DATABASE/
#
Q000000001/2.606310/0000/R000000001
M000000004/1.000000/0000/Sigma_BB-238951060
R000000003/1.111111/0153/M000000004
M000000006/1.000000/0000/Sigma_BB-27948280
R000000005/1.111111/0153/M000000006
M000000007/1.000000/0000/Sigma_BB-29509312
R000000005/1.111111/0287/M000000007
R000000003/1.234568/0239/R000000005
R000000008/1.000000/0000/Guesstimate
R000000002/2.345679/0224/R000000003/R000000008
R000000011/1.000000/0000/Guesstimate
R000000010/2.345679/0224/R000000005/R000000011
R000000009/2.606310/0079/R000000010
R000000013/1.000000/0000/Guesstimate
R000000012/2.345679/0224/R000000005/R000000013
R000000009/2.606310/0082/R000000012
R000000002/2.895900/0239/R000000009
R000000001/2.606310/0041/R000000002
R000000015/1.000000/0000/Guesstimate
R000000014/2.345679/0224/R000000003/R000000015
R000000018/1.000000/0000/Guesstimate
R000000017/2.345679/0224/R000000005/R000000018
R000000016/2.606310/0041/R000000017
R000000020/1.000000/0000/Guesstimate
R000000019/2.345679/0224/R000000005/R000000020
R000000016/2.606310/0082/R000000019
R000000014/2.895900/0239/R000000016
R000000001/2.606310/0147/R000000014
Q000000002/2.606310/0000/R000000021
R000000023/1.000000/0000/Guesstimate
R000000022/2.345679/0224/R000000003/R000000023
R000000026/1.000000/0000/Guesstimate
R000000025/2.345679/0224/R000000005/R000000026
R000000027/1.000000/0000/Guesstimate
R000000024/3.717421/0212/R000000025/R000000027
R000000024/3.717421/0212/R000000025/R000000027
R000000022/4.130468/0239/R000000024
R000000021/2.606310/0155/R000000022
R000000030/1.000000/0000/Guesstimate
R000000031/1.000000/0000/Guesstimate
R000000029/2.222222/0001/R000000030/R000000031
R000000032/1.000000/0000/Guesstimate
R000000029/2.222222/0004/R000000032/R000000031
R000000028/3.703704/0224/R000000003/R000000029
R000000034/2.345679/0224/R000000003/R000000026
R000000034/2.606310/0239/R000000025
R000000033/2.606310/0197/R000000034
R000000035/8.500000/0000/Guesstimate
R000000033/9.444445/0302/R000000035
R000000028/4.007011/0004/R000000033/R000000031
R000000021/4.115227/0197/R000000028
Q000000003/2.606310/0000/R000000036
R000000038/1.000000/0000/Guesstimate
R000000037/2.345679/0224/R000000003/R000000038
R000000039/1.000000/0000/Guesstimate
R000000037/4.007011/0112/R000000033/R000000039
R000000036/2.606310/0147/R000000037
R000000040/1.000000/0000/Guesstimate
R000000036/3.717421/0212/R000000034/R000000040
<NEXT>