#
#  Reaction log file
#  Author: LigBuilder V3 User_Diana
#  Creation time: Sat Feb 28 06:48:03 2026
#  Format:
#  QueryMoleculeId/Cost/SynthesizeId/ReactantId1/ReactantId2/ReactantId3.....
#  Id prefix:
#  Q --- Query Molecule
#  M --- Material
#  R --- Reactant
#
Directory      result/synthesize_HsDHODH/35/DATABASE/
#
Q000000001/4.420058/0000/R000000001
R000000004/1.000000/0000/Guesstimate
M000000006/1.000000/0000/Sigma_BB-63702910
R000000005/1.111111/0153/M000000006
M000000007/1.000000/0000/Sigma_BB-70737316
R000000005/1.111111/0287/M000000007
R000000003/2.345679/0112/R000000004/R000000005
R000000009/1.000000/0000/Guesstimate
R000000008/2.222222/0174/R000000009/M000000007
R000000008/2.345679/0112/R000000009/R000000005
R000000003/2.469136/0041/R000000008
M000000012/1.000000/0000/Sigma_BB-37328316
R000000011/1.111111/0222/M000000012
R000000010/1.234568/0104/R000000011
R000000010/1.234568/0104/R000000011
R000000002/3.978052/0231/R000000003/R000000010
R000000001/4.420058/0160/R000000002
R000000016/1.000000/0000/Guesstimate
R000000017/1.000000/0000/Guesstimate
R000000015/2.222222/0158/R000000016/R000000017
R000000015/2.222222/0158/R000000016/R000000017
R000000014/2.469136/0188/R000000015
R000000019/1.000000/0000/Guesstimate
R000000018/2.222222/0158/R000000016/R000000019
R000000018/2.222222/0158/R000000016/R000000019
R000000014/2.469136/0188/R000000018
R000000013/5.349795/0231/R000000003/R000000014
R000000001/5.944217/0160/R000000013
Q000000002/3.048316/0000/R000000020
M000000024/1.000000/0000/Sigma_BB-40568029
R000000023/1.111111/0299/M000000024
R000000022/1.234568/0222/R000000023
R000000025/1.111111/0222/M000000024
R000000022/1.234568/0299/R000000025
R000000021/1.371742/0024/R000000022
M000000028/1.000000/0000/Sigma_BB-244317267
R000000027/1.111111/0299/M000000028
M000000030/1.000000/0000/Sigma_BB-161790948
R000000029/1.111111/0153/M000000030
M000000031/1.000000/0000/Sigma_BB-29038349
R000000029/1.111111/0287/M000000031
R000000027/1.234568/0222/R000000029
R000000026/1.234568/0125/R000000027
R000000032/1.000000/0000/Guesstimate
R000000026/2.345679/0112/R000000027/R000000032
R000000021/1.371742/0040/R000000026
R000000036/1.000000/0000/Guesstimate
R000000035/1.111111/0198/R000000036
R000000037/1.000000/0000/Guesstimate
R000000038/1.000000/0000/Guesstimate
R000000035/2.222222/0180/R000000037/R000000038
R000000034/1.234568/0155/R000000035
R000000040/1.000000/0000/Guesstimate
R000000041/1.000000/0000/Guesstimate
R000000039/2.222222/0004/R000000040/R000000041
R000000042/1.000000/0000/Guesstimate
R000000043/1.000000/0000/Guesstimate
R000000039/3.333333/0225/R000000040/R000000042/R000000043
R000000034/2.469136/0197/R000000039
R000000033/1.371742/0155/R000000034
R000000046/1.000000/0000/Guesstimate
R000000045/1.111111/0118/R000000046
R000000045/2.222222/0112/R000000046/R000000032
R000000044/1.234568/0041/R000000045
R000000044/1.234568/0155/R000000035
R000000033/1.371742/0155/R000000044
R000000020/3.048316/0003/R000000021/R000000033
R000000048/1.000000/0000/Guesstimate
R000000047/2.345679/0004/R000000027/R000000048
R000000051/1.000000/0000/Guesstimate
R000000050/3.593965/0261/R000000026/R000000051/R000000043
R000000049/3.993294/0155/R000000050
R000000047/4.436994/0024/R000000049
M000000055/1.000000/0000/Sigma_BB-28775620
R000000054/1.111111/0239/M000000055
M000000056/1.000000/0000/Sigma_BB-31058715
R000000057/1.000000/0000/Guesstimate
R000000054/2.222222/0004/M000000056/R000000057
R000000053/1.234568/0086/R000000054
R000000053/1.234568/0091/R000000054
R000000052/1.371742/0079/R000000053
R000000059/1.000000/0000/Guesstimate
R000000058/2.635269/0004/R000000059/R000000033
R000000061/1.000000/0000/Guesstimate
R000000060/2.635269/0277/R000000061/R000000033
R000000062/1.000000/0000/Guesstimate
R000000060/2.635269/0301/R000000062/R000000033
R000000058/2.928077/0040/R000000060
R000000052/2.928077/0009/R000000058
R000000020/4.130468/0049/R000000047/R000000052
Q000000003/3.048316/0000/R000000020
<NEXT>