#
#  Reaction log file
#  Author: LigBuilder V3 User_Diana
#  Creation time: Sat Feb 28 06:55:09 2026
#  Format:
#  QueryMoleculeId/Cost/SynthesizeId/ReactantId1/ReactantId2/ReactantId3.....
#  Id prefix:
#  Q --- Query Molecule
#  M --- Material
#  R --- Reactant
#
Directory      result/synthesize_HsDHODH/300/DATABASE/
#
Q000000001/4.007011/0000/R000000001
M000000004/1.000000/0000/Sigma_BB-27521434
R000000006/1.000000/0000/Guesstimate
R000000005/1.111111/0198/R000000006
R000000007/1.000000/0000/Guesstimate
R000000005/1.111111/0228/R000000007
R000000003/2.345679/0274/M000000004/R000000005
R000000002/2.606310/0295/R000000003
R000000008/1.000000/0000/Guesstimate
R000000001/4.007011/0003/R000000002/R000000008
R000000010/1.000000/0000/Guesstimate
R000000011/2.895900/0153/R000000002
R000000011/2.895900/0153/R000000002
R000000009/4.328778/0231/R000000010/R000000011
R000000013/1.000000/0000/Guesstimate
R000000012/4.328778/0231/R000000013/R000000011
R000000009/5.920865/0301/R000000012/R000000008
R000000001/4.809754/0082/R000000009
Q000000002/Analysis Failed
Q000000003/Analysis Failed
Q000000004/Analysis Failed
<END>