#
#  Reaction log file
#  Author: LigBuilder V3 User_Diana
#  Creation time: Sat Feb 28 06:51:54 2026
#  Format:
#  QueryMoleculeId/Cost/SynthesizeId/ReactantId1/ReactantId2/ReactantId3.....
#  Id prefix:
#  Q --- Query Molecule
#  M --- Material
#  R --- Reactant
#
Directory      result/synthesize_HsDHODH/189/DATABASE/
#
Q000000001/4.267643/0000/R000000001
M000000005/1.000000/0000/Sigma_BB-28764950
R000000004/1.111111/0197/M000000005
R000000003/1.234568/0086/R000000004
R000000003/1.234568/0091/R000000004
M000000007/1.000000/0000/Sigma_BB-70737316
R000000008/1.000000/0000/Guesstimate
R000000006/2.222222/0231/M000000007/R000000008
M000000010/1.000000/0000/Sigma_BB-70380583
R000000009/2.222222/0231/M000000010/R000000008
R000000006/2.469136/0299/R000000009
R000000002/3.840878/0174/R000000003/R000000006
M000000013/1.000000/0000/Sigma_BB-63702910
R000000012/1.111111/0153/M000000013
R000000012/1.111111/0287/M000000007
R000000011/2.345679/0231/R000000012/R000000008
R000000011/2.469136/0287/R000000006
R000000002/3.978052/0112/R000000003/R000000011
R000000001/4.267643/0028/R000000002
R000000015/1.000000/0000/Guesstimate
R000000014/3.580247/0174/R000000015/R000000006
R000000014/3.717421/0112/R000000015/R000000011
R000000016/1.000000/0000/Guesstimate
R000000001/5.089163/0012/R000000014/R000000016
Q000000002/4.267643/0000/R000000001
Q000000003/4.621586/0000/R000000017
R000000019/1.000000/0000/Guesstimate
R000000021/2.469136/0198/R000000006
R000000021/2.469136/0298/R000000006
R000000020/2.743484/0257/R000000021
R000000018/4.159427/0174/R000000019/R000000020
R000000023/2.606310/0198/R000000011
R000000023/2.606310/0298/R000000011
R000000022/2.895900/0257/R000000023
R000000018/4.328778/0112/R000000019/R000000022
R000000017/4.621586/0099/R000000018
R000000027/1.000000/0000/Guesstimate
R000000026/2.222222/0174/R000000027/M000000007
R000000026/2.345679/0112/R000000027/R000000012
R000000025/2.469136/0197/R000000026
R000000028/9.900000/0000/Guesstimate
R000000025/9.900000/0260/R000000028
R000000024/3.854596/0231/R000000025/R000000008
R000000029/1.000000/0000/Guesstimate
R000000017/5.393995/0112/R000000024/R000000029
<NEXT>