#
#  Reaction log file
#  Author: LigBuilder V3 User_Diana
#  Creation time: Sat Feb 28 06:48:09 2026
#  Format:
#  QueryMoleculeId/Cost/SynthesizeId/ReactantId1/ReactantId2/ReactantId3.....
#  Id prefix:
#  Q --- Query Molecule
#  M --- Material
#  R --- Reactant
#
Directory      result/synthesize_HsDHODH/51/DATABASE/
#
Q000000001/Analysis Failed
Q000000002/Analysis Failed
Q000000003/2.635269/0000/R000000001
M000000005/1.000000/0000/Sigma_BB-183975848
R000000004/1.111111/0114/M000000005
R000000003/1.234568/0299/R000000004
M000000007/1.000000/0000/Sigma_BB-28760241
R000000008/1.000000/0000/Guesstimate
R000000006/2.222222/0119/M000000007/R000000008
R000000006/2.222222/0280/M000000007/R000000008
R000000003/2.469136/0114/R000000006
R000000002/1.371742/0024/R000000003
M000000011/1.000000/0000/Sigma_BB-28757047
R000000010/1.111111/0114/M000000011
M000000012/1.000000/0000/Sigma_BB-28799055
R000000010/1.111111/0155/M000000012
R000000009/1.234568/0074/R000000010
M000000014/1.000000/0000/Sigma_BB-29509005
R000000013/1.111111/0114/M000000014
R000000009/1.234568/0082/R000000013
R000000002/1.371742/0040/R000000009
R000000015/1.000000/0000/Guesstimate
R000000001/2.635269/0003/R000000002/R000000015
R000000017/1.000000/0000/Guesstimate
M000000019/1.000000/0000/Sigma_BB-28945063
R000000018/1.111111/0114/M000000019
R000000020/1.111111/0287/M000000012
R000000018/1.234568/0155/R000000020
R000000016/2.345679/0004/R000000017/R000000018
R000000023/1.000000/0000/Guesstimate
R000000022/3.593965/0261/R000000009/R000000008/R000000023
R000000021/3.993294/0155/R000000022
R000000016/4.436994/0024/R000000021
R000000024/1.000000/0000/Guesstimate
R000000001/3.717421/0049/R000000016/R000000024
<NEXT>