#
#  Reaction log file
#  Author: LigBuilder V3 User_Diana
#  Creation time: Sat Feb 28 06:52:35 2026
#  Format:
#  QueryMoleculeId/Cost/SynthesizeId/ReactantId1/ReactantId2/ReactantId3.....
#  Id prefix:
#  Q --- Query Molecule
#  M --- Material
#  R --- Reactant
#
Directory      result/synthesize_HsDHODH/215/DATABASE/
#
Q000000001/2.895900/0000/R000000001
M000000005/1.000000/0000/Sigma_BB-28764950
R000000004/1.111111/0197/M000000005
R000000003/1.234568/0086/R000000004
R000000003/1.234568/0091/R000000004
M000000007/1.000000/0000/Sigma_BB-70737316
R000000006/1.111111/0222/M000000007
M000000009/1.000000/0000/Sigma_BB-70380583
R000000008/1.111111/0222/M000000009
M000000010/1.000000/0000/Sigma_BB-28847164
R000000008/1.111111/0287/M000000010
R000000006/1.234568/0299/R000000008
R000000002/2.606310/0174/R000000003/R000000006
M000000013/1.000000/0000/Sigma_BB-63702910
R000000012/1.111111/0153/M000000013
R000000012/1.111111/0287/M000000007
R000000011/1.234568/0222/R000000012
R000000011/1.234568/0287/R000000006
R000000002/2.743484/0112/R000000003/R000000011
R000000001/2.895900/0028/R000000002
R000000015/1.000000/0000/Guesstimate
R000000014/2.482853/0112/R000000015/R000000011
R000000017/1.000000/0000/Guesstimate
R000000016/2.345679/0174/R000000017/R000000006
R000000016/2.482853/0112/R000000017/R000000011
R000000014/2.606310/0147/R000000016
R000000018/1.000000/0000/Guesstimate
R000000001/3.869837/0012/R000000014/R000000018
Q000000002/2.895900/0000/R000000001
Q000000003/2.895900/0000/R000000001
<NEXT>