#
#  Reaction log file
#  Author: LigBuilder V3 User_Diana
#  Creation time: Sun Mar  1 05:10:04 2026
#  Format:
#  QueryMoleculeId/Cost/SynthesizeId/ReactantId1/ReactantId2/ReactantId3.....
#  Id prefix:
#  Q --- Query Molecule
#  M --- Material
#  R --- Reactant
#
Directory      result/synthesize_HsDHODH/224/DATABASE/
#
Q000000001/3.978053/0000/R000000001
M000000004/1.000000/0000/Sigma_BB-61877977
R000000005/1.000000/0000/Guesstimate
R000000003/2.222222/0256/M000000004/R000000005
M000000007/1.000000/0000/Sigma_BB-27722144
R000000008/1.000000/0000/Guesstimate
R000000006/2.222222/0285/M000000007/R000000008
R000000003/2.469136/0233/R000000006
R000000009/1.000000/0000/Guesstimate
R000000002/3.580247/0042/R000000003/R000000009
M000000012/1.000000/0000/Sigma_BB-68785271
R000000013/1.000000/0000/Guesstimate
R000000011/2.222222/0003/M000000012/R000000013
R000000011/2.222222/0277/M000000007/R000000013
R000000010/2.469136/0099/R000000011
M000000015/1.000000/0000/Sigma_BB-31122802
R000000016/1.000000/0000/Guesstimate
R000000014/2.222222/0003/M000000015/R000000016
R000000017/1.000000/0000/Guesstimate
R000000014/2.222222/0049/M000000004/R000000017
R000000010/3.580247/0122/R000000014/R000000013
R000000002/3.854596/0003/R000000010/R000000016
R000000001/3.978053/0041/R000000002
R000000020/2.222222/0003/R000000013/R000000016
R000000021/1.000000/0000/Guesstimate
R000000020/2.222222/0049/R000000021/R000000017
R000000019/2.469136/0041/R000000020
R000000023/1.000000/0000/Guesstimate
R000000022/2.222222/0112/R000000013/R000000023
R000000019/2.469136/0147/R000000022
R000000018/3.854596/0003/M000000012/R000000019
R000000024/2.222222/0004/M000000015/R000000017
R000000026/1.000000/0000/Guesstimate
R000000025/2.222222/0004/M000000015/R000000026
R000000025/2.469136/0040/R000000014
R000000024/2.469136/0085/R000000025
R000000028/2.222222/0003/R000000021/R000000016
R000000029/1.000000/0000/Guesstimate
R000000028/3.580247/0112/R000000020/R000000029
R000000027/2.469136/0041/R000000028
R000000031/1.000000/0000/Guesstimate
R000000030/3.854596/0004/R000000019/R000000031
R000000030/3.854596/0277/R000000019/R000000031
R000000027/4.282884/0009/R000000030
R000000018/5.212621/0049/R000000024/R000000027
R000000001/4.282884/0099/R000000018
Q000000002/2.469136/0000/R000000032
R000000034/1.000000/0000/Guesstimate
R000000033/2.222222/0003/M000000012/R000000034
R000000035/1.000000/0000/Guesstimate
R000000033/3.580247/0049/R000000024/R000000035
R000000032/2.469136/0099/R000000033
R000000037/1.000000/0000/Guesstimate
R000000036/2.222222/0003/M000000015/R000000037
R000000038/2.222222/0004/R000000034/R000000017
R000000040/1.000000/0000/Guesstimate
R000000039/2.222222/0277/R000000034/R000000040
R000000041/1.000000/0000/Guesstimate
R000000039/2.222222/0301/R000000034/R000000041
R000000038/2.469136/0024/R000000039
R000000036/3.580247/0049/M000000004/R000000038
R000000032/2.469136/0099/R000000036
Q000000003/2.469136/0000/R000000032
<NEXT>