#
#  Reaction log file
#  Author: LigBuilder V3 User_Diana
#  Creation time: Sun Mar  1 05:10:07 2026
#  Format:
#  QueryMoleculeId/Cost/SynthesizeId/ReactantId1/ReactantId2/ReactantId3.....
#  Id prefix:
#  Q --- Query Molecule
#  M --- Material
#  R --- Reactant
#
Directory      result/synthesize_HsDHODH/219/DATABASE/
#
Q000000001/2.469136/0000/R000000001
M000000003/1.000000/0000/Sigma_BB-68785271
R000000004/1.000000/0000/Guesstimate
R000000002/2.222222/0003/M000000003/R000000004
R000000006/1.111111/0093/M000000003
M000000007/1.000000/0000/Sigma_BB-31122802
R000000008/1.000000/0000/Guesstimate
R000000006/2.222222/0004/M000000007/R000000008
R000000005/1.234568/0085/R000000006
R000000009/1.000000/0000/Guesstimate
R000000005/2.222222/0004/M000000007/R000000009
R000000012/1.000000/0000/Guesstimate
R000000011/2.222222/0004/R000000004/R000000012
R000000011/2.222222/0277/R000000004/R000000012
R000000010/2.469136/0009/R000000011
R000000014/1.000000/0000/Guesstimate
R000000015/1.000000/0000/Guesstimate
R000000013/2.222222/0277/R000000014/R000000015
R000000010/2.469136/0079/R000000013
R000000002/4.115227/0049/R000000005/R000000010
R000000001/2.469136/0099/R000000002
R000000018/1.000000/0000/Guesstimate
R000000017/2.222222/0004/R000000018/R000000015
R000000020/1.000000/0000/Guesstimate
R000000019/2.222222/0277/R000000020/R000000015
R000000021/1.000000/0000/Guesstimate
R000000019/3.580247/0276/R000000013/R000000021
R000000017/2.469136/0024/R000000019
R000000016/3.580247/0003/M000000007/R000000017
M000000022/1.000000/0000/Sigma_BB-61877977
R000000023/2.222222/0004/R000000004/R000000009
R000000025/1.000000/0000/Guesstimate
R000000024/2.222222/0277/R000000004/R000000025
R000000026/1.000000/0000/Guesstimate
R000000024/2.222222/0301/R000000004/R000000026
R000000023/2.469136/0024/R000000024
R000000016/3.580247/0049/M000000022/R000000023
R000000001/3.978053/0099/R000000016
Q000000002/2.469136/0000/R000000027
R000000029/1.000000/0000/Guesstimate
R000000028/2.222222/0003/M000000003/R000000029
R000000031/2.222222/0004/R000000029/R000000012
R000000031/2.222222/0277/R000000029/R000000012
R000000030/2.469136/0009/R000000031
M000000033/1.000000/0000/Sigma_BB-28807198
R000000034/1.000000/0000/Guesstimate
R000000032/2.222222/0274/M000000033/R000000034
R000000035/1.000000/0000/Guesstimate
R000000032/2.222222/0277/R000000014/R000000035
R000000030/2.469136/0079/R000000032
R000000028/4.115227/0049/R000000005/R000000030
R000000027/2.469136/0099/R000000028
R000000037/2.222222/0004/R000000018/R000000035
M000000039/1.000000/0000/Sigma_BB-28971796
R000000038/2.222222/0274/M000000039/R000000034
R000000038/3.580247/0276/R000000032/R000000021
R000000037/2.469136/0024/R000000038
R000000036/3.580247/0003/M000000007/R000000037
R000000040/2.222222/0004/R000000029/R000000009
R000000041/2.222222/0277/R000000029/R000000025
R000000041/2.222222/0301/R000000029/R000000026
R000000040/2.469136/0024/R000000041
R000000036/3.580247/0049/M000000022/R000000040
R000000027/3.978053/0099/R000000036
Q000000003/Analysis Failed
Q000000004/Analysis Failed
<NEXT>