#
#  Reaction log file
#  Author: LigBuilder V3 User_Diana
#  Creation time: Sun Mar  1 05:08:47 2026
#  Format:
#  QueryMoleculeId/Cost/SynthesizeId/ReactantId1/ReactantId2/ReactantId3.....
#  Id prefix:
#  Q --- Query Molecule
#  M --- Material
#  R --- Reactant
#
Directory      result/synthesize_HsDHODH/182/DATABASE/
#
Q000000001/2.928077/0000/R000000001
M000000003/1.000000/0000/Sigma_BB-68785271
M000000007/1.000000/0000/Sigma_BB-152396216
R000000006/1.111111/0087/M000000007
M000000008/1.000000/0000/Sigma_BB-28845121
R000000009/1.000000/0000/Guesstimate
R000000006/2.222222/0274/M000000008/R000000009
R000000005/1.234568/0079/R000000006
R000000011/1.000000/0000/Guesstimate
R000000012/1.000000/0000/Guesstimate
R000000010/2.222222/0301/R000000011/R000000012
R000000013/1.000000/0000/Guesstimate
R000000014/1.000000/0000/Guesstimate
R000000010/2.222222/0301/R000000013/R000000014
R000000005/2.469136/0082/R000000010
R000000004/1.371742/0041/R000000005
R000000016/1.000000/0000/Guesstimate
M000000017/1.000000/0000/Sigma_BB-70573194
R000000015/2.222222/0112/R000000016/M000000017
R000000004/2.469136/0147/R000000015
R000000002/2.635269/0003/M000000003/R000000004
M000000022/1.000000/0000/Sigma_BB-61877977
R000000021/1.111111/0054/M000000022
R000000020/1.234568/0009/R000000021
M000000023/1.000000/0000/Sigma_BB-31122802
R000000024/1.000000/0000/Guesstimate
R000000020/2.222222/0003/M000000023/R000000024
R000000019/1.371742/0040/R000000020
R000000025/1.000000/0000/Guesstimate
R000000019/2.222222/0004/M000000023/R000000025
R000000018/1.524158/0085/R000000019
R000000026/1.000000/0000/Guesstimate
R000000018/2.222222/0004/M000000023/R000000026
R000000029/1.000000/0000/Guesstimate
R000000028/2.635269/0004/R000000004/R000000029
R000000028/2.635269/0277/R000000004/R000000029
R000000027/2.928077/0009/R000000028
R000000030/2.222222/0003/R000000024/R000000012
M000000031/1.000000/0000/Sigma_BB-30412616
R000000032/1.000000/0000/Guesstimate
R000000030/2.222222/0112/M000000031/R000000032
R000000033/1.000000/0000/Guesstimate
R000000027/3.580247/0011/R000000030/R000000033
R000000002/4.946928/0049/R000000018/R000000027
R000000001/2.928077/0099/R000000002
R000000034/2.743484/0122/R000000020/R000000005
R000000034/2.743484/0122/R000000020/R000000005
R000000001/3.048316/0041/R000000034
Q000000002/Analysis Failed
Q000000003/Analysis Failed
<NEXT>