#
#  Reaction log file
#  Author: LigBuilder V3 User_Diana
#  Creation time: Sun Mar  1 05:10:25 2026
#  Format:
#  QueryMoleculeId/Cost/SynthesizeId/ReactantId1/ReactantId2/ReactantId3.....
#  Id prefix:
#  Q --- Query Molecule
#  M --- Material
#  R --- Reactant
#
Directory      result/synthesize_HsDHODH/227/DATABASE/
#
Q000000001/3.993294/0000/R000000001
M000000005/1.000000/0000/Sigma_BB-28823129
R000000004/1.111111/0287/M000000005
M000000006/1.000000/0000/Sigma_BB-370175121
R000000004/1.111111/0299/M000000006
R000000003/1.234568/0222/R000000004
R000000007/1.111111/0222/M000000005
R000000003/1.234568/0287/R000000007
R000000008/1.000000/0000/Guesstimate
R000000009/1.000000/0000/Guesstimate
R000000002/3.593965/0225/R000000003/R000000008/R000000009
R000000011/1.000000/0000/Guesstimate
R000000012/1.000000/0000/Guesstimate
R000000010/2.222222/0003/R000000011/R000000012
R000000013/1.000000/0000/Guesstimate
R000000014/1.000000/0000/Guesstimate
R000000010/2.222222/0049/R000000013/R000000014
R000000002/3.840878/0275/R000000003/R000000010
R000000001/3.993294/0222/R000000002
R000000016/1.234568/0222/R000000004
R000000017/1.111111/0222/M000000005
R000000016/1.234568/0287/R000000017
R000000015/3.593965/0225/R000000016/R000000008/R000000009
R000000015/3.840878/0275/R000000016/R000000010
R000000001/3.993294/0222/R000000015
Q000000002/Analysis Failed
Q000000003/Analysis Failed
<NEXT>