#
#  Reaction log file
#  Author: LigBuilder V3 User_Diana
#  Creation time: Sun Mar  1 05:09:37 2026
#  Format:
#  QueryMoleculeId/Cost/SynthesizeId/ReactantId1/ReactantId2/ReactantId3.....
#  Id prefix:
#  Q --- Query Molecule
#  M --- Material
#  R --- Reactant
#
Directory      result/synthesize_HsDHODH/213/DATABASE/
#
Q000000001/5.212621/0000/R000000001
R000000003/1.000000/0000/Guesstimate
R000000004/1.000000/0000/Guesstimate
R000000002/2.222222/0004/R000000003/R000000004
R000000008/1.000000/0000/Guesstimate
R000000007/1.111111/0228/R000000008
R000000007/1.111111/0286/R000000008
R000000009/1.000000/0000/Guesstimate
R000000006/2.345679/0301/R000000007/R000000009
R000000006/2.345679/0301/R000000007/R000000009
R000000005/2.606310/0188/R000000006
R000000002/2.895900/0040/R000000005
R000000012/1.000000/0000/Guesstimate
R000000013/1.000000/0000/Guesstimate
R000000011/2.222222/0224/R000000012/R000000013
R000000010/2.469136/0024/R000000011
R000000015/1.000000/0000/Guesstimate
R000000014/2.222222/0224/R000000015/R000000013
R000000010/2.469136/0040/R000000014
R000000001/5.212621/0212/R000000002/R000000010
R000000017/2.345679/0004/R000000007/R000000004
R000000017/2.606310/0040/R000000006
R000000016/5.349795/0212/R000000017/R000000010
R000000016/5.349795/0212/R000000017/R000000010
R000000001/5.944217/0188/R000000016
Q000000002/Analysis Failed
Q000000003/Analysis Failed
Q000000004/Analysis Failed
<NEXT>