#
#  Reaction log file
#  Author: LigBuilder V3 User_Diana
#  Creation time: Sun Mar  1 05:09:28 2026
#  Format:
#  QueryMoleculeId/Cost/SynthesizeId/ReactantId1/ReactantId2/ReactantId3.....
#  Id prefix:
#  Q --- Query Molecule
#  M --- Material
#  R --- Reactant
#
Directory      result/synthesize_HsDHODH/201/DATABASE/
#
Q000000001/2.222222/0000/R000000001
R000000002/1.000000/0000/Guesstimate
M000000003/1.000000/0000/Sigma_BB-28426400
R000000001/2.222222/0004/R000000002/M000000003
R000000005/1.000000/0000/Guesstimate
R000000004/2.222222/0004/R000000005/M000000003
R000000008/1.000000/0000/Guesstimate
M000000009/1.000000/0000/Sigma_BB-28151472
R000000007/2.222222/0175/R000000008/M000000009
R000000007/2.222222/0290/R000000008/M000000009
R000000006/2.469136/0039/R000000007
R000000011/1.000000/0000/Guesstimate
M000000012/1.000000/0000/Sigma_BB-326697832
R000000010/2.222222/0112/R000000011/M000000012
R000000013/1.000000/0000/Guesstimate
R000000010/2.222222/0112/R000000013/M000000003
R000000006/2.469136/0147/R000000010
R000000004/2.743484/0024/R000000006
R000000014/1.000000/0000/Guesstimate
R000000001/3.580247/0004/R000000004/R000000014
Q000000002/2.222222/0000/R000000015
R000000016/1.000000/0000/Guesstimate
R000000015/2.222222/0004/R000000016/M000000003
R000000017/1.000000/0000/Guesstimate
R000000015/3.580247/0004/R000000004/R000000017
Q000000003/5.226338/0000/R000000018
R000000021/1.000000/0000/Guesstimate
R000000020/1.111111/0040/R000000021
R000000022/1.000000/0000/Guesstimate
R000000020/2.222222/0004/R000000022/R000000005
R000000024/1.000000/0000/Guesstimate
M000000025/1.000000/0000/Sigma_BB-28465307
R000000023/2.222222/0004/R000000024/M000000025
M000000027/1.000000/0000/Sigma_BB-28945063
R000000026/2.222222/0004/R000000024/M000000027
R000000023/2.469136/0287/R000000026
R000000019/3.703704/0212/R000000020/R000000023
R000000019/3.703704/0212/R000000020/R000000023
R000000018/5.226338/0004/R000000005/R000000019
R000000031/1.000000/0000/Guesstimate
R000000030/2.345679/0119/R000000020/R000000031
R000000030/2.345679/0280/R000000020/R000000031
R000000029/3.717421/0004/R000000030/R000000005
R000000033/1.000000/0000/Guesstimate
R000000032/3.717421/0003/R000000030/R000000033
R000000029/4.130468/0040/R000000032
R000000028/6.599605/0212/R000000029/R000000023
R000000028/6.599605/0212/R000000029/R000000023
R000000018/7.332894/0024/R000000028
Q000000004/Analysis Failed
<NEXT>