#
#  Reaction log file
#  Author: LigBuilder V3 User_Diana
#  Creation time: Sun Mar  1 05:07:28 2026
#  Format:
#  QueryMoleculeId/Cost/SynthesizeId/ReactantId1/ReactantId2/ReactantId3.....
#  Id prefix:
#  Q --- Query Molecule
#  M --- Material
#  R --- Reactant
#
Directory      result/synthesize_HsDHODH/141/DATABASE/
#
Q000000001/Analysis Failed
Q000000002/Analysis Failed
Q000000003/7.163543/0000/R000000001
M000000004/1.000000/0000/Sigma_BB-28766567
R000000006/1.000000/0000/Guesstimate
R000000007/1.000000/0000/Guesstimate
R000000005/2.222222/0274/R000000006/R000000007
R000000008/1.000000/0000/Guesstimate
R000000009/1.000000/0000/Guesstimate
R000000005/2.222222/0301/R000000008/R000000009
R000000003/3.580247/0176/M000000004/R000000005
R000000010/3.580247/0176/M000000004/R000000005
M000000011/1.000000/0000/Sigma_BB-27364690
R000000010/3.580247/0271/M000000011/R000000005
R000000003/3.978053/0197/R000000010
R000000013/1.000000/0000/Guesstimate
R000000014/1.000000/0000/Guesstimate
R000000012/2.222222/0003/R000000013/R000000014
M000000016/1.000000/0000/Sigma_BB-30407107
R000000017/1.000000/0000/Guesstimate
R000000015/2.222222/0122/M000000016/R000000017
R000000015/2.222222/0122/M000000016/R000000017
R000000012/2.469136/0009/R000000015
R000000002/6.447188/0122/R000000003/R000000012
R000000002/6.447188/0122/R000000003/R000000012
R000000001/7.163543/0024/R000000002
R000000021/1.000000/0000/Guesstimate
R000000022/1.000000/0000/Guesstimate
R000000020/2.222222/0174/R000000021/R000000022
R000000023/1.000000/0000/Guesstimate
R000000024/7.900000/0000/Guesstimate
R000000020/9.888888/0112/R000000023/R000000024
R000000019/3.580247/0003/R000000013/R000000020
R000000025/1.000000/0000/Guesstimate
R000000026/6.888889/0082/R000000027
R000000028/1.000000/0000/Guesstimate
R000000026/9.888888/0112/R000000028/R000000024
R000000019/8.765432/0012/R000000025/R000000026
R000000018/7.956105/0122/R000000003/R000000019
R000000018/7.956105/0122/R000000003/R000000019
R000000001/8.840117/0025/R000000018
Q000000004/7.163543/0000/R000000001
<NEXT>