#
#  Reaction log file
#  Author: LigBuilder V3 User_Diana
#  Creation time: Sun Mar  1 05:06:48 2026
#  Format:
#  QueryMoleculeId/Cost/SynthesizeId/ReactantId1/ReactantId2/ReactantId3.....
#  Id prefix:
#  Q --- Query Molecule
#  M --- Material
#  R --- Reactant
#
Directory      result/synthesize_HsDHODH/117/DATABASE/
#
Q000000001/4.282884/0000/R000000001
M000000003/1.000000/0000/Sigma_BB-28800161
R000000006/1.000000/0000/Guesstimate
R000000007/1.000000/0000/Guesstimate
R000000005/2.222222/0301/R000000006/R000000007
R000000008/1.000000/0000/Guesstimate
R000000011/1.000000/0000/Guesstimate
M000000012/1.000000/0000/Sigma_BB-30407107
R000000010/2.222222/0274/R000000011/M000000012
R000000013/1.000000/0000/Guesstimate
M000000014/1.000000/0000/Sigma_BB-28782701
R000000010/2.222222/0274/R000000013/M000000014
R000000009/2.469136/0009/R000000010
R000000016/1.000000/0000/Guesstimate
R000000015/2.222222/0274/R000000013/R000000016
R000000017/1.000000/0000/Guesstimate
R000000015/2.222222/0274/R000000011/R000000017
R000000009/2.469136/0079/R000000015
R000000005/3.854596/0122/R000000008/R000000009
R000000004/2.469136/0059/R000000005
R000000019/1.000000/0000/Guesstimate
M000000020/1.000000/0000/Sigma_BB-128506535
R000000018/2.222222/0212/R000000019/M000000020
R000000018/2.743484/0059/R000000009
R000000004/3.580247/0122/R000000008/R000000018
R000000002/3.854596/0003/M000000003/R000000004
M000000023/1.000000/0000/Sigma_BB-100800467
R000000022/1.111111/0287/M000000023
R000000021/1.234568/0024/R000000022
M000000024/1.000000/0000/Sigma_BB-28789570
R000000025/1.000000/0000/Guesstimate
R000000021/2.222222/0004/M000000024/R000000025
R000000027/1.000000/0000/Guesstimate
R000000028/2.469136/0118/R000000018
R000000029/1.000000/0000/Guesstimate
R000000028/3.580247/0112/R000000029/R000000018
R000000026/3.854596/0012/R000000027/R000000028
R000000031/1.000000/0000/Guesstimate
R000000030/3.854596/0004/R000000031/R000000004
R000000026/4.282884/0009/R000000030
R000000002/5.654626/0049/R000000021/R000000026
R000000001/4.282884/0099/R000000002
M000000035/1.000000/0000/Sigma_BB-28448714
R000000034/1.111111/0197/M000000035
M000000036/1.000000/0000/Sigma_BB-28836314
R000000037/1.000000/0000/Guesstimate
R000000034/2.222222/0231/M000000036/R000000037
R000000038/1.000000/0000/Guesstimate
R000000033/2.345679/0003/R000000034/R000000038
M000000041/1.000000/0000/Sigma_BB-100710702
R000000040/1.111111/0009/M000000041
R000000040/2.222222/0003/M000000024/R000000038
R000000039/2.345679/0122/R000000040/M000000012
R000000039/2.345679/0122/R000000040/M000000012
R000000033/2.606310/0009/R000000039
R000000032/5.349795/0122/R000000033/R000000009
R000000032/5.349795/0122/R000000033/R000000009
R000000001/5.944217/0059/R000000032
Q000000002/5.944217/0000/R000000042
R000000046/1.000000/0000/Guesstimate
R000000045/2.222222/0274/R000000013/R000000046
R000000047/1.000000/0000/Guesstimate
R000000045/2.222222/0274/R000000011/R000000047
R000000044/2.469136/0039/R000000045
M000000049/1.000000/0000/Sigma_BB-27468255
R000000048/2.222222/0212/R000000019/M000000049
R000000048/2.743484/0040/R000000009
R000000050/1.000000/0000/Guesstimate
R000000044/3.580247/0119/R000000048/R000000050
R000000043/5.349795/0122/R000000033/R000000044
R000000043/5.349795/0122/R000000033/R000000044
R000000042/5.944217/0024/R000000043
R000000054/1.000000/0000/Guesstimate
R000000053/1.111111/0287/R000000054
R000000052/3.703704/0112/R000000015/R000000053
R000000056/1.000000/0000/Guesstimate
R000000055/1.111111/0198/R000000056
R000000055/2.469136/0197/R000000048
R000000059/1.000000/0000/Guesstimate
R000000058/2.222222/0174/R000000059/R000000054
R000000058/2.222222/0289/R000000059/R000000054
R000000057/2.469136/0197/R000000058
R000000060/7.400000/0000/Guesstimate
R000000057/8.222222/0091/R000000060
R000000052/3.978053/0112/R000000055/R000000057
R000000051/6.721537/0122/R000000033/R000000052
R000000061/3.840878/0122/R000000033/R000000055
R000000061/3.840878/0122/R000000033/R000000055
R000000051/7.011127/0112/R000000061/R000000057
R000000042/7.468375/0025/R000000051
Q000000003/Analysis Failed
Q000000004/Analysis Failed
<NEXT>