#
#  Reaction log file
#  Author: LigBuilder V3 User_Diana
#  Creation time: Sun Mar  1 05:06:58 2026
#  Format:
#  QueryMoleculeId/Cost/SynthesizeId/ReactantId1/ReactantId2/ReactantId3.....
#  Id prefix:
#  Q --- Query Molecule
#  M --- Material
#  R --- Reactant
#
Directory      result/synthesize_HsDHODH/113/DATABASE/
#
Q000000001/6.096632/0000/R000000001
M000000005/1.000000/0000/Sigma_BB-31122802
R000000006/1.000000/0000/Guesstimate
R000000004/2.222222/0003/M000000005/R000000006
M000000007/1.000000/0000/Sigma_BB-61877977
R000000008/1.000000/0000/Guesstimate
R000000004/2.222222/0049/M000000007/R000000008
R000000010/1.000000/0000/Guesstimate
R000000011/1.000000/0000/Guesstimate
R000000009/2.222222/0170/R000000010/R000000011
R000000012/1.000000/0000/Guesstimate
R000000013/1.000000/0000/Guesstimate
R000000009/2.222222/0170/R000000012/R000000013
R000000003/4.938272/0122/R000000004/R000000009
R000000003/4.938272/0122/R000000004/R000000009
R000000002/5.486969/0118/R000000003
R000000014/1.000000/0000/Guesstimate
R000000002/6.598080/0112/R000000003/R000000014
R000000001/6.096632/0041/R000000002
R000000018/1.000000/0000/Guesstimate
R000000019/1.000000/0000/Guesstimate
R000000017/2.222222/0170/R000000018/R000000019
R000000020/1.000000/0000/Guesstimate
R000000021/1.000000/0000/Guesstimate
R000000017/2.222222/0170/R000000020/R000000021
R000000016/4.938272/0122/R000000004/R000000017
R000000016/4.938272/0122/R000000004/R000000017
R000000015/5.486969/0118/R000000016
R000000015/6.598080/0112/R000000016/R000000014
R000000001/6.096632/0059/R000000015
Q000000002/2.469136/0000/R000000022
M000000024/1.000000/0000/Sigma_BB-68785271
R000000025/1.000000/0000/Guesstimate
R000000023/2.222222/0003/M000000024/R000000025
R000000026/2.222222/0004/M000000005/R000000008
R000000028/1.000000/0000/Guesstimate
R000000027/2.222222/0004/M000000005/R000000028
R000000027/2.469136/0040/R000000004
R000000026/2.469136/0085/R000000027
R000000031/1.000000/0000/Guesstimate
R000000030/1.111111/0118/R000000031
R000000030/2.222222/0112/R000000031/R000000014
R000000029/1.234568/0041/R000000030
R000000033/1.000000/0000/Guesstimate
R000000032/2.222222/0004/R000000025/R000000033
M000000034/1.000000/0000/Sigma_BB-28833052
M000000035/1.000000/0000/Sigma_BB-28778979
R000000032/2.222222/0212/M000000034/M000000035
R000000029/2.469136/0009/R000000032
R000000023/3.840878/0049/R000000026/R000000029
R000000022/2.469136/0099/R000000023
R000000038/1.000000/0000/Guesstimate
R000000037/3.580247/0122/R000000004/R000000038
R000000037/3.580247/0122/R000000004/R000000038
R000000036/3.978053/0118/R000000037
R000000036/5.089163/0112/R000000037/R000000014
R000000022/4.420059/0041/R000000036
Q000000003/4.282884/0000/R000000039
R000000043/1.000000/0000/Guesstimate
R000000044/1.000000/0000/Guesstimate
R000000042/2.222222/0170/R000000043/R000000044
R000000045/1.000000/0000/Guesstimate
R000000046/1.000000/0000/Guesstimate
R000000042/2.222222/0170/R000000045/R000000046
R000000041/2.469136/0155/R000000042
R000000048/2.222222/0170/R000000010/R000000046
R000000048/2.222222/0170/R000000012/R000000044
R000000047/2.469136/0118/R000000048
R000000047/3.580247/0112/R000000048/R000000014
R000000041/2.743484/0041/R000000047
R000000040/3.854596/0003/M000000024/R000000041
R000000050/2.743484/0118/R000000047
R000000050/3.854596/0112/R000000047/R000000014
R000000049/3.048316/0041/R000000050
R000000051/3.854596/0004/R000000041/R000000033
R000000051/3.854596/0277/R000000041/R000000033
R000000049/4.282884/0009/R000000051
R000000040/5.856154/0049/R000000026/R000000049
R000000039/4.282884/0099/R000000040
R000000053/4.938272/0122/R000000004/R000000048
R000000053/4.938272/0122/R000000004/R000000048
R000000052/5.486969/0118/R000000053
R000000052/6.598080/0112/R000000053/R000000014
R000000039/6.096632/0041/R000000052
<NEXT>