#
#  Reaction log file
#  Author: LigBuilder V3 User_Diana
#  Creation time: Sun Mar  1 05:08:56 2026
#  Format:
#  QueryMoleculeId/Cost/SynthesizeId/ReactantId1/ReactantId2/ReactantId3.....
#  Id prefix:
#  Q --- Query Molecule
#  M --- Material
#  R --- Reactant
#
Directory      result/synthesize_HsDHODH/180/DATABASE/
#
Q000000001/Analysis Failed
Q000000002/4.007011/0000/R000000001
M000000004/1.000000/0000/Sigma_BB-68785271
R000000006/1.000000/0000/Guesstimate
R000000005/1.111111/0198/R000000006
M000000008/1.000000/0000/Sigma_BB-28845121
R000000007/1.111111/0079/M000000008
R000000009/1.000000/0000/Guesstimate
R000000007/2.222222/0112/M000000008/R000000009
R000000005/1.234568/0041/R000000007
R000000003/2.345679/0003/M000000004/R000000005
M000000011/1.000000/0000/Sigma_BB-31122802
R000000012/1.000000/0000/Guesstimate
R000000010/2.222222/0004/M000000011/R000000012
R000000014/1.000000/0000/Guesstimate
R000000015/1.000000/0000/Guesstimate
R000000013/2.222222/0011/R000000014/R000000015
R000000016/1.000000/0000/Guesstimate
R000000013/2.345679/0112/R000000005/R000000016
R000000003/4.938272/0049/R000000010/R000000013
R000000002/2.606310/0099/R000000003
M000000019/1.000000/0000/Sigma_BB-61877977
R000000020/1.000000/0000/Guesstimate
R000000018/2.222222/0012/M000000019/R000000020
R000000018/2.222222/0146/M000000019/R000000020
R000000017/3.580247/0049/R000000018/R000000012
R000000022/1.000000/0000/Guesstimate
R000000021/2.222222/0003/M000000011/R000000022
R000000021/2.222222/0049/M000000019/R000000012
R000000017/3.703704/0122/R000000021/R000000007
R000000002/3.978053/0041/R000000017
R000000023/1.000000/0000/Guesstimate
R000000001/4.007011/0004/R000000002/R000000023
R000000027/1.000000/0000/Guesstimate
R000000028/1.000000/0000/Guesstimate
R000000026/2.222222/0301/R000000027/R000000028
R000000026/2.222222/0301/R000000027/R000000028
R000000025/2.469136/0039/R000000026
R000000030/1.000000/0000/Guesstimate
M000000031/1.000000/0000/Sigma_BB-30398684
R000000029/2.222222/0277/R000000030/M000000031
R000000032/1.000000/0000/Guesstimate
R000000029/2.345679/0277/R000000007/R000000032
R000000025/2.469136/0041/R000000029
R000000024/5.212621/0122/R000000021/R000000025
R000000024/5.212621/0122/R000000021/R000000025
R000000001/5.791801/0024/R000000024
Q000000003/4.007011/0000/R000000001
Q000000004/4.282884/0000/R000000033
R000000037/1.000000/0000/Guesstimate
R000000036/2.222222/0003/M000000004/R000000037
M000000038/1.000000/0000/Sigma_BB-27722144
R000000036/2.222222/0277/M000000038/R000000037
R000000035/2.469136/0099/R000000036
R000000040/1.000000/0000/Guesstimate
R000000039/3.580247/0122/R000000021/R000000040
R000000039/3.580247/0122/R000000021/R000000040
R000000035/3.978053/0041/R000000039
R000000034/3.854596/0003/R000000035/R000000022
R000000043/1.000000/0000/Guesstimate
R000000042/2.222222/0256/M000000019/R000000043
R000000041/2.469136/0041/R000000042
R000000045/1.000000/0000/Guesstimate
R000000044/2.222222/0011/M000000019/R000000045
R000000041/2.469136/0099/R000000044
R000000046/1.000000/0000/Guesstimate
R000000034/3.854596/0042/R000000041/R000000046
R000000033/4.282884/0041/R000000034
R000000049/2.222222/0142/M000000019/R000000023
M000000050/1.000000/0000/Sigma_BB-28247348
R000000049/2.222222/0206/M000000019/M000000050
R000000051/1.000000/0000/Guesstimate
R000000048/3.580247/0003/R000000049/R000000051
R000000053/1.000000/0000/Guesstimate
R000000052/2.222222/0012/M000000019/R000000053
R000000052/2.222222/0146/M000000019/R000000053
R000000048/3.580247/0011/R000000052/R000000015
R000000047/5.089163/0049/R000000048/R000000012
R000000055/1.000000/0000/Guesstimate
R000000054/3.580247/0122/R000000021/R000000055
R000000057/1.000000/0000/Guesstimate
R000000056/3.580247/0122/R000000021/R000000057
R000000056/3.580247/0122/R000000021/R000000057
R000000054/3.978053/0041/R000000056
R000000047/5.089163/0112/R000000054/R000000016
R000000033/5.654626/0041/R000000047
<NEXT>