#
#  Reaction log file
#  Author: LigBuilder V3 User_Diana
#  Creation time: Sun Mar  1 05:05:08 2026
#  Format:
#  QueryMoleculeId/Cost/SynthesizeId/ReactantId1/ReactantId2/ReactantId3.....
#  Id prefix:
#  Q --- Query Molecule
#  M --- Material
#  R --- Reactant
#
Directory      result/synthesize_HsDHODH/53/DATABASE/
#
Q000000001/7.315958/0000/R000000001
M000000005/1.000000/0000/Sigma_BB-31122909
R000000006/1.000000/0000/Guesstimate
R000000004/2.222222/0231/M000000005/R000000006
R000000007/1.000000/0000/Guesstimate
R000000003/3.580247/0004/R000000004/R000000007
M000000011/1.000000/0000/Sigma_BB-61877977
R000000010/1.111111/0054/M000000011
R000000009/1.234568/0009/R000000010
M000000012/1.000000/0000/Sigma_BB-31122802
R000000013/1.000000/0000/Guesstimate
R000000009/2.222222/0003/M000000012/R000000013
R000000014/1.000000/0000/Guesstimate
R000000008/2.482853/0122/R000000009/R000000014
R000000008/2.482853/0122/R000000009/R000000014
R000000015/1.000000/0000/Guesstimate
R000000003/3.869837/0004/R000000008/R000000015
M000000018/1.000000/0000/Sigma_BB-28764950
R000000017/1.111111/0087/M000000018
R000000019/1.000000/0000/Guesstimate
R000000016/2.345679/0276/R000000017/R000000019
R000000016/2.345679/0278/R000000017/R000000019
R000000002/6.584363/0212/R000000003/R000000016
R000000002/6.584363/0212/R000000003/R000000016
R000000001/7.315958/0028/R000000002
R000000022/2.222222/0004/M000000012/M000000018
R000000021/2.469136/0197/R000000022
R000000025/1.000000/0000/Guesstimate
R000000026/1.000000/0000/Guesstimate
R000000024/2.222222/0279/R000000025/R000000026
R000000024/2.222222/0279/R000000025/R000000026
R000000023/3.580247/0004/R000000024/R000000015
R000000028/1.000000/0000/Guesstimate
R000000027/2.222222/0276/R000000028/R000000019
R000000027/2.222222/0278/R000000028/R000000019
R000000023/3.580247/0004/R000000007/R000000027
R000000020/6.721537/0212/R000000021/R000000023
R000000020/6.721537/0212/R000000021/R000000023
R000000001/7.468375/0028/R000000020
Q000000002/7.315958/0000/R000000001
Q000000003/5.791801/0000/R000000029
R000000033/1.000000/0000/Guesstimate
R000000034/1.000000/0000/Guesstimate
R000000032/2.222222/0159/R000000033/R000000034
R000000031/2.469136/0040/R000000032
R000000036/1.000000/0000/Guesstimate
R000000037/1.000000/0000/Guesstimate
R000000035/2.222222/0012/R000000036/R000000037
R000000038/1.000000/0000/Guesstimate
R000000039/1.000000/0000/Guesstimate
R000000035/2.222222/0112/R000000038/R000000039
R000000031/3.580247/0159/R000000035/R000000034
R000000030/2.743484/0153/R000000031
R000000042/1.000000/0000/Guesstimate
R000000041/2.222222/0012/R000000042/R000000037
R000000043/1.000000/0000/Guesstimate
R000000041/2.222222/0112/R000000043/R000000039
R000000040/3.580247/0159/R000000041/R000000034
R000000030/3.978053/0154/R000000040
R000000046/1.000000/0000/Guesstimate
R000000045/2.222222/0112/R000000046/R000000039
R000000047/8.500000/0000/Guesstimate
R000000045/9.444445/0082/R000000047
R000000044/2.469136/0041/R000000045
R000000049/2.469136/0245/R000000045
R000000048/2.743484/0041/R000000049
R000000048/2.743484/0233/R000000049
R000000044/3.048316/0219/R000000048
R000000029/5.791801/0231/R000000030/R000000044
R000000053/1.000000/0000/Guesstimate
R000000052/2.222222/0004/R000000046/R000000053
R000000054/1.000000/0000/Guesstimate
R000000055/1.000000/0000/Guesstimate
R000000052/3.333333/0225/R000000046/R000000054/R000000055
R000000051/2.469136/0197/R000000052
R000000051/2.743484/0155/R000000044
R000000050/5.791801/0231/R000000030/R000000051
R000000029/7.546446/0274/R000000050/R000000055
<NEXT>