#
#  Reaction log file
#  Author: LigBuilder V3 User_Diana
#  Creation time: Sun Mar  1 05:06:33 2026
#  Format:
#  QueryMoleculeId/Cost/SynthesizeId/ReactantId1/ReactantId2/ReactantId3.....
#  Id prefix:
#  Q --- Query Molecule
#  M --- Material
#  R --- Reactant
#
Directory      result/synthesize_HsDHODH/102/DATABASE/
#
Q000000001/Analysis Failed
Q000000002/7.163543/0000/R000000001
R000000005/1.000000/0000/Guesstimate
R000000006/1.000000/0000/Guesstimate
R000000004/2.222222/0279/R000000005/R000000006
R000000004/2.222222/0279/R000000005/R000000006
R000000007/1.000000/0000/Guesstimate
R000000003/3.580247/0159/R000000004/R000000007
R000000002/3.978053/0153/R000000003
R000000010/1.000000/0000/Guesstimate
R000000009/2.222222/0279/R000000010/R000000006
R000000009/2.222222/0279/R000000010/R000000006
R000000008/3.580247/0159/R000000009/R000000007
R000000002/3.978053/0154/R000000008
R000000013/1.000000/0000/Guesstimate
R000000014/1.000000/0000/Guesstimate
R000000012/2.222222/0003/R000000013/R000000014
R000000015/1.111111/0125/R000000013
R000000016/1.000000/0000/Guesstimate
R000000015/2.222222/0112/R000000013/R000000016
R000000017/1.000000/0000/Guesstimate
R000000012/2.345679/0049/R000000015/R000000017
R000000011/2.469136/0041/R000000012
R000000019/1.000000/0000/Guesstimate
R000000018/2.222222/0112/R000000013/R000000019
R000000021/1.000000/0000/Guesstimate
R000000020/2.222222/0112/R000000013/R000000021
R000000018/2.469136/0041/R000000020
R000000011/2.469136/0147/R000000018
R000000001/7.163543/0231/R000000002/R000000011
R000000025/1.000000/0000/Guesstimate
R000000024/2.222222/0112/R000000013/R000000025
R000000024/2.469136/0155/R000000018
R000000023/2.469136/0147/R000000024
R000000023/2.743484/0155/R000000011
R000000022/7.163543/0231/R000000002/R000000023
R000000026/1.000000/0000/Guesstimate
R000000001/9.070603/0274/R000000022/R000000026
Q000000003/5.807042/0000/R000000027
R000000031/1.000000/0000/Guesstimate
R000000030/2.222222/0159/R000000031/R000000007
R000000029/2.469136/0040/R000000030
R000000033/1.000000/0000/Guesstimate
R000000034/1.000000/0000/Guesstimate
R000000032/2.222222/0012/R000000033/R000000034
R000000035/1.000000/0000/Guesstimate
R000000032/2.222222/0112/R000000035/R000000016
R000000029/3.580247/0159/R000000032/R000000007
R000000028/2.743484/0153/R000000029
R000000036/2.743484/0091/R000000029
R000000038/1.000000/0000/Guesstimate
R000000037/2.222222/0012/R000000038/R000000034
R000000039/1.000000/0000/Guesstimate
R000000037/2.222222/0112/R000000039/R000000016
R000000036/3.580247/0159/R000000037/R000000007
R000000028/3.048316/0154/R000000036
R000000041/1.234568/0041/R000000015
R000000041/1.234568/0233/R000000015
R000000042/1.000000/0000/Guesstimate
R000000040/2.482853/0274/R000000041/R000000042
R000000043/1.371742/0155/R000000041
R000000045/1.000000/0000/Guesstimate
R000000044/2.222222/0004/R000000013/R000000045
R000000044/2.469136/0040/R000000012
R000000043/2.469136/0197/R000000044
R000000046/1.000000/0000/Guesstimate
R000000040/2.635269/0274/R000000043/R000000046
R000000027/5.807042/0231/R000000028/R000000040
R000000047/4.572474/0231/R000000028/R000000043
R000000048/4.420059/0231/R000000028/R000000041
R000000047/4.911177/0155/R000000048
R000000027/6.191638/0274/R000000047/R000000046
Q000000004/7.163543/0000/R000000001
<NEXT>