#
#  Reaction log file
#  Author: LigBuilder V3 User_Diana
#  Creation time: Sun Mar  1 05:08:45 2026
#  Format:
#  QueryMoleculeId/Cost/SynthesizeId/ReactantId1/ReactantId2/ReactantId3.....
#  Id prefix:
#  Q --- Query Molecule
#  M --- Material
#  R --- Reactant
#
Directory      result/synthesize_HsDHODH/181/DATABASE/
#
Q000000001/4.282884/0000/R000000001
M000000005/1.000000/0000/Sigma_BB-68785271
R000000006/1.000000/0000/Guesstimate
R000000004/2.222222/0003/M000000005/R000000006
M000000007/1.000000/0000/Sigma_BB-27722144
R000000004/2.222222/0277/M000000007/R000000006
R000000003/2.469136/0099/R000000004
M000000010/1.000000/0000/Sigma_BB-31122802
R000000011/1.000000/0000/Guesstimate
R000000009/2.222222/0003/M000000010/R000000011
M000000012/1.000000/0000/Sigma_BB-61877977
R000000013/1.000000/0000/Guesstimate
R000000009/2.222222/0049/M000000012/R000000013
R000000014/1.000000/0000/Guesstimate
R000000008/3.580247/0122/R000000009/R000000014
R000000008/3.580247/0122/R000000009/R000000014
R000000003/3.978053/0041/R000000008
R000000002/3.854596/0003/R000000003/R000000011
R000000017/1.000000/0000/Guesstimate
R000000016/2.222222/0256/M000000012/R000000017
R000000015/2.469136/0041/R000000016
R000000019/1.000000/0000/Guesstimate
R000000018/2.222222/0011/M000000012/R000000019
R000000015/2.469136/0099/R000000018
R000000020/1.000000/0000/Guesstimate
R000000002/3.854596/0042/R000000015/R000000020
R000000001/4.282884/0041/R000000002
R000000024/1.000000/0000/Guesstimate
R000000023/2.222222/0142/M000000012/R000000024
M000000025/1.000000/0000/Sigma_BB-28247348
R000000023/2.222222/0206/M000000012/M000000025
R000000026/1.000000/0000/Guesstimate
R000000022/3.580247/0003/R000000023/R000000026
R000000028/1.000000/0000/Guesstimate
R000000027/2.222222/0012/M000000012/R000000028
R000000027/2.222222/0146/M000000012/R000000028
R000000029/1.000000/0000/Guesstimate
R000000022/3.580247/0011/R000000027/R000000029
R000000021/5.089163/0049/R000000022/R000000013
R000000031/1.000000/0000/Guesstimate
R000000030/3.580247/0122/R000000009/R000000031
R000000030/3.580247/0122/R000000009/R000000031
R000000032/1.000000/0000/Guesstimate
R000000021/5.089163/0112/R000000030/R000000032
R000000001/5.654626/0041/R000000021
Q000000002/2.928077/0000/R000000033
M000000038/1.000000/0000/Sigma_BB-152396216
R000000037/1.111111/0087/M000000038
M000000039/1.000000/0000/Sigma_BB-28845121
R000000040/1.000000/0000/Guesstimate
R000000037/2.222222/0274/M000000039/R000000040
R000000036/1.234568/0079/R000000037
R000000042/1.000000/0000/Guesstimate
R000000043/1.000000/0000/Guesstimate
R000000041/2.222222/0301/R000000042/R000000043
R000000044/1.000000/0000/Guesstimate
R000000045/1.000000/0000/Guesstimate
R000000041/2.222222/0301/R000000044/R000000045
R000000036/2.469136/0082/R000000041
R000000035/1.371742/0041/R000000036
M000000047/1.000000/0000/Sigma_BB-70573194
R000000046/2.222222/0112/R000000006/M000000047
R000000035/2.469136/0147/R000000046
R000000034/2.635269/0003/M000000005/R000000035
R000000048/2.222222/0004/M000000010/R000000013
R000000049/2.222222/0004/M000000010/R000000024
R000000049/2.469136/0040/R000000009
R000000048/2.469136/0085/R000000049
R000000052/1.000000/0000/Guesstimate
R000000051/2.635269/0004/R000000035/R000000052
R000000051/2.635269/0277/R000000035/R000000052
R000000050/2.928077/0009/R000000051
R000000053/2.222222/0003/R000000011/R000000043
M000000054/1.000000/0000/Sigma_BB-30412616
R000000053/2.222222/0112/M000000054/R000000032
R000000050/3.580247/0011/R000000053/R000000029
R000000034/5.722555/0049/R000000048/R000000050
R000000033/2.928077/0099/R000000034
R000000055/3.840878/0122/R000000009/R000000036
R000000055/3.840878/0122/R000000009/R000000036
R000000033/4.267643/0041/R000000055
Q000000003/2.928077/0000/R000000033
<NEXT>