#
#  Reaction log file
#  Author: LigBuilder V3 User_Diana
#  Creation time: Sun Mar  1 05:12:21 2026
#  Format:
#  QueryMoleculeId/Cost/SynthesizeId/ReactantId1/ReactantId2/ReactantId3.....
#  Id prefix:
#  Q --- Query Molecule
#  M --- Material
#  R --- Reactant
#
Directory      result/synthesize_HsDHODH/288/DATABASE/
#
Q000000001/Analysis Failed
Q000000002/5.944217/0000/R000000001
R000000004/1.000000/0000/Guesstimate
R000000006/1.000000/0000/Guesstimate
M000000007/1.000000/0000/Sigma_BB-136290300
R000000005/2.222222/0231/R000000006/M000000007
R000000003/3.580247/0175/R000000004/R000000005
R000000008/2.222222/0175/R000000004/M000000007
R000000008/2.222222/0290/R000000004/M000000007
R000000003/3.580247/0231/R000000008/R000000006
R000000002/3.978053/0279/R000000003
R000000002/3.978053/0279/R000000003
M000000012/1.000000/0000/Sigma_BB-87988319
R000000011/1.111111/0156/M000000012
R000000010/1.234568/0188/R000000011
R000000014/1.000000/0000/Guesstimate
R000000013/2.222222/0274/M000000012/R000000014
R000000010/2.469136/0295/R000000013
R000000009/1.371742/0260/R000000010
R000000017/1.000000/0000/Guesstimate
R000000018/1.000000/0000/Guesstimate
R000000016/2.222222/0276/R000000017/R000000018
R000000016/2.222222/0278/R000000017/R000000018
R000000019/1.000000/0000/Guesstimate
R000000015/3.580247/0285/R000000016/R000000019
R000000009/3.978053/0276/R000000015
R000000001/5.944217/0003/R000000002/R000000009
R000000020/5.531170/0112/R000000002/R000000018
R000000023/8.500000/0000/Guesstimate
R000000022/9.444445/0125/R000000023
R000000022/9.500000/0112/R000000023/R000000018
R000000021/9.600000/0041/R000000022
R000000024/9.800000/0000/Guesstimate
R000000021/9.800000/0099/R000000024
R000000020/9.555556/0164/R000000021
M000000027/1.000000/0000/Sigma_BB-28247348
R000000026/1.111111/0085/M000000027
R000000028/1.000000/0000/Guesstimate
R000000029/1.000000/0000/Guesstimate
R000000026/2.222222/0004/R000000028/R000000029
R000000025/2.758726/0212/R000000026/R000000009
R000000025/2.758726/0212/R000000026/R000000009
R000000001/9.210996/0049/R000000020/R000000025
Q000000003/5.944217/0000/R000000001
Q000000004/3.048316/0000/R000000030
M000000034/1.000000/0000/Sigma_BB-61877977
R000000033/1.111111/0054/M000000034
R000000032/1.234568/0009/R000000033
M000000035/1.000000/0000/Sigma_BB-31122802
R000000036/1.000000/0000/Guesstimate
R000000032/2.222222/0003/M000000035/R000000036
M000000039/1.000000/0000/Sigma_BB-28940918
R000000038/1.111111/0087/M000000039
R000000037/1.234568/0079/R000000038
R000000040/1.000000/0000/Guesstimate
R000000037/2.345679/0112/R000000038/R000000040
R000000031/2.743484/0122/R000000032/R000000037
R000000031/2.743484/0122/R000000032/R000000037
R000000030/3.048316/0041/R000000031
M000000044/1.000000/0000/Sigma_BB-28764950
R000000043/2.222222/0004/M000000035/M000000044
R000000042/2.469136/0197/R000000043
R000000046/1.000000/0000/Guesstimate
R000000045/2.222222/0004/M000000039/R000000046
R000000048/1.000000/0000/Guesstimate
R000000049/1.000000/0000/Guesstimate
R000000047/2.222222/0224/R000000048/R000000049
R000000045/2.469136/0040/R000000047
R000000041/5.212621/0212/R000000042/R000000045
R000000041/5.212621/0212/R000000042/R000000045
R000000030/5.791801/0028/R000000041
<NEXT>