#
#  Reaction log file
#  Author: LigBuilder V3 User_Diana
#  Creation time: Sun Mar  1 05:12:14 2026
#  Format:
#  QueryMoleculeId/Cost/SynthesizeId/ReactantId1/ReactantId2/ReactantId3.....
#  Id prefix:
#  Q --- Query Molecule
#  M --- Material
#  R --- Reactant
#
Directory      result/synthesize_HsDHODH/293/DATABASE/
#
Q000000001/4.007011/0000/R000000001
M000000005/1.000000/0000/Sigma_BB-102151648
R000000004/1.111111/0222/M000000005
M000000007/1.000000/0000/Sigma_BB-358980510
R000000006/1.111111/0153/M000000007
M000000008/1.000000/0000/Sigma_BB-30438932
R000000006/1.111111/0222/M000000008
R000000009/1.000000/0000/Guesstimate
R000000004/2.345679/0119/R000000006/R000000009
R000000010/1.000000/0000/Guesstimate
R000000003/2.345679/0174/R000000004/R000000010
R000000003/2.345679/0289/R000000004/R000000010
R000000002/2.606310/0147/R000000003
R000000011/2.345679/0175/R000000006/R000000010
R000000012/2.222222/0175/M000000007/R000000010
R000000012/2.222222/0290/M000000007/R000000010
R000000011/2.469136/0153/R000000012
R000000002/3.717421/0119/R000000011/R000000009
R000000013/1.000000/0000/Guesstimate
R000000001/4.007011/0018/R000000002/R000000013
R000000016/1.000000/0000/Guesstimate
R000000015/2.345679/0175/R000000004/R000000016
R000000017/2.345679/0175/R000000006/R000000016
R000000017/2.345679/0290/R000000006/R000000016
R000000015/3.717421/0119/R000000017/R000000009
R000000018/1.000000/0000/Guesstimate
R000000014/3.717421/0112/R000000015/R000000018
R000000019/2.606310/0125/R000000017
R000000019/3.717421/0112/R000000017/R000000018
R000000014/4.007011/0119/R000000019/R000000009
R000000001/4.130468/0041/R000000014
Q000000002/4.007011/0000/R000000001
Q000000003/Analysis Failed
<NEXT>