#
#  Reaction log file
#  Author: LigBuilder V3 User_Diana
#  Creation time: Sun Mar  1 05:09:10 2026
#  Format:
#  QueryMoleculeId/Cost/SynthesizeId/ReactantId1/ReactantId2/ReactantId3.....
#  Id prefix:
#  Q --- Query Molecule
#  M --- Material
#  R --- Reactant
#
Directory      result/synthesize_HsDHODH/192/DATABASE/
#
Q000000001/4.267642/0000/R000000001
R000000004/1.000000/0000/Guesstimate
R000000003/1.111111/0125/R000000004
R000000005/1.000000/0000/Guesstimate
R000000003/2.222222/0112/R000000005/R000000004
R000000002/1.234568/0040/R000000003
R000000007/1.000000/0000/Guesstimate
R000000006/2.222222/0004/R000000004/R000000007
R000000008/1.000000/0000/Guesstimate
R000000009/1.000000/0000/Guesstimate
R000000006/3.333333/0225/R000000004/R000000008/R000000009
R000000002/2.469136/0216/R000000006
R000000012/1.000000/0000/Guesstimate
M000000014/1.000000/0000/Sigma_BB-244168570
R000000013/1.111111/0287/M000000014
R000000011/2.345679/0232/R000000012/R000000013
R000000015/2.222222/0232/R000000012/M000000014
R000000011/2.469136/0287/R000000015
R000000010/2.606310/0156/R000000011
R000000017/1.000000/0000/Guesstimate
R000000019/1.000000/0000/Guesstimate
M000000020/1.000000/0000/Sigma_BB-117277731
R000000018/2.222222/0004/R000000019/M000000020
R000000016/3.580247/0212/R000000017/R000000018
R000000022/1.000000/0000/Guesstimate
R000000023/1.000000/0000/Guesstimate
R000000021/2.222222/0112/R000000022/R000000023
R000000024/1.000000/0000/Guesstimate
R000000025/1.000000/0000/Guesstimate
R000000021/2.222222/0226/R000000024/R000000025
R000000027/1.000000/0000/Guesstimate
R000000026/1.111111/0125/R000000027
R000000026/2.222222/0112/R000000027/R000000005
R000000016/3.703704/0159/R000000021/R000000026
R000000010/3.978053/0041/R000000016
R000000001/4.267642/0119/R000000002/R000000010
R000000028/5.349795/0119/R000000002/R000000016
R000000029/3.840878/0119/R000000002/R000000021
R000000030/2.482853/0119/R000000002/R000000022
R000000030/2.482853/0280/R000000002/R000000022
R000000029/3.869837/0112/R000000030/R000000023
R000000028/5.502211/0159/R000000029/R000000026
R000000001/5.944217/0041/R000000028
Q000000002/4.267642/0000/R000000001
Q000000003/Analysis Failed
Q000000004/Analysis Failed
<NEXT>