#
#  Reaction log file
#  Author: LigBuilder V3 User_Diana
#  Creation time: Sun Mar  1 05:11:36 2026
#  Format:
#  QueryMoleculeId/Cost/SynthesizeId/ReactantId1/ReactantId2/ReactantId3.....
#  Id prefix:
#  Q --- Query Molecule
#  M --- Material
#  R --- Reactant
#
Directory      result/synthesize_HsDHODH/271/DATABASE/
#
Q000000001/Analysis Failed
Q000000002/Analysis Failed
Q000000003/6.265983/0000/R000000001
R000000006/1.000000/0000/Guesstimate
R000000005/1.111111/0288/R000000006
R000000007/1.000000/0000/Guesstimate
R000000004/2.345679/0301/R000000005/R000000007
R000000004/2.345679/0301/R000000005/R000000007
R000000003/2.606310/0295/R000000004
R000000009/1.234568/0295/R000000005
R000000010/1.000000/0000/Guesstimate
R000000008/2.482853/0256/R000000009/R000000010
R000000003/2.758726/0293/R000000008
M000000013/1.000000/0000/Sigma_BB-28792755
R000000014/1.000000/0000/Guesstimate
R000000012/2.222222/0277/M000000013/R000000014
R000000011/2.469136/0296/R000000012
R000000011/2.469136/0296/R000000012
R000000002/5.639385/0301/R000000003/R000000011
R000000002/5.639385/0301/R000000003/R000000011
R000000001/6.265983/0099/R000000002
R000000017/1.371742/0228/R000000009
R000000017/1.371742/0286/R000000009
R000000016/1.524158/0156/R000000017
R000000019/3.854596/0301/R000000007/R000000011
R000000019/3.854596/0301/R000000007/R000000011
R000000018/4.282884/0099/R000000019
R000000020/4.282884/0233/R000000019
R000000020/4.282884/0258/R000000019
R000000018/4.758760/0295/R000000020
R000000015/6.452269/0301/R000000016/R000000018
R000000015/6.452269/0301/R000000016/R000000018
R000000001/7.169188/0188/R000000015
<NEXT>