#
#  Reaction log file
#  Author: LigBuilder V3 User_Diana
#  Creation time: Sun Mar  1 05:10:12 2026
#  Format:
#  QueryMoleculeId/Cost/SynthesizeId/ReactantId1/ReactantId2/ReactantId3.....
#  Id prefix:
#  Q --- Query Molecule
#  M --- Material
#  R --- Reactant
#
Directory      result/synthesize_HsDHODH/223/DATABASE/
#
Q000000001/2.469136/0000/R000000001
M000000003/1.000000/0000/Sigma_BB-68785271
R000000004/1.000000/0000/Guesstimate
R000000002/2.222222/0003/M000000003/R000000004
R000000006/1.111111/0093/M000000003
M000000007/1.000000/0000/Sigma_BB-31122802
R000000008/1.000000/0000/Guesstimate
R000000006/2.222222/0004/M000000007/R000000008
R000000005/1.234568/0085/R000000006
R000000009/1.000000/0000/Guesstimate
R000000005/2.222222/0004/M000000007/R000000009
R000000010/1.000000/0000/Guesstimate
R000000002/2.482853/0049/R000000005/R000000010
R000000001/2.469136/0099/R000000002
R000000012/1.000000/0000/Guesstimate
R000000011/2.222222/0003/M000000007/R000000012
M000000013/1.000000/0000/Sigma_BB-61877977
R000000014/2.222222/0004/R000000004/R000000009
R000000016/1.000000/0000/Guesstimate
R000000015/2.222222/0277/R000000004/R000000016
R000000017/1.000000/0000/Guesstimate
R000000015/2.222222/0301/R000000004/R000000017
R000000014/2.469136/0024/R000000015
R000000011/3.580247/0049/M000000013/R000000014
R000000001/2.469136/0099/R000000011
Q000000002/2.469136/0000/R000000001
Q000000003/2.469136/0000/R000000001
<NEXT>