#
#  Reaction log file
#  Author: LigBuilder V3 User_Diana
#  Creation time: Sun Mar  1 05:07:19 2026
#  Format:
#  QueryMoleculeId/Cost/SynthesizeId/ReactantId1/ReactantId2/ReactantId3.....
#  Id prefix:
#  Q --- Query Molecule
#  M --- Material
#  R --- Reactant
#
Directory      result/synthesize_HsDHODH/140/DATABASE/
#
Q000000001/Analysis Failed
Q000000002/5.654626/0000/R000000001
R000000005/1.000000/0000/Guesstimate
R000000006/1.000000/0000/Guesstimate
R000000004/2.222222/0112/R000000005/R000000006
R000000007/1.000000/0000/Guesstimate
R000000003/3.580247/0049/R000000004/R000000007
R000000009/1.000000/0000/Guesstimate
R000000010/1.000000/0000/Guesstimate
R000000008/2.222222/0095/R000000009/R000000010
R000000011/1.000000/0000/Guesstimate
R000000012/1.000000/0000/Guesstimate
R000000008/2.222222/0112/R000000011/R000000012
R000000014/1.000000/0000/Guesstimate
R000000015/1.000000/0000/Guesstimate
R000000013/2.222222/0001/R000000014/R000000015
R000000016/1.000000/0000/Guesstimate
R000000017/1.000000/0000/Guesstimate
R000000013/2.222222/0002/R000000016/R000000017
R000000003/4.938272/0042/R000000008/R000000013
R000000018/1.000000/0000/Guesstimate
R000000002/5.089163/0259/R000000003/R000000018
R000000002/5.089163/0259/R000000003/R000000018
R000000001/5.654626/0198/R000000002
R000000022/1.000000/0000/Guesstimate
R000000023/1.000000/0000/Guesstimate
R000000021/3.333333/0225/R000000022/R000000006/R000000023
R000000021/3.333333/0225/R000000022/R000000006/R000000023
R000000020/3.703704/0204/R000000021
R000000025/1.000000/0000/Guesstimate
R000000024/2.222222/0001/R000000025/R000000014
R000000026/1.000000/0000/Guesstimate
R000000024/2.222222/0141/R000000025/R000000026
R000000027/2.222222/0002/R000000006/R000000016
R000000027/2.222222/0004/R000000006/R000000016
R000000020/4.938272/0212/R000000024/R000000027
R000000019/5.226338/0259/R000000020/R000000018
R000000019/5.226338/0259/R000000020/R000000018
R000000001/5.807042/0147/R000000019
Q000000003/2.895900/0000/R000000028
M000000032/1.000000/0000/Sigma_BB-187145011
R000000031/1.111111/0287/M000000032
R000000033/1.000000/0000/Guesstimate
R000000030/2.345679/0231/R000000031/R000000033
R000000034/2.222222/0231/M000000032/R000000033
R000000030/2.469136/0287/R000000034
R000000029/2.606310/0125/R000000030
R000000029/3.717421/0112/R000000030/R000000012
R000000028/2.895900/0041/R000000029
M000000037/1.000000/0000/Sigma_BB-180894508
R000000039/1.000000/0000/Guesstimate
R000000038/2.222222/0069/R000000039/R000000026
R000000036/3.580247/0231/M000000037/R000000038
M000000041/1.000000/0000/Sigma_BB-28840392
R000000040/3.580247/0231/M000000041/R000000038
R000000036/3.978053/0287/R000000040
R000000035/3.978053/0125/R000000036
R000000035/5.089163/0112/R000000036/R000000012
R000000028/4.420059/0041/R000000035
<NEXT>