#
#  Reaction log file
#  Author: LigBuilder V3 User_Diana
#  Creation time: Sun Mar  1 05:06:55 2026
#  Format:
#  QueryMoleculeId/Cost/SynthesizeId/ReactantId1/ReactantId2/ReactantId3.....
#  Id prefix:
#  Q --- Query Molecule
#  M --- Material
#  R --- Reactant
#
Directory      result/synthesize_HsDHODH/109/DATABASE/
#
Q000000001/3.703704/0000/R000000001
M000000003/1.000000/0000/Sigma_BB-30664943
R000000004/1.000000/0000/Guesstimate
R000000005/1.000000/0000/Guesstimate
R000000002/3.333333/0261/M000000003/R000000004/R000000005
M000000008/1.000000/0000/Sigma_BB-386044321
R000000007/1.111111/0299/M000000008
R000000009/1.000000/0000/Guesstimate
M000000010/1.000000/0000/Sigma_BB-28426400
R000000007/2.222222/0004/R000000009/M000000010
R000000006/2.345679/0119/R000000007/R000000005
R000000012/1.000000/0000/Guesstimate
R000000011/3.333333/0261/M000000003/R000000005/R000000012
R000000006/3.703704/0155/R000000011
R000000002/3.717421/0274/R000000006/R000000004
R000000001/3.703704/0024/R000000002
R000000016/1.000000/0000/Guesstimate
R000000015/2.222222/0274/R000000016/R000000004
R000000017/1.000000/0000/Guesstimate
R000000018/1.000000/0000/Guesstimate
R000000015/2.222222/0275/R000000017/R000000018
R000000014/2.469136/0039/R000000015
R000000020/1.000000/0000/Guesstimate
R000000021/1.000000/0000/Guesstimate
R000000019/2.222222/0169/R000000020/R000000021
R000000022/1.000000/0000/Guesstimate
R000000023/1.000000/0000/Guesstimate
R000000019/3.333333/0225/R000000020/R000000022/R000000023
R000000014/2.469136/0139/R000000019
R000000013/2.743484/0024/R000000014
R000000026/1.000000/0000/Guesstimate
R000000025/2.222222/0274/R000000026/R000000004
R000000027/1.000000/0000/Guesstimate
R000000025/2.222222/0275/R000000027/R000000018
R000000028/1.000000/0000/Guesstimate
R000000024/3.580247/0174/R000000025/R000000028
R000000029/1.111111/0287/R000000028
R000000024/3.703704/0112/R000000025/R000000029
R000000013/3.978053/0025/R000000024
R000000001/4.159427/0004/R000000013/M000000010
Q000000002/3.703704/0000/R000000001
Q000000003/3.703704/0000/R000000001
<NEXT>