#
#  Reaction log file
#  Author: LigBuilder V3 User_Diana
#  Creation time: Sun Mar  1 05:12:45 2026
#  Format:
#  QueryMoleculeId/Cost/SynthesizeId/ReactantId1/ReactantId2/ReactantId3.....
#  Id prefix:
#  Q --- Query Molecule
#  M --- Material
#  R --- Reactant
#
Directory      result/synthesize_HsDHODH/300/DATABASE/
#
Q000000001/8.051903/0000/R000000001
R000000008/1.000000/0000/Guesstimate
R000000007/1.111111/0288/R000000008
R000000009/1.111111/0245/R000000008
R000000009/1.111111/0245/R000000008
R000000007/1.234568/0155/R000000009
R000000006/1.234568/0295/R000000007
R000000011/1.371742/0288/R000000006
R000000012/1.000000/0000/Guesstimate
R000000010/2.635269/0274/R000000011/R000000012
R000000013/10.000000/0000/Guesstimate
R000000010/10.000000/0288/R000000013
R000000006/2.928077/0219/R000000010
R000000014/1.000000/0000/Guesstimate
R000000005/2.482853/0256/R000000006/R000000014
R000000017/1.000000/0000/Guesstimate
R000000016/2.345679/0301/R000000007/R000000017
R000000016/2.345679/0301/R000000007/R000000017
R000000015/2.606310/0295/R000000016
R000000019/1.000000/0000/Guesstimate
R000000018/2.482853/0256/R000000006/R000000019
R000000015/2.758726/0293/R000000018
R000000020/1.000000/0000/Guesstimate
R000000005/4.007011/0301/R000000015/R000000020
R000000004/2.758726/0155/R000000005
R000000024/1.371742/0228/R000000006
R000000024/1.371742/0286/R000000006
R000000023/1.524158/0156/R000000024
R000000025/1.000000/0000/Guesstimate
R000000022/2.804620/0301/R000000023/R000000025
R000000022/2.804620/0301/R000000023/R000000025
R000000026/1.000000/0000/Guesstimate
R000000021/4.227355/0212/R000000022/R000000026
R000000021/4.227355/0212/R000000022/R000000026
R000000004/4.697062/0188/R000000021
R000000003/4.176363/0004/R000000004/R000000026
M000000028/1.000000/0000/Sigma_BB-28516749
R000000027/4.007011/0301/R000000015/M000000028
R000000029/1.000000/0000/Guesstimate
R000000027/4.176363/0277/R000000004/R000000029
R000000003/4.452235/0024/R000000027
R000000032/1.000000/0000/Guesstimate
R000000031/1.111111/0297/R000000032
R000000030/2.345679/0004/R000000026/R000000031
R000000034/1.000000/0000/Guesstimate
R000000033/2.345679/0004/R000000034/R000000031
R000000035/1.000000/0000/Guesstimate
R000000033/3.456790/0225/R000000031/R000000035/R000000012
R000000030/2.606310/0085/R000000033
R000000002/7.246713/0212/R000000003/R000000030
R000000002/7.246713/0212/R000000003/R000000030
R000000001/8.051903/0296/R000000002
R000000001/8.051903/0296/R000000002
Q000000002/Analysis Failed
Q000000003/Analysis Failed
Q000000004/7.620790/0000/R000000036
R000000040/1.000000/0000/Guesstimate
R000000041/1.000000/0000/Guesstimate
R000000039/2.222222/0277/R000000040/R000000041
R000000038/2.469136/0009/R000000039
R000000043/1.000000/0000/Guesstimate
R000000044/1.000000/0000/Guesstimate
R000000042/2.222222/0276/R000000043/R000000044
R000000042/2.222222/0278/R000000043/R000000044
R000000045/1.000000/0000/Guesstimate
R000000038/3.580247/0112/R000000042/R000000045
R000000048/1.000000/0000/Guesstimate
R000000049/1.000000/0000/Guesstimate
R000000047/2.222222/0301/R000000048/R000000049
R000000050/1.111111/0118/R000000048
R000000050/2.222222/0112/R000000048/R000000045
R000000051/1.000000/0000/Guesstimate
R000000047/2.345679/0224/R000000050/R000000051
R000000053/1.000000/0000/Guesstimate
R000000052/1.111111/0125/R000000053
R000000052/2.222222/0112/R000000045/R000000053
R000000046/3.703704/0224/R000000047/R000000052
R000000054/2.345679/0224/R000000049/R000000052
R000000046/3.717421/0301/R000000048/R000000054
R000000037/6.858711/0274/R000000038/R000000046
R000000057/1.000000/0000/Guesstimate
R000000056/3.580247/0274/R000000039/R000000057
R000000055/3.978053/0009/R000000056
R000000058/3.580247/0274/R000000042/R000000057
R000000055/5.089163/0112/R000000058/R000000045
R000000061/1.000000/0000/Guesstimate
R000000060/3.717421/0122/R000000061/R000000054
R000000060/3.717421/0122/R000000061/R000000054
R000000059/4.130468/0090/R000000060
R000000063/1.000000/0000/Guesstimate
R000000062/3.717421/0301/R000000063/R000000054
R000000062/3.717421/0301/R000000063/R000000054
R000000059/4.130468/0139/R000000062
R000000037/9.009467/0279/R000000055/R000000059
R000000036/7.620790/0122/R000000037
R000000065/3.854596/0274/R000000038/R000000014
R000000067/3.717421/0301/R000000017/R000000054
R000000067/3.717421/0301/R000000017/R000000054
R000000066/4.130468/0155/R000000067
R000000068/3.717421/0004/R000000026/R000000054
R000000068/3.717421/0277/R000000026/R000000054
R000000066/4.130468/0197/R000000068
R000000064/8.872293/0122/R000000065/R000000066
R000000071/1.000000/0000/Guesstimate
R000000070/5.393995/0122/R000000065/R000000071
R000000069/5.993328/0024/R000000070
R000000073/1.000000/0000/Guesstimate
R000000072/5.393995/0122/R000000065/R000000073
R000000069/5.993328/0040/R000000072
R000000075/2.606310/0118/R000000054
R000000075/3.717421/0112/R000000054/R000000045
R000000074/2.895900/0040/R000000075
R000000077/1.000000/0000/Guesstimate
R000000076/3.717421/0301/R000000054/R000000077
R000000076/3.717421/0301/R000000054/R000000077
R000000074/4.130468/0073/R000000076
R000000064/9.876921/0212/R000000069/R000000074
R000000036/9.858104/0122/R000000064
<END>