#
#  Reaction log file
#  Author: LigBuilder V3 User_Diana
#  Creation time: Sun Mar  1 05:11:46 2026
#  Format:
#  QueryMoleculeId/Cost/SynthesizeId/ReactantId1/ReactantId2/ReactantId3.....
#  Id prefix:
#  Q --- Query Molecule
#  M --- Material
#  R --- Reactant
#
Directory      result/synthesize_HsDHODH/273/DATABASE/
#
Q000000001/Analysis Failed
Q000000002/Analysis Failed
Q000000003/Analysis Failed
Q000000004/6.113567/0000/R000000001
M000000006/1.000000/0000/Sigma_BB-28508200
R000000005/1.111111/0125/M000000006
R000000007/1.000000/0000/Guesstimate
R000000005/2.222222/0112/M000000006/R000000007
R000000004/1.234568/0041/R000000005
M000000009/1.000000/0000/Sigma_BB-243316911
R000000008/1.111111/0287/M000000009
R000000008/1.111111/0287/M000000009
R000000004/1.234568/0222/R000000008
R000000010/1.000000/0000/Guesstimate
R000000003/2.482853/0275/R000000004/R000000010
R000000011/1.000000/0000/Guesstimate
R000000003/2.482853/0282/R000000004/R000000011
R000000014/1.000000/0000/Guesstimate
R000000015/1.000000/0000/Guesstimate
R000000013/2.222222/0224/R000000014/R000000015
R000000017/1.000000/0000/Guesstimate
R000000016/2.222222/0224/R000000017/R000000015
R000000018/1.000000/0000/Guesstimate
R000000016/3.854596/0276/R000000012/R000000018
R000000013/2.469136/0024/R000000016
R000000012/2.469136/0086/R000000013
R000000012/2.469136/0091/R000000013
R000000002/5.502210/0112/R000000003/R000000012
M000000022/1.000000/0000/Sigma_BB-29051423
R000000021/1.111111/0114/M000000022
R000000021/1.371742/0155/R000000004
R000000023/1.000000/0000/Guesstimate
R000000020/2.345679/0274/R000000021/R000000023
R000000024/1.000000/0000/Guesstimate
R000000020/2.482853/0275/R000000004/R000000024
R000000019/2.606310/0091/R000000020
R000000025/3.869837/0112/R000000003/R000000024
R000000019/4.299819/0197/R000000025
R000000026/2.469136/0197/R000000013
R000000028/1.000000/0000/Guesstimate
R000000027/2.222222/0276/R000000028/R000000010
R000000027/2.222222/0278/R000000028/R000000010
R000000026/2.469136/0276/R000000027
R000000002/5.639385/0112/R000000019/R000000026
R000000001/6.113567/0147/R000000002
R000000032/1.000000/0000/Guesstimate
R000000033/1.000000/0000/Guesstimate
R000000031/2.222222/0256/R000000032/R000000033
R000000034/1.000000/0000/Guesstimate
R000000030/3.580247/0225/R000000031/R000000034
R000000030/3.580247/0225/R000000031/R000000034
M000000037/1.000000/0000/Sigma_BB-28939285
R000000036/3.854596/0277/M000000037/R000000026
R000000038/1.000000/0000/Guesstimate
R000000039/1.000000/0000/Guesstimate
R000000036/4.965707/0225/R000000026/R000000038/R000000039
R000000035/4.282884/0040/R000000036
R000000041/1.000000/0000/Guesstimate
R000000040/4.965707/0225/R000000026/R000000041/R000000039
R000000035/5.517452/0024/R000000040
R000000029/8.736813/0212/R000000030/R000000035
M000000044/1.000000/0000/Sigma_BB-28247348
R000000045/1.000000/0000/Guesstimate
R000000043/2.222222/0169/M000000044/R000000045
R000000043/3.333333/0225/R000000045/R000000039/R000000011
R000000042/6.447188/0212/R000000030/R000000043
R000000046/5.089163/0212/R000000030/R000000045
R000000046/5.089163/0212/R000000030/R000000045
R000000042/6.765737/0169/R000000046/M000000044
R000000029/9.632679/0212/R000000042/R000000013
R000000001/9.707570/0160/R000000029
<NEXT>