#
#  Reaction log file
#  Author: LigBuilder V3 User_Diana
#  Creation time: Sun Mar  1 05:07:02 2026
#  Format:
#  QueryMoleculeId/Cost/SynthesizeId/ReactantId1/ReactantId2/ReactantId3.....
#  Id prefix:
#  Q --- Query Molecule
#  M --- Material
#  R --- Reactant
#
Directory      result/synthesize_HsDHODH/124/DATABASE/
#
Q000000001/3.978053/0000/R000000001
M000000004/1.000000/0000/Sigma_BB-61877977
R000000005/1.000000/0000/Guesstimate
R000000003/2.222222/0012/M000000004/R000000005
R000000007/1.000000/0000/Guesstimate
R000000006/2.222222/0012/M000000004/R000000007
R000000006/2.222222/0146/M000000004/R000000007
R000000003/2.469136/0059/R000000006
R000000008/1.000000/0000/Guesstimate
R000000002/3.580247/0049/R000000003/R000000008
M000000011/1.000000/0000/Sigma_BB-31122909
R000000012/1.000000/0000/Guesstimate
R000000010/2.222222/0231/M000000011/R000000012
R000000009/2.469136/0059/R000000010
M000000014/1.000000/0000/Sigma_BB-31122802
R000000015/1.000000/0000/Guesstimate
R000000013/2.222222/0003/M000000014/R000000015
R000000013/2.222222/0049/M000000004/R000000008
R000000016/1.000000/0000/Guesstimate
R000000009/3.580247/0122/R000000013/R000000016
R000000017/1.000000/0000/Guesstimate
R000000002/3.854596/0112/R000000009/R000000017
R000000001/3.978053/0041/R000000002
R000000020/1.000000/0000/Guesstimate
R000000019/2.222222/0012/M000000004/R000000020
R000000019/2.469136/0041/R000000006
R000000018/3.580247/0049/R000000019/R000000008
R000000023/1.000000/0000/Guesstimate
R000000022/2.222222/0231/M000000011/R000000023
R000000021/3.580247/0003/R000000022/R000000015
R000000025/1.000000/0000/Guesstimate
R000000024/2.222222/0012/M000000004/R000000025
R000000024/2.222222/0146/M000000004/R000000025
R000000021/3.580247/0049/R000000024/R000000008
R000000026/1.000000/0000/Guesstimate
R000000018/5.089163/0011/R000000021/R000000026
R000000001/3.978053/0059/R000000018
Q000000002/3.978053/0000/R000000001
Q000000003/3.978053/0000/R000000001
<NEXT>