#
#  Reaction log file
#  Author: LigBuilder V3 User_Diana
#  Creation time: Sun Mar  1 05:07:22 2026
#  Format:
#  QueryMoleculeId/Cost/SynthesizeId/ReactantId1/ReactantId2/ReactantId3.....
#  Id prefix:
#  Q --- Query Molecule
#  M --- Material
#  R --- Reactant
#
Directory      result/synthesize_HsDHODH/123/DATABASE/
#
Q000000001/3.978053/0000/R000000001
M000000004/1.000000/0000/Sigma_BB-61877977
R000000005/1.000000/0000/Guesstimate
R000000003/2.222222/0012/M000000004/R000000005
R000000007/1.000000/0000/Guesstimate
R000000006/2.222222/0012/M000000004/R000000007
R000000006/2.222222/0146/M000000004/R000000007
R000000003/2.469136/0059/R000000006
R000000008/1.000000/0000/Guesstimate
R000000002/3.580247/0049/R000000003/R000000008
M000000011/1.000000/0000/Sigma_BB-31122909
R000000012/1.000000/0000/Guesstimate
R000000010/2.222222/0231/M000000011/R000000012
R000000009/2.469136/0059/R000000010
M000000014/1.000000/0000/Sigma_BB-31122802
R000000015/1.000000/0000/Guesstimate
R000000013/2.222222/0003/M000000014/R000000015
R000000013/2.222222/0049/M000000004/R000000008
R000000016/1.000000/0000/Guesstimate
R000000009/3.580247/0122/R000000013/R000000016
R000000017/1.000000/0000/Guesstimate
R000000002/3.854596/0112/R000000009/R000000017
R000000001/3.978053/0041/R000000002
R000000020/1.000000/0000/Guesstimate
R000000019/2.222222/0012/M000000004/R000000020
R000000019/2.469136/0041/R000000006
R000000018/3.580247/0049/R000000019/R000000008
R000000023/1.000000/0000/Guesstimate
R000000022/2.222222/0231/M000000011/R000000023
R000000021/3.580247/0003/R000000022/R000000015
R000000025/1.000000/0000/Guesstimate
R000000024/2.222222/0012/M000000004/R000000025
R000000024/2.222222/0146/M000000004/R000000025
R000000021/3.580247/0049/R000000024/R000000008
R000000026/1.000000/0000/Guesstimate
R000000018/5.089163/0011/R000000021/R000000026
R000000001/3.978053/0059/R000000018
Q000000002/4.282884/0000/R000000027
M000000029/1.000000/0000/Sigma_BB-68785271
R000000032/1.000000/0000/Guesstimate
R000000033/1.000000/0000/Guesstimate
R000000031/2.222222/0274/R000000032/R000000033
R000000030/2.469136/0147/R000000031
M000000036/1.000000/0000/Sigma_BB-28798940
R000000037/1.000000/0000/Guesstimate
R000000035/2.222222/0274/M000000036/R000000037
R000000038/1.000000/0000/Guesstimate
R000000039/1.000000/0000/Guesstimate
R000000035/2.222222/0277/R000000038/R000000039
R000000034/2.469136/0079/R000000035
R000000041/1.000000/0000/Guesstimate
R000000040/2.222222/0274/R000000041/R000000037
R000000042/1.000000/0000/Guesstimate
R000000040/2.222222/0301/R000000042/R000000039
R000000034/2.469136/0082/R000000040
R000000030/2.743484/0041/R000000034
R000000028/3.854596/0003/M000000029/R000000030
R000000043/2.222222/0004/M000000014/R000000008
R000000045/1.000000/0000/Guesstimate
R000000044/2.222222/0004/M000000014/R000000045
R000000044/2.469136/0040/R000000013
R000000043/2.469136/0085/R000000044
R000000047/2.222222/0003/R000000015/R000000039
R000000048/1.000000/0000/Guesstimate
R000000047/2.222222/0274/R000000048/R000000037
R000000046/3.580247/0011/R000000047/R000000026
R000000050/1.000000/0000/Guesstimate
R000000049/3.854596/0004/R000000030/R000000050
R000000049/3.854596/0277/R000000030/R000000050
R000000046/4.282884/0009/R000000049
R000000028/6.447188/0049/R000000043/R000000046
R000000027/4.282884/0099/R000000028
R000000051/5.212621/0122/R000000013/R000000034
R000000051/5.212621/0122/R000000013/R000000034
R000000027/5.791801/0041/R000000051
Q000000003/2.758726/0000/R000000052
R000000056/1.000000/0000/Guesstimate
R000000055/1.111111/0118/R000000056
R000000055/2.222222/0112/R000000056/R000000017
R000000054/1.234568/0041/R000000055
R000000058/1.000000/0000/Guesstimate
R000000057/1.111111/0198/R000000058
R000000059/1.000000/0000/Guesstimate
R000000057/1.111111/0198/R000000059
R000000054/1.234568/0155/R000000057
R000000053/2.482853/0003/M000000029/R000000054
R000000061/1.000000/0000/Guesstimate
R000000060/2.222222/0011/R000000061/R000000026
R000000062/2.482853/0004/R000000054/R000000050
R000000062/2.482853/0277/R000000054/R000000050
R000000060/2.758726/0009/R000000062
R000000053/4.938272/0049/R000000043/R000000060
R000000052/2.758726/0099/R000000053
R000000065/1.000000/0000/Guesstimate
R000000064/2.222222/0012/M000000004/R000000065
R000000066/1.000000/0000/Guesstimate
R000000064/3.580247/0112/R000000022/R000000066
R000000063/3.580247/0049/R000000064/R000000008
R000000067/3.580247/0122/R000000013/R000000056
R000000067/3.580247/0122/R000000013/R000000056
R000000063/5.089163/0112/R000000067/R000000017
R000000052/3.978053/0041/R000000063
Q000000004/2.758726/0000/R000000052
<NEXT>