#
#  Reaction log file
#  Author: LigBuilder V3 User_Diana
#  Creation time: Sun Mar  1 05:08:03 2026
#  Format:
#  QueryMoleculeId/Cost/SynthesizeId/ReactantId1/ReactantId2/ReactantId3.....
#  Id prefix:
#  Q --- Query Molecule
#  M --- Material
#  R --- Reactant
#
Directory      result/synthesize_HsDHODH/170/DATABASE/
#
Q000000001/4.282884/0000/R000000001
M000000005/1.000000/0000/Sigma_BB-68785271
R000000006/1.000000/0000/Guesstimate
R000000004/2.222222/0003/M000000005/R000000006
M000000007/1.000000/0000/Sigma_BB-27722144
R000000004/2.222222/0277/M000000007/R000000006
R000000003/2.469136/0099/R000000004
M000000009/1.000000/0000/Sigma_BB-31122802
R000000010/1.000000/0000/Guesstimate
R000000008/2.222222/0003/M000000009/R000000010
M000000011/1.000000/0000/Sigma_BB-61877977
R000000012/1.000000/0000/Guesstimate
R000000008/2.222222/0049/M000000011/R000000012
R000000003/3.580247/0122/R000000008/R000000006
R000000002/3.854596/0003/R000000003/R000000010
R000000015/1.000000/0000/Guesstimate
R000000014/2.222222/0256/M000000011/R000000015
R000000016/1.000000/0000/Guesstimate
R000000013/3.580247/0042/R000000014/R000000016
R000000018/1.000000/0000/Guesstimate
R000000017/3.580247/0122/R000000008/R000000018
R000000017/3.580247/0122/R000000008/R000000018
R000000013/5.089163/0003/R000000017/R000000010
R000000002/5.089163/0049/R000000013/R000000012
R000000001/4.282884/0059/R000000002
R000000021/2.222222/0003/R000000006/R000000010
R000000022/1.000000/0000/Guesstimate
R000000021/2.222222/0277/R000000006/R000000022
R000000020/2.469136/0059/R000000021
R000000024/1.000000/0000/Guesstimate
R000000023/2.222222/0003/R000000018/R000000024
R000000025/1.000000/0000/Guesstimate
R000000023/2.222222/0112/R000000006/R000000025
R000000020/2.469136/0147/R000000023
R000000019/3.854596/0003/M000000005/R000000020
R000000026/2.222222/0004/M000000009/R000000012
R000000028/1.000000/0000/Guesstimate
R000000027/2.222222/0004/M000000009/R000000028
R000000027/2.469136/0040/R000000008
R000000026/2.469136/0085/R000000027
R000000030/2.469136/0118/R000000021
R000000031/1.000000/0000/Guesstimate
R000000030/3.580247/0112/R000000021/R000000031
R000000029/2.743484/0059/R000000030
R000000032/3.854596/0004/R000000020/R000000024
R000000032/3.854596/0277/R000000020/R000000024
R000000029/4.282884/0009/R000000032
R000000019/5.517452/0049/R000000026/R000000029
R000000001/4.282884/0099/R000000019
Q000000002/4.282884/0000/R000000001
Q000000003/4.282884/0000/R000000001
<NEXT>