#
#  Reaction log file
#  Author: LigBuilder V3 User_Diana
#  Creation time: Sun Mar  1 05:12:13 2026
#  Format:
#  QueryMoleculeId/Cost/SynthesizeId/ReactantId1/ReactantId2/ReactantId3.....
#  Id prefix:
#  Q --- Query Molecule
#  M --- Material
#  R --- Reactant
#
Directory      result/synthesize_HsDHODH/289/DATABASE/
#
Q000000001/5.944217/0000/R000000001
R000000005/1.000000/0000/Guesstimate
M000000006/1.000000/0000/Sigma_BB-359080244
R000000004/2.222222/0276/R000000005/M000000006
R000000004/2.222222/0278/R000000005/M000000006
R000000007/1.000000/0000/Guesstimate
R000000003/3.580247/0231/R000000004/R000000007
R000000008/2.222222/0231/M000000006/R000000007
R000000003/3.580247/0276/R000000005/R000000008
R000000011/1.000000/0000/Guesstimate
R000000010/1.111111/0291/R000000011
R000000010/1.111111/0291/R000000011
R000000009/1.234568/0118/R000000010
R000000012/1.000000/0000/Guesstimate
R000000009/2.345679/0112/R000000010/R000000012
R000000002/5.349795/0224/R000000003/R000000009
R000000015/1.000000/0000/Guesstimate
R000000014/2.222222/0224/R000000007/R000000015
M000000017/1.000000/0000/Sigma_BB-28830366
R000000016/1.111111/0085/M000000017
R000000013/3.703704/0212/R000000014/R000000016
R000000013/3.703704/0212/R000000014/R000000016
R000000002/6.584363/0231/R000000004/R000000013
R000000001/5.944217/0028/R000000002
M000000021/1.000000/0000/Sigma_BB-28764950
R000000020/1.111111/0197/M000000021
R000000019/2.345679/0212/R000000020/R000000015
R000000022/2.222222/0212/M000000021/R000000015
R000000022/2.222222/0212/M000000021/R000000015
R000000019/2.469136/0197/R000000022
R000000018/6.584363/0224/R000000003/R000000019
R000000023/3.703704/0212/R000000014/R000000020
R000000024/3.580247/0224/R000000007/R000000022
R000000023/3.978053/0197/R000000024
R000000018/6.584363/0231/R000000004/R000000023
R000000001/7.315958/0028/R000000018
Q000000002/4.130468/0000/R000000025
M000000029/1.000000/0000/Sigma_BB-68581141
R000000028/1.111111/0302/M000000029
R000000030/1.000000/0000/Guesstimate
R000000027/2.345679/0170/R000000028/R000000030
M000000032/1.000000/0000/Sigma_BB-30455824
R000000031/2.222222/0003/M000000032/R000000030
M000000033/1.000000/0000/Sigma_BB-129313740
R000000034/1.000000/0000/Guesstimate
R000000031/2.222222/0011/M000000033/R000000034
R000000035/1.000000/0000/Guesstimate
R000000027/3.580247/0224/R000000031/R000000035
R000000026/3.717421/0276/R000000027/R000000005
R000000026/3.717421/0278/R000000027/R000000005
R000000025/4.130468/0139/R000000026
R000000038/2.222222/0276/M000000032/R000000005
R000000038/2.222222/0278/M000000032/R000000005
R000000037/2.469136/0153/R000000038
M000000040/1.000000/0000/Sigma_BB-27089270
R000000041/1.000000/0000/Guesstimate
R000000039/2.222222/0119/M000000040/R000000041
R000000042/1.000000/0000/Guesstimate
R000000039/2.222222/0276/M000000040/R000000042
R000000037/2.469136/0153/R000000039
R000000044/1.000000/0000/Guesstimate
R000000043/2.222222/0279/R000000011/R000000044
R000000046/1.000000/0000/Guesstimate
R000000045/2.222222/0279/R000000011/R000000046
R000000045/2.222222/0279/R000000011/R000000046
R000000047/1.000000/0000/Guesstimate
R000000043/3.580247/0274/R000000045/R000000047
R000000036/5.212621/0232/R000000037/R000000043
R000000025/5.791801/0028/R000000036
Q000000003/4.130468/0000/R000000025
<NEXT>