#
#  Reaction log file
#  Author: LigBuilder V3 User_Diana
#  Creation time: Sun Mar  1 05:11:37 2026
#  Format:
#  QueryMoleculeId/Cost/SynthesizeId/ReactantId1/ReactantId2/ReactantId3.....
#  Id prefix:
#  Q --- Query Molecule
#  M --- Material
#  R --- Reactant
#
Directory      result/synthesize_HsDHODH/276/DATABASE/
#
Q000000001/7.163543/0000/R000000001
R000000005/1.000000/0000/Guesstimate
R000000006/1.000000/0000/Guesstimate
R000000004/2.222222/0276/R000000005/R000000006
R000000004/2.222222/0278/R000000005/R000000006
R000000007/1.000000/0000/Guesstimate
R000000003/3.580247/0012/R000000004/R000000007
R000000009/1.000000/0000/Guesstimate
R000000008/3.580247/0285/R000000004/R000000009
R000000003/3.978053/0079/R000000008
R000000011/1.000000/0000/Guesstimate
R000000012/1.000000/0000/Guesstimate
R000000010/2.222222/0003/R000000011/R000000012
R000000013/1.000000/0000/Guesstimate
R000000014/1.000000/0000/Guesstimate
R000000010/2.222222/0112/R000000013/R000000014
R000000002/6.447188/0276/R000000003/R000000010
R000000015/4.938272/0276/R000000004/R000000010
R000000016/3.580247/0276/R000000005/R000000010
R000000016/3.580247/0278/R000000005/R000000010
R000000015/5.089163/0276/R000000016/R000000006
R000000002/6.598080/0012/R000000015/R000000007
R000000001/7.163543/0159/R000000002
R000000017/1.000000/0000/Guesstimate
R000000021/1.000000/0000/Guesstimate
R000000022/1.000000/0000/Guesstimate
R000000020/2.222222/0285/R000000021/R000000022
R000000019/3.580247/0276/R000000006/R000000020
R000000019/3.580247/0278/R000000006/R000000020
R000000024/1.000000/0000/Guesstimate
R000000023/2.222222/0012/R000000024/R000000022
R000000025/1.000000/0000/Guesstimate
R000000026/1.000000/0000/Guesstimate
R000000023/2.222222/0112/R000000025/R000000026
R000000018/6.447188/0279/R000000019/R000000023
R000000027/4.938272/0279/R000000020/R000000023
R000000027/4.938272/0279/R000000020/R000000023
R000000018/6.598080/0276/R000000006/R000000027
R000000001/8.274654/0159/R000000017/R000000018
Q000000002/7.163543/0000/R000000001
Q000000003/7.517486/0000/R000000028
R000000032/1.000000/0000/Guesstimate
R000000031/3.580247/0285/R000000004/R000000032
R000000030/5.089163/0276/R000000031/R000000011
R000000030/5.089163/0278/R000000031/R000000011
R000000029/6.765737/0003/R000000030/R000000012
R000000035/1.000000/0000/Guesstimate
R000000034/5.089163/0276/R000000031/R000000035
R000000034/5.089163/0278/R000000031/R000000035
R000000033/5.654626/0079/R000000034
R000000037/1.000000/0000/Guesstimate
R000000036/5.089163/0276/R000000031/R000000037
R000000036/5.089163/0278/R000000031/R000000037
R000000033/5.654626/0082/R000000036
R000000039/1.000000/0000/Guesstimate
R000000040/1.000000/0000/Guesstimate
R000000038/2.222222/0004/R000000039/R000000040
R000000042/1.000000/0000/Guesstimate
R000000041/2.222222/0277/R000000042/R000000040
R000000043/1.000000/0000/Guesstimate
R000000041/2.222222/0301/R000000043/R000000040
R000000038/2.469136/0024/R000000041
R000000029/8.752054/0049/R000000033/R000000038
R000000028/7.517486/0159/R000000029
R000000044/1.000000/0000/Guesstimate
R000000028/8.274654/0159/R000000044/R000000018
Q000000004/7.331201/0000/R000000045
R000000047/1.000000/0000/Guesstimate
R000000046/6.598080/0012/R000000015/R000000047
R000000049/3.580247/0276/R000000004/R000000011
R000000049/3.580247/0278/R000000004/R000000011
R000000048/5.089163/0012/R000000049/R000000047
R000000051/1.000000/0000/Guesstimate
R000000050/5.089163/0285/R000000049/R000000051
R000000048/5.654626/0079/R000000050
R000000046/6.765737/0003/R000000048/R000000012
R000000045/7.331201/0159/R000000046
R000000052/1.000000/0000/Guesstimate
R000000045/8.274654/0159/R000000052/R000000018
<NEXT>