#
#  Reaction log file
#  Author: LigBuilder V3 User_Diana
#  Creation time: Sun Mar  1 05:10:01 2026
#  Format:
#  QueryMoleculeId/Cost/SynthesizeId/ReactantId1/ReactantId2/ReactantId3.....
#  Id prefix:
#  Q --- Query Molecule
#  M --- Material
#  R --- Reactant
#
Directory      result/synthesize_HsDHODH/226/DATABASE/
#
Q000000001/3.978053/0000/R000000001
M000000003/1.000000/0000/Sigma_BB-68785271
R000000005/1.000000/0000/Guesstimate
R000000006/1.000000/0000/Guesstimate
R000000004/2.222222/0274/R000000005/R000000006
R000000008/1.000000/0000/Guesstimate
R000000007/2.222222/0274/R000000008/R000000006
R000000004/2.469136/0155/R000000007
R000000002/3.580247/0003/M000000003/R000000004
R000000010/1.111111/0093/M000000003
M000000011/1.000000/0000/Sigma_BB-31122802
R000000012/1.000000/0000/Guesstimate
R000000010/2.222222/0004/M000000011/R000000012
R000000009/1.234568/0085/R000000010
R000000013/1.000000/0000/Guesstimate
R000000009/2.222222/0004/M000000011/R000000013
R000000016/1.000000/0000/Guesstimate
R000000015/2.222222/0274/R000000016/R000000006
R000000017/1.000000/0000/Guesstimate
R000000015/3.580247/0122/R000000004/R000000017
R000000014/2.469136/0082/R000000015
R000000019/1.000000/0000/Guesstimate
R000000018/3.580247/0004/R000000004/R000000019
R000000018/3.580247/0277/R000000004/R000000019
R000000014/3.978053/0009/R000000018
R000000002/4.115227/0049/R000000009/R000000014
R000000001/3.978053/0099/R000000002
R000000021/2.743484/0040/R000000014
R000000023/1.000000/0000/Guesstimate
R000000022/3.580247/0301/R000000004/R000000023
R000000022/3.580247/0301/R000000004/R000000023
R000000021/3.978053/0260/R000000022
R000000020/4.159427/0003/M000000011/R000000021
M000000024/1.000000/0000/Sigma_BB-61877977
R000000025/3.580247/0004/R000000004/R000000013
R000000027/1.000000/0000/Guesstimate
R000000026/3.580247/0277/R000000004/R000000027
R000000028/1.000000/0000/Guesstimate
R000000026/3.580247/0301/R000000004/R000000028
R000000025/3.978053/0024/R000000026
R000000020/5.089163/0049/M000000024/R000000025
R000000001/4.621586/0099/R000000020
Q000000002/3.048316/0000/R000000029
M000000033/1.000000/0000/Sigma_BB-28823129
R000000032/1.111111/0287/M000000033
M000000034/1.000000/0000/Sigma_BB-370175121
R000000032/1.111111/0299/M000000034
R000000031/1.234568/0222/R000000032
R000000035/1.111111/0222/M000000033
R000000031/1.234568/0287/R000000035
M000000038/1.000000/0000/Sigma_BB-28524129
R000000037/1.111111/0086/M000000038
R000000037/1.111111/0091/M000000038
R000000036/1.234568/0024/R000000037
R000000039/1.000000/0000/Guesstimate
R000000036/2.222222/0004/R000000039/R000000012
R000000030/2.743484/0275/R000000031/R000000036
R000000040/1.000000/0000/Guesstimate
R000000041/1.000000/0000/Guesstimate
R000000030/3.593965/0225/R000000031/R000000040/R000000041
R000000029/3.048316/0222/R000000030
R000000043/1.234568/0222/R000000032
R000000044/1.111111/0222/M000000033
R000000043/1.234568/0287/R000000044
R000000042/2.743484/0275/R000000043/R000000036
R000000042/3.593965/0225/R000000043/R000000040/R000000041
R000000029/3.048316/0222/R000000042
Q000000003/3.048316/0000/R000000029
<NEXT>