#
#  Reaction log file
#  Author: LigBuilder V3 User_Diana
#  Creation time: Sun Mar  1 05:06:17 2026
#  Format:
#  QueryMoleculeId/Cost/SynthesizeId/ReactantId1/ReactantId2/ReactantId3.....
#  Id prefix:
#  Q --- Query Molecule
#  M --- Material
#  R --- Reactant
#
Directory      result/synthesize_HsDHODH/74/DATABASE/
#
Q000000001/5.531170/0000/R000000001
R000000005/1.000000/0000/Guesstimate
R000000006/1.000000/0000/Guesstimate
R000000004/2.222222/0279/R000000005/R000000006
R000000004/2.222222/0279/R000000005/R000000006
R000000007/1.000000/0000/Guesstimate
R000000003/3.580247/0159/R000000004/R000000007
R000000002/3.978053/0153/R000000003
R000000010/1.000000/0000/Guesstimate
R000000009/2.222222/0279/R000000010/R000000006
R000000009/2.222222/0279/R000000010/R000000006
R000000008/3.580247/0159/R000000009/R000000007
R000000002/3.978053/0154/R000000008
R000000011/1.000000/0000/Guesstimate
R000000001/5.531170/0231/R000000002/R000000011
R000000015/1.000000/0000/Guesstimate
R000000016/1.000000/0000/Guesstimate
R000000014/2.222222/0224/R000000015/R000000016
R000000013/2.469136/0295/R000000014
R000000017/8.300000/0000/Guesstimate
R000000013/9.222222/0295/R000000017
R000000012/7.163543/0231/R000000002/R000000013
R000000001/7.959492/0279/R000000012
Q000000002/7.163543/0000/R000000018
R000000022/1.000000/0000/Guesstimate
R000000023/1.000000/0000/Guesstimate
R000000021/2.222222/0012/R000000022/R000000023
R000000024/1.000000/0000/Guesstimate
R000000021/2.222222/0279/R000000005/R000000024
R000000020/3.580247/0159/R000000021/R000000007
R000000019/3.978053/0153/R000000020
R000000027/1.000000/0000/Guesstimate
R000000026/2.222222/0012/R000000027/R000000023
R000000026/2.222222/0279/R000000010/R000000024
R000000025/3.580247/0159/R000000026/R000000007
R000000019/3.978053/0154/R000000025
R000000030/1.000000/0000/Guesstimate
R000000031/1.000000/0000/Guesstimate
R000000029/2.222222/0112/R000000030/R000000031
R000000032/8.500000/0000/Guesstimate
R000000029/9.444445/0082/R000000032
R000000028/2.469136/0041/R000000029
R000000034/2.469136/0245/R000000029
R000000033/2.743484/0041/R000000034
R000000033/2.743484/0233/R000000034
R000000028/3.048316/0219/R000000033
R000000018/7.163543/0231/R000000019/R000000028
R000000038/1.000000/0000/Guesstimate
R000000037/2.222222/0004/R000000030/R000000038
R000000039/1.000000/0000/Guesstimate
R000000040/1.000000/0000/Guesstimate
R000000037/3.333333/0225/R000000030/R000000039/R000000040
R000000036/2.469136/0197/R000000037
R000000036/2.743484/0155/R000000028
R000000035/7.163543/0231/R000000019/R000000036
R000000018/9.070603/0274/R000000035/R000000040
Q000000003/5.531170/0000/R000000001
<NEXT>