#
#  Reaction log file
#  Author: LigBuilder V3 User_Diana
#  Creation time: Sun Mar  1 05:05:35 2026
#  Format:
#  QueryMoleculeId/Cost/SynthesizeId/ReactantId1/ReactantId2/ReactantId3.....
#  Id prefix:
#  Q --- Query Molecule
#  M --- Material
#  R --- Reactant
#
Directory      result/synthesize_HsDHODH/68/DATABASE/
#
Q000000001/Analysis Failed
Q000000002/4.159427/0000/R000000001
R000000005/1.000000/0000/Guesstimate
R000000006/1.000000/0000/Guesstimate
R000000004/2.222222/0159/R000000005/R000000006
R000000003/2.469136/0040/R000000004
R000000008/1.000000/0000/Guesstimate
R000000009/1.000000/0000/Guesstimate
R000000007/2.222222/0012/R000000008/R000000009
R000000010/1.000000/0000/Guesstimate
R000000011/1.000000/0000/Guesstimate
R000000007/2.222222/0112/R000000010/R000000011
R000000003/3.580247/0159/R000000007/R000000006
R000000002/2.743484/0153/R000000003
R000000012/2.743484/0091/R000000003
R000000014/1.000000/0000/Guesstimate
R000000013/2.222222/0012/R000000014/R000000009
R000000015/1.000000/0000/Guesstimate
R000000013/2.222222/0112/R000000015/R000000011
R000000012/3.580247/0159/R000000013/R000000006
R000000002/3.048316/0154/R000000012
R000000016/1.000000/0000/Guesstimate
R000000001/4.159427/0231/R000000002/R000000016
R000000020/1.000000/0000/Guesstimate
R000000021/1.000000/0000/Guesstimate
R000000019/2.222222/0224/R000000020/R000000021
R000000018/2.469136/0295/R000000019
R000000022/8.300000/0000/Guesstimate
R000000018/9.222222/0295/R000000022
R000000017/5.791801/0231/R000000002/R000000018
R000000001/6.435335/0279/R000000017
Q000000003/Analysis Failed
<NEXT>