#
#  Reaction log file
#  Author: LigBuilder V3 User_Diana
#  Creation time: Sun Mar  1 05:09:08 2026
#  Format:
#  QueryMoleculeId/Cost/SynthesizeId/ReactantId1/ReactantId2/ReactantId3.....
#  Id prefix:
#  Q --- Query Molecule
#  M --- Material
#  R --- Reactant
#
Directory      result/synthesize_HsDHODH/190/DATABASE/
#
Q000000001/5.517452/0000/R000000001
R000000005/1.000000/0000/Guesstimate
R000000006/1.000000/0000/Guesstimate
R000000004/2.222222/0159/R000000005/R000000006
R000000003/2.469136/0040/R000000004
R000000008/1.000000/0000/Guesstimate
R000000009/1.000000/0000/Guesstimate
R000000007/2.222222/0012/R000000008/R000000009
R000000010/1.000000/0000/Guesstimate
R000000011/1.000000/0000/Guesstimate
R000000007/2.222222/0112/R000000010/R000000011
R000000003/3.580247/0159/R000000007/R000000006
R000000002/2.743484/0153/R000000003
R000000014/1.000000/0000/Guesstimate
R000000013/2.222222/0012/R000000014/R000000009
R000000015/1.000000/0000/Guesstimate
R000000013/2.222222/0112/R000000015/R000000011
R000000012/3.580247/0159/R000000013/R000000006
R000000002/3.978053/0154/R000000012
R000000017/1.000000/0000/Guesstimate
R000000018/1.000000/0000/Guesstimate
R000000016/2.222222/0004/R000000017/R000000018
R000000021/1.000000/0000/Guesstimate
R000000020/2.222222/0112/R000000017/R000000021
R000000019/2.469136/0147/R000000020
R000000023/1.000000/0000/Guesstimate
R000000022/2.222222/0003/R000000017/R000000023
R000000019/2.469136/0153/R000000022
R000000016/2.743484/0024/R000000019
R000000001/5.517452/0231/R000000002/R000000016
R000000027/1.000000/0000/Guesstimate
R000000026/2.222222/0112/R000000017/R000000027
R000000025/2.469136/0147/R000000026
M000000029/1.000000/0000/Sigma_BB-28427694
R000000028/3.580247/0212/R000000016/M000000029
R000000028/3.580247/0212/R000000016/M000000029
R000000025/3.978053/0153/R000000028
R000000024/5.791801/0231/R000000002/R000000025
R000000001/6.435335/0260/R000000024
Q000000002/8.278595/0000/R000000030
R000000035/4.159427/0231/R000000002/R000000017
R000000034/4.621586/0114/R000000035
R000000033/5.135096/0217/R000000034
R000000033/5.732697/0174/R000000035/R000000011
R000000032/5.705662/0041/R000000033
R000000032/5.705662/0233/R000000033
M000000036/1.000000/0000/Sigma_BB-28776172
R000000031/7.450736/0112/R000000032/M000000036
R000000038/4.159427/0174/R000000002/R000000011
R000000038/4.159427/0289/R000000002/R000000011
R000000037/4.621586/0041/R000000038
R000000037/4.621586/0233/R000000038
R000000039/2.222222/0112/R000000017/M000000036
R000000041/1.000000/0000/Guesstimate
R000000042/1.000000/0000/Guesstimate
R000000040/3.333333/0225/R000000017/R000000041/R000000042
R000000040/3.333333/0225/R000000017/R000000041/R000000042
R000000039/3.703704/0243/R000000040
R000000031/7.604231/0231/R000000037/R000000039
R000000030/8.278595/0147/R000000031
R000000044/1.000000/0000/Guesstimate
R000000043/7.927884/0225/R000000033/R000000041/R000000044
R000000045/6.843808/0225/R000000035/R000000041/R000000044
R000000045/7.241614/0169/R000000001/R000000041
R000000043/8.715343/0174/R000000045/R000000011
R000000030/8.808761/0041/R000000043
Q000000003/7.617949/0000/R000000046
M000000049/1.000000/0000/Sigma_BB-28830366
R000000048/1.111111/0086/M000000049
R000000048/1.111111/0091/M000000049
R000000047/5.856154/0175/R000000035/R000000048
R000000051/5.705662/0040/R000000033
R000000050/6.339624/0093/R000000051
R000000052/6.246207/0112/R000000034/R000000011
R000000053/1.000000/0000/Guesstimate
R000000052/6.816773/0049/R000000033/R000000053
R000000050/6.940230/0040/R000000052
R000000047/8.155138/0212/R000000050/M000000049
R000000046/7.617949/0004/R000000047/R000000018
R000000056/3.978053/0175/R000000003/R000000048
R000000056/3.978053/0290/R000000003/R000000048
R000000055/4.420059/0153/R000000056
R000000057/4.282884/0174/R000000002/R000000048
R000000057/4.282884/0289/R000000002/R000000048
R000000055/4.758760/0147/R000000057
R000000054/7.654661/0231/R000000055/R000000019
R000000059/5.517452/0231/R000000002/R000000020
R000000058/6.130503/0147/R000000059
R000000060/1.000000/0000/Guesstimate
R000000058/7.241614/0119/R000000001/R000000060
R000000054/8.046238/0175/R000000058/R000000048
R000000046/8.505178/0024/R000000054
<NEXT>