#
#  Reaction log file
#  Author: LigBuilder V3 User_Diana
#  Creation time: Sun Mar  1 05:12:28 2026
#  Format:
#  QueryMoleculeId/Cost/SynthesizeId/ReactantId1/ReactantId2/ReactantId3.....
#  Id prefix:
#  Q --- Query Molecule
#  M --- Material
#  R --- Reactant
#
Directory      result/synthesize_HsDHODH/296/DATABASE/
#
Q000000001/6.096632/0000/R000000001
R000000005/1.000000/0000/Guesstimate
R000000006/1.000000/0000/Guesstimate
R000000004/2.222222/0018/R000000005/R000000006
R000000008/1.000000/0000/Guesstimate
R000000007/2.222222/0018/R000000008/R000000006
R000000010/1.000000/0000/Guesstimate
R000000009/2.222222/0018/R000000008/R000000010
R000000007/2.469136/0147/R000000009
R000000004/2.469136/0082/R000000007
R000000012/1.000000/0000/Guesstimate
R000000011/1.111111/0283/R000000012
R000000013/1.000000/0000/Guesstimate
R000000014/1.000000/0000/Guesstimate
R000000011/2.222222/0224/R000000013/R000000014
R000000003/3.703704/0285/R000000004/R000000011
M000000017/1.000000/0000/Sigma_BB-28963850
R000000016/1.111111/0153/M000000017
R000000015/1.234568/0260/R000000016
R000000019/1.000000/0000/Guesstimate
R000000020/1.000000/0000/Guesstimate
R000000018/2.222222/0119/R000000019/R000000020
R000000021/1.000000/0000/Guesstimate
R000000018/2.222222/0276/R000000021/R000000020
R000000015/2.469136/0274/R000000018
R000000002/5.486969/0276/R000000003/R000000015
R000000002/5.486969/0278/R000000003/R000000015
R000000001/6.096632/0279/R000000002
R000000001/6.096632/0279/R000000002
Q000000002/3.717421/0000/R000000022
M000000025/1.000000/0000/Sigma_BB-28830479
R000000024/1.111111/0302/M000000025
R000000026/1.111111/0287/M000000025
M000000027/1.000000/0000/Sigma_BB-27936600
R000000026/1.111111/0299/M000000027
R000000024/1.234568/0239/R000000026
R000000028/1.000000/0000/Guesstimate
R000000023/2.345679/0274/R000000024/R000000028
R000000031/1.000000/0000/Guesstimate
R000000030/2.345679/0274/R000000026/R000000031
R000000029/2.606310/0059/R000000030
R000000033/1.000000/0000/Guesstimate
R000000032/2.345679/0274/R000000026/R000000033
R000000029/2.606310/0147/R000000032
R000000023/2.895900/0239/R000000029
R000000034/1.000000/0000/Guesstimate
R000000022/3.717421/0170/R000000023/R000000034
R000000037/1.000000/0000/Guesstimate
R000000038/1.000000/0000/Guesstimate
R000000036/2.222222/0112/R000000037/R000000038
R000000040/1.000000/0000/Guesstimate
R000000039/2.222222/0170/R000000040/R000000034
R000000041/1.000000/0000/Guesstimate
R000000042/1.000000/0000/Guesstimate
R000000039/2.222222/0170/R000000041/R000000042
R000000036/2.469136/0082/R000000039
R000000035/3.703704/0274/R000000024/R000000036
R000000043/2.345679/0274/R000000024/R000000037
R000000045/1.000000/0000/Guesstimate
R000000044/2.345679/0274/R000000024/R000000045
R000000043/2.606310/0300/R000000044
R000000035/3.717421/0112/R000000043/R000000038
R000000022/4.115227/0147/R000000035
Q000000003/5.944217/0000/R000000046
M000000050/1.000000/0000/Sigma_BB-70668271
R000000049/1.111111/0295/M000000050
R000000048/2.345679/0274/R000000049/R000000019
R000000051/2.345679/0274/R000000049/R000000021
R000000052/1.000000/0000/Guesstimate
R000000048/3.717421/0275/R000000051/R000000052
M000000055/1.000000/0000/Sigma_BB-28764950
R000000054/1.111111/0085/M000000055
R000000057/1.000000/0000/Guesstimate
R000000056/1.111111/0040/R000000057
R000000058/1.000000/0000/Guesstimate
R000000056/2.222222/0170/R000000034/R000000058
R000000053/2.469136/0212/R000000054/R000000056
R000000053/2.469136/0212/R000000054/R000000056
R000000047/5.349795/0212/R000000048/R000000053
R000000047/5.349795/0212/R000000048/R000000053
R000000046/5.944217/0028/R000000047
R000000062/1.000000/0000/Guesstimate
R000000061/2.222222/0004/M000000055/R000000062
R000000061/2.222222/0277/M000000055/R000000062
R000000060/2.469136/0197/R000000061
R000000060/2.469136/0212/R000000054/R000000056
R000000059/5.349795/0212/R000000048/R000000060
R000000059/5.349795/0212/R000000048/R000000060
R000000046/5.944217/0028/R000000059
<NEXT>