#
#  Reaction log file
#  Author: LigBuilder V3 User_Diana
#  Creation time: Sun Mar  1 05:11:55 2026
#  Format:
#  QueryMoleculeId/Cost/SynthesizeId/ReactantId1/ReactantId2/ReactantId3.....
#  Id prefix:
#  Q --- Query Molecule
#  M --- Material
#  R --- Reactant
#
Directory      result/synthesize_HsDHODH/284/DATABASE/
#
Q000000001/3.978053/0000/R000000001
M000000003/1.000000/0000/Sigma_BB-28828400
R000000005/1.000000/0000/Guesstimate
R000000006/1.000000/0000/Guesstimate
R000000004/2.222222/0004/R000000005/R000000006
R000000008/1.000000/0000/Guesstimate
R000000007/2.222222/0277/R000000005/R000000008
R000000004/2.469136/0024/R000000007
R000000002/3.580247/0170/M000000003/R000000004
M000000011/1.000000/0000/Sigma_BB-28901425
R000000012/1.000000/0000/Guesstimate
R000000010/2.222222/0112/M000000011/R000000012
R000000009/2.469136/0147/R000000010
M000000014/1.000000/0000/Sigma_BB-73300253
R000000015/1.000000/0000/Guesstimate
R000000013/2.222222/0170/M000000014/R000000015
R000000016/1.000000/0000/Guesstimate
R000000013/2.222222/0170/M000000003/R000000016
R000000009/2.469136/0155/R000000013
R000000002/3.854596/0004/R000000009/R000000006
R000000001/3.978053/0153/R000000002
R000000019/2.222222/0004/R000000012/R000000006
R000000019/2.222222/0277/R000000012/R000000006
R000000018/2.469136/0153/R000000019
R000000020/2.469136/0086/R000000019
R000000020/2.469136/0091/R000000019
R000000018/2.743484/0154/R000000020
R000000017/3.854596/0112/M000000011/R000000018
M000000022/1.000000/0000/Sigma_BB-27182093
R000000021/1.111111/0197/M000000022
M000000024/1.000000/0000/Sigma_BB-28756865
R000000023/2.222222/0274/M000000024/R000000015
R000000021/2.469136/0155/R000000023
R000000027/1.000000/0000/Guesstimate
R000000028/1.000000/0000/Guesstimate
R000000026/2.222222/0170/R000000027/R000000028
R000000029/1.000000/0000/Guesstimate
R000000030/1.000000/0000/Guesstimate
R000000026/2.222222/0170/R000000029/R000000030
R000000025/2.469136/0086/R000000026
R000000025/2.469136/0091/R000000026
R000000017/3.978053/0112/R000000021/R000000025
R000000001/4.282884/0147/R000000017
Q000000002/Analysis Failed
Q000000003/Analysis Failed
<NEXT>