#
#  Reaction log file
#  Author: LigBuilder V3 User_Diana
#  Creation time: Sun Mar  1 05:06:49 2026
#  Format:
#  QueryMoleculeId/Cost/SynthesizeId/ReactantId1/ReactantId2/ReactantId3.....
#  Id prefix:
#  Q --- Query Molecule
#  M --- Material
#  R --- Reactant
#
Directory      result/synthesize_HsDHODH/120/DATABASE/
#
Q000000001/Analysis Failed
Q000000002/Analysis Failed
Q000000003/2.758726/0000/R000000001
M000000003/1.000000/0000/Sigma_BB-68785271
R000000006/1.000000/0000/Guesstimate
R000000005/1.111111/0118/R000000006
R000000007/1.000000/0000/Guesstimate
R000000005/2.222222/0112/R000000006/R000000007
R000000004/1.234568/0041/R000000005
R000000009/1.000000/0000/Guesstimate
R000000008/1.111111/0198/R000000009
R000000010/1.000000/0000/Guesstimate
R000000008/1.111111/0198/R000000010
R000000004/1.234568/0155/R000000008
R000000002/2.482853/0003/M000000003/R000000004
M000000012/1.000000/0000/Sigma_BB-31122802
R000000013/1.000000/0000/Guesstimate
R000000011/2.222222/0004/M000000012/R000000013
R000000015/1.000000/0000/Guesstimate
R000000014/2.222222/0004/M000000012/R000000015
R000000017/1.000000/0000/Guesstimate
R000000016/2.222222/0003/M000000012/R000000017
M000000018/1.000000/0000/Sigma_BB-61877977
R000000016/2.222222/0049/M000000018/R000000013
R000000014/2.469136/0040/R000000016
R000000011/2.469136/0085/R000000014
R000000020/1.000000/0000/Guesstimate
R000000021/1.000000/0000/Guesstimate
R000000019/2.222222/0011/R000000020/R000000021
R000000023/1.000000/0000/Guesstimate
R000000022/2.482853/0004/R000000004/R000000023
R000000022/2.482853/0277/R000000004/R000000023
R000000019/2.758726/0009/R000000022
R000000002/4.938272/0049/R000000011/R000000019
R000000001/2.758726/0099/R000000002
R000000026/1.000000/0000/Guesstimate
R000000025/2.222222/0012/M000000018/R000000026
M000000028/1.000000/0000/Sigma_BB-31122909
R000000029/1.000000/0000/Guesstimate
R000000027/2.222222/0231/M000000028/R000000029
R000000030/1.000000/0000/Guesstimate
R000000025/3.580247/0112/R000000027/R000000030
R000000024/3.580247/0049/R000000025/R000000013
R000000031/3.580247/0122/R000000016/R000000006
R000000031/3.580247/0122/R000000016/R000000006
R000000024/5.089163/0112/R000000031/R000000007
R000000001/3.978053/0041/R000000024
Q000000004/2.758726/0000/R000000001
<NEXT>