#
#  Reaction log file
#  Author: LigBuilder V3 User_Diana
#  Creation time: Sun Mar  1 05:07:31 2026
#  Format:
#  QueryMoleculeId/Cost/SynthesizeId/ReactantId1/ReactantId2/ReactantId3.....
#  Id prefix:
#  Q --- Query Molecule
#  M --- Material
#  R --- Reactant
#
Directory      result/synthesize_HsDHODH/148/DATABASE/
#
Q000000001/2.469136/0000/R000000001
M000000003/1.000000/0000/Sigma_BB-68785271
R000000004/1.000000/0000/Guesstimate
R000000002/2.222222/0003/M000000003/R000000004
M000000006/1.000000/0000/Sigma_BB-31122802
R000000007/1.000000/0000/Guesstimate
R000000005/2.222222/0004/M000000006/R000000007
R000000009/1.000000/0000/Guesstimate
R000000008/2.222222/0004/M000000006/R000000009
R000000011/1.000000/0000/Guesstimate
R000000010/2.222222/0003/M000000006/R000000011
M000000012/1.000000/0000/Sigma_BB-61877977
R000000010/2.222222/0049/M000000012/R000000007
R000000008/2.469136/0040/R000000010
R000000005/2.469136/0085/R000000008
R000000013/1.000000/0000/Guesstimate
R000000002/3.580247/0049/R000000005/R000000013
R000000001/2.469136/0099/R000000002
R000000017/1.000000/0000/Guesstimate
R000000016/2.222222/0003/M000000003/R000000017
R000000018/1.000000/0000/Guesstimate
R000000016/2.222222/0138/M000000012/R000000018
R000000015/2.469136/0099/R000000016
R000000020/1.000000/0000/Guesstimate
R000000019/2.222222/0003/M000000006/R000000020
R000000015/2.469136/0099/R000000019
R000000021/1.000000/0000/Guesstimate
R000000014/3.854596/0112/R000000015/R000000021
R000000023/1.000000/0000/Guesstimate
R000000022/3.580247/0122/R000000010/R000000023
R000000022/3.580247/0122/R000000010/R000000023
R000000014/3.978053/0082/R000000022
R000000001/4.282884/0041/R000000014
Q000000002/2.469136/0000/R000000001
Q000000003/2.469136/0000/R000000001
<NEXT>