#
#  Reaction log file
#  Author: LigBuilder V3 User_Diana
#  Creation time: Sun Mar  1 05:09:28 2026
#  Format:
#  QueryMoleculeId/Cost/SynthesizeId/ReactantId1/ReactantId2/ReactantId3.....
#  Id prefix:
#  Q --- Query Molecule
#  M --- Material
#  R --- Reactant
#
Directory      result/synthesize_HsDHODH/200/DATABASE/
#
Q000000001/2.222222/0000/R000000001
M000000002/1.000000/0000/Sigma_BB-28457967
M000000003/1.000000/0000/Sigma_BB-28426400
R000000001/2.222222/0004/M000000002/M000000003
M000000007/1.000000/0000/Sigma_BB-293710875
R000000006/1.111111/0299/M000000007
R000000005/1.234568/0287/R000000006
M000000009/1.000000/0000/Sigma_BB-30664943
R000000010/1.000000/0000/Guesstimate
R000000011/1.000000/0000/Guesstimate
R000000008/3.333333/0261/M000000009/R000000010/R000000011
R000000005/3.703704/0155/R000000008
R000000004/1.371742/0024/R000000005
R000000012/1.000000/0000/Guesstimate
R000000004/2.222222/0004/R000000012/M000000003
R000000013/1.000000/0000/Guesstimate
R000000001/2.635269/0004/R000000004/R000000013
Q000000002/2.222222/0000/R000000014
M000000015/1.000000/0000/Sigma_BB-27568240
R000000014/2.222222/0004/M000000015/M000000003
R000000016/2.222222/0004/R000000013/M000000003
R000000019/1.000000/0000/Guesstimate
M000000020/1.000000/0000/Sigma_BB-28151472
R000000018/2.222222/0175/R000000019/M000000020
R000000018/2.222222/0290/R000000019/M000000020
R000000017/2.469136/0039/R000000018
R000000022/1.000000/0000/Guesstimate
M000000023/1.000000/0000/Sigma_BB-326697832
R000000021/2.222222/0112/R000000022/M000000023
R000000024/1.000000/0000/Guesstimate
R000000021/2.222222/0112/R000000024/M000000003
R000000017/2.469136/0147/R000000021
R000000016/2.743484/0024/R000000017
R000000025/1.000000/0000/Guesstimate
R000000014/3.580247/0004/R000000016/R000000025
Q000000003/1.371742/0000/R000000004
<NEXT>