#
#  Reaction log file
#  Author: LigBuilder V3 User_Diana
#  Creation time: Sun Mar  1 05:07:32 2026
#  Format:
#  QueryMoleculeId/Cost/SynthesizeId/ReactantId1/ReactantId2/ReactantId3.....
#  Id prefix:
#  Q --- Query Molecule
#  M --- Material
#  R --- Reactant
#
Directory      result/synthesize_HsDHODH/154/DATABASE/
#
Q000000001/5.531170/0000/R000000001
R000000005/1.000000/0000/Guesstimate
R000000006/1.000000/0000/Guesstimate
R000000004/2.222222/0285/R000000005/R000000006
R000000007/1.000000/0000/Guesstimate
R000000003/3.580247/0159/R000000004/R000000007
R000000002/3.978053/0153/R000000003
R000000010/1.000000/0000/Guesstimate
R000000009/2.222222/0285/R000000010/R000000006
R000000008/3.580247/0159/R000000009/R000000007
R000000002/3.978053/0154/R000000008
R000000011/1.000000/0000/Guesstimate
R000000001/5.531170/0231/R000000002/R000000011
R000000015/1.000000/0000/Guesstimate
R000000016/1.000000/0000/Guesstimate
R000000014/2.222222/0224/R000000015/R000000016
R000000013/2.469136/0295/R000000014
R000000017/8.300000/0000/Guesstimate
R000000013/9.222222/0295/R000000017
R000000012/7.163543/0231/R000000002/R000000013
R000000001/7.959492/0279/R000000012
Q000000002/5.531170/0000/R000000001
Q000000003/Analysis Failed
<NEXT>