#
#  Reaction log file
#  Author: LigBuilder V3 User_Diana
#  Creation time: Sun Mar  1 05:06:40 2026
#  Format:
#  QueryMoleculeId/Cost/SynthesizeId/ReactantId1/ReactantId2/ReactantId3.....
#  Id prefix:
#  Q --- Query Molecule
#  M --- Material
#  R --- Reactant
#
Directory      result/synthesize_HsDHODH/115/DATABASE/
#
Q000000001/2.469136/0000/R000000001
M000000003/1.000000/0000/Sigma_BB-68785271
R000000004/1.000000/0000/Guesstimate
R000000002/2.222222/0003/M000000003/R000000004
M000000006/1.000000/0000/Sigma_BB-31122802
R000000007/1.000000/0000/Guesstimate
R000000005/2.222222/0004/M000000006/R000000007
R000000009/1.000000/0000/Guesstimate
R000000008/2.222222/0004/M000000006/R000000009
R000000011/1.000000/0000/Guesstimate
R000000010/2.222222/0003/M000000006/R000000011
M000000012/1.000000/0000/Sigma_BB-61877977
R000000010/2.222222/0049/M000000012/R000000007
R000000008/2.469136/0040/R000000010
R000000005/2.469136/0085/R000000008
R000000015/1.000000/0000/Guesstimate
R000000014/1.111111/0118/R000000015
R000000016/1.000000/0000/Guesstimate
R000000014/2.222222/0112/R000000015/R000000016
R000000013/1.234568/0041/R000000014
R000000018/1.000000/0000/Guesstimate
R000000017/2.222222/0004/R000000004/R000000018
M000000019/1.000000/0000/Sigma_BB-28833052
M000000020/1.000000/0000/Sigma_BB-28778979
R000000017/2.222222/0212/M000000019/M000000020
R000000013/2.469136/0009/R000000017
R000000002/3.840878/0049/R000000005/R000000013
R000000001/2.469136/0099/R000000002
R000000023/1.000000/0000/Guesstimate
R000000022/3.580247/0122/R000000010/R000000023
R000000022/3.580247/0122/R000000010/R000000023
R000000021/3.978053/0118/R000000022
R000000021/5.089163/0112/R000000022/R000000016
R000000001/4.420059/0041/R000000021
Q000000002/6.096632/0000/R000000024
R000000028/1.000000/0000/Guesstimate
R000000029/1.000000/0000/Guesstimate
R000000027/2.222222/0170/R000000028/R000000029
R000000030/1.000000/0000/Guesstimate
R000000031/1.000000/0000/Guesstimate
R000000027/2.222222/0170/R000000030/R000000031
R000000026/4.938272/0122/R000000010/R000000027
R000000026/4.938272/0122/R000000010/R000000027
R000000025/5.486969/0118/R000000026
R000000025/6.598080/0112/R000000026/R000000016
R000000024/6.096632/0041/R000000025
R000000035/1.000000/0000/Guesstimate
R000000036/1.000000/0000/Guesstimate
R000000034/2.222222/0170/R000000035/R000000036
R000000037/1.000000/0000/Guesstimate
R000000038/1.000000/0000/Guesstimate
R000000034/2.222222/0170/R000000037/R000000038
R000000033/4.938272/0122/R000000010/R000000034
R000000033/4.938272/0122/R000000010/R000000034
R000000032/5.486969/0118/R000000033
R000000032/6.598080/0112/R000000033/R000000016
R000000024/6.096632/0059/R000000032
Q000000003/7.178785/0000/R000000039
R000000042/1.000000/0000/Guesstimate
R000000044/1.000000/0000/Guesstimate
M000000045/1.000000/0000/Sigma_BB-136290300
R000000043/2.222222/0231/R000000044/M000000045
R000000041/3.580247/0175/R000000042/R000000043
R000000046/2.222222/0175/R000000042/M000000045
R000000046/2.222222/0290/R000000042/M000000045
R000000041/3.580247/0231/R000000046/R000000044
R000000040/3.978053/0279/R000000041
R000000040/3.978053/0279/R000000041
R000000050/1.000000/0000/Guesstimate
R000000049/1.111111/0288/R000000050
R000000051/1.111111/0245/R000000050
R000000051/1.111111/0245/R000000050
R000000049/1.234568/0155/R000000051
R000000048/1.234568/0295/R000000049
R000000048/1.234568/0295/R000000049
R000000047/2.482853/0004/R000000009/R000000048
R000000054/1.000000/0000/Guesstimate
R000000053/2.482853/0112/R000000054/R000000048
R000000052/2.758726/0147/R000000053
R000000056/1.000000/0000/Guesstimate
R000000055/2.482853/0003/R000000056/R000000048
R000000052/2.758726/0153/R000000055
R000000047/3.065251/0024/R000000052
R000000039/7.178785/0003/R000000040/R000000047
R000000057/5.531170/0004/R000000040/R000000009
R000000058/5.531170/0003/R000000040/R000000011
R000000059/8.600000/0000/Guesstimate
R000000060/1.000000/0000/Guesstimate
R000000058/9.600000/0175/R000000059/R000000060
R000000057/6.145744/0040/R000000058
R000000039/7.517487/0003/R000000057/R000000048
<NEXT>