#
#  Reaction log file
#  Author: LigBuilder V3 User_Diana
#  Creation time: Sun Mar  1 05:10:44 2026
#  Format:
#  QueryMoleculeId/Cost/SynthesizeId/ReactantId1/ReactantId2/ReactantId3.....
#  Id prefix:
#  Q --- Query Molecule
#  M --- Material
#  R --- Reactant
#
Directory      result/synthesize_HsDHODH/252/DATABASE/
#
Q000000001/Analysis Failed
Q000000002/7.468375/0000/R000000001
R000000005/1.000000/0000/Guesstimate
R000000006/1.000000/0000/Guesstimate
R000000004/2.222222/0158/R000000005/R000000006
R000000004/2.222222/0158/R000000005/R000000006
R000000003/2.469136/0188/R000000004
R000000008/1.000000/0000/Guesstimate
R000000007/2.222222/0158/R000000005/R000000008
R000000007/2.222222/0158/R000000005/R000000008
R000000003/2.469136/0188/R000000007
R000000002/2.743484/0160/R000000003
R000000002/2.743484/0160/R000000003
R000000011/1.000000/0000/Guesstimate
R000000013/1.000000/0000/Guesstimate
R000000014/1.000000/0000/Guesstimate
R000000012/2.222222/0224/R000000013/R000000014
R000000016/1.000000/0000/Guesstimate
R000000015/2.222222/0224/R000000013/R000000016
R000000012/2.469136/0294/R000000015
R000000010/3.580247/0112/R000000011/R000000012
R000000017/2.222222/0112/R000000011/R000000013
R000000010/3.580247/0224/R000000017/R000000014
R000000009/3.978053/0059/R000000010
R000000019/1.000000/0000/Guesstimate
R000000018/3.580247/0004/R000000019/R000000012
R000000009/3.978053/0086/R000000018
R000000001/7.468375/0175/R000000002/R000000009
R000000023/1.000000/0000/Guesstimate
R000000024/1.000000/0000/Guesstimate
R000000022/2.222222/0158/R000000023/R000000024
R000000022/2.222222/0158/R000000023/R000000024
R000000021/2.469136/0188/R000000022
R000000026/1.000000/0000/Guesstimate
R000000025/2.222222/0158/R000000023/R000000026
R000000025/2.222222/0158/R000000023/R000000026
R000000021/2.469136/0188/R000000025
R000000029/1.000000/0000/Guesstimate
R000000028/3.580247/0112/R000000029/R000000012
R000000027/3.978053/0059/R000000028
R000000031/1.000000/0000/Guesstimate
R000000030/3.580247/0004/R000000031/R000000012
R000000032/1.000000/0000/Guesstimate
R000000034/1.000000/0000/Guesstimate
R000000033/3.580247/0004/R000000034/R000000012
R000000036/1.000000/0000/Guesstimate
R000000035/3.580247/0003/R000000012/R000000036
R000000033/3.978053/0040/R000000035
R000000030/5.089163/0004/R000000032/R000000033
R000000027/3.978053/0153/R000000030
R000000020/7.163543/0301/R000000021/R000000027
R000000020/7.163543/0301/R000000021/R000000027
R000000001/7.959492/0160/R000000020
Q000000003/Analysis Failed
Q000000004/Analysis Failed
<NEXT>