#
#  Reaction log file
#  Author: LigBuilder V3 User_Diana
#  Creation time: Sun Mar  1 05:07:33 2026
#  Format:
#  QueryMoleculeId/Cost/SynthesizeId/ReactantId1/ReactantId2/ReactantId3.....
#  Id prefix:
#  Q --- Query Molecule
#  M --- Material
#  R --- Reactant
#
Directory      result/synthesize_HsDHODH/153/DATABASE/
#
Q000000001/2.758726/0000/R000000001
M000000003/1.000000/0000/Sigma_BB-68785271
R000000006/1.000000/0000/Guesstimate
R000000005/1.111111/0245/R000000006
R000000005/1.111111/0245/R000000006
R000000004/1.234568/0155/R000000005
R000000008/1.000000/0000/Guesstimate
R000000007/2.222222/0279/R000000006/R000000008
R000000007/2.222222/0279/R000000006/R000000008
R000000004/2.469136/0228/R000000007
R000000002/2.482853/0003/M000000003/R000000004
M000000010/1.000000/0000/Sigma_BB-31122802
R000000011/1.000000/0000/Guesstimate
R000000009/2.222222/0004/M000000010/R000000011
R000000013/1.000000/0000/Guesstimate
R000000012/2.222222/0004/M000000010/R000000013
R000000015/1.000000/0000/Guesstimate
R000000014/2.222222/0003/M000000010/R000000015
M000000016/1.000000/0000/Sigma_BB-61877977
R000000014/2.222222/0049/M000000016/R000000011
R000000012/2.469136/0040/R000000014
R000000009/2.469136/0085/R000000012
R000000019/1.000000/0000/Guesstimate
R000000018/2.482853/0004/R000000004/R000000019
R000000018/2.482853/0277/R000000004/R000000019
R000000017/2.758726/0009/R000000018
R000000021/1.000000/0000/Guesstimate
R000000020/2.482853/0122/R000000004/R000000021
R000000017/2.758726/0082/R000000020
R000000002/5.534387/0049/R000000009/R000000017
R000000001/2.758726/0099/R000000002
R000000025/1.000000/0000/Guesstimate
R000000024/3.580247/0122/R000000014/R000000025
R000000024/3.580247/0122/R000000014/R000000025
R000000023/3.978053/0293/R000000024
R000000022/4.420059/0118/R000000023
R000000026/1.000000/0000/Guesstimate
R000000022/5.531170/0112/R000000023/R000000026
R000000001/4.911177/0041/R000000022
Q000000002/2.469136/0000/R000000027
R000000029/1.000000/0000/Guesstimate
R000000028/2.222222/0003/M000000003/R000000029
R000000030/1.000000/0000/Guesstimate
R000000028/3.580247/0049/R000000009/R000000030
R000000027/2.469136/0099/R000000028
R000000034/1.000000/0000/Guesstimate
R000000033/2.222222/0003/M000000003/R000000034
R000000035/1.000000/0000/Guesstimate
R000000033/3.580247/0049/R000000009/R000000035
R000000032/2.469136/0099/R000000033
R000000037/1.000000/0000/Guesstimate
R000000036/2.222222/0003/M000000010/R000000037
R000000032/2.469136/0099/R000000036
R000000031/3.854596/0112/R000000032/R000000026
R000000039/1.000000/0000/Guesstimate
R000000038/3.580247/0122/R000000014/R000000039
R000000038/3.580247/0122/R000000014/R000000039
R000000031/3.978053/0082/R000000038
R000000027/4.282884/0041/R000000031
Q000000003/Analysis Failed
Q000000004/Analysis Failed
<NEXT>