#
#  Reaction log file
#  Author: LigBuilder V3 User_Diana
#  Creation time: Sun Mar  1 05:07:15 2026
#  Format:
#  QueryMoleculeId/Cost/SynthesizeId/ReactantId1/ReactantId2/ReactantId3.....
#  Id prefix:
#  Q --- Query Molecule
#  M --- Material
#  R --- Reactant
#
Directory      result/synthesize_HsDHODH/136/DATABASE/
#
Q000000001/Analysis Failed
Q000000002/4.159427/0000/R000000001
R000000005/1.000000/0000/Guesstimate
R000000006/1.000000/0000/Guesstimate
R000000004/2.222222/0158/R000000005/R000000006
R000000004/2.222222/0158/R000000005/R000000006
R000000003/2.469136/0188/R000000004
R000000007/2.222222/0158/R000000005/R000000006
R000000007/2.222222/0158/R000000005/R000000006
R000000003/2.469136/0188/R000000007
R000000002/2.743484/0160/R000000003
R000000008/8.300000/0000/Guesstimate
R000000002/9.222222/0222/R000000008
R000000009/1.000000/0000/Guesstimate
R000000001/4.159427/0175/R000000002/R000000009
R000000012/1.000000/0000/Guesstimate
R000000011/4.159427/0224/R000000002/R000000012
R000000014/1.000000/0000/Guesstimate
R000000013/4.159427/0224/R000000002/R000000014
R000000011/4.621586/0156/R000000013
R000000010/4.621586/0260/R000000011
R000000017/1.000000/0000/Guesstimate
R000000016/4.159427/0224/R000000002/R000000017
R000000016/4.621586/0155/R000000011
R000000015/4.621586/0260/R000000016
R000000018/1.000000/0000/Guesstimate
R000000010/6.246207/0275/R000000015/R000000018
R000000001/5.135096/0191/R000000010
Q000000003/Analysis Failed
<NEXT>