#
#  Reaction log file
#  Author: LigBuilder V3 User_Diana
#  Creation time: Sun Mar  1 05:11:38 2026
#  Format:
#  QueryMoleculeId/Cost/SynthesizeId/ReactantId1/ReactantId2/ReactantId3.....
#  Id prefix:
#  Q --- Query Molecule
#  M --- Material
#  R --- Reactant
#
Directory      result/synthesize_HsDHODH/268/DATABASE/
#
Q000000001/5.654626/0000/R000000001
R000000005/1.000000/0000/Guesstimate
R000000006/1.000000/0000/Guesstimate
R000000004/2.222222/0012/R000000005/R000000006
R000000004/2.222222/0285/R000000005/R000000006
R000000007/1.000000/0000/Guesstimate
R000000003/3.580247/0159/R000000004/R000000007
R000000008/1.000000/0000/Guesstimate
R000000002/5.089163/0003/R000000003/R000000008
R000000011/1.000000/0000/Guesstimate
R000000010/2.222222/0012/R000000011/R000000006
R000000010/2.222222/0285/R000000011/R000000006
R000000009/3.580247/0159/R000000010/R000000007
R000000014/1.000000/0000/Guesstimate
R000000013/2.222222/0004/R000000014/R000000008
R000000015/1.000000/0000/Guesstimate
R000000016/1.000000/0000/Guesstimate
R000000013/3.333333/0225/R000000008/R000000015/R000000016
R000000012/2.469136/0197/R000000013
R000000002/6.721537/0112/R000000009/R000000012
R000000001/5.654626/0099/R000000002
R000000018/3.978053/0197/R000000003
R000000020/1.111111/0125/R000000008
R000000021/1.000000/0000/Guesstimate
R000000020/2.222222/0112/R000000021/R000000008
R000000019/1.234568/0040/R000000020
R000000022/2.469136/0093/R000000013
M000000023/1.000000/0000/Sigma_BB-28247348
R000000022/3.580247/0212/M000000023/R000000013
R000000019/2.743484/0073/R000000022
R000000017/5.791801/0003/R000000018/R000000019
R000000024/3.978053/0079/R000000009
R000000024/5.089163/0112/R000000009/R000000015
R000000026/1.000000/0000/Guesstimate
R000000025/2.222222/0004/R000000026/R000000008
R000000025/2.469136/0085/R000000013
R000000017/6.889194/0049/R000000024/R000000025
R000000001/6.435335/0099/R000000017
Q000000002/5.654626/0000/R000000001
Q000000003/7.468375/0000/R000000027
R000000031/1.000000/0000/Guesstimate
R000000030/2.222222/0159/R000000031/R000000007
R000000032/9.400000/0000/Guesstimate
R000000030/9.400000/0125/R000000032
R000000029/4.938272/0049/R000000030/R000000025
R000000033/7.700000/0000/Guesstimate
R000000035/1.000000/0000/Guesstimate
R000000034/2.222222/0112/R000000035/R000000008
R000000029/9.922222/0175/R000000033/R000000034
M000000037/1.000000/0000/Sigma_BB-28827589
R000000036/1.111111/0086/M000000037
R000000036/1.111111/0091/M000000037
R000000028/6.721537/0175/R000000029/R000000036
R000000040/3.978053/0228/R000000003
R000000040/3.978053/0286/R000000003
R000000041/1.000000/0000/Guesstimate
R000000039/5.531170/0301/R000000040/R000000041
R000000039/5.531170/0301/R000000040/R000000041
R000000038/6.145744/0197/R000000039
R000000028/8.200347/0003/R000000038/R000000019
R000000027/7.468375/0099/R000000028
R000000042/7.256855/0003/R000000039/R000000008
R000000044/3.978053/0228/R000000009
R000000044/4.420059/0091/R000000040
R000000043/5.531170/0301/R000000044/R000000041
R000000043/5.531170/0301/R000000044/R000000041
R000000042/8.889229/0112/R000000043/R000000012
R000000027/8.063173/0099/R000000042
<NEXT>