#
#  Reaction log file
#  Author: LigBuilder V3 User_Diana
#  Creation time: Sun Mar  1 05:09:09 2026
#  Format:
#  QueryMoleculeId/Cost/SynthesizeId/ReactantId1/ReactantId2/ReactantId3.....
#  Id prefix:
#  Q --- Query Molecule
#  M --- Material
#  R --- Reactant
#
Directory      result/synthesize_HsDHODH/199/DATABASE/
#
Q000000001/2.222222/0000/R000000001
M000000002/1.000000/0000/Sigma_BB-27568240
M000000003/1.000000/0000/Sigma_BB-28426400
R000000001/2.222222/0004/M000000002/M000000003
R000000005/1.000000/0000/Guesstimate
R000000004/2.222222/0004/R000000005/M000000003
R000000008/1.000000/0000/Guesstimate
M000000009/1.000000/0000/Sigma_BB-28151472
R000000007/2.222222/0175/R000000008/M000000009
R000000007/2.222222/0290/R000000008/M000000009
R000000006/2.469136/0039/R000000007
R000000011/1.000000/0000/Guesstimate
M000000012/1.000000/0000/Sigma_BB-326697832
R000000010/2.222222/0112/R000000011/M000000012
R000000013/1.000000/0000/Guesstimate
R000000010/2.222222/0112/R000000013/M000000003
R000000006/2.469136/0147/R000000010
R000000004/2.743484/0024/R000000006
R000000014/1.000000/0000/Guesstimate
R000000001/3.580247/0004/R000000004/R000000014
Q000000002/2.222222/0000/R000000001
Q000000003/2.222222/0000/R000000015
M000000016/1.000000/0000/Sigma_BB-28457967
R000000015/2.222222/0004/M000000016/M000000003
R000000018/1.000000/0000/Guesstimate
R000000017/2.222222/0004/R000000018/M000000003
R000000020/2.469136/0233/R000000010
R000000020/2.469136/0258/R000000010
R000000019/2.743484/0155/R000000020
R000000021/2.469136/0087/R000000004
R000000022/1.000000/0000/Guesstimate
R000000019/3.854596/0276/R000000021/R000000022
R000000017/3.048316/0024/R000000019
R000000015/3.580247/0004/R000000017/R000000005
<NEXT>