#
#  Reaction log file
#  Author: LigBuilder V3 User_Diana
#  Creation time: Sun Mar  1 05:06:48 2026
#  Format:
#  QueryMoleculeId/Cost/SynthesizeId/ReactantId1/ReactantId2/ReactantId3.....
#  Id prefix:
#  Q --- Query Molecule
#  M --- Material
#  R --- Reactant
#
Directory      result/synthesize_HsDHODH/96/DATABASE/
#
Q000000001/5.807042/0000/R000000001
R000000005/1.000000/0000/Guesstimate
R000000006/1.000000/0000/Guesstimate
R000000004/2.222222/0159/R000000005/R000000006
R000000003/2.469136/0040/R000000004
R000000008/1.000000/0000/Guesstimate
R000000009/1.000000/0000/Guesstimate
R000000007/2.222222/0012/R000000008/R000000009
R000000010/1.000000/0000/Guesstimate
R000000011/1.000000/0000/Guesstimate
R000000007/2.222222/0112/R000000010/R000000011
R000000003/3.580247/0159/R000000007/R000000006
R000000002/2.743484/0153/R000000003
R000000012/2.743484/0091/R000000003
R000000014/1.000000/0000/Guesstimate
R000000013/2.222222/0012/R000000014/R000000009
R000000015/1.000000/0000/Guesstimate
R000000013/2.222222/0112/R000000015/R000000011
R000000012/3.580247/0159/R000000013/R000000006
R000000002/3.048316/0154/R000000012
R000000019/1.000000/0000/Guesstimate
R000000018/1.111111/0125/R000000019
R000000018/2.222222/0112/R000000019/R000000011
R000000017/1.234568/0041/R000000018
R000000017/1.234568/0233/R000000018
R000000020/1.000000/0000/Guesstimate
R000000016/2.482853/0274/R000000017/R000000020
R000000023/1.000000/0000/Guesstimate
R000000022/2.222222/0004/R000000019/R000000023
R000000024/1.000000/0000/Guesstimate
R000000025/1.000000/0000/Guesstimate
R000000022/3.333333/0225/R000000019/R000000024/R000000025
R000000021/2.469136/0197/R000000022
R000000021/9.000001/0155/R000000017
R000000026/1.000000/0000/Guesstimate
R000000016/3.854596/0274/R000000021/R000000026
R000000001/5.807042/0231/R000000002/R000000016
R000000028/4.420059/0231/R000000002/R000000017
R000000027/4.911177/0155/R000000028
R000000027/5.791801/0231/R000000002/R000000021
R000000001/6.567974/0274/R000000027/R000000026
Q000000002/7.163543/0000/R000000029
R000000033/1.000000/0000/Guesstimate
R000000032/2.222222/0012/R000000008/R000000033
R000000034/1.000000/0000/Guesstimate
R000000035/1.000000/0000/Guesstimate
R000000032/2.222222/0279/R000000034/R000000035
R000000031/3.580247/0159/R000000032/R000000006
R000000030/3.978053/0153/R000000031
R000000037/2.222222/0012/R000000014/R000000033
R000000038/1.000000/0000/Guesstimate
R000000037/2.222222/0279/R000000038/R000000035
R000000036/3.580247/0159/R000000037/R000000006
R000000030/3.978053/0154/R000000036
R000000041/1.000000/0000/Guesstimate
R000000040/2.222222/0112/R000000019/R000000041
R000000043/1.000000/0000/Guesstimate
R000000042/2.222222/0112/R000000019/R000000043
R000000040/2.469136/0147/R000000042
R000000039/2.469136/0147/R000000040
R000000045/1.000000/0000/Guesstimate
R000000044/2.222222/0003/R000000019/R000000045
R000000046/1.000000/0000/Guesstimate
R000000044/2.345679/0049/R000000018/R000000046
R000000039/2.469136/0147/R000000044
R000000029/7.163543/0231/R000000030/R000000039
R000000050/1.000000/0000/Guesstimate
R000000049/2.222222/0004/R000000019/R000000050
R000000049/3.580247/0004/R000000022/R000000020
R000000048/2.469136/0197/R000000049
R000000051/2.469136/0233/R000000040
R000000051/2.469136/0258/R000000040
R000000048/2.743484/0155/R000000051
R000000047/7.163543/0231/R000000030/R000000048
R000000029/7.959492/0300/R000000047
Q000000003/6.113567/0000/R000000052
R000000055/1.234568/0249/R000000018
R000000056/1.000000/0000/Guesstimate
R000000055/2.345679/0018/R000000018/R000000056
R000000054/1.371742/0257/R000000055
R000000057/1.000000/0000/Guesstimate
R000000054/2.222222/0112/R000000019/R000000057
R000000053/1.524158/0147/R000000054
R000000060/1.000000/0000/Guesstimate
R000000059/2.222222/0112/R000000019/R000000060
R000000059/3.580247/0285/R000000040/R000000011
R000000058/2.469136/0147/R000000059
R000000061/1.000000/0000/Guesstimate
R000000058/3.854596/0122/R000000021/R000000061
R000000053/2.743484/0294/R000000058
R000000052/6.113567/0231/R000000030/R000000053
R000000062/5.944217/0231/R000000030/R000000054
R000000063/5.531170/0231/R000000030/R000000019
R000000062/7.256855/0112/R000000063/R000000057
R000000052/6.604685/0147/R000000062
Q000000004/9.483650/0000/R000000064
M000000068/1.000000/0000/Sigma_BB-28764950
R000000067/1.111111/0197/M000000068
R000000066/3.703704/0212/R000000022/R000000067
R000000069/3.580247/0212/R000000022/M000000068
R000000069/3.580247/0212/R000000022/M000000068
R000000066/3.978053/0197/R000000069
R000000065/8.535285/0231/R000000030/R000000066
R000000064/9.483650/0028/R000000065
M000000073/1.000000/0000/Sigma_BB-28830366
R000000072/1.111111/0085/M000000073
R000000071/3.703704/0212/R000000022/R000000072
R000000074/3.854596/0004/R000000021/M000000073
R000000074/3.854596/0277/R000000021/M000000073
R000000071/4.282884/0197/R000000074
R000000070/8.535285/0231/R000000030/R000000071
R000000064/9.483650/0028/R000000070
<NEXT>