#
#  Reaction log file
#  Author: LigBuilder V3 User_Diana
#  Creation time: Sun Mar  1 05:10:33 2026
#  Format:
#  QueryMoleculeId/Cost/SynthesizeId/ReactantId1/ReactantId2/ReactantId3.....
#  Id prefix:
#  Q --- Query Molecule
#  M --- Material
#  R --- Reactant
#
Directory      result/synthesize_HsDHODH/236/DATABASE/
#
Q000000001/2.222222/0000/R000000001
M000000002/1.000000/0000/Sigma_BB-244321917
R000000003/1.000000/0000/Guesstimate
R000000001/2.222222/0004/M000000002/R000000003
M000000007/1.000000/0000/Sigma_BB-32938610
R000000006/1.111111/0125/M000000007
R000000008/1.000000/0000/Guesstimate
R000000006/2.222222/0112/M000000007/R000000008
R000000005/1.234568/0041/R000000006
M000000010/1.000000/0000/Sigma_BB-234542932
R000000011/1.000000/0000/Guesstimate
R000000009/2.222222/0175/M000000010/R000000011
R000000009/2.222222/0290/M000000010/R000000011
R000000005/2.469136/0039/R000000009
R000000004/1.371742/0024/R000000005
R000000012/1.000000/0000/Guesstimate
R000000004/2.222222/0004/M000000002/R000000012
R000000013/1.000000/0000/Guesstimate
R000000001/2.635269/0004/R000000004/R000000013
Q000000002/2.222222/0000/R000000014
M000000015/1.000000/0000/Sigma_BB-189413541
R000000014/2.222222/0004/M000000015/R000000003
R000000017/1.234568/0059/R000000006
M000000019/1.000000/0000/Sigma_BB-28826737
R000000018/2.222222/0175/M000000019/R000000011
R000000018/2.222222/0290/M000000019/R000000011
R000000017/2.469136/0039/R000000018
R000000016/1.371742/0024/R000000017
R000000016/2.222222/0004/M000000015/R000000012
R000000014/2.635269/0004/R000000016/R000000013
Q000000003/3.854596/0000/R000000020
M000000023/1.000000/0000/Sigma_BB-101363249
R000000024/1.000000/0000/Guesstimate
R000000022/2.222222/0003/M000000023/R000000024
M000000025/1.000000/0000/Sigma_BB-187807983
R000000026/1.000000/0000/Guesstimate
R000000022/2.222222/0049/M000000025/R000000026
R000000021/2.469136/0041/R000000022
M000000028/1.000000/0000/Sigma_BB-28426399
R000000029/1.000000/0000/Guesstimate
R000000027/2.222222/0003/M000000028/R000000029
M000000031/1.000000/0000/Sigma_BB-28847158
R000000030/2.222222/0003/M000000031/R000000024
R000000032/1.000000/0000/Guesstimate
R000000030/2.222222/0003/M000000028/R000000032
R000000027/2.469136/0041/R000000030
R000000021/2.469136/0147/R000000027
R000000020/3.854596/0004/R000000021/R000000003
M000000035/1.000000/0000/Sigma_BB-68700039
M000000037/1.000000/0000/Sigma_BB-31286382
R000000036/1.111111/0086/M000000037
R000000036/1.111111/0091/M000000037
R000000034/2.345679/0175/M000000035/R000000036
M000000039/1.000000/0000/Sigma_BB-28981306
R000000038/1.111111/0198/M000000039
M000000040/1.000000/0000/Sigma_BB-128362448
R000000038/2.345679/0175/M000000040/R000000036
R000000041/1.000000/0000/Guesstimate
R000000034/2.345679/0175/R000000038/R000000041
R000000033/2.606310/0024/R000000034
R000000033/3.854596/0004/R000000021/R000000012
R000000020/4.007011/0004/R000000033/R000000013
<NEXT>