#
#  Reaction log file
#  Author: LigBuilder V3 User_Diana
#  Creation time: Sun Mar  1 05:10:36 2026
#  Format:
#  QueryMoleculeId/Cost/SynthesizeId/ReactantId1/ReactantId2/ReactantId3.....
#  Id prefix:
#  Q --- Query Molecule
#  M --- Material
#  R --- Reactant
#
Directory      result/synthesize_HsDHODH/238/DATABASE/
#
Q000000001/Analysis Failed
Q000000002/Analysis Failed
Q000000003/5.944217/0000/R000000001
M000000004/1.000000/0000/Sigma_BB-35362655
M000000006/1.000000/0000/Sigma_BB-27468255
R000000007/1.000000/0000/Guesstimate
R000000005/2.222222/0212/M000000006/R000000007
R000000005/2.222222/0212/M000000006/R000000007
R000000003/3.580247/0212/M000000004/R000000005
M000000009/1.000000/0000/Sigma_BB-358985805
R000000008/3.580247/0212/M000000009/R000000005
R000000008/3.580247/0212/M000000009/R000000005
R000000003/3.978053/0197/R000000008
M000000012/1.000000/0000/Sigma_BB-28764950
R000000011/1.111111/0197/M000000012
R000000010/1.234568/0086/R000000011
R000000010/1.234568/0091/R000000011
R000000002/5.349795/0174/R000000003/R000000010
M000000015/1.000000/0000/Sigma_BB-28513998
R000000016/1.000000/0000/Guesstimate
R000000014/2.222222/0004/M000000015/R000000016
M000000017/1.000000/0000/Sigma_BB-386044321
R000000018/1.000000/0000/Guesstimate
R000000014/2.222222/0274/M000000017/R000000018
R000000013/4.938272/0212/R000000014/R000000005
R000000019/3.580247/0212/R000000014/M000000006
R000000019/3.580247/0212/R000000014/M000000006
R000000013/5.089163/0212/R000000019/R000000007
R000000002/6.858711/0112/R000000013/R000000010
R000000001/5.944217/0028/R000000002
R000000021/1.000000/0000/Guesstimate
R000000020/5.089163/0174/R000000003/R000000021
R000000020/6.598080/0112/R000000013/R000000021
R000000022/1.000000/0000/Guesstimate
R000000001/6.765737/0012/R000000020/R000000022
<NEXT>