#
#  Reaction log file
#  Author: LigBuilder V3 User_Diana
#  Creation time: Sun Mar  1 05:10:44 2026
#  Format:
#  QueryMoleculeId/Cost/SynthesizeId/ReactantId1/ReactantId2/ReactantId3.....
#  Id prefix:
#  Q --- Query Molecule
#  M --- Material
#  R --- Reactant
#
Directory      result/synthesize_HsDHODH/241/DATABASE/
#
Q000000001/Analysis Failed
Q000000002/2.469136/0000/R000000001
M000000003/1.000000/0000/Sigma_BB-28705881
R000000004/1.000000/0000/Guesstimate
R000000002/2.222222/0119/M000000003/R000000004
M000000007/1.000000/0000/Sigma_BB-28835841
R000000008/1.000000/0000/Guesstimate
R000000006/2.222222/0119/M000000007/R000000008
R000000009/1.000000/0000/Guesstimate
R000000006/2.222222/0276/M000000007/R000000009
R000000005/2.469136/0024/R000000006
R000000011/1.000000/0000/Guesstimate
R000000010/2.222222/0119/M000000007/R000000011
R000000012/1.000000/0000/Guesstimate
R000000010/2.222222/0276/M000000007/R000000012
R000000005/2.469136/0040/R000000010
R000000002/2.743484/0239/R000000005
R000000001/2.469136/0153/R000000002
R000000014/1.000000/0000/Guesstimate
R000000013/2.222222/0119/M000000003/R000000014
R000000015/2.222222/0119/M000000007/R000000014
R000000015/2.743484/0091/R000000005
R000000013/2.469136/0239/R000000015
R000000001/2.469136/0154/R000000013
Q000000003/Analysis Failed
<NEXT>