#
#  Reaction log file
#  Author: LigBuilder V3 User_Diana
#  Creation time: Sun Mar  1 05:04:42 2026
#  Format:
#  QueryMoleculeId/Cost/SynthesizeId/ReactantId1/ReactantId2/ReactantId3.....
#  Id prefix:
#  Q --- Query Molecule
#  M --- Material
#  R --- Reactant
#
Directory      result/synthesize_HsDHODH/45/DATABASE/
#
Q000000001/5.502210/0000/R000000001
R000000005/1.000000/0000/Guesstimate
R000000004/1.111111/0288/R000000005
R000000003/1.234568/0295/R000000004
R000000006/1.000000/0000/Guesstimate
R000000002/2.482853/0224/R000000003/R000000006
R000000007/2.345679/0224/R000000004/R000000006
R000000008/2.222222/0224/R000000005/R000000006
R000000007/2.469136/0288/R000000008
R000000002/2.606310/0295/R000000007
R000000011/1.000000/0000/Guesstimate
M000000012/1.000000/0000/Sigma_BB-180896317
R000000010/2.222222/0279/R000000011/M000000012
R000000010/2.222222/0279/R000000011/M000000012
R000000009/2.469136/0294/R000000010
R000000013/2.469136/0228/R000000010
R000000013/2.469136/0286/R000000010
R000000009/2.743484/0296/R000000013
R000000001/5.502210/0256/R000000002/R000000009
R000000014/4.115227/0256/R000000003/R000000009
R000000017/1.000000/0000/Guesstimate
R000000016/2.345679/0301/R000000004/R000000017
R000000016/2.345679/0301/R000000004/R000000017
R000000015/2.606310/0295/R000000016
R000000020/1.000000/0000/Guesstimate
R000000019/2.222222/0279/M000000012/R000000020
R000000019/2.222222/0279/M000000012/R000000020
R000000018/2.469136/0294/R000000019
R000000021/2.469136/0228/R000000019
R000000021/2.469136/0286/R000000019
R000000018/2.743484/0296/R000000021
R000000014/5.639385/0301/R000000015/R000000018
R000000001/5.683586/0224/R000000014/R000000006
Q000000002/6.454152/0000/R000000022
R000000026/1.000000/0000/Guesstimate
R000000025/2.482853/0256/R000000003/R000000026
R000000024/2.758726/0155/R000000025
R000000031/1.000000/0000/Guesstimate
R000000030/2.482853/0004/R000000003/R000000031
R000000032/1.000000/0000/Guesstimate
R000000030/2.482853/0256/R000000003/R000000032
R000000029/2.758726/0228/R000000030
R000000029/2.758726/0286/R000000030
R000000028/3.065251/0156/R000000029
R000000033/1.000000/0000/Guesstimate
R000000027/4.516946/0212/R000000028/R000000033
R000000027/4.516946/0212/R000000028/R000000033
R000000024/5.018829/0188/R000000027
R000000036/1.000000/0000/Guesstimate
M000000037/1.000000/0000/Sigma_BB-28849573
R000000035/2.222222/0056/R000000036/M000000037
R000000034/2.469136/0155/R000000035
R000000039/1.000000/0000/Guesstimate
M000000040/1.000000/0000/Sigma_BB-187184637
R000000038/2.222222/0002/R000000039/M000000040
R000000038/2.222222/0004/R000000039/M000000040
R000000034/2.469136/0197/R000000038
R000000023/5.808736/0122/R000000024/R000000034
R000000041/3.854596/0122/R000000034/R000000033
R000000023/7.041610/0212/R000000030/R000000041
R000000022/6.454152/0294/R000000023
R000000045/1.000000/0000/Guesstimate
R000000044/4.007011/0112/R000000015/R000000045
R000000046/2.758726/0086/R000000030
R000000046/2.758726/0091/R000000030
R000000047/1.000000/0000/Guesstimate
R000000044/4.176363/0112/R000000046/R000000047
R000000043/4.452235/0147/R000000044
R000000049/1.111111/0040/R000000011
R000000050/1.000000/0000/Guesstimate
R000000049/2.222222/0004/R000000047/R000000050
R000000048/4.640403/0212/R000000028/R000000049
R000000048/4.640403/0212/R000000028/R000000049
R000000043/5.156003/0188/R000000048
R000000052/2.222222/0056/R000000026/M000000037
R000000052/2.469136/0041/R000000035
R000000051/2.469136/0219/R000000052
R000000053/8.300000/0000/Guesstimate
R000000051/9.222222/0139/R000000053
R000000042/7.690413/0279/R000000043/R000000051
R000000042/7.690413/0279/R000000043/R000000051
R000000022/8.544904/0294/R000000042
Q000000003/4.115227/0000/R000000014
Q000000004/4.115227/0000/R000000014
<NEXT>