#
#  Reaction log file
#  Author: LigBuilder V3 User_Diana
#  Creation time: Sun Mar  1 05:10:14 2026
#  Format:
#  QueryMoleculeId/Cost/SynthesizeId/ReactantId1/ReactantId2/ReactantId3.....
#  Id prefix:
#  Q --- Query Molecule
#  M --- Material
#  R --- Reactant
#
Directory      result/synthesize_HsDHODH/222/DATABASE/
#
Q000000001/4.420059/0000/R000000001
M000000004/1.000000/0000/Sigma_BB-28713004
R000000003/1.111111/0204/M000000004
R000000005/1.111111/0091/M000000004
R000000003/1.234568/0079/R000000005
M000000008/1.000000/0000/Sigma_BB-31286382
R000000009/1.000000/0000/Guesstimate
R000000007/2.222222/0004/M000000008/R000000009
R000000010/1.000000/0000/Guesstimate
R000000011/1.000000/0000/Guesstimate
R000000007/3.333333/0225/R000000010/R000000009/R000000011
R000000006/2.469136/0086/R000000007
R000000014/1.000000/0000/Guesstimate
R000000013/2.222222/0277/R000000014/R000000009
R000000015/1.000000/0000/Guesstimate
R000000013/2.222222/0301/R000000015/R000000009
R000000016/1.000000/0000/Guesstimate
R000000012/3.580247/0003/R000000013/R000000016
M000000018/1.000000/0000/Sigma_BB-30407107
R000000017/3.580247/0301/R000000013/M000000018
R000000017/3.580247/0301/R000000013/M000000018
R000000012/3.978053/0009/R000000017
R000000006/3.978053/0041/R000000012
R000000002/3.978053/0175/R000000003/R000000006
R000000020/1.234568/0287/R000000003
R000000021/1.000000/0000/Guesstimate
R000000019/2.482853/0004/R000000020/R000000021
R000000023/1.000000/0000/Guesstimate
R000000022/2.345679/0175/R000000003/R000000023
R000000022/2.345679/0290/R000000003/R000000023
R000000019/2.606310/0024/R000000022
R000000002/5.227862/0212/R000000019/R000000007
R000000001/4.420059/0041/R000000002
M000000026/1.000000/0000/Sigma_BB-137406470
R000000025/1.111111/0188/M000000026
R000000025/1.234568/0041/R000000003
R000000024/5.212621/0175/R000000025/R000000012
R000000027/3.703704/0175/R000000025/R000000013
R000000029/1.000000/0000/Guesstimate
R000000028/2.345679/0175/R000000025/R000000029
R000000028/2.345679/0290/R000000025/R000000029
R000000031/1.000000/0000/Guesstimate
R000000030/2.222222/0004/R000000031/R000000009
R000000030/3.580247/0275/R000000013/R000000011
R000000027/5.075447/0212/R000000028/R000000030
R000000024/5.226338/0003/R000000027/R000000016
R000000001/5.791801/0041/R000000024
Q000000002/2.469136/0000/R000000032
M000000034/1.000000/0000/Sigma_BB-68785271
R000000035/1.000000/0000/Guesstimate
R000000033/2.222222/0003/M000000034/R000000035
R000000037/1.111111/0093/M000000034
M000000038/1.000000/0000/Sigma_BB-31122802
R000000037/2.222222/0004/M000000038/R000000021
R000000036/1.234568/0085/R000000037
R000000036/2.222222/0004/M000000038/R000000031
R000000039/1.000000/0000/Guesstimate
R000000033/2.482853/0049/R000000036/R000000039
R000000032/2.469136/0099/R000000033
R000000041/1.000000/0000/Guesstimate
R000000040/2.222222/0003/M000000038/R000000041
M000000042/1.000000/0000/Sigma_BB-61877977
R000000043/2.222222/0004/R000000035/R000000031
R000000045/1.000000/0000/Guesstimate
R000000044/2.222222/0277/R000000035/R000000045
R000000046/1.000000/0000/Guesstimate
R000000044/2.222222/0301/R000000035/R000000046
R000000043/2.469136/0024/R000000044
R000000040/3.580247/0049/M000000042/R000000043
R000000032/2.469136/0099/R000000040
Q000000003/2.469136/0000/R000000032
Q000000004/2.469136/0000/R000000032
<NEXT>