#
#  Reaction log file
#  Author: LigBuilder V3 User_Diana
#  Creation time: Sun Mar  1 05:05:52 2026
#  Format:
#  QueryMoleculeId/Cost/SynthesizeId/ReactantId1/ReactantId2/ReactantId3.....
#  Id prefix:
#  Q --- Query Molecule
#  M --- Material
#  R --- Reactant
#
Directory      result/synthesize_HsDHODH/71/DATABASE/
#
Q000000001/4.159427/0000/R000000001
R000000005/1.000000/0000/Guesstimate
R000000006/1.000000/0000/Guesstimate
R000000004/2.222222/0159/R000000005/R000000006
R000000003/2.469136/0040/R000000004
R000000008/1.000000/0000/Guesstimate
R000000009/1.000000/0000/Guesstimate
R000000007/2.222222/0012/R000000008/R000000009
R000000010/1.000000/0000/Guesstimate
R000000011/1.000000/0000/Guesstimate
R000000007/2.222222/0112/R000000010/R000000011
R000000003/3.580247/0159/R000000007/R000000006
R000000002/2.743484/0153/R000000003
R000000012/2.743484/0091/R000000003
R000000014/1.000000/0000/Guesstimate
R000000013/2.222222/0012/R000000014/R000000009
R000000015/1.000000/0000/Guesstimate
R000000013/2.222222/0112/R000000015/R000000011
R000000012/3.580247/0159/R000000013/R000000006
R000000002/3.048316/0154/R000000012
R000000016/1.000000/0000/Guesstimate
R000000001/4.159427/0231/R000000002/R000000016
R000000020/1.000000/0000/Guesstimate
R000000021/1.000000/0000/Guesstimate
R000000019/2.222222/0224/R000000020/R000000021
R000000018/2.469136/0295/R000000019
R000000022/8.300000/0000/Guesstimate
R000000018/9.222222/0295/R000000022
R000000017/5.791801/0231/R000000002/R000000018
R000000001/6.435335/0279/R000000017
Q000000002/7.077404/0000/R000000023
R000000027/1.000000/0000/Guesstimate
R000000026/4.159427/0231/R000000002/R000000027
R000000028/1.000000/0000/Guesstimate
R000000025/5.732697/0175/R000000026/R000000028
R000000029/4.159427/0175/R000000002/R000000028
R000000029/4.159427/0290/R000000002/R000000028
R000000025/5.732697/0231/R000000029/R000000027
R000000024/6.369664/0125/R000000025
R000000024/7.480775/0112/R000000025/R000000011
R000000023/7.077404/0041/R000000024
R000000032/3.048316/0287/R000000002
R000000031/4.498129/0112/R000000032/R000000028
R000000034/1.000000/0000/Guesstimate
R000000033/4.498129/0004/R000000032/R000000034
R000000035/1.000000/0000/Guesstimate
R000000031/6.109032/0049/R000000033/R000000035
R000000037/1.111111/0125/R000000027
R000000037/2.222222/0112/R000000027/R000000011
R000000036/1.234568/0041/R000000037
R000000036/1.234568/0233/R000000037
R000000030/6.369664/0231/R000000031/R000000036
R000000023/7.077404/0147/R000000030
Q000000003/4.159427/0000/R000000001
<NEXT>