#
#  Reaction log file
#  Author: LigBuilder V3 User_Diana
#  Creation time: Sun Mar  1 05:12:52 2026
#  Format:
#  QueryMoleculeId/Cost/SynthesizeId/ReactantId1/ReactantId2/ReactantId3.....
#  Id prefix:
#  Q --- Query Molecule
#  M --- Material
#  R --- Reactant
#
Directory      result/synthesize_HsDHODH/298/DATABASE/
#
Q000000001/2.895900/0000/R000000001
R000000004/1.000000/0000/Guesstimate
M000000006/1.000000/0000/Sigma_BB-28836411
R000000005/1.111111/0091/M000000006
M000000007/1.000000/0000/Sigma_BB-159505581
R000000005/1.111111/0299/M000000007
R000000003/2.345679/0112/R000000004/R000000005
R000000009/1.000000/0000/Guesstimate
M000000010/1.000000/0000/Sigma_BB-112859307
R000000008/2.222222/0231/R000000009/M000000010
R000000003/2.469136/0082/R000000008
R000000002/2.606310/0041/R000000003
R000000011/2.469136/0041/R000000008
R000000013/1.000000/0000/Guesstimate
R000000012/2.222222/0231/R000000013/M000000010
R000000011/2.469136/0198/R000000012
R000000002/2.743484/0082/R000000011
R000000001/2.895900/0147/R000000002
M000000017/1.000000/0000/Sigma_BB-28427694
M000000018/1.000000/0000/Sigma_BB-243479451
R000000016/2.222222/0212/M000000017/M000000018
R000000016/2.222222/0212/M000000017/M000000018
R000000015/2.469136/0086/R000000016
R000000015/2.469136/0091/R000000016
R000000014/2.743484/0079/R000000015
R000000021/1.000000/0000/Guesstimate
M000000022/1.000000/0000/Sigma_BB-28711724
R000000020/2.222222/0175/R000000021/M000000022
R000000020/2.469136/0197/R000000016
R000000023/1.000000/0000/Guesstimate
R000000019/3.580247/0122/R000000020/R000000023
R000000025/1.000000/0000/Guesstimate
R000000024/3.580247/0212/R000000016/R000000025
R000000024/3.580247/0212/R000000016/R000000025
R000000019/3.978053/0139/R000000024
R000000014/3.978053/0082/R000000019
R000000001/3.048316/0041/R000000014
Q000000002/2.895900/0000/R000000001
Q000000003/4.589409/0000/R000000026
M000000031/1.000000/0000/Sigma_BB-30600041
R000000030/1.111111/0287/M000000031
M000000032/1.000000/0000/Sigma_BB-28775340
R000000033/1.000000/0000/Guesstimate
R000000030/2.222222/0274/M000000032/R000000033
R000000029/1.234568/0287/R000000030
M000000034/1.000000/0000/Sigma_BB-292998090
R000000029/2.222222/0274/M000000034/R000000033
R000000035/1.000000/0000/Guesstimate
R000000028/2.482853/0112/R000000029/R000000035
M000000038/1.000000/0000/Sigma_BB-28788714
R000000037/1.111111/0114/M000000038
M000000039/1.000000/0000/Sigma_BB-28838770
R000000037/1.111111/0287/M000000039
R000000036/2.345679/0274/R000000037/R000000033
R000000040/2.222222/0274/M000000039/R000000033
R000000036/2.469136/0287/R000000040
R000000041/1.000000/0000/Guesstimate
R000000028/3.717421/0112/R000000036/R000000041
R000000044/1.000000/0000/Guesstimate
R000000043/1.111111/0125/R000000044
R000000045/1.000000/0000/Guesstimate
R000000043/2.222222/0112/R000000045/R000000044
R000000042/1.234568/0040/R000000043
R000000047/1.000000/0000/Guesstimate
R000000046/2.222222/0004/R000000044/R000000047
R000000048/1.000000/0000/Guesstimate
R000000049/1.000000/0000/Guesstimate
R000000046/3.333333/0225/R000000044/R000000048/R000000049
R000000042/2.469136/0216/R000000046
R000000027/4.130468/0274/R000000028/R000000042
R000000052/1.000000/0000/Guesstimate
R000000051/2.482853/0112/R000000029/R000000052
R000000051/3.717421/0112/R000000036/R000000045
R000000050/2.758726/0041/R000000051
R000000053/1.000000/0000/Guesstimate
R000000050/3.717421/0112/R000000036/R000000053
R000000054/1.371742/0091/R000000042
R000000056/1.000000/0000/Guesstimate
R000000055/2.222222/0112/R000000056/R000000044
R000000054/2.469136/0197/R000000055
R000000027/4.589409/0275/R000000050/R000000054
R000000026/4.589409/0059/R000000027
R000000060/1.000000/0000/Guesstimate
R000000059/2.482853/0274/R000000060/R000000042
R000000061/1.000000/0000/Guesstimate
R000000059/2.635269/0275/R000000061/R000000054
R000000058/2.758726/0024/R000000059
R000000062/2.482853/0274/R000000042/R000000041
R000000062/2.635269/0275/R000000054/R000000053
R000000058/3.869837/0004/R000000047/R000000062
R000000057/4.436994/0004/R000000029/R000000058
R000000063/2.482853/0004/R000000029/R000000047
M000000066/1.000000/0000/Sigma_BB-28775339
R000000065/2.222222/0274/M000000066/R000000033
M000000068/1.000000/0000/Sigma_BB-28107504
R000000067/2.222222/0274/M000000068/R000000033
R000000065/2.469136/0197/R000000067
R000000069/1.000000/0000/Guesstimate
R000000064/3.580247/0175/R000000065/R000000069
R000000064/3.580247/0290/R000000065/R000000069
R000000063/3.978053/0024/R000000064
R000000057/5.517452/0004/R000000063/R000000062
R000000026/4.929993/0153/R000000057
<NEXT>