#
#  Reaction log file
#  Author: LigBuilder V3 User_Diana
#  Creation time: Sun Mar  1 05:10:11 2026
#  Format:
#  QueryMoleculeId/Cost/SynthesizeId/ReactantId1/ReactantId2/ReactantId3.....
#  Id prefix:
#  Q --- Query Molecule
#  M --- Material
#  R --- Reactant
#
Directory      result/synthesize_HsDHODH/221/DATABASE/
#
Q000000001/Analysis Failed
Q000000002/2.222222/0000/R000000001
R000000002/1.000000/0000/Guesstimate
M000000003/1.000000/0000/Sigma_BB-129041279
R000000001/2.222222/0004/R000000002/M000000003
R000000006/1.000000/0000/Guesstimate
M000000007/1.000000/0000/Sigma_BB-102139221
R000000005/2.222222/0175/R000000006/M000000007
R000000008/2.222222/0112/R000000006/M000000003
R000000008/2.222222/0174/R000000006/M000000007
R000000005/2.469136/0147/R000000008
R000000004/2.469136/0039/R000000005
R000000010/1.000000/0000/Guesstimate
R000000009/2.222222/0112/R000000010/M000000003
R000000009/2.469136/0039/R000000008
R000000004/2.469136/0147/R000000009
R000000001/2.743484/0024/R000000004
Q000000003/2.222222/0000/R000000001
<NEXT>