#
#  Reaction log file
#  Author: LigBuilder V3 User_Diana
#  Creation time: Sun Mar  1 05:12:08 2026
#  Format:
#  QueryMoleculeId/Cost/SynthesizeId/ReactantId1/ReactantId2/ReactantId3.....
#  Id prefix:
#  Q --- Query Molecule
#  M --- Material
#  R --- Reactant
#
Directory      result/synthesize_HsDHODH/291/DATABASE/
#
Q000000001/4.130468/0000/R000000001
M000000005/1.000000/0000/Sigma_BB-28836314
R000000004/1.111111/0125/M000000005
R000000006/1.000000/0000/Guesstimate
R000000004/2.222222/0112/M000000005/R000000006
M000000007/1.000000/0000/Sigma_BB-37328067
R000000003/2.345679/0119/R000000004/M000000007
R000000008/2.222222/0119/M000000005/M000000007
M000000009/1.000000/0000/Sigma_BB-28482863
R000000010/1.000000/0000/Guesstimate
R000000008/2.222222/0119/M000000009/R000000010
R000000003/3.580247/0112/R000000008/R000000006
R000000011/1.000000/0000/Guesstimate
R000000002/3.717421/0256/R000000003/R000000011
M000000014/1.000000/0000/Sigma_BB-238520503
R000000013/2.222222/0256/M000000014/R000000011
R000000012/2.469136/0153/R000000013
R000000016/1.000000/0000/Guesstimate
R000000015/2.222222/0112/M000000005/R000000016
M000000017/1.000000/0000/Sigma_BB-28760254
R000000015/2.222222/0174/M000000017/R000000016
R000000012/2.469136/0233/R000000015
R000000002/3.854596/0119/R000000012/M000000007
R000000001/4.130468/0024/R000000002
R000000020/1.000000/0000/Guesstimate
R000000019/3.854596/0119/R000000012/R000000020
R000000022/1.000000/0000/Guesstimate
R000000023/1.000000/0000/Guesstimate
R000000021/4.965707/0261/R000000012/R000000022/R000000023
R000000019/5.517452/0219/R000000021
R000000026/1.000000/0000/Guesstimate
R000000027/1.000000/0000/Guesstimate
R000000025/2.222222/0174/R000000026/R000000027
R000000025/2.222222/0289/R000000026/R000000027
R000000024/2.469136/0197/R000000025
R000000028/7.400000/0000/Guesstimate
R000000024/8.222222/0091/R000000028
R000000018/7.026369/0112/R000000019/R000000024
R000000031/1.000000/0000/Guesstimate
R000000030/3.854596/0112/R000000031/R000000024
R000000032/1.000000/0000/Guesstimate
R000000033/6.888889/0082/R000000034
R000000035/1.000000/0000/Guesstimate
R000000033/9.888888/0112/R000000035/R000000024
R000000030/8.765432/0012/R000000032/R000000033
R000000029/4.282884/0024/R000000030
R000000036/1.000000/0000/Guesstimate
R000000029/8.765432/0012/R000000036/R000000033
R000000018/7.502244/0119/R000000012/R000000029
R000000001/7.807076/0025/R000000018
Q000000002/4.741825/0000/R000000037
M000000042/1.000000/0000/Sigma_BB-28667670
R000000041/1.111111/0044/M000000042
R000000040/1.234568/0091/R000000041
R000000039/1.371742/0152/R000000040
R000000045/1.000000/0000/Guesstimate
R000000046/1.000000/0000/Guesstimate
R000000044/2.222222/0274/R000000045/R000000046
R000000047/1.000000/0000/Guesstimate
R000000048/1.000000/0000/Guesstimate
R000000044/2.222222/0274/R000000047/R000000048
R000000043/2.469136/0122/R000000044
R000000043/9.666667/0090/R000000049
R000000038/4.267642/0112/R000000039/R000000043
R000000051/1.234568/0152/R000000041
R000000051/1.234568/0152/R000000041
R000000050/1.371742/0197/R000000051
R000000052/8.600000/0000/Guesstimate
R000000050/9.555556/0152/R000000052
R000000054/3.854596/0112/R000000026/R000000043
R000000055/1.000000/0000/Guesstimate
R000000057/7.900000/0000/Guesstimate
R000000056/8.777778/0198/R000000057
R000000058/9.100000/0000/Guesstimate
R000000056/9.100000/0041/R000000058
R000000054/9.777778/0003/R000000055/R000000056
R000000053/4.282884/0197/R000000054
R000000060/1.000000/0000/Guesstimate
R000000059/3.854596/0301/R000000060/R000000043
R000000059/3.854596/0301/R000000060/R000000043
R000000053/4.282884/0260/R000000059
R000000038/6.282918/0112/R000000050/R000000053
R000000037/4.741825/0099/R000000038
R000000063/2.743484/0217/R000000043
R000000063/9.753086/0125/R000000056
R000000062/3.048316/0040/R000000063
R000000064/9.600000/0000/Guesstimate
R000000062/9.600000/0260/R000000064
R000000061/4.911176/0003/R000000050/R000000062
R000000065/1.524158/0079/R000000039
R000000066/1.000000/0000/Guesstimate
R000000065/2.635269/0112/R000000039/R000000066
R000000068/4.758760/0293/R000000053
R000000067/6.398623/0275/R000000068/R000000023
R000000069/1.000000/0000/Guesstimate
R000000067/9.777778/0004/R000000069/R000000056
R000000061/8.803090/0049/R000000065/R000000067
R000000037/5.456862/0099/R000000061
Q000000003/4.741825/0000/R000000037
Q000000004/Analysis Failed
<NEXT>