#
#  Reaction log file
#  Author: LigBuilder V3 User_Diana
#  Creation time: Sun Mar  1 05:05:59 2026
#  Format:
#  QueryMoleculeId/Cost/SynthesizeId/ReactantId1/ReactantId2/ReactantId3.....
#  Id prefix:
#  Q --- Query Molecule
#  M --- Material
#  R --- Reactant
#
Directory      result/synthesize_HsDHODH/79/DATABASE/
#
Q000000001/5.807042/0000/R000000001
R000000005/1.000000/0000/Guesstimate
R000000006/1.000000/0000/Guesstimate
R000000004/2.222222/0159/R000000005/R000000006
R000000003/2.469136/0040/R000000004
R000000008/1.000000/0000/Guesstimate
R000000009/1.000000/0000/Guesstimate
R000000007/2.222222/0012/R000000008/R000000009
R000000010/1.000000/0000/Guesstimate
R000000011/1.000000/0000/Guesstimate
R000000007/2.222222/0112/R000000010/R000000011
R000000003/3.580247/0159/R000000007/R000000006
R000000002/2.743484/0153/R000000003
R000000012/2.743484/0091/R000000003
R000000014/1.000000/0000/Guesstimate
R000000013/2.222222/0012/R000000014/R000000009
R000000015/1.000000/0000/Guesstimate
R000000013/2.222222/0112/R000000015/R000000011
R000000012/3.580247/0159/R000000013/R000000006
R000000002/3.048316/0154/R000000012
R000000019/1.000000/0000/Guesstimate
R000000018/1.111111/0125/R000000019
R000000018/2.222222/0112/R000000019/R000000011
R000000017/1.234568/0041/R000000018
R000000017/1.234568/0233/R000000018
R000000020/1.000000/0000/Guesstimate
R000000016/2.482853/0274/R000000017/R000000020
R000000023/1.000000/0000/Guesstimate
R000000022/2.222222/0004/R000000019/R000000023
R000000024/1.000000/0000/Guesstimate
R000000025/1.000000/0000/Guesstimate
R000000022/3.333333/0225/R000000019/R000000024/R000000025
R000000021/2.469136/0197/R000000022
R000000021/9.000001/0155/R000000017
R000000026/1.000000/0000/Guesstimate
R000000016/3.854596/0274/R000000021/R000000026
R000000001/5.807042/0231/R000000002/R000000016
R000000028/4.420059/0231/R000000002/R000000017
R000000027/4.911177/0155/R000000028
R000000027/5.791801/0231/R000000002/R000000021
R000000001/6.567974/0274/R000000027/R000000026
Q000000002/6.691431/0000/R000000029
R000000031/1.000000/0000/Guesstimate
R000000030/6.022288/0174/R000000028/R000000031
R000000033/3.048316/0287/R000000002
R000000032/4.758760/0231/R000000033/R000000017
R000000034/5.456863/0287/R000000027
R000000034/6.130503/0231/R000000033/R000000021
R000000032/7.174293/0274/R000000034/R000000025
R000000030/6.398623/0112/R000000032/R000000031
R000000029/6.691431/0147/R000000030
R000000037/4.159427/0231/R000000002/R000000019
R000000036/5.732697/0175/R000000037/R000000031
R000000038/4.159427/0175/R000000002/R000000031
R000000038/4.159427/0290/R000000002/R000000031
R000000036/5.732697/0231/R000000038/R000000019
R000000035/6.369664/0125/R000000036
R000000035/7.480775/0112/R000000036/R000000011
R000000029/7.077404/0041/R000000035
Q000000003/5.807042/0000/R000000001
<NEXT>