#
#  Reaction log file
#  Author: LigBuilder V3 User_Diana
#  Creation time: Sun Mar  1 05:10:32 2026
#  Format:
#  QueryMoleculeId/Cost/SynthesizeId/ReactantId1/ReactantId2/ReactantId3.....
#  Id prefix:
#  Q --- Query Molecule
#  M --- Material
#  R --- Reactant
#
Directory      result/synthesize_HsDHODH/250/DATABASE/
#
Q000000001/Analysis Failed
Q000000002/4.282884/0000/R000000001
M000000003/1.000000/0000/Sigma_BB-242783762
R000000006/1.000000/0000/Guesstimate
R000000007/1.000000/0000/Guesstimate
R000000005/2.222222/0004/R000000006/R000000007
R000000004/2.469136/0086/R000000005
R000000004/2.469136/0091/R000000005
R000000002/3.854596/0112/M000000003/R000000004
M000000009/1.000000/0000/Sigma_BB-243289341
R000000008/1.111111/0091/M000000009
R000000010/1.000000/0000/Guesstimate
R000000012/1.000000/0000/Guesstimate
R000000013/1.000000/0000/Guesstimate
R000000011/2.222222/0279/R000000012/R000000013
R000000011/2.222222/0279/R000000012/R000000013
R000000008/3.580247/0159/R000000010/R000000011
R000000014/2.469136/0197/R000000005
R000000014/2.469136/0197/R000000005
R000000002/3.978053/0112/R000000008/R000000014
R000000001/4.282884/0147/R000000002
R000000018/1.000000/0000/Guesstimate
R000000019/1.000000/0000/Guesstimate
R000000017/2.222222/0256/R000000018/R000000019
R000000020/1.000000/0000/Guesstimate
R000000021/1.000000/0000/Guesstimate
R000000017/2.222222/0256/R000000020/R000000021
R000000022/1.000000/0000/Guesstimate
R000000016/3.580247/0225/R000000017/R000000022
R000000016/3.580247/0225/R000000017/R000000022
R000000024/1.000000/0000/Guesstimate
R000000023/3.854596/0004/R000000024/R000000014
M000000026/1.000000/0000/Sigma_BB-28524129
R000000025/3.580247/0212/M000000026/R000000005
R000000025/3.580247/0212/M000000026/R000000005
R000000023/3.978053/0024/R000000025
R000000015/8.260937/0212/R000000016/R000000023
R000000015/8.260937/0212/R000000016/R000000023
R000000001/9.178819/0160/R000000015
Q000000003/4.282884/0000/R000000001
<NEXT>