#
#  Reaction log file
#  Author: LigBuilder V3 User_Diana
#  Creation time: Sun Mar  1 05:11:07 2026
#  Format:
#  QueryMoleculeId/Cost/SynthesizeId/ReactantId1/ReactantId2/ReactantId3.....
#  Id prefix:
#  Q --- Query Molecule
#  M --- Material
#  R --- Reactant
#
Directory      result/synthesize_HsDHODH/259/DATABASE/
#
Q000000001/2.758726/0000/R000000001
M000000005/1.000000/0000/Sigma_BB-244164693
R000000004/1.111111/0104/M000000005
R000000004/1.111111/0104/M000000005
R000000003/1.234568/0293/R000000004
R000000003/1.234568/0293/R000000004
R000000006/1.000000/0000/Guesstimate
R000000002/2.482853/0122/R000000003/R000000006
R000000009/1.000000/0000/Guesstimate
R000000008/2.482853/0004/R000000003/R000000009
R000000008/2.482853/0277/R000000003/R000000009
R000000007/2.758726/0009/R000000008
R000000011/1.000000/0000/Guesstimate
R000000010/2.482853/0122/R000000003/R000000011
R000000007/2.758726/0082/R000000010
R000000012/1.000000/0000/Guesstimate
R000000002/4.176363/0181/R000000007/R000000012
R000000001/2.758726/0160/R000000002
M000000016/1.000000/0000/Sigma_BB-28465307
R000000015/1.111111/0104/M000000016
R000000015/1.111111/0104/M000000016
R000000014/1.234568/0257/R000000015
R000000018/1.000000/0000/Guesstimate
R000000019/1.000000/0000/Guesstimate
R000000017/2.222222/0285/R000000018/R000000019
R000000014/2.469136/0285/R000000017
R000000013/2.482853/0122/R000000014/R000000006
R000000021/2.482853/0004/R000000014/R000000009
R000000021/2.482853/0277/R000000014/R000000009
R000000020/2.758726/0009/R000000021
R000000022/2.482853/0122/R000000014/R000000011
R000000020/2.758726/0082/R000000022
R000000013/4.176363/0181/R000000020/R000000012
R000000001/2.758726/0161/R000000013
Q000000002/2.758726/0000/R000000001
Q000000003/2.758726/0000/R000000001
<NEXT>