#
#  Reaction log file
#  Author: LigBuilder V3 User_Diana
#  Creation time: Sun Mar  1 05:11:55 2026
#  Format:
#  QueryMoleculeId/Cost/SynthesizeId/ReactantId1/ReactantId2/ReactantId3.....
#  Id prefix:
#  Q --- Query Molecule
#  M --- Material
#  R --- Reactant
#
Directory      result/synthesize_HsDHODH/267/DATABASE/
#
Q000000001/5.654626/0000/R000000001
R000000005/1.000000/0000/Guesstimate
M000000006/1.000000/0000/Sigma_BB-28764581
R000000004/2.222222/0012/R000000005/M000000006
R000000004/2.222222/0285/R000000005/M000000006
R000000007/1.000000/0000/Guesstimate
R000000003/3.580247/0159/R000000004/R000000007
R000000008/1.000000/0000/Guesstimate
R000000002/5.089163/0003/R000000003/R000000008
R000000011/1.000000/0000/Guesstimate
R000000010/2.222222/0012/R000000011/M000000006
R000000010/2.222222/0285/R000000011/M000000006
R000000009/3.580247/0159/R000000010/R000000007
R000000014/1.000000/0000/Guesstimate
R000000013/2.222222/0004/R000000014/R000000008
R000000015/1.000000/0000/Guesstimate
R000000016/1.000000/0000/Guesstimate
R000000013/3.333333/0225/R000000008/R000000015/R000000016
R000000012/2.469136/0197/R000000013
R000000002/6.721537/0112/R000000009/R000000012
R000000001/5.654626/0099/R000000002
R000000018/3.978053/0197/R000000003
R000000020/1.111111/0125/R000000008
R000000021/1.000000/0000/Guesstimate
R000000020/2.222222/0112/R000000021/R000000008
R000000019/1.234568/0040/R000000020
R000000022/2.469136/0093/R000000013
M000000023/1.000000/0000/Sigma_BB-28247348
R000000022/3.580247/0212/M000000023/R000000013
R000000019/2.743484/0073/R000000022
R000000017/5.791801/0003/R000000018/R000000019
R000000024/5.089163/0112/R000000009/R000000015
R000000024/5.531170/0112/R000000018/R000000021
R000000026/1.000000/0000/Guesstimate
R000000025/2.222222/0004/R000000026/R000000008
R000000025/2.469136/0085/R000000013
R000000017/8.123762/0049/R000000024/R000000025
R000000001/6.435335/0099/R000000017
Q000000002/5.654626/0000/R000000027
R000000031/1.000000/0000/Guesstimate
R000000030/2.222222/0012/R000000005/R000000031
R000000030/2.222222/0285/R000000005/R000000031
R000000029/3.580247/0159/R000000030/R000000007
R000000028/5.089163/0003/R000000029/R000000008
R000000033/2.222222/0012/R000000011/R000000031
R000000033/2.222222/0285/R000000011/R000000031
R000000032/3.580247/0159/R000000033/R000000007
R000000028/6.721537/0112/R000000032/R000000012
R000000027/5.654626/0099/R000000028
R000000035/3.978053/0197/R000000029
R000000036/9.500000/0000/Guesstimate
R000000035/9.500000/0287/R000000036
R000000034/5.791801/0003/R000000035/R000000019
R000000037/3.978053/0079/R000000032
R000000037/5.089163/0112/R000000032/R000000015
R000000034/6.889194/0049/R000000037/R000000025
R000000027/6.435335/0099/R000000034
Q000000003/7.315958/0000/R000000038
R000000042/1.000000/0000/Guesstimate
R000000041/2.222222/0159/R000000042/R000000007
R000000043/1.000000/0000/Guesstimate
R000000045/1.000000/0000/Guesstimate
R000000046/1.000000/0000/Guesstimate
R000000044/2.222222/0279/R000000045/R000000046
R000000044/2.222222/0279/R000000045/R000000046
R000000041/3.580247/0159/R000000043/R000000044
M000000048/1.000000/0000/Sigma_BB-28830366
R000000047/1.111111/0086/M000000048
R000000047/1.111111/0091/M000000048
R000000040/3.703704/0175/R000000041/R000000047
R000000050/1.000000/0000/Guesstimate
R000000049/2.222222/0003/R000000014/R000000050
R000000051/1.000000/0000/Guesstimate
M000000052/1.000000/0000/Sigma_BB-243346225
R000000049/2.222222/0112/R000000051/M000000052
R000000040/4.938272/0159/R000000049/R000000044
R000000039/6.584363/0049/R000000040/R000000025
R000000053/4.938272/0049/R000000041/R000000025
R000000054/7.700000/0000/Guesstimate
R000000056/1.000000/0000/Guesstimate
R000000055/2.222222/0112/R000000056/R000000008
R000000057/1.371742/0091/R000000019
R000000058/1.000000/0000/Guesstimate
R000000055/2.635269/0112/R000000057/R000000058
R000000053/9.922222/0175/R000000054/R000000055
R000000039/6.721537/0175/R000000053/R000000047
R000000038/7.315958/0099/R000000039
R000000061/1.000000/0000/Guesstimate
R000000060/6.598080/0224/R000000053/R000000061
R000000063/1.000000/0000/Guesstimate
R000000062/6.598080/0224/R000000053/R000000063
R000000060/7.331201/0300/R000000062
R000000059/8.565768/0175/R000000060/R000000047
R000000059/8.565768/0290/R000000060/R000000047
R000000038/9.517521/0150/R000000059
Q000000004/8.145779/0000/R000000064
R000000066/5.486969/0099/R000000053
R000000066/7.331201/0150/R000000060
R000000067/1.111111/0087/M000000048
R000000068/1.111111/0085/M000000048
R000000067/1.234568/0086/R000000068
R000000065/7.331201/0175/R000000066/R000000067
R000000065/7.331201/0290/R000000066/R000000067
R000000064/8.145779/0028/R000000065
M000000072/1.000000/0000/Sigma_BB-28764950
R000000071/1.111111/0197/M000000072
R000000070/1.234568/0086/R000000071
R000000070/1.234568/0091/R000000071
R000000069/7.468375/0175/R000000066/R000000070
R000000069/7.468375/0290/R000000066/R000000070
R000000064/8.298194/0028/R000000069
<NEXT>