#
#  Reaction log file
#  Author: LigBuilder V3 User_Diana
#  Creation time: Sun Mar  1 05:11:39 2026
#  Format:
#  QueryMoleculeId/Cost/SynthesizeId/ReactantId1/ReactantId2/ReactantId3.....
#  Id prefix:
#  Q --- Query Molecule
#  M --- Material
#  R --- Reactant
#
Directory      result/synthesize_HsDHODH/281/DATABASE/
#
Q000000001/2.758726/0000/R000000001
M000000005/1.000000/0000/Sigma_BB-117234245
R000000004/1.111111/0222/M000000005
R000000003/1.234568/0166/R000000004
R000000007/1.000000/0000/Guesstimate
R000000006/2.345679/0173/R000000004/R000000007
R000000008/1.000000/0000/Guesstimate
R000000006/2.345679/0175/R000000004/R000000008
R000000003/2.606310/0168/R000000006
R000000009/1.000000/0000/Guesstimate
R000000002/2.482853/0285/R000000003/R000000009
R000000001/2.758726/0024/R000000002
R000000013/1.000000/0000/Guesstimate
R000000012/2.345679/0175/R000000004/R000000013
R000000012/2.345679/0290/R000000004/R000000013
R000000011/2.606310/0295/R000000012
R000000016/1.000000/0000/Guesstimate
R000000017/1.000000/0000/Guesstimate
R000000015/2.222222/0174/R000000016/R000000017
R000000015/2.222222/0289/R000000016/R000000017
R000000014/2.469136/0197/R000000015
R000000018/7.400000/0000/Guesstimate
R000000014/8.222222/0091/R000000018
R000000010/5.639385/0112/R000000011/R000000014
R000000019/6.888889/0082/R000000020
R000000019/9.888888/0112/R000000007/R000000014
R000000010/9.026064/0012/R000000003/R000000019
R000000001/6.265983/0025/R000000010
Q000000002/2.758726/0000/R000000001
Q000000003/2.758726/0000/R000000001
<NEXT>