#
#  Reaction log file
#  Author: LigBuilder V3 User_Diana
#  Creation time: Sun Mar  1 05:12:33 2026
#  Format:
#  QueryMoleculeId/Cost/SynthesizeId/ReactantId1/ReactantId2/ReactantId3.....
#  Id prefix:
#  Q --- Query Molecule
#  M --- Material
#  R --- Reactant
#
Directory      result/synthesize_HsDHODH/297/DATABASE/
#
Q000000001/4.007011/0000/R000000001
M000000005/1.000000/0000/Sigma_BB-70668271
R000000004/1.111111/0295/M000000005
R000000006/1.000000/0000/Guesstimate
R000000003/2.345679/0274/R000000004/R000000006
R000000008/1.000000/0000/Guesstimate
R000000007/2.345679/0274/R000000004/R000000008
R000000009/2.222222/0274/M000000005/R000000008
R000000007/2.469136/0295/R000000009
R000000010/1.000000/0000/Guesstimate
R000000003/3.717421/0301/R000000007/R000000010
R000000002/2.606310/0188/R000000003
R000000011/1.000000/0000/Guesstimate
R000000002/3.717421/0122/R000000007/R000000011
R000000012/1.000000/0000/Guesstimate
R000000001/4.007011/0004/R000000002/R000000012
R000000015/1.000000/0000/Guesstimate
R000000016/1.000000/0000/Guesstimate
R000000014/2.222222/0003/R000000015/R000000016
M000000018/1.000000/0000/Sigma_BB-28832833
M000000019/1.000000/0000/Sigma_BB-28778979
R000000017/2.222222/0212/M000000018/M000000019
R000000017/2.222222/0212/M000000018/M000000019
R000000014/2.469136/0009/R000000017
R000000013/5.075447/0122/R000000007/R000000014
R000000020/3.717421/0003/R000000007/R000000015
R000000021/2.606310/0118/R000000007
R000000022/1.000000/0000/Guesstimate
R000000021/3.717421/0112/R000000007/R000000022
R000000023/1.000000/0000/Guesstimate
R000000020/4.007011/0049/R000000021/R000000023
R000000013/5.241580/0122/R000000020/R000000016
R000000001/5.639385/0024/R000000013
Q000000002/2.895900/0000/R000000024
M000000028/1.000000/0000/Sigma_BB-62645431
R000000027/1.111111/0155/M000000028
M000000029/1.000000/0000/Sigma_BB-129062434
R000000027/1.111111/0197/M000000029
R000000030/1.000000/0000/Guesstimate
R000000026/2.345679/0119/R000000027/R000000030
R000000031/2.222222/0119/M000000028/R000000030
R000000032/1.000000/0000/Guesstimate
R000000031/2.222222/0276/M000000028/R000000032
R000000026/2.469136/0155/R000000031
R000000025/2.606310/0082/R000000026
M000000035/1.000000/0000/Sigma_BB-28777424
R000000036/1.000000/0000/Guesstimate
R000000034/2.222222/0301/M000000035/R000000036
R000000034/2.222222/0301/M000000035/R000000036
R000000033/2.469136/0125/R000000034
R000000033/3.580247/0112/R000000034/R000000022
R000000025/2.743484/0039/R000000033
R000000024/2.895900/0041/R000000025
R000000037/2.743484/0041/R000000033
M000000039/1.000000/0000/Sigma_BB-28995386
R000000041/1.000000/0000/Guesstimate
R000000042/1.000000/0000/Guesstimate
R000000040/2.222222/0004/R000000041/R000000042
R000000043/1.000000/0000/Guesstimate
R000000044/1.000000/0000/Guesstimate
R000000040/3.333333/0225/R000000041/R000000043/R000000044
R000000038/3.580247/0212/M000000039/R000000040
R000000045/3.854596/0274/R000000033/R000000044
R000000038/4.282884/0041/R000000045
R000000037/3.978053/0155/R000000038
R000000024/3.048316/0039/R000000037
Q000000003/2.895900/0000/R000000024
Q000000004/2.895900/0000/R000000024
<NEXT>