#
#  Reaction log file
#  Author: LigBuilder V3 User_Diana
#  Creation time: Sun Mar  1 05:10:31 2026
#  Format:
#  QueryMoleculeId/Cost/SynthesizeId/ReactantId1/ReactantId2/ReactantId3.....
#  Id prefix:
#  Q --- Query Molecule
#  M --- Material
#  R --- Reactant
#
Directory      result/synthesize_HsDHODH/251/DATABASE/
#
Q000000001/2.758726/0000/R000000001
M000000005/1.000000/0000/Sigma_BB-101873875
R000000004/1.111111/0125/M000000005
R000000006/1.000000/0000/Guesstimate
R000000004/2.222222/0112/M000000005/R000000006
R000000003/1.234568/0040/R000000004
R000000007/1.000000/0000/Guesstimate
R000000002/2.482853/0003/R000000003/R000000007
R000000009/1.000000/0000/Guesstimate
R000000008/2.222222/0004/M000000005/R000000009
R000000011/1.000000/0000/Guesstimate
R000000010/2.222222/0004/M000000005/R000000011
R000000013/1.000000/0000/Guesstimate
R000000012/2.222222/0003/M000000005/R000000013
R000000012/2.345679/0049/R000000004/R000000009
R000000010/2.469136/0040/R000000012
R000000008/2.469136/0085/R000000010
R000000014/1.000000/0000/Guesstimate
R000000002/3.580247/0049/R000000008/R000000014
R000000001/2.758726/0099/R000000002
R000000017/1.000000/0000/Guesstimate
R000000016/2.345679/0012/R000000004/R000000017
R000000019/1.371742/0153/R000000003
M000000021/1.000000/0000/Sigma_BB-312848336
R000000022/1.000000/0000/Guesstimate
R000000020/2.222222/0231/M000000021/R000000022
R000000019/2.469136/0198/R000000020
R000000023/1.000000/0000/Guesstimate
R000000018/2.635269/0231/R000000019/R000000023
R000000025/2.469136/0041/R000000012
R000000025/2.469136/0233/R000000012
R000000024/2.743484/0139/R000000025
R000000027/1.000000/0000/Guesstimate
R000000026/3.580247/0224/R000000012/R000000027
R000000024/3.978053/0150/R000000026
R000000018/4.159427/0279/R000000024/R000000023
R000000016/2.928077/0079/R000000018
R000000015/3.717421/0012/R000000016/R000000017
R000000029/1.000000/0000/Guesstimate
R000000028/2.635269/0231/R000000019/R000000029
R000000030/3.580247/0231/R000000020/R000000029
R000000028/3.978053/0198/R000000030
R000000015/4.039188/0112/R000000028/R000000006
R000000001/4.130468/0041/R000000015
Q000000002/Analysis Failed
Q000000003/Analysis Failed
<NEXT>