#
#  Reaction log file
#  Author: LigBuilder V3 User_Diana
#  Creation time: Sun Mar  1 05:06:19 2026
#  Format:
#  QueryMoleculeId/Cost/SynthesizeId/ReactantId1/ReactantId2/ReactantId3.....
#  Id prefix:
#  Q --- Query Molecule
#  M --- Material
#  R --- Reactant
#
Directory      result/synthesize_HsDHODH/82/DATABASE/
#
Q000000001/7.163543/0000/R000000001
R000000005/1.000000/0000/Guesstimate
R000000006/1.000000/0000/Guesstimate
R000000004/2.222222/0012/R000000005/R000000006
R000000007/1.000000/0000/Guesstimate
R000000008/1.000000/0000/Guesstimate
R000000004/2.222222/0279/R000000007/R000000008
R000000009/1.000000/0000/Guesstimate
R000000003/3.580247/0159/R000000004/R000000009
R000000002/3.978053/0153/R000000003
R000000012/1.000000/0000/Guesstimate
R000000011/2.222222/0012/R000000012/R000000006
R000000013/1.000000/0000/Guesstimate
R000000011/2.222222/0279/R000000013/R000000008
R000000010/3.580247/0159/R000000011/R000000009
R000000002/3.978053/0154/R000000010
R000000016/1.000000/0000/Guesstimate
R000000017/1.000000/0000/Guesstimate
R000000015/2.222222/0112/R000000016/R000000017
R000000019/1.000000/0000/Guesstimate
R000000018/2.222222/0112/R000000016/R000000019
R000000015/2.469136/0147/R000000018
R000000014/2.469136/0147/R000000015
R000000021/1.000000/0000/Guesstimate
R000000020/2.222222/0003/R000000016/R000000021
R000000022/1.111111/0125/R000000016
R000000023/1.000000/0000/Guesstimate
R000000022/2.222222/0112/R000000016/R000000023
R000000024/1.000000/0000/Guesstimate
R000000020/2.345679/0049/R000000022/R000000024
R000000014/2.469136/0147/R000000020
R000000001/7.163543/0231/R000000002/R000000014
R000000028/1.000000/0000/Guesstimate
R000000027/2.222222/0004/R000000016/R000000028
R000000029/1.000000/0000/Guesstimate
R000000030/1.000000/0000/Guesstimate
R000000027/3.333333/0225/R000000016/R000000029/R000000030
R000000026/2.469136/0197/R000000027
R000000031/2.469136/0233/R000000015
R000000031/2.469136/0258/R000000015
R000000026/2.743484/0155/R000000031
R000000025/7.163543/0231/R000000002/R000000026
R000000001/7.959492/0300/R000000025
Q000000002/9.483650/0000/R000000032
R000000036/1.000000/0000/Guesstimate
R000000035/2.222222/0004/R000000016/R000000036
R000000035/2.469136/0040/R000000020
M000000038/1.000000/0000/Sigma_BB-28764950
R000000037/1.111111/0197/M000000038
R000000034/3.703704/0212/R000000035/R000000037
R000000034/3.703704/0212/R000000035/R000000037
R000000033/8.535285/0231/R000000002/R000000034
R000000032/9.483650/0028/R000000033
M000000042/1.000000/0000/Sigma_BB-28830366
R000000041/1.111111/0085/M000000042
R000000040/3.703704/0212/R000000035/R000000041
R000000040/3.703704/0212/R000000035/R000000041
R000000039/8.535285/0231/R000000002/R000000040
R000000032/9.483650/0028/R000000039
Q000000003/Analysis Failed
<NEXT>