#
#  Reaction log file
#  Author: LigBuilder V3 User_Diana
#  Creation time: Sun Mar  1 05:09:31 2026
#  Format:
#  QueryMoleculeId/Cost/SynthesizeId/ReactantId1/ReactantId2/ReactantId3.....
#  Id prefix:
#  Q --- Query Molecule
#  M --- Material
#  R --- Reactant
#
Directory      result/synthesize_HsDHODH/211/DATABASE/
#
Q000000001/3.978053/0000/R000000001
M000000003/1.000000/0000/Sigma_BB-31122802
R000000005/1.000000/0000/Guesstimate
R000000006/1.000000/0000/Guesstimate
R000000004/2.222222/0004/R000000005/R000000006
R000000008/2.469136/0086/R000000004
R000000008/2.469136/0091/R000000004
R000000007/2.743484/0079/R000000008
M000000010/1.000000/0000/Sigma_BB-28778979
R000000009/3.580247/0212/R000000004/M000000010
R000000009/3.580247/0212/R000000004/M000000010
R000000007/3.978053/0009/R000000009
R000000004/3.048316/0040/R000000007
R000000002/3.580247/0003/M000000003/R000000004
M000000011/1.000000/0000/Sigma_BB-61877977
R000000013/2.469136/0197/R000000004
R000000013/2.469136/0197/R000000004
R000000014/1.000000/0000/Guesstimate
R000000012/3.854596/0004/R000000013/R000000014
R000000016/1.000000/0000/Guesstimate
R000000015/3.854596/0277/R000000013/R000000016
R000000017/1.000000/0000/Guesstimate
R000000015/3.854596/0301/R000000013/R000000017
R000000012/4.282884/0024/R000000015
R000000002/5.393995/0049/M000000011/R000000012
R000000001/3.978053/0099/R000000002
M000000019/1.000000/0000/Sigma_BB-68785271
R000000018/3.854596/0003/M000000019/R000000013
R000000021/1.111111/0093/M000000019
R000000022/1.000000/0000/Guesstimate
R000000021/2.222222/0004/M000000003/R000000022
R000000020/1.234568/0085/R000000021
R000000020/2.222222/0004/M000000003/R000000014
R000000018/4.420059/0049/R000000020/R000000007
R000000001/4.282884/0099/R000000018
Q000000002/3.580247/0000/R000000023
R000000025/1.000000/0000/Guesstimate
R000000024/2.222222/0004/R000000022/R000000025
R000000028/1.000000/0000/Guesstimate
R000000029/1.000000/0000/Guesstimate
R000000027/2.222222/0122/R000000028/R000000029
R000000027/2.222222/0122/R000000028/R000000029
R000000026/2.469136/0039/R000000027
R000000031/1.000000/0000/Guesstimate
R000000032/1.000000/0000/Guesstimate
R000000030/2.222222/0012/R000000031/R000000032
R000000033/1.000000/0000/Guesstimate
R000000030/2.222222/0095/R000000016/R000000033
R000000026/2.469136/0041/R000000030
R000000024/2.743484/0024/R000000026
R000000034/1.000000/0000/Guesstimate
R000000023/3.580247/0004/R000000024/R000000034
R000000035/2.222222/0004/R000000022/R000000034
R000000038/1.000000/0000/Guesstimate
R000000037/2.222222/0112/R000000038/R000000034
R000000036/2.469136/0147/R000000037
R000000040/1.000000/0000/Guesstimate
R000000039/2.222222/0003/R000000040/R000000034
R000000036/2.469136/0153/R000000039
R000000035/2.743484/0024/R000000036
R000000023/3.580247/0004/R000000035/R000000025
Q000000003/3.580247/0000/R000000023
<NEXT>