#
#  Reaction log file
#  Author: LigBuilder V3 User_Diana
#  Creation time: Sun Mar  1 05:11:55 2026
#  Format:
#  QueryMoleculeId/Cost/SynthesizeId/ReactantId1/ReactantId2/ReactantId3.....
#  Id prefix:
#  Q --- Query Molecule
#  M --- Material
#  R --- Reactant
#
Directory      result/synthesize_HsDHODH/277/DATABASE/
#
Q000000001/7.163543/0000/R000000001
R000000005/1.000000/0000/Guesstimate
R000000006/1.000000/0000/Guesstimate
R000000004/2.222222/0276/R000000005/R000000006
R000000004/2.222222/0278/R000000005/R000000006
R000000007/1.000000/0000/Guesstimate
R000000003/3.580247/0012/R000000004/R000000007
M000000009/1.000000/0000/Sigma_BB-28792542
R000000008/3.580247/0285/R000000004/M000000009
R000000003/3.978053/0079/R000000008
R000000011/1.000000/0000/Guesstimate
R000000012/1.000000/0000/Guesstimate
R000000010/2.222222/0003/R000000011/R000000012
R000000013/1.000000/0000/Guesstimate
R000000014/1.000000/0000/Guesstimate
R000000010/2.222222/0112/R000000013/R000000014
R000000002/6.447188/0276/R000000003/R000000010
R000000015/4.938272/0276/R000000004/R000000010
R000000016/3.580247/0276/R000000005/R000000010
R000000016/3.580247/0278/R000000005/R000000010
R000000015/5.089163/0276/R000000016/R000000006
R000000002/6.598080/0012/R000000015/R000000007
R000000001/7.163543/0159/R000000002
M000000020/1.000000/0000/Sigma_BB-28762337
R000000019/5.089163/0012/R000000016/M000000020
R000000019/5.089163/0285/R000000016/M000000020
R000000018/5.654626/0159/R000000019
R000000017/7.394029/0276/R000000018/R000000006
R000000017/7.394029/0278/R000000018/R000000006
R000000021/1.000000/0000/Guesstimate
R000000001/9.326700/0212/R000000017/R000000021
Q000000002/7.331201/0000/R000000022
R000000024/1.000000/0000/Guesstimate
R000000023/6.598080/0012/R000000015/R000000024
R000000026/3.580247/0276/R000000004/R000000011
R000000026/3.580247/0278/R000000004/R000000011
R000000025/5.089163/0012/R000000026/R000000024
R000000028/1.000000/0000/Guesstimate
R000000027/5.089163/0285/R000000026/R000000028
R000000025/5.654626/0079/R000000027
R000000023/6.765737/0003/R000000025/R000000012
R000000022/7.331201/0159/R000000023
R000000029/1.000000/0000/Guesstimate
R000000033/1.000000/0000/Guesstimate
R000000034/1.000000/0000/Guesstimate
R000000032/2.222222/0285/R000000033/R000000034
R000000036/1.000000/0000/Guesstimate
R000000035/2.222222/0012/R000000036/R000000034
R000000037/1.000000/0000/Guesstimate
R000000038/1.000000/0000/Guesstimate
R000000035/2.222222/0112/R000000037/R000000038
R000000031/4.938272/0279/R000000032/R000000035
R000000031/4.938272/0279/R000000032/R000000035
R000000030/6.598080/0276/R000000006/R000000031
R000000030/6.598080/0278/R000000006/R000000031
R000000022/8.442311/0159/R000000029/R000000030
Q000000003/7.331201/0000/R000000022
<NEXT>