#
#  Reaction log file
#  Author: LigBuilder V3 User_Diana
#  Creation time: Sun Mar  1 05:12:16 2026
#  Format:
#  QueryMoleculeId/Cost/SynthesizeId/ReactantId1/ReactantId2/ReactantId3.....
#  Id prefix:
#  Q --- Query Molecule
#  M --- Material
#  R --- Reactant
#
Directory      result/synthesize_HsDHODH/290/DATABASE/
#
Q000000001/Analysis Failed
Q000000002/4.130468/0000/R000000001
M000000005/1.000000/0000/Sigma_BB-28836314
R000000004/1.111111/0125/M000000005
R000000006/1.000000/0000/Guesstimate
R000000004/2.222222/0112/M000000005/R000000006
M000000007/1.000000/0000/Sigma_BB-37328067
R000000003/2.345679/0119/R000000004/M000000007
R000000008/2.222222/0119/M000000005/M000000007
M000000009/1.000000/0000/Sigma_BB-28482863
R000000010/1.000000/0000/Guesstimate
R000000008/2.222222/0119/M000000009/R000000010
R000000003/3.580247/0112/R000000008/R000000006
R000000011/1.000000/0000/Guesstimate
R000000002/3.717421/0256/R000000003/R000000011
M000000014/1.000000/0000/Sigma_BB-238520503
R000000013/2.222222/0256/M000000014/R000000011
R000000012/2.469136/0153/R000000013
R000000016/1.000000/0000/Guesstimate
R000000015/2.222222/0112/M000000005/R000000016
M000000017/1.000000/0000/Sigma_BB-28760254
R000000015/2.222222/0174/M000000017/R000000016
R000000012/2.469136/0233/R000000015
R000000002/3.854596/0119/R000000012/M000000007
R000000001/4.130468/0024/R000000002
R000000020/1.000000/0000/Guesstimate
R000000019/3.854596/0119/R000000012/R000000020
R000000022/1.000000/0000/Guesstimate
R000000023/1.000000/0000/Guesstimate
R000000021/4.965707/0261/R000000012/R000000022/R000000023
R000000019/5.517452/0219/R000000021
R000000026/1.000000/0000/Guesstimate
R000000027/1.000000/0000/Guesstimate
R000000025/2.222222/0174/R000000026/R000000027
R000000025/2.222222/0289/R000000026/R000000027
R000000024/2.469136/0197/R000000025
R000000028/7.400000/0000/Guesstimate
R000000024/8.222222/0091/R000000028
R000000018/7.026369/0112/R000000019/R000000024
R000000031/1.000000/0000/Guesstimate
R000000030/3.854596/0112/R000000031/R000000024
R000000032/1.000000/0000/Guesstimate
R000000033/6.888889/0082/R000000034
R000000035/1.000000/0000/Guesstimate
R000000033/9.888888/0112/R000000035/R000000024
R000000030/8.765432/0012/R000000032/R000000033
R000000029/4.282884/0024/R000000030
R000000036/1.000000/0000/Guesstimate
R000000029/8.765432/0012/R000000036/R000000033
R000000018/7.502244/0119/R000000012/R000000029
R000000001/7.807076/0025/R000000018
Q000000003/4.130468/0000/R000000001
<NEXT>