#
#  Reaction log file
#  Author: LigBuilder V3 User_Diana
#  Creation time: Sun Mar  1 05:10:46 2026
#  Format:
#  QueryMoleculeId/Cost/SynthesizeId/ReactantId1/ReactantId2/ReactantId3.....
#  Id prefix:
#  Q --- Query Molecule
#  M --- Material
#  R --- Reactant
#
Directory      result/synthesize_HsDHODH/232/DATABASE/
#
Q000000001/8.335828/0000/R000000001
R000000005/1.000000/0000/Guesstimate
R000000006/1.000000/0000/Guesstimate
R000000004/2.222222/0158/R000000005/R000000006
R000000004/2.222222/0158/R000000005/R000000006
R000000003/2.469136/0188/R000000004
R000000008/1.000000/0000/Guesstimate
R000000007/2.222222/0158/R000000005/R000000008
R000000007/2.222222/0158/R000000005/R000000008
R000000003/2.469136/0188/R000000007
R000000011/1.000000/0000/Guesstimate
R000000014/1.000000/0000/Guesstimate
M000000015/1.000000/0000/Sigma_BB-28783418
R000000013/2.222222/0174/R000000014/M000000015
R000000013/2.222222/0289/R000000014/M000000015
R000000012/2.469136/0233/R000000013
R000000012/2.469136/0258/R000000013
R000000010/3.854596/0274/R000000011/R000000012
R000000009/4.282884/0059/R000000010
M000000019/1.000000/0000/Sigma_BB-28792337
R000000018/2.222222/0174/M000000019/M000000015
R000000018/2.222222/0289/M000000019/M000000015
R000000017/2.469136/0233/R000000018
R000000017/2.469136/0258/R000000018
R000000016/3.854596/0274/R000000011/R000000017
R000000009/4.282884/0154/R000000016
R000000002/7.502244/0301/R000000003/R000000009
R000000002/7.502244/0301/R000000003/R000000009
R000000001/8.335828/0160/R000000002
Q000000002/8.335828/0000/R000000001
Q000000003/8.335828/0000/R000000001
<NEXT>