#
#  Reaction log file
#  Author: LigBuilder V3 User_Diana
#  Creation time: Sun Mar  1 05:11:57 2026
#  Format:
#  QueryMoleculeId/Cost/SynthesizeId/ReactantId1/ReactantId2/ReactantId3.....
#  Id prefix:
#  Q --- Query Molecule
#  M --- Material
#  R --- Reactant
#
Directory      result/synthesize_HsDHODH/270/DATABASE/
#
Q000000001/7.315958/0000/R000000001
R000000004/1.000000/0000/Guesstimate
R000000006/1.000000/0000/Guesstimate
R000000007/1.000000/0000/Guesstimate
R000000005/2.222222/0301/R000000006/R000000007
R000000005/2.222222/0301/R000000006/R000000007
R000000003/3.580247/0012/R000000004/R000000005
R000000009/1.000000/0000/Guesstimate
R000000008/3.580247/0285/R000000009/R000000005
R000000003/3.978053/0079/R000000008
M000000012/1.000000/0000/Sigma_BB-27556005
R000000011/1.111111/0280/M000000012
R000000013/1.000000/0000/Guesstimate
R000000011/1.111111/0283/R000000013
R000000014/1.000000/0000/Guesstimate
R000000010/2.345679/0224/R000000011/R000000014
R000000016/1.000000/0000/Guesstimate
R000000015/2.345679/0224/R000000011/R000000016
R000000010/2.606310/0260/R000000015
R000000002/6.584363/0159/R000000003/R000000010
R000000017/5.212621/0159/R000000003/R000000011
R000000018/8.300000/0000/Guesstimate
M000000020/1.000000/0000/Sigma_BB-28827589
R000000019/1.111111/0086/M000000020
R000000019/1.111111/0091/M000000020
R000000017/9.411112/0174/R000000018/R000000019
R000000002/6.902912/0224/R000000017/R000000014
R000000001/7.315958/0147/R000000002
R000000023/1.000000/0000/Guesstimate
R000000022/3.717421/0159/R000000023/R000000010
R000000025/1.000000/0000/Guesstimate
R000000024/2.222222/0004/R000000025/R000000007
R000000027/1.000000/0000/Guesstimate
R000000026/2.222222/0277/R000000027/R000000007
R000000028/1.000000/0000/Guesstimate
R000000026/2.222222/0301/R000000028/R000000007
R000000024/2.469136/0024/R000000026
R000000021/6.599605/0049/R000000022/R000000024
R000000001/7.332894/0147/R000000021
Q000000002/5.654626/0000/R000000029
M000000033/1.000000/0000/Sigma_BB-27721412
R000000032/2.222222/0231/R000000023/M000000033
R000000034/1.000000/0000/Guesstimate
R000000031/3.580247/0159/R000000032/R000000034
M000000035/1.000000/0000/Sigma_BB-161374276
R000000037/1.000000/0000/Guesstimate
R000000038/1.000000/0000/Guesstimate
R000000036/2.222222/0279/R000000037/R000000038
R000000036/2.222222/0279/R000000037/R000000038
R000000031/3.580247/0159/M000000035/R000000036
R000000039/1.000000/0000/Guesstimate
R000000030/5.089163/0138/R000000031/R000000039
R000000042/1.000000/0000/Guesstimate
R000000041/2.222222/0301/R000000006/R000000042
R000000041/2.222222/0301/R000000006/R000000042
R000000044/1.000000/0000/Guesstimate
M000000045/1.000000/0000/Sigma_BB-31122954
R000000043/2.222222/0003/R000000044/M000000045
M000000046/1.000000/0000/Sigma_BB-199611737
R000000043/2.222222/0049/M000000046/R000000025
R000000040/4.938272/0012/R000000041/R000000043
R000000047/3.580247/0012/R000000041/R000000004
R000000047/3.580247/0285/R000000041/R000000004
R000000040/5.089163/0231/R000000047/M000000033
R000000030/6.598080/0159/R000000040/R000000034
R000000029/5.654626/0099/R000000030
R000000049/2.222222/0004/R000000025/R000000042
M000000051/1.000000/0000/Sigma_BB-28516749
R000000052/1.000000/0000/Guesstimate
R000000050/2.222222/0170/M000000051/R000000052
R000000050/2.222222/0277/R000000027/R000000042
R000000049/2.469136/0024/R000000050
R000000048/6.447188/0049/R000000031/R000000049
R000000029/7.163543/0099/R000000048
Q000000003/5.654626/0000/R000000029
Q000000004/5.654626/0000/R000000029
<NEXT>