#
#  Reaction log file
#  Author: LigBuilder V3 User_Diana
#  Creation time: Sun Mar  1 05:11:06 2026
#  Format:
#  QueryMoleculeId/Cost/SynthesizeId/ReactantId1/ReactantId2/ReactantId3.....
#  Id prefix:
#  Q --- Query Molecule
#  M --- Material
#  R --- Reactant
#
Directory      result/synthesize_HsDHODH/262/DATABASE/
#
Q000000001/5.365036/0000/R000000001
M000000005/1.000000/0000/Sigma_BB-28810964
R000000004/1.111111/0287/M000000005
R000000006/1.000000/0000/Guesstimate
M000000007/1.000000/0000/Sigma_BB-28426400
R000000004/2.222222/0004/R000000006/M000000007
R000000008/1.000000/0000/Guesstimate
R000000003/2.345679/0119/R000000004/R000000008
R000000010/1.000000/0000/Guesstimate
M000000011/1.000000/0000/Sigma_BB-326697832
R000000009/2.222222/0112/R000000010/M000000011
R000000012/1.000000/0000/Guesstimate
R000000009/2.222222/0112/R000000012/M000000007
R000000003/2.469136/0233/R000000009
R000000013/1.000000/0000/Guesstimate
R000000014/1.000000/0000/Guesstimate
R000000002/4.828533/0225/R000000003/R000000013/R000000014
R000000016/1.000000/0000/Guesstimate
R000000015/2.222222/0004/R000000016/R000000013
R000000017/1.000000/0000/Guesstimate
R000000015/3.333333/0225/R000000017/R000000013/R000000014
R000000002/5.075447/0169/R000000003/R000000015
R000000001/5.365036/0024/R000000002
R000000020/1.000000/0000/Guesstimate
R000000019/3.580247/0169/R000000020/R000000015
R000000022/1.000000/0000/Guesstimate
R000000021/3.333333/0225/R000000022/R000000013/R000000014
R000000019/3.703704/0039/R000000021
R000000018/3.978053/0024/R000000019
R000000025/1.000000/0000/Guesstimate
R000000024/3.333333/0225/R000000025/R000000013/R000000014
R000000024/3.580247/0169/R000000025/R000000015
R000000027/1.000000/0000/Guesstimate
R000000026/1.111111/0287/R000000027
R000000023/4.938272/0112/R000000024/R000000026
R000000028/2.345679/0112/R000000025/R000000026
R000000029/7.900000/0000/Guesstimate
R000000030/1.000000/0000/Guesstimate
R000000028/9.888888/0112/R000000029/R000000030
R000000023/5.075447/0169/R000000028/R000000015
R000000018/5.486969/0025/R000000023
R000000001/5.531170/0004/R000000018/M000000007
Q000000002/3.580247/0000/R000000031
M000000033/1.000000/0000/Sigma_BB-28783818
R000000032/2.222222/0004/M000000033/M000000007
M000000035/1.000000/0000/Sigma_BB-30664943
R000000034/3.333333/0261/M000000035/R000000016/R000000008
R000000034/3.717421/0169/R000000003/R000000016
R000000032/3.703704/0024/R000000034
R000000031/3.580247/0001/R000000032/R000000016
R000000038/1.000000/0000/Guesstimate
R000000037/3.333333/0261/M000000035/R000000038/R000000008
R000000039/2.606310/0155/R000000003
R000000037/4.007011/0274/R000000039/R000000038
R000000036/3.703704/0024/R000000037
R000000042/1.000000/0000/Guesstimate
R000000041/2.222222/0274/R000000042/R000000038
R000000043/1.000000/0000/Guesstimate
R000000041/3.333333/0261/R000000043/R000000038/R000000008
R000000040/2.469136/0024/R000000041
R000000045/1.000000/0000/Guesstimate
R000000044/3.717421/0275/R000000028/R000000045
R000000046/1.000000/0000/Guesstimate
R000000044/9.888888/0112/R000000029/R000000046
R000000040/4.130468/0025/R000000044
R000000036/3.854596/0004/R000000040/M000000007
R000000031/5.226338/0003/R000000036/R000000016
Q000000003/3.580247/0000/R000000031
<NEXT>