#
#  Reaction log file
#  Author: LigBuilder V3 User_Diana
#  Creation time: Sun Mar  1 05:11:41 2026
#  Format:
#  QueryMoleculeId/Cost/SynthesizeId/ReactantId1/ReactantId2/ReactantId3.....
#  Id prefix:
#  Q --- Query Molecule
#  M --- Material
#  R --- Reactant
#
Directory      result/synthesize_HsDHODH/266/DATABASE/
#
Q000000001/7.315958/0000/R000000001
R000000005/1.000000/0000/Guesstimate
R000000006/1.000000/0000/Guesstimate
R000000004/2.222222/0159/R000000005/R000000006
R000000007/1.000000/0000/Guesstimate
R000000009/1.000000/0000/Guesstimate
R000000010/1.000000/0000/Guesstimate
R000000008/2.222222/0279/R000000009/R000000010
R000000008/2.222222/0279/R000000009/R000000010
R000000004/3.580247/0159/R000000007/R000000008
M000000012/1.000000/0000/Sigma_BB-28827589
R000000011/1.111111/0086/M000000012
R000000011/1.111111/0091/M000000012
R000000003/3.703704/0175/R000000004/R000000011
R000000014/1.000000/0000/Guesstimate
R000000015/1.000000/0000/Guesstimate
R000000013/2.222222/0003/R000000014/R000000015
R000000016/1.000000/0000/Guesstimate
R000000017/1.000000/0000/Guesstimate
R000000013/2.222222/0049/R000000016/R000000017
R000000003/4.938272/0159/R000000013/R000000008
R000000019/1.000000/0000/Guesstimate
R000000020/1.000000/0000/Guesstimate
R000000018/2.222222/0004/R000000019/R000000020
R000000021/2.222222/0004/R000000014/R000000020
R000000022/1.000000/0000/Guesstimate
R000000023/1.000000/0000/Guesstimate
R000000021/3.333333/0225/R000000020/R000000022/R000000023
R000000018/2.469136/0085/R000000021
R000000002/6.584363/0049/R000000003/R000000018
R000000024/4.938272/0049/R000000004/R000000018
R000000025/7.700000/0000/Guesstimate
R000000027/1.000000/0000/Guesstimate
R000000026/2.222222/0112/R000000027/R000000020
R000000024/9.922222/0175/R000000025/R000000026
R000000002/6.721537/0175/R000000024/R000000011
R000000001/7.315958/0099/R000000002
R000000031/2.469136/0114/R000000004
R000000032/1.000000/0000/Guesstimate
R000000031/3.580247/0159/R000000032/R000000008
R000000030/5.212621/0049/R000000031/R000000018
R000000029/5.791801/0099/R000000030
R000000033/1.000000/0000/Guesstimate
R000000028/7.546446/0003/R000000029/R000000033
R000000034/6.435335/0118/R000000029
R000000035/1.000000/0000/Guesstimate
R000000034/7.546446/0112/R000000029/R000000035
R000000038/1.000000/0000/Guesstimate
R000000037/1.111111/0228/R000000038
R000000039/1.000000/0000/Guesstimate
R000000040/1.000000/0000/Guesstimate
R000000037/2.222222/0277/R000000039/R000000040
R000000036/1.234568/0024/R000000037
R000000036/2.222222/0004/R000000019/R000000040
R000000028/8.522115/0049/R000000034/R000000036
R000000001/8.384940/0147/R000000028
Q000000002/7.315958/0000/R000000001
Q000000003/5.654626/0000/R000000041
R000000045/1.000000/0000/Guesstimate
R000000046/1.000000/0000/Guesstimate
R000000044/2.222222/0012/R000000045/R000000046
R000000044/2.222222/0285/R000000045/R000000046
R000000043/3.580247/0159/R000000044/R000000006
R000000048/1.000000/0000/Guesstimate
R000000047/3.580247/0159/R000000048/R000000008
R000000049/1.000000/0000/Guesstimate
R000000047/3.580247/0175/R000000004/R000000049
R000000043/3.978053/0040/R000000047
R000000042/5.089163/0003/R000000043/R000000020
R000000051/3.978053/0093/R000000043
R000000052/3.978053/0197/R000000043
R000000053/8.555555/0287/R000000025
R000000052/9.555555/0175/R000000053/R000000049
R000000051/5.531170/0004/R000000052/R000000014
R000000050/4.420059/0085/R000000051
R000000050/5.531170/0004/R000000052/R000000019
R000000054/2.222222/0112/R000000035/R000000020
R000000056/1.000000/0000/Guesstimate
R000000055/2.222222/0004/R000000056/R000000020
R000000054/2.469136/0009/R000000055
R000000042/7.380312/0049/R000000050/R000000054
R000000041/5.654626/0099/R000000042
R000000057/6.447188/0049/R000000047/R000000018
R000000058/2.469136/0040/R000000054
R000000059/2.469136/0154/R000000026
R000000058/2.743484/0024/R000000059
R000000057/7.163543/0003/R000000052/R000000058
R000000041/7.163543/0099/R000000057
<NEXT>