#
#  Reaction log file
#  Author: LigBuilder V3 User_Diana
#  Creation time: Sun Mar  1 05:10:28 2026
#  Format:
#  QueryMoleculeId/Cost/SynthesizeId/ReactantId1/ReactantId2/ReactantId3.....
#  Id prefix:
#  Q --- Query Molecule
#  M --- Material
#  R --- Reactant
#
Directory      result/synthesize_HsDHODH/218/DATABASE/
#
Q000000001/4.572474/0000/R000000001
M000000005/1.000000/0000/Sigma_BB-245488313
R000000004/1.111111/0222/M000000005
M000000006/1.000000/0000/Sigma_BB-244167158
R000000004/1.111111/0299/M000000006
R000000003/1.234568/0104/R000000004
R000000003/1.234568/0104/R000000004
R000000009/1.000000/0000/Guesstimate
M000000010/1.000000/0000/Sigma_BB-30407107
R000000008/2.222222/0274/R000000009/M000000010
R000000012/1.000000/0000/Guesstimate
R000000013/1.000000/0000/Guesstimate
R000000011/2.222222/0274/R000000012/R000000013
R000000014/1.000000/0000/Guesstimate
R000000011/2.222222/0274/R000000009/R000000014
R000000015/1.000000/0000/Guesstimate
R000000008/3.580247/0004/R000000011/R000000015
R000000007/2.469136/0009/R000000008
R000000017/1.000000/0000/Guesstimate
R000000016/2.222222/0274/R000000012/R000000017
R000000018/1.000000/0000/Guesstimate
R000000016/2.222222/0274/R000000009/R000000018
R000000007/2.469136/0079/R000000016
R000000002/4.115227/0256/R000000003/R000000007
R000000021/1.000000/0000/Guesstimate
R000000020/2.482853/0256/R000000003/R000000021
R000000019/2.758726/0155/R000000020
R000000023/1.000000/0000/Guesstimate
R000000022/2.482853/0256/R000000003/R000000023
R000000019/2.758726/0197/R000000022
R000000002/4.176363/0274/R000000019/R000000009
R000000001/4.572474/0160/R000000002
R000000027/1.000000/0000/Guesstimate
R000000028/1.000000/0000/Guesstimate
R000000026/2.222222/0256/R000000027/R000000028
R000000029/1.000000/0000/Guesstimate
R000000025/3.580247/0225/R000000026/R000000029
R000000025/3.580247/0225/R000000026/R000000029
R000000031/1.000000/0000/Guesstimate
R000000030/3.580247/0004/R000000011/R000000031
R000000033/1.000000/0000/Guesstimate
R000000032/3.580247/0277/R000000011/R000000033
R000000034/1.000000/0000/Guesstimate
R000000032/3.580247/0301/R000000011/R000000034
R000000030/3.978053/0024/R000000032
R000000024/7.956105/0212/R000000025/R000000030
R000000024/7.956105/0212/R000000025/R000000030
R000000001/8.840117/0160/R000000024
Q000000002/4.572474/0000/R000000001
Q000000003/2.635269/0000/R000000035
M000000039/1.000000/0000/Sigma_BB-112859315
R000000038/1.111111/0287/M000000039
R000000037/1.234568/0302/R000000038
R000000036/1.371742/0197/R000000037
M000000042/1.000000/0000/Sigma_BB-180894508
R000000043/1.000000/0000/Guesstimate
R000000041/2.222222/0231/M000000042/R000000043
R000000040/2.469136/0294/R000000041
R000000045/1.000000/0000/Guesstimate
R000000044/2.222222/0231/M000000042/R000000045
R000000040/2.469136/0294/R000000044
R000000036/2.743484/0239/R000000040
R000000035/2.635269/0004/R000000036/R000000015
R000000049/1.000000/0000/Guesstimate
R000000048/3.854596/0112/R000000040/R000000049
R000000047/4.282884/0059/R000000048
R000000050/3.854596/0004/R000000040/R000000015
R000000051/1.000000/0000/Guesstimate
R000000047/5.393995/0119/R000000050/R000000051
R000000046/4.758760/0239/R000000047
R000000035/5.287512/0024/R000000046
<NEXT>