#
#  Reaction log file
#  Author: LigBuilder V3 User_Diana
#  Creation time: Sun Mar  1 05:11:43 2026
#  Format:
#  QueryMoleculeId/Cost/SynthesizeId/ReactantId1/ReactantId2/ReactantId3.....
#  Id prefix:
#  Q --- Query Molecule
#  M --- Material
#  R --- Reactant
#
Directory      result/synthesize_HsDHODH/282/DATABASE/
#
Q000000001/Analysis Failed
Q000000002/Analysis Failed
Q000000003/7.468375/0000/R000000001
M000000005/1.000000/0000/Sigma_BB-183143251
R000000006/1.000000/0000/Guesstimate
R000000004/2.222222/0112/M000000005/R000000006
R000000007/8.100000/0000/Guesstimate
R000000004/9.000001/0082/R000000007
R000000008/1.000000/0000/Guesstimate
R000000003/3.580247/0285/R000000004/R000000008
R000000009/1.000000/0000/Guesstimate
R000000003/9.100000/0279/R000000007/R000000009
R000000002/3.978053/0294/R000000003
R000000012/1.000000/0000/Guesstimate
R000000011/2.222222/0004/M000000005/R000000012
M000000014/1.000000/0000/Sigma_BB-28247348
R000000013/1.111111/0087/M000000014
R000000015/1.000000/0000/Guesstimate
R000000013/2.222222/0004/R000000012/R000000015
R000000010/3.703704/0212/R000000011/R000000013
R000000010/3.703704/0212/R000000011/R000000013
R000000002/4.115227/0296/R000000010
R000000019/1.000000/0000/Guesstimate
R000000020/1.000000/0000/Guesstimate
R000000018/2.222222/0224/R000000019/R000000020
R000000017/2.469136/0285/R000000018
R000000016/2.743484/0041/R000000017
R000000016/2.743484/0233/R000000017
R000000001/7.468375/0275/R000000002/R000000016
R000000024/1.000000/0000/Guesstimate
R000000025/1.000000/0000/Guesstimate
R000000023/2.222222/0224/R000000024/R000000025
R000000022/2.469136/0295/R000000023
R000000021/7.163543/0275/R000000002/R000000022
R000000001/7.959492/0279/R000000021
Q000000004/Analysis Failed
<NEXT>