#
#  Reaction log file
#  Author: LigBuilder V3 User_Diana
#  Creation time: Sun Mar  1 05:07:27 2026
#  Format:
#  QueryMoleculeId/Cost/SynthesizeId/ReactantId1/ReactantId2/ReactantId3.....
#  Id prefix:
#  Q --- Query Molecule
#  M --- Material
#  R --- Reactant
#
Directory      result/synthesize_HsDHODH/125/DATABASE/
#
Q000000001/2.758726/0000/R000000001
M000000003/1.000000/0000/Sigma_BB-68785271
R000000006/1.000000/0000/Guesstimate
R000000005/1.111111/0198/R000000006
R000000007/1.000000/0000/Guesstimate
R000000008/1.000000/0000/Guesstimate
R000000005/2.222222/0274/R000000007/R000000008
R000000004/1.234568/0155/R000000005
R000000010/1.000000/0000/Guesstimate
R000000011/1.000000/0000/Guesstimate
R000000009/2.222222/0004/R000000010/R000000011
M000000012/1.000000/0000/Sigma_BB-34700957
R000000013/1.000000/0000/Guesstimate
R000000009/2.222222/0274/M000000012/R000000013
R000000004/2.469136/0197/R000000009
R000000002/2.482853/0003/M000000003/R000000004
R000000015/1.111111/0093/M000000003
M000000016/1.000000/0000/Sigma_BB-31122802
R000000017/1.000000/0000/Guesstimate
R000000015/2.222222/0004/M000000016/R000000017
R000000014/1.234568/0085/R000000015
R000000018/1.000000/0000/Guesstimate
R000000014/2.222222/0004/M000000016/R000000018
R000000020/2.469136/0086/R000000009
R000000020/2.469136/0091/R000000009
R000000019/2.743484/0079/R000000020
R000000022/1.000000/0000/Guesstimate
R000000021/2.482853/0004/R000000004/R000000022
M000000023/1.000000/0000/Sigma_BB-28778979
R000000021/3.580247/0212/R000000009/M000000023
R000000019/2.758726/0009/R000000021
R000000002/4.420059/0049/R000000014/R000000019
R000000001/2.758726/0099/R000000002
R000000024/3.580247/0003/M000000016/R000000009
M000000025/1.000000/0000/Sigma_BB-61877977
R000000026/2.482853/0004/R000000004/R000000018
R000000028/1.000000/0000/Guesstimate
R000000027/2.482853/0277/R000000004/R000000028
R000000029/1.000000/0000/Guesstimate
R000000027/2.482853/0301/R000000004/R000000029
R000000026/2.758726/0024/R000000027
R000000024/3.869837/0049/M000000025/R000000026
R000000001/3.978053/0099/R000000024
Q000000002/3.978053/0000/R000000030
R000000033/1.000000/0000/Guesstimate
R000000032/2.222222/0012/M000000025/R000000033
R000000035/1.000000/0000/Guesstimate
R000000034/2.222222/0012/M000000025/R000000035
R000000034/2.222222/0146/M000000025/R000000035
R000000032/2.469136/0059/R000000034
R000000031/3.580247/0049/R000000032/R000000018
M000000038/1.000000/0000/Sigma_BB-31122909
R000000039/1.000000/0000/Guesstimate
R000000037/2.222222/0231/M000000038/R000000039
R000000036/2.469136/0059/R000000037
R000000041/1.000000/0000/Guesstimate
R000000040/2.222222/0003/M000000016/R000000041
R000000040/2.222222/0049/M000000025/R000000018
R000000042/1.000000/0000/Guesstimate
R000000036/3.580247/0122/R000000040/R000000042
R000000043/1.000000/0000/Guesstimate
R000000031/3.854596/0112/R000000036/R000000043
R000000030/3.978053/0041/R000000031
R000000046/1.000000/0000/Guesstimate
R000000045/2.222222/0012/M000000025/R000000046
R000000045/2.469136/0041/R000000034
R000000044/3.580247/0049/R000000045/R000000018
R000000049/1.000000/0000/Guesstimate
R000000048/2.222222/0231/M000000038/R000000049
R000000047/3.580247/0003/R000000048/R000000041
R000000051/1.000000/0000/Guesstimate
R000000050/2.222222/0012/M000000025/R000000051
R000000050/2.222222/0146/M000000025/R000000051
R000000047/3.580247/0049/R000000050/R000000018
R000000052/1.000000/0000/Guesstimate
R000000044/5.089163/0011/R000000047/R000000052
R000000030/3.978053/0059/R000000044
Q000000003/2.758726/0000/R000000053
R000000057/1.000000/0000/Guesstimate
R000000056/1.111111/0118/R000000057
R000000056/2.222222/0112/R000000057/R000000043
R000000055/1.234568/0041/R000000056
R000000059/1.000000/0000/Guesstimate
R000000058/1.111111/0198/R000000059
R000000060/1.000000/0000/Guesstimate
R000000058/1.111111/0198/R000000060
R000000055/1.234568/0155/R000000058
R000000054/2.482853/0003/M000000003/R000000055
R000000062/1.000000/0000/Guesstimate
R000000061/2.222222/0011/R000000062/R000000052
R000000063/2.482853/0004/R000000055/R000000022
R000000063/2.482853/0277/R000000055/R000000022
R000000061/2.758726/0009/R000000063
R000000054/3.840878/0049/R000000014/R000000061
R000000053/2.758726/0099/R000000054
R000000066/1.000000/0000/Guesstimate
R000000065/2.222222/0012/M000000025/R000000066
R000000067/1.000000/0000/Guesstimate
R000000065/3.580247/0112/R000000048/R000000067
R000000064/3.580247/0049/R000000065/R000000018
R000000068/3.580247/0122/R000000040/R000000057
R000000068/3.580247/0122/R000000040/R000000057
R000000064/5.089163/0112/R000000068/R000000043
R000000053/3.978053/0041/R000000064
<NEXT>