#
#  Reaction log file
#  Author: LigBuilder V3 User_Diana
#  Creation time: Sun Mar  1 05:12:07 2026
#  Format:
#  QueryMoleculeId/Cost/SynthesizeId/ReactantId1/ReactantId2/ReactantId3.....
#  Id prefix:
#  Q --- Query Molecule
#  M --- Material
#  R --- Reactant
#
Directory      result/synthesize_HsDHODH/292/DATABASE/
#
Q000000001/Analysis Failed
Q000000002/6.145744/0000/R000000001
R000000006/1.000000/0000/Guesstimate
R000000007/1.000000/0000/Guesstimate
R000000005/2.222222/0301/R000000006/R000000007
R000000005/2.222222/0301/R000000006/R000000007
M000000008/1.000000/0000/Sigma_BB-137806813
R000000004/3.580247/0285/R000000005/M000000008
R000000003/3.978053/0204/R000000004
R000000010/1.000000/0000/Guesstimate
R000000011/1.000000/0000/Guesstimate
R000000009/2.222222/0003/R000000010/R000000011
R000000012/1.000000/0000/Guesstimate
R000000013/1.000000/0000/Guesstimate
R000000009/2.222222/0049/R000000012/R000000013
R000000003/4.938272/0012/R000000005/R000000009
R000000014/1.000000/0000/Guesstimate
R000000002/5.531170/0159/R000000003/R000000014
R000000017/1.000000/0000/Guesstimate
R000000016/2.222222/0159/R000000017/R000000014
R000000018/1.000000/0000/Guesstimate
R000000020/1.000000/0000/Guesstimate
R000000021/1.000000/0000/Guesstimate
R000000019/2.222222/0279/R000000020/R000000021
R000000019/2.222222/0279/R000000020/R000000021
R000000016/3.580247/0159/R000000018/R000000019
R000000022/1.000000/0000/Guesstimate
R000000015/3.580247/0175/R000000016/R000000022
R000000024/1.000000/0000/Guesstimate
R000000025/1.000000/0000/Guesstimate
R000000023/2.222222/0003/R000000024/R000000025
R000000026/1.000000/0000/Guesstimate
R000000027/1.000000/0000/Guesstimate
R000000023/2.222222/0049/R000000026/R000000027
R000000015/4.938272/0159/R000000023/R000000019
R000000029/1.000000/0000/Guesstimate
R000000031/1.000000/0000/Guesstimate
R000000032/1.000000/0000/Guesstimate
R000000030/2.222222/0225/R000000031/R000000032
R000000028/3.580247/0212/R000000029/R000000030
R000000028/3.580247/0212/R000000029/R000000030
R000000002/7.956105/0138/R000000015/R000000028
R000000001/6.145744/0099/R000000002
R000000034/2.222222/0004/R000000013/R000000007
R000000036/1.000000/0000/Guesstimate
R000000035/2.222222/0277/R000000036/R000000007
R000000037/1.000000/0000/Guesstimate
R000000035/2.222222/0301/R000000037/R000000007
R000000034/2.469136/0024/R000000035
R000000033/6.447188/0049/R000000015/R000000034
R000000039/3.978053/0041/R000000015
R000000039/3.978053/0233/R000000015
R000000038/4.420059/0155/R000000039
R000000040/2.469136/0086/R000000030
R000000040/2.469136/0091/R000000030
R000000033/7.654661/0112/R000000038/R000000040
R000000001/7.163543/0099/R000000033
Q000000003/Analysis Failed
<NEXT>