#
#  Reaction log file
#  Author: LigBuilder V3 User_Diana
#  Creation time: Sun Mar  1 05:06:54 2026
#  Format:
#  QueryMoleculeId/Cost/SynthesizeId/ReactantId1/ReactantId2/ReactantId3.....
#  Id prefix:
#  Q --- Query Molecule
#  M --- Material
#  R --- Reactant
#
Directory      result/synthesize_HsDHODH/108/DATABASE/
#
Q000000001/3.854596/0000/R000000001
R000000004/1.000000/0000/Guesstimate
M000000005/1.000000/0000/Sigma_BB-31058715
R000000003/2.222222/0169/R000000004/M000000005
R000000007/1.000000/0000/Guesstimate
R000000006/2.222222/0169/R000000007/M000000005
R000000008/1.000000/0000/Guesstimate
R000000006/2.222222/0274/R000000008/M000000005
R000000003/2.469136/0039/R000000006
R000000002/2.469136/0024/R000000003
R000000011/1.000000/0000/Guesstimate
R000000010/2.222222/0169/R000000011/M000000005
R000000012/1.000000/0000/Guesstimate
R000000010/2.222222/0274/R000000012/M000000005
R000000014/1.000000/0000/Guesstimate
R000000013/1.111111/0287/R000000014
R000000009/3.703704/0112/R000000010/R000000013
R000000015/2.345679/0112/R000000011/R000000013
R000000016/7.900000/0000/Guesstimate
R000000017/1.000000/0000/Guesstimate
R000000015/9.888888/0112/R000000016/R000000017
R000000009/3.717421/0169/R000000015/M000000005
R000000002/4.115227/0025/R000000009
M000000018/1.000000/0000/Sigma_BB-28426400
R000000001/3.854596/0004/R000000002/M000000018
M000000022/1.000000/0000/Sigma_BB-28810964
R000000021/1.111111/0287/M000000022
R000000023/1.000000/0000/Guesstimate
R000000021/2.222222/0004/R000000023/M000000018
R000000024/1.000000/0000/Guesstimate
R000000020/2.345679/0119/R000000021/R000000024
R000000026/1.000000/0000/Guesstimate
M000000027/1.000000/0000/Sigma_BB-326697832
R000000025/2.222222/0112/R000000026/M000000027
R000000028/1.000000/0000/Guesstimate
R000000025/2.222222/0112/R000000028/M000000018
R000000020/2.469136/0233/R000000025
R000000019/3.717421/0169/R000000020/M000000005
M000000031/1.000000/0000/Sigma_BB-30664943
R000000030/3.333333/0261/M000000031/R000000023/R000000024
R000000030/3.717421/0169/R000000020/R000000023
R000000029/3.703704/0155/R000000030
R000000033/1.000000/0000/Guesstimate
R000000032/2.345679/0169/R000000021/R000000033
R000000032/2.345679/0275/R000000021/R000000012
R000000029/3.717421/0119/R000000032/R000000024
R000000019/4.115227/0239/R000000029
R000000001/4.130468/0024/R000000019
Q000000002/3.703704/0000/R000000034
R000000036/1.000000/0000/Guesstimate
R000000035/3.333333/0261/M000000031/R000000036/R000000024
R000000038/1.234568/0155/R000000021
R000000038/2.222222/0004/R000000033/M000000018
R000000037/2.482853/0119/R000000038/R000000024
R000000037/2.606310/0155/R000000020
R000000035/3.869837/0274/R000000037/R000000036
R000000034/3.703704/0024/R000000035
R000000041/2.222222/0274/R000000008/R000000036
R000000042/1.000000/0000/Guesstimate
R000000041/2.222222/0275/R000000007/R000000042
R000000040/2.469136/0039/R000000041
M000000044/1.000000/0000/Sigma_BB-28777622
R000000043/2.222222/0274/M000000044/R000000036
M000000045/1.000000/0000/Sigma_BB-28778841
R000000043/2.222222/0275/M000000045/R000000042
R000000040/2.469136/0153/R000000043
R000000039/2.743484/0024/R000000040
R000000047/2.222222/0274/R000000012/R000000036
R000000047/2.469136/0197/R000000043
R000000046/3.580247/0174/R000000047/R000000014
R000000046/3.703704/0112/R000000047/R000000013
R000000039/3.978053/0025/R000000046
R000000034/4.159427/0004/R000000039/M000000018
Q000000003/3.703704/0000/R000000034
Q000000004/3.703704/0000/R000000034
<NEXT>