#
#  Reaction log file
#  Author: LigBuilder V3 User_Diana
#  Creation time: Sun Mar  1 05:11:31 2026
#  Format:
#  QueryMoleculeId/Cost/SynthesizeId/ReactantId1/ReactantId2/ReactantId3.....
#  Id prefix:
#  Q --- Query Molecule
#  M --- Material
#  R --- Reactant
#
Directory      result/synthesize_HsDHODH/272/DATABASE/
#
Q000000001/6.265983/0000/R000000001
R000000006/1.000000/0000/Guesstimate
R000000005/1.111111/0288/R000000006
R000000007/1.000000/0000/Guesstimate
R000000004/2.345679/0301/R000000005/R000000007
R000000004/2.345679/0301/R000000005/R000000007
R000000003/2.606310/0295/R000000004
R000000009/1.234568/0295/R000000005
R000000010/1.000000/0000/Guesstimate
R000000008/2.482853/0256/R000000009/R000000010
R000000003/2.758726/0293/R000000008
M000000013/1.000000/0000/Sigma_BB-28792755
R000000014/1.000000/0000/Guesstimate
R000000012/2.222222/0277/M000000013/R000000014
R000000011/2.469136/0296/R000000012
R000000011/2.469136/0296/R000000012
R000000002/5.639385/0301/R000000003/R000000011
R000000002/5.639385/0301/R000000003/R000000011
R000000001/6.265983/0099/R000000002
R000000017/1.371742/0228/R000000009
R000000017/1.371742/0286/R000000009
R000000016/1.524158/0156/R000000017
R000000019/3.854596/0301/R000000007/R000000011
R000000019/3.854596/0301/R000000007/R000000011
R000000018/4.282884/0099/R000000019
R000000020/4.282884/0233/R000000019
R000000020/4.282884/0258/R000000019
R000000018/4.758760/0295/R000000020
R000000015/6.452269/0301/R000000016/R000000018
R000000015/6.452269/0301/R000000016/R000000018
R000000001/7.169188/0188/R000000015
Q000000002/Analysis Failed
Q000000003/7.688719/0000/R000000021
R000000025/1.000000/0000/Guesstimate
R000000024/2.482853/0256/R000000009/R000000025
R000000026/1.000000/0000/Guesstimate
R000000024/4.007011/0301/R000000003/R000000026
R000000028/1.000000/0000/Guesstimate
R000000029/1.000000/0000/Guesstimate
R000000027/2.222222/0003/R000000028/R000000029
R000000030/1.000000/0000/Guesstimate
R000000031/1.000000/0000/Guesstimate
R000000027/2.222222/0049/R000000030/R000000031
R000000023/5.227862/0112/R000000024/R000000027
R000000033/1.000000/0000/Guesstimate
R000000032/3.869837/0112/R000000024/R000000033
R000000034/1.000000/0000/Guesstimate
R000000023/5.410931/0112/R000000032/R000000034
R000000035/1.000000/0000/Guesstimate
R000000022/6.919847/0259/R000000023/R000000035
R000000036/1.000000/0000/Guesstimate
R000000022/8.073315/0224/R000000001/R000000036
R000000021/7.688719/0024/R000000022
R000000038/1.000000/0000/Guesstimate
R000000037/6.919847/0259/R000000023/R000000038
R000000037/6.919847/0259/R000000023/R000000038
R000000039/1.000000/0000/Guesstimate
R000000021/8.799829/0004/R000000037/R000000039
<NEXT>