#
#  Reaction log file
#  Author: LigBuilder V3 User_Diana
#  Creation time: Sun Mar  1 05:11:03 2026
#  Format:
#  QueryMoleculeId/Cost/SynthesizeId/ReactantId1/ReactantId2/ReactantId3.....
#  Id prefix:
#  Q --- Query Molecule
#  M --- Material
#  R --- Reactant
#
Directory      result/synthesize_HsDHODH/260/DATABASE/
#
Q000000001/2.758726/0000/R000000001
M000000005/1.000000/0000/Sigma_BB-244164693
R000000004/1.111111/0104/M000000005
R000000004/1.111111/0104/M000000005
R000000003/1.234568/0293/R000000004
R000000003/1.234568/0293/R000000004
R000000006/1.000000/0000/Guesstimate
R000000002/2.482853/0122/R000000003/R000000006
R000000009/1.000000/0000/Guesstimate
R000000008/2.482853/0004/R000000003/R000000009
R000000008/2.482853/0277/R000000003/R000000009
R000000007/2.758726/0009/R000000008
R000000011/1.000000/0000/Guesstimate
R000000010/2.482853/0122/R000000003/R000000011
R000000007/2.758726/0082/R000000010
R000000012/1.000000/0000/Guesstimate
R000000002/4.176363/0181/R000000007/R000000012
R000000001/2.758726/0160/R000000002
M000000016/1.000000/0000/Sigma_BB-28465307
R000000015/1.111111/0104/M000000016
R000000015/1.111111/0104/M000000016
R000000014/1.234568/0257/R000000015
R000000018/1.000000/0000/Guesstimate
R000000019/1.000000/0000/Guesstimate
R000000017/2.222222/0285/R000000018/R000000019
R000000014/2.469136/0285/R000000017
R000000013/2.482853/0122/R000000014/R000000006
R000000021/2.482853/0004/R000000014/R000000009
R000000021/2.482853/0277/R000000014/R000000009
R000000020/2.758726/0009/R000000021
R000000022/2.482853/0122/R000000014/R000000011
R000000020/2.758726/0082/R000000022
R000000013/4.176363/0181/R000000020/R000000012
R000000001/2.758726/0161/R000000013
Q000000002/2.758726/0000/R000000001
Q000000003/4.267642/0000/R000000023
M000000027/1.000000/0000/Sigma_BB-244317332
R000000026/1.111111/0125/M000000027
R000000028/1.000000/0000/Guesstimate
R000000026/2.222222/0112/M000000027/R000000028
R000000029/1.000000/0000/Guesstimate
R000000025/2.345679/0003/R000000026/R000000029
R000000030/2.345679/0112/R000000026/R000000028
M000000033/1.000000/0000/Sigma_BB-184570614
R000000032/2.222222/0174/M000000033/R000000028
R000000032/2.222222/0289/M000000033/R000000028
R000000034/1.000000/0000/Guesstimate
R000000031/3.580247/0231/R000000032/R000000034
R000000030/3.978053/0082/R000000031
R000000035/1.000000/0000/Guesstimate
R000000025/3.717421/0049/R000000030/R000000035
M000000037/1.000000/0000/Sigma_BB-161611916
R000000036/1.111111/0099/M000000037
R000000038/1.000000/0000/Guesstimate
R000000036/1.111111/0228/R000000038
R000000024/3.840878/0122/R000000025/R000000036
R000000040/2.222222/0003/M000000027/R000000029
M000000041/1.000000/0000/Sigma_BB-316197284
R000000042/1.000000/0000/Guesstimate
R000000040/2.222222/0175/M000000041/R000000042
R000000039/3.703704/0122/R000000040/R000000036
R000000039/3.703704/0122/R000000040/R000000036
R000000024/5.226338/0112/R000000039/R000000028
R000000023/4.267642/0041/R000000024
M000000047/1.000000/0000/Sigma_BB-187145011
R000000046/1.111111/0222/M000000047
R000000048/1.000000/0000/Guesstimate
R000000045/2.345679/0174/R000000046/R000000048
R000000045/2.345679/0289/R000000046/R000000048
R000000044/2.606310/0040/R000000045
R000000050/1.000000/0000/Guesstimate
R000000049/3.717421/0138/R000000030/R000000050
R000000051/1.000000/0000/Guesstimate
R000000049/3.717421/0141/R000000030/R000000051
R000000044/4.130468/0041/R000000049
M000000054/1.000000/0000/Sigma_BB-375192271
R000000053/1.111111/0260/M000000054
R000000053/1.111111/0260/M000000054
R000000052/1.234568/0099/R000000053
M000000056/1.000000/0000/Sigma_BB-28986050
R000000055/1.111111/0198/M000000056
M000000057/1.000000/0000/Sigma_BB-28908986
R000000055/1.111111/0233/M000000057
R000000052/1.234568/0099/R000000055
R000000043/4.267642/0042/R000000044/R000000052
R000000059/2.345679/0004/R000000026/R000000035
R000000058/2.606310/0041/R000000059
R000000061/1.000000/0000/Guesstimate
R000000060/2.345679/0175/R000000046/R000000061
R000000060/2.345679/0290/R000000046/R000000061
R000000058/2.606310/0085/R000000060
R000000063/1.111111/0054/M000000056
R000000063/2.345679/0004/R000000009/R000000036
R000000062/1.234568/0009/R000000063
R000000062/2.222222/0049/R000000035/M000000056
R000000043/4.267642/0049/R000000058/R000000062
R000000023/4.741825/0099/R000000043
<NEXT>