#
#  Reaction log file
#  Author: LigBuilder V3 User_Diana
#  Creation time: Sun Mar  1 05:09:42 2026
#  Format:
#  QueryMoleculeId/Cost/SynthesizeId/ReactantId1/ReactantId2/ReactantId3.....
#  Id prefix:
#  Q --- Query Molecule
#  M --- Material
#  R --- Reactant
#
Directory      result/synthesize_HsDHODH/212/DATABASE/
#
Q000000001/2.222222/0000/R000000001
M000000002/1.000000/0000/Sigma_BB-369381277
R000000003/1.000000/0000/Guesstimate
R000000001/2.222222/0004/M000000002/R000000003
R000000005/1.000000/0000/Guesstimate
R000000004/2.222222/0004/R000000005/R000000003
R000000008/1.000000/0000/Guesstimate
R000000007/2.222222/0112/R000000008/R000000003
R000000006/2.469136/0147/R000000007
R000000010/1.000000/0000/Guesstimate
R000000009/2.222222/0003/R000000010/R000000003
R000000006/2.469136/0153/R000000009
R000000004/2.743484/0024/R000000006
R000000011/1.000000/0000/Guesstimate
R000000001/3.580247/0004/R000000004/R000000011
Q000000002/2.222222/0000/R000000001
Q000000003/4.436994/0000/R000000012
M000000017/1.000000/0000/Sigma_BB-27581870
R000000016/1.111111/0222/M000000017
M000000018/1.000000/0000/Sigma_BB-28508200
R000000016/1.111111/0299/M000000018
R000000015/1.234568/0125/R000000016
R000000019/1.000000/0000/Guesstimate
R000000015/2.345679/0112/R000000016/R000000019
R000000014/1.371742/0040/R000000015
R000000020/2.345679/0004/R000000016/R000000005
R000000022/1.000000/0000/Guesstimate
R000000021/2.345679/0003/R000000016/R000000022
R000000023/1.000000/0000/Guesstimate
R000000021/2.482853/0049/R000000015/R000000023
R000000020/2.606310/0040/R000000021
R000000014/2.606310/0216/R000000020
R000000025/1.000000/0000/Guesstimate
R000000026/1.000000/0000/Guesstimate
R000000024/2.222222/0119/R000000025/R000000026
R000000029/1.000000/0000/Guesstimate
R000000030/1.000000/0000/Guesstimate
R000000028/2.222222/0004/R000000029/R000000030
R000000027/2.469136/0197/R000000028
R000000031/8.000000/0000/Guesstimate
R000000027/8.888889/0155/R000000031
R000000024/2.743484/0039/R000000027
R000000013/3.993294/0003/R000000014/R000000024
R000000033/1.524158/0091/R000000014
R000000034/1.000000/0000/Guesstimate
R000000032/2.804620/0112/R000000033/R000000034
R000000035/2.345679/0004/R000000016/R000000023
R000000035/2.606310/0085/R000000020
R000000036/1.000000/0000/Guesstimate
R000000032/3.717421/0049/R000000035/R000000036
R000000037/1.000000/0000/Guesstimate
R000000013/4.227355/0011/R000000032/R000000037
R000000012/4.436994/0099/R000000013
R000000038/5.349795/0122/R000000021/R000000027
R000000038/5.349795/0122/R000000021/R000000027
R000000012/5.944217/0039/R000000038
<NEXT>