#
#  Reaction log file
#  Author: LigBuilder V3 User_Diana
#  Creation time: Sun Mar  1 05:06:55 2026
#  Format:
#  QueryMoleculeId/Cost/SynthesizeId/ReactantId1/ReactantId2/ReactantId3.....
#  Id prefix:
#  Q --- Query Molecule
#  M --- Material
#  R --- Reactant
#
Directory      result/synthesize_HsDHODH/116/DATABASE/
#
Q000000001/7.178785/0000/R000000001
R000000004/1.000000/0000/Guesstimate
R000000006/1.000000/0000/Guesstimate
M000000007/1.000000/0000/Sigma_BB-136290300
R000000005/2.222222/0231/R000000006/M000000007
R000000003/3.580247/0175/R000000004/R000000005
R000000008/2.222222/0175/R000000004/M000000007
R000000008/2.222222/0290/R000000004/M000000007
R000000003/3.580247/0231/R000000008/R000000006
R000000002/3.978053/0279/R000000003
R000000002/3.978053/0279/R000000003
R000000010/1.000000/0000/Guesstimate
R000000013/1.000000/0000/Guesstimate
R000000012/1.111111/0288/R000000013
R000000014/1.111111/0245/R000000013
R000000014/1.111111/0245/R000000013
R000000012/1.234568/0155/R000000014
R000000011/1.234568/0295/R000000012
R000000011/1.234568/0295/R000000012
R000000009/2.482853/0004/R000000010/R000000011
R000000017/1.000000/0000/Guesstimate
R000000016/2.482853/0112/R000000017/R000000011
R000000015/2.758726/0147/R000000016
R000000019/1.000000/0000/Guesstimate
R000000018/2.482853/0003/R000000019/R000000011
R000000015/2.758726/0153/R000000018
R000000009/3.065251/0024/R000000015
R000000001/7.178785/0003/R000000002/R000000009
R000000020/5.531170/0004/R000000002/R000000010
R000000022/1.000000/0000/Guesstimate
R000000021/5.531170/0003/R000000002/R000000022
R000000023/8.600000/0000/Guesstimate
R000000024/1.000000/0000/Guesstimate
R000000021/9.600000/0175/R000000023/R000000024
R000000020/6.145744/0040/R000000021
R000000001/7.517487/0003/R000000020/R000000011
Q000000002/7.178785/0000/R000000001
Q000000003/7.178785/0000/R000000001
<NEXT>