#
#  Reaction log file
#  Author: LigBuilder V3 User_Diana
#  Creation time: Sun Mar  1 05:11:08 2026
#  Format:
#  QueryMoleculeId/Cost/SynthesizeId/ReactantId1/ReactantId2/ReactantId3.....
#  Id prefix:
#  Q --- Query Molecule
#  M --- Material
#  R --- Reactant
#
Directory      result/synthesize_HsDHODH/261/DATABASE/
#
Q000000001/4.267642/0000/R000000001
M000000005/1.000000/0000/Sigma_BB-244317332
R000000004/1.111111/0125/M000000005
R000000006/1.000000/0000/Guesstimate
R000000004/2.222222/0112/M000000005/R000000006
R000000007/1.000000/0000/Guesstimate
R000000003/2.345679/0003/R000000004/R000000007
R000000008/2.345679/0112/R000000004/R000000006
M000000011/1.000000/0000/Sigma_BB-184570614
R000000010/2.222222/0174/M000000011/R000000006
R000000010/2.222222/0289/M000000011/R000000006
R000000012/1.000000/0000/Guesstimate
R000000009/3.580247/0231/R000000010/R000000012
R000000008/3.978053/0082/R000000009
R000000013/1.000000/0000/Guesstimate
R000000003/3.717421/0049/R000000008/R000000013
M000000015/1.000000/0000/Sigma_BB-161611916
R000000014/1.111111/0099/M000000015
R000000016/1.000000/0000/Guesstimate
R000000014/1.111111/0228/R000000016
R000000002/3.840878/0122/R000000003/R000000014
R000000018/2.222222/0003/M000000005/R000000007
M000000019/1.000000/0000/Sigma_BB-316197284
R000000020/1.000000/0000/Guesstimate
R000000018/2.222222/0175/M000000019/R000000020
R000000017/3.703704/0122/R000000018/R000000014
R000000017/3.703704/0122/R000000018/R000000014
R000000002/5.226338/0112/R000000017/R000000006
R000000001/4.267642/0041/R000000002
M000000025/1.000000/0000/Sigma_BB-187145011
R000000024/1.111111/0222/M000000025
R000000026/1.000000/0000/Guesstimate
R000000023/2.345679/0174/R000000024/R000000026
R000000023/2.345679/0289/R000000024/R000000026
R000000022/2.606310/0040/R000000023
R000000028/1.000000/0000/Guesstimate
R000000027/3.717421/0138/R000000008/R000000028
R000000029/1.000000/0000/Guesstimate
R000000027/3.717421/0141/R000000008/R000000029
R000000022/4.130468/0041/R000000027
M000000032/1.000000/0000/Sigma_BB-375192271
R000000031/1.111111/0260/M000000032
R000000031/1.111111/0260/M000000032
R000000030/1.234568/0099/R000000031
M000000034/1.000000/0000/Sigma_BB-28986050
R000000033/1.111111/0198/M000000034
M000000035/1.000000/0000/Sigma_BB-28908986
R000000033/1.111111/0233/M000000035
R000000030/1.234568/0099/R000000033
R000000021/4.267642/0042/R000000022/R000000030
R000000037/2.345679/0004/R000000004/R000000013
R000000036/2.606310/0041/R000000037
R000000039/1.000000/0000/Guesstimate
R000000038/2.345679/0175/R000000024/R000000039
R000000038/2.345679/0290/R000000024/R000000039
R000000036/2.606310/0085/R000000038
R000000041/1.111111/0054/M000000034
R000000042/1.000000/0000/Guesstimate
R000000041/2.345679/0004/R000000042/R000000014
R000000040/1.234568/0009/R000000041
R000000040/2.222222/0049/R000000013/M000000034
R000000021/4.267642/0049/R000000036/R000000040
R000000001/4.741825/0099/R000000021
Q000000002/Analysis Failed
Q000000003/Analysis Failed
Q000000004/Analysis Failed
<NEXT>