#
#  Reaction log file
#  Author: LigBuilder V3 User_Diana
#  Creation time: Sun Mar  1 05:10:47 2026
#  Format:
#  QueryMoleculeId/Cost/SynthesizeId/ReactantId1/ReactantId2/ReactantId3.....
#  Id prefix:
#  Q --- Query Molecule
#  M --- Material
#  R --- Reactant
#
Directory      result/synthesize_HsDHODH/235/DATABASE/
#
Q000000001/Analysis Failed
Q000000002/4.420059/0000/R000000001
M000000005/1.000000/0000/Sigma_BB-242783762
R000000006/1.000000/0000/Guesstimate
R000000004/2.222222/0112/M000000005/R000000006
M000000007/1.000000/0000/Sigma_BB-28787542
R000000004/2.222222/0174/M000000007/R000000006
R000000008/1.000000/0000/Guesstimate
R000000003/3.580247/0224/R000000004/R000000008
R000000002/3.978053/0125/R000000003
R000000009/1.000000/0000/Guesstimate
R000000002/5.089163/0112/R000000003/R000000009
R000000001/4.420059/0041/R000000002
R000000013/1.000000/0000/Guesstimate
R000000012/2.222222/0112/M000000005/R000000013
R000000012/2.222222/0174/M000000007/R000000013
R000000011/2.469136/0059/R000000012
R000000015/1.000000/0000/Guesstimate
R000000014/2.222222/0004/M000000005/R000000015
R000000016/1.000000/0000/Guesstimate
R000000017/1.000000/0000/Guesstimate
R000000014/3.333333/0225/M000000005/R000000016/R000000017
R000000011/2.469136/0153/R000000014
R000000018/1.000000/0000/Guesstimate
R000000010/3.854596/0170/R000000011/R000000018
R000000019/2.469136/0197/R000000014
R000000020/2.469136/0233/R000000012
R000000020/2.469136/0258/R000000012
R000000019/2.743484/0155/R000000020
R000000010/3.854596/0170/R000000019/R000000008
R000000021/1.000000/0000/Guesstimate
R000000001/5.393995/0018/R000000010/R000000021
Q000000003/4.420059/0000/R000000001
<NEXT>