#
#  Reaction log file
#  Author: LigBuilder V3 User_Diana
#  Creation time: Sun Mar  1 05:09:06 2026
#  Format:
#  QueryMoleculeId/Cost/SynthesizeId/ReactantId1/ReactantId2/ReactantId3.....
#  Id prefix:
#  Q --- Query Molecule
#  M --- Material
#  R --- Reactant
#
Directory      result/synthesize_HsDHODH/191/DATABASE/
#
Q000000001/Analysis Failed
Q000000002/5.517452/0000/R000000001
R000000005/1.000000/0000/Guesstimate
R000000006/1.000000/0000/Guesstimate
R000000004/2.222222/0159/R000000005/R000000006
R000000003/2.469136/0040/R000000004
R000000008/1.000000/0000/Guesstimate
R000000009/1.000000/0000/Guesstimate
R000000007/2.222222/0012/R000000008/R000000009
R000000010/1.000000/0000/Guesstimate
R000000011/1.000000/0000/Guesstimate
R000000007/2.222222/0112/R000000010/R000000011
R000000003/3.580247/0159/R000000007/R000000006
R000000002/2.743484/0153/R000000003
R000000014/1.000000/0000/Guesstimate
R000000013/2.222222/0012/R000000014/R000000009
R000000015/1.000000/0000/Guesstimate
R000000013/2.222222/0112/R000000015/R000000011
R000000012/3.580247/0159/R000000013/R000000006
R000000002/3.978053/0154/R000000012
R000000017/1.000000/0000/Guesstimate
R000000018/1.000000/0000/Guesstimate
R000000016/2.222222/0004/R000000017/R000000018
R000000021/1.000000/0000/Guesstimate
R000000020/2.222222/0112/R000000017/R000000021
R000000019/2.469136/0147/R000000020
R000000023/1.000000/0000/Guesstimate
R000000022/2.222222/0003/R000000017/R000000023
R000000019/2.469136/0153/R000000022
R000000016/2.743484/0024/R000000019
R000000001/5.517452/0231/R000000002/R000000016
R000000027/1.000000/0000/Guesstimate
R000000026/2.222222/0112/R000000017/R000000027
R000000025/2.469136/0147/R000000026
M000000029/1.000000/0000/Sigma_BB-28427694
R000000028/3.580247/0212/R000000016/M000000029
R000000028/3.580247/0212/R000000016/M000000029
R000000025/3.978053/0153/R000000028
R000000024/5.791801/0231/R000000002/R000000025
R000000001/6.435335/0260/R000000024
Q000000003/4.267642/0000/R000000030
R000000033/1.000000/0000/Guesstimate
R000000032/1.111111/0125/R000000033
R000000032/2.222222/0112/R000000011/R000000033
R000000031/1.234568/0040/R000000032
R000000034/2.222222/0004/R000000033/R000000018
R000000035/1.000000/0000/Guesstimate
R000000036/1.000000/0000/Guesstimate
R000000034/3.333333/0225/R000000033/R000000035/R000000036
R000000031/2.469136/0216/R000000034
R000000039/1.000000/0000/Guesstimate
M000000041/1.000000/0000/Sigma_BB-244168570
R000000040/1.111111/0287/M000000041
R000000038/2.345679/0232/R000000039/R000000040
R000000042/2.222222/0232/R000000039/M000000041
R000000038/2.469136/0287/R000000042
R000000037/2.606310/0156/R000000038
R000000044/1.000000/0000/Guesstimate
R000000046/1.000000/0000/Guesstimate
M000000047/1.000000/0000/Sigma_BB-117277731
R000000045/2.222222/0004/R000000046/M000000047
R000000043/3.580247/0212/R000000044/R000000045
R000000049/1.000000/0000/Guesstimate
R000000050/1.000000/0000/Guesstimate
R000000048/2.222222/0112/R000000049/R000000050
R000000051/1.000000/0000/Guesstimate
R000000052/1.000000/0000/Guesstimate
R000000048/2.222222/0226/R000000051/R000000052
R000000054/1.000000/0000/Guesstimate
R000000053/1.111111/0125/R000000054
R000000053/2.222222/0112/R000000054/R000000011
R000000043/3.703704/0159/R000000048/R000000053
R000000037/3.978053/0041/R000000043
R000000030/4.267642/0119/R000000031/R000000037
R000000055/5.349795/0119/R000000031/R000000043
R000000056/3.840878/0119/R000000031/R000000048
R000000057/2.482853/0119/R000000031/R000000049
R000000057/2.482853/0280/R000000031/R000000049
R000000056/3.869837/0112/R000000057/R000000050
R000000055/5.502211/0159/R000000056/R000000053
R000000030/5.944217/0041/R000000055
<NEXT>