#
#  Reaction log file
#  Author: LigBuilder V3 User_Diana
#  Creation time: Sun Mar  1 05:04:34 2026
#  Format:
#  QueryMoleculeId/Cost/SynthesizeId/ReactantId1/ReactantId2/ReactantId3.....
#  Id prefix:
#  Q --- Query Molecule
#  M --- Material
#  R --- Reactant
#
Directory      result/synthesize_HsDHODH/44/DATABASE/
#
Q000000001/Analysis Failed
Q000000002/6.113567/0000/R000000001
R000000006/1.000000/0000/Guesstimate
R000000005/1.111111/0288/R000000006
R000000004/1.234568/0295/R000000005
R000000008/1.371742/0288/R000000004
R000000009/1.000000/0000/Guesstimate
R000000007/2.635269/0274/R000000008/R000000009
R000000010/10.000000/0000/Guesstimate
R000000007/10.000000/0288/R000000010
R000000004/2.928077/0219/R000000007
R000000011/1.000000/0000/Guesstimate
R000000003/2.482853/0256/R000000004/R000000011
R000000013/1.000000/0000/Guesstimate
R000000012/2.482853/0256/R000000004/R000000013
R000000016/1.000000/0000/Guesstimate
R000000015/2.345679/0301/R000000005/R000000016
R000000015/2.345679/0301/R000000005/R000000016
R000000014/2.606310/0295/R000000015
R000000018/1.000000/0000/Guesstimate
R000000017/2.482853/0256/R000000004/R000000018
R000000014/2.758726/0293/R000000017
R000000019/1.000000/0000/Guesstimate
R000000012/4.007011/0301/R000000014/R000000019
R000000003/2.758726/0155/R000000012
R000000022/1.000000/0000/Guesstimate
M000000023/1.000000/0000/Sigma_BB-30511507
R000000021/2.222222/0056/R000000022/M000000023
M000000024/1.000000/0000/Sigma_BB-249436391
R000000021/2.222222/0080/M000000024/R000000022
R000000020/2.469136/0155/R000000021
R000000026/1.000000/0000/Guesstimate
M000000027/1.000000/0000/Sigma_BB-245059459
R000000025/2.222222/0002/R000000026/M000000027
R000000025/2.222222/0004/R000000026/M000000027
R000000020/2.469136/0197/R000000025
R000000002/5.502210/0122/R000000003/R000000020
R000000029/1.000000/0000/Guesstimate
R000000028/2.482853/0004/R000000004/R000000029
R000000032/1.000000/0000/Guesstimate
R000000031/2.482853/0256/R000000004/R000000032
R000000033/1.000000/0000/Guesstimate
R000000031/3.869837/0003/R000000003/R000000033
R000000030/2.758726/0040/R000000031
R000000034/1.000000/0000/Guesstimate
R000000030/3.869837/0004/R000000003/R000000034
R000000028/3.065251/0073/R000000030
R000000037/1.000000/0000/Guesstimate
R000000036/3.854596/0122/R000000020/R000000037
R000000035/4.282884/0024/R000000036
M000000039/1.000000/0000/Sigma_BB-28776791
R000000038/3.854596/0122/R000000020/M000000039
R000000035/4.282884/0073/R000000038
R000000002/7.517487/0212/R000000028/R000000035
R000000001/6.113567/0294/R000000002
R000000043/1.000000/0000/Guesstimate
R000000042/4.007011/0112/R000000014/R000000043
R000000046/1.000000/0000/Guesstimate
R000000045/2.482853/0112/R000000004/R000000046
R000000044/2.758726/0233/R000000045
R000000044/2.758726/0258/R000000045
R000000047/1.000000/0000/Guesstimate
R000000042/4.176363/0112/R000000044/R000000047
R000000041/4.452235/0147/R000000042
R000000051/1.371742/0228/R000000004
R000000051/1.371742/0286/R000000004
R000000050/1.524158/0156/R000000051
R000000049/2.804620/0301/R000000050/R000000016
R000000052/2.895900/0228/R000000014
R000000052/2.895900/0286/R000000014
R000000049/3.217667/0156/R000000052
R000000053/1.000000/0000/Guesstimate
R000000048/4.227355/0301/R000000049/R000000053
R000000048/4.227355/0301/R000000049/R000000053
R000000041/4.697062/0188/R000000048
R000000055/2.222222/0056/R000000013/M000000023
R000000055/2.469136/0041/R000000021
R000000054/2.469136/0219/R000000055
R000000056/9.700000/0000/Guesstimate
R000000054/9.700000/0140/R000000056
R000000040/7.690413/0279/R000000041/R000000054
R000000040/7.690413/0279/R000000041/R000000054
R000000001/8.544904/0294/R000000040
Q000000003/8.356735/0000/R000000057
R000000060/3.869837/0224/R000000028/R000000018
R000000059/4.299819/0086/R000000060
R000000059/4.299819/0091/R000000060
M000000063/1.000000/0000/Sigma_BB-180896317
R000000062/2.222222/0279/M000000063/R000000047
R000000062/2.222222/0279/M000000063/R000000047
R000000061/2.469136/0294/R000000062
R000000064/2.469136/0228/R000000062
R000000064/2.469136/0286/R000000062
R000000061/2.743484/0296/R000000064
R000000058/7.521061/0112/R000000059/R000000061
R000000065/4.299819/0197/R000000060
R000000066/4.227355/0224/R000000049/R000000018
R000000065/4.697062/0188/R000000066
R000000068/2.222222/0279/M000000063/R000000043
R000000068/2.222222/0279/M000000063/R000000043
R000000067/2.469136/0294/R000000068
R000000070/1.000000/0000/Guesstimate
R000000069/3.854596/0112/R000000061/R000000070
R000000067/4.282884/0197/R000000069
R000000058/7.521061/0112/R000000065/R000000067
R000000057/8.356735/0147/R000000058
R000000073/4.697062/0118/R000000066
R000000074/1.000000/0000/Guesstimate
R000000073/5.808173/0112/R000000066/R000000074
R000000072/5.218957/0040/R000000073
R000000076/1.000000/0000/Guesstimate
R000000075/5.808173/0301/R000000066/R000000076
R000000075/5.808173/0301/R000000066/R000000076
R000000072/6.453526/0073/R000000075
R000000077/2.743484/0092/R000000067
R000000077/3.854596/0004/R000000061/R000000034
R000000071/8.847157/0212/R000000072/R000000077
R000000071/8.847157/0212/R000000072/R000000077
R000000057/9.830175/0188/R000000071
<NEXT>