#
#  Reaction log file
#  Author: LigBuilder V3 User_Diana
#  Creation time: Sun Mar  1 05:11:10 2026
#  Format:
#  QueryMoleculeId/Cost/SynthesizeId/ReactantId1/ReactantId2/ReactantId3.....
#  Id prefix:
#  Q --- Query Molecule
#  M --- Material
#  R --- Reactant
#
Directory      result/synthesize_HsDHODH/263/DATABASE/
#
Q000000001/3.580247/0000/R000000001
M000000003/1.000000/0000/Sigma_BB-28783818
M000000004/1.000000/0000/Sigma_BB-28426400
R000000002/2.222222/0004/M000000003/M000000004
M000000006/1.000000/0000/Sigma_BB-30664943
R000000007/1.000000/0000/Guesstimate
R000000008/1.000000/0000/Guesstimate
R000000005/3.333333/0261/M000000006/R000000007/R000000008
R000000010/1.000000/0000/Guesstimate
R000000009/3.333333/0261/M000000006/R000000008/R000000010
R000000005/4.814815/0169/R000000009/R000000007
R000000002/3.703704/0024/R000000005
R000000001/3.580247/0001/R000000002/R000000007
M000000014/1.000000/0000/Sigma_BB-28758628
R000000013/1.111111/0082/M000000014
R000000015/1.000000/0000/Guesstimate
R000000016/1.000000/0000/Guesstimate
R000000013/2.222222/0112/R000000015/R000000016
R000000012/1.234568/0040/R000000013
R000000018/1.000000/0000/Guesstimate
R000000019/1.000000/0000/Guesstimate
R000000017/2.222222/0274/R000000018/R000000019
R000000020/1.000000/0000/Guesstimate
R000000017/3.333333/0261/R000000020/R000000019/R000000008
R000000012/2.469136/0024/R000000017
R000000011/2.482853/0004/R000000012/M000000004
R000000021/3.333333/0261/M000000006/R000000019/R000000008
R000000022/3.703704/0155/R000000009
R000000021/5.226338/0274/R000000022/R000000019
R000000011/3.703704/0024/R000000021
R000000001/3.869837/0003/R000000011/R000000007
Q000000002/4.130468/0000/R000000023
M000000025/1.000000/0000/Sigma_BB-28524129
R000000024/3.717421/0169/R000000009/M000000025
R000000026/1.000000/0000/Guesstimate
R000000027/1.000000/0000/Guesstimate
R000000024/4.828533/0225/R000000009/R000000026/R000000027
R000000023/4.130468/0024/R000000024
R000000031/1.000000/0000/Guesstimate
R000000030/2.222222/0169/R000000031/M000000025
R000000030/3.333333/0225/R000000031/R000000026/R000000027
R000000029/2.469136/0039/R000000030
R000000033/1.000000/0000/Guesstimate
R000000034/1.000000/0000/Guesstimate
R000000032/3.333333/0225/R000000033/R000000034/R000000027
R000000029/3.703704/0039/R000000032
R000000028/2.743484/0024/R000000029
R000000037/1.000000/0000/Guesstimate
R000000036/2.222222/0169/R000000037/M000000025
R000000036/3.333333/0225/R000000037/R000000026/R000000027
R000000039/1.000000/0000/Guesstimate
R000000038/1.111111/0287/R000000039
R000000035/3.703704/0112/R000000036/R000000038
R000000040/2.345679/0112/R000000037/R000000038
R000000041/7.900000/0000/Guesstimate
R000000042/1.000000/0000/Guesstimate
R000000040/9.888888/0112/R000000041/R000000042
R000000035/3.717421/0169/R000000040/M000000025
R000000028/4.115227/0025/R000000035
R000000023/4.159427/0004/R000000028/M000000004
Q000000003/4.130468/0000/R000000023
<NEXT>