#
#  Reaction log file
#  Author: LigBuilder V3 User_Diana
#  Creation time: Sun Mar  1 05:05:00 2026
#  Format:
#  QueryMoleculeId/Cost/SynthesizeId/ReactantId1/ReactantId2/ReactantId3.....
#  Id prefix:
#  Q --- Query Molecule
#  M --- Material
#  R --- Reactant
#
Directory      result/synthesize_HsDHODH/51/DATABASE/
#
Q000000001/6.265983/0000/R000000001
M000000005/1.000000/0000/Sigma_BB-61877977
R000000004/1.111111/0054/M000000005
R000000003/1.234568/0009/R000000004
M000000006/1.000000/0000/Sigma_BB-31122802
R000000007/1.000000/0000/Guesstimate
R000000003/2.222222/0003/M000000006/R000000007
R000000010/1.000000/0000/Guesstimate
R000000009/1.111111/0040/R000000010
R000000011/1.000000/0000/Guesstimate
R000000012/1.000000/0000/Guesstimate
R000000009/2.222222/0004/R000000011/R000000012
M000000015/1.000000/0000/Sigma_BB-28764950
R000000014/1.111111/0085/M000000015
R000000016/1.000000/0000/Guesstimate
R000000013/2.345679/0119/R000000014/R000000016
R000000013/2.345679/0280/R000000014/R000000016
R000000008/3.840878/0212/R000000009/R000000013
R000000017/2.469136/0212/R000000009/R000000014
R000000017/2.469136/0212/R000000009/R000000014
R000000008/3.854596/0119/R000000017/R000000016
R000000002/5.639385/0122/R000000003/R000000008
R000000002/5.639385/0122/R000000003/R000000008
R000000001/6.265983/0028/R000000002
M000000021/1.000000/0000/Sigma_BB-31122909
R000000022/1.000000/0000/Guesstimate
R000000020/2.222222/0231/M000000021/R000000022
R000000023/1.000000/0000/Guesstimate
R000000019/3.580247/0004/R000000020/R000000023
R000000024/2.482853/0122/R000000003/R000000011
R000000024/2.482853/0122/R000000003/R000000011
R000000019/3.869837/0004/R000000024/R000000012
R000000025/2.345679/0119/R000000014/R000000016
R000000027/1.000000/0000/Guesstimate
R000000026/2.222222/0004/M000000015/R000000027
R000000025/2.469136/0197/R000000026
R000000018/6.584363/0212/R000000019/R000000025
R000000018/6.584363/0212/R000000019/R000000025
R000000001/7.315958/0028/R000000018
Q000000002/6.265983/0000/R000000001
Q000000003/6.265983/0000/R000000001
Q000000004/6.265983/0000/R000000001
<NEXT>