#
#  Reaction log file
#  Author: LigBuilder V3 User_Diana
#  Creation time: Sun Mar  1 05:06:53 2026
#  Format:
#  QueryMoleculeId/Cost/SynthesizeId/ReactantId1/ReactantId2/ReactantId3.....
#  Id prefix:
#  Q --- Query Molecule
#  M --- Material
#  R --- Reactant
#
Directory      result/synthesize_HsDHODH/111/DATABASE/
#
Q000000001/4.282884/0000/R000000001
M000000003/1.000000/0000/Sigma_BB-68785271
R000000006/1.000000/0000/Guesstimate
R000000007/1.000000/0000/Guesstimate
R000000005/2.222222/0170/R000000006/R000000007
R000000008/1.000000/0000/Guesstimate
R000000009/1.000000/0000/Guesstimate
R000000005/2.222222/0170/R000000008/R000000009
R000000004/2.469136/0155/R000000005
R000000012/1.000000/0000/Guesstimate
R000000011/2.222222/0170/R000000012/R000000009
R000000013/1.000000/0000/Guesstimate
R000000011/2.222222/0170/R000000013/R000000007
R000000010/2.469136/0118/R000000011
R000000014/1.000000/0000/Guesstimate
R000000010/3.580247/0112/R000000011/R000000014
R000000004/2.743484/0041/R000000010
R000000002/3.854596/0003/M000000003/R000000004
M000000016/1.000000/0000/Sigma_BB-31122802
R000000017/1.000000/0000/Guesstimate
R000000015/2.222222/0004/M000000016/R000000017
R000000019/1.000000/0000/Guesstimate
R000000018/2.222222/0004/M000000016/R000000019
R000000021/1.000000/0000/Guesstimate
R000000020/2.222222/0003/M000000016/R000000021
M000000022/1.000000/0000/Sigma_BB-61877977
R000000020/2.222222/0049/M000000022/R000000017
R000000018/2.469136/0040/R000000020
R000000015/2.469136/0085/R000000018
R000000024/2.743484/0118/R000000010
R000000024/3.854596/0112/R000000010/R000000014
R000000023/3.048316/0041/R000000024
R000000026/1.000000/0000/Guesstimate
R000000025/3.854596/0004/R000000004/R000000026
R000000025/3.854596/0277/R000000004/R000000026
R000000023/4.282884/0009/R000000025
R000000002/5.856154/0049/R000000015/R000000023
R000000001/4.282884/0099/R000000002
R000000028/4.938272/0122/R000000020/R000000011
R000000028/4.938272/0122/R000000020/R000000011
R000000027/5.486969/0118/R000000028
R000000027/6.598080/0112/R000000028/R000000014
R000000001/6.096632/0041/R000000027
Q000000002/6.096632/0000/R000000029
R000000033/1.000000/0000/Guesstimate
R000000032/2.222222/0170/R000000012/R000000033
R000000034/1.000000/0000/Guesstimate
R000000032/2.222222/0170/R000000013/R000000034
R000000031/4.938272/0122/R000000020/R000000032
R000000031/4.938272/0122/R000000020/R000000032
R000000030/5.486969/0118/R000000031
R000000030/6.598080/0112/R000000031/R000000014
R000000029/6.096632/0041/R000000030
R000000038/1.000000/0000/Guesstimate
R000000039/1.000000/0000/Guesstimate
R000000037/2.222222/0170/R000000038/R000000039
R000000040/1.000000/0000/Guesstimate
R000000041/1.000000/0000/Guesstimate
R000000037/2.222222/0170/R000000040/R000000041
R000000036/4.938272/0122/R000000020/R000000037
R000000036/4.938272/0122/R000000020/R000000037
R000000035/5.486969/0118/R000000036
R000000035/6.598080/0112/R000000036/R000000014
R000000029/6.096632/0059/R000000035
Q000000003/6.096632/0000/R000000029
Q000000004/4.282884/0000/R000000001
<NEXT>