#
#  Reaction log file
#  Author: LigBuilder V3 User_Diana
#  Creation time: Sun Mar  1 05:07:56 2026
#  Format:
#  QueryMoleculeId/Cost/SynthesizeId/ReactantId1/ReactantId2/ReactantId3.....
#  Id prefix:
#  Q --- Query Molecule
#  M --- Material
#  R --- Reactant
#
Directory      result/synthesize_HsDHODH/147/DATABASE/
#
Q000000001/2.469136/0000/R000000001
M000000003/1.000000/0000/Sigma_BB-68785271
R000000004/1.000000/0000/Guesstimate
R000000002/2.222222/0003/M000000003/R000000004
M000000006/1.000000/0000/Sigma_BB-31122802
R000000007/1.000000/0000/Guesstimate
R000000005/2.222222/0004/M000000006/R000000007
R000000009/1.000000/0000/Guesstimate
R000000008/2.222222/0004/M000000006/R000000009
R000000011/1.000000/0000/Guesstimate
R000000010/2.222222/0003/M000000006/R000000011
M000000012/1.000000/0000/Sigma_BB-61877977
R000000010/2.222222/0049/M000000012/R000000007
R000000008/2.469136/0040/R000000010
R000000005/2.469136/0085/R000000008
R000000013/1.000000/0000/Guesstimate
R000000002/3.580247/0049/R000000005/R000000013
R000000001/2.469136/0099/R000000002
R000000017/1.000000/0000/Guesstimate
R000000016/2.222222/0003/M000000003/R000000017
R000000018/1.000000/0000/Guesstimate
R000000016/2.222222/0138/M000000012/R000000018
R000000015/2.469136/0099/R000000016
R000000020/1.000000/0000/Guesstimate
R000000019/2.222222/0003/M000000006/R000000020
R000000015/2.469136/0099/R000000019
R000000021/1.000000/0000/Guesstimate
R000000014/3.854596/0112/R000000015/R000000021
R000000023/1.000000/0000/Guesstimate
R000000022/3.580247/0122/R000000010/R000000023
R000000022/3.580247/0122/R000000010/R000000023
R000000014/3.978053/0082/R000000022
R000000001/4.282884/0041/R000000014
Q000000002/2.469136/0000/R000000001
Q000000003/2.758726/0000/R000000024
R000000028/1.000000/0000/Guesstimate
R000000027/1.111111/0245/R000000028
R000000027/1.111111/0245/R000000028
R000000026/1.234568/0155/R000000027
R000000030/1.000000/0000/Guesstimate
R000000029/2.222222/0279/R000000028/R000000030
R000000029/2.222222/0279/R000000028/R000000030
R000000026/2.469136/0228/R000000029
R000000025/2.482853/0003/M000000003/R000000026
R000000033/1.000000/0000/Guesstimate
R000000032/2.482853/0004/R000000026/R000000033
R000000032/2.482853/0277/R000000026/R000000033
R000000031/2.758726/0009/R000000032
R000000035/1.000000/0000/Guesstimate
R000000034/2.482853/0122/R000000026/R000000035
R000000031/2.758726/0082/R000000034
R000000025/5.534387/0049/R000000005/R000000031
R000000024/2.758726/0099/R000000025
R000000039/1.000000/0000/Guesstimate
R000000038/3.580247/0122/R000000010/R000000039
R000000038/3.580247/0122/R000000010/R000000039
R000000037/3.978053/0293/R000000038
R000000036/4.420059/0118/R000000037
R000000036/5.531170/0112/R000000037/R000000021
R000000024/4.911177/0041/R000000036
Q000000004/2.469136/0000/R000000001
<NEXT>