#
#  Reaction log file
#  Author: LigBuilder V3 User_Diana
#  Creation time: Sun Mar  1 05:05:23 2026
#  Format:
#  QueryMoleculeId/Cost/SynthesizeId/ReactantId1/ReactantId2/ReactantId3.....
#  Id prefix:
#  Q --- Query Molecule
#  M --- Material
#  R --- Reactant
#
Directory      result/synthesize_HsDHODH/47/DATABASE/
#
Q000000001/6.454152/0000/R000000001
R000000007/1.000000/0000/Guesstimate
R000000006/1.111111/0288/R000000007
R000000005/1.234568/0295/R000000006
R000000009/1.371742/0288/R000000005
R000000010/1.000000/0000/Guesstimate
R000000008/2.635269/0274/R000000009/R000000010
R000000011/10.000000/0000/Guesstimate
R000000008/10.000000/0288/R000000011
R000000005/2.928077/0219/R000000008
R000000012/1.000000/0000/Guesstimate
R000000004/2.482853/0256/R000000005/R000000012
R000000003/2.758726/0155/R000000004
R000000015/1.371742/0228/R000000005
R000000015/1.371742/0286/R000000005
R000000014/1.524158/0156/R000000015
R000000016/1.000000/0000/Guesstimate
R000000013/2.804620/0301/R000000014/R000000016
R000000013/2.804620/0301/R000000014/R000000016
R000000003/3.116245/0188/R000000013
R000000019/1.000000/0000/Guesstimate
M000000020/1.000000/0000/Sigma_BB-28849573
R000000018/2.222222/0056/R000000019/M000000020
R000000017/2.469136/0155/R000000018
R000000022/1.000000/0000/Guesstimate
M000000023/1.000000/0000/Sigma_BB-187184637
R000000021/2.222222/0002/R000000022/M000000023
R000000021/2.222222/0004/R000000022/M000000023
R000000017/2.469136/0197/R000000021
R000000002/5.808736/0122/R000000003/R000000017
R000000025/1.000000/0000/Guesstimate
R000000024/2.482853/0004/R000000005/R000000025
R000000027/1.000000/0000/Guesstimate
R000000026/2.482853/0256/R000000005/R000000027
R000000024/2.758726/0024/R000000026
R000000030/1.000000/0000/Guesstimate
R000000029/3.854596/0122/R000000017/R000000030
R000000028/4.282884/0024/R000000029
M000000032/1.000000/0000/Sigma_BB-28776791
R000000031/3.854596/0122/R000000017/M000000032
R000000028/4.282884/0073/R000000031
R000000002/7.517487/0212/R000000024/R000000028
R000000001/6.454152/0294/R000000002
R000000036/2.758726/0197/R000000024
R000000038/1.000000/0000/Guesstimate
R000000037/2.804620/0301/R000000014/R000000038
R000000039/2.635269/0301/R000000015/R000000038
R000000039/2.635269/0301/R000000015/R000000038
R000000037/2.928077/0156/R000000039
R000000036/3.116245/0188/R000000037
R000000040/1.000000/0000/Guesstimate
R000000035/4.176363/0112/R000000036/R000000040
R000000034/4.640403/0147/R000000035
R000000042/1.000000/0000/Guesstimate
R000000041/4.227355/0301/R000000037/R000000042
R000000041/4.227355/0301/R000000037/R000000042
R000000034/4.697062/0188/R000000041
R000000044/2.222222/0056/R000000012/M000000020
R000000044/2.469136/0041/R000000018
R000000043/2.469136/0219/R000000044
R000000045/8.300000/0000/Guesstimate
R000000043/9.222222/0139/R000000045
R000000033/7.899488/0279/R000000034/R000000043
R000000033/7.899488/0279/R000000034/R000000043
R000000001/8.777209/0294/R000000033
Q000000002/8.356735/0000/R000000046
R000000050/1.000000/0000/Guesstimate
R000000049/3.869837/0224/R000000024/R000000050
R000000048/4.299819/0086/R000000049
R000000048/4.299819/0091/R000000049
M000000053/1.000000/0000/Sigma_BB-180896317
R000000054/1.000000/0000/Guesstimate
R000000052/2.222222/0279/M000000053/R000000054
R000000052/2.222222/0279/M000000053/R000000054
R000000051/2.469136/0294/R000000052
R000000055/2.469136/0228/R000000052
R000000055/2.469136/0286/R000000052
R000000051/2.743484/0296/R000000055
R000000047/7.521061/0112/R000000048/R000000051
R000000056/4.299819/0197/R000000049
R000000057/4.227355/0224/R000000037/R000000050
R000000056/4.697062/0188/R000000057
R000000059/2.222222/0279/M000000053/R000000040
R000000059/2.222222/0279/M000000053/R000000040
R000000058/2.469136/0294/R000000059
R000000061/1.000000/0000/Guesstimate
R000000060/3.854596/0112/R000000051/R000000061
R000000058/4.282884/0197/R000000060
R000000047/7.521061/0112/R000000056/R000000058
R000000046/8.356735/0147/R000000047
R000000064/4.697062/0118/R000000057
R000000065/1.000000/0000/Guesstimate
R000000064/5.808173/0112/R000000057/R000000065
R000000063/5.218957/0040/R000000064
R000000067/1.000000/0000/Guesstimate
R000000066/5.808173/0301/R000000057/R000000067
R000000066/5.808173/0301/R000000057/R000000067
R000000063/6.453526/0073/R000000066
R000000068/2.743484/0092/R000000058
R000000069/1.000000/0000/Guesstimate
R000000068/3.854596/0004/R000000051/R000000069
R000000062/8.847157/0212/R000000063/R000000068
R000000062/8.847157/0212/R000000063/R000000068
R000000046/9.830175/0188/R000000062
Q000000003/6.454152/0000/R000000001
<NEXT>