#
#  Reaction log file
#  Author: LigBuilder V3 User_Diana
#  Creation time: Sun Mar  1 05:08:07 2026
#  Format:
#  QueryMoleculeId/Cost/SynthesizeId/ReactantId1/ReactantId2/ReactantId3.....
#  Id prefix:
#  Q --- Query Molecule
#  M --- Material
#  R --- Reactant
#
Directory      result/synthesize_HsDHODH/168/DATABASE/
#
Q000000001/4.130468/0000/R000000001
M000000003/1.000000/0000/Sigma_BB-68785271
R000000005/1.000000/0000/Guesstimate
R000000007/1.000000/0000/Guesstimate
R000000006/1.111111/0125/R000000007
R000000008/1.000000/0000/Guesstimate
R000000006/2.222222/0112/R000000008/R000000007
R000000004/2.345679/0224/R000000005/R000000006
R000000010/1.000000/0000/Guesstimate
R000000009/2.345679/0224/R000000010/R000000006
R000000004/2.606310/0155/R000000009
R000000002/3.717421/0003/M000000003/R000000004
M000000015/1.000000/0000/Sigma_BB-61877977
R000000014/1.111111/0054/M000000015
R000000013/1.234568/0009/R000000014
M000000016/1.000000/0000/Sigma_BB-31122802
R000000017/1.000000/0000/Guesstimate
R000000013/2.222222/0003/M000000016/R000000017
R000000012/1.371742/0040/R000000013
R000000018/1.000000/0000/Guesstimate
R000000012/2.222222/0004/M000000016/R000000018
R000000011/1.524158/0085/R000000012
R000000019/1.000000/0000/Guesstimate
R000000011/2.222222/0004/M000000016/R000000019
R000000023/1.000000/0000/Guesstimate
R000000022/2.345679/0224/R000000023/R000000006
R000000022/2.606310/0257/R000000004
R000000021/2.606310/0118/R000000022
R000000021/3.717421/0112/R000000022/R000000008
R000000020/2.895900/0041/R000000021
R000000025/1.000000/0000/Guesstimate
R000000024/3.717421/0004/R000000004/R000000025
R000000024/3.717421/0277/R000000004/R000000025
R000000020/4.130468/0009/R000000024
R000000002/4.911176/0049/R000000011/R000000020
R000000001/4.130468/0099/R000000002
R000000026/3.978052/0122/R000000013/R000000022
R000000026/3.978052/0122/R000000013/R000000022
R000000001/4.420058/0041/R000000026
Q000000002/4.130468/0000/R000000001
Q000000003/5.212621/0000/R000000027
R000000029/1.000000/0000/Guesstimate
R000000028/2.222222/0004/R000000018/R000000029
R000000032/1.000000/0000/Guesstimate
R000000031/2.222222/0112/R000000032/R000000029
R000000030/2.469136/0147/R000000031
R000000034/1.000000/0000/Guesstimate
R000000033/2.222222/0003/R000000034/R000000029
R000000030/2.469136/0153/R000000033
R000000028/2.743484/0024/R000000030
R000000037/1.000000/0000/Guesstimate
M000000038/1.000000/0000/Sigma_BB-121339043
R000000036/2.222222/0274/R000000037/M000000038
R000000035/2.469136/0155/R000000036
R000000039/2.222222/0274/R000000019/M000000038
R000000035/2.469136/0197/R000000039
R000000027/5.212621/0004/R000000028/R000000035
R000000040/3.854596/0004/R000000018/R000000035
M000000042/1.000000/0000/Sigma_BB-28524129
R000000041/3.580247/0212/M000000042/R000000039
R000000041/3.580247/0212/M000000042/R000000039
R000000040/3.978053/0024/R000000041
R000000027/5.393995/0004/R000000040/R000000029
Q000000004/Analysis Failed
<NEXT>