#
#  Reaction log file
#  Author: LigBuilder V3 User_Diana
#  Creation time: Wed Feb 25 22:10:03 2026
#  Format:
#  QueryMoleculeId/Cost/SynthesizeId/ReactantId1/ReactantId2/ReactantId3.....
#  Id prefix:
#  Q --- Query Molecule
#  M --- Material
#  R --- Reactant
#
Directory      result/synthesize_HsDHODH/9/DATABASE/
#
Q000000001/6.096632/0000/R000000001
R000000005/1.000000/0000/Guesstimate
R000000006/1.000000/0000/Guesstimate
R000000004/2.222222/0279/R000000005/R000000006
R000000004/2.222222/0279/R000000005/R000000006
R000000008/1.000000/0000/Guesstimate
R000000009/1.000000/0000/Guesstimate
R000000007/2.222222/0122/R000000008/R000000009
R000000007/2.222222/0122/R000000008/R000000009
R000000003/4.938272/0159/R000000004/R000000007
R000000002/5.486969/0287/R000000003
R000000001/6.096632/0024/R000000002
R000000013/1.000000/0000/Guesstimate
R000000012/2.222222/0279/R000000013/R000000006
R000000012/2.222222/0279/R000000013/R000000006
R000000011/4.938272/0159/R000000012/R000000007
R000000015/1.000000/0000/Guesstimate
R000000014/3.580247/0159/R000000012/R000000015
R000000016/1.000000/0000/Guesstimate
R000000011/5.089163/0274/R000000014/R000000016
R000000010/5.486969/0287/R000000011
R000000001/6.096632/0040/R000000010
Q000000002/6.145744/0000/R000000017
M000000021/1.000000/0000/Sigma_BB-28956431
R000000020/3.580247/0159/R000000004/M000000021
R000000019/3.978053/0287/R000000020
R000000022/1.000000/0000/Guesstimate
R000000018/5.531170/0122/R000000019/R000000022
R000000024/3.580247/0159/R000000004/R000000008
R000000023/3.978053/0287/R000000024
R000000025/1.000000/0000/Guesstimate
R000000018/5.531170/0122/R000000023/R000000025
R000000017/6.145744/0024/R000000018
R000000028/3.978053/0287/R000000014
R000000029/9.600000/0000/Guesstimate
R000000028/9.600000/0125/R000000029
R000000027/4.420059/0040/R000000028
R000000030/3.978053/0040/R000000014
R000000027/4.420059/0287/R000000030
M000000033/1.000000/0000/Sigma_BB-332441958
R000000034/1.000000/0000/Guesstimate
R000000032/2.222222/0279/M000000033/R000000034
R000000032/2.222222/0279/M000000033/R000000034
R000000031/2.469136/0228/R000000032
R000000031/2.469136/0286/R000000032
R000000026/7.654661/0274/R000000027/R000000031
R000000017/8.505178/0028/R000000026
Q000000003/6.145744/0000/R000000017
Q000000004/6.145744/0000/R000000017
<NEXT>