#
#  Reaction log file
#  Author: LigBuilder V3 User_Diana
#  Creation time: Wed Feb 25 22:19:17 2026
#  Format:
#  QueryMoleculeId/Cost/SynthesizeId/ReactantId1/ReactantId2/ReactantId3.....
#  Id prefix:
#  Q --- Query Molecule
#  M --- Material
#  R --- Reactant
#
Directory      result/synthesize_HsDHODH/271/DATABASE/
#
Q000000001/4.007011/0000/R000000001
R000000004/1.000000/0000/Guesstimate
M000000006/1.000000/0000/Sigma_BB-234543041
R000000005/1.111111/0287/M000000006
R000000003/2.345679/0174/R000000004/R000000005
R000000007/2.222222/0174/R000000004/M000000006
R000000009/1.000000/0000/Guesstimate
R000000010/1.000000/0000/Guesstimate
R000000008/2.222222/0279/R000000009/R000000010
R000000008/2.222222/0279/R000000009/R000000010
R000000011/1.000000/0000/Guesstimate
R000000007/3.580247/0159/R000000008/R000000011
R000000003/2.469136/0287/R000000007
R000000002/2.606310/0114/R000000003
R000000014/1.000000/0000/Guesstimate
R000000013/3.717421/0174/R000000003/R000000014
R000000013/3.717421/0289/R000000003/R000000014
R000000012/4.130468/0041/R000000013
R000000012/4.130468/0233/R000000013
R000000002/4.589409/0155/R000000012
R000000015/1.000000/0000/Guesstimate
R000000001/4.007011/0274/R000000002/R000000015
R000000019/1.000000/0000/Guesstimate
R000000020/1.000000/0000/Guesstimate
R000000018/2.222222/0112/R000000019/R000000020
R000000021/1.000000/0000/Guesstimate
R000000022/1.000000/0000/Guesstimate
R000000018/2.222222/0274/R000000021/R000000022
R000000017/4.938272/0159/R000000008/R000000018
R000000016/5.486969/0287/R000000017
R000000001/6.096632/0155/R000000016
Q000000002/Analysis Failed
Q000000003/4.282884/0000/R000000023
M000000025/1.000000/0000/Sigma_BB-28826737
M000000028/1.000000/0000/Sigma_BB-28764950
R000000029/1.000000/0000/Guesstimate
R000000027/2.222222/0212/M000000028/R000000029
R000000027/2.222222/0212/M000000028/R000000029
R000000026/2.469136/0087/R000000027
R000000031/1.000000/0000/Guesstimate
R000000030/3.580247/0004/R000000031/R000000027
R000000026/3.978053/0197/R000000030
R000000024/3.854596/0175/M000000025/R000000026
M000000033/1.000000/0000/Sigma_BB-189413541
R000000034/1.000000/0000/Guesstimate
R000000032/2.222222/0004/M000000033/R000000034
R000000036/1.000000/0000/Guesstimate
R000000035/2.222222/0175/M000000025/R000000036
R000000035/2.222222/0290/M000000025/R000000036
R000000032/2.469136/0024/R000000035
R000000038/2.743484/0079/R000000026
R000000039/1.000000/0000/Guesstimate
R000000038/3.854596/0112/R000000026/R000000039
R000000037/3.048316/0040/R000000038
R000000041/1.000000/0000/Guesstimate
R000000040/3.854596/0276/R000000026/R000000041
R000000040/3.854596/0278/R000000026/R000000041
R000000037/4.282884/0024/R000000040
R000000024/5.856154/0212/R000000032/R000000037
R000000023/4.282884/0028/R000000024
R000000044/1.111111/0085/M000000028
R000000043/2.345679/0212/R000000044/R000000029
R000000043/2.345679/0212/R000000044/R000000029
R000000042/5.075447/0212/R000000032/R000000043
R000000042/5.075447/0212/R000000032/R000000043
R000000023/5.639385/0028/R000000042
Q000000004/Analysis Failed
<NEXT>