#
#  Reaction log file
#  Author: LigBuilder V3 User_Diana
#  Creation time: Wed Feb 25 22:11:44 2026
#  Format:
#  QueryMoleculeId/Cost/SynthesizeId/ReactantId1/ReactantId2/ReactantId3.....
#  Id prefix:
#  Q --- Query Molecule
#  M --- Material
#  R --- Reactant
#
Directory      result/synthesize_HsDHODH/70/DATABASE/
#
Q000000001/3.978052/0000/R000000001
M000000004/1.000000/0000/Sigma_BB-28798855
R000000003/1.111111/0114/M000000004
M000000006/1.000000/0000/Sigma_BB-159729459
R000000007/1.000000/0000/Guesstimate
R000000005/2.222222/0004/M000000006/R000000007
R000000008/1.000000/0000/Guesstimate
R000000005/2.222222/0175/M000000004/R000000008
R000000003/2.469136/0197/R000000005
R000000009/1.000000/0000/Guesstimate
R000000002/2.345679/0003/R000000003/R000000009
R000000010/2.345679/0004/R000000003/R000000007
M000000012/1.000000/0000/Sigma_BB-28524129
R000000011/3.580247/0212/R000000005/M000000012
R000000011/3.580247/0212/R000000005/M000000012
R000000010/3.978053/0024/R000000011
R000000013/1.000000/0000/Guesstimate
R000000002/3.717421/0003/R000000010/R000000013
R000000016/1.000000/0000/Guesstimate
R000000015/1.111111/0228/R000000016
R000000017/1.000000/0000/Guesstimate
R000000018/1.000000/0000/Guesstimate
R000000015/2.222222/0277/R000000017/R000000018
R000000014/1.234568/0024/R000000015
R000000019/1.000000/0000/Guesstimate
R000000014/2.222222/0004/R000000019/R000000018
R000000001/3.978052/0049/R000000002/R000000014
R000000022/1.000000/0000/Guesstimate
R000000021/2.345679/0003/R000000003/R000000022
M000000024/1.000000/0000/Sigma_BB-28792337
R000000023/2.222222/0175/M000000004/M000000024
R000000025/1.000000/0000/Guesstimate
R000000023/2.345679/0277/R000000003/R000000025
R000000026/1.000000/0000/Guesstimate
R000000021/3.580247/0003/R000000023/R000000026
R000000020/3.978052/0049/R000000021/R000000014
R000000029/1.000000/0000/Guesstimate
R000000030/1.000000/0000/Guesstimate
R000000028/2.222222/0277/R000000029/R000000030
R000000027/3.580247/0175/M000000004/R000000028
R000000031/2.222222/0277/R000000019/R000000030
R000000032/1.000000/0000/Guesstimate
R000000031/3.580247/0275/R000000028/R000000032
R000000027/4.938272/0212/R000000005/R000000031
R000000020/5.089163/0003/R000000027/R000000026
R000000001/4.420058/0041/R000000020
Q000000002/5.241580/0000/R000000033
R000000035/1.000000/0000/Guesstimate
R000000034/3.717421/0049/R000000002/R000000035
R000000039/2.222222/0112/M000000006/R000000029
R000000039/2.222222/0174/M000000004/R000000029
R000000038/2.469136/0147/R000000039
R000000041/1.000000/0000/Guesstimate
R000000040/2.222222/0175/M000000004/R000000041
R000000042/1.000000/0000/Guesstimate
R000000040/3.580247/0212/R000000005/R000000042
R000000038/2.469136/0155/R000000040
R000000043/1.000000/0000/Guesstimate
R000000037/3.854596/0277/R000000038/R000000043
R000000044/1.000000/0000/Guesstimate
R000000037/3.854596/0301/R000000038/R000000044
R000000036/5.393995/0003/R000000037/R000000026
R000000045/4.282884/0118/R000000037
R000000046/1.000000/0000/Guesstimate
R000000045/5.393995/0112/R000000037/R000000046
R000000036/5.869872/0049/R000000045/R000000019
R000000034/5.993328/0041/R000000036
R000000047/1.000000/0000/Guesstimate
R000000033/5.241580/0011/R000000034/R000000047
M000000049/1.000000/0000/Sigma_BB-31286382
R000000048/3.854596/0004/R000000038/M000000049
R000000050/3.854596/0004/R000000038/R000000007
M000000052/1.000000/0000/Sigma_BB-28776399
R000000051/3.580247/0212/R000000005/M000000052
R000000051/3.717421/0212/R000000010/M000000012
R000000050/3.978053/0024/R000000051
R000000053/1.000000/0000/Guesstimate
R000000048/5.393995/0004/R000000050/R000000053
R000000033/5.393995/0003/R000000048/R000000013
Q000000003/3.978052/0000/R000000001
Q000000004/3.717421/0000/R000000034
<NEXT>