#
#  Reaction log file
#  Author: LigBuilder V3 User_Diana
#  Creation time: Wed Feb 25 22:12:44 2026
#  Format:
#  QueryMoleculeId/Cost/SynthesizeId/ReactantId1/ReactantId2/ReactantId3.....
#  Id prefix:
#  Q --- Query Molecule
#  M --- Material
#  R --- Reactant
#
Directory      result/synthesize_HsDHODH/90/DATABASE/
#
Q000000001/6.096632/0000/R000000001
R000000005/1.000000/0000/Guesstimate
R000000006/1.000000/0000/Guesstimate
R000000004/2.222222/0159/R000000005/R000000006
R000000008/1.000000/0000/Guesstimate
R000000009/1.000000/0000/Guesstimate
R000000007/2.222222/0279/R000000008/R000000009
R000000007/2.222222/0279/R000000008/R000000009
R000000010/1.000000/0000/Guesstimate
R000000004/3.580247/0159/R000000007/R000000010
R000000012/1.000000/0000/Guesstimate
R000000013/1.000000/0000/Guesstimate
R000000011/2.222222/0122/R000000012/R000000013
R000000011/2.222222/0122/R000000012/R000000013
R000000003/4.938272/0175/R000000004/R000000011
R000000003/4.938272/0290/R000000004/R000000011
R000000002/5.486969/0287/R000000003
R000000001/6.096632/0040/R000000002
R000000016/1.000000/0000/Guesstimate
R000000018/1.000000/0000/Guesstimate
R000000017/2.222222/0279/R000000009/R000000018
R000000017/2.222222/0279/R000000009/R000000018
R000000015/3.580247/0159/R000000016/R000000017
R000000020/1.000000/0000/Guesstimate
R000000021/1.000000/0000/Guesstimate
R000000019/2.222222/0012/R000000020/R000000021
R000000019/2.222222/0285/R000000020/R000000021
R000000022/1.000000/0000/Guesstimate
R000000015/3.580247/0159/R000000019/R000000022
R000000024/1.000000/0000/Guesstimate
R000000025/1.000000/0000/Guesstimate
R000000023/2.222222/0004/R000000024/R000000025
R000000027/1.000000/0000/Guesstimate
R000000026/2.222222/0122/R000000027/R000000013
R000000026/2.222222/0122/R000000027/R000000013
R000000023/2.469136/0024/R000000026
R000000014/6.447188/0049/R000000015/R000000023
R000000030/1.000000/0000/Guesstimate
R000000029/1.111111/0040/R000000030
R000000031/1.000000/0000/Guesstimate
R000000029/2.222222/0004/R000000024/R000000031
R000000028/5.212621/0049/R000000015/R000000029
R000000033/1.000000/0000/Guesstimate
R000000032/5.089163/0049/R000000015/R000000033
R000000034/1.000000/0000/Guesstimate
R000000028/6.765737/0012/R000000032/R000000034
R000000035/1.000000/0000/Guesstimate
R000000014/6.902912/0279/R000000028/R000000035
R000000001/7.163543/0059/R000000014
Q000000002/8.505178/0000/R000000036
R000000039/3.978053/0041/R000000015
R000000039/3.978053/0233/R000000015
R000000038/4.420059/0155/R000000039
R000000042/1.000000/0000/Guesstimate
M000000043/1.000000/0000/Sigma_BB-332441958
R000000041/2.222222/0301/R000000042/M000000043
R000000041/2.222222/0301/R000000042/M000000043
R000000040/2.469136/0228/R000000041
R000000040/2.469136/0286/R000000041
R000000037/7.654661/0122/R000000038/R000000040
R000000037/7.654661/0122/R000000038/R000000040
R000000036/8.505178/0028/R000000037
R000000046/3.978053/0093/R000000015
R000000048/1.000000/0000/Guesstimate
R000000049/6.700000/0000/Guesstimate
R000000047/8.555555/0174/R000000048/R000000049
R000000050/8.400000/0000/Guesstimate
R000000047/9.333333/0125/R000000050
R000000051/1.000000/0000/Guesstimate
R000000046/9.555555/0175/R000000047/R000000051
R000000045/4.420059/0040/R000000046
R000000052/5.089163/0049/R000000015/R000000024
R000000045/5.654626/0040/R000000052
M000000055/1.000000/0000/Sigma_BB-28764950
M000000056/1.000000/0000/Sigma_BB-28830272
R000000054/2.222222/0212/M000000055/M000000056
R000000054/2.222222/0212/M000000055/M000000056
R000000053/2.469136/0085/R000000054
R000000058/1.000000/0000/Guesstimate
R000000057/3.580247/0004/R000000054/R000000058
R000000053/3.978053/0197/R000000057
R000000044/7.654661/0212/R000000045/R000000053
R000000044/7.654661/0212/R000000045/R000000053
R000000036/8.505178/0028/R000000044
Q000000003/6.096632/0000/R000000001
<NEXT>