#
#  Reaction log file
#  Author: LigBuilder V3 User_Diana
#  Creation time: Wed Feb 25 22:12:57 2026
#  Format:
#  QueryMoleculeId/Cost/SynthesizeId/ReactantId1/ReactantId2/ReactantId3.....
#  Id prefix:
#  Q --- Query Molecule
#  M --- Material
#  R --- Reactant
#
Directory      result/synthesize_HsDHODH/107/DATABASE/
#
Q000000001/7.207744/0000/R000000001
R000000005/1.000000/0000/Guesstimate
R000000006/1.000000/0000/Guesstimate
R000000004/2.222222/0279/R000000005/R000000006
R000000004/2.222222/0279/R000000005/R000000006
R000000008/1.000000/0000/Guesstimate
R000000009/1.000000/0000/Guesstimate
R000000007/2.222222/0170/R000000008/R000000009
R000000010/1.000000/0000/Guesstimate
R000000011/1.000000/0000/Guesstimate
R000000007/2.222222/0170/R000000010/R000000011
R000000003/4.938272/0159/R000000004/R000000007
R000000013/1.000000/0000/Guesstimate
R000000012/3.580247/0159/R000000004/R000000013
R000000014/9.000000/0000/Guesstimate
R000000012/10.000000/0114/R000000014
R000000016/1.000000/0000/Guesstimate
R000000015/2.222222/0170/R000000011/R000000016
R000000017/1.000000/0000/Guesstimate
R000000015/2.222222/0170/R000000017/R000000009
R000000003/6.447188/0301/R000000012/R000000015
R000000002/5.486969/0287/R000000003
R000000018/3.978053/0287/R000000012
R000000019/9.500000/0040/R000000020
R000000021/9.900000/0000/Guesstimate
R000000019/9.900000/0260/R000000021
R000000018/10.000000/0114/R000000019
R000000002/6.889194/0301/R000000018/R000000015
R000000022/1.000000/0000/Guesstimate
R000000001/7.207744/0018/R000000002/R000000022
R000000025/1.000000/0000/Guesstimate
R000000024/5.531170/0119/R000000018/R000000025
R000000024/5.531170/0280/R000000018/R000000025
R000000028/1.000000/0000/Guesstimate
R000000029/1.000000/0000/Guesstimate
R000000027/2.222222/0301/R000000028/R000000029
R000000027/2.222222/0301/R000000028/R000000029
R000000026/2.469136/0041/R000000027
R000000026/3.580247/0018/R000000015/R000000022
R000000023/8.889229/0301/R000000024/R000000026
R000000023/8.889229/0301/R000000024/R000000026
R000000001/9.876921/0024/R000000023
Q000000002/7.468375/0000/R000000030
R000000034/1.000000/0000/Guesstimate
R000000035/1.000000/0000/Guesstimate
R000000033/2.222222/0003/R000000034/R000000035
R000000036/1.000000/0000/Guesstimate
R000000037/1.000000/0000/Guesstimate
R000000033/2.222222/0049/R000000036/R000000037
R000000038/1.000000/0000/Guesstimate
R000000032/3.580247/0012/R000000033/R000000038
R000000040/1.000000/0000/Guesstimate
R000000039/2.222222/0285/R000000040/R000000038
R000000041/1.000000/0000/Guesstimate
R000000032/3.580247/0112/R000000039/R000000041
R000000044/1.000000/0000/Guesstimate
R000000045/1.000000/0000/Guesstimate
R000000043/2.222222/0170/R000000044/R000000045
R000000046/1.000000/0000/Guesstimate
R000000047/1.000000/0000/Guesstimate
R000000043/2.222222/0170/R000000046/R000000047
R000000042/2.469136/0082/R000000043
R000000049/1.000000/0000/Guesstimate
R000000048/2.222222/0170/R000000049/R000000045
R000000050/1.000000/0000/Guesstimate
R000000048/2.222222/0170/R000000050/R000000047
R000000042/3.580247/0112/R000000016/R000000048
R000000031/6.721537/0159/R000000032/R000000042
R000000053/1.000000/0000/Guesstimate
R000000052/2.222222/0285/R000000053/R000000022
R000000051/2.469136/0082/R000000052
R000000054/2.222222/0004/R000000034/R000000037
R000000051/3.580247/0049/R000000054/R000000022
R000000057/1.000000/0000/Guesstimate
R000000058/1.000000/0000/Guesstimate
R000000056/2.222222/0279/R000000057/R000000058
R000000056/2.222222/0279/R000000057/R000000058
R000000055/3.580247/0170/R000000056/R000000045
R000000060/1.000000/0000/Guesstimate
R000000059/2.222222/0279/R000000057/R000000060
R000000059/2.469136/0156/R000000056
R000000055/3.580247/0170/R000000059/R000000047
R000000031/6.721537/0159/R000000051/R000000055
R000000030/7.468375/0041/R000000031
R000000064/1.000000/0000/Guesstimate
R000000063/5.089163/0159/R000000032/R000000064
R000000062/5.654626/0114/R000000063
R000000066/1.000000/0000/Guesstimate
R000000065/5.089163/0159/R000000032/R000000066
R000000062/5.654626/0155/R000000065
R000000061/6.282918/0041/R000000062
R000000067/5.654626/0041/R000000063
R000000067/5.654626/0233/R000000063
R000000061/6.282918/0114/R000000067
R000000030/8.092132/0170/R000000061/R000000045
Q000000003/7.468375/0000/R000000030
<NEXT>