#
#  Reaction log file
#  Author: LigBuilder V3 User_Diana
#  Creation time: Wed Feb 25 22:15:18 2026
#  Format:
#  QueryMoleculeId/Cost/SynthesizeId/ReactantId1/ReactantId2/ReactantId3.....
#  Id prefix:
#  Q --- Query Molecule
#  M --- Material
#  R --- Reactant
#
Directory      result/synthesize_HsDHODH/161/DATABASE/
#
Q000000001/2.758726/0000/R000000001
M000000005/1.000000/0000/Sigma_BB-40672237
R000000004/1.111111/0287/M000000005
R000000003/1.234568/0299/R000000004
M000000006/1.000000/0000/Sigma_BB-27088669
R000000008/1.000000/0000/Guesstimate
R000000009/1.000000/0000/Guesstimate
R000000007/2.222222/0279/R000000008/R000000009
R000000007/2.222222/0279/R000000008/R000000009
R000000003/3.580247/0159/M000000006/R000000007
R000000010/1.000000/0000/Guesstimate
R000000002/2.482853/0003/R000000003/R000000010
R000000012/1.371742/0197/R000000003
R000000013/1.000000/0000/Guesstimate
R000000011/2.635269/0004/R000000012/R000000013
R000000015/1.000000/0000/Guesstimate
R000000014/2.635269/0004/R000000012/R000000015
R000000011/2.928077/0155/R000000014
M000000016/1.000000/0000/Sigma_BB-28758786
R000000002/4.039188/0049/R000000011/M000000016
R000000001/2.758726/0147/R000000002
M000000020/1.000000/0000/Sigma_BB-90496698
R000000019/1.111111/0299/M000000020
R000000018/1.234568/0114/R000000019
R000000021/1.111111/0114/M000000020
R000000018/1.234568/0299/R000000021
M000000022/1.000000/0000/Sigma_BB-28758528
R000000017/2.482853/0003/R000000018/M000000022
R000000025/1.000000/0000/Guesstimate
R000000024/1.111111/0040/R000000025
R000000026/1.000000/0000/Guesstimate
R000000027/1.000000/0000/Guesstimate
R000000024/2.222222/0004/R000000026/R000000027
R000000023/2.469136/0175/R000000019/R000000024
R000000023/2.469136/0290/R000000019/R000000024
R000000028/1.000000/0000/Guesstimate
R000000017/3.854596/0003/R000000023/R000000028
R000000001/2.758726/0147/R000000017
Q000000002/2.758726/0000/R000000029
R000000031/1.000000/0000/Guesstimate
R000000030/2.482853/0003/R000000003/R000000031
R000000034/1.000000/0000/Guesstimate
R000000033/1.111111/0054/R000000034
R000000035/1.000000/0000/Guesstimate
R000000033/2.222222/0004/R000000031/R000000035
R000000032/1.234568/0009/R000000033
R000000036/1.000000/0000/Guesstimate
R000000037/1.000000/0000/Guesstimate
R000000032/2.222222/0003/R000000036/R000000037
R000000030/4.299819/0049/R000000011/R000000032
R000000029/2.758726/0147/R000000030
R000000039/1.111111/0040/R000000034
R000000041/1.000000/0000/Guesstimate
R000000040/1.111111/0283/R000000041
R000000039/1.234568/0024/R000000040
R000000038/2.606310/0003/R000000018/R000000039
R000000042/2.635269/0003/R000000012/R000000037
R000000043/2.482853/0004/R000000018/R000000035
R000000043/2.482853/0277/R000000018/R000000035
R000000042/2.758726/0009/R000000043
R000000044/2.222222/0004/R000000036/R000000013
R000000046/1.000000/0000/Guesstimate
R000000045/2.222222/0277/R000000036/R000000046
R000000047/1.000000/0000/Guesstimate
R000000045/2.222222/0301/R000000036/R000000047
R000000044/2.469136/0024/R000000045
R000000038/5.397213/0049/R000000042/R000000044
R000000029/2.895900/0147/R000000038
Q000000003/2.758726/0000/R000000048
M000000050/1.000000/0000/Sigma_BB-28776798
R000000049/2.482853/0003/R000000003/M000000050
M000000053/1.000000/0000/Sigma_BB-28956431
R000000052/1.111111/0054/M000000053
R000000052/2.222222/0004/M000000050/R000000035
R000000051/1.234568/0009/R000000052
M000000054/1.000000/0000/Sigma_BB-28769469
R000000051/2.222222/0003/M000000054/R000000037
R000000049/4.299819/0049/R000000011/R000000051
R000000048/2.758726/0147/R000000049
R000000056/2.222222/0004/M000000054/R000000027
M000000058/1.000000/0000/Sigma_BB-30476556
R000000057/2.222222/0169/M000000058/R000000027
M000000059/1.000000/0000/Sigma_BB-161541518
M000000060/1.000000/0000/Sigma_BB-28524129
R000000057/2.222222/0212/M000000059/M000000060
R000000056/2.469136/0024/R000000057
R000000055/3.840878/0003/R000000012/R000000056
R000000061/2.482853/0004/R000000012/R000000027
R000000063/1.000000/0000/Guesstimate
R000000062/2.345679/0175/R000000019/R000000063
R000000062/2.345679/0290/R000000019/R000000063
R000000061/2.606310/0024/R000000062
R000000055/3.869837/0003/R000000061/M000000054
R000000048/4.267643/0147/R000000055
Q000000004/4.420059/0000/R000000064
M000000068/1.000000/0000/Sigma_BB-27087877
R000000067/1.111111/0086/M000000068
M000000069/1.000000/0000/Sigma_BB-28792542
R000000067/2.222222/0004/M000000069/R000000027
M000000071/1.000000/0000/Sigma_BB-28764950
R000000070/1.111111/0197/M000000071
R000000066/2.469136/0212/R000000067/R000000070
R000000066/2.469136/0212/R000000067/R000000070
R000000065/3.978053/0175/R000000019/R000000066
M000000074/1.000000/0000/Sigma_BB-70700816
R000000073/2.345679/0212/M000000074/R000000070
R000000073/2.345679/0212/M000000074/R000000070
R000000072/2.606310/0024/R000000073
R000000076/1.000000/0000/Guesstimate
R000000075/2.345679/0212/R000000076/R000000070
R000000075/2.345679/0212/R000000076/R000000070
R000000072/3.717421/0004/R000000075/R000000027
R000000065/5.639385/0212/R000000023/R000000072
R000000064/4.420059/0028/R000000065
M000000080/1.000000/0000/Sigma_BB-28798980
M000000081/1.000000/0000/Sigma_BB-28830366
R000000079/2.222222/0004/M000000080/M000000081
R000000079/2.222222/0277/M000000080/M000000081
R000000078/2.469136/0197/R000000079
M000000083/1.000000/0000/Sigma_BB-28760742
R000000082/1.111111/0086/M000000083
R000000084/1.000000/0000/Guesstimate
R000000082/2.222222/0004/R000000027/R000000084
M000000086/1.000000/0000/Sigma_BB-130314282
R000000085/1.111111/0228/M000000086
R000000085/1.111111/0286/M000000086
R000000078/2.469136/0212/R000000082/R000000085
R000000077/3.978053/0175/R000000019/R000000078
M000000089/1.000000/0000/Sigma_BB-28776399
R000000088/2.345679/0212/M000000089/R000000085
R000000088/2.345679/0212/M000000089/R000000085
R000000087/2.606310/0024/R000000088
R000000090/2.345679/0212/R000000013/R000000085
R000000090/2.345679/0212/R000000013/R000000085
R000000087/3.717421/0004/R000000090/R000000027
R000000077/5.639385/0212/R000000023/R000000087
R000000064/4.420059/0028/R000000077
<NEXT>