#
#  Reaction log file
#  Author: LigBuilder V3 User_Diana
#  Creation time: Wed Feb 25 22:14:58 2026
#  Format:
#  QueryMoleculeId/Cost/SynthesizeId/ReactantId1/ReactantId2/ReactantId3.....
#  Id prefix:
#  Q --- Query Molecule
#  M --- Material
#  R --- Reactant
#
Directory      result/synthesize_HsDHODH/165/DATABASE/
#
Q000000001/4.420059/0000/R000000001
M000000004/1.000000/0000/Sigma_BB-90496698
R000000003/1.111111/0299/M000000004
M000000007/1.000000/0000/Sigma_BB-28760742
R000000006/1.111111/0086/M000000007
R000000008/1.000000/0000/Guesstimate
R000000009/1.000000/0000/Guesstimate
R000000006/2.222222/0004/R000000008/R000000009
M000000011/1.000000/0000/Sigma_BB-28764950
R000000010/1.111111/0197/M000000011
R000000005/2.469136/0212/R000000006/R000000010
R000000005/2.469136/0212/R000000006/R000000010
R000000002/3.978053/0175/R000000003/R000000005
R000000013/1.000000/0000/Guesstimate
R000000012/2.345679/0175/R000000003/R000000013
R000000015/1.000000/0000/Guesstimate
R000000014/2.345679/0175/R000000003/R000000015
R000000014/2.345679/0290/R000000003/R000000015
R000000012/2.606310/0260/R000000014
M000000018/1.000000/0000/Sigma_BB-70700816
R000000017/2.345679/0212/M000000018/R000000010
R000000017/2.345679/0212/M000000018/R000000010
R000000016/2.606310/0024/R000000017
R000000019/2.743484/0079/R000000005
R000000020/1.000000/0000/Guesstimate
R000000019/3.854596/0112/R000000005/R000000020
R000000016/3.048316/0040/R000000019
R000000002/5.502210/0212/R000000012/R000000016
R000000001/4.420059/0028/R000000002
M000000024/1.000000/0000/Sigma_BB-28792542
M000000025/1.000000/0000/Sigma_BB-28830366
R000000023/2.222222/0004/M000000024/M000000025
R000000023/2.222222/0277/M000000024/M000000025
R000000022/2.469136/0197/R000000023
R000000026/1.111111/0085/M000000025
R000000022/2.469136/0212/R000000006/R000000026
R000000021/3.978053/0175/R000000003/R000000022
R000000028/2.345679/0212/M000000018/R000000026
R000000028/2.345679/0212/M000000018/R000000026
R000000027/2.606310/0024/R000000028
R000000029/2.743484/0079/R000000022
R000000029/3.854596/0112/R000000022/R000000020
R000000027/3.048316/0040/R000000029
R000000021/5.502210/0212/R000000012/R000000027
R000000001/4.420059/0028/R000000021
Q000000002/4.420059/0000/R000000001
Q000000003/4.420059/0000/R000000001
<NEXT>