#
#  Reaction log file
#  Author: LigBuilder V3 User_Diana
#  Creation time: Wed Feb 25 22:19:31 2026
#  Format:
#  QueryMoleculeId/Cost/SynthesizeId/ReactantId1/ReactantId2/ReactantId3.....
#  Id prefix:
#  Q --- Query Molecule
#  M --- Material
#  R --- Reactant
#
Directory      result/synthesize_HsDHODH/282/DATABASE/
#
Q000000001/4.572474/0000/R000000001
M000000005/1.000000/0000/Sigma_BB-152390897
R000000004/1.111111/0287/M000000005
R000000003/1.234568/0299/R000000004
R000000003/1.234568/0299/R000000004
R000000008/1.000000/0000/Guesstimate
R000000009/1.000000/0000/Guesstimate
R000000007/2.222222/0277/R000000008/R000000009
R000000010/1.000000/0000/Guesstimate
R000000007/2.222222/0301/R000000008/R000000010
R000000006/2.469136/0099/R000000007
R000000012/1.000000/0000/Guesstimate
R000000011/2.222222/0277/R000000008/R000000012
R000000006/2.469136/0122/R000000011
R000000002/4.115227/0231/R000000003/R000000006
R000000014/1.000000/0000/Guesstimate
R000000013/2.482853/0231/R000000003/R000000014
R000000015/2.345679/0231/R000000004/R000000014
R000000013/2.606310/0299/R000000015
R000000018/1.000000/0000/Guesstimate
R000000017/2.222222/0277/R000000018/R000000009
R000000017/2.222222/0301/R000000018/R000000010
R000000016/2.469136/0099/R000000017
R000000019/2.222222/0277/R000000018/R000000012
R000000016/2.469136/0122/R000000019
R000000002/5.502210/0279/R000000013/R000000016
R000000001/4.572474/0294/R000000002
R000000023/1.000000/0000/Guesstimate
R000000022/2.222222/0277/R000000023/R000000009
R000000022/2.222222/0301/R000000023/R000000010
R000000021/2.469136/0099/R000000022
R000000024/2.222222/0277/R000000023/R000000012
R000000021/2.469136/0122/R000000024
R000000020/4.115227/0231/R000000003/R000000021
R000000026/1.000000/0000/Guesstimate
R000000025/2.482853/0231/R000000003/R000000026
R000000027/2.345679/0231/R000000004/R000000026
R000000025/2.606310/0299/R000000027
R000000020/5.502210/0279/R000000025/R000000021
R000000001/4.572474/0294/R000000020
Q000000002/4.640403/0000/R000000028
R000000032/1.000000/0000/Guesstimate
R000000031/2.482853/0231/R000000003/R000000032
R000000033/1.000000/0000/Guesstimate
R000000031/3.869837/0279/R000000013/R000000033
R000000030/2.758726/0294/R000000031
R000000036/1.000000/0000/Guesstimate
R000000035/3.869837/0279/R000000013/R000000036
R000000035/3.869837/0279/R000000013/R000000036
R000000034/4.299819/0294/R000000035
R000000030/4.777577/0197/R000000034
R000000037/1.000000/0000/Guesstimate
R000000029/4.176363/0003/R000000030/R000000037
R000000039/1.000000/0000/Guesstimate
R000000038/4.176363/0112/R000000030/R000000039
R000000040/3.065251/0217/R000000030
R000000041/1.000000/0000/Guesstimate
R000000038/4.516946/0049/R000000040/R000000041
R000000043/1.000000/0000/Guesstimate
R000000042/2.222222/0004/R000000043/R000000041
R000000042/9.888888/0024/R000000044
R000000029/7.109539/0049/R000000038/R000000042
R000000028/4.640403/0147/R000000029
M000000047/1.000000/0000/Sigma_BB-28457967
M000000049/1.000000/0000/Sigma_BB-152403104
R000000048/1.111111/0085/M000000049
R000000046/2.345679/0212/M000000047/R000000048
R000000046/2.345679/0212/M000000047/R000000048
R000000045/7.383887/0212/R000000034/R000000046
R000000045/7.383887/0212/R000000034/R000000046
R000000028/8.204319/0028/R000000045
Q000000003/4.640403/0000/R000000028
<NEXT>