#
#  Reaction log file
#  Author: LigBuilder V3 User_Diana
#  Creation time: Wed Feb 25 22:17:06 2026
#  Format:
#  QueryMoleculeId/Cost/SynthesizeId/ReactantId1/ReactantId2/ReactantId3.....
#  Id prefix:
#  Q --- Query Molecule
#  M --- Material
#  R --- Reactant
#
Directory      result/synthesize_HsDHODH/224/DATABASE/
#
Q000000001/Analysis Failed
Q000000002/Analysis Failed
Q000000003/7.055328/0000/R000000001
M000000005/1.000000/0000/Sigma_BB-316039288
R000000004/1.111111/0299/M000000005
M000000007/1.000000/0000/Sigma_BB-161564803
R000000006/1.111111/0299/M000000007
R000000004/1.234568/0197/R000000006
R000000008/1.000000/0000/Guesstimate
R000000003/2.345679/0004/R000000004/R000000008
R000000010/1.000000/0000/Guesstimate
R000000009/2.345679/0003/R000000004/R000000010
R000000003/2.606310/0040/R000000009
R000000013/1.000000/0000/Guesstimate
R000000014/1.000000/0000/Guesstimate
R000000012/2.222222/0276/R000000013/R000000014
R000000012/2.222222/0278/R000000013/R000000014
R000000011/2.469136/0276/R000000012
R000000015/2.222222/0276/R000000013/R000000014
R000000015/2.222222/0278/R000000013/R000000014
R000000011/2.469136/0276/R000000015
R000000002/5.349795/0004/R000000003/R000000011
R000000016/3.854596/0004/R000000008/R000000011
R000000017/3.854596/0003/R000000011/R000000010
R000000016/4.282884/0040/R000000017
R000000002/5.517452/0004/R000000004/R000000016
R000000018/1.000000/0000/Guesstimate
R000000001/7.055328/0212/R000000002/R000000018
R000000001/7.055328/0212/R000000002/R000000018
<NEXT>