#
#  Reaction log file
#  Author: LigBuilder V3 User_Diana
#  Creation time: Wed Feb 25 22:17:31 2026
#  Format:
#  QueryMoleculeId/Cost/SynthesizeId/ReactantId1/ReactantId2/ReactantId3.....
#  Id prefix:
#  Q --- Query Molecule
#  M --- Material
#  R --- Reactant
#
Directory      result/synthesize_HsDHODH/232/DATABASE/
#
Q000000001/5.654626/0000/R000000001
R000000004/1.000000/0000/Guesstimate
R000000006/1.000000/0000/Guesstimate
R000000007/1.000000/0000/Guesstimate
R000000005/2.222222/0279/R000000006/R000000007
R000000005/2.222222/0279/R000000006/R000000007
R000000003/3.580247/0159/R000000004/R000000005
R000000009/1.000000/0000/Guesstimate
R000000010/1.000000/0000/Guesstimate
R000000008/2.222222/0012/R000000009/R000000010
R000000008/2.222222/0285/R000000009/R000000010
R000000011/1.000000/0000/Guesstimate
R000000003/3.580247/0159/R000000008/R000000011
R000000012/1.000000/0000/Guesstimate
R000000002/5.089163/0119/R000000003/R000000012
R000000015/1.000000/0000/Guesstimate
R000000014/2.222222/0279/R000000006/R000000015
R000000014/2.222222/0279/R000000006/R000000015
R000000016/1.000000/0000/Guesstimate
R000000013/3.580247/0224/R000000014/R000000016
R000000017/2.222222/0224/R000000015/R000000016
R000000013/3.580247/0279/R000000006/R000000017
R000000002/5.089163/0159/R000000004/R000000013
R000000001/5.654626/0024/R000000002
R000000021/1.000000/0000/Guesstimate
R000000022/1.000000/0000/Guesstimate
R000000020/2.222222/0174/R000000021/R000000022
R000000020/2.222222/0289/R000000021/R000000022
R000000019/2.469136/0197/R000000020
R000000023/7.400000/0000/Guesstimate
R000000019/8.222222/0091/R000000023
R000000026/1.000000/0000/Guesstimate
R000000025/3.580247/0159/R000000026/R000000005
R000000024/5.089163/0119/R000000025/R000000012
R000000028/1.000000/0000/Guesstimate
R000000027/5.089163/0119/R000000025/R000000028
R000000027/5.089163/0280/R000000025/R000000028
R000000024/5.654626/0147/R000000027
R000000018/8.398110/0112/R000000019/R000000024
R000000031/1.000000/0000/Guesstimate
R000000030/3.854596/0004/R000000019/R000000031
R000000030/9.333333/0001/R000000023/R000000031
R000000032/1.000000/0000/Guesstimate
R000000029/5.393995/0049/R000000030/R000000032
R000000029/10.000000/0082/R000000033
R000000018/9.971380/0159/R000000029/R000000013
R000000001/9.331234/0025/R000000018
Q000000002/Analysis Failed
Q000000003/5.654626/0000/R000000034
R000000038/1.000000/0000/Guesstimate
R000000039/1.000000/0000/Guesstimate
R000000037/2.222222/0279/R000000038/R000000039
R000000037/2.222222/0279/R000000038/R000000039
R000000040/1.000000/0000/Guesstimate
R000000036/3.580247/0159/R000000037/R000000040
R000000041/9.700000/0000/Guesstimate
R000000036/9.700000/0164/R000000041
R000000042/1.000000/0000/Guesstimate
R000000035/5.089163/0031/R000000036/R000000042
R000000034/5.654626/0041/R000000035
R000000046/1.000000/0000/Guesstimate
R000000045/2.222222/0279/R000000039/R000000046
R000000045/2.222222/0279/R000000039/R000000046
R000000044/3.580247/0159/R000000040/R000000045
R000000047/1.000000/0000/Guesstimate
R000000043/5.089163/0277/R000000044/R000000047
R000000034/5.654626/0099/R000000043
<NEXT>