#
#  Reaction log file
#  Author: LigBuilder V3 User_Diana
#  Creation time: Wed Feb 25 22:20:04 2026
#  Format:
#  QueryMoleculeId/Cost/SynthesizeId/ReactantId1/ReactantId2/ReactantId3.....
#  Id prefix:
#  Q --- Query Molecule
#  M --- Material
#  R --- Reactant
#
Directory      result/synthesize_HsDHODH/299/DATABASE/
#
Q000000001/7.207744/0000/R000000001
R000000005/1.000000/0000/Guesstimate
R000000006/1.000000/0000/Guesstimate
R000000004/2.222222/0279/R000000005/R000000006
R000000004/2.222222/0279/R000000005/R000000006
R000000008/1.000000/0000/Guesstimate
R000000009/1.000000/0000/Guesstimate
R000000007/2.222222/0276/R000000008/R000000009
R000000007/2.222222/0278/R000000008/R000000009
R000000003/4.938272/0159/R000000004/R000000007
R000000011/1.000000/0000/Guesstimate
R000000013/1.000000/0000/Guesstimate
R000000012/2.222222/0276/R000000013/R000000009
R000000012/2.222222/0278/R000000013/R000000009
R000000010/3.580247/0285/R000000011/R000000012
R000000014/1.000000/0000/Guesstimate
R000000003/5.089163/0159/R000000010/R000000014
R000000002/5.486969/0287/R000000003
R000000016/5.089163/0159/R000000010/R000000009
R000000015/5.654626/0287/R000000016
R000000002/6.282918/0299/R000000015
R000000017/1.000000/0000/Guesstimate
R000000001/7.207744/0274/R000000002/R000000017
R000000019/1.000000/0000/Guesstimate
R000000022/1.000000/0000/Guesstimate
R000000023/1.000000/0000/Guesstimate
R000000021/2.222222/0279/R000000022/R000000023
R000000021/2.222222/0279/R000000022/R000000023
R000000020/4.938272/0159/R000000021/R000000012
R000000024/3.580247/0159/R000000021/R000000013
R000000020/5.089163/0276/R000000024/R000000009
R000000018/6.598080/0174/R000000019/R000000020
R000000025/5.089163/0174/R000000019/R000000024
R000000025/5.089163/0289/R000000019/R000000024
R000000018/6.765737/0276/R000000025/R000000009
R000000001/7.331201/0197/R000000018
Q000000002/Analysis Failed
Q000000003/7.468375/0000/R000000026
R000000030/1.000000/0000/Guesstimate
R000000031/1.000000/0000/Guesstimate
R000000029/2.222222/0279/R000000030/R000000031
R000000029/2.222222/0279/R000000030/R000000031
R000000028/2.469136/0079/R000000029
R000000033/1.000000/0000/Guesstimate
R000000032/2.222222/0279/R000000033/R000000031
R000000032/2.222222/0279/R000000033/R000000031
R000000028/2.469136/0082/R000000032
R000000036/1.000000/0000/Guesstimate
R000000037/1.000000/0000/Guesstimate
R000000035/2.222222/0018/R000000036/R000000037
R000000038/1.000000/0000/Guesstimate
R000000034/3.580247/0169/R000000035/R000000038
M000000040/1.000000/0000/Sigma_BB-28524129
R000000039/3.580247/0169/R000000035/M000000040
R000000041/1.000000/0000/Guesstimate
R000000042/1.000000/0000/Guesstimate
R000000039/4.691358/0225/R000000035/R000000041/R000000042
R000000034/3.978053/0193/R000000039
R000000027/6.721537/0159/R000000028/R000000034
R000000043/5.212621/0159/R000000028/R000000035
R000000044/3.854596/0159/R000000028/R000000036
R000000043/5.393995/0018/R000000044/R000000037
R000000027/6.902912/0169/R000000043/R000000038
R000000026/7.468375/0153/R000000027
R000000048/1.000000/0000/Guesstimate
R000000047/2.222222/0279/R000000030/R000000048
R000000047/2.222222/0279/R000000030/R000000048
R000000046/2.469136/0079/R000000047
R000000049/2.222222/0279/R000000033/R000000048
R000000049/2.222222/0279/R000000033/R000000048
R000000046/2.469136/0082/R000000049
R000000045/6.721537/0159/R000000046/R000000034
R000000051/3.854596/0159/R000000046/R000000036
R000000050/5.393995/0018/R000000051/R000000037
R000000050/5.791801/0091/R000000043
R000000045/7.104439/0169/R000000050/R000000038
R000000026/7.468375/0154/R000000045
<NEXT>