#
#  Reaction log file
#  Author: LigBuilder V3 User_Diana
#  Creation time: Wed Feb 25 22:17:37 2026
#  Format:
#  QueryMoleculeId/Cost/SynthesizeId/ReactantId1/ReactantId2/ReactantId3.....
#  Id prefix:
#  Q --- Query Molecule
#  M --- Material
#  R --- Reactant
#
Directory      result/synthesize_HsDHODH/240/DATABASE/
#
Q000000001/4.911177/0000/R000000001
M000000006/1.000000/0000/Sigma_BB-89724395
R000000007/1.000000/0000/Guesstimate
R000000005/2.222222/0004/M000000006/R000000007
R000000008/1.000000/0000/Guesstimate
R000000009/1.000000/0000/Guesstimate
R000000005/3.333333/0225/M000000006/R000000008/R000000009
R000000004/2.469136/0087/R000000005
R000000003/2.743484/0079/R000000004
R000000003/3.854596/0112/R000000004/R000000008
M000000012/1.000000/0000/Sigma_BB-100877118
R000000011/1.111111/0054/M000000012
R000000010/1.234568/0009/R000000011
R000000013/1.000000/0000/Guesstimate
M000000014/1.000000/0000/Sigma_BB-28769352
R000000010/2.222222/0003/R000000013/M000000014
R000000002/4.420059/0122/R000000003/R000000010
R000000002/4.420059/0122/R000000003/R000000010
R000000001/4.911177/0041/R000000002
R000000017/1.000000/0000/Guesstimate
R000000016/2.222222/0004/M000000006/R000000017
R000000018/1.000000/0000/Guesstimate
R000000016/3.580247/0004/R000000005/R000000018
M000000021/1.000000/0000/Sigma_BB-28764950
R000000020/2.222222/0004/M000000021/M000000014
R000000019/2.469136/0197/R000000020
R000000015/5.212621/0212/R000000016/R000000019
R000000015/5.212621/0212/R000000016/R000000019
R000000001/5.791801/0028/R000000015
Q000000002/4.911177/0000/R000000022
M000000026/1.000000/0000/Sigma_BB-117833279
R000000025/1.111111/0054/M000000026
R000000024/1.234568/0009/R000000025
M000000027/1.000000/0000/Sigma_BB-28805551
R000000024/2.222222/0003/R000000013/M000000027
R000000023/4.420059/0122/R000000003/R000000024
R000000023/4.420059/0122/R000000003/R000000024
R000000022/4.911177/0041/R000000023
R000000030/2.222222/0004/M000000021/M000000027
R000000029/2.469136/0197/R000000030
R000000028/5.212621/0212/R000000016/R000000029
R000000028/5.212621/0212/R000000016/R000000029
R000000022/5.791801/0028/R000000028
Q000000003/5.791801/0000/R000000031
R000000035/1.000000/0000/Guesstimate
R000000034/2.222222/0256/M000000006/R000000035
R000000033/2.469136/0155/R000000034
R000000033/3.048316/0041/R000000003
M000000037/1.000000/0000/Sigma_BB-370706449
R000000036/2.222222/0003/R000000013/M000000037
R000000039/1.000000/0000/Guesstimate
R000000038/2.345679/0174/R000000011/R000000039
R000000038/2.345679/0289/R000000011/R000000039
R000000036/2.606310/0009/R000000038
R000000032/5.212621/0122/R000000033/R000000036
R000000032/5.212621/0122/R000000033/R000000036
R000000031/5.791801/0059/R000000032
R000000042/1.111111/0059/M000000037
R000000043/1.000000/0000/Guesstimate
R000000042/2.222222/0224/M000000037/R000000043
R000000041/2.345679/0003/R000000013/R000000042
R000000044/1.234568/0125/R000000042
R000000044/2.345679/0112/R000000039/R000000042
R000000045/1.000000/0000/Guesstimate
R000000041/2.482853/0049/R000000044/R000000045
R000000040/5.654626/0122/R000000003/R000000041
R000000040/5.654626/0122/R000000003/R000000041
R000000031/6.282918/0041/R000000040
<NEXT>