#
#  Reaction log file
#  Author: LigBuilder V3 User_Diana
#  Creation time: Wed Feb 25 22:13:10 2026
#  Format:
#  QueryMoleculeId/Cost/SynthesizeId/ReactantId1/ReactantId2/ReactantId3.....
#  Id prefix:
#  Q --- Query Molecule
#  M --- Material
#  R --- Reactant
#
Directory      result/synthesize_HsDHODH/106/DATABASE/
#
Q000000001/5.993328/0000/R000000001
R000000003/1.000000/0000/Guesstimate
R000000007/1.000000/0000/Guesstimate
R000000008/1.000000/0000/Guesstimate
R000000006/2.222222/0279/R000000007/R000000008
R000000006/2.222222/0279/R000000007/R000000008
R000000005/2.469136/0125/R000000006
R000000009/1.000000/0000/Guesstimate
R000000005/3.580247/0112/R000000006/R000000009
R000000010/1.000000/0000/Guesstimate
R000000004/3.854596/0224/R000000005/R000000010
R000000012/1.000000/0000/Guesstimate
R000000011/3.854596/0224/R000000005/R000000012
R000000004/4.282884/0228/R000000011
R000000002/5.393995/0159/R000000003/R000000004
R000000013/3.580247/0159/R000000003/R000000006
R000000015/1.000000/0000/Guesstimate
R000000016/1.000000/0000/Guesstimate
R000000014/2.222222/0012/R000000015/R000000016
R000000014/2.222222/0285/R000000015/R000000016
R000000017/1.000000/0000/Guesstimate
R000000013/3.580247/0159/R000000014/R000000017
R000000020/1.000000/0000/Guesstimate
R000000021/1.000000/0000/Guesstimate
R000000019/2.222222/0112/R000000020/R000000021
R000000022/1.000000/0000/Guesstimate
R000000023/1.000000/0000/Guesstimate
R000000019/2.222222/0170/R000000022/R000000023
R000000018/2.469136/0147/R000000019
R000000025/1.000000/0000/Guesstimate
R000000024/2.222222/0170/R000000025/R000000023
R000000026/1.000000/0000/Guesstimate
R000000027/1.000000/0000/Guesstimate
R000000024/2.222222/0170/R000000026/R000000027
R000000018/2.469136/0155/R000000024
R000000002/6.721537/0112/R000000013/R000000018
R000000001/5.993328/0147/R000000002
R000000031/1.000000/0000/Guesstimate
R000000030/2.222222/0279/R000000031/R000000007
R000000030/2.222222/0279/R000000031/R000000007
R000000033/1.000000/0000/Guesstimate
R000000032/2.222222/0170/R000000033/R000000010
R000000034/1.000000/0000/Guesstimate
R000000035/1.000000/0000/Guesstimate
R000000032/2.222222/0170/R000000034/R000000035
R000000029/4.938272/0159/R000000030/R000000032
R000000037/1.000000/0000/Guesstimate
R000000038/1.000000/0000/Guesstimate
R000000036/2.222222/0159/R000000037/R000000038
R000000039/1.000000/0000/Guesstimate
R000000036/3.580247/0159/R000000030/R000000039
R000000040/2.222222/0170/R000000010/R000000021
R000000041/1.000000/0000/Guesstimate
R000000040/2.222222/0170/R000000041/R000000035
R000000029/4.938272/0175/R000000036/R000000040
R000000028/5.486969/0287/R000000029
R000000001/6.096632/0040/R000000028
Q000000002/6.145744/0000/R000000042
R000000046/1.000000/0000/Guesstimate
R000000045/3.580247/0159/R000000046/R000000006
R000000047/1.000000/0000/Guesstimate
R000000045/5.089163/0119/R000000013/R000000047
R000000044/3.978053/0092/R000000045
R000000049/1.000000/0000/Guesstimate
R000000048/5.089163/0275/R000000045/R000000049
R000000048/5.089163/0276/R000000013/R000000047
R000000044/5.654626/0093/R000000048
M000000050/1.000000/0000/Sigma_BB-28843655
R000000043/5.531170/0212/R000000044/M000000050
R000000043/5.531170/0212/R000000044/M000000050
R000000042/6.145744/0024/R000000043
R000000053/3.580247/0159/R000000030/R000000034
R000000053/3.580247/0175/R000000036/R000000041
R000000052/3.978053/0287/R000000053
R000000052/9.900000/0168/R000000054
R000000055/1.000000/0000/Guesstimate
R000000051/5.531170/0170/R000000052/R000000055
R000000057/3.580247/0159/R000000030/R000000033
R000000057/3.580247/0175/R000000036/R000000021
R000000056/3.978053/0287/R000000057
R000000058/1.000000/0000/Guesstimate
R000000051/5.531170/0170/R000000056/R000000058
R000000042/6.145744/0040/R000000051
Q000000003/6.145744/0000/R000000042
<NEXT>