#
#  Reaction log file
#  Author: LigBuilder V3 User_Diana
#  Creation time: Wed Feb 25 22:17:26 2026
#  Format:
#  QueryMoleculeId/Cost/SynthesizeId/ReactantId1/ReactantId2/ReactantId3.....
#  Id prefix:
#  Q --- Query Molecule
#  M --- Material
#  R --- Reactant
#
Directory      result/synthesize_HsDHODH/236/DATABASE/
#
Q000000001/3.325320/0000/R000000001
M000000008/1.000000/0000/Sigma_BB-184377626
R000000007/1.111111/0287/M000000008
R000000006/1.234568/0260/R000000007
R000000009/1.111111/0260/M000000008
R000000006/1.234568/0287/R000000009
R000000005/1.371742/0287/R000000006
R000000004/1.524158/0125/R000000005
R000000010/1.000000/0000/Guesstimate
R000000004/2.635269/0112/R000000005/R000000010
R000000003/1.693509/0040/R000000004
R000000012/1.000000/0000/Guesstimate
R000000011/1.111111/0283/R000000012
R000000013/1.000000/0000/Guesstimate
R000000014/1.000000/0000/Guesstimate
R000000011/2.222222/0112/R000000013/R000000014
R000000016/1.000000/0000/Guesstimate
R000000017/1.000000/0000/Guesstimate
R000000015/2.222222/0279/R000000016/R000000017
R000000015/2.222222/0279/R000000016/R000000017
R000000003/3.703704/0159/R000000011/R000000015
R000000018/1.000000/0000/Guesstimate
R000000002/2.992788/0003/R000000003/R000000018
R000000020/1.000000/0000/Guesstimate
R000000019/2.635269/0004/R000000005/R000000020
R000000022/1.000000/0000/Guesstimate
R000000021/2.635269/0004/R000000005/R000000022
R000000024/1.000000/0000/Guesstimate
R000000023/2.482853/0175/R000000006/R000000024
R000000023/2.482853/0290/R000000006/R000000024
R000000021/2.758726/0024/R000000023
R000000019/2.928077/0085/R000000021
R000000025/1.000000/0000/Guesstimate
R000000002/4.039188/0049/R000000019/R000000025
R000000001/3.325320/0147/R000000002
R000000029/1.000000/0000/Guesstimate
R000000028/2.222222/0004/R000000029/R000000022
R000000030/1.000000/0000/Guesstimate
R000000031/1.000000/0000/Guesstimate
R000000028/3.333333/0225/R000000029/R000000030/R000000031
R000000027/2.469136/0086/R000000028
R000000027/2.469136/0091/R000000028
R000000026/4.115227/0175/R000000006/R000000027
R000000026/5.397213/0212/R000000021/R000000028
R000000001/4.572474/0059/R000000026
Q000000002/3.325320/0000/R000000001
Q000000003/4.589409/0000/R000000032
R000000036/1.000000/0000/Guesstimate
R000000035/1.111111/0040/R000000036
M000000037/1.000000/0000/Sigma_BB-29464565
R000000035/1.111111/0155/M000000037
R000000038/1.000000/0000/Guesstimate
R000000034/2.345679/0170/R000000035/R000000038
R000000041/1.000000/0000/Guesstimate
R000000040/2.222222/0170/R000000041/R000000038
R000000042/1.000000/0000/Guesstimate
R000000043/1.000000/0000/Guesstimate
R000000040/2.222222/0170/R000000042/R000000043
R000000039/2.469136/0082/R000000040
R000000046/1.000000/0000/Guesstimate
R000000045/2.222222/0170/R000000046/R000000038
R000000048/1.000000/0000/Guesstimate
R000000047/2.222222/0170/R000000046/R000000048
R000000049/1.000000/0000/Guesstimate
R000000047/2.222222/0170/R000000018/R000000049
R000000045/2.469136/0147/R000000047
R000000050/1.000000/0000/Guesstimate
R000000044/3.580247/0004/R000000045/R000000050
R000000039/3.978053/0009/R000000044
R000000034/2.743484/0040/R000000039
R000000033/4.130468/0003/R000000005/R000000034
R000000052/2.606310/0093/R000000034
R000000052/3.580247/0004/R000000045/R000000022
R000000051/2.895900/0085/R000000052
R000000051/3.580247/0004/R000000045/R000000020
R000000033/4.911176/0049/R000000004/R000000051
R000000032/4.589409/0147/R000000033
R000000053/4.350813/0003/R000000003/R000000045
R000000053/5.671562/0049/R000000019/R000000039
R000000032/4.834237/0147/R000000053
Q000000004/4.834237/0000/R000000054
R000000057/1.000000/0000/Guesstimate
R000000056/2.222222/0170/R000000018/R000000057
R000000059/1.000000/0000/Guesstimate
R000000058/2.222222/0170/R000000018/R000000059
R000000060/1.000000/0000/Guesstimate
R000000058/2.222222/0170/R000000046/R000000060
R000000056/2.469136/0155/R000000058
R000000055/4.350813/0003/R000000003/R000000056
R000000062/2.222222/0170/R000000042/R000000057
R000000063/1.000000/0000/Guesstimate
R000000062/2.222222/0170/R000000041/R000000063
R000000061/2.469136/0082/R000000062
R000000064/3.580247/0004/R000000056/R000000050
R000000061/3.978053/0009/R000000064
R000000055/5.671562/0049/R000000019/R000000061
R000000054/4.834237/0147/R000000055
R000000067/2.345679/0170/R000000035/R000000060
R000000066/2.606310/0155/R000000067
R000000066/2.743484/0040/R000000061
R000000065/4.420058/0003/R000000005/R000000066
R000000069/2.895900/0093/R000000066
R000000069/3.580247/0004/R000000056/R000000022
R000000068/3.217667/0085/R000000069
R000000068/3.580247/0004/R000000056/R000000020
R000000065/5.268695/0049/R000000004/R000000068
R000000054/4.911176/0147/R000000065
<NEXT>