#
#  Reaction log file
#  Author: LigBuilder V3 User_Diana
#  Creation time: Wed Feb 25 22:19:47 2026
#  Format:
#  QueryMoleculeId/Cost/SynthesizeId/ReactantId1/ReactantId2/ReactantId3.....
#  Id prefix:
#  Q --- Query Molecule
#  M --- Material
#  R --- Reactant
#
Directory      result/synthesize_HsDHODH/288/DATABASE/
#
Q000000001/4.159427/0000/R000000001
M000000005/1.000000/0000/Sigma_BB-28792480
R000000004/1.111111/0079/M000000005
R000000006/1.000000/0000/Guesstimate
R000000007/1.000000/0000/Guesstimate
R000000004/2.222222/0003/R000000006/R000000007
R000000003/1.234568/0041/R000000004
M000000009/1.000000/0000/Sigma_BB-28760846
R000000010/1.000000/0000/Guesstimate
R000000008/2.222222/0212/M000000009/R000000010
R000000008/2.222222/0212/M000000009/R000000010
R000000003/2.469136/0091/R000000008
M000000013/1.000000/0000/Sigma_BB-234543041
R000000012/1.111111/0287/M000000013
R000000011/1.234568/0287/R000000012
R000000014/1.111111/0287/M000000013
R000000011/1.234568/0287/R000000014
R000000002/2.743484/0174/R000000003/R000000011
R000000016/1.371742/0139/R000000003
R000000017/1.000000/0000/Guesstimate
R000000018/1.000000/0000/Guesstimate
R000000016/2.222222/0285/R000000017/R000000018
R000000015/2.895900/0174/R000000016/R000000011
R000000019/2.758726/0174/R000000016/R000000012
R000000019/2.758726/0289/R000000016/R000000012
R000000015/3.065251/0287/R000000019
R000000002/3.217667/0198/R000000015
R000000020/1.000000/0000/Guesstimate
R000000001/4.159427/0004/R000000002/R000000020
M000000024/1.000000/0000/Sigma_BB-31286382
R000000023/1.111111/0086/M000000024
R000000023/1.111111/0091/M000000024
R000000026/1.000000/0000/Guesstimate
R000000025/2.345679/0175/R000000014/R000000026
R000000025/2.482853/0003/R000000011/R000000007
R000000022/3.840878/0174/R000000023/R000000025
R000000027/3.717421/0174/R000000017/R000000025
R000000027/3.717421/0289/R000000017/R000000025
R000000022/4.130468/0198/R000000027
R000000021/4.267642/0040/R000000022
R000000030/1.000000/0000/Guesstimate
R000000031/1.000000/0000/Guesstimate
R000000029/2.222222/0003/R000000030/R000000031
R000000032/1.000000/0000/Guesstimate
R000000029/2.345679/0112/R000000023/R000000032
R000000034/1.000000/0000/Guesstimate
R000000035/1.000000/0000/Guesstimate
R000000033/2.222222/0279/R000000034/R000000035
R000000033/2.222222/0279/R000000034/R000000035
R000000028/4.938272/0159/R000000029/R000000033
R000000037/1.000000/0000/Guesstimate
R000000036/3.580247/0159/R000000037/R000000033
R000000028/5.212621/0174/R000000023/R000000036
R000000021/5.486969/0092/R000000028
R000000001/5.852936/0012/R000000021/R000000018
Q000000002/Analysis Failed
Q000000003/5.807042/0000/R000000038
R000000040/1.000000/0000/Guesstimate
R000000043/1.000000/0000/Guesstimate
R000000042/1.111111/0125/R000000043
R000000044/1.000000/0000/Guesstimate
R000000042/2.222222/0112/R000000043/R000000044
R000000046/1.000000/0000/Guesstimate
R000000047/1.000000/0000/Guesstimate
R000000045/2.222222/0119/R000000046/R000000047
R000000048/1.000000/0000/Guesstimate
R000000045/2.222222/0276/R000000048/R000000047
R000000041/3.703704/0159/R000000042/R000000045
R000000050/1.000000/0000/Guesstimate
R000000049/3.580247/0159/R000000050/R000000045
R000000041/3.978053/0287/R000000049
R000000039/5.226338/0112/R000000040/R000000041
R000000053/1.000000/0000/Guesstimate
R000000054/1.000000/0000/Guesstimate
R000000052/2.222222/0012/R000000053/R000000054
R000000052/2.222222/0285/R000000053/R000000054
R000000051/4.938272/0159/R000000052/R000000045
R000000055/1.000000/0000/Guesstimate
R000000039/6.598080/0112/R000000051/R000000055
R000000038/5.807042/0041/R000000039
R000000059/1.000000/0000/Guesstimate
R000000060/1.000000/0000/Guesstimate
R000000058/2.222222/0012/R000000059/R000000060
R000000061/1.000000/0000/Guesstimate
R000000062/1.000000/0000/Guesstimate
R000000058/2.222222/0279/R000000061/R000000062
R000000063/2.222222/0119/R000000020/R000000047
R000000063/2.222222/0276/R000000032/R000000047
R000000057/4.938272/0159/R000000058/R000000063
R000000056/5.486969/0287/R000000057
R000000038/7.207744/0112/R000000056/R000000055
<NEXT>