#
#  Reaction log file
#  Author: LigBuilder V3 User_Diana
#  Creation time: Wed Feb 25 22:15:45 2026
#  Format:
#  QueryMoleculeId/Cost/SynthesizeId/ReactantId1/ReactantId2/ReactantId3.....
#  Id prefix:
#  Q --- Query Molecule
#  M --- Material
#  R --- Reactant
#
Directory      result/synthesize_HsDHODH/172/DATABASE/
#
Q000000001/2.758726/0000/R000000001
M000000005/1.000000/0000/Sigma_BB-40672237
R000000004/1.111111/0287/M000000005
R000000003/1.234568/0299/R000000004
M000000006/1.000000/0000/Sigma_BB-27088669
R000000008/1.000000/0000/Guesstimate
R000000009/1.000000/0000/Guesstimate
R000000007/2.222222/0279/R000000008/R000000009
R000000007/2.222222/0279/R000000008/R000000009
R000000003/3.580247/0159/M000000006/R000000007
R000000010/1.000000/0000/Guesstimate
R000000002/2.482853/0003/R000000003/R000000010
R000000012/1.371742/0197/R000000003
R000000013/1.000000/0000/Guesstimate
R000000011/2.635269/0004/R000000012/R000000013
R000000015/1.000000/0000/Guesstimate
R000000014/2.635269/0004/R000000012/R000000015
R000000011/2.928077/0155/R000000014
M000000016/1.000000/0000/Sigma_BB-28775977
R000000002/4.039188/0049/R000000011/M000000016
R000000001/2.758726/0147/R000000002
M000000019/1.000000/0000/Sigma_BB-90496698
R000000018/1.111111/0299/M000000019
M000000021/1.000000/0000/Sigma_BB-28792542
R000000022/1.000000/0000/Guesstimate
R000000020/2.222222/0003/M000000021/R000000022
M000000024/1.000000/0000/Sigma_BB-28798980
R000000025/1.000000/0000/Guesstimate
R000000023/2.222222/0004/M000000024/R000000025
R000000023/2.222222/0277/M000000024/R000000025
R000000020/2.469136/0009/R000000023
R000000017/3.703704/0175/R000000018/R000000020
R000000026/2.345679/0175/R000000018/M000000021
R000000026/2.345679/0290/R000000018/M000000021
R000000017/3.717421/0003/R000000026/R000000022
R000000001/4.115227/0041/R000000017
Q000000002/2.758726/0000/R000000001
Q000000003/2.758726/0000/R000000001
Q000000004/7.620790/0000/R000000027
R000000031/1.000000/0000/Guesstimate
R000000032/1.000000/0000/Guesstimate
R000000030/2.222222/0285/R000000031/R000000032
R000000029/2.469136/0082/R000000030
R000000034/1.000000/0000/Guesstimate
R000000033/2.222222/0004/R000000034/R000000013
R000000029/3.580247/0049/R000000033/R000000032
R000000037/1.000000/0000/Guesstimate
R000000038/1.000000/0000/Guesstimate
R000000036/2.222222/0279/R000000037/R000000038
R000000036/2.222222/0279/R000000037/R000000038
R000000040/1.000000/0000/Guesstimate
R000000039/1.111111/0228/R000000040
R000000041/1.000000/0000/Guesstimate
R000000042/1.000000/0000/Guesstimate
R000000039/2.222222/0276/R000000041/R000000042
R000000035/3.703704/0274/R000000036/R000000039
R000000043/3.580247/0274/R000000036/R000000042
R000000035/5.089163/0276/R000000043/R000000041
R000000028/6.858711/0159/R000000029/R000000035
R000000045/2.222222/0003/R000000034/R000000022
R000000046/1.000000/0000/Guesstimate
R000000045/2.222222/0049/R000000046/R000000013
R000000047/1.000000/0000/Guesstimate
R000000044/3.580247/0012/R000000045/R000000047
R000000049/1.000000/0000/Guesstimate
R000000048/2.222222/0285/R000000049/R000000047
R000000050/1.000000/0000/Guesstimate
R000000044/3.580247/0112/R000000048/R000000050
R000000052/1.000000/0000/Guesstimate
R000000054/1.000000/0000/Guesstimate
R000000053/2.222222/0276/R000000054/R000000041
R000000053/2.222222/0278/R000000054/R000000041
R000000051/3.580247/0112/R000000052/R000000053
R000000055/1.000000/0000/Guesstimate
R000000057/1.000000/0000/Guesstimate
R000000056/2.222222/0276/R000000041/R000000057
R000000056/2.222222/0278/R000000041/R000000057
R000000051/3.580247/0112/R000000055/R000000056
R000000028/7.956105/0159/R000000044/R000000051
R000000027/7.620790/0041/R000000028
R000000061/1.000000/0000/Guesstimate
R000000060/5.089163/0159/R000000044/R000000061
R000000060/5.212621/0159/R000000029/R000000036
R000000059/5.654626/0041/R000000060
R000000059/5.654626/0233/R000000060
R000000063/1.000000/0000/Guesstimate
R000000062/2.222222/0112/R000000063/R000000055
M000000065/1.000000/0000/Sigma_BB-28799125
R000000064/2.222222/0280/M000000065/R000000042
R000000064/2.345679/0285/R000000039/R000000032
R000000062/2.469136/0082/R000000064
R000000058/8.752054/0274/R000000059/R000000062
R000000067/6.721537/0159/R000000029/R000000043
R000000067/6.765737/0274/R000000060/R000000042
R000000066/7.468375/0041/R000000067
R000000066/7.468375/0233/R000000067
M000000069/1.000000/0000/Sigma_BB-28777622
R000000068/1.111111/0091/M000000069
R000000070/1.111111/0091/M000000065
R000000070/2.222222/0285/R000000041/R000000032
R000000068/1.234568/0082/R000000070
R000000058/9.532763/0276/R000000066/R000000068
R000000027/9.724504/0147/R000000058
<NEXT>