#
#  Reaction log file
#  Author: LigBuilder V3 User_Diana
#  Creation time: Wed Feb 25 22:11:44 2026
#  Format:
#  QueryMoleculeId/Cost/SynthesizeId/ReactantId1/ReactantId2/ReactantId3.....
#  Id prefix:
#  Q --- Query Molecule
#  M --- Material
#  R --- Reactant
#
Directory      result/synthesize_HsDHODH/69/DATABASE/
#
Q000000001/Analysis Failed
Q000000002/Analysis Failed
Q000000003/7.207744/0000/R000000001
R000000005/1.000000/0000/Guesstimate
R000000006/1.000000/0000/Guesstimate
R000000004/2.222222/0112/R000000005/R000000006
R000000003/2.469136/0197/R000000004
R000000003/2.469136/0197/R000000004
R000000009/1.000000/0000/Guesstimate
R000000010/1.000000/0000/Guesstimate
R000000008/2.222222/0159/R000000009/R000000010
R000000007/2.469136/0059/R000000008
R000000011/1.000000/0000/Guesstimate
R000000007/3.580247/0224/R000000008/R000000011
R000000002/5.486969/0174/R000000003/R000000007
R000000002/5.486969/0289/R000000003/R000000007
R000000012/1.000000/0000/Guesstimate
R000000001/7.207744/0050/R000000002/R000000012
R000000016/1.000000/0000/Guesstimate
R000000015/2.222222/0112/R000000005/R000000016
R000000014/2.469136/0197/R000000015
R000000014/2.469136/0197/R000000015
R000000013/5.486969/0174/R000000014/R000000007
R000000013/5.486969/0289/R000000014/R000000007
R000000001/7.207744/0051/R000000013/R000000012
<NEXT>