#
#  Reaction log file
#  Author: LigBuilder V3 User_Diana
#  Creation time: Wed Feb 25 22:14:11 2026
#  Format:
#  QueryMoleculeId/Cost/SynthesizeId/ReactantId1/ReactantId2/ReactantId3.....
#  Id prefix:
#  Q --- Query Molecule
#  M --- Material
#  R --- Reactant
#
Directory      result/synthesize_HsDHODH/126/DATABASE/
#
Q000000001/6.096632/0000/R000000001
M000000005/1.000000/0000/Sigma_BB-28416081
R000000006/1.000000/0000/Guesstimate
R000000004/2.222222/0277/M000000005/R000000006
R000000003/2.469136/0099/R000000004
M000000008/1.000000/0000/Sigma_BB-28758779
M000000009/1.000000/0000/Sigma_BB-28798940
R000000007/2.222222/0112/M000000008/M000000009
R000000003/2.469136/0112/R000000007
M000000012/1.000000/0000/Sigma_BB-48919322
M000000013/1.000000/0000/Sigma_BB-28779481
R000000011/2.222222/0285/M000000012/M000000013
R000000010/2.469136/0153/R000000011
M000000015/1.000000/0000/Sigma_BB-28507738
R000000014/2.222222/0285/M000000012/M000000015
R000000010/2.469136/0193/R000000014
R000000002/5.486969/0056/R000000003/R000000010
R000000001/6.096632/0295/R000000002
Q000000002/8.335828/0000/R000000016
M000000020/1.000000/0000/Sigma_BB-187212652
R000000019/3.854596/0056/R000000003/M000000020
R000000018/4.282884/0295/R000000019
R000000023/1.000000/0000/Guesstimate
R000000024/1.000000/0000/Guesstimate
R000000022/2.222222/0003/R000000023/R000000024
R000000025/1.000000/0000/Guesstimate
R000000026/1.000000/0000/Guesstimate
R000000022/2.222222/0049/R000000025/R000000026
R000000021/2.469136/0059/R000000022
R000000028/1.000000/0000/Guesstimate
R000000029/1.000000/0000/Guesstimate
R000000027/2.222222/0003/R000000028/R000000029
R000000030/1.000000/0000/Guesstimate
R000000027/2.222222/0112/R000000023/R000000030
R000000021/2.469136/0147/R000000027
R000000017/7.502244/0112/R000000018/R000000021
M000000033/1.000000/0000/Sigma_BB-30511507
R000000032/3.854596/0056/R000000003/M000000033
R000000031/4.282884/0295/R000000032
R000000036/1.000000/0000/Guesstimate
R000000037/1.000000/0000/Guesstimate
R000000035/2.222222/0003/R000000036/R000000037
R000000038/1.000000/0000/Guesstimate
R000000039/1.000000/0000/Guesstimate
R000000035/2.222222/0112/R000000038/R000000039
R000000034/2.469136/0059/R000000035
R000000041/1.000000/0000/Guesstimate
R000000040/2.222222/0241/R000000030/R000000041
R000000042/1.000000/0000/Guesstimate
R000000040/2.222222/0277/R000000030/R000000042
R000000034/2.469136/0059/R000000040
R000000017/7.502244/0112/R000000031/R000000034
R000000016/8.335828/0099/R000000017
R000000044/4.758760/0079/R000000018
R000000045/1.000000/0000/Guesstimate
R000000044/5.869872/0112/R000000018/R000000045
R000000047/1.000000/0000/Guesstimate
R000000046/2.222222/0003/R000000029/R000000047
R000000049/1.000000/0000/Guesstimate
R000000048/1.111111/0040/R000000049
R000000048/2.222222/0004/R000000047/R000000026
R000000050/1.000000/0000/Guesstimate
R000000046/2.345679/0049/R000000048/R000000050
R000000043/7.756648/0285/R000000044/R000000046
R000000016/8.618498/0147/R000000043
Q000000003/8.335828/0000/R000000016
Q000000004/8.335828/0000/R000000016
<NEXT>