#
#  Reaction log file
#  Author: LigBuilder V3 User_Diana
#  Creation time: Wed Feb 25 22:17:30 2026
#  Format:
#  QueryMoleculeId/Cost/SynthesizeId/ReactantId1/ReactantId2/ReactantId3.....
#  Id prefix:
#  Q --- Query Molecule
#  M --- Material
#  R --- Reactant
#
Directory      result/synthesize_HsDHODH/243/DATABASE/
#
Q000000001/5.791801/0000/R000000001
M000000005/1.000000/0000/Sigma_BB-89724395
R000000006/1.000000/0000/Guesstimate
R000000004/2.222222/0256/M000000005/R000000006
R000000003/2.469136/0155/R000000004
R000000008/1.000000/0000/Guesstimate
R000000007/2.222222/0004/M000000005/R000000008
R000000010/1.000000/0000/Guesstimate
R000000009/2.222222/0004/M000000005/R000000010
R000000011/1.000000/0000/Guesstimate
R000000012/1.000000/0000/Guesstimate
R000000009/3.333333/0225/M000000005/R000000011/R000000012
R000000013/1.000000/0000/Guesstimate
R000000007/3.580247/0004/R000000009/R000000013
R000000003/2.469136/0197/R000000007
R000000015/1.000000/0000/Guesstimate
M000000016/1.000000/0000/Sigma_BB-370706449
R000000014/2.222222/0003/R000000015/M000000016
R000000018/1.000000/0000/Guesstimate
R000000017/2.222222/0112/R000000018/M000000016
M000000019/1.000000/0000/Sigma_BB-73615749
R000000017/2.222222/0112/M000000019/R000000018
R000000020/1.000000/0000/Guesstimate
R000000014/3.580247/0049/R000000017/R000000020
R000000002/5.212621/0122/R000000003/R000000014
R000000002/5.212621/0122/R000000003/R000000014
R000000001/5.791801/0041/R000000002
R000000023/2.469136/0087/R000000009
R000000022/2.743484/0079/R000000023
R000000022/3.854596/0112/R000000023/R000000011
R000000025/1.111111/0041/M000000016
R000000025/1.111111/0233/M000000016
R000000024/2.345679/0003/R000000015/R000000025
R000000024/2.469136/0041/R000000014
R000000021/5.654626/0122/R000000022/R000000024
R000000021/5.654626/0122/R000000022/R000000024
R000000001/6.282918/0041/R000000021
Q000000002/5.944217/0000/R000000026
R000000030/1.000000/0000/Guesstimate
R000000031/1.000000/0000/Guesstimate
R000000029/2.222222/0279/R000000030/R000000031
R000000029/2.222222/0279/R000000030/R000000031
R000000032/1.000000/0000/Guesstimate
R000000028/3.580247/0159/R000000029/R000000032
R000000034/1.000000/0000/Guesstimate
R000000033/2.222222/0279/R000000030/R000000034
R000000033/2.222222/0279/R000000030/R000000034
R000000035/1.000000/0000/Guesstimate
R000000028/3.580247/0159/R000000033/R000000035
R000000027/3.978053/0287/R000000028
R000000038/8.100000/0000/Guesstimate
R000000037/9.000001/0114/R000000038
R000000036/9.000001/0217/R000000037
R000000036/9.000001/0217/R000000037
R000000027/9.666667/0040/R000000036
M000000042/1.000000/0000/Sigma_BB-67540016
R000000041/1.111111/0156/M000000042
R000000040/1.234568/0188/R000000041
R000000043/8.800000/0000/Guesstimate
R000000040/9.777779/0219/R000000043
R000000039/1.371742/0155/R000000040
M000000046/1.000000/0000/Sigma_BB-34987467
R000000045/1.111111/0248/M000000046
R000000044/1.234568/0059/R000000045
R000000044/1.234568/0155/R000000041
R000000039/1.371742/0188/R000000044
R000000026/5.944217/0231/R000000027/R000000039
R000000049/3.978053/0091/R000000028
R000000048/4.420059/0287/R000000049
R000000047/6.435335/0231/R000000048/R000000039
R000000026/8.261483/0275/R000000047/R000000012
Q000000003/5.944217/0000/R000000026
<NEXT>