#
#  Reaction log file
#  Author: LigBuilder V3 User_Diana
#  Creation time: Wed Feb 25 22:17:48 2026
#  Format:
#  QueryMoleculeId/Cost/SynthesizeId/ReactantId1/ReactantId2/ReactantId3.....
#  Id prefix:
#  Q --- Query Molecule
#  M --- Material
#  R --- Reactant
#
Directory      result/synthesize_HsDHODH/238/DATABASE/
#
Q000000001/5.807042/0000/R000000001
R000000005/1.000000/0000/Guesstimate
R000000004/1.111111/0283/R000000005
R000000006/1.000000/0000/Guesstimate
R000000007/1.000000/0000/Guesstimate
R000000004/2.222222/0112/R000000006/R000000007
R000000009/1.000000/0000/Guesstimate
R000000010/1.000000/0000/Guesstimate
R000000008/2.222222/0279/R000000009/R000000010
R000000008/2.222222/0279/R000000009/R000000010
R000000003/3.703704/0159/R000000004/R000000008
R000000011/1.000000/0000/Guesstimate
R000000002/5.226338/0003/R000000003/R000000011
R000000014/1.000000/0000/Guesstimate
R000000013/2.222222/0279/R000000009/R000000014
R000000013/2.222222/0279/R000000009/R000000014
R000000012/3.703704/0159/R000000004/R000000013
M000000016/1.000000/0000/Sigma_BB-332427313
R000000015/1.111111/0155/M000000016
R000000017/1.000000/0000/Guesstimate
R000000018/1.000000/0000/Guesstimate
R000000015/2.222222/0170/R000000017/R000000018
R000000002/5.349795/0112/R000000012/R000000015
R000000001/5.807042/0147/R000000002
R000000020/4.115227/0197/R000000003
R000000022/1.111111/0125/R000000011
R000000023/1.000000/0000/Guesstimate
R000000022/2.222222/0112/R000000011/R000000023
R000000021/1.234568/0040/R000000022
R000000025/1.000000/0000/Guesstimate
R000000024/2.345679/0004/R000000015/R000000025
R000000026/1.000000/0000/Guesstimate
R000000027/1.000000/0000/Guesstimate
R000000024/3.456790/0225/R000000015/R000000026/R000000027
R000000021/2.606310/0073/R000000024
R000000019/5.944217/0003/R000000020/R000000021
R000000028/4.115227/0079/R000000012
R000000028/5.226338/0112/R000000012/R000000027
R000000030/1.371742/0093/R000000021
R000000030/2.222222/0004/R000000011/R000000025
R000000029/1.524158/0085/R000000030
R000000031/1.000000/0000/Guesstimate
R000000029/2.222222/0004/R000000011/R000000031
R000000019/6.265983/0049/R000000028/R000000029
R000000001/6.604685/0147/R000000019
Q000000002/5.807042/0000/R000000001
Q000000003/5.807042/0000/R000000001
<NEXT>