#
#  Reaction log file
#  Author: LigBuilder V3 User_Diana
#  Creation time: Wed Feb 25 22:20:25 2026
#  Format:
#  QueryMoleculeId/Cost/SynthesizeId/ReactantId1/ReactantId2/ReactantId3.....
#  Id prefix:
#  Q --- Query Molecule
#  M --- Material
#  R --- Reactant
#
Directory      result/synthesize_HsDHODH/295/DATABASE/
#
Q000000001/5.241580/0000/R000000001
M000000005/1.000000/0000/Sigma_BB-28448691
R000000004/1.111111/0287/M000000005
M000000006/1.000000/0000/Sigma_BB-119769645
R000000004/1.111111/0299/M000000006
R000000007/1.000000/0000/Guesstimate
R000000003/2.345679/0018/R000000004/R000000007
R000000008/2.222222/0018/M000000005/R000000007
R000000003/2.469136/0287/R000000008
R000000009/1.000000/0000/Guesstimate
R000000002/3.717421/0274/R000000003/R000000009
R000000010/3.580247/0274/R000000008/R000000009
R000000002/3.978053/0287/R000000010
R000000011/1.000000/0000/Guesstimate
R000000001/5.241580/0004/R000000002/R000000011
R000000013/1.000000/0000/Guesstimate
R000000012/5.089163/0175/R000000010/R000000013
R000000015/3.580247/0175/R000000008/R000000013
R000000015/3.580247/0290/R000000008/R000000013
R000000014/3.978053/0155/R000000015
R000000016/1.000000/0000/Guesstimate
R000000012/5.531170/0274/R000000014/R000000016
R000000001/5.654626/0024/R000000012
Q000000002/4.572474/0000/R000000017
M000000021/1.000000/0000/Sigma_BB-28421612
R000000022/1.000000/0000/Guesstimate
R000000020/2.222222/0012/M000000021/R000000022
M000000023/1.000000/0000/Sigma_BB-30484074
R000000024/1.000000/0000/Guesstimate
R000000020/2.222222/0112/M000000023/R000000024
R000000019/2.469136/0041/R000000020
M000000026/1.000000/0000/Sigma_BB-28766562
R000000027/1.000000/0000/Guesstimate
R000000025/2.222222/0231/M000000026/R000000027
R000000019/2.469136/0082/R000000025
M000000030/1.000000/0000/Sigma_BB-27718999
R000000029/1.111111/0093/M000000030
M000000031/1.000000/0000/Sigma_BB-28247348
R000000029/2.222222/0212/M000000031/M000000030
R000000028/1.234568/0086/R000000029
R000000028/1.234568/0091/R000000029
R000000018/4.115227/0175/R000000019/R000000028
M000000034/1.000000/0000/Sigma_BB-28834861
R000000033/2.222222/0231/M000000034/R000000027
R000000032/3.580247/0212/R000000033/M000000030
R000000032/3.580247/0212/R000000033/M000000030
R000000018/5.089163/0174/R000000032/R000000024
R000000017/4.572474/0041/R000000018
R000000037/2.482853/0175/M000000021/R000000028
R000000037/2.482853/0290/M000000021/R000000028
R000000036/2.758726/0041/R000000037
M000000039/1.000000/0000/Sigma_BB-234542932
R000000038/2.482853/0175/M000000039/R000000028
R000000038/2.482853/0290/M000000039/R000000028
R000000036/3.869837/0112/R000000038/R000000024
R000000035/4.176363/0012/R000000036/R000000022
R000000035/4.176363/0146/R000000036/R000000022
R000000017/4.640403/0041/R000000035
Q000000003/6.096632/0000/R000000040
R000000044/1.000000/0000/Guesstimate
R000000045/1.000000/0000/Guesstimate
R000000043/2.222222/0279/R000000044/R000000045
R000000043/2.222222/0279/R000000044/R000000045
M000000047/1.000000/0000/Sigma_BB-28806149
R000000046/2.222222/0169/R000000011/M000000047
R000000048/1.111111/0155/M000000047
R000000049/1.000000/0000/Guesstimate
M000000050/1.000000/0000/Sigma_BB-28775387
R000000048/2.222222/0212/R000000049/M000000050
R000000046/2.345679/0274/R000000011/R000000048
R000000042/4.938272/0159/R000000043/R000000046
R000000051/3.580247/0159/R000000043/R000000011
R000000042/5.212621/0274/R000000051/R000000048
R000000041/5.486969/0287/R000000042
M000000054/1.000000/0000/Sigma_BB-28769469
R000000053/3.580247/0159/R000000043/M000000054
R000000055/1.000000/0000/Guesstimate
R000000053/5.089163/0274/R000000051/R000000055
R000000052/3.978053/0287/R000000053
R000000056/1.000000/0000/Guesstimate
R000000041/5.531170/0301/R000000052/R000000056
R000000040/6.096632/0040/R000000041
R000000059/4.420059/0055/R000000052
R000000058/4.911177/0147/R000000059
R000000061/1.000000/0000/Guesstimate
R000000060/5.531170/0138/R000000061/R000000052
R000000060/5.531170/0141/R000000011/R000000052
R000000058/6.145744/0147/R000000060
R000000057/6.567974/0301/R000000058/R000000056
R000000057/6.567974/0301/R000000058/R000000056
R000000040/7.297749/0073/R000000057
Q000000004/4.572474/0000/R000000062
R000000066/1.000000/0000/Guesstimate
R000000065/2.222222/0279/R000000066/R000000045
R000000065/2.222222/0279/R000000066/R000000045
M000000068/1.000000/0000/Sigma_BB-28766009
R000000067/1.111111/0198/M000000068
R000000069/1.000000/0000/Guesstimate
R000000067/2.222222/0169/R000000011/R000000069
R000000064/3.703704/0159/R000000065/R000000067
R000000071/1.000000/0000/Guesstimate
R000000070/3.580247/0159/R000000065/R000000071
R000000072/1.000000/0000/Guesstimate
R000000064/5.089163/0301/R000000070/R000000072
R000000063/4.115227/0287/R000000064
R000000073/3.978053/0287/R000000070
R000000063/5.531170/0301/R000000073/R000000072
R000000062/4.572474/0024/R000000063
R000000076/3.978053/0287/R000000051
R000000077/9.600000/0000/Guesstimate
R000000076/9.600000/0125/R000000077
R000000075/4.420059/0040/R000000076
R000000078/3.978053/0040/R000000051
R000000075/4.420059/0287/R000000078
M000000080/1.000000/0000/Sigma_BB-28845589
M000000082/1.000000/0000/Sigma_BB-28764950
R000000081/1.111111/0197/M000000082
R000000079/2.345679/0212/M000000080/R000000081
R000000083/2.222222/0212/M000000080/M000000082
R000000083/2.222222/0212/M000000080/M000000082
R000000079/2.469136/0197/R000000083
R000000074/7.517487/0274/R000000075/R000000079
R000000085/1.000000/0000/Guesstimate
R000000084/6.022288/0274/R000000075/R000000085
R000000086/5.531170/0274/R000000076/R000000085
R000000084/6.145744/0040/R000000086
R000000087/1.234568/0197/R000000081
R000000088/9.200000/0000/Guesstimate
R000000087/9.200000/0155/R000000088
R000000074/8.063173/0301/R000000084/R000000087
R000000062/8.352763/0028/R000000074
<NEXT>