#
#  Reaction log file
#  Author: LigBuilder V3 User_Diana
#  Creation time: Wed Feb 25 22:10:06 2026
#  Format:
#  QueryMoleculeId/Cost/SynthesizeId/ReactantId1/ReactantId2/ReactantId3.....
#  Id prefix:
#  Q --- Query Molecule
#  M --- Material
#  R --- Reactant
#
Directory      result/synthesize_HsDHODH/12/DATABASE/
#
Q000000001/4.572474/0000/R000000001
R000000005/1.000000/0000/Guesstimate
R000000006/1.000000/0000/Guesstimate
R000000004/2.222222/0279/R000000005/R000000006
R000000004/2.222222/0279/R000000005/R000000006
M000000008/1.000000/0000/Sigma_BB-28766009
R000000007/1.111111/0198/M000000008
R000000009/1.000000/0000/Guesstimate
R000000010/1.000000/0000/Guesstimate
R000000007/2.222222/0169/R000000009/R000000010
R000000003/3.703704/0159/R000000004/R000000007
R000000012/1.000000/0000/Guesstimate
R000000011/3.580247/0159/R000000004/R000000012
R000000013/1.000000/0000/Guesstimate
R000000003/5.089163/0301/R000000011/R000000013
R000000002/4.115227/0287/R000000003
R000000014/3.978053/0287/R000000011
R000000002/5.531170/0301/R000000014/R000000013
R000000001/4.572474/0024/R000000002
R000000017/3.978053/0024/R000000011
R000000016/4.420059/0287/R000000017
R000000019/1.000000/0000/Guesstimate
M000000021/1.000000/0000/Sigma_BB-28764950
R000000020/1.111111/0197/M000000021
R000000018/2.345679/0212/R000000019/R000000020
R000000022/2.222222/0212/R000000019/M000000021
R000000022/2.222222/0212/R000000019/M000000021
R000000018/2.469136/0197/R000000022
R000000015/7.517487/0301/R000000016/R000000018
R000000015/7.517487/0301/R000000016/R000000018
R000000001/8.352763/0028/R000000015
Q000000002/4.572474/0000/R000000001
Q000000003/7.654661/0000/R000000023
R000000026/1.000000/0000/Guesstimate
R000000027/1.000000/0000/Guesstimate
R000000025/2.222222/0003/R000000026/R000000027
M000000029/1.000000/0000/Sigma_BB-28765826
R000000030/1.000000/0000/Guesstimate
R000000028/2.222222/0170/M000000029/R000000030
M000000031/1.000000/0000/Sigma_BB-29589198
R000000032/1.000000/0000/Guesstimate
R000000028/2.222222/0170/M000000031/R000000032
R000000025/2.469136/0009/R000000028
R000000024/6.889194/0122/R000000014/R000000025
R000000033/5.531170/0003/R000000014/R000000026
R000000035/1.000000/0000/Guesstimate
R000000034/5.531170/0277/R000000014/R000000035
R000000036/1.000000/0000/Guesstimate
R000000034/5.531170/0301/R000000014/R000000036
R000000033/6.145744/0079/R000000034
R000000024/7.256855/0122/R000000033/R000000027
R000000023/7.654661/0024/R000000024
R000000039/2.345679/0004/R000000020/R000000027
R000000039/2.345679/0277/R000000020/R000000027
R000000038/2.606310/0197/R000000039
R000000040/1.234568/0085/R000000020
R000000042/1.000000/0000/Guesstimate
R000000041/2.222222/0170/R000000042/R000000032
R000000043/1.000000/0000/Guesstimate
R000000041/2.222222/0170/R000000043/R000000030
R000000038/3.840878/0212/R000000040/R000000041
R000000037/7.807077/0301/R000000016/R000000038
R000000037/7.807077/0301/R000000016/R000000038
R000000023/8.674530/0028/R000000037
Q000000004/6.096632/0000/R000000044
R000000048/1.000000/0000/Guesstimate
R000000047/2.222222/0169/R000000009/R000000048
R000000049/1.000000/0000/Guesstimate
R000000047/2.222222/0274/R000000009/R000000049
R000000046/4.938272/0159/R000000004/R000000047
R000000050/3.580247/0159/R000000004/R000000009
R000000046/5.089163/0274/R000000050/R000000049
R000000045/5.486969/0287/R000000046
R000000051/3.978053/0287/R000000050
R000000045/5.531170/0274/R000000051/R000000049
R000000044/6.096632/0024/R000000045
M000000055/1.000000/0000/Sigma_BB-30441135
R000000054/2.482853/0212/R000000040/M000000055
R000000054/2.482853/0212/R000000040/M000000055
R000000053/2.758726/0150/R000000054
R000000056/2.606310/0212/R000000040/R000000020
R000000056/2.606310/0212/R000000040/R000000020
R000000053/2.895900/0028/R000000056
R000000052/7.976428/0301/R000000016/R000000053
R000000058/3.978053/0024/R000000050
R000000057/4.420059/0287/R000000058
R000000060/7.900000/0000/Guesstimate
R000000061/1.000000/0000/Guesstimate
R000000059/9.888888/0175/R000000060/R000000061
R000000059/9.888888/0290/R000000060/R000000061
R000000057/9.888888/0216/R000000059
R000000064/1.000000/0000/Guesstimate
R000000063/2.345679/0004/R000000020/R000000064
R000000062/3.717421/0212/R000000063/R000000042
R000000062/3.717421/0212/R000000063/R000000042
R000000052/9.041644/0274/R000000057/R000000062
R000000044/8.862698/0028/R000000052
<NEXT>