#
#  Reaction log file
#  Author: LigBuilder V3 User_Diana
#  Creation time: Wed Feb 25 22:16:52 2026
#  Format:
#  QueryMoleculeId/Cost/SynthesizeId/ReactantId1/ReactantId2/ReactantId3.....
#  Id prefix:
#  Q --- Query Molecule
#  M --- Material
#  R --- Reactant
#
Directory      result/synthesize_HsDHODH/207/DATABASE/
#
Q000000001/4.420059/0000/R000000001
R000000005/1.000000/0000/Guesstimate
R000000006/1.000000/0000/Guesstimate
R000000004/2.222222/0279/R000000005/R000000006
R000000004/2.222222/0279/R000000005/R000000006
R000000007/1.000000/0000/Guesstimate
R000000003/3.580247/0159/R000000004/R000000007
R000000009/1.000000/0000/Guesstimate
R000000010/1.000000/0000/Guesstimate
R000000008/2.222222/0012/R000000009/R000000010
R000000008/2.222222/0285/R000000009/R000000010
R000000011/1.000000/0000/Guesstimate
R000000003/3.580247/0159/R000000008/R000000011
R000000002/3.978053/0287/R000000003
R000000001/4.420059/0024/R000000002
R000000015/1.000000/0000/Guesstimate
R000000016/1.000000/0000/Guesstimate
R000000014/2.222222/0012/R000000015/R000000016
R000000017/1.000000/0000/Guesstimate
R000000018/1.000000/0000/Guesstimate
R000000014/2.222222/0279/R000000017/R000000018
R000000019/1.000000/0000/Guesstimate
R000000013/3.580247/0159/R000000014/R000000019
R000000020/3.580247/0159/R000000014/R000000011
R000000013/3.978053/0287/R000000020
R000000012/3.978053/0147/R000000013
R000000023/1.000000/0000/Guesstimate
R000000022/2.222222/0279/R000000023/R000000006
R000000022/2.222222/0279/R000000023/R000000006
R000000021/3.580247/0159/R000000022/R000000007
R000000021/3.978053/0147/R000000020
R000000012/3.978053/0287/R000000021
R000000001/4.420059/0040/R000000012
Q000000002/4.911177/0000/R000000024
R000000028/1.000000/0000/Guesstimate
R000000027/3.580247/0159/R000000004/R000000028
R000000026/3.978053/0287/R000000027
R000000025/4.420059/0114/R000000026
R000000031/1.000000/0000/Guesstimate
R000000030/5.531170/0174/R000000026/R000000031
R000000030/5.531170/0289/R000000026/R000000031
R000000029/6.145744/0041/R000000030
R000000029/6.145744/0233/R000000030
R000000025/6.828605/0155/R000000029
R000000024/4.911177/0024/R000000025
R000000035/1.000000/0000/Guesstimate
R000000034/3.580247/0159/R000000022/R000000035
R000000033/3.978053/0287/R000000034
R000000037/8.500000/0000/Guesstimate
R000000038/1.000000/0000/Guesstimate
R000000036/9.500000/0173/R000000037/R000000038
R000000036/9.500000/0175/R000000037/R000000031
R000000033/9.100000/0168/R000000036
R000000032/4.420059/0155/R000000033
R000000040/1.000000/0000/Guesstimate
R000000041/4.911177/0193/R000000025
R000000039/6.567974/0231/R000000040/R000000041
R000000043/1.000000/0000/Guesstimate
R000000045/6.700000/0000/Guesstimate
R000000044/7.444445/0114/R000000045
R000000044/9.444445/0155/R000000037
R000000042/9.382716/0175/R000000043/R000000044
R000000042/9.382716/0290/R000000043/R000000044
R000000039/9.382716/0139/R000000042
R000000032/7.297749/0082/R000000039
R000000024/4.911177/0040/R000000032
Q000000003/6.022288/0000/R000000046
R000000050/1.000000/0000/Guesstimate
R000000049/3.580247/0159/R000000004/R000000050
R000000049/3.978053/0287/R000000027
R000000048/3.978053/0287/R000000049
R000000048/4.420059/0287/R000000026
R000000047/4.420059/0024/R000000048
R000000052/5.456863/0217/R000000024
R000000052/6.145744/0024/R000000030
R000000051/6.063181/0040/R000000052
R000000051/6.063181/0040/R000000052
R000000047/6.736868/0197/R000000051
R000000053/1.000000/0000/Guesstimate
R000000046/6.022288/0003/R000000047/R000000053
R000000055/1.000000/0000/Guesstimate
R000000054/6.022288/0004/R000000047/R000000055
R000000056/5.531170/0004/R000000048/R000000055
R000000058/1.000000/0000/Guesstimate
R000000057/5.531170/0003/R000000048/R000000058
R000000059/1.000000/0000/Guesstimate
R000000057/7.256855/0049/R000000030/R000000059
R000000056/6.145744/0040/R000000057
R000000054/6.145744/0024/R000000056
R000000060/1.000000/0000/Guesstimate
R000000046/7.802542/0003/R000000054/R000000060
Q000000004/6.145744/0000/R000000061
R000000063/1.000000/0000/Guesstimate
R000000062/5.531170/0175/R000000026/R000000063
R000000065/5.456863/0091/R000000024
R000000068/1.000000/0000/Guesstimate
R000000067/8.555555/0174/R000000068/R000000045
R000000067/8.555555/0289/R000000068/R000000045
R000000066/9.506173/0197/R000000067
R000000065/9.506173/0114/R000000066
R000000069/1.000000/0000/Guesstimate
R000000064/7.174293/0301/R000000065/R000000069
R000000070/7.174293/0301/R000000065/R000000060
R000000070/7.174293/0301/R000000065/R000000060
R000000064/9.082547/0301/R000000070/R000000038
R000000071/1.000000/0000/Guesstimate
R000000062/9.082547/0276/R000000064/R000000071
R000000061/6.145744/0024/R000000062
R000000072/7.971437/0079/R000000064
R000000074/6.567974/0301/R000000041/R000000069
R000000074/6.567974/0301/R000000041/R000000069
R000000073/8.408860/0231/R000000040/R000000074
R000000073/9.900000/0175/R000000075/R000000063
R000000072/9.343178/0082/R000000073
R000000061/8.857152/0040/R000000072
<NEXT>