#
#  Reaction log file
#  Author: LigBuilder V3 User_Diana
#  Creation time: Wed Feb 25 22:14:20 2026
#  Format:
#  QueryMoleculeId/Cost/SynthesizeId/ReactantId1/ReactantId2/ReactantId3.....
#  Id prefix:
#  Q --- Query Molecule
#  M --- Material
#  R --- Reactant
#
Directory      result/synthesize_HsDHODH/127/DATABASE/
#
Q000000001/7.485310/0000/R000000001
M000000004/1.000000/0000/Sigma_BB-28423565
R000000005/1.000000/0000/Guesstimate
R000000003/2.222222/0175/M000000004/R000000005
R000000003/2.222222/0290/M000000004/R000000005
R000000008/1.000000/0000/Guesstimate
R000000009/1.000000/0000/Guesstimate
R000000007/2.222222/0003/R000000008/R000000009
R000000010/1.000000/0000/Guesstimate
R000000011/1.000000/0000/Guesstimate
R000000007/2.222222/0112/R000000010/R000000011
R000000014/1.000000/0000/Guesstimate
R000000013/1.111111/0288/R000000014
R000000012/1.234568/0295/R000000013
R000000006/3.840878/0256/R000000007/R000000012
R000000002/6.736779/0301/R000000003/R000000006
R000000017/1.000000/0000/Guesstimate
R000000016/3.580247/0004/R000000003/R000000017
M000000021/1.000000/0000/Sigma_BB-308324375
R000000020/2.222222/0112/M000000021/R000000005
M000000022/1.000000/0000/Sigma_BB-28766578
R000000020/2.222222/0174/M000000022/R000000005
R000000019/2.469136/0147/R000000020
R000000023/1.000000/0000/Guesstimate
R000000019/3.580247/0119/R000000003/R000000023
R000000018/3.854596/0004/R000000019/R000000017
R000000026/1.000000/0000/Guesstimate
R000000027/1.000000/0000/Guesstimate
R000000025/2.222222/0279/R000000026/R000000027
R000000025/2.222222/0279/R000000026/R000000027
R000000024/2.469136/0079/R000000025
R000000029/1.000000/0000/Guesstimate
R000000028/2.222222/0279/R000000026/R000000029
R000000028/2.222222/0279/R000000026/R000000029
R000000024/2.469136/0082/R000000028
M000000031/1.000000/0000/Sigma_BB-28899885
R000000030/2.222222/0004/M000000031/R000000017
M000000032/1.000000/0000/Sigma_BB-28769153
M000000033/1.000000/0000/Sigma_BB-27088218
R000000030/2.222222/0212/M000000032/M000000033
R000000018/5.212621/0159/R000000024/R000000030
R000000016/4.282884/0024/R000000018
R000000015/5.089163/0003/R000000016/R000000009
R000000034/5.393995/0003/R000000018/R000000009
R000000035/3.580247/0003/R000000030/R000000009
R000000034/6.721537/0159/R000000024/R000000035
R000000015/5.993328/0024/R000000034
R000000002/7.026369/0256/R000000015/R000000012
R000000001/7.485310/0219/R000000002
R000000001/7.485310/0219/R000000002
Q000000002/7.485310/0000/R000000001
Q000000003/8.317012/0000/R000000036
R000000041/1.000000/0000/Guesstimate
R000000042/1.000000/0000/Guesstimate
R000000040/2.222222/0277/R000000041/R000000042
R000000043/1.000000/0000/Guesstimate
R000000040/2.222222/0301/R000000041/R000000043
R000000039/3.580247/0112/M000000021/R000000040
R000000039/3.580247/0174/M000000022/R000000040
R000000038/3.978053/0147/R000000039
R000000044/3.580247/0175/M000000004/R000000040
R000000044/3.580247/0290/M000000004/R000000040
R000000038/5.089163/0119/R000000044/R000000023
R000000047/1.000000/0000/Guesstimate
R000000046/2.482853/0256/R000000047/R000000012
R000000045/2.758726/0219/R000000046
R000000045/2.758726/0219/R000000046
R000000037/7.485310/0279/R000000038/R000000045
R000000037/7.485310/0279/R000000038/R000000045
R000000036/8.317012/0024/R000000037
R000000051/1.111111/0091/M000000004
M000000052/1.000000/0000/Sigma_BB-28788714
R000000051/1.111111/0299/M000000052
R000000054/1.000000/0000/Guesstimate
R000000053/1.111111/0287/R000000054
R000000050/2.469136/0112/R000000051/R000000053
R000000057/1.000000/0000/Guesstimate
R000000056/2.222222/0174/R000000057/R000000054
R000000056/2.222222/0289/R000000057/R000000054
R000000055/2.469136/0197/R000000056
R000000058/7.400000/0000/Guesstimate
R000000055/8.222222/0091/R000000058
M000000059/1.000000/0000/Sigma_BB-28760249
R000000050/3.854596/0112/R000000055/M000000059
R000000049/2.743484/0114/R000000050
M000000060/1.000000/0000/Sigma_BB-92153687
R000000049/3.854596/0174/R000000055/M000000060
R000000064/1.000000/0000/Guesstimate
R000000063/4.176363/0279/R000000064/R000000045
R000000063/4.176363/0279/R000000064/R000000045
R000000065/1.000000/0000/Guesstimate
R000000062/5.751514/0301/R000000063/R000000065
R000000062/5.751514/0301/R000000063/R000000065
R000000061/6.390571/0059/R000000062
R000000067/4.640403/0059/R000000063
R000000069/1.000000/0000/Guesstimate
R000000068/4.176363/0279/R000000069/R000000045
R000000068/4.176363/0279/R000000069/R000000045
R000000067/4.640403/0155/R000000068
R000000070/1.000000/0000/Guesstimate
R000000066/6.267114/0301/R000000067/R000000070
R000000066/6.267114/0301/R000000067/R000000070
R000000061/6.963460/0155/R000000066
R000000048/9.134056/0301/R000000049/R000000061
R000000072/2.345679/0175/R000000051/R000000043
R000000072/2.345679/0290/R000000051/R000000043
R000000071/3.840878/0112/R000000072/R000000053
R000000073/2.222222/0175/M000000059/R000000043
M000000074/1.000000/0000/Sigma_BB-308324471
R000000075/1.000000/0000/Guesstimate
R000000073/2.222222/0232/M000000074/R000000075
R000000071/5.212621/0112/R000000055/R000000073
R000000048/9.423646/0301/R000000071/R000000067
R000000036/9.423646/0025/R000000048
<NEXT>