#
#  Reaction log file
#  Author: LigBuilder V3 User_Diana
#  Creation time: Wed Feb 25 22:10:56 2026
#  Format:
#  QueryMoleculeId/Cost/SynthesizeId/ReactantId1/ReactantId2/ReactantId3.....
#  Id prefix:
#  Q --- Query Molecule
#  M --- Material
#  R --- Reactant
#
Directory      result/synthesize_HsDHODH/40/DATABASE/
#
Q000000001/7.790141/0000/R000000001
R000000005/1.000000/0000/Guesstimate
M000000007/1.000000/0000/Sigma_BB-28799125
R000000006/1.111111/0091/M000000007
R000000008/1.000000/0000/Guesstimate
R000000009/1.000000/0000/Guesstimate
R000000006/2.222222/0285/R000000008/R000000009
R000000004/2.345679/0112/R000000005/R000000006
M000000011/1.000000/0000/Sigma_BB-30385351
R000000010/1.111111/0091/M000000011
R000000012/1.000000/0000/Guesstimate
R000000013/1.000000/0000/Guesstimate
R000000010/2.222222/0279/R000000012/R000000013
R000000014/1.000000/0000/Guesstimate
R000000004/2.345679/0112/R000000010/R000000014
M000000016/1.000000/0000/Sigma_BB-28843655
R000000015/1.111111/0086/M000000016
R000000015/1.111111/0091/M000000016
R000000003/3.840878/0112/R000000004/R000000015
R000000018/2.345679/0112/M000000011/R000000015
R000000019/1.000000/0000/Guesstimate
R000000021/1.000000/0000/Guesstimate
R000000022/1.000000/0000/Guesstimate
R000000020/2.222222/0112/R000000021/R000000022
R000000023/1.000000/0000/Guesstimate
R000000024/1.000000/0000/Guesstimate
R000000020/2.222222/0170/R000000023/R000000024
R000000018/3.580247/0285/R000000019/R000000020
R000000025/1.000000/0000/Guesstimate
R000000017/3.717421/0003/R000000018/R000000025
R000000026/2.345679/0112/R000000005/R000000015
R000000028/1.000000/0000/Guesstimate
R000000029/1.000000/0000/Guesstimate
R000000027/2.222222/0279/R000000028/R000000029
R000000027/2.222222/0279/R000000028/R000000029
R000000026/3.580247/0112/R000000027/R000000022
R000000017/3.717421/0112/R000000026/R000000008
R000000003/5.241580/0012/R000000017/R000000009
R000000032/1.000000/0000/Guesstimate
M000000033/1.000000/0000/Sigma_BB-28849573
R000000031/2.222222/0056/R000000032/M000000033
R000000030/2.469136/0295/R000000031
R000000002/7.011127/0279/R000000003/R000000030
R000000002/7.011127/0279/R000000003/R000000030
R000000001/7.790141/0112/R000000002
R000000034/7.011127/0112/R000000003/R000000030
R000000036/1.000000/0000/Guesstimate
R000000035/2.222222/0112/R000000036/R000000014
R000000038/1.000000/0000/Guesstimate
R000000037/2.222222/0001/R000000038/M000000007
R000000039/1.000000/0000/Guesstimate
R000000040/1.000000/0000/Guesstimate
R000000037/2.222222/0113/R000000039/R000000040
R000000035/2.469136/0009/R000000037
R000000041/5.212621/0112/R000000020/R000000030
R000000034/8.260937/0285/R000000035/R000000041
R000000001/7.790141/0279/R000000034
Q000000002/7.669903/0000/R000000042
R000000044/5.212621/0279/R000000035/R000000030
R000000044/5.212621/0279/R000000035/R000000030
R000000045/1.000000/0000/Guesstimate
R000000043/6.902912/0003/R000000044/R000000045
R000000048/1.000000/0000/Guesstimate
R000000047/3.854596/0275/R000000030/R000000048
R000000046/6.752020/0279/R000000035/R000000047
R000000046/6.902912/0275/R000000044/R000000048
R000000049/1.000000/0000/Guesstimate
R000000043/8.613357/0003/R000000046/R000000049
R000000042/7.669903/0012/R000000043
R000000053/1.000000/0000/Guesstimate
R000000052/1.111111/0040/R000000053
M000000054/1.000000/0000/Sigma_BB-28508075
R000000052/1.111111/0197/M000000054
R000000055/1.000000/0000/Guesstimate
R000000051/2.345679/0003/R000000052/R000000055
R000000057/1.000000/0000/Guesstimate
R000000056/2.222222/0004/R000000005/R000000057
R000000058/1.000000/0000/Guesstimate
R000000051/3.580247/0049/R000000056/R000000058
R000000059/3.978053/0279/R000000006/R000000030
R000000060/3.854596/0279/M000000007/R000000030
R000000060/3.854596/0279/M000000007/R000000030
R000000059/4.282884/0091/R000000060
R000000050/7.026369/0112/R000000051/R000000059
R000000062/3.978053/0112/R000000052/R000000030
R000000061/5.531170/0003/R000000062/R000000055
R000000063/5.212621/0112/R000000056/R000000030
R000000061/6.902912/0049/R000000063/R000000058
R000000050/7.380312/0279/R000000061/R000000006
R000000042/7.807076/0112/R000000050
Q000000003/7.669903/0000/R000000042
<NEXT>