#
#  Reaction log file
#  Author: LigBuilder V3 User_Diana
#  Creation time: Wed Feb 25 22:13:22 2026
#  Format:
#  QueryMoleculeId/Cost/SynthesizeId/ReactantId1/ReactantId2/ReactantId3.....
#  Id prefix:
#  Q --- Query Molecule
#  M --- Material
#  R --- Reactant
#
Directory      result/synthesize_HsDHODH/109/DATABASE/
#
Q000000001/6.096632/0000/R000000001
R000000005/1.000000/0000/Guesstimate
R000000006/1.000000/0000/Guesstimate
R000000004/2.222222/0279/R000000005/R000000006
R000000004/2.222222/0279/R000000005/R000000006
R000000008/1.000000/0000/Guesstimate
R000000009/1.000000/0000/Guesstimate
R000000007/2.222222/0277/R000000008/R000000009
R000000010/1.000000/0000/Guesstimate
R000000007/2.222222/0301/R000000010/R000000009
R000000003/4.938272/0159/R000000004/R000000007
R000000011/3.580247/0159/R000000004/R000000010
R000000003/5.089163/0301/R000000011/R000000009
R000000002/5.486969/0287/R000000003
R000000012/3.978053/0287/R000000011
R000000002/5.531170/0301/R000000012/R000000009
R000000001/6.096632/0024/R000000002
R000000016/1.000000/0000/Guesstimate
R000000015/2.222222/0279/R000000016/R000000006
R000000015/2.222222/0279/R000000016/R000000006
R000000014/4.938272/0159/R000000015/R000000007
R000000017/3.580247/0159/R000000015/R000000010
R000000014/5.089163/0301/R000000017/R000000009
R000000013/5.486969/0287/R000000014
R000000018/3.978053/0287/R000000017
R000000013/5.531170/0301/R000000018/R000000009
R000000001/6.096632/0040/R000000013
Q000000002/4.420059/0000/R000000019
M000000022/1.000000/0000/Sigma_BB-28757035
R000000021/3.580247/0159/R000000004/M000000022
R000000024/1.000000/0000/Guesstimate
M000000025/1.000000/0000/Sigma_BB-28758786
R000000023/2.222222/0012/R000000024/M000000025
M000000026/1.000000/0000/Sigma_BB-28447383
R000000023/2.222222/0279/R000000005/M000000026
R000000027/1.000000/0000/Guesstimate
R000000021/3.580247/0159/R000000023/R000000027
R000000020/3.978053/0287/R000000021
R000000030/1.000000/0000/Guesstimate
R000000029/3.580247/0159/R000000004/R000000030
R000000028/3.978053/0287/R000000029
R000000031/1.000000/0000/Guesstimate
R000000020/5.531170/0175/R000000028/R000000031
R000000019/4.420059/0024/R000000020
M000000035/1.000000/0000/Sigma_BB-28767321
R000000034/3.580247/0159/R000000015/M000000035
R000000033/3.978053/0147/R000000034
M000000037/1.000000/0000/Sigma_BB-28757051
R000000036/3.580247/0159/R000000015/M000000037
R000000033/3.978053/0147/R000000036
R000000032/4.420059/0287/R000000033
R000000040/1.000000/0000/Guesstimate
R000000039/3.580247/0159/R000000015/R000000040
R000000038/3.978053/0287/R000000039
R000000043/6.700000/0000/Guesstimate
R000000042/7.444445/0114/R000000043
R000000044/1.000000/0000/Guesstimate
R000000041/9.382716/0175/R000000042/R000000044
R000000045/8.555555/0175/R000000043/R000000044
R000000045/8.555555/0290/R000000043/R000000044
R000000041/9.506173/0114/R000000045
R000000038/9.382716/0217/R000000041
R000000046/1.000000/0000/Guesstimate
R000000032/5.531170/0301/R000000038/R000000046
R000000019/4.911177/0040/R000000032
Q000000003/5.531170/0000/R000000047
R000000050/1.000000/0000/Guesstimate
R000000052/1.000000/0000/Guesstimate
R000000051/2.222222/0279/R000000006/R000000052
R000000051/2.222222/0279/R000000006/R000000052
R000000049/3.580247/0159/R000000050/R000000051
R000000054/1.000000/0000/Guesstimate
R000000055/1.000000/0000/Guesstimate
R000000053/2.222222/0012/R000000054/R000000055
R000000053/2.222222/0285/R000000054/R000000055
R000000056/1.000000/0000/Guesstimate
R000000049/3.580247/0159/R000000053/R000000056
R000000048/3.978053/0197/R000000049
R000000059/1.000000/0000/Guesstimate
R000000058/3.580247/0159/R000000004/R000000059
R000000058/3.978053/0287/R000000029
R000000057/3.978053/0287/R000000058
R000000057/4.420059/0287/R000000028
R000000048/4.420059/0024/R000000057
R000000060/1.000000/0000/Guesstimate
R000000047/5.531170/0003/R000000048/R000000060
R000000062/1.000000/0000/Guesstimate
R000000061/5.531170/0004/R000000048/R000000062
R000000063/5.531170/0004/R000000057/R000000062
R000000065/1.000000/0000/Guesstimate
R000000064/5.531170/0003/R000000057/R000000065
R000000066/1.000000/0000/Guesstimate
R000000064/5.531170/0175/R000000028/R000000066
R000000063/6.145744/0040/R000000064
R000000061/6.145744/0024/R000000063
R000000067/1.000000/0000/Guesstimate
R000000047/7.256855/0003/R000000061/R000000067
<NEXT>