#
#  Reaction log file
#  Author: LigBuilder V3 User_Diana
#  Creation time: Wed Feb 25 22:12:01 2026
#  Format:
#  QueryMoleculeId/Cost/SynthesizeId/ReactantId1/ReactantId2/ReactantId3.....
#  Id prefix:
#  Q --- Query Molecule
#  M --- Material
#  R --- Reactant
#
Directory      result/synthesize_HsDHODH/79/DATABASE/
#
Q000000001/6.096632/0000/R000000001
R000000005/1.000000/0000/Guesstimate
R000000006/1.000000/0000/Guesstimate
R000000004/2.222222/0279/R000000005/R000000006
R000000004/2.222222/0279/R000000005/R000000006
R000000008/1.000000/0000/Guesstimate
M000000009/1.000000/0000/Sigma_BB-28830089
R000000007/2.222222/0275/R000000008/M000000009
R000000010/1.000000/0000/Guesstimate
R000000011/1.000000/0000/Guesstimate
R000000007/3.333333/0225/R000000008/R000000010/R000000011
R000000003/4.938272/0159/R000000004/R000000007
R000000012/3.580247/0159/R000000004/R000000008
R000000003/6.200274/0225/R000000012/R000000010/R000000011
R000000002/5.486969/0287/R000000003
R000000015/1.000000/0000/Guesstimate
R000000014/5.089163/0275/R000000012/R000000015
R000000016/1.000000/0000/Guesstimate
R000000014/6.200274/0225/R000000012/R000000016/R000000011
R000000013/5.654626/0287/R000000014
R000000017/1.000000/0000/Guesstimate
R000000002/7.394029/0301/R000000013/R000000017
R000000001/6.096632/0040/R000000002
R000000020/3.978053/0040/R000000012
R000000019/4.420059/0287/R000000020
R000000022/9.600000/0000/Guesstimate
R000000021/9.600000/0125/R000000022
R000000024/7.900000/0000/Guesstimate
R000000023/8.777778/0114/R000000024
R000000021/9.753086/0217/R000000023
R000000019/9.753086/0040/R000000021
R000000025/1.000000/0000/Guesstimate
R000000018/7.133399/0225/R000000019/R000000025/R000000011
R000000027/1.000000/0000/Guesstimate
R000000026/2.222222/0003/R000000027/R000000008
R000000028/1.000000/0000/Guesstimate
R000000029/1.000000/0000/Guesstimate
R000000026/2.222222/0049/R000000028/R000000029
R000000018/7.380312/0275/R000000019/R000000026
R000000001/7.925999/0147/R000000018
Q000000002/6.145744/0000/R000000030
M000000034/1.000000/0000/Sigma_BB-28757037
R000000033/3.580247/0159/R000000004/M000000034
R000000035/1.000000/0000/Guesstimate
R000000033/5.089163/0275/R000000012/R000000035
R000000032/3.978053/0287/R000000033
R000000037/4.911177/0091/R000000019
R000000036/6.567974/0275/R000000037/R000000035
R000000032/8.408860/0112/R000000036/R000000011
M000000038/1.000000/0000/Sigma_BB-70383556
R000000031/5.531170/0277/R000000032/M000000038
R000000040/5.089163/0275/R000000012/R000000027
R000000039/5.654626/0287/R000000040
R000000041/6.567974/0275/R000000037/R000000027
R000000039/8.408860/0112/R000000041/R000000011
R000000031/7.394029/0301/R000000039/M000000038
R000000030/6.145744/0040/R000000031
R000000044/1.000000/0000/Guesstimate
R000000043/6.567974/0174/R000000037/R000000044
R000000045/1.111111/0287/R000000044
R000000043/6.691431/0112/R000000037/R000000045
R000000047/2.222222/0004/M000000038/R000000008
R000000048/1.000000/0000/Guesstimate
R000000047/3.333333/0225/M000000038/R000000011/R000000048
R000000046/2.469136/0086/R000000047
R000000046/2.469136/0091/R000000047
R000000042/9.037110/0275/R000000043/R000000046
R000000042/9.519972/0225/R000000043/M000000038/R000000011
R000000030/9.519972/0025/R000000042
Q000000003/6.096632/0000/R000000001
Q000000004/9.343178/0000/R000000049
R000000052/1.000000/0000/Guesstimate
R000000051/6.567974/0276/R000000037/R000000052
R000000051/6.567974/0278/R000000037/R000000052
M000000053/1.000000/0000/Sigma_BB-30601432
R000000050/8.408860/0274/R000000051/M000000053
R000000055/1.000000/0000/Guesstimate
R000000054/8.408860/0274/R000000051/R000000055
R000000056/6.567974/0274/R000000037/R000000055
R000000054/8.408860/0276/R000000056/R000000052
M000000057/1.000000/0000/Sigma_BB-28829501
R000000050/9.408860/0212/R000000054/M000000057
R000000049/9.343178/0024/R000000050
R000000058/8.408860/0274/R000000043/M000000053
R000000049/9.343178/0025/R000000058
<NEXT>