#
#  Reaction log file
#  Author: LigBuilder V3 User_Diana
#  Creation time: Wed Feb 25 22:14:00 2026
#  Format:
#  QueryMoleculeId/Cost/SynthesizeId/ReactantId1/ReactantId2/ReactantId3.....
#  Id prefix:
#  Q --- Query Molecule
#  M --- Material
#  R --- Reactant
#
Directory      result/synthesize_HsDHODH/133/DATABASE/
#
Q000000001/4.130468/0000/R000000001
M000000005/1.000000/0000/Sigma_BB-90496698
R000000004/1.111111/0299/M000000005
R000000006/1.000000/0000/Guesstimate
R000000003/2.345679/0175/R000000004/R000000006
R000000008/1.000000/0000/Guesstimate
R000000007/2.345679/0175/R000000004/R000000008
R000000007/2.345679/0290/R000000004/R000000008
R000000009/1.000000/0000/Guesstimate
R000000003/3.717421/0212/R000000007/R000000009
R000000010/1.000000/0000/Guesstimate
R000000002/3.717421/0175/R000000003/R000000010
R000000011/2.345679/0175/R000000004/R000000010
R000000012/2.345679/0174/R000000004/R000000010
R000000012/2.345679/0289/R000000004/R000000010
R000000011/2.606310/0147/R000000012
R000000002/3.717421/0175/R000000011/R000000006
R000000001/4.130468/0139/R000000002
M000000016/1.000000/0000/Sigma_BB-30751968
R000000015/1.111111/0204/M000000016
M000000017/1.000000/0000/Sigma_BB-390724664
R000000015/1.111111/0217/M000000017
R000000018/1.000000/0000/Guesstimate
R000000014/2.345679/0285/R000000015/R000000018
R000000019/2.222222/0285/M000000016/R000000018
R000000014/2.469136/0204/R000000019
R000000020/1.000000/0000/Guesstimate
R000000013/3.717421/0159/R000000014/R000000020
R000000001/4.130468/0147/R000000013
Q000000002/2.482853/0000/R000000021
M000000024/1.000000/0000/Sigma_BB-28467114
R000000023/1.111111/0287/M000000024
R000000022/1.234568/0299/R000000023
M000000027/1.000000/0000/Sigma_BB-70403811
R000000026/1.111111/0299/M000000027
R000000025/1.234568/0299/R000000026
R000000028/1.111111/0299/M000000027
R000000025/1.234568/0299/R000000028
R000000029/1.000000/0000/Guesstimate
R000000022/2.482853/0274/R000000025/R000000029
R000000021/2.482853/0175/R000000022/R000000010
R000000030/2.482853/0174/R000000022/R000000010
R000000031/1.000000/0000/Guesstimate
R000000030/3.717421/0159/R000000014/R000000031
R000000021/2.758726/0147/R000000030
Q000000003/2.758726/0000/R000000032
M000000036/1.000000/0000/Sigma_BB-159321633
R000000035/1.111111/0299/M000000036
R000000034/1.234568/0287/R000000035
R000000037/1.111111/0287/M000000036
R000000034/1.234568/0299/R000000037
R000000033/2.482853/0112/R000000034/R000000010
R000000038/1.000000/0000/Guesstimate
R000000033/3.717421/0159/R000000014/R000000038
R000000032/2.758726/0147/R000000033
R000000039/2.606310/0164/R000000011
R000000039/2.606310/0166/R000000011
R000000032/2.895900/0147/R000000039
<NEXT>