#
#  Reaction log file
#  Author: LigBuilder V3 User_Diana
#  Creation time: Wed Feb 25 22:16:30 2026
#  Format:
#  QueryMoleculeId/Cost/SynthesizeId/ReactantId1/ReactantId2/ReactantId3.....
#  Id prefix:
#  Q --- Query Molecule
#  M --- Material
#  R --- Reactant
#
Directory      result/synthesize_HsDHODH/209/DATABASE/
#
Q000000001/4.420059/0000/R000000001
R000000005/1.000000/0000/Guesstimate
R000000006/1.000000/0000/Guesstimate
R000000004/2.222222/0279/R000000005/R000000006
R000000004/2.222222/0279/R000000005/R000000006
R000000007/1.000000/0000/Guesstimate
R000000003/3.580247/0159/R000000004/R000000007
R000000009/1.000000/0000/Guesstimate
R000000010/1.000000/0000/Guesstimate
R000000008/2.222222/0012/R000000009/R000000010
R000000008/2.222222/0285/R000000009/R000000010
R000000011/1.000000/0000/Guesstimate
R000000003/3.580247/0159/R000000008/R000000011
R000000002/3.978053/0287/R000000003
R000000014/1.000000/0000/Guesstimate
R000000013/3.580247/0159/R000000004/R000000014
R000000015/9.200000/0000/Guesstimate
R000000013/9.200000/0114/R000000015
R000000012/3.978053/0287/R000000013
R000000016/1.000000/0000/Guesstimate
R000000002/5.531170/0301/R000000012/R000000016
R000000001/4.420059/0024/R000000002
R000000020/1.000000/0000/Guesstimate
R000000021/1.000000/0000/Guesstimate
R000000019/2.222222/0012/R000000020/R000000021
R000000022/1.000000/0000/Guesstimate
R000000023/1.000000/0000/Guesstimate
R000000019/2.222222/0279/R000000022/R000000023
R000000024/1.000000/0000/Guesstimate
R000000018/3.580247/0159/R000000019/R000000024
R000000025/3.580247/0159/R000000019/R000000011
R000000018/3.978053/0287/R000000025
R000000017/3.978053/0147/R000000018
R000000028/1.000000/0000/Guesstimate
R000000027/2.222222/0279/R000000028/R000000006
R000000027/2.222222/0279/R000000028/R000000006
R000000026/3.580247/0159/R000000027/R000000007
R000000026/3.978053/0147/R000000025
R000000017/3.978053/0287/R000000026
R000000001/4.420059/0040/R000000017
Q000000002/4.420059/0000/R000000001
Q000000003/6.022288/0000/R000000029
R000000033/1.000000/0000/Guesstimate
R000000032/3.580247/0159/R000000004/R000000033
R000000032/9.200000/0287/R000000015
R000000031/3.978053/0287/R000000032
R000000030/4.420059/0024/R000000031
R000000035/3.580247/0159/R000000027/R000000033
R000000034/3.978053/0287/R000000035
R000000037/8.400000/0000/Guesstimate
R000000036/9.333333/0114/R000000037
R000000034/9.333333/0217/R000000036
R000000030/4.420059/0040/R000000034
R000000038/1.000000/0000/Guesstimate
R000000029/6.022288/0003/R000000030/R000000038
R000000040/1.000000/0000/Guesstimate
R000000039/6.022288/0004/R000000030/R000000040
R000000041/5.531170/0004/R000000031/R000000040
R000000043/1.000000/0000/Guesstimate
R000000042/5.531170/0003/R000000031/R000000043
R000000044/1.000000/0000/Guesstimate
R000000042/5.531170/0112/R000000012/R000000044
R000000041/6.145744/0040/R000000042
R000000039/6.145744/0024/R000000041
R000000045/1.000000/0000/Guesstimate
R000000029/7.802542/0003/R000000039/R000000045
<NEXT>