#
#  Reaction log file
#  Author: LigBuilder V3 User_Diana
#  Creation time: Wed Feb 25 22:13:55 2026
#  Format:
#  QueryMoleculeId/Cost/SynthesizeId/ReactantId1/ReactantId2/ReactantId3.....
#  Id prefix:
#  Q --- Query Molecule
#  M --- Material
#  R --- Reactant
#
Directory      result/synthesize_HsDHODH/121/DATABASE/
#
Q000000001/6.113567/0000/R000000001
M000000006/1.000000/0000/Sigma_BB-184377626
R000000005/1.111111/0287/M000000006
R000000004/1.234568/0260/R000000005
R000000007/1.111111/0260/M000000006
R000000004/1.234568/0287/R000000007
R000000008/1.000000/0000/Guesstimate
R000000003/2.482853/0175/R000000004/R000000008
R000000012/1.000000/0000/Guesstimate
R000000011/1.111111/0283/R000000012
R000000013/1.000000/0000/Guesstimate
R000000014/1.000000/0000/Guesstimate
R000000011/2.222222/0112/R000000013/R000000014
R000000016/1.000000/0000/Guesstimate
R000000017/1.000000/0000/Guesstimate
R000000015/2.222222/0279/R000000016/R000000017
R000000015/2.222222/0279/R000000016/R000000017
R000000010/3.703704/0159/R000000011/R000000015
R000000018/1.000000/0000/Guesstimate
R000000009/5.226338/0112/R000000010/R000000018
R000000022/1.000000/0000/Guesstimate
R000000021/2.222222/0279/R000000016/R000000022
R000000021/2.222222/0279/R000000016/R000000022
R000000020/3.703704/0159/R000000011/R000000021
R000000019/4.115227/0197/R000000020
R000000009/5.683586/0112/R000000019/R000000008
R000000003/5.807042/0147/R000000009
R000000025/1.000000/0000/Guesstimate
R000000026/1.000000/0000/Guesstimate
R000000024/2.222222/0226/R000000025/R000000026
R000000027/1.000000/0000/Guesstimate
R000000024/2.222222/0277/R000000025/R000000027
R000000023/2.469136/0224/R000000024
R000000002/5.502210/0112/R000000003/R000000023
R000000028/4.115227/0079/R000000010
R000000029/1.000000/0000/Guesstimate
R000000028/5.226338/0112/R000000010/R000000029
R000000031/1.000000/0000/Guesstimate
R000000030/3.854596/0004/R000000023/R000000031
R000000033/1.000000/0000/Guesstimate
R000000032/3.854596/0004/R000000023/R000000033
R000000030/4.282884/0155/R000000032
R000000002/8.855358/0049/R000000028/R000000030
R000000001/6.113567/0147/R000000002
R000000034/6.858711/0003/R000000020/R000000023
R000000001/7.620790/0147/R000000034
Q000000002/4.420059/0000/R000000035
R000000039/1.000000/0000/Guesstimate
R000000040/1.000000/0000/Guesstimate
R000000038/2.222222/0279/R000000039/R000000040
R000000038/2.222222/0279/R000000039/R000000040
R000000041/1.000000/0000/Guesstimate
R000000037/3.580247/0159/R000000038/R000000041
R000000043/1.000000/0000/Guesstimate
R000000044/1.000000/0000/Guesstimate
R000000042/2.222222/0012/R000000043/R000000044
R000000045/1.000000/0000/Guesstimate
R000000042/2.222222/0279/R000000039/R000000045
R000000046/1.000000/0000/Guesstimate
R000000037/3.580247/0159/R000000042/R000000046
R000000036/3.978053/0287/R000000037
R000000035/4.420059/0024/R000000036
R000000050/1.000000/0000/Guesstimate
R000000049/2.222222/0279/R000000050/R000000040
R000000049/2.222222/0279/R000000050/R000000040
R000000048/3.580247/0159/R000000049/R000000041
R000000052/1.000000/0000/Guesstimate
R000000051/2.222222/0012/R000000052/R000000044
R000000051/2.222222/0279/R000000050/R000000045
R000000048/3.580247/0159/R000000051/R000000046
R000000047/3.978053/0287/R000000048
R000000055/1.000000/0000/Guesstimate
R000000054/3.580247/0159/R000000049/R000000055
R000000053/3.978053/0287/R000000054
R000000047/4.420059/0300/R000000053
R000000035/4.420059/0040/R000000047
Q000000003/4.420059/0000/R000000056
R000000059/1.000000/0000/Guesstimate
R000000061/1.000000/0000/Guesstimate
R000000060/2.222222/0279/R000000040/R000000061
R000000060/2.222222/0279/R000000040/R000000061
R000000058/3.580247/0159/R000000059/R000000060
R000000063/1.000000/0000/Guesstimate
R000000062/2.222222/0012/R000000063/R000000052
R000000062/2.222222/0285/R000000063/R000000052
R000000064/1.000000/0000/Guesstimate
R000000058/3.580247/0159/R000000062/R000000064
R000000057/3.978053/0147/R000000058
R000000067/1.000000/0000/Guesstimate
R000000066/3.580247/0159/R000000038/R000000067
R000000065/3.978053/0287/R000000066
R000000068/1.000000/0000/Guesstimate
R000000057/5.531170/0173/R000000065/R000000068
R000000056/4.420059/0024/R000000057
R000000072/1.000000/0000/Guesstimate
R000000071/3.580247/0159/R000000072/R000000060
R000000070/3.978053/0147/R000000071
R000000074/1.000000/0000/Guesstimate
R000000073/1.111111/0287/R000000074
R000000075/7.400000/0000/Guesstimate
R000000073/8.222222/0197/R000000075
R000000069/5.654626/0112/R000000070/R000000073
R000000078/1.000000/0000/Guesstimate
R000000077/2.222222/0174/R000000078/R000000074
R000000077/2.345679/0112/R000000078/R000000073
R000000076/2.469136/0197/R000000077
R000000076/8.222222/0091/R000000075
R000000080/3.580247/0159/R000000014/R000000060
R000000079/3.978053/0147/R000000080
R000000081/7.300000/0000/Guesstimate
R000000079/8.111112/0287/R000000081
R000000069/7.163543/0112/R000000076/R000000079
R000000056/6.282918/0025/R000000069
<NEXT>