#
#  Reaction log file
#  Author: LigBuilder V3 User_Diana
#  Creation time: Wed Feb 25 22:19:20 2026
#  Format:
#  QueryMoleculeId/Cost/SynthesizeId/ReactantId1/ReactantId2/ReactantId3.....
#  Id prefix:
#  Q --- Query Molecule
#  M --- Material
#  R --- Reactant
#
Directory      result/synthesize_HsDHODH/269/DATABASE/
#
Q000000001/5.531170/0000/R000000001
R000000005/1.000000/0000/Guesstimate
R000000006/1.000000/0000/Guesstimate
R000000004/2.222222/0279/R000000005/R000000006
R000000004/2.222222/0279/R000000005/R000000006
M000000007/1.000000/0000/Sigma_BB-28760327
R000000003/3.580247/0159/R000000004/M000000007
R000000002/3.978053/0287/R000000003
R000000008/1.000000/0000/Guesstimate
R000000001/5.531170/0224/R000000002/R000000008
R000000012/1.000000/0000/Guesstimate
R000000011/2.222222/0279/R000000012/R000000006
R000000011/2.222222/0279/R000000012/R000000006
R000000014/1.000000/0000/Guesstimate
M000000015/1.000000/0000/Sigma_BB-28500549
R000000013/2.222222/0119/R000000014/M000000015
R000000013/2.222222/0224/M000000007/R000000008
R000000010/4.938272/0159/R000000011/R000000013
R000000009/5.486969/0287/R000000010
R000000001/6.096632/0040/R000000009
Q000000002/2.758726/0000/R000000016
M000000020/1.000000/0000/Sigma_BB-40672237
R000000019/1.111111/0287/M000000020
R000000018/1.234568/0299/R000000019
M000000021/1.000000/0000/Sigma_BB-27088669
R000000023/1.000000/0000/Guesstimate
R000000022/2.222222/0279/R000000005/R000000023
R000000022/2.222222/0279/R000000005/R000000023
R000000018/3.580247/0159/M000000021/R000000022
R000000024/1.000000/0000/Guesstimate
R000000017/2.482853/0003/R000000018/R000000024
R000000027/1.000000/0000/Guesstimate
R000000026/2.222222/0279/R000000027/R000000023
R000000026/2.222222/0279/R000000027/R000000023
R000000025/3.580247/0159/M000000021/R000000026
R000000028/1.000000/0000/Guesstimate
R000000017/5.089163/0112/R000000025/R000000028
R000000016/2.758726/0099/R000000017
M000000032/1.000000/0000/Sigma_BB-90496698
R000000031/1.111111/0299/M000000032
R000000030/1.234568/0287/R000000031
R000000030/1.371742/0197/R000000018
M000000033/1.000000/0000/Sigma_BB-28780434
R000000029/2.482853/0003/R000000030/M000000033
R000000035/1.000000/0000/Guesstimate
R000000034/2.482853/0112/R000000030/R000000035
R000000036/1.000000/0000/Guesstimate
R000000034/5.089163/0112/R000000025/R000000036
R000000038/1.111111/0093/M000000033
R000000038/2.222222/0004/R000000014/R000000024
R000000037/1.234568/0085/R000000038
R000000039/1.000000/0000/Guesstimate
R000000037/2.222222/0004/R000000039/R000000024
R000000029/4.130468/0049/R000000034/R000000037
R000000016/2.758726/0099/R000000029
Q000000003/2.758726/0000/R000000016
<NEXT>