#
#  Reaction log file
#  Author: LigBuilder V3 User_Diana
#  Creation time: Wed Feb 25 22:18:56 2026
#  Format:
#  QueryMoleculeId/Cost/SynthesizeId/ReactantId1/ReactantId2/ReactantId3.....
#  Id prefix:
#  Q --- Query Molecule
#  M --- Material
#  R --- Reactant
#
Directory      result/synthesize_HsDHODH/268/DATABASE/
#
Q000000001/2.743484/0000/R000000001
M000000004/1.000000/0000/Sigma_BB-28828976
M000000005/1.000000/0000/Sigma_BB-28798706
R000000003/2.222222/0231/M000000004/M000000005
M000000007/1.000000/0000/Sigma_BB-28452414
R000000008/1.000000/0000/Guesstimate
R000000006/2.222222/0174/M000000007/R000000008
M000000009/1.000000/0000/Sigma_BB-28421609
R000000006/2.222222/0231/M000000004/M000000009
R000000003/2.469136/0041/R000000006
R000000002/2.469136/0125/R000000003
R000000002/3.580247/0112/R000000003/R000000008
R000000001/2.743484/0059/R000000002
R000000012/1.111111/0125/M000000007
R000000012/2.222222/0112/M000000007/R000000008
R000000011/1.234568/0059/R000000012
R000000013/1.000000/0000/Guesstimate
R000000011/2.345679/0224/R000000012/R000000013
R000000010/2.482853/0174/R000000011/R000000008
R000000015/1.111111/0125/M000000004
R000000015/2.222222/0112/M000000004/R000000008
R000000014/1.234568/0059/R000000015
M000000017/1.000000/0000/Sigma_BB-28758779
R000000018/1.000000/0000/Guesstimate
R000000016/2.222222/0112/M000000017/R000000018
R000000014/2.469136/0112/R000000016
R000000010/2.482853/0231/R000000014/M000000009
R000000001/2.758726/0041/R000000010
Q000000002/2.743484/0000/R000000001
Q000000003/2.743484/0000/R000000001
Q000000004/5.531170/0000/R000000019
R000000023/1.000000/0000/Guesstimate
R000000024/1.000000/0000/Guesstimate
R000000022/2.222222/0279/R000000023/R000000024
R000000022/2.222222/0279/R000000023/R000000024
M000000025/1.000000/0000/Sigma_BB-28760327
R000000021/3.580247/0159/R000000022/M000000025
R000000020/3.978053/0287/R000000021
R000000026/1.000000/0000/Guesstimate
R000000019/5.531170/0224/R000000020/R000000026
R000000030/1.000000/0000/Guesstimate
R000000029/2.222222/0279/R000000030/R000000024
R000000029/2.222222/0279/R000000030/R000000024
R000000032/1.000000/0000/Guesstimate
M000000033/1.000000/0000/Sigma_BB-28500549
R000000031/2.222222/0119/R000000032/M000000033
R000000031/2.222222/0224/M000000025/R000000026
R000000028/4.938272/0159/R000000029/R000000031
R000000027/5.486969/0287/R000000028
R000000019/6.096632/0040/R000000027
<NEXT>