#
#  Reaction log file
#  Author: LigBuilder V3 User_Diana
#  Creation time: Wed Feb 25 22:16:39 2026
#  Format:
#  QueryMoleculeId/Cost/SynthesizeId/ReactantId1/ReactantId2/ReactantId3.....
#  Id prefix:
#  Q --- Query Molecule
#  M --- Material
#  R --- Reactant
#
Directory      result/synthesize_HsDHODH/215/DATABASE/
#
Q000000001/2.758726/0000/R000000001
M000000005/1.000000/0000/Sigma_BB-27944466
R000000004/1.111111/0114/M000000005
R000000003/1.234568/0074/R000000004
M000000007/1.000000/0000/Sigma_BB-151011721
R000000006/1.111111/0114/M000000007
R000000006/1.234568/0287/R000000004
R000000008/1.000000/0000/Guesstimate
R000000003/2.345679/0112/R000000006/R000000008
M000000009/1.000000/0000/Sigma_BB-28953385
R000000002/2.482853/0274/R000000003/M000000009
R000000001/2.758726/0017/R000000002
M000000013/1.000000/0000/Sigma_BB-28758567
R000000012/1.111111/0114/M000000013
R000000011/1.234568/0074/R000000012
M000000015/1.000000/0000/Sigma_BB-29038349
R000000014/1.111111/0114/M000000015
R000000014/1.234568/0287/R000000012
R000000011/2.345679/0112/R000000014/R000000008
R000000010/2.482853/0274/R000000011/M000000009
R000000001/2.758726/0017/R000000010
Q000000002/Analysis Failed
Q000000003/Analysis Failed
<NEXT>