#
#  Reaction log file
#  Author: LigBuilder V3 User_Diana
#  Creation time: Wed Feb 25 22:10:20 2026
#  Format:
#  QueryMoleculeId/Cost/SynthesizeId/ReactantId1/ReactantId2/ReactantId3.....
#  Id prefix:
#  Q --- Query Molecule
#  M --- Material
#  R --- Reactant
#
Directory      result/synthesize_HsDHODH/27/DATABASE/
#
Q000000001/8.335828/0000/R000000001
R000000007/1.000000/0000/Guesstimate
R000000008/1.000000/0000/Guesstimate
R000000006/2.222222/0285/R000000007/R000000008
R000000005/2.469136/0079/R000000006
R000000010/1.000000/0000/Guesstimate
R000000011/1.000000/0000/Guesstimate
R000000009/2.222222/0279/R000000010/R000000011
R000000009/2.222222/0279/R000000010/R000000011
R000000005/2.469136/0082/R000000009
M000000012/1.000000/0000/Sigma_BB-28968979
R000000004/3.854596/0159/R000000005/M000000012
R000000003/4.282884/0287/R000000004
R000000003/4.282884/0287/R000000004
R000000015/1.000000/0000/Guesstimate
M000000016/1.000000/0000/Sigma_BB-30381207
R000000014/2.222222/0112/R000000015/M000000016
R000000013/2.469136/0147/R000000014
R000000018/1.000000/0000/Guesstimate
R000000017/2.222222/0003/R000000018/M000000016
R000000013/2.469136/0147/R000000017
R000000002/7.502244/0122/R000000003/R000000013
R000000020/1.000000/0000/Guesstimate
R000000019/5.869872/0122/R000000003/R000000020
R000000022/1.000000/0000/Guesstimate
R000000021/5.869872/0122/R000000003/R000000022
R000000019/6.522080/0260/R000000021
R000000024/1.000000/0000/Guesstimate
R000000023/2.222222/0004/R000000024/M000000016
R000000026/1.000000/0000/Guesstimate
R000000027/1.000000/0000/Guesstimate
R000000025/2.222222/0279/R000000026/R000000027
R000000025/2.222222/0279/R000000026/R000000027
R000000023/2.469136/0024/R000000025
R000000002/8.991217/0212/R000000019/R000000023
R000000001/8.335828/0294/R000000002
R000000031/1.000000/0000/Guesstimate
R000000030/2.222222/0004/R000000031/R000000024
R000000032/1.000000/0000/Guesstimate
R000000033/1.000000/0000/Guesstimate
R000000030/3.333333/0225/R000000031/R000000032/R000000033
M000000035/1.000000/0000/Sigma_BB-27568240
R000000034/2.222222/0279/M000000035/R000000027
R000000034/2.222222/0279/M000000035/R000000027
R000000029/4.938272/0212/R000000030/R000000034
R000000029/4.938272/0212/R000000030/R000000034
R000000028/8.230453/0159/R000000005/R000000029
R000000036/5.212621/0159/R000000005/R000000030
R000000028/8.260937/0212/R000000036/R000000034
R000000001/9.144949/0287/R000000028
Q000000002/7.959492/0000/R000000037
R000000041/1.000000/0000/Guesstimate
R000000042/1.000000/0000/Guesstimate
R000000040/2.222222/0279/R000000041/R000000042
R000000040/2.222222/0279/R000000041/R000000042
R000000044/1.000000/0000/Guesstimate
R000000043/3.580247/0212/R000000030/R000000044
R000000043/3.580247/0212/R000000030/R000000044
R000000039/6.447188/0159/R000000040/R000000043
R000000045/4.938272/0159/R000000040/R000000030
R000000039/6.598080/0212/R000000045/R000000044
R000000038/7.163543/0287/R000000039
R000000037/7.959492/0024/R000000038
R000000049/1.000000/0000/Guesstimate
R000000048/2.222222/0279/R000000049/R000000042
R000000048/2.222222/0279/R000000049/R000000042
R000000047/6.447188/0159/R000000048/R000000043
R000000046/7.163543/0287/R000000047
R000000037/7.959492/0040/R000000046
Q000000003/8.335828/0000/R000000001
Q000000004/8.008604/0000/R000000050
R000000052/5.486969/0287/R000000045
M000000053/1.000000/0000/Sigma_BB-28769413
R000000051/7.207744/0212/R000000052/M000000053
R000000051/7.207744/0212/R000000052/M000000053
R000000050/8.008604/0024/R000000051
R000000056/4.938272/0159/R000000048/R000000030
R000000055/5.486969/0287/R000000056
R000000054/7.207744/0212/R000000055/M000000053
R000000054/7.207744/0212/R000000055/M000000053
R000000050/8.008604/0040/R000000054
<NEXT>