#
#  Reaction log file
#  Author: LigBuilder V3 User_Diana
#  Creation time: Wed Feb 25 22:10:13 2026
#  Format:
#  QueryMoleculeId/Cost/SynthesizeId/ReactantId1/ReactantId2/ReactantId3.....
#  Id prefix:
#  Q --- Query Molecule
#  M --- Material
#  R --- Reactant
#
Directory      result/synthesize_HsDHODH/2/DATABASE/
#
Q000000001/Analysis Failed
Q000000002/Analysis Failed
Q000000003/4.572474/0000/R000000001
R000000005/1.000000/0000/Guesstimate
R000000006/1.000000/0000/Guesstimate
R000000004/2.222222/0279/R000000005/R000000006
R000000004/2.222222/0279/R000000005/R000000006
M000000008/1.000000/0000/Sigma_BB-161245650
R000000007/1.111111/0059/M000000008
R000000009/1.000000/0000/Guesstimate
R000000007/2.222222/0224/M000000008/R000000009
R000000003/3.703704/0159/R000000004/R000000007
R000000011/1.000000/0000/Guesstimate
R000000012/1.000000/0000/Guesstimate
R000000010/2.222222/0159/R000000011/R000000012
R000000013/1.000000/0000/Guesstimate
R000000010/3.580247/0159/R000000004/R000000013
M000000015/1.000000/0000/Sigma_BB-29253008
R000000014/1.111111/0086/M000000015
R000000014/1.111111/0091/M000000015
R000000003/3.703704/0175/R000000010/R000000014
R000000002/4.115227/0287/R000000003
R000000017/8.400000/0000/Guesstimate
R000000016/9.511110/0175/R000000017/R000000014
R000000016/9.511110/0290/R000000017/R000000014
R000000002/9.643347/0125/R000000016
R000000001/4.572474/0040/R000000002
R000000022/1.000000/0000/Guesstimate
R000000024/1.000000/0000/Guesstimate
R000000023/2.222222/0279/R000000006/R000000024
R000000023/2.222222/0279/R000000006/R000000024
R000000021/3.580247/0159/R000000022/R000000023
R000000026/1.000000/0000/Guesstimate
R000000027/1.000000/0000/Guesstimate
R000000025/2.222222/0012/R000000026/R000000027
R000000025/2.222222/0285/R000000026/R000000027
R000000028/1.000000/0000/Guesstimate
R000000021/3.580247/0159/R000000025/R000000028
R000000020/3.978053/0041/R000000021
R000000020/3.978053/0233/R000000021
R000000019/4.420059/0155/R000000020
R000000032/6.700000/0000/Guesstimate
R000000031/7.444445/0114/R000000032
R000000034/1.000000/0000/Guesstimate
R000000033/8.555555/0175/R000000032/R000000034
R000000033/8.555555/0290/R000000032/R000000034
R000000031/9.506173/0197/R000000033
R000000030/8.271605/0114/R000000031
R000000029/9.190673/0217/R000000030
R000000035/9.333333/0114/R000000017
R000000029/9.333333/0125/R000000035
R000000019/9.190673/0040/R000000029
M000000036/1.000000/0000/Sigma_BB-30415280
R000000018/6.022288/0112/R000000019/M000000036
R000000038/1.000000/0000/Guesstimate
M000000039/1.000000/0000/Sigma_BB-28438493
R000000037/2.222222/0004/R000000038/M000000039
R000000040/8.100000/0000/Guesstimate
R000000037/9.000001/0040/R000000040
R000000018/6.447188/0049/R000000021/R000000037
R000000001/6.691431/0059/R000000018
<NEXT>