#
#  Reaction log file
#  Author: LigBuilder V3 User_Diana
#  Creation time: Wed Feb 25 22:16:46 2026
#  Format:
#  QueryMoleculeId/Cost/SynthesizeId/ReactantId1/ReactantId2/ReactantId3.....
#  Id prefix:
#  Q --- Query Molecule
#  M --- Material
#  R --- Reactant
#
Directory      result/synthesize_HsDHODH/208/DATABASE/
#
Q000000001/4.420059/0000/R000000001
R000000005/1.000000/0000/Guesstimate
R000000006/1.000000/0000/Guesstimate
R000000004/2.222222/0279/R000000005/R000000006
R000000004/2.222222/0279/R000000005/R000000006
R000000007/1.000000/0000/Guesstimate
R000000003/3.580247/0159/R000000004/R000000007
R000000009/1.000000/0000/Guesstimate
R000000010/1.000000/0000/Guesstimate
R000000008/2.222222/0012/R000000009/R000000010
R000000008/2.222222/0285/R000000009/R000000010
R000000011/1.000000/0000/Guesstimate
R000000003/3.580247/0159/R000000008/R000000011
R000000002/3.978053/0287/R000000003
R000000001/4.420059/0024/R000000002
R000000015/1.000000/0000/Guesstimate
R000000016/1.000000/0000/Guesstimate
R000000014/2.222222/0012/R000000015/R000000016
R000000017/1.000000/0000/Guesstimate
R000000018/1.000000/0000/Guesstimate
R000000014/2.222222/0279/R000000017/R000000018
R000000019/1.000000/0000/Guesstimate
R000000013/3.580247/0159/R000000014/R000000019
R000000020/3.580247/0159/R000000014/R000000011
R000000013/3.978053/0287/R000000020
R000000012/3.978053/0147/R000000013
R000000023/1.000000/0000/Guesstimate
R000000022/2.222222/0279/R000000023/R000000006
R000000022/2.222222/0279/R000000023/R000000006
R000000021/3.580247/0159/R000000022/R000000007
R000000021/3.978053/0147/R000000020
R000000012/3.978053/0287/R000000021
R000000001/4.420059/0040/R000000012
Q000000002/4.420059/0000/R000000024
R000000028/1.000000/0000/Guesstimate
R000000027/2.222222/0012/R000000015/R000000028
R000000029/1.000000/0000/Guesstimate
R000000027/2.222222/0279/R000000017/R000000029
R000000026/3.580247/0159/R000000027/R000000019
R000000030/3.580247/0159/R000000027/R000000011
M000000031/1.000000/0000/Sigma_BB-28763969
R000000030/3.580247/0159/R000000022/M000000031
R000000026/3.978053/0287/R000000030
R000000025/3.978053/0147/R000000026
R000000033/4.420059/0082/R000000012
R000000035/1.000000/0000/Guesstimate
R000000036/6.700000/0000/Guesstimate
R000000034/8.555555/0174/R000000035/R000000036
R000000037/8.400000/0000/Guesstimate
R000000034/9.333333/0125/R000000037
R000000038/1.000000/0000/Guesstimate
R000000033/9.555555/0175/R000000034/R000000038
R000000039/1.000000/0000/Guesstimate
R000000032/6.022288/0049/R000000033/R000000039
R000000040/1.000000/0000/Guesstimate
R000000032/9.555555/0175/R000000034/R000000040
R000000025/6.691431/0147/R000000032
R000000024/4.420059/0040/R000000025
R000000043/3.580247/0159/R000000004/M000000031
R000000045/1.000000/0000/Guesstimate
R000000044/3.580247/0159/R000000004/R000000045
R000000046/1.000000/0000/Guesstimate
R000000043/5.089163/0174/R000000044/R000000046
R000000042/3.978053/0147/R000000043
R000000047/5.089163/0175/R000000044/R000000040
R000000047/5.089163/0290/R000000044/R000000040
R000000042/5.654626/0147/R000000047
R000000041/4.420059/0287/R000000042
R000000048/3.978053/0287/R000000044
R000000041/5.531170/0175/R000000048/R000000046
R000000024/4.911177/0024/R000000041
Q000000003/5.531170/0000/R000000049
R000000052/1.000000/0000/Guesstimate
R000000054/1.000000/0000/Guesstimate
R000000053/2.222222/0279/R000000006/R000000054
R000000053/2.222222/0279/R000000006/R000000054
R000000051/3.580247/0159/R000000052/R000000053
R000000056/1.000000/0000/Guesstimate
R000000057/1.000000/0000/Guesstimate
R000000055/2.222222/0012/R000000056/R000000057
R000000055/2.222222/0285/R000000056/R000000057
R000000051/3.580247/0159/R000000055/R000000019
R000000050/3.978053/0197/R000000051
R000000060/1.000000/0000/Guesstimate
R000000059/3.580247/0159/R000000004/R000000060
R000000059/3.978053/0287/R000000044
R000000058/3.978053/0287/R000000059
R000000058/4.420059/0287/R000000048
R000000050/4.420059/0024/R000000058
R000000061/1.000000/0000/Guesstimate
R000000049/5.531170/0003/R000000050/R000000061
R000000064/4.420059/0082/R000000002
R000000065/1.000000/0000/Guesstimate
R000000064/5.531170/0003/R000000058/R000000065
R000000063/4.911177/0040/R000000064
R000000066/1.000000/0000/Guesstimate
R000000063/5.531170/0004/R000000058/R000000066
R000000062/5.456863/0024/R000000063
R000000062/5.531170/0004/R000000050/R000000066
R000000067/1.000000/0000/Guesstimate
R000000049/7.174293/0003/R000000062/R000000067
<NEXT>