#
#  Reaction log file
#  Author: LigBuilder V3 User_Diana
#  Creation time: Wed Feb 25 22:13:56 2026
#  Format:
#  QueryMoleculeId/Cost/SynthesizeId/ReactantId1/ReactantId2/ReactantId3.....
#  Id prefix:
#  Q --- Query Molecule
#  M --- Material
#  R --- Reactant
#
Directory      result/synthesize_HsDHODH/138/DATABASE/
#
Q000000001/4.159427/0000/R000000001
R000000002/1.000000/0000/Guesstimate
R000000006/1.000000/0000/Guesstimate
R000000007/1.000000/0000/Guesstimate
R000000005/2.222222/0158/R000000006/R000000007
R000000005/2.222222/0158/R000000006/R000000007
R000000004/2.469136/0188/R000000005
R000000009/1.000000/0000/Guesstimate
R000000008/2.222222/0158/R000000006/R000000009
R000000008/2.222222/0158/R000000006/R000000009
R000000004/2.469136/0188/R000000008
R000000003/2.743484/0160/R000000004
R000000012/1.000000/0000/Guesstimate
R000000013/1.000000/0000/Guesstimate
R000000011/2.222222/0279/R000000012/R000000013
R000000011/2.222222/0279/R000000012/R000000013
R000000014/1.000000/0000/Guesstimate
R000000010/3.580247/0159/R000000011/R000000014
R000000016/7.800000/0000/Guesstimate
R000000015/8.666667/0164/R000000016
R000000017/1.000000/0000/Guesstimate
R000000015/9.777779/0174/R000000016/R000000017
R000000010/9.629630/0040/R000000015
R000000003/3.978053/0197/R000000010
R000000001/4.159427/0174/R000000002/R000000003
R000000021/1.000000/0000/Guesstimate
R000000022/1.000000/0000/Guesstimate
R000000020/2.222222/0279/R000000021/R000000022
R000000020/2.222222/0279/R000000021/R000000022
R000000023/1.000000/0000/Guesstimate
R000000019/3.580247/0159/R000000020/R000000023
R000000025/1.000000/0000/Guesstimate
R000000024/2.222222/0279/R000000021/R000000025
R000000024/2.222222/0279/R000000021/R000000025
R000000026/1.000000/0000/Guesstimate
R000000019/3.580247/0159/R000000024/R000000026
R000000018/3.978053/0287/R000000019
R000000027/1.000000/0000/Guesstimate
R000000001/5.531170/0112/R000000018/R000000027
Q000000002/4.420059/0000/R000000028
R000000032/1.000000/0000/Guesstimate
R000000033/1.000000/0000/Guesstimate
R000000031/2.222222/0279/R000000032/R000000033
R000000031/2.222222/0279/R000000032/R000000033
R000000030/3.580247/0159/R000000031/R000000014
R000000029/3.978053/0287/R000000030
R000000028/4.420059/0024/R000000029
R000000037/1.000000/0000/Guesstimate
R000000036/2.222222/0279/R000000037/R000000033
R000000036/2.222222/0279/R000000037/R000000033
R000000035/3.580247/0159/R000000036/R000000014
R000000039/1.000000/0000/Guesstimate
R000000038/2.222222/0279/R000000039/R000000012
R000000038/2.222222/0279/R000000039/R000000012
R000000040/1.000000/0000/Guesstimate
R000000035/3.580247/0159/R000000038/R000000040
R000000034/3.978053/0287/R000000035
R000000028/4.420059/0040/R000000034
Q000000003/4.420059/0000/R000000041
R000000044/1.000000/0000/Guesstimate
R000000043/3.580247/0159/R000000031/R000000044
R000000046/1.000000/0000/Guesstimate
R000000047/1.000000/0000/Guesstimate
R000000045/2.222222/0181/R000000046/R000000047
R000000045/2.222222/0285/R000000046/R000000047
R000000043/3.580247/0159/R000000045/R000000040
R000000042/3.978053/0287/R000000043
R000000050/1.000000/0000/Guesstimate
R000000049/3.580247/0159/R000000031/R000000050
R000000048/3.978053/0287/R000000049
R000000042/4.420059/0239/R000000048
R000000041/4.420059/0024/R000000042
R000000053/3.580247/0159/R000000036/R000000050
R000000052/3.978053/0287/R000000053
R000000055/8.400000/0000/Guesstimate
R000000054/9.333333/0114/R000000055
R000000052/9.333333/0217/R000000054
R000000051/4.420059/0040/R000000052
R000000056/3.978053/0024/R000000049
R000000056/3.978053/0040/R000000053
R000000051/4.420059/0287/R000000056
R000000041/4.911177/0239/R000000051
<NEXT>