#
#  Reaction log file
#  Author: LigBuilder V3 User_Diana
#  Creation time: Wed Feb 25 22:15:00 2026
#  Format:
#  QueryMoleculeId/Cost/SynthesizeId/ReactantId1/ReactantId2/ReactantId3.....
#  Id prefix:
#  Q --- Query Molecule
#  M --- Material
#  R --- Reactant
#
Directory      result/synthesize_HsDHODH/171/DATABASE/
#
Q000000001/2.758726/0000/R000000001
M000000005/1.000000/0000/Sigma_BB-40672237
R000000004/1.111111/0287/M000000005
R000000003/1.234568/0299/R000000004
M000000006/1.000000/0000/Sigma_BB-27088669
R000000008/1.000000/0000/Guesstimate
R000000009/1.000000/0000/Guesstimate
R000000007/2.222222/0279/R000000008/R000000009
R000000007/2.222222/0279/R000000008/R000000009
R000000003/3.580247/0159/M000000006/R000000007
R000000010/1.000000/0000/Guesstimate
R000000002/2.482853/0003/R000000003/R000000010
R000000013/1.000000/0000/Guesstimate
R000000012/2.222222/0279/R000000013/R000000009
R000000012/2.222222/0279/R000000013/R000000009
R000000011/3.580247/0159/M000000006/R000000012
R000000014/1.000000/0000/Guesstimate
R000000002/5.089163/0112/R000000011/R000000014
R000000001/2.758726/0147/R000000002
M000000018/1.000000/0000/Sigma_BB-90496698
R000000017/1.111111/0299/M000000018
R000000016/1.234568/0114/R000000017
R000000019/1.111111/0114/M000000018
R000000016/1.234568/0299/R000000019
R000000020/1.000000/0000/Guesstimate
R000000015/2.482853/0003/R000000016/R000000020
R000000023/1.000000/0000/Guesstimate
R000000022/2.345679/0175/R000000017/R000000023
R000000022/2.345679/0290/R000000017/R000000023
R000000021/2.606310/0079/R000000022
R000000025/1.000000/0000/Guesstimate
R000000024/2.345679/0175/R000000017/R000000025
R000000026/1.000000/0000/Guesstimate
R000000024/2.482853/0122/R000000016/R000000026
R000000021/2.606310/0082/R000000024
R000000029/1.000000/0000/Guesstimate
R000000028/1.111111/0228/R000000029
R000000030/1.000000/0000/Guesstimate
R000000031/1.000000/0000/Guesstimate
R000000028/2.222222/0277/R000000030/R000000031
R000000027/1.234568/0024/R000000028
R000000032/1.000000/0000/Guesstimate
R000000027/2.222222/0004/R000000030/R000000032
R000000015/4.267642/0049/R000000021/R000000027
R000000001/2.758726/0147/R000000015
Q000000002/2.758726/0000/R000000033
R000000035/1.000000/0000/Guesstimate
R000000034/2.482853/0003/R000000003/R000000035
R000000036/1.000000/0000/Guesstimate
R000000034/5.089163/0112/R000000011/R000000036
R000000033/2.758726/0147/R000000034
R000000038/1.000000/0000/Guesstimate
R000000037/2.482853/0003/R000000016/R000000038
M000000039/1.000000/0000/Sigma_BB-30415053
R000000037/4.007011/0049/R000000021/M000000039
R000000033/2.758726/0147/R000000037
Q000000003/4.267643/0000/R000000040
R000000043/1.000000/0000/Guesstimate
R000000044/1.000000/0000/Guesstimate
R000000042/2.222222/0004/R000000043/R000000044
M000000046/1.000000/0000/Sigma_BB-28776399
R000000047/1.000000/0000/Guesstimate
R000000045/2.222222/0212/M000000046/R000000047
R000000045/2.222222/0212/M000000046/R000000047
R000000042/2.469136/0024/R000000045
R000000041/3.840878/0003/R000000016/R000000042
R000000048/2.482853/0004/R000000016/R000000043
R000000050/1.371742/0093/R000000003
R000000050/2.895900/0040/R000000021
M000000051/1.000000/0000/Sigma_BB-28524129
R000000049/2.635269/0212/R000000050/M000000051
R000000049/2.635269/0212/R000000050/M000000051
R000000048/2.928077/0024/R000000049
R000000041/3.869837/0003/R000000048/R000000044
R000000040/4.267643/0147/R000000041
R000000055/1.000000/0000/Guesstimate
R000000054/2.222222/0003/R000000032/R000000055
M000000056/1.000000/0000/Sigma_BB-28775620
R000000057/1.000000/0000/Guesstimate
R000000054/2.222222/0049/M000000056/R000000057
R000000053/2.469136/0147/R000000054
R000000059/1.000000/0000/Guesstimate
R000000058/2.222222/0003/R000000059/R000000047
R000000060/1.000000/0000/Guesstimate
R000000058/2.222222/0112/R000000060/R000000055
R000000053/2.469136/0147/R000000058
R000000052/4.115227/0003/R000000003/R000000053
R000000061/1.524158/0085/R000000050
R000000062/1.371742/0197/R000000003
R000000061/2.635269/0004/R000000062/R000000032
R000000064/1.000000/0000/Guesstimate
R000000065/1.000000/0000/Guesstimate
R000000063/2.222222/0003/R000000064/R000000065
R000000067/1.000000/0000/Guesstimate
R000000066/3.854596/0004/R000000053/R000000067
R000000066/3.854596/0277/R000000053/R000000067
R000000063/4.282884/0009/R000000066
R000000052/4.162645/0049/R000000061/R000000063
R000000040/4.572474/0147/R000000052
<NEXT>