#
#  Reaction log file
#  Author: LigBuilder V3 User_Diana
#  Creation time: Wed Feb 25 22:16:32 2026
#  Format:
#  QueryMoleculeId/Cost/SynthesizeId/ReactantId1/ReactantId2/ReactantId3.....
#  Id prefix:
#  Q --- Query Molecule
#  M --- Material
#  R --- Reactant
#
Directory      result/synthesize_HsDHODH/213/DATABASE/
#
Q000000001/6.096632/0000/R000000001
R000000005/1.000000/0000/Guesstimate
R000000006/1.000000/0000/Guesstimate
R000000004/2.222222/0279/R000000005/R000000006
R000000004/2.222222/0279/R000000005/R000000006
R000000008/1.000000/0000/Guesstimate
R000000009/1.000000/0000/Guesstimate
R000000007/2.222222/0003/R000000008/R000000009
R000000003/4.938272/0159/R000000004/R000000007
R000000002/5.486969/0287/R000000003
R000000001/6.096632/0024/R000000002
R000000013/1.000000/0000/Guesstimate
R000000012/2.222222/0279/R000000013/R000000006
R000000012/2.222222/0279/R000000013/R000000006
R000000011/4.938272/0159/R000000012/R000000007
R000000010/5.486969/0287/R000000011
R000000001/6.096632/0040/R000000010
Q000000002/7.885148/0000/R000000014
R000000014/7.885148/0003/R000000001/R000000008
R000000015/7.207744/0003/R000000002/R000000008
R000000016/6.096632/0118/R000000002
R000000017/1.000000/0000/Guesstimate
R000000016/7.207744/0112/R000000002/R000000017
R000000018/1.000000/0000/Guesstimate
R000000015/7.885148/0049/R000000016/R000000018
R000000014/8.008604/0024/R000000015
Q000000003/6.435335/0000/R000000019
R000000023/1.000000/0000/Guesstimate
R000000024/1.000000/0000/Guesstimate
R000000022/2.222222/0159/R000000023/R000000024
R000000025/1.000000/0000/Guesstimate
R000000022/3.580247/0159/R000000012/R000000025
R000000028/1.000000/0000/Guesstimate
R000000029/1.000000/0000/Guesstimate
R000000027/2.222222/0003/R000000028/R000000029
R000000026/2.469136/0147/R000000027
R000000030/2.222222/0004/R000000028/R000000008
R000000031/1.000000/0000/Guesstimate
R000000032/1.000000/0000/Guesstimate
R000000030/3.333333/0225/R000000028/R000000031/R000000032
R000000034/1.000000/0000/Guesstimate
R000000033/1.111111/0040/R000000034
R000000035/1.000000/0000/Guesstimate
R000000033/2.222222/0004/R000000035/R000000008
R000000026/3.703704/0212/R000000030/R000000033
R000000021/5.212621/0175/R000000022/R000000026
R000000021/5.212621/0290/R000000022/R000000026
R000000020/5.791801/0287/R000000021
R000000019/6.435335/0040/R000000020
R000000038/3.580247/0159/R000000004/R000000025
R000000037/3.978053/0287/R000000038
R000000036/7.163543/0175/R000000037/R000000026
R000000036/7.163543/0290/R000000037/R000000026
R000000019/7.959492/0024/R000000036
Q000000004/6.096632/0000/R000000001
<NEXT>