#
#  Reaction log file
#  Author: LigBuilder V3 User_Diana
#  Creation time: Wed Feb 25 22:13:38 2026
#  Format:
#  QueryMoleculeId/Cost/SynthesizeId/ReactantId1/ReactantId2/ReactantId3.....
#  Id prefix:
#  Q --- Query Molecule
#  M --- Material
#  R --- Reactant
#
Directory      result/synthesize_HsDHODH/122/DATABASE/
#
Q000000001/4.420059/0000/R000000001
R000000005/1.000000/0000/Guesstimate
R000000006/1.000000/0000/Guesstimate
R000000004/2.222222/0279/R000000005/R000000006
R000000004/2.222222/0279/R000000005/R000000006
R000000007/1.000000/0000/Guesstimate
R000000003/3.580247/0159/R000000004/R000000007
R000000009/1.000000/0000/Guesstimate
R000000010/1.000000/0000/Guesstimate
R000000008/2.222222/0012/R000000009/R000000010
R000000011/1.000000/0000/Guesstimate
R000000008/2.222222/0279/R000000005/R000000011
R000000012/1.000000/0000/Guesstimate
R000000003/3.580247/0159/R000000008/R000000012
R000000002/3.978053/0287/R000000003
R000000001/4.420059/0024/R000000002
R000000016/1.000000/0000/Guesstimate
R000000015/2.222222/0012/R000000016/R000000010
R000000017/1.000000/0000/Guesstimate
R000000015/2.222222/0279/R000000017/R000000011
R000000014/3.580247/0159/R000000015/R000000012
R000000018/2.222222/0279/R000000017/R000000006
R000000018/2.222222/0279/R000000017/R000000006
R000000014/3.580247/0159/R000000018/R000000007
R000000013/3.978053/0287/R000000014
R000000021/1.000000/0000/Guesstimate
R000000020/3.580247/0159/R000000018/R000000021
R000000019/3.978053/0287/R000000020
R000000013/4.420059/0294/R000000019
R000000001/4.420059/0040/R000000013
Q000000002/4.420059/0000/R000000022
R000000025/1.000000/0000/Guesstimate
R000000027/1.000000/0000/Guesstimate
R000000026/2.222222/0279/R000000006/R000000027
R000000026/2.222222/0279/R000000006/R000000027
R000000024/3.580247/0159/R000000025/R000000026
R000000029/1.000000/0000/Guesstimate
R000000028/2.222222/0012/R000000029/R000000016
R000000028/2.222222/0285/R000000029/R000000016
R000000030/1.000000/0000/Guesstimate
R000000024/3.580247/0159/R000000028/R000000030
R000000023/3.978053/0147/R000000024
R000000033/1.000000/0000/Guesstimate
R000000032/3.580247/0159/R000000004/R000000033
R000000031/3.978053/0287/R000000032
R000000034/1.000000/0000/Guesstimate
R000000023/5.531170/0173/R000000031/R000000034
R000000022/4.420059/0024/R000000023
R000000038/1.000000/0000/Guesstimate
R000000037/3.580247/0159/R000000038/R000000026
R000000036/3.978053/0147/R000000037
R000000040/1.000000/0000/Guesstimate
R000000039/1.111111/0287/R000000040
R000000041/7.400000/0000/Guesstimate
R000000039/8.222222/0197/R000000041
R000000035/5.654626/0112/R000000036/R000000039
R000000044/1.000000/0000/Guesstimate
R000000043/2.222222/0174/R000000044/R000000040
R000000043/2.345679/0112/R000000044/R000000039
R000000042/2.469136/0197/R000000043
R000000042/8.222222/0091/R000000041
R000000047/1.000000/0000/Guesstimate
R000000046/3.580247/0159/R000000047/R000000026
R000000045/3.978053/0147/R000000046
R000000048/7.300000/0000/Guesstimate
R000000045/8.111112/0287/R000000048
R000000035/7.163543/0112/R000000042/R000000045
R000000022/6.282918/0025/R000000035
Q000000003/4.911177/0000/R000000049
R000000050/4.420059/0114/R000000031
R000000051/3.978053/0041/R000000024
R000000051/3.978053/0233/R000000024
R000000050/4.420059/0155/R000000051
R000000049/4.911177/0024/R000000050
R000000054/3.978053/0041/R000000037
R000000054/3.978053/0233/R000000037
R000000053/4.420059/0155/R000000054
R000000052/6.145744/0112/R000000053/R000000039
R000000056/3.978053/0041/R000000046
R000000056/3.978053/0233/R000000046
R000000055/4.420059/0155/R000000056
R000000057/8.400000/0000/Guesstimate
R000000055/9.333333/0114/R000000057
R000000052/7.654661/0112/R000000042/R000000055
R000000049/6.828605/0025/R000000052
<NEXT>