#
#  Reaction log file
#  Author: LigBuilder V3 User_Diana
#  Creation time: Wed Feb 25 22:16:58 2026
#  Format:
#  QueryMoleculeId/Cost/SynthesizeId/ReactantId1/ReactantId2/ReactantId3.....
#  Id prefix:
#  Q --- Query Molecule
#  M --- Material
#  R --- Reactant
#
Directory      result/synthesize_HsDHODH/220/DATABASE/
#
Q000000001/5.807042/0000/R000000001
M000000005/1.000000/0000/Sigma_BB-28830366
R000000006/1.000000/0000/Guesstimate
R000000004/2.222222/0004/M000000005/R000000006
R000000003/2.469136/0087/R000000004
R000000002/2.743484/0028/R000000003
R000000009/1.000000/0000/Guesstimate
R000000010/1.000000/0000/Guesstimate
R000000008/2.222222/0285/R000000009/R000000010
R000000007/2.469136/0090/R000000008
R000000012/1.000000/0000/Guesstimate
R000000011/2.222222/0004/R000000012/M000000005
R000000007/2.469136/0197/R000000011
R000000002/2.743484/0028/R000000007
M000000016/1.000000/0000/Sigma_BB-28811948
R000000015/1.111111/0287/M000000016
R000000014/1.234568/0193/R000000015
R000000017/1.111111/0193/M000000016
R000000014/1.234568/0287/R000000017
R000000018/1.000000/0000/Guesstimate
R000000013/2.482853/0276/R000000014/R000000018
R000000021/1.000000/0000/Guesstimate
R000000020/2.345679/0276/R000000017/R000000021
R000000020/2.345679/0278/R000000017/R000000021
R000000019/2.606310/0287/R000000020
R000000022/1.000000/0000/Guesstimate
R000000013/4.007011/0276/R000000019/R000000022
R000000001/5.807042/0174/R000000002/R000000013
R000000026/1.000000/0000/Guesstimate
R000000025/2.482853/0119/R000000014/R000000026
R000000027/1.000000/0000/Guesstimate
R000000025/2.482853/0276/R000000014/R000000027
R000000024/2.758726/0039/R000000025
R000000029/1.000000/0000/Guesstimate
R000000028/2.482853/0119/R000000014/R000000029
R000000030/1.000000/0000/Guesstimate
R000000028/2.482853/0276/R000000014/R000000030
R000000024/2.758726/0260/R000000028
R000000023/6.113567/0174/R000000002/R000000024
R000000023/6.113567/0289/R000000002/R000000024
R000000001/6.792853/0193/R000000023
Q000000002/Analysis Failed
Q000000003/Analysis Failed
<NEXT>