#
#  Reaction log file
#  Author: LigBuilder V3 User_Diana
#  Creation time: Wed Feb 25 22:12:37 2026
#  Format:
#  QueryMoleculeId/Cost/SynthesizeId/ReactantId1/ReactantId2/ReactantId3.....
#  Id prefix:
#  Q --- Query Molecule
#  M --- Material
#  R --- Reactant
#
Directory      result/synthesize_HsDHODH/100/DATABASE/
#
Q000000001/4.420059/0000/R000000001
R000000005/1.000000/0000/Guesstimate
R000000006/1.000000/0000/Guesstimate
R000000004/2.222222/0279/R000000005/R000000006
R000000004/2.222222/0279/R000000005/R000000006
M000000007/1.000000/0000/Sigma_BB-189400852
R000000003/3.580247/0159/R000000004/M000000007
R000000002/3.978053/0287/R000000003
R000000001/4.420059/0024/R000000002
R000000011/1.000000/0000/Guesstimate
R000000010/2.222222/0279/R000000011/R000000006
R000000010/2.222222/0279/R000000011/R000000006
R000000009/3.580247/0159/R000000010/M000000007
R000000012/9.700000/0000/Guesstimate
R000000009/9.700000/0125/R000000012
R000000008/3.978053/0287/R000000009
R000000015/8.000000/0000/Guesstimate
R000000014/8.888889/0287/R000000015
R000000014/8.888889/0287/R000000015
R000000013/9.876544/0114/R000000014
R000000016/8.888889/0114/R000000015
R000000013/9.876544/0287/R000000016
R000000008/9.876544/0217/R000000013
R000000001/4.420059/0040/R000000008
Q000000002/4.267643/0000/R000000017
M000000020/1.000000/0000/Sigma_BB-28760518
R000000021/1.000000/0000/Guesstimate
R000000019/2.222222/0174/M000000020/R000000021
M000000022/1.000000/0000/Sigma_BB-28766567
R000000023/1.000000/0000/Guesstimate
R000000019/2.222222/0231/M000000022/R000000023
M000000026/1.000000/0000/Sigma_BB-70403779
R000000025/1.111111/0093/M000000026
R000000027/1.000000/0000/Guesstimate
M000000028/1.000000/0000/Sigma_BB-28777105
R000000025/2.222222/0175/R000000027/M000000028
R000000024/1.234568/0086/R000000025
R000000024/1.234568/0091/R000000025
R000000018/3.840878/0175/R000000019/R000000024
R000000031/1.000000/0000/Guesstimate
R000000030/2.222222/0175/M000000020/R000000031
R000000030/2.222222/0290/M000000020/R000000031
R000000029/3.580247/0174/R000000030/R000000021
R000000029/3.580247/0175/R000000019/R000000031
R000000018/5.089163/0175/R000000029/M000000028
R000000017/4.267643/0041/R000000018
M000000034/1.000000/0000/Sigma_BB-27948135
R000000035/1.000000/0000/Guesstimate
R000000033/2.222222/0231/M000000034/R000000035
M000000037/1.000000/0000/Sigma_BB-28421612
R000000036/1.111111/0041/M000000037
M000000038/1.000000/0000/Sigma_BB-234542932
R000000036/2.222222/0112/M000000038/R000000021
R000000039/1.000000/0000/Guesstimate
R000000033/2.345679/0012/R000000036/R000000039
R000000032/3.840878/0175/R000000033/R000000024
R000000040/3.580247/0175/R000000033/R000000031
R000000041/2.222222/0175/M000000034/R000000031
R000000041/2.222222/0290/M000000034/R000000031
R000000040/3.580247/0231/R000000041/R000000035
R000000032/5.089163/0175/R000000040/M000000028
R000000017/4.267643/0041/R000000032
Q000000003/Analysis Failed
Q000000004/Analysis Failed
<NEXT>