#
#  Reaction log file
#  Author: LigBuilder V3 User_Diana
#  Creation time: Wed Feb 25 22:16:47 2026
#  Format:
#  QueryMoleculeId/Cost/SynthesizeId/ReactantId1/ReactantId2/ReactantId3.....
#  Id prefix:
#  Q --- Query Molecule
#  M --- Material
#  R --- Reactant
#
Directory      result/synthesize_HsDHODH/210/DATABASE/
#
Q000000001/4.420059/0000/R000000001
R000000005/1.000000/0000/Guesstimate
R000000006/1.000000/0000/Guesstimate
R000000004/2.222222/0279/R000000005/R000000006
R000000004/2.222222/0279/R000000005/R000000006
R000000007/1.000000/0000/Guesstimate
R000000003/3.580247/0159/R000000004/R000000007
R000000009/1.000000/0000/Guesstimate
R000000010/1.000000/0000/Guesstimate
R000000008/2.222222/0012/R000000009/R000000010
R000000008/2.222222/0285/R000000009/R000000010
R000000011/1.000000/0000/Guesstimate
R000000003/3.580247/0159/R000000008/R000000011
R000000002/3.978053/0287/R000000003
R000000001/4.420059/0024/R000000002
R000000015/1.000000/0000/Guesstimate
R000000016/1.000000/0000/Guesstimate
R000000014/2.222222/0012/R000000015/R000000016
R000000017/1.000000/0000/Guesstimate
R000000018/1.000000/0000/Guesstimate
R000000014/2.222222/0279/R000000017/R000000018
R000000019/1.000000/0000/Guesstimate
R000000013/3.580247/0159/R000000014/R000000019
R000000020/3.580247/0159/R000000014/R000000011
R000000013/3.978053/0287/R000000020
R000000012/3.978053/0147/R000000013
R000000023/1.000000/0000/Guesstimate
R000000022/2.222222/0279/R000000023/R000000006
R000000022/2.222222/0279/R000000023/R000000006
R000000021/3.580247/0159/R000000022/R000000007
R000000021/3.978053/0147/R000000020
R000000012/3.978053/0287/R000000021
R000000001/4.420059/0040/R000000012
Q000000002/6.435335/0000/R000000024
R000000028/1.000000/0000/Guesstimate
R000000027/3.580247/0159/R000000004/R000000028
R000000026/3.978053/0287/R000000027
M000000031/1.000000/0000/Sigma_BB-34990228
R000000030/1.111111/0188/M000000031
M000000034/1.000000/0000/Sigma_BB-34987466
R000000033/1.111111/0156/M000000034
R000000032/1.234568/0188/R000000033
R000000035/7.400000/0000/Guesstimate
R000000032/8.222222/0155/R000000035
R000000030/2.482853/0004/R000000032/R000000028
R000000029/1.234568/0086/R000000030
R000000029/1.234568/0091/R000000030
R000000025/5.791801/0275/R000000026/R000000029
R000000036/1.000000/0000/Guesstimate
R000000025/6.902912/0225/R000000026/R000000032/R000000036
R000000024/6.435335/0024/R000000025
M000000040/1.000000/0000/Sigma_BB-28757037
R000000039/3.580247/0159/R000000022/M000000040
R000000038/3.978053/0287/R000000039
R000000037/5.791801/0277/R000000038/R000000032
R000000024/6.435335/0040/R000000037
Q000000003/6.435335/0000/R000000024
Q000000004/6.282918/0000/R000000041
M000000044/1.000000/0000/Sigma_BB-30449352
R000000043/1.111111/0197/M000000044
R000000045/5.600000/0000/Guesstimate
R000000043/6.222222/0155/R000000045
R000000042/5.654626/0277/R000000038/R000000043
R000000047/1.000000/0000/Guesstimate
R000000046/5.531170/0001/R000000038/R000000047
R000000048/1.000000/0000/Guesstimate
R000000046/5.531170/0141/R000000038/R000000048
R000000049/1.000000/0000/Guesstimate
R000000042/7.256855/0224/R000000046/R000000049
R000000041/6.282918/0040/R000000042
R000000052/4.420059/0024/R000000026
R000000055/7.900000/0000/Guesstimate
R000000054/8.777778/0287/R000000055
R000000053/9.753086/0125/R000000054
R000000056/1.000000/0000/Guesstimate
R000000053/9.777778/0112/R000000056/R000000054
R000000052/9.753086/0040/R000000053
M000000059/1.000000/0000/Sigma_BB-28524129
R000000058/1.111111/0086/M000000059
R000000058/1.111111/0091/M000000059
R000000057/1.234568/0024/R000000058
R000000060/1.000000/0000/Guesstimate
R000000057/2.222222/0004/R000000028/R000000060
R000000051/6.282919/0275/R000000052/R000000057
R000000061/1.000000/0000/Guesstimate
R000000051/7.133399/0225/R000000052/R000000036/R000000061
M000000062/1.000000/0000/Sigma_BB-102142158
R000000050/8.092133/0212/R000000051/M000000062
R000000050/8.092133/0212/R000000051/M000000062
R000000041/8.991259/0147/R000000050
<NEXT>