#
#  Reaction log file
#  Author: LigBuilder V3 User_Diana
#  Creation time: Wed Feb 25 22:16:44 2026
#  Format:
#  QueryMoleculeId/Cost/SynthesizeId/ReactantId1/ReactantId2/ReactantId3.....
#  Id prefix:
#  Q --- Query Molecule
#  M --- Material
#  R --- Reactant
#
Directory      result/synthesize_HsDHODH/214/DATABASE/
#
Q000000001/6.096632/0000/R000000001
R000000005/1.000000/0000/Guesstimate
R000000006/1.000000/0000/Guesstimate
R000000004/2.222222/0279/R000000005/R000000006
R000000004/2.222222/0279/R000000005/R000000006
R000000008/1.000000/0000/Guesstimate
R000000009/1.000000/0000/Guesstimate
R000000007/2.222222/0003/R000000008/R000000009
R000000003/4.938272/0159/R000000004/R000000007
R000000002/5.486969/0287/R000000003
R000000001/6.096632/0024/R000000002
R000000013/1.000000/0000/Guesstimate
R000000012/2.222222/0279/R000000013/R000000006
R000000012/2.222222/0279/R000000013/R000000006
R000000011/4.938272/0159/R000000012/R000000007
R000000015/1.000000/0000/Guesstimate
R000000016/1.000000/0000/Guesstimate
R000000014/2.222222/0159/R000000015/R000000016
R000000017/1.000000/0000/Guesstimate
R000000014/3.580247/0159/R000000012/R000000017
R000000020/1.000000/0000/Guesstimate
R000000021/1.000000/0000/Guesstimate
R000000019/2.222222/0112/R000000020/R000000021
R000000018/2.469136/0147/R000000019
R000000023/1.000000/0000/Guesstimate
R000000022/2.222222/0112/R000000023/R000000009
R000000018/2.469136/0197/R000000022
R000000011/5.212621/0175/R000000014/R000000018
R000000010/5.486969/0287/R000000011
R000000001/6.096632/0040/R000000010
Q000000002/2.758726/0000/R000000024
M000000028/1.000000/0000/Sigma_BB-332643166
R000000027/1.111111/0114/M000000028
M000000029/1.000000/0000/Sigma_BB-159321381
R000000027/1.111111/0299/M000000029
R000000026/1.234568/0074/R000000027
M000000031/1.000000/0000/Sigma_BB-70726311
R000000030/1.111111/0114/M000000031
R000000030/1.234568/0287/R000000027
R000000032/1.000000/0000/Guesstimate
R000000026/2.345679/0112/R000000030/R000000032
M000000033/1.000000/0000/Sigma_BB-28767334
R000000025/2.482853/0274/R000000026/M000000033
R000000024/2.758726/0017/R000000025
M000000037/1.000000/0000/Sigma_BB-28711724
R000000036/1.111111/0114/M000000037
M000000038/1.000000/0000/Sigma_BB-187825424
R000000036/1.111111/0299/M000000038
R000000035/1.234568/0074/R000000036
M000000040/1.000000/0000/Sigma_BB-68216738
R000000039/1.111111/0114/M000000040
R000000039/1.234568/0287/R000000036
R000000035/2.345679/0112/R000000039/R000000032
R000000034/2.482853/0274/R000000035/M000000033
R000000024/2.758726/0017/R000000034
Q000000003/2.758726/0000/R000000024
<NEXT>