#
#  Reaction log file
#  Author: LigBuilder V3 User_Diana
#  Creation time: Wed Feb 25 22:10:19 2026
#  Format:
#  QueryMoleculeId/Cost/SynthesizeId/ReactantId1/ReactantId2/ReactantId3.....
#  Id prefix:
#  Q --- Query Molecule
#  M --- Material
#  R --- Reactant
#
Directory      result/synthesize_HsDHODH/16/DATABASE/
#
Q000000001/7.654661/0000/R000000001
R000000006/1.000000/0000/Guesstimate
R000000007/1.000000/0000/Guesstimate
R000000005/2.222222/0279/R000000006/R000000007
R000000005/2.222222/0279/R000000006/R000000007
R000000008/1.000000/0000/Guesstimate
R000000004/3.580247/0159/R000000005/R000000008
R000000003/3.978053/0287/R000000004
R000000010/1.000000/0000/Guesstimate
R000000011/1.000000/0000/Guesstimate
R000000009/2.222222/0004/R000000010/R000000011
R000000013/1.000000/0000/Guesstimate
R000000014/1.000000/0000/Guesstimate
R000000012/2.222222/0122/R000000013/R000000014
M000000015/1.000000/0000/Sigma_BB-28524129
M000000016/1.000000/0000/Sigma_BB-28422454
R000000012/2.222222/0212/M000000015/M000000016
R000000009/2.469136/0024/R000000012
R000000002/6.889194/0003/R000000003/R000000009
R000000017/4.420059/0125/R000000003
R000000018/1.000000/0000/Guesstimate
R000000017/5.531170/0112/R000000003/R000000018
M000000020/1.000000/0000/Sigma_BB-28792467
R000000021/1.000000/0000/Guesstimate
R000000019/2.222222/0004/M000000020/R000000021
R000000023/1.000000/0000/Guesstimate
R000000022/2.222222/0277/M000000020/R000000023
M000000024/1.000000/0000/Sigma_BB-28516749
R000000022/2.222222/0301/M000000024/R000000011
R000000019/2.469136/0024/R000000022
R000000002/7.380312/0049/R000000017/R000000019
R000000001/7.654661/0147/R000000002
R000000028/1.000000/0000/Guesstimate
R000000027/5.531170/0003/R000000003/R000000028
R000000026/6.145744/0147/R000000027
R000000030/1.000000/0000/Guesstimate
R000000029/6.022288/0138/R000000017/R000000030
R000000026/6.691431/0147/R000000029
R000000031/1.000000/0000/Guesstimate
R000000025/7.939716/0138/R000000026/R000000031
R000000001/8.821907/0147/R000000025
Q000000002/7.654661/0000/R000000001
Q000000003/7.256855/0000/R000000032
R000000034/1.000000/0000/Guesstimate
R000000033/5.531170/0004/R000000003/R000000034
R000000035/1.000000/0000/Guesstimate
R000000032/7.256855/0212/R000000033/R000000035
R000000032/7.256855/0212/R000000033/R000000035
<NEXT>