#
#  Reaction log file
#  Author: LigBuilder V3 User_Diana
#  Creation time: Wed Feb 25 22:17:12 2026
#  Format:
#  QueryMoleculeId/Cost/SynthesizeId/ReactantId1/ReactantId2/ReactantId3.....
#  Id prefix:
#  Q --- Query Molecule
#  M --- Material
#  R --- Reactant
#
Directory      result/synthesize_HsDHODH/225/DATABASE/
#
Q000000001/8.442311/0000/R000000001
M000000005/1.000000/0000/Sigma_BB-30442500
R000000006/1.000000/0000/Guesstimate
R000000004/2.222222/0231/M000000005/R000000006
R000000003/2.469136/0294/R000000004
R000000008/1.000000/0000/Guesstimate
R000000007/2.222222/0231/M000000005/R000000008
R000000003/2.469136/0294/R000000007
R000000011/1.000000/0000/Guesstimate
R000000012/1.000000/0000/Guesstimate
R000000010/2.222222/0276/R000000011/R000000012
R000000010/2.222222/0278/R000000011/R000000012
R000000009/2.469136/0276/R000000010
R000000013/2.222222/0276/R000000011/R000000012
R000000013/2.222222/0278/R000000011/R000000012
R000000009/2.469136/0276/R000000013
R000000014/1.000000/0000/Guesstimate
R000000002/6.598080/0225/R000000003/R000000009/R000000014
R000000002/6.598080/0225/R000000003/R000000009/R000000014
R000000015/1.000000/0000/Guesstimate
R000000001/8.442311/0212/R000000002/R000000015
R000000001/8.442311/0212/R000000002/R000000015
Q000000002/Analysis Failed
Q000000003/Analysis Failed
Q000000004/8.442311/0000/R000000001
<NEXT>