#
#  Reaction log file
#  Author: LigBuilder V3 User_Diana
#  Creation time: Wed Feb 25 22:16:57 2026
#  Format:
#  QueryMoleculeId/Cost/SynthesizeId/ReactantId1/ReactantId2/ReactantId3.....
#  Id prefix:
#  Q --- Query Molecule
#  M --- Material
#  R --- Reactant
#
Directory      result/synthesize_HsDHODH/218/DATABASE/
#
Q000000001/7.468375/0000/R000000001
R000000005/1.000000/0000/Guesstimate
R000000006/1.000000/0000/Guesstimate
R000000004/2.222222/0279/R000000005/R000000006
R000000004/2.222222/0279/R000000005/R000000006
R000000007/1.000000/0000/Guesstimate
R000000003/3.580247/0159/R000000004/R000000007
R000000009/1.000000/0000/Guesstimate
R000000008/2.222222/0279/R000000005/R000000009
R000000008/2.222222/0279/R000000005/R000000009
R000000010/1.000000/0000/Guesstimate
R000000003/3.580247/0159/R000000008/R000000010
R000000002/3.978053/0287/R000000003
R000000014/1.000000/0000/Guesstimate
R000000015/1.000000/0000/Guesstimate
R000000013/2.222222/0001/R000000014/R000000015
R000000016/1.000000/0000/Guesstimate
R000000013/2.222222/0004/R000000016/R000000015
R000000012/2.469136/0086/R000000013
R000000018/1.000000/0000/Guesstimate
R000000017/2.222222/0001/R000000014/R000000018
R000000019/1.000000/0000/Guesstimate
R000000017/2.222222/0003/R000000014/R000000019
R000000012/2.469136/0087/R000000017
R000000011/2.743484/0079/R000000012
R000000022/1.000000/0000/Guesstimate
R000000021/2.222222/0112/R000000016/R000000022
R000000023/1.000000/0000/Guesstimate
R000000024/1.000000/0000/Guesstimate
R000000021/2.222222/0112/R000000023/R000000024
R000000025/1.000000/0000/Guesstimate
R000000020/3.580247/0004/R000000021/R000000025
R000000027/1.000000/0000/Guesstimate
R000000026/3.580247/0277/R000000021/R000000027
R000000028/1.000000/0000/Guesstimate
R000000026/3.580247/0301/R000000021/R000000028
R000000020/3.978053/0040/R000000026
R000000011/3.978053/0009/R000000020
R000000001/7.468375/0208/R000000002/R000000011
R000000001/7.468375/0209/R000000002/R000000011
Q000000002/7.468375/0000/R000000001
Q000000003/7.468375/0000/R000000001
<NEXT>