#
#  Reaction log file
#  Author: LigBuilder V3 User_Diana
#  Creation time: Wed Feb 25 22:19:24 2026
#  Format:
#  QueryMoleculeId/Cost/SynthesizeId/ReactantId1/ReactantId2/ReactantId3.....
#  Id prefix:
#  Q --- Query Molecule
#  M --- Material
#  R --- Reactant
#
Directory      result/synthesize_HsDHODH/270/DATABASE/
#
Q000000001/Analysis Failed
Q000000002/4.420059/0000/R000000001
R000000004/1.000000/0000/Guesstimate
R000000006/1.000000/0000/Guesstimate
R000000007/1.000000/0000/Guesstimate
R000000005/2.222222/0159/R000000006/R000000007
R000000008/1.000000/0000/Guesstimate
R000000010/1.000000/0000/Guesstimate
R000000011/1.000000/0000/Guesstimate
R000000009/2.222222/0279/R000000010/R000000011
R000000009/2.222222/0279/R000000010/R000000011
R000000005/3.580247/0159/R000000008/R000000009
R000000003/3.580247/0174/R000000004/R000000005
R000000013/1.000000/0000/Guesstimate
R000000012/2.222222/0112/R000000004/R000000013
R000000014/1.000000/0000/Guesstimate
R000000015/1.000000/0000/Guesstimate
R000000012/2.222222/0112/R000000014/R000000015
R000000003/4.938272/0159/R000000012/R000000009
R000000002/3.978053/0059/R000000003
R000000017/1.000000/0000/Guesstimate
R000000018/2.469136/0059/R000000005
R000000019/1.000000/0000/Guesstimate
R000000018/3.580247/0224/R000000005/R000000019
R000000016/3.854596/0174/R000000017/R000000018
R000000016/3.854596/0289/R000000017/R000000018
R000000002/4.282884/0082/R000000016
R000000001/4.420059/0041/R000000002
R000000020/3.978053/0041/R000000003
R000000023/1.000000/0000/Guesstimate
R000000024/1.000000/0000/Guesstimate
R000000022/2.222222/0012/R000000023/R000000024
R000000025/1.000000/0000/Guesstimate
R000000022/2.222222/0112/R000000025/R000000013
R000000021/4.938272/0159/R000000022/R000000009
R000000026/1.000000/0000/Guesstimate
R000000028/1.000000/0000/Guesstimate
R000000027/3.580247/0159/R000000028/R000000009
R000000021/5.089163/0231/R000000026/R000000027
R000000020/5.486969/0082/R000000021
R000000001/4.420059/0059/R000000020
Q000000003/4.420059/0000/R000000001
<NEXT>