#
#  Reaction log file
#  Author: LigBuilder V3 User_Diana
#  Creation time: Wed Feb 25 22:12:03 2026
#  Format:
#  QueryMoleculeId/Cost/SynthesizeId/ReactantId1/ReactantId2/ReactantId3.....
#  Id prefix:
#  Q --- Query Molecule
#  M --- Material
#  R --- Reactant
#
Directory      result/synthesize_HsDHODH/85/DATABASE/
#
Q000000001/4.115227/0000/R000000001
M000000004/1.000000/0000/Sigma_BB-184377626
R000000003/1.111111/0287/M000000004
R000000002/1.234568/0260/R000000003
R000000005/1.111111/0260/M000000004
R000000002/1.234568/0287/R000000005
R000000008/1.000000/0000/Guesstimate
R000000009/1.000000/0000/Guesstimate
R000000007/2.222222/0112/R000000008/R000000009
R000000006/2.469136/0197/R000000007
R000000011/1.000000/0000/Guesstimate
R000000012/1.000000/0000/Guesstimate
R000000010/2.222222/0279/R000000011/R000000012
R000000010/2.222222/0279/R000000011/R000000012
R000000006/2.469136/0294/R000000010
R000000001/4.115227/0175/R000000002/R000000006
R000000013/4.115227/0174/R000000002/R000000006
R000000016/1.000000/0000/Guesstimate
R000000015/1.111111/0283/R000000016
R000000017/1.000000/0000/Guesstimate
R000000018/1.000000/0000/Guesstimate
R000000015/2.222222/0112/R000000017/R000000018
R000000020/1.000000/0000/Guesstimate
R000000021/1.000000/0000/Guesstimate
R000000019/2.222222/0279/R000000020/R000000021
R000000019/2.222222/0279/R000000020/R000000021
R000000014/3.703704/0159/R000000015/R000000019
R000000013/5.226338/0112/R000000014/R000000009
R000000001/4.572474/0147/R000000013
Q000000002/4.115227/0000/R000000001
Q000000003/4.452235/0000/R000000022
M000000026/1.000000/0000/Sigma_BB-28775169
R000000025/1.111111/0091/M000000026
R000000028/1.000000/0000/Guesstimate
R000000029/1.000000/0000/Guesstimate
R000000027/2.222222/0004/R000000028/R000000029
R000000030/1.000000/0000/Guesstimate
R000000031/1.000000/0000/Guesstimate
R000000027/3.333333/0225/R000000029/R000000030/R000000031
R000000025/2.469136/0216/R000000027
R000000024/2.606310/0175/R000000002/R000000025
R000000033/1.000000/0000/Guesstimate
R000000032/5.226338/0112/R000000014/R000000033
R000000024/5.807042/0147/R000000032
R000000034/1.000000/0000/Guesstimate
R000000023/4.007011/0003/R000000024/R000000034
R000000035/2.482853/0175/R000000002/R000000029
R000000036/2.482853/0174/R000000002/R000000029
R000000038/1.234568/0287/R000000003
R000000037/1.371742/0260/R000000038
R000000039/1.234568/0287/R000000005
R000000037/1.371742/0287/R000000039
R000000036/2.635269/0112/R000000037/R000000029
R000000035/2.758726/0147/R000000036
M000000042/1.000000/0000/Sigma_BB-339159068
R000000041/1.111111/0153/M000000042
R000000041/2.222222/0004/R000000028/R000000034
R000000040/1.234568/0086/R000000041
R000000040/1.234568/0091/R000000041
R000000023/4.130468/0112/R000000035/R000000040
R000000022/4.452235/0147/R000000023
R000000044/3.703704/0212/R000000027/R000000041
R000000047/2.222222/0003/R000000033/R000000034
R000000048/1.000000/0000/Guesstimate
R000000047/2.222222/0112/R000000029/R000000048
R000000046/2.469136/0147/R000000047
R000000050/1.000000/0000/Guesstimate
R000000051/1.000000/0000/Guesstimate
R000000049/2.222222/0138/R000000050/R000000051
R000000046/2.469136/0147/R000000049
R000000045/3.854596/0112/R000000046/R000000008
R000000044/4.282884/0197/R000000045
R000000043/5.639385/0112/R000000037/R000000044
R000000043/6.858711/0112/R000000014/R000000046
R000000022/6.265983/0147/R000000043
Q000000004/5.018829/0000/R000000052
R000000055/2.758726/0125/R000000035
R000000056/1.000000/0000/Guesstimate
R000000055/3.869837/0112/R000000035/R000000056
R000000054/3.065251/0059/R000000055
R000000058/2.469136/0153/R000000027
R000000059/2.469136/0197/R000000027
R000000058/2.743484/0156/R000000059
R000000057/4.115227/0174/R000000002/R000000058
R000000057/4.267642/0112/R000000037/R000000058
R000000054/4.572474/0147/R000000057
R000000060/1.000000/0000/Guesstimate
R000000053/4.516946/0170/R000000054/R000000060
R000000061/4.115227/0175/R000000002/R000000059
R000000062/4.115227/0174/R000000002/R000000059
R000000062/4.267642/0112/R000000037/R000000059
R000000061/4.572474/0147/R000000062
R000000063/1.000000/0000/Guesstimate
R000000053/5.683586/0170/R000000061/R000000063
R000000052/5.018829/0153/R000000053
R000000066/1.000000/0000/Guesstimate
R000000065/3.854596/0170/R000000059/R000000066
R000000067/1.000000/0000/Guesstimate
R000000065/3.854596/0170/R000000058/R000000067
R000000064/5.807042/0112/R000000037/R000000065
R000000070/1.000000/0000/Guesstimate
R000000069/2.222222/0170/R000000070/R000000063
R000000071/1.000000/0000/Guesstimate
R000000069/2.222222/0170/R000000071/R000000060
R000000068/2.469136/0153/R000000069
R000000072/2.469136/0086/R000000069
R000000072/2.469136/0091/R000000069
R000000068/2.743484/0154/R000000072
R000000064/6.858711/0112/R000000014/R000000068
R000000052/6.452269/0147/R000000064
<NEXT>