#
#  Reaction log file
#  Author: LigBuilder V3 User_Diana
#  Creation time: Wed Feb 25 22:12:12 2026
#  Format:
#  QueryMoleculeId/Cost/SynthesizeId/ReactantId1/ReactantId2/ReactantId3.....
#  Id prefix:
#  Q --- Query Molecule
#  M --- Material
#  R --- Reactant
#
Directory      result/synthesize_HsDHODH/84/DATABASE/
#
Q000000001/7.026369/0000/R000000001
R000000005/1.000000/0000/Guesstimate
R000000006/1.000000/0000/Guesstimate
R000000004/2.222222/0279/R000000005/R000000006
R000000004/2.222222/0279/R000000005/R000000006
M000000007/1.000000/0000/Sigma_BB-70383556
R000000008/1.000000/0000/Guesstimate
R000000003/4.691358/0225/R000000004/M000000007/R000000008
R000000010/1.000000/0000/Guesstimate
R000000009/2.222222/0277/M000000007/R000000010
R000000011/1.000000/0000/Guesstimate
R000000009/2.222222/0301/M000000007/R000000011
R000000003/4.938272/0275/R000000004/R000000009
R000000012/1.000000/0000/Guesstimate
R000000002/6.323731/0159/R000000003/R000000012
R000000015/1.000000/0000/Guesstimate
R000000016/1.000000/0000/Guesstimate
R000000014/2.222222/0285/R000000015/R000000016
R000000013/2.469136/0079/R000000014
R000000018/1.000000/0000/Guesstimate
R000000017/2.222222/0279/R000000005/R000000018
R000000017/2.222222/0279/R000000005/R000000018
R000000013/2.469136/0082/R000000017
R000000021/1.000000/0000/Guesstimate
R000000020/3.333333/0225/R000000021/M000000007/R000000008
R000000020/3.580247/0275/R000000021/R000000009
R000000019/3.703704/0147/R000000020
M000000023/1.000000/0000/Sigma_BB-28247348
R000000022/2.222222/0275/R000000010/M000000023
R000000024/1.000000/0000/Guesstimate
R000000025/1.000000/0000/Guesstimate
R000000022/3.333333/0225/R000000024/R000000008/R000000025
M000000027/1.000000/0000/Sigma_BB-129708965
R000000026/2.222222/0004/R000000024/M000000027
R000000028/1.000000/0000/Guesstimate
R000000026/3.333333/0225/R000000008/M000000027/R000000028
R000000019/4.938272/0212/R000000022/R000000026
R000000002/6.858711/0159/R000000013/R000000019
R000000001/7.026369/0287/R000000002
Q000000002/4.115227/0000/R000000029
M000000032/1.000000/0000/Sigma_BB-184377626
R000000031/1.111111/0287/M000000032
R000000030/1.234568/0260/R000000031
R000000033/1.111111/0260/M000000032
R000000030/1.234568/0287/R000000033
R000000036/1.000000/0000/Guesstimate
R000000037/1.000000/0000/Guesstimate
R000000035/2.222222/0112/R000000036/R000000037
R000000034/2.469136/0197/R000000035
R000000039/1.000000/0000/Guesstimate
R000000040/1.000000/0000/Guesstimate
R000000038/2.222222/0279/R000000039/R000000040
R000000038/2.222222/0279/R000000039/R000000040
R000000034/2.469136/0294/R000000038
R000000029/4.115227/0175/R000000030/R000000034
R000000041/4.115227/0174/R000000030/R000000034
R000000044/1.000000/0000/Guesstimate
R000000043/1.111111/0283/R000000044
R000000045/1.000000/0000/Guesstimate
R000000043/2.222222/0112/R000000045/R000000010
R000000047/1.000000/0000/Guesstimate
R000000046/2.222222/0279/R000000006/R000000047
R000000046/2.222222/0279/R000000006/R000000047
R000000042/3.703704/0159/R000000043/R000000046
R000000041/5.226338/0112/R000000042/R000000037
R000000029/4.572474/0147/R000000041
Q000000003/4.115227/0000/R000000029
<NEXT>