#
#  Reaction log file
#  Author: LigBuilder V3 User_Diana
#  Creation time: Wed Feb 25 22:12:16 2026
#  Format:
#  QueryMoleculeId/Cost/SynthesizeId/ReactantId1/ReactantId2/ReactantId3.....
#  Id prefix:
#  Q --- Query Molecule
#  M --- Material
#  R --- Reactant
#
Directory      result/synthesize_HsDHODH/82/DATABASE/
#
Q000000001/7.207744/0000/R000000001
R000000005/1.000000/0000/Guesstimate
R000000006/1.000000/0000/Guesstimate
R000000004/2.222222/0279/R000000005/R000000006
R000000004/2.222222/0279/R000000005/R000000006
R000000008/1.000000/0000/Guesstimate
M000000009/1.000000/0000/Sigma_BB-28829501
R000000007/2.222222/0275/R000000008/M000000009
R000000010/1.000000/0000/Guesstimate
R000000011/1.000000/0000/Guesstimate
R000000012/1.000000/0000/Guesstimate
R000000007/3.333333/0225/R000000010/R000000011/R000000012
R000000003/4.938272/0159/R000000004/R000000007
R000000002/5.486969/0287/R000000003
R000000013/1.000000/0000/Guesstimate
R000000001/7.207744/0279/R000000002/R000000013
R000000001/7.207744/0279/R000000002/R000000013
Q000000002/7.207744/0000/R000000001
Q000000003/6.265984/0000/R000000014
R000000018/1.000000/0000/Guesstimate
R000000017/2.222222/0279/R000000018/R000000006
R000000017/2.222222/0279/R000000018/R000000006
R000000021/1.000000/0000/Guesstimate
R000000020/1.111111/0283/R000000021
R000000022/1.000000/0000/Guesstimate
R000000020/2.222222/0277/R000000022/R000000008
R000000019/2.345679/0275/R000000010/R000000020
R000000019/3.333333/0225/R000000010/R000000022/R000000012
R000000016/5.075447/0159/R000000017/R000000019
R000000023/3.580247/0159/R000000017/R000000010
R000000016/6.200274/0225/R000000023/R000000022/R000000012
R000000015/5.639385/0287/R000000016
R000000026/1.000000/0000/Guesstimate
R000000025/5.089163/0275/R000000023/R000000026
R000000024/5.654626/0287/R000000025
R000000015/7.394029/0301/R000000024/R000000022
R000000014/6.265984/0040/R000000015
R000000029/3.580247/0159/R000000004/R000000010
R000000029/3.978053/0040/R000000023
R000000028/3.978053/0287/R000000029
R000000031/9.600000/0000/Guesstimate
R000000030/9.600000/0125/R000000031
R000000033/7.900000/0000/Guesstimate
R000000032/8.777778/0114/R000000033
R000000030/9.753086/0217/R000000032
R000000028/9.753086/0040/R000000030
R000000035/1.000000/0000/Guesstimate
R000000036/1.000000/0000/Guesstimate
R000000034/2.222222/0003/R000000035/R000000036
R000000037/1.000000/0000/Guesstimate
M000000041/1.000000/0000/Sigma_BB-28524129
R000000040/1.111111/0086/M000000041
R000000040/1.111111/0091/M000000041
R000000039/1.234568/0024/R000000040
R000000042/1.000000/0000/Guesstimate
R000000039/2.222222/0004/R000000010/R000000042
R000000038/1.371742/0085/R000000039
R000000043/1.000000/0000/Guesstimate
R000000038/2.222222/0004/R000000043/R000000042
R000000034/2.635269/0049/R000000037/R000000038
R000000027/6.889194/0275/R000000028/R000000034
R000000014/7.654661/0147/R000000027
Q000000004/6.265984/0000/R000000014
<NEXT>