#
#  Reaction log file
#  Author: LigBuilder V3 User_Diana
#  Creation time: Wed Feb 25 22:11:44 2026
#  Format:
#  QueryMoleculeId/Cost/SynthesizeId/ReactantId1/ReactantId2/ReactantId3.....
#  Id prefix:
#  Q --- Query Molecule
#  M --- Material
#  R --- Reactant
#
Directory      result/synthesize_HsDHODH/63/DATABASE/
#
Q000000001/2.758726/0000/R000000001
M000000005/1.000000/0000/Sigma_BB-152390897
R000000004/1.111111/0287/M000000005
R000000003/1.234568/0299/R000000004
M000000006/1.000000/0000/Sigma_BB-129018904
R000000002/2.482853/0231/R000000003/M000000006
R000000008/1.000000/0000/Guesstimate
R000000007/2.482853/0231/R000000003/R000000008
R000000009/2.345679/0231/R000000004/R000000008
R000000007/2.606310/0299/R000000009
R000000002/3.869837/0279/R000000007/M000000006
R000000001/2.758726/0294/R000000002
R000000012/1.000000/0000/Guesstimate
R000000013/1.000000/0000/Guesstimate
R000000011/2.222222/0004/R000000012/R000000013
R000000015/1.000000/0000/Guesstimate
M000000016/1.000000/0000/Sigma_BB-30398684
R000000014/2.222222/0122/R000000015/M000000016
R000000017/1.000000/0000/Guesstimate
R000000014/2.222222/0277/R000000012/R000000017
R000000011/2.469136/0024/R000000014
R000000010/3.840878/0231/R000000003/R000000011
R000000019/1.000000/0000/Guesstimate
R000000018/2.482853/0231/R000000003/R000000019
R000000020/2.345679/0231/R000000004/R000000019
R000000018/2.606310/0299/R000000020
M000000021/1.000000/0000/Sigma_BB-28829501
R000000010/3.869837/0279/R000000018/M000000021
R000000001/4.267643/0294/R000000010
Q000000002/6.542987/0000/R000000022
R000000026/1.000000/0000/Guesstimate
R000000025/3.869837/0279/R000000018/R000000026
R000000025/3.869837/0279/R000000018/R000000026
R000000024/4.299819/0294/R000000025
R000000027/1.000000/0000/Guesstimate
R000000023/5.888689/0174/R000000024/R000000027
R000000023/5.888689/0289/R000000024/R000000027
R000000022/6.542987/0099/R000000023
R000000029/1.000000/0000/Guesstimate
R000000028/5.888689/0175/R000000024/R000000029
R000000028/5.888689/0290/R000000024/R000000029
R000000022/6.542987/0099/R000000028
Q000000003/6.542987/0000/R000000030
R000000032/1.000000/0000/Guesstimate
R000000031/5.888689/0175/R000000024/R000000032
R000000031/5.888689/0290/R000000024/R000000032
R000000030/6.542987/0139/R000000031
M000000034/1.000000/0000/Sigma_BB-48767194
R000000033/5.888689/0175/R000000024/M000000034
R000000033/5.888689/0290/R000000024/M000000034
R000000030/6.542987/0150/R000000033
<NEXT>