#
#  Reaction log file
#  Author: LigBuilder V3 User_Diana
#  Creation time: Wed Feb 25 22:11:05 2026
#  Format:
#  QueryMoleculeId/Cost/SynthesizeId/ReactantId1/ReactantId2/ReactantId3.....
#  Id prefix:
#  Q --- Query Molecule
#  M --- Material
#  R --- Reactant
#
Directory      result/synthesize_HsDHODH/55/DATABASE/
#
Q000000001/4.267643/0000/R000000001
M000000005/1.000000/0000/Sigma_BB-152390897
R000000004/1.111111/0287/M000000005
R000000003/1.234568/0299/R000000004
R000000007/1.000000/0000/Guesstimate
M000000008/1.000000/0000/Sigma_BB-28761037
R000000006/2.222222/0122/R000000007/M000000008
R000000010/1.000000/0000/Guesstimate
M000000011/1.000000/0000/Sigma_BB-34437028
R000000009/2.222222/0003/R000000010/M000000011
R000000012/1.000000/0000/Guesstimate
M000000013/1.000000/0000/Sigma_BB-28775367
R000000009/2.222222/0049/R000000012/M000000013
R000000006/2.469136/0147/R000000009
R000000002/3.840878/0231/R000000003/R000000006
R000000015/1.000000/0000/Guesstimate
R000000014/2.482853/0231/R000000003/R000000015
R000000016/2.345679/0231/R000000004/R000000015
R000000014/2.606310/0299/R000000016
M000000017/1.000000/0000/Sigma_BB-28780467
R000000002/3.869837/0279/R000000014/M000000017
R000000001/4.267643/0294/R000000002
R000000021/1.000000/0000/Guesstimate
R000000020/1.111111/0283/R000000021
R000000019/2.606310/0231/R000000003/R000000020
R000000022/1.000000/0000/Guesstimate
R000000018/4.007011/0175/R000000019/R000000022
R000000025/1.000000/0000/Guesstimate
R000000024/2.482853/0231/R000000003/R000000025
R000000023/2.758726/0040/R000000024
R000000027/1.000000/0000/Guesstimate
R000000026/2.482853/0231/R000000003/R000000027
R000000023/2.758726/0092/R000000026
M000000028/1.000000/0000/Sigma_BB-156333806
R000000018/4.176363/0212/R000000023/M000000028
R000000001/4.452235/0294/R000000018
Q000000002/4.267643/0000/R000000001
Q000000003/Analysis Failed
<NEXT>