#
#  Reaction log file
#  Author: LigBuilder V3 User_Diana
#  Creation time: Wed Feb 25 22:14:03 2026
#  Format:
#  QueryMoleculeId/Cost/SynthesizeId/ReactantId1/ReactantId2/ReactantId3.....
#  Id prefix:
#  Q --- Query Molecule
#  M --- Material
#  R --- Reactant
#
Directory      result/synthesize_HsDHODH/128/DATABASE/
#
Q000000001/5.791801/0000/R000000001
M000000004/1.000000/0000/Sigma_BB-28769194
R000000005/1.000000/0000/Guesstimate
R000000003/2.222222/0175/M000000004/R000000005
R000000003/2.222222/0290/M000000004/R000000005
R000000008/1.000000/0000/Guesstimate
R000000009/1.000000/0000/Guesstimate
R000000007/2.222222/0224/R000000008/R000000009
R000000006/2.469136/0285/R000000007
R000000002/5.212621/0003/R000000003/R000000006
R000000013/1.111111/0114/M000000004
R000000016/1.000000/0000/Guesstimate
R000000015/2.222222/0119/M000000004/R000000016
R000000018/1.000000/0000/Guesstimate
M000000019/1.000000/0000/Sigma_BB-29088450
R000000017/2.222222/0112/R000000018/M000000019
M000000020/1.000000/0000/Sigma_BB-28757047
R000000017/2.222222/0174/R000000018/M000000020
R000000015/2.469136/0153/R000000017
R000000014/2.469136/0114/R000000015
R000000022/1.000000/0000/Guesstimate
R000000023/1.000000/0000/Guesstimate
R000000021/2.222222/0012/R000000022/R000000023
M000000025/1.000000/0000/Sigma_BB-28762337
R000000024/2.222222/0012/R000000022/M000000025
R000000024/2.222222/0285/R000000022/M000000025
R000000021/2.469136/0197/R000000024
R000000026/1.000000/0000/Guesstimate
R000000014/3.580247/0159/R000000021/R000000026
R000000013/2.743484/0024/R000000014
R000000027/1.000000/0000/Guesstimate
R000000012/2.345679/0003/R000000013/R000000027
R000000030/1.000000/0000/Guesstimate
R000000029/2.222222/0175/M000000004/R000000030
R000000029/2.222222/0290/M000000004/R000000030
R000000031/1.000000/0000/Guesstimate
R000000028/3.580247/0004/R000000029/R000000031
M000000033/1.000000/0000/Sigma_BB-63702910
R000000034/1.000000/0000/Guesstimate
R000000032/2.222222/0004/M000000033/R000000034
R000000036/2.222222/0119/M000000033/R000000016
R000000039/1.000000/0000/Guesstimate
R000000040/1.000000/0000/Guesstimate
R000000038/2.222222/0279/R000000039/R000000040
R000000038/2.222222/0279/R000000039/R000000040
R000000037/2.469136/0079/R000000038
R000000042/1.000000/0000/Guesstimate
R000000041/2.222222/0279/R000000039/R000000042
R000000041/2.222222/0279/R000000039/R000000042
R000000037/2.469136/0082/R000000041
R000000043/1.000000/0000/Guesstimate
R000000036/3.854596/0159/R000000037/R000000043
R000000035/3.580247/0004/R000000036/R000000034
R000000045/1.000000/0000/Guesstimate
R000000044/3.580247/0175/R000000015/R000000045
M000000046/1.000000/0000/Sigma_BB-28806272
R000000044/3.854596/0159/R000000037/M000000046
R000000035/3.978053/0024/R000000044
R000000032/3.978053/0024/R000000035
M000000047/1.000000/0000/Sigma_BB-28721388
R000000028/3.580247/0212/R000000032/M000000047
R000000012/3.978053/0009/R000000028
R000000011/2.606310/0054/R000000012
R000000011/3.580247/0004/R000000003/R000000031
R000000010/2.895900/0009/R000000011
R000000010/3.580247/0003/R000000029/R000000027
R000000050/1.000000/0000/Guesstimate
R000000052/1.000000/0000/Guesstimate
R000000051/1.111111/0288/R000000052
R000000049/2.345679/0004/R000000050/R000000051
R000000049/2.345679/0277/R000000050/R000000051
R000000048/2.606310/0295/R000000049
R000000054/1.234568/0295/R000000051
R000000053/2.482853/0004/R000000026/R000000054
R000000053/2.482853/0256/R000000008/R000000054
R000000048/2.758726/0155/R000000053
R000000002/6.113567/0049/R000000010/R000000048
R000000001/5.791801/0099/R000000002
R000000056/3.580247/0004/R000000029/R000000034
R000000058/3.854596/0004/R000000014/R000000034
M000000060/1.000000/0000/Sigma_BB-28524129
R000000059/5.089163/0212/R000000035/M000000060
R000000059/5.089163/0212/R000000035/M000000060
R000000058/5.654626/0024/R000000059
R000000057/4.282884/0093/R000000058
R000000061/3.580247/0119/R000000029/R000000016
R000000062/3.580247/0112/R000000036/R000000030
M000000063/1.000000/0000/Sigma_BB-137889452
R000000062/3.854596/0159/R000000037/M000000063
R000000061/3.978053/0147/R000000062
R000000057/5.089163/0004/R000000061/R000000034
R000000056/4.758760/0024/R000000057
R000000055/5.349795/0003/R000000056/R000000054
M000000066/1.000000/0000/Sigma_BB-28775620
R000000065/2.345679/0301/M000000066/R000000051
R000000065/2.345679/0301/M000000066/R000000051
R000000064/2.606310/0295/R000000065
R000000055/5.502210/0049/R000000012/R000000064
R000000001/5.944217/0099/R000000055
Q000000002/5.791801/0000/R000000001
Q000000003/5.791801/0000/R000000001
<NEXT>