#
#  Reaction log file
#  Author: LigBuilder V3 User_Diana
#  Creation time: Wed Feb 25 22:19:47 2026
#  Format:
#  QueryMoleculeId/Cost/SynthesizeId/ReactantId1/ReactantId2/ReactantId3.....
#  Id prefix:
#  Q --- Query Molecule
#  M --- Material
#  R --- Reactant
#
Directory      result/synthesize_HsDHODH/280/DATABASE/
#
Q000000001/4.572474/0000/R000000001
M000000005/1.000000/0000/Sigma_BB-152390897
R000000004/1.111111/0287/M000000005
R000000003/1.234568/0299/R000000004
R000000003/1.234568/0299/R000000004
R000000008/1.000000/0000/Guesstimate
R000000009/1.000000/0000/Guesstimate
R000000007/2.222222/0277/R000000008/R000000009
R000000010/1.000000/0000/Guesstimate
R000000007/2.222222/0301/R000000008/R000000010
R000000006/2.469136/0099/R000000007
R000000012/1.000000/0000/Guesstimate
R000000011/2.222222/0277/R000000008/R000000012
R000000006/2.469136/0122/R000000011
R000000002/4.115227/0231/R000000003/R000000006
R000000014/1.000000/0000/Guesstimate
R000000013/2.482853/0231/R000000003/R000000014
R000000015/2.345679/0231/R000000004/R000000014
R000000013/2.606310/0299/R000000015
R000000018/1.000000/0000/Guesstimate
R000000017/2.222222/0277/R000000018/R000000009
R000000017/2.222222/0301/R000000018/R000000010
R000000016/2.469136/0099/R000000017
R000000019/2.222222/0277/R000000018/R000000012
R000000016/2.469136/0122/R000000019
R000000002/5.502210/0279/R000000013/R000000016
R000000001/4.572474/0294/R000000002
R000000023/1.000000/0000/Guesstimate
R000000022/2.222222/0277/R000000023/R000000009
R000000022/2.222222/0301/R000000023/R000000010
R000000021/2.469136/0099/R000000022
R000000024/2.222222/0277/R000000023/R000000012
R000000021/2.469136/0122/R000000024
R000000020/4.115227/0231/R000000003/R000000021
R000000026/1.000000/0000/Guesstimate
R000000025/2.482853/0231/R000000003/R000000026
R000000027/2.345679/0231/R000000004/R000000026
R000000025/2.606310/0299/R000000027
R000000020/5.502210/0279/R000000025/R000000021
R000000001/4.572474/0294/R000000020
Q000000002/4.572474/0000/R000000001
Q000000003/4.572474/0000/R000000001
Q000000004/4.572474/0000/R000000001
<NEXT>