#
#  Reaction log file
#  Author: LigBuilder V3 User_Diana
#  Creation time: Wed Feb 25 22:13:56 2026
#  Format:
#  QueryMoleculeId/Cost/SynthesizeId/ReactantId1/ReactantId2/ReactantId3.....
#  Id prefix:
#  Q --- Query Molecule
#  M --- Material
#  R --- Reactant
#
Directory      result/synthesize_HsDHODH/136/DATABASE/
#
Q000000001/2.482853/0000/R000000001
M000000004/1.000000/0000/Sigma_BB-151014002
R000000003/1.111111/0287/M000000004
M000000005/1.000000/0000/Sigma_BB-72504043
R000000003/1.111111/0287/M000000005
R000000002/1.234568/0091/R000000003
R000000007/1.000000/0000/Guesstimate
M000000008/1.000000/0000/Sigma_BB-30391580
R000000006/2.222222/0112/R000000007/M000000008
M000000009/1.000000/0000/Sigma_BB-88360669
R000000006/2.222222/0174/R000000007/M000000009
R000000002/2.469136/0197/R000000006
R000000010/1.000000/0000/Guesstimate
R000000001/2.482853/0112/R000000002/R000000010
R000000013/1.000000/0000/Guesstimate
M000000014/1.000000/0000/Sigma_BB-308324471
R000000012/2.222222/0231/R000000013/M000000014
M000000016/1.000000/0000/Sigma_BB-27944466
R000000015/2.222222/0231/R000000013/M000000016
R000000012/2.469136/0287/R000000015
R000000011/2.469136/0287/R000000012
R000000017/1.234568/0153/R000000003
R000000017/1.371742/0154/R000000002
R000000011/2.482853/0231/R000000013/R000000017
R000000001/2.743484/0082/R000000011
Q000000002/2.482853/0000/R000000001
Q000000003/2.482853/0000/R000000001
<NEXT>