#
#  Reaction log file
#  Author: LigBuilder V3 User_Diana
#  Creation time: Wed Feb 25 22:11:31 2026
#  Format:
#  QueryMoleculeId/Cost/SynthesizeId/ReactantId1/ReactantId2/ReactantId3.....
#  Id prefix:
#  Q --- Query Molecule
#  M --- Material
#  R --- Reactant
#
Directory      result/synthesize_HsDHODH/61/DATABASE/
#
Q000000001/Analysis Failed
Q000000002/Analysis Failed
Q000000003/3.048316/0000/R000000001
M000000005/1.000000/0000/Sigma_BB-152390897
R000000004/1.111111/0287/M000000005
R000000003/1.234568/0299/R000000004
R000000003/1.234568/0299/R000000004
M000000008/1.000000/0000/Sigma_BB-156316924
R000000007/1.111111/0204/M000000008
M000000009/1.000000/0000/Sigma_BB-129018904
R000000010/1.000000/0000/Guesstimate
R000000007/2.222222/0212/M000000009/R000000010
R000000006/1.234568/0041/R000000007
R000000012/1.000000/0000/Guesstimate
M000000013/1.000000/0000/Sigma_BB-31286382
R000000011/2.222222/0003/R000000012/M000000013
R000000014/1.000000/0000/Guesstimate
R000000015/1.000000/0000/Guesstimate
R000000011/2.222222/0138/R000000014/R000000015
R000000006/2.469136/0147/R000000011
R000000002/2.743484/0231/R000000003/R000000006
R000000017/1.000000/0000/Guesstimate
R000000016/2.482853/0231/R000000003/R000000017
R000000018/2.345679/0231/R000000004/R000000017
R000000016/2.606310/0299/R000000018
R000000002/4.130468/0279/R000000016/R000000006
R000000001/3.048316/0294/R000000002
R000000021/1.000000/0000/Guesstimate
M000000022/1.000000/0000/Sigma_BB-28803840
R000000020/2.222222/0122/R000000021/M000000022
M000000024/1.000000/0000/Sigma_BB-28909381
R000000023/2.222222/0122/R000000021/M000000024
R000000025/1.000000/0000/Guesstimate
R000000026/1.000000/0000/Guesstimate
R000000023/2.222222/0301/R000000025/R000000026
R000000020/2.469136/0041/R000000023
R000000019/3.840878/0231/R000000003/R000000020
R000000028/1.000000/0000/Guesstimate
R000000027/2.482853/0231/R000000003/R000000028
R000000029/2.345679/0231/R000000004/R000000028
R000000027/2.606310/0299/R000000029
M000000030/1.000000/0000/Sigma_BB-28503956
R000000019/3.869837/0279/R000000027/M000000030
R000000001/4.267643/0294/R000000019
<NEXT>