#
#  Reaction log file
#  Author: LigBuilder V3 User_Diana
#  Creation time: Wed Feb 25 22:11:58 2026
#  Format:
#  QueryMoleculeId/Cost/SynthesizeId/ReactantId1/ReactantId2/ReactantId3.....
#  Id prefix:
#  Q --- Query Molecule
#  M --- Material
#  R --- Reactant
#
Directory      result/synthesize_HsDHODH/83/DATABASE/
#
Q000000001/6.265984/0000/R000000001
R000000005/1.000000/0000/Guesstimate
R000000006/1.000000/0000/Guesstimate
R000000004/2.222222/0279/R000000005/R000000006
R000000004/2.222222/0279/R000000005/R000000006
R000000008/1.000000/0000/Guesstimate
R000000010/1.000000/0000/Guesstimate
R000000009/1.111111/0283/R000000010
R000000011/1.000000/0000/Guesstimate
R000000012/1.000000/0000/Guesstimate
R000000009/2.222222/0277/R000000011/R000000012
R000000007/2.345679/0275/R000000008/R000000009
R000000013/1.000000/0000/Guesstimate
R000000007/3.333333/0225/R000000008/R000000011/R000000013
R000000003/5.075447/0159/R000000004/R000000007
R000000014/3.580247/0159/R000000004/R000000008
R000000003/6.200274/0225/R000000014/R000000011/R000000013
R000000002/5.639385/0287/R000000003
R000000017/1.000000/0000/Guesstimate
R000000016/5.089163/0275/R000000014/R000000017
R000000015/5.654626/0287/R000000016
R000000002/7.394029/0301/R000000015/R000000011
R000000001/6.265984/0040/R000000002
R000000020/3.978053/0040/R000000014
R000000019/4.420059/0287/R000000020
R000000022/9.600000/0000/Guesstimate
R000000021/9.600000/0125/R000000022
R000000024/7.900000/0000/Guesstimate
R000000023/8.777778/0114/R000000024
R000000021/9.753086/0217/R000000023
R000000019/9.753086/0040/R000000021
R000000026/1.000000/0000/Guesstimate
R000000027/1.000000/0000/Guesstimate
R000000025/2.222222/0003/R000000026/R000000027
R000000028/1.000000/0000/Guesstimate
M000000032/1.000000/0000/Sigma_BB-28524129
R000000031/1.111111/0086/M000000032
R000000031/1.111111/0091/M000000032
R000000030/1.234568/0024/R000000031
R000000033/1.000000/0000/Guesstimate
R000000030/2.222222/0004/R000000008/R000000033
R000000029/1.371742/0085/R000000030
R000000034/1.000000/0000/Guesstimate
R000000029/2.222222/0004/R000000034/R000000033
R000000025/2.635269/0049/R000000028/R000000029
R000000018/7.380312/0275/R000000019/R000000025
R000000001/8.200347/0147/R000000018
Q000000002/8.505178/0000/R000000035
R000000039/1.000000/0000/Guesstimate
R000000038/6.200274/0225/R000000014/R000000039/R000000013
R000000038/6.765737/0301/R000000016/R000000039
R000000037/6.889194/0287/R000000038
R000000037/7.394029/0301/R000000015/R000000039
R000000036/7.654660/0198/R000000037
R000000040/7.394029/0004/R000000015/R000000008
R000000042/1.000000/0000/Guesstimate
R000000041/7.394029/0003/R000000015/R000000042
R000000043/1.000000/0000/Guesstimate
R000000041/7.394029/0277/R000000015/R000000043
R000000040/8.215589/0040/R000000041
R000000046/1.000000/0000/Guesstimate
R000000045/1.111111/0198/R000000046
R000000047/1.000000/0000/Guesstimate
R000000048/1.000000/0000/Guesstimate
R000000045/2.222222/0277/R000000047/R000000048
R000000044/1.234568/0024/R000000045
R000000049/1.000000/0000/Guesstimate
R000000044/2.222222/0004/R000000047/R000000049
R000000036/9.587331/0212/R000000040/R000000044
R000000035/8.505178/0040/R000000036
R000000052/4.911177/0091/R000000019
R000000053/1.000000/0000/Guesstimate
R000000051/6.567974/0174/R000000052/R000000053
R000000054/1.111111/0287/R000000053
R000000051/6.691431/0112/R000000052/R000000054
R000000057/1.000000/0000/Guesstimate
R000000056/2.222222/0277/R000000057/R000000012
R000000058/1.000000/0000/Guesstimate
R000000059/1.000000/0000/Guesstimate
R000000056/2.222222/0277/R000000058/R000000059
R000000055/2.469136/0041/R000000056
R000000061/1.000000/0000/Guesstimate
R000000060/2.222222/0004/R000000061/R000000008
R000000062/1.000000/0000/Guesstimate
R000000060/3.333333/0225/R000000061/R000000013/R000000062
R000000055/2.469136/0086/R000000060
R000000050/9.037110/0275/R000000051/R000000055
R000000050/9.519972/0225/R000000051/R000000061/R000000013
R000000035/9.519972/0025/R000000050
Q000000003/6.265984/0000/R000000001
<NEXT>