#
#  Reaction log file
#  Author: LigBuilder V3 User_Diana
#  Creation time: Wed Feb 25 22:13:19 2026
#  Format:
#  QueryMoleculeId/Cost/SynthesizeId/ReactantId1/ReactantId2/ReactantId3.....
#  Id prefix:
#  Q --- Query Molecule
#  M --- Material
#  R --- Reactant
#
Directory      result/synthesize_HsDHODH/112/DATABASE/
#
Q000000001/5.531170/0000/R000000001
R000000004/1.000000/0000/Guesstimate
R000000006/1.000000/0000/Guesstimate
R000000007/1.000000/0000/Guesstimate
R000000005/2.222222/0279/R000000006/R000000007
R000000005/2.222222/0279/R000000006/R000000007
R000000003/3.580247/0159/R000000004/R000000005
R000000009/1.000000/0000/Guesstimate
R000000010/1.000000/0000/Guesstimate
R000000008/2.222222/0012/R000000009/R000000010
R000000008/2.222222/0285/R000000009/R000000010
R000000011/1.000000/0000/Guesstimate
R000000003/3.580247/0159/R000000008/R000000011
R000000002/3.978053/0197/R000000003
R000000014/1.000000/0000/Guesstimate
R000000015/1.000000/0000/Guesstimate
R000000013/2.222222/0279/R000000014/R000000015
R000000013/2.469136/0197/R000000008
R000000016/1.000000/0000/Guesstimate
R000000012/3.580247/0159/R000000013/R000000016
R000000017/2.222222/0279/R000000014/R000000006
R000000017/2.222222/0279/R000000014/R000000006
R000000018/1.000000/0000/Guesstimate
R000000012/3.580247/0159/R000000017/R000000018
R000000002/3.978053/0287/R000000012
R000000019/1.000000/0000/Guesstimate
R000000001/5.531170/0003/R000000002/R000000019
R000000023/1.000000/0000/Guesstimate
R000000022/3.580247/0159/R000000023/R000000005
R000000024/1.000000/0000/Guesstimate
R000000022/5.089163/0119/R000000003/R000000024
R000000021/3.978053/0093/R000000022
R000000020/4.420059/0024/R000000021
R000000025/1.000000/0000/Guesstimate
R000000020/5.531170/0004/R000000002/R000000025
R000000026/1.000000/0000/Guesstimate
R000000001/6.022288/0003/R000000020/R000000026
Q000000002/5.531170/0000/R000000001
Q000000003/5.531170/0000/R000000027
M000000028/1.000000/0000/Sigma_BB-27568240
R000000027/5.531170/0003/R000000002/M000000028
R000000029/1.000000/0000/Guesstimate
R000000027/6.022288/0003/R000000020/R000000029
<NEXT>