#
#  Reaction log file
#  Author: LigBuilder V3 User_Diana
#  Creation time: Wed Feb 25 22:10:02 2026
#  Format:
#  QueryMoleculeId/Cost/SynthesizeId/ReactantId1/ReactantId2/ReactantId3.....
#  Id prefix:
#  Q --- Query Molecule
#  M --- Material
#  R --- Reactant
#
Directory      result/synthesize_HsDHODH/23/DATABASE/
#
Q000000001/6.145744/0000/R000000001
R000000006/1.000000/0000/Guesstimate
R000000007/1.000000/0000/Guesstimate
R000000005/2.222222/0279/R000000006/R000000007
R000000005/2.222222/0279/R000000006/R000000007
R000000008/1.000000/0000/Guesstimate
R000000004/3.580247/0159/R000000005/R000000008
R000000003/3.978053/0287/R000000004
R000000003/3.978053/0287/R000000004
M000000009/1.000000/0000/Sigma_BB-28843709
R000000002/5.531170/0112/R000000003/M000000009
R000000010/4.420059/0125/R000000003
R000000011/1.000000/0000/Guesstimate
R000000010/5.531170/0112/R000000003/R000000011
R000000012/1.000000/0000/Guesstimate
R000000002/6.022288/0138/R000000010/R000000012
R000000001/6.145744/0147/R000000002
R000000014/1.000000/0000/Guesstimate
R000000013/5.531170/0003/R000000003/R000000014
R000000016/1.000000/0000/Guesstimate
R000000017/1.000000/0000/Guesstimate
R000000015/2.222222/0004/R000000016/R000000017
M000000019/1.000000/0000/Sigma_BB-28516749
R000000020/1.000000/0000/Guesstimate
R000000018/2.222222/0122/M000000019/R000000020
R000000021/1.000000/0000/Guesstimate
R000000018/2.222222/0277/R000000016/R000000021
R000000015/2.469136/0024/R000000018
R000000013/7.380312/0049/R000000010/R000000015
R000000001/6.145744/0147/R000000013
Q000000002/9.463873/0000/R000000022
R000000026/1.000000/0000/Guesstimate
R000000025/5.089163/0004/R000000004/R000000026
R000000027/1.000000/0000/Guesstimate
R000000028/1.000000/0000/Guesstimate
R000000025/6.200274/0225/R000000004/R000000027/R000000028
R000000029/1.000000/0000/Guesstimate
R000000024/6.765737/0212/R000000025/R000000029
R000000024/6.765737/0212/R000000025/R000000029
R000000023/7.517486/0287/R000000024
R000000022/9.463873/0119/R000000023/R000000026
R000000031/5.531170/0004/R000000003/R000000026
R000000032/6.022288/0049/R000000010/R000000017
R000000031/6.691431/0040/R000000032
R000000034/1.000000/0000/Guesstimate
R000000033/2.222222/0004/R000000034/R000000026
R000000036/1.000000/0000/Guesstimate
R000000035/2.222222/0277/R000000034/R000000036
R000000035/2.222222/0301/R000000034/R000000021
R000000033/2.469136/0024/R000000035
R000000030/8.614881/0212/R000000031/R000000033
R000000030/8.614881/0212/R000000031/R000000033
R000000022/9.572090/0039/R000000030
Q000000003/6.145744/0000/R000000001
<NEXT>