#
#  Reaction log file
#  Author: LigBuilder V3 User_Diana
#  Creation time: Wed Feb 25 22:17:35 2026
#  Format:
#  QueryMoleculeId/Cost/SynthesizeId/ReactantId1/ReactantId2/ReactantId3.....
#  Id prefix:
#  Q --- Query Molecule
#  M --- Material
#  R --- Reactant
#
Directory      result/synthesize_HsDHODH/246/DATABASE/
#
Q000000001/Analysis Failed
Q000000002/Analysis Failed
Q000000003/4.572474/0000/R000000001
M000000005/1.000000/0000/Sigma_BB-101056790
R000000004/1.111111/0054/M000000005
M000000006/1.000000/0000/Sigma_BB-187825424
R000000007/1.000000/0000/Guesstimate
R000000004/2.222222/0004/M000000006/R000000007
R000000003/1.234568/0009/R000000004
M000000008/1.000000/0000/Sigma_BB-68216625
R000000009/1.000000/0000/Guesstimate
R000000003/2.222222/0003/M000000008/R000000009
M000000012/1.000000/0000/Sigma_BB-28805425
R000000013/1.000000/0000/Guesstimate
R000000011/2.222222/0004/M000000012/R000000013
R000000010/2.469136/0197/R000000011
R000000002/4.115227/0122/R000000003/R000000010
R000000002/4.115227/0122/R000000003/R000000010
R000000001/4.572474/0039/R000000002
M000000017/1.000000/0000/Sigma_BB-28764950
R000000016/2.222222/0004/M000000008/M000000017
R000000015/2.469136/0197/R000000016
R000000019/1.000000/0000/Guesstimate
R000000018/2.222222/0004/M000000012/R000000019
R000000018/2.469136/0039/R000000011
R000000014/5.212621/0212/R000000015/R000000018
R000000014/5.212621/0212/R000000015/R000000018
R000000001/5.791801/0028/R000000014
<NEXT>