#
#  Reaction log file
#  Author: LigBuilder V3 User_Diana
#  Creation time: Wed Feb 25 22:19:39 2026
#  Format:
#  QueryMoleculeId/Cost/SynthesizeId/ReactantId1/ReactantId2/ReactantId3.....
#  Id prefix:
#  Q --- Query Molecule
#  M --- Material
#  R --- Reactant
#
Directory      result/synthesize_HsDHODH/283/DATABASE/
#
Q000000001/4.572474/0000/R000000001
M000000005/1.000000/0000/Sigma_BB-152390897
R000000004/1.111111/0287/M000000005
R000000003/1.234568/0299/R000000004
R000000003/1.234568/0299/R000000004
R000000008/1.000000/0000/Guesstimate
R000000009/1.000000/0000/Guesstimate
R000000007/2.222222/0277/R000000008/R000000009
R000000010/1.000000/0000/Guesstimate
R000000007/2.222222/0301/R000000008/R000000010
R000000006/2.469136/0099/R000000007
R000000012/1.000000/0000/Guesstimate
R000000011/2.222222/0277/R000000008/R000000012
R000000006/2.469136/0122/R000000011
R000000002/4.115227/0231/R000000003/R000000006
R000000014/1.000000/0000/Guesstimate
R000000013/2.482853/0231/R000000003/R000000014
R000000015/2.345679/0231/R000000004/R000000014
R000000013/2.606310/0299/R000000015
R000000018/1.000000/0000/Guesstimate
R000000017/2.222222/0277/R000000018/R000000009
R000000017/2.222222/0301/R000000018/R000000010
R000000016/2.469136/0099/R000000017
R000000019/2.222222/0277/R000000018/R000000012
R000000016/2.469136/0122/R000000019
R000000002/5.502210/0279/R000000013/R000000016
R000000001/4.572474/0294/R000000002
R000000023/1.000000/0000/Guesstimate
R000000022/2.222222/0277/R000000023/R000000009
R000000022/2.222222/0301/R000000023/R000000010
R000000021/2.469136/0099/R000000022
R000000024/2.222222/0277/R000000023/R000000012
R000000021/2.469136/0122/R000000024
R000000020/4.115227/0231/R000000003/R000000021
R000000026/1.000000/0000/Guesstimate
R000000025/2.482853/0231/R000000003/R000000026
R000000027/2.345679/0231/R000000004/R000000026
R000000025/2.606310/0299/R000000027
R000000020/5.502210/0279/R000000025/R000000021
R000000001/4.572474/0294/R000000020
Q000000002/4.572474/0000/R000000001
Q000000003/Analysis Failed
Q000000004/4.282884/0000/R000000028
M000000032/1.000000/0000/Sigma_BB-89724395
R000000033/1.000000/0000/Guesstimate
R000000031/2.222222/0004/M000000032/R000000033
R000000030/2.469136/0197/R000000031
R000000030/2.469136/0197/R000000031
M000000034/1.000000/0000/Sigma_BB-28864073
R000000029/3.854596/0003/R000000030/M000000034
M000000037/1.000000/0000/Sigma_BB-28768237
R000000036/1.111111/0198/M000000037
R000000036/1.111111/0298/M000000037
R000000038/1.000000/0000/Guesstimate
R000000035/2.345679/0285/R000000036/R000000038
R000000040/1.000000/0000/Guesstimate
R000000039/2.345679/0277/R000000036/R000000040
R000000035/2.606310/0295/R000000039
R000000042/1.000000/0000/Guesstimate
R000000041/2.222222/0001/M000000034/R000000042
R000000043/1.000000/0000/Guesstimate
R000000041/2.222222/0003/M000000034/R000000043
R000000029/5.075447/0042/R000000035/R000000041
R000000028/4.282884/0099/R000000029
M000000047/1.000000/0000/Sigma_BB-28764950
M000000048/1.000000/0000/Sigma_BB-28769352
R000000046/2.222222/0004/M000000047/M000000048
R000000045/2.469136/0197/R000000046
R000000044/5.212621/0212/R000000031/R000000045
R000000044/5.212621/0212/R000000031/R000000045
R000000028/5.791801/0028/R000000044
<NEXT>