#
#  Reaction log file
#  Author: LigBuilder V3 User_Diana
#  Creation time: Wed Feb 25 22:17:47 2026
#  Format:
#  QueryMoleculeId/Cost/SynthesizeId/ReactantId1/ReactantId2/ReactantId3.....
#  Id prefix:
#  Q --- Query Molecule
#  M --- Material
#  R --- Reactant
#
Directory      result/synthesize_HsDHODH/229/DATABASE/
#
Q000000001/4.420059/0000/R000000001
R000000005/1.000000/0000/Guesstimate
R000000006/1.000000/0000/Guesstimate
R000000004/2.222222/0279/R000000005/R000000006
R000000004/2.222222/0279/R000000005/R000000006
R000000007/1.000000/0000/Guesstimate
R000000003/3.580247/0159/R000000004/R000000007
R000000009/1.000000/0000/Guesstimate
R000000010/1.000000/0000/Guesstimate
R000000008/2.222222/0012/R000000009/R000000010
R000000008/2.222222/0285/R000000009/R000000010
R000000011/1.000000/0000/Guesstimate
R000000003/3.580247/0159/R000000008/R000000011
R000000002/3.978053/0287/R000000003
R000000001/4.420059/0024/R000000002
R000000015/1.000000/0000/Guesstimate
R000000016/1.000000/0000/Guesstimate
R000000014/2.222222/0012/R000000015/R000000016
R000000017/1.000000/0000/Guesstimate
R000000018/1.000000/0000/Guesstimate
R000000014/2.222222/0279/R000000017/R000000018
R000000019/1.000000/0000/Guesstimate
R000000013/3.580247/0159/R000000014/R000000019
R000000020/3.580247/0159/R000000014/R000000011
R000000013/3.978053/0287/R000000020
R000000012/3.978053/0099/R000000013
R000000023/1.000000/0000/Guesstimate
R000000022/2.222222/0279/R000000023/R000000006
R000000022/2.222222/0279/R000000023/R000000006
R000000021/3.580247/0159/R000000022/R000000007
R000000021/3.978053/0099/R000000020
R000000012/3.978053/0287/R000000021
R000000001/4.420059/0040/R000000012
Q000000002/Analysis Failed
Q000000003/Analysis Failed
<NEXT>