#
#  Reaction log file
#  Author: LigBuilder V3 User_Diana
#  Creation time: Wed Feb 25 22:11:08 2026
#  Format:
#  QueryMoleculeId/Cost/SynthesizeId/ReactantId1/ReactantId2/ReactantId3.....
#  Id prefix:
#  Q --- Query Molecule
#  M --- Material
#  R --- Reactant
#
Directory      result/synthesize_HsDHODH/45/DATABASE/
#
Q000000001/5.531170/0000/R000000001
R000000005/1.000000/0000/Guesstimate
R000000006/1.000000/0000/Guesstimate
R000000004/2.222222/0279/R000000005/R000000006
R000000004/2.222222/0279/R000000005/R000000006
M000000007/1.000000/0000/Sigma_BB-28956431
R000000003/3.580247/0159/R000000004/M000000007
M000000009/1.000000/0000/Sigma_BB-28776798
R000000008/3.580247/0159/R000000004/M000000009
R000000003/3.978053/0217/R000000008
R000000002/3.978053/0287/R000000003
R000000010/1.000000/0000/Guesstimate
R000000001/5.531170/0122/R000000002/R000000010
R000000014/1.000000/0000/Guesstimate
R000000013/2.222222/0279/R000000014/R000000006
R000000013/2.222222/0279/R000000014/R000000006
R000000015/2.222222/0122/M000000007/R000000010
R000000015/2.222222/0122/M000000007/R000000010
R000000012/4.938272/0159/R000000013/R000000015
R000000017/1.000000/0000/Guesstimate
R000000016/3.580247/0159/R000000013/R000000017
R000000019/1.000000/0000/Guesstimate
R000000018/2.222222/0122/R000000019/R000000010
R000000018/2.222222/0122/R000000019/R000000010
R000000012/6.447188/0274/R000000016/R000000018
R000000011/5.486969/0287/R000000012
R000000001/6.096632/0040/R000000011
Q000000002/6.096632/0000/R000000020
R000000024/1.000000/0000/Guesstimate
R000000023/2.222222/0279/R000000024/R000000006
R000000023/2.222222/0279/R000000024/R000000006
R000000026/1.000000/0000/Guesstimate
R000000027/1.000000/0000/Guesstimate
R000000025/2.222222/0277/R000000026/R000000027
R000000028/1.000000/0000/Guesstimate
R000000025/2.222222/0301/R000000028/R000000027
R000000022/4.938272/0159/R000000023/R000000025
R000000029/3.580247/0159/R000000023/R000000028
R000000022/5.089163/0301/R000000029/R000000027
R000000021/5.486969/0287/R000000022
R000000030/3.978053/0287/R000000029
R000000021/5.531170/0301/R000000030/R000000027
R000000020/6.096632/0024/R000000021
M000000034/1.000000/0000/Sigma_BB-28779625
R000000033/3.580247/0159/R000000013/M000000034
R000000032/3.978053/0287/R000000033
R000000037/1.000000/0000/Guesstimate
R000000036/1.111111/0283/R000000037
R000000035/1.234568/0024/R000000036
R000000038/1.000000/0000/Guesstimate
R000000035/2.222222/0004/R000000017/R000000038
R000000031/5.791801/0212/R000000032/R000000035
R000000031/5.791801/0212/R000000032/R000000035
R000000020/6.435335/0040/R000000031
Q000000003/3.869837/0000/R000000039
M000000043/1.000000/0000/Sigma_BB-28760291
R000000042/1.111111/0287/M000000043
R000000044/10.000000/0000/Guesstimate
R000000042/10.000000/0299/R000000044
R000000041/1.234568/0213/R000000042
R000000046/1.000000/0000/Guesstimate
R000000045/2.345679/0175/R000000042/R000000046
R000000045/2.345679/0290/R000000042/R000000046
R000000041/2.606310/0216/R000000045
R000000047/1.000000/0000/Guesstimate
R000000040/2.482853/0003/R000000041/R000000047
R000000049/1.000000/0000/Guesstimate
R000000050/1.234568/0287/R000000042
R000000050/1.371742/0197/R000000041
R000000048/2.482853/0004/R000000049/R000000050
R000000048/2.606310/0085/R000000045
R000000051/1.000000/0000/Guesstimate
R000000040/3.869837/0049/R000000048/R000000051
R000000052/1.000000/0000/Guesstimate
R000000039/3.869837/0012/R000000040/R000000052
M000000056/1.000000/0000/Sigma_BB-152394313
R000000055/2.222222/0004/M000000056/R000000047
R000000055/2.222222/0277/M000000056/R000000047
R000000054/2.469136/0087/R000000055
R000000053/3.978053/0174/R000000054/R000000042
R000000053/4.115227/0112/R000000054/R000000050
R000000039/4.420059/0028/R000000053
<NEXT>