#
#  Reaction log file
#  Author: LigBuilder V3 User_Diana
#  Creation time: Wed Feb 25 22:12:22 2026
#  Format:
#  QueryMoleculeId/Cost/SynthesizeId/ReactantId1/ReactantId2/ReactantId3.....
#  Id prefix:
#  Q --- Query Molecule
#  M --- Material
#  R --- Reactant
#
Directory      result/synthesize_HsDHODH/76/DATABASE/
#
Q000000001/Analysis Failed
Q000000002/7.207744/0000/R000000001
R000000005/1.000000/0000/Guesstimate
R000000006/1.000000/0000/Guesstimate
R000000004/2.222222/0279/R000000005/R000000006
R000000004/2.222222/0279/R000000005/R000000006
R000000008/1.000000/0000/Guesstimate
M000000009/1.000000/0000/Sigma_BB-70296252
R000000007/2.222222/0275/R000000008/M000000009
R000000010/1.000000/0000/Guesstimate
R000000011/1.000000/0000/Guesstimate
R000000012/1.000000/0000/Guesstimate
R000000007/3.333333/0225/R000000010/R000000011/R000000012
R000000003/4.938272/0159/R000000004/R000000007
R000000002/5.486969/0287/R000000003
R000000013/1.000000/0000/Guesstimate
R000000001/7.207744/0279/R000000002/R000000013
R000000001/7.207744/0279/R000000002/R000000013
Q000000003/7.207744/0000/R000000001
Q000000004/7.807076/0000/R000000014
M000000018/1.000000/0000/Sigma_BB-161541518
R000000017/3.580247/0159/R000000004/M000000018
R000000016/3.978053/0287/R000000017
M000000020/1.000000/0000/Sigma_BB-28760742
M000000022/1.000000/0000/Sigma_BB-28764950
R000000021/1.111111/0197/M000000022
R000000019/2.345679/0212/M000000020/R000000021
R000000023/2.222222/0212/M000000020/M000000022
R000000023/2.222222/0212/M000000020/M000000022
R000000019/2.469136/0197/R000000023
R000000015/7.026369/0212/R000000016/R000000019
R000000015/7.026369/0212/R000000016/R000000019
R000000014/7.807076/0028/R000000015
M000000027/1.000000/0000/Sigma_BB-28830366
R000000026/1.111111/0085/M000000027
R000000025/2.345679/0212/M000000020/R000000026
M000000029/1.000000/0000/Sigma_BB-28776791
R000000028/2.222222/0004/M000000029/M000000027
R000000028/2.222222/0277/M000000029/M000000027
R000000025/2.469136/0197/R000000028
R000000024/7.026369/0212/R000000016/R000000025
R000000024/7.026369/0212/R000000016/R000000025
R000000014/7.807076/0028/R000000024
<NEXT>