#
#  Reaction log file
#  Author: LigBuilder V3 User_Diana
#  Creation time: Wed Feb 25 22:18:38 2026
#  Format:
#  QueryMoleculeId/Cost/SynthesizeId/ReactantId1/ReactantId2/ReactantId3.....
#  Id prefix:
#  Q --- Query Molecule
#  M --- Material
#  R --- Reactant
#
Directory      result/synthesize_HsDHODH/260/DATABASE/
#
Q000000001/5.531170/0000/R000000001
R000000005/1.000000/0000/Guesstimate
R000000006/1.000000/0000/Guesstimate
R000000004/2.222222/0279/R000000005/R000000006
R000000004/2.222222/0279/R000000005/R000000006
R000000007/1.000000/0000/Guesstimate
R000000003/3.580247/0159/R000000004/R000000007
R000000009/1.000000/0000/Guesstimate
R000000008/2.222222/0279/R000000005/R000000009
R000000008/2.222222/0279/R000000005/R000000009
R000000010/1.000000/0000/Guesstimate
R000000003/3.580247/0159/R000000008/R000000010
R000000002/3.978053/0287/R000000003
R000000011/3.978053/0213/R000000003
R000000002/4.420059/0197/R000000011
R000000012/1.000000/0000/Guesstimate
R000000001/5.531170/0112/R000000002/R000000012
R000000014/1.000000/0000/Guesstimate
R000000013/5.531170/0112/R000000002/R000000014
R000000016/1.000000/0000/Guesstimate
R000000015/5.531170/0112/R000000002/R000000016
R000000018/1.000000/0000/Guesstimate
R000000017/5.531170/0112/R000000002/R000000018
R000000019/1.000000/0000/Guesstimate
R000000021/7.800000/0000/Guesstimate
R000000020/8.666667/0287/R000000021
R000000022/10.000000/0000/Guesstimate
R000000020/10.000000/0299/R000000022
R000000017/9.666667/0174/R000000019/R000000020
R000000015/6.145744/0155/R000000017
R000000013/6.145744/0156/R000000015
R000000023/1.000000/0000/Guesstimate
R000000001/7.256855/0170/R000000013/R000000023
Q000000002/5.944217/0000/R000000024
M000000028/1.000000/0000/Sigma_BB-28828976
R000000029/1.000000/0000/Guesstimate
R000000027/2.222222/0004/M000000028/R000000029
R000000026/2.469136/0009/R000000027
R000000031/1.000000/0000/Guesstimate
R000000032/1.000000/0000/Guesstimate
R000000030/2.222222/0012/R000000031/R000000032
R000000030/2.222222/0285/R000000031/R000000032
R000000026/2.469136/0012/R000000030
M000000035/1.000000/0000/Sigma_BB-187814628
R000000034/1.111111/0114/M000000035
M000000036/1.000000/0000/Sigma_BB-38275857
R000000034/1.111111/0155/M000000036
R000000037/1.000000/0000/Guesstimate
R000000033/2.345679/0274/R000000034/R000000037
R000000038/8.700000/0000/Guesstimate
R000000033/9.666667/0192/R000000038
R000000025/5.349795/0231/R000000026/R000000033
R000000024/5.944217/0059/R000000025
R000000042/1.000000/0000/Guesstimate
R000000043/1.000000/0000/Guesstimate
R000000041/2.222222/0012/R000000042/R000000043
R000000041/2.222222/0285/R000000042/R000000043
R000000040/2.469136/0285/R000000041
R000000044/2.222222/0012/R000000042/R000000043
R000000044/2.222222/0285/R000000042/R000000043
R000000040/2.469136/0285/R000000044
R000000039/5.349795/0231/R000000040/R000000033
R000000024/5.944217/0082/R000000039
Q000000003/2.606310/0000/R000000045
M000000048/1.000000/0000/Sigma_BB-28428023
R000000047/1.111111/0125/M000000048
R000000049/1.000000/0000/Guesstimate
R000000047/2.222222/0112/M000000048/R000000049
M000000050/1.000000/0000/Sigma_BB-28798706
R000000046/2.345679/0231/R000000047/M000000050
R000000045/2.606310/0059/R000000046
R000000052/1.234568/0059/R000000047
R000000053/2.222222/0004/M000000048/R000000010
R000000054/1.000000/0000/Guesstimate
R000000055/1.000000/0000/Guesstimate
R000000053/3.333333/0225/M000000048/R000000054/R000000055
R000000052/2.469136/0153/R000000053
M000000056/1.000000/0000/Sigma_BB-28421609
R000000051/2.482853/0231/R000000052/M000000056
R000000045/2.758726/0041/R000000051
Q000000004/2.606310/0000/R000000045
<NEXT>