#
#  Reaction log file
#  Author: LigBuilder V3 User_Diana
#  Creation time: Wed Feb 25 22:11:13 2026
#  Format:
#  QueryMoleculeId/Cost/SynthesizeId/ReactantId1/ReactantId2/ReactantId3.....
#  Id prefix:
#  Q --- Query Molecule
#  M --- Material
#  R --- Reactant
#
Directory      result/synthesize_HsDHODH/43/DATABASE/
#
Q000000001/7.637726/0000/R000000001
M000000006/1.000000/0000/Sigma_BB-28508075
R000000005/1.111111/0091/M000000006
R000000007/1.000000/0000/Guesstimate
R000000008/1.000000/0000/Guesstimate
R000000005/2.222222/0279/R000000007/R000000008
R000000009/1.000000/0000/Guesstimate
R000000004/2.345679/0112/R000000005/R000000009
R000000011/1.000000/0000/Guesstimate
R000000010/1.111111/0040/R000000011
R000000010/1.111111/0197/M000000006
M000000013/1.000000/0000/Sigma_BB-28799125
R000000012/1.111111/0091/M000000013
R000000014/1.000000/0000/Guesstimate
R000000015/1.000000/0000/Guesstimate
R000000012/2.222222/0285/R000000014/R000000015
R000000004/2.469136/0112/R000000010/R000000012
R000000016/1.000000/0000/Guesstimate
R000000003/3.717421/0003/R000000004/R000000016
R000000018/2.345679/0003/R000000010/R000000016
R000000020/1.000000/0000/Guesstimate
R000000021/1.000000/0000/Guesstimate
R000000019/2.222222/0004/R000000020/R000000021
R000000022/1.000000/0000/Guesstimate
R000000018/3.580247/0049/R000000019/R000000022
R000000017/3.717421/0112/R000000018/R000000014
R000000023/2.345679/0003/R000000005/R000000016
R000000025/1.000000/0000/Guesstimate
R000000024/2.345679/0003/R000000005/R000000025
R000000023/2.606310/0059/R000000024
R000000026/1.000000/0000/Guesstimate
R000000017/3.717421/0112/R000000023/R000000026
R000000003/5.241580/0012/R000000017/R000000015
R000000029/1.000000/0000/Guesstimate
M000000030/1.000000/0000/Sigma_BB-28849573
R000000028/2.222222/0056/R000000029/M000000030
R000000027/2.469136/0295/R000000028
R000000002/6.873953/0279/R000000003/R000000027
R000000002/6.873953/0279/R000000003/R000000027
R000000001/7.637726/0112/R000000002
R000000035/1.000000/0000/Guesstimate
R000000034/2.345679/0112/R000000010/R000000035
M000000036/1.000000/0000/Sigma_BB-187184637
R000000033/3.717421/0003/R000000034/M000000036
R000000032/5.241580/0012/R000000033/R000000015
R000000032/5.241580/0285/R000000033/R000000015
R000000031/7.058546/0279/R000000032/R000000012
R000000031/7.058546/0279/R000000032/R000000012
R000000001/7.842829/0112/R000000031
Q000000002/Analysis Failed
Q000000003/Analysis Failed
<NEXT>