#
#  Reaction log file
#  Author: LigBuilder V3 User_Diana
#  Creation time: Wed Feb 25 22:10:08 2026
#  Format:
#  QueryMoleculeId/Cost/SynthesizeId/ReactantId1/ReactantId2/ReactantId3.....
#  Id prefix:
#  Q --- Query Molecule
#  M --- Material
#  R --- Reactant
#
Directory      result/synthesize_HsDHODH/28/DATABASE/
#
Q000000001/7.026369/0000/R000000001
R000000005/1.000000/0000/Guesstimate
R000000006/1.000000/0000/Guesstimate
R000000004/2.222222/0279/R000000005/R000000006
R000000004/2.222222/0279/R000000005/R000000006
R000000007/1.000000/0000/Guesstimate
R000000008/1.000000/0000/Guesstimate
R000000003/4.691358/0225/R000000004/R000000007/R000000008
R000000003/4.691358/0225/R000000004/R000000007/R000000008
R000000009/1.000000/0000/Guesstimate
R000000002/6.323731/0159/R000000003/R000000009
R000000012/1.000000/0000/Guesstimate
R000000013/1.000000/0000/Guesstimate
R000000011/2.222222/0285/R000000012/R000000013
R000000010/2.469136/0079/R000000011
R000000015/1.000000/0000/Guesstimate
R000000014/2.222222/0279/R000000005/R000000015
R000000014/2.222222/0279/R000000005/R000000015
R000000010/2.469136/0082/R000000014
R000000018/1.000000/0000/Guesstimate
R000000019/1.000000/0000/Guesstimate
R000000017/3.333333/0225/R000000018/R000000019/R000000008
R000000017/3.333333/0225/R000000018/R000000019/R000000008
R000000016/3.703704/0147/R000000017
R000000021/1.000000/0000/Guesstimate
R000000020/3.333333/0225/R000000021/R000000007/R000000008
R000000020/3.333333/0225/R000000021/R000000007/R000000008
R000000016/3.703704/0147/R000000020
R000000002/6.858711/0159/R000000010/R000000016
R000000001/7.026369/0287/R000000002
Q000000002/7.026369/0000/R000000001
Q000000003/Analysis Failed
<NEXT>