#
#  Reaction log file
#  Author: LigBuilder V3 User_Diana
#  Creation time: Wed Feb 25 22:17:46 2026
#  Format:
#  QueryMoleculeId/Cost/SynthesizeId/ReactantId1/ReactantId2/ReactantId3.....
#  Id prefix:
#  Q --- Query Molecule
#  M --- Material
#  R --- Reactant
#
Directory      result/synthesize_HsDHODH/235/DATABASE/
#
Q000000001/7.315958/0000/R000000001
R000000005/1.000000/0000/Guesstimate
R000000004/1.111111/0283/R000000005
R000000006/1.000000/0000/Guesstimate
R000000007/1.000000/0000/Guesstimate
R000000004/2.222222/0112/R000000006/R000000007
R000000009/1.000000/0000/Guesstimate
R000000010/1.000000/0000/Guesstimate
R000000008/2.222222/0279/R000000009/R000000010
R000000008/2.222222/0279/R000000009/R000000010
R000000003/3.703704/0159/R000000004/R000000008
R000000012/1.000000/0000/Guesstimate
R000000013/1.000000/0000/Guesstimate
R000000011/2.222222/0170/R000000012/R000000013
R000000015/1.000000/0000/Guesstimate
R000000014/2.222222/0170/R000000012/R000000015
R000000016/1.000000/0000/Guesstimate
R000000017/1.000000/0000/Guesstimate
R000000014/2.222222/0170/R000000016/R000000017
R000000011/2.469136/0147/R000000014
R000000002/6.584363/0003/R000000003/R000000011
R000000020/1.000000/0000/Guesstimate
R000000019/2.222222/0279/R000000009/R000000020
R000000019/2.222222/0279/R000000009/R000000020
R000000018/3.703704/0159/R000000004/R000000019
R000000023/1.000000/0000/Guesstimate
R000000022/2.222222/0170/R000000023/R000000015
R000000024/1.000000/0000/Guesstimate
R000000022/2.222222/0170/R000000024/R000000017
R000000021/2.469136/0147/R000000022
R000000026/1.000000/0000/Guesstimate
R000000027/1.000000/0000/Guesstimate
R000000025/2.222222/0018/R000000026/R000000027
R000000028/1.000000/0000/Guesstimate
R000000025/2.222222/0170/R000000028/R000000013
R000000021/2.469136/0155/R000000025
R000000002/6.858711/0112/R000000018/R000000021
R000000001/7.315958/0147/R000000002
R000000030/4.115227/0197/R000000003
R000000032/2.469136/0125/R000000011
R000000033/1.000000/0000/Guesstimate
R000000032/3.580247/0112/R000000011/R000000033
R000000031/2.743484/0040/R000000032
R000000035/1.000000/0000/Guesstimate
R000000034/3.854596/0004/R000000021/R000000035
R000000036/1.000000/0000/Guesstimate
R000000037/1.000000/0000/Guesstimate
R000000034/4.965707/0225/R000000021/R000000036/R000000037
R000000031/4.282884/0073/R000000034
R000000029/7.620790/0003/R000000030/R000000031
R000000038/4.115227/0079/R000000018
R000000038/5.226338/0112/R000000018/R000000037
R000000040/3.048316/0093/R000000031
R000000040/3.580247/0004/R000000011/R000000035
R000000039/3.387018/0085/R000000040
R000000041/1.000000/0000/Guesstimate
R000000039/3.580247/0004/R000000011/R000000041
R000000029/8.335828/0049/R000000038/R000000039
R000000001/8.467546/0147/R000000029
Q000000002/5.807042/0000/R000000042
R000000043/5.226338/0003/R000000003/R000000016
R000000045/4.115227/0092/R000000018
R000000045/5.683586/0004/R000000030/R000000035
R000000044/4.572474/0085/R000000045
R000000044/5.683586/0004/R000000030/R000000041
R000000046/1.000000/0000/Guesstimate
R000000043/6.191638/0049/R000000044/R000000046
R000000042/5.807042/0147/R000000043
R000000050/1.000000/0000/Guesstimate
R000000049/1.111111/0040/R000000050
R000000051/1.000000/0000/Guesstimate
R000000049/2.222222/0004/R000000051/R000000035
R000000048/5.807042/0212/R000000045/R000000049
R000000048/5.807042/0212/R000000045/R000000049
R000000047/6.452269/0125/R000000048
R000000047/7.563380/0112/R000000048/R000000033
R000000042/7.169188/0059/R000000047
Q000000003/5.807042/0000/R000000042
<NEXT>