#
#  Reaction log file
#  Author: LigBuilder V3 User_Diana
#  Creation time: Wed Feb 25 22:13:14 2026
#  Format:
#  QueryMoleculeId/Cost/SynthesizeId/ReactantId1/ReactantId2/ReactantId3.....
#  Id prefix:
#  Q --- Query Molecule
#  M --- Material
#  R --- Reactant
#
Directory      result/synthesize_HsDHODH/113/DATABASE/
#
Q000000001/6.096632/0000/R000000001
R000000005/1.000000/0000/Guesstimate
R000000006/1.000000/0000/Guesstimate
R000000004/2.222222/0279/R000000005/R000000006
R000000004/2.222222/0279/R000000005/R000000006
R000000008/1.000000/0000/Guesstimate
R000000009/1.000000/0000/Guesstimate
R000000007/2.222222/0003/R000000008/R000000009
R000000010/1.000000/0000/Guesstimate
R000000007/2.222222/0277/R000000010/R000000009
R000000003/4.938272/0159/R000000004/R000000007
R000000012/1.000000/0000/Guesstimate
R000000011/3.580247/0159/R000000004/R000000012
R000000013/9.200000/0000/Guesstimate
R000000011/9.200000/0114/R000000013
R000000003/5.089163/0301/R000000011/R000000009
R000000002/5.486969/0287/R000000003
R000000014/3.978053/0287/R000000011
R000000002/5.531170/0301/R000000014/R000000009
R000000001/6.096632/0024/R000000002
R000000018/1.000000/0000/Guesstimate
R000000017/2.222222/0279/R000000018/R000000006
R000000017/2.222222/0279/R000000018/R000000006
R000000016/4.938272/0159/R000000017/R000000007
R000000020/1.000000/0000/Guesstimate
R000000021/1.000000/0000/Guesstimate
R000000019/2.222222/0159/R000000020/R000000021
R000000022/1.000000/0000/Guesstimate
R000000019/3.580247/0159/R000000017/R000000022
R000000024/1.000000/0000/Guesstimate
R000000025/1.000000/0000/Guesstimate
R000000023/2.222222/0277/R000000024/R000000025
R000000026/1.000000/0000/Guesstimate
R000000023/2.222222/0301/R000000026/R000000025
R000000016/4.938272/0175/R000000019/R000000023
R000000015/5.486969/0287/R000000016
R000000028/3.580247/0175/R000000019/R000000026
R000000028/3.580247/0290/R000000019/R000000026
R000000027/3.978053/0287/R000000028
R000000031/6.700000/0000/Guesstimate
R000000030/7.444445/0114/R000000031
R000000029/9.382716/0175/R000000030/R000000026
R000000029/9.382716/0290/R000000030/R000000026
R000000027/9.382716/0217/R000000029
R000000015/5.531170/0301/R000000027/R000000025
R000000001/6.096632/0040/R000000015
Q000000002/4.420059/0000/R000000032
R000000035/1.000000/0000/Guesstimate
R000000034/3.580247/0159/R000000004/R000000035
R000000037/1.000000/0000/Guesstimate
R000000038/1.000000/0000/Guesstimate
R000000036/2.222222/0012/R000000037/R000000038
R000000039/1.000000/0000/Guesstimate
R000000036/2.222222/0279/R000000005/R000000039
R000000034/3.580247/0159/R000000036/R000000021
R000000033/3.978053/0287/R000000034
R000000032/4.420059/0024/R000000033
R000000041/3.580247/0159/R000000017/R000000035
R000000043/1.000000/0000/Guesstimate
R000000042/2.222222/0012/R000000043/R000000038
R000000042/2.222222/0279/R000000018/R000000039
R000000041/3.580247/0159/R000000042/R000000021
R000000040/3.978053/0287/R000000041
R000000046/1.000000/0000/Guesstimate
R000000045/3.580247/0159/R000000017/R000000046
R000000044/3.978053/0287/R000000045
R000000040/4.420059/0300/R000000044
R000000032/4.420059/0040/R000000040
Q000000003/6.096632/0000/R000000001
<NEXT>