#
#  Reaction log file
#  Author: LigBuilder V3 User_Diana
#  Creation time: Wed Feb 25 22:18:22 2026
#  Format:
#  QueryMoleculeId/Cost/SynthesizeId/ReactantId1/ReactantId2/ReactantId3.....
#  Id prefix:
#  Q --- Query Molecule
#  M --- Material
#  R --- Reactant
#
Directory      result/synthesize_HsDHODH/248/DATABASE/
#
Q000000001/5.944217/0000/R000000001
M000000005/1.000000/0000/Sigma_BB-308324375
R000000006/1.000000/0000/Guesstimate
R000000004/2.222222/0112/M000000005/R000000006
M000000007/1.000000/0000/Sigma_BB-28766578
R000000004/2.222222/0174/M000000007/R000000006
R000000003/2.469136/0147/R000000004
M000000009/1.000000/0000/Sigma_BB-28423565
R000000008/2.222222/0175/M000000009/R000000006
R000000008/2.222222/0290/M000000009/R000000006
R000000010/1.000000/0000/Guesstimate
R000000003/3.580247/0119/R000000008/R000000010
R000000012/1.000000/0000/Guesstimate
M000000014/1.000000/0000/Sigma_BB-28780447
R000000013/1.111111/0247/M000000014
R000000015/1.000000/0000/Guesstimate
R000000016/1.000000/0000/Guesstimate
R000000013/2.222222/0112/R000000015/R000000016
R000000011/2.345679/0049/R000000012/R000000013
R000000018/1.000000/0000/Guesstimate
R000000017/2.222222/0004/R000000018/R000000016
R000000019/1.000000/0000/Guesstimate
R000000020/1.000000/0000/Guesstimate
R000000017/3.333333/0225/R000000016/R000000019/R000000020
R000000011/2.469136/0204/R000000017
R000000002/5.349795/0122/R000000003/R000000011
R000000002/5.349795/0122/R000000003/R000000011
R000000001/5.944217/0024/R000000002
R000000023/2.469136/0091/R000000008
R000000025/1.000000/0000/Guesstimate
R000000024/1.111111/0287/R000000025
R000000022/3.978053/0112/R000000023/R000000024
R000000028/1.000000/0000/Guesstimate
R000000027/2.222222/0174/R000000028/R000000025
R000000027/2.222222/0289/R000000028/R000000025
R000000026/2.469136/0197/R000000027
R000000029/7.400000/0000/Guesstimate
R000000026/8.222222/0091/R000000029
M000000031/1.000000/0000/Sigma_BB-28760249
R000000030/2.222222/0175/M000000031/R000000006
R000000030/2.469136/0197/R000000008
R000000022/5.212621/0112/R000000026/R000000030
R000000021/7.026369/0122/R000000022/R000000011
R000000032/5.075447/0122/R000000030/R000000011
R000000032/5.075447/0122/R000000030/R000000011
R000000021/8.382870/0112/R000000026/R000000032
R000000001/7.807076/0025/R000000021
Q000000002/5.944217/0000/R000000001
Q000000003/5.944217/0000/R000000001
Q000000004/6.096632/0000/R000000033
R000000037/1.000000/0000/Guesstimate
R000000036/2.222222/0004/R000000037/R000000016
R000000038/1.000000/0000/Guesstimate
R000000036/3.333333/0225/R000000016/R000000038/R000000020
R000000035/2.469136/0204/R000000036
R000000040/1.000000/0000/Guesstimate
R000000039/2.222222/0112/R000000040/R000000016
R000000035/3.580247/0049/R000000012/R000000039
R000000034/5.486969/0122/R000000003/R000000035
R000000034/5.486969/0122/R000000003/R000000035
R000000033/6.096632/0024/R000000034
R000000041/7.163543/0122/R000000022/R000000035
R000000042/5.212621/0122/R000000030/R000000035
R000000042/5.212621/0122/R000000030/R000000035
R000000041/8.535286/0112/R000000026/R000000042
R000000033/7.959492/0025/R000000041
<NEXT>