#
#  Reaction log file
#  Author: LigBuilder V3 User_Diana
#  Creation time: Wed Feb 25 22:18:08 2026
#  Format:
#  QueryMoleculeId/Cost/SynthesizeId/ReactantId1/ReactantId2/ReactantId3.....
#  Id prefix:
#  Q --- Query Molecule
#  M --- Material
#  R --- Reactant
#
Directory      result/synthesize_HsDHODH/254/DATABASE/
#
Q000000001/6.113567/0000/R000000001
M000000006/1.000000/0000/Sigma_BB-152390897
R000000005/1.111111/0287/M000000006
R000000004/1.234568/0299/R000000005
R000000007/1.000000/0000/Guesstimate
R000000003/2.482853/0231/R000000004/R000000007
R000000009/1.000000/0000/Guesstimate
R000000008/2.482853/0231/R000000004/R000000009
R000000010/2.345679/0231/R000000005/R000000009
R000000008/2.606310/0299/R000000010
R000000011/1.000000/0000/Guesstimate
R000000003/3.869837/0279/R000000008/R000000011
R000000014/1.000000/0000/Guesstimate
R000000015/1.000000/0000/Guesstimate
R000000013/2.222222/0279/R000000014/R000000015
R000000013/2.222222/0279/R000000014/R000000015
R000000012/2.469136/0224/R000000013
R000000012/9.200000/0090/R000000016
R000000002/5.502210/0301/R000000003/R000000012
R000000002/5.502210/0301/R000000003/R000000012
R000000001/6.113567/0294/R000000002
R000000020/1.000000/0000/Guesstimate
R000000019/2.482853/0231/R000000004/R000000020
R000000018/2.758726/0040/R000000019
R000000022/1.000000/0000/Guesstimate
R000000021/2.482853/0231/R000000004/R000000022
R000000018/2.758726/0092/R000000021
R000000024/2.743484/0118/R000000012
R000000025/1.000000/0000/Guesstimate
R000000024/3.854596/0112/R000000012/R000000025
R000000023/3.048316/0040/R000000024
R000000027/1.000000/0000/Guesstimate
R000000026/3.854596/0301/R000000012/R000000027
R000000026/3.854596/0301/R000000012/R000000027
R000000023/4.282884/0073/R000000026
R000000017/6.452269/0212/R000000018/R000000023
R000000017/6.452269/0212/R000000018/R000000023
R000000001/7.169188/0294/R000000017
Q000000002/6.113567/0000/R000000001
Q000000003/6.113567/0000/R000000001
Q000000004/6.113567/0000/R000000001
<NEXT>