#
#  Reaction log file
#  Author: LigBuilder V3 User_Diana
#  Creation time: Wed Feb 25 22:10:00 2026
#  Format:
#  QueryMoleculeId/Cost/SynthesizeId/ReactantId1/ReactantId2/ReactantId3.....
#  Id prefix:
#  Q --- Query Molecule
#  M --- Material
#  R --- Reactant
#
Directory      result/synthesize_HsDHODH/4/DATABASE/
#
Q000000001/5.993328/0000/R000000001
R000000003/1.000000/0000/Guesstimate
R000000007/1.000000/0000/Guesstimate
R000000008/1.000000/0000/Guesstimate
R000000006/2.222222/0279/R000000007/R000000008
R000000006/2.222222/0279/R000000007/R000000008
R000000005/2.469136/0125/R000000006
R000000009/1.000000/0000/Guesstimate
R000000005/3.580247/0112/R000000006/R000000009
M000000010/1.000000/0000/Sigma_BB-27950675
R000000004/3.854596/0224/R000000005/M000000010
R000000012/1.000000/0000/Guesstimate
R000000011/3.854596/0224/R000000005/R000000012
M000000013/1.000000/0000/Sigma_BB-41221870
R000000004/5.393995/0301/R000000011/M000000013
R000000002/5.393995/0159/R000000003/R000000004
R000000014/3.580247/0159/R000000003/R000000006
R000000016/1.000000/0000/Guesstimate
R000000017/1.000000/0000/Guesstimate
R000000015/2.222222/0012/R000000016/R000000017
R000000015/2.222222/0285/R000000016/R000000017
R000000018/1.000000/0000/Guesstimate
R000000014/3.580247/0159/R000000015/R000000018
R000000021/1.000000/0000/Guesstimate
M000000022/1.000000/0000/Sigma_BB-30415280
R000000020/2.222222/0112/R000000021/M000000022
R000000024/1.000000/0000/Guesstimate
R000000025/1.000000/0000/Guesstimate
R000000023/2.222222/0170/R000000024/R000000025
R000000026/1.000000/0000/Guesstimate
R000000023/2.222222/0170/R000000012/R000000026
M000000027/1.000000/0000/Sigma_BB-28438493
R000000020/3.580247/0112/R000000023/M000000027
R000000019/2.469136/0147/R000000020
R000000029/1.000000/0000/Guesstimate
R000000028/2.222222/0170/M000000010/R000000029
R000000030/1.000000/0000/Guesstimate
M000000031/1.000000/0000/Sigma_BB-87886984
R000000028/2.222222/0170/R000000030/M000000031
R000000019/2.469136/0155/R000000028
R000000002/6.721537/0112/R000000014/R000000019
R000000001/5.993328/0147/R000000002
R000000034/3.978053/0092/R000000014
R000000036/1.000000/0000/Guesstimate
R000000035/1.111111/0040/R000000036
R000000037/1.000000/0000/Guesstimate
R000000035/2.222222/0170/R000000037/R000000025
R000000033/5.654626/0212/R000000034/R000000035
R000000033/5.654626/0212/R000000034/R000000035
R000000032/7.394030/0112/R000000033/M000000022
M000000040/1.000000/0000/Sigma_BB-28760789
R000000039/1.111111/0086/M000000040
R000000039/1.111111/0091/M000000040
R000000038/5.654626/0212/R000000034/R000000039
R000000041/6.447188/0112/R000000014/R000000023
R000000038/7.163543/0147/R000000041
R000000032/7.394030/0112/R000000038/M000000027
R000000001/8.215589/0147/R000000032
Q000000002/5.993328/0000/R000000001
Q000000003/7.587340/0000/R000000042
R000000048/1.000000/0000/Guesstimate
R000000047/3.580247/0159/R000000048/R000000006
R000000049/1.000000/0000/Guesstimate
R000000047/5.089163/0119/R000000014/R000000049
R000000046/3.978053/0092/R000000047
R000000051/1.000000/0000/Guesstimate
R000000050/5.089163/0275/R000000047/R000000051
R000000050/5.089163/0276/R000000014/R000000049
R000000046/5.654626/0093/R000000050
R000000045/4.420059/0093/R000000046
M000000052/1.000000/0000/Sigma_BB-28247348
R000000045/5.531170/0212/R000000046/M000000052
R000000044/4.911177/0024/R000000045
R000000053/4.420059/0197/R000000034
R000000053/4.420059/0197/R000000034
R000000054/1.000000/0000/Guesstimate
R000000044/6.022288/0004/R000000053/R000000054
R000000057/1.000000/0000/Guesstimate
R000000056/1.111111/0288/R000000057
R000000055/1.234568/0295/R000000056
R000000043/6.828606/0004/R000000044/R000000055
R000000059/2.345679/0004/R000000054/R000000056
R000000060/1.000000/0000/Guesstimate
R000000059/3.456790/0225/R000000060/R000000056/R000000051
R000000058/2.606310/0295/R000000059
R000000062/1.000000/0000/Guesstimate
R000000061/2.482853/0003/R000000055/R000000062
R000000058/2.758726/0040/R000000061
R000000043/7.807077/0004/R000000053/R000000058
R000000042/7.587340/0153/R000000043
R000000065/4.951990/0225/R000000006/R000000055/R000000051
R000000065/4.951990/0225/R000000006/R000000055/R000000051
R000000064/5.502211/0153/R000000065
R000000063/7.224679/0159/R000000003/R000000064
R000000067/4.951990/0225/R000000015/R000000055/R000000051
R000000067/4.951990/0225/R000000015/R000000055/R000000051
R000000066/5.502211/0153/R000000067
R000000063/7.224679/0159/R000000066/R000000018
R000000042/8.027421/0147/R000000063
<NEXT>