#
#  Reaction log file
#  Author: LigBuilder V3 User_Diana
#  Creation time: Wed Feb 25 22:15:11 2026
#  Format:
#  QueryMoleculeId/Cost/SynthesizeId/ReactantId1/ReactantId2/ReactantId3.....
#  Id prefix:
#  Q --- Query Molecule
#  M --- Material
#  R --- Reactant
#
Directory      result/synthesize_HsDHODH/155/DATABASE/
#
Q000000001/4.589409/0000/R000000001
M000000006/1.000000/0000/Sigma_BB-184423997
R000000005/1.111111/0287/M000000006
R000000004/1.234568/0260/R000000005
R000000007/1.111111/0260/M000000006
R000000004/1.234568/0287/R000000007
R000000003/1.371742/0114/R000000004
R000000008/1.234568/0114/R000000005
R000000003/1.371742/0260/R000000008
R000000010/1.000000/0000/Guesstimate
R000000012/1.000000/0000/Guesstimate
R000000011/1.111111/0228/R000000012
R000000013/1.000000/0000/Guesstimate
R000000011/1.111111/0228/R000000013
R000000009/2.345679/0112/R000000010/R000000011
R000000009/9.300000/0090/R000000014
R000000002/4.130468/0122/R000000003/R000000009
R000000017/1.000000/0000/Guesstimate
R000000016/2.345679/0112/R000000017/R000000011
R000000015/2.606310/0099/R000000016
R000000020/1.000000/0000/Guesstimate
R000000019/2.222222/0004/R000000020/R000000012
R000000018/2.469136/0090/R000000019
R000000015/2.743484/0091/R000000018
R000000002/4.267642/0175/R000000004/R000000015
R000000001/4.589409/0090/R000000002
R000000024/1.000000/0000/Guesstimate
R000000025/1.000000/0000/Guesstimate
R000000023/2.222222/0003/R000000024/R000000025
R000000026/1.000000/0000/Guesstimate
R000000023/2.222222/0049/R000000026/R000000020
R000000027/1.000000/0000/Guesstimate
R000000022/3.580247/0012/R000000023/R000000027
R000000029/1.000000/0000/Guesstimate
R000000028/2.222222/0285/R000000029/R000000027
R000000022/3.580247/0112/R000000028/R000000010
M000000032/1.000000/0000/Sigma_BB-128973941
R000000033/1.000000/0000/Guesstimate
R000000031/2.222222/0241/M000000032/R000000033
R000000030/2.469136/0099/R000000031
R000000035/1.000000/0000/Guesstimate
R000000036/1.000000/0000/Guesstimate
R000000034/3.333333/0225/R000000035/R000000012/R000000036
R000000034/3.333333/0225/R000000035/R000000012/R000000036
R000000030/3.703704/0197/R000000034
R000000021/6.721537/0159/R000000022/R000000030
M000000040/1.000000/0000/Sigma_BB-40690240
R000000039/1.111111/0260/M000000040
R000000041/1.000000/0000/Guesstimate
R000000038/2.345679/0175/R000000039/R000000041
R000000038/2.345679/0290/R000000039/R000000041
R000000037/5.075447/0212/R000000038/R000000019
R000000037/5.075447/0212/R000000038/R000000019
R000000021/6.750496/0174/R000000037/R000000010
R000000001/7.468375/0041/R000000021
Q000000002/4.589409/0000/R000000001
Q000000003/4.589409/0000/R000000001
Q000000004/4.589409/0000/R000000001
<NEXT>