#
#  Reaction log file
#  Author: LigBuilder V3 User_Diana
#  Creation time: Wed Feb 25 22:18:46 2026
#  Format:
#  QueryMoleculeId/Cost/SynthesizeId/ReactantId1/ReactantId2/ReactantId3.....
#  Id prefix:
#  Q --- Query Molecule
#  M --- Material
#  R --- Reactant
#
Directory      result/synthesize_HsDHODH/259/DATABASE/
#
Q000000001/7.163543/0000/R000000001
R000000005/1.000000/0000/Guesstimate
R000000006/1.000000/0000/Guesstimate
R000000004/2.222222/0003/R000000005/R000000006
R000000007/1.000000/0000/Guesstimate
R000000008/1.000000/0000/Guesstimate
R000000004/2.222222/0049/R000000007/R000000008
R000000009/1.000000/0000/Guesstimate
R000000003/3.580247/0012/R000000004/R000000009
R000000011/1.000000/0000/Guesstimate
R000000010/2.222222/0285/R000000011/R000000009
R000000012/1.000000/0000/Guesstimate
R000000003/3.580247/0112/R000000010/R000000012
R000000014/1.000000/0000/Guesstimate
R000000013/2.222222/0003/R000000008/R000000014
M000000015/1.000000/0000/Sigma_BB-28775620
R000000016/1.000000/0000/Guesstimate
R000000013/2.222222/0049/M000000015/R000000016
R000000002/6.447188/0159/R000000003/R000000013
R000000019/1.000000/0000/Guesstimate
R000000020/1.000000/0000/Guesstimate
R000000018/2.222222/0285/R000000019/R000000020
R000000017/2.469136/0082/R000000018
R000000021/2.222222/0004/R000000005/R000000008
R000000017/3.580247/0049/R000000021/R000000020
R000000023/1.000000/0000/Guesstimate
R000000025/1.000000/0000/Guesstimate
R000000024/2.222222/0301/R000000025/R000000014
R000000024/2.222222/0301/R000000025/R000000014
R000000022/3.580247/0279/R000000023/R000000024
R000000022/3.580247/0279/R000000023/R000000024
R000000002/6.721537/0159/R000000017/R000000022
R000000001/7.163543/0041/R000000002
R000000029/1.000000/0000/Guesstimate
R000000028/3.580247/0012/R000000004/R000000029
R000000028/3.580247/0285/R000000004/R000000029
R000000030/1.000000/0000/Guesstimate
R000000027/5.089163/0159/R000000028/R000000030
R000000032/1.000000/0000/Guesstimate
R000000033/1.000000/0000/Guesstimate
R000000031/2.222222/0279/R000000032/R000000033
R000000031/2.222222/0279/R000000032/R000000033
R000000027/5.212621/0159/R000000017/R000000031
R000000026/6.765737/0112/R000000027/R000000014
R000000036/1.000000/0000/Guesstimate
R000000035/5.089163/0159/R000000003/R000000036
R000000034/5.654626/0041/R000000035
R000000034/5.654626/0233/R000000035
R000000038/1.000000/0000/Guesstimate
R000000037/1.111111/0087/R000000038
R000000039/1.111111/0040/R000000016
R000000039/1.111111/0085/R000000038
R000000037/1.234568/0086/R000000039
R000000026/7.517486/0112/R000000034/R000000037
R000000001/7.517486/0147/R000000026
Q000000002/7.163543/0000/R000000001
Q000000003/7.163543/0000/R000000001
<NEXT>