#
#  Reaction log file
#  Author: LigBuilder V3 User_Diana
#  Creation time: Wed Feb 25 22:17:43 2026
#  Format:
#  QueryMoleculeId/Cost/SynthesizeId/ReactantId1/ReactantId2/ReactantId3.....
#  Id prefix:
#  Q --- Query Molecule
#  M --- Material
#  R --- Reactant
#
Directory      result/synthesize_HsDHODH/247/DATABASE/
#
Q000000001/4.572474/0000/R000000001
M000000005/1.000000/0000/Sigma_BB-101056790
R000000004/1.111111/0054/M000000005
M000000006/1.000000/0000/Sigma_BB-187825424
R000000007/1.000000/0000/Guesstimate
R000000004/2.222222/0004/M000000006/R000000007
R000000003/1.234568/0009/R000000004
M000000008/1.000000/0000/Sigma_BB-68216625
R000000009/1.000000/0000/Guesstimate
R000000003/2.222222/0003/M000000008/R000000009
M000000012/1.000000/0000/Sigma_BB-28805425
R000000013/1.000000/0000/Guesstimate
R000000011/2.222222/0004/M000000012/R000000013
R000000010/2.469136/0197/R000000011
R000000002/4.115227/0122/R000000003/R000000010
R000000002/4.115227/0122/R000000003/R000000010
R000000001/4.572474/0039/R000000002
M000000017/1.000000/0000/Sigma_BB-28764950
R000000016/2.222222/0004/M000000008/M000000017
R000000015/2.469136/0197/R000000016
R000000019/1.000000/0000/Guesstimate
R000000018/2.222222/0004/M000000012/R000000019
R000000018/2.469136/0039/R000000011
R000000014/5.212621/0212/R000000015/R000000018
R000000014/5.212621/0212/R000000015/R000000018
R000000001/5.791801/0028/R000000014
Q000000002/5.944217/0000/R000000020
M000000024/1.000000/0000/Sigma_BB-308324375
R000000025/1.000000/0000/Guesstimate
R000000023/2.222222/0112/M000000024/R000000025
M000000026/1.000000/0000/Sigma_BB-28766578
R000000023/2.222222/0174/M000000026/R000000025
R000000022/2.469136/0147/R000000023
M000000028/1.000000/0000/Sigma_BB-28423565
R000000027/2.222222/0175/M000000028/R000000025
R000000027/2.222222/0290/M000000028/R000000025
R000000029/1.000000/0000/Guesstimate
R000000022/3.580247/0119/R000000027/R000000029
R000000031/1.000000/0000/Guesstimate
M000000033/1.000000/0000/Sigma_BB-28780447
R000000032/1.111111/0247/M000000033
R000000034/1.000000/0000/Guesstimate
R000000035/1.000000/0000/Guesstimate
R000000032/2.222222/0112/R000000034/R000000035
R000000030/2.345679/0049/R000000031/R000000032
R000000037/1.000000/0000/Guesstimate
R000000036/2.222222/0004/R000000037/R000000035
R000000038/1.000000/0000/Guesstimate
R000000039/1.000000/0000/Guesstimate
R000000036/3.333333/0225/R000000035/R000000038/R000000039
R000000030/2.469136/0204/R000000036
R000000021/5.349795/0122/R000000022/R000000030
R000000021/5.349795/0122/R000000022/R000000030
R000000020/5.944217/0024/R000000021
R000000042/2.469136/0091/R000000027
R000000044/1.000000/0000/Guesstimate
R000000043/1.111111/0287/R000000044
R000000041/3.978053/0112/R000000042/R000000043
R000000047/1.000000/0000/Guesstimate
R000000046/2.222222/0174/R000000047/R000000044
R000000046/2.222222/0289/R000000047/R000000044
R000000045/2.469136/0197/R000000046
R000000048/7.400000/0000/Guesstimate
R000000045/8.222222/0091/R000000048
M000000050/1.000000/0000/Sigma_BB-28760249
R000000049/2.222222/0175/M000000050/R000000025
R000000049/2.469136/0197/R000000027
R000000041/5.212621/0112/R000000045/R000000049
R000000040/7.026369/0122/R000000041/R000000030
R000000051/5.075447/0122/R000000049/R000000030
R000000051/5.075447/0122/R000000049/R000000030
R000000040/8.382870/0112/R000000045/R000000051
R000000020/7.807076/0025/R000000040
Q000000003/5.944217/0000/R000000020
<NEXT>