#
#  Reaction log file
#  Author: LigBuilder V3 User_Diana
#  Creation time: Wed Feb 25 22:16:28 2026
#  Format:
#  QueryMoleculeId/Cost/SynthesizeId/ReactantId1/ReactantId2/ReactantId3.....
#  Id prefix:
#  Q --- Query Molecule
#  M --- Material
#  R --- Reactant
#
Directory      result/synthesize_HsDHODH/211/DATABASE/
#
Q000000001/6.096632/0000/R000000001
R000000005/1.000000/0000/Guesstimate
R000000006/1.000000/0000/Guesstimate
R000000004/2.222222/0285/R000000005/R000000006
R000000003/2.469136/0079/R000000004
R000000008/1.000000/0000/Guesstimate
R000000009/1.000000/0000/Guesstimate
R000000007/2.222222/0279/R000000008/R000000009
R000000007/2.222222/0279/R000000008/R000000009
R000000003/2.469136/0082/R000000007
R000000012/1.000000/0000/Guesstimate
M000000013/1.000000/0000/Sigma_BB-34990228
R000000011/2.222222/0275/R000000012/M000000013
R000000010/2.469136/0188/R000000011
M000000015/1.000000/0000/Sigma_BB-28247348
R000000014/2.222222/0275/R000000012/M000000015
R000000016/1.000000/0000/Guesstimate
R000000017/1.000000/0000/Guesstimate
R000000018/1.000000/0000/Guesstimate
R000000014/3.333333/0225/R000000016/R000000017/R000000018
M000000020/1.000000/0000/Sigma_BB-34990224
R000000019/1.111111/0188/M000000020
M000000022/1.000000/0000/Sigma_BB-156033741
R000000021/1.111111/0188/M000000022
R000000019/1.234568/0024/R000000021
R000000010/3.703704/0212/R000000014/R000000019
R000000002/5.486969/0159/R000000003/R000000010
R000000023/5.212621/0159/R000000003/R000000014
R000000002/7.026369/0212/R000000023/R000000019
R000000001/6.096632/0287/R000000002
Q000000002/6.811670/0000/R000000024
R000000027/3.854596/0159/R000000003/R000000016
R000000026/4.282884/0287/R000000027
R000000030/7.900000/0000/Guesstimate
R000000029/8.777778/0287/R000000030
R000000028/9.753086/0125/R000000029
R000000031/1.000000/0000/Guesstimate
R000000028/9.777778/0112/R000000031/R000000029
R000000026/9.753086/0040/R000000028
M000000034/1.000000/0000/Sigma_BB-102142158
R000000033/1.111111/0093/M000000034
R000000037/1.000000/0000/Guesstimate
R000000038/1.000000/0000/Guesstimate
R000000036/2.222222/0224/R000000037/R000000038
R000000035/2.469136/0112/R000000036
R000000039/7.700000/0000/Guesstimate
R000000035/8.555555/0082/R000000039
R000000033/3.854596/0004/R000000035/R000000016
R000000032/1.234568/0086/R000000033
R000000041/1.000000/0000/Guesstimate
R000000040/2.222222/0224/R000000038/R000000041
R000000040/9.666667/0277/R000000039/R000000012
R000000032/2.469136/0082/R000000040
R000000025/6.130503/0275/R000000026/R000000032
R000000025/8.613356/0225/R000000026/R000000035/R000000017
R000000024/6.811670/0147/R000000025
R000000044/1.000000/0000/Guesstimate
R000000043/5.869872/0275/R000000026/R000000044
R000000045/5.393995/0275/R000000027/R000000044
R000000043/5.993328/0287/R000000045
M000000047/1.000000/0000/Sigma_BB-30449352
R000000046/1.111111/0086/M000000047
R000000046/1.111111/0091/M000000047
R000000042/7.756648/0112/R000000043/R000000046
R000000050/1.000000/0000/Guesstimate
R000000049/5.869872/0275/R000000026/R000000050
R000000048/6.522080/0091/R000000049
R000000051/7.633191/0112/R000000043/R000000050
R000000048/8.481323/0197/R000000051
R000000052/1.111111/0197/M000000047
R000000052/2.743484/0147/R000000035
R000000042/8.481323/0112/R000000048/R000000052
R000000024/8.618498/0147/R000000042
Q000000003/Analysis Failed
<NEXT>