#
#  Reaction log file
#  Author: LigBuilder V3 User_Diana
#  Creation time: Wed Feb 25 22:12:41 2026
#  Format:
#  QueryMoleculeId/Cost/SynthesizeId/ReactantId1/ReactantId2/ReactantId3.....
#  Id prefix:
#  Q --- Query Molecule
#  M --- Material
#  R --- Reactant
#
Directory      result/synthesize_HsDHODH/87/DATABASE/
#
Q000000001/6.096632/0000/R000000001
R000000005/1.000000/0000/Guesstimate
R000000006/1.000000/0000/Guesstimate
R000000004/2.222222/0279/R000000005/R000000006
R000000004/2.222222/0279/R000000005/R000000006
R000000008/1.000000/0000/Guesstimate
R000000009/1.000000/0000/Guesstimate
R000000007/2.222222/0003/R000000008/R000000009
R000000010/1.000000/0000/Guesstimate
R000000007/2.222222/0277/R000000010/R000000009
R000000003/4.938272/0159/R000000004/R000000007
R000000012/1.000000/0000/Guesstimate
R000000011/3.580247/0159/R000000004/R000000012
R000000013/9.200000/0000/Guesstimate
R000000011/9.200000/0114/R000000013
R000000003/5.089163/0301/R000000011/R000000009
R000000002/5.486969/0287/R000000003
R000000014/3.978053/0287/R000000011
R000000002/5.531170/0301/R000000014/R000000009
R000000001/6.096632/0024/R000000002
R000000017/3.978053/0024/R000000011
R000000016/4.420059/0287/R000000017
R000000020/8.400000/0000/Guesstimate
R000000019/9.333333/0114/R000000020
R000000018/9.333333/0125/R000000019
R000000021/1.000000/0000/Guesstimate
R000000023/6.700000/0000/Guesstimate
R000000022/7.444445/0114/R000000023
R000000025/1.000000/0000/Guesstimate
R000000024/8.555555/0175/R000000023/R000000025
R000000024/8.555555/0290/R000000023/R000000025
R000000022/9.506173/0197/R000000024
R000000018/9.382716/0174/R000000021/R000000022
R000000016/9.382716/0040/R000000018
M000000028/1.000000/0000/Sigma_BB-136511827
R000000027/1.111111/0099/M000000028
R000000026/1.234568/0293/R000000027
R000000015/6.282919/0301/R000000016/R000000026
R000000015/6.282919/0301/R000000016/R000000026
R000000001/6.981021/0028/R000000015
Q000000002/8.063173/0000/R000000029
R000000032/1.000000/0000/Guesstimate
R000000031/5.531170/0301/R000000014/R000000032
R000000033/5.089163/0301/R000000011/R000000032
R000000033/5.089163/0301/R000000011/R000000032
R000000031/5.654626/0287/R000000033
R000000034/1.000000/0000/Guesstimate
R000000030/7.256855/0122/R000000031/R000000034
R000000030/7.256855/0122/R000000031/R000000034
R000000029/8.063173/0024/R000000030
R000000038/1.000000/0000/Guesstimate
M000000040/1.000000/0000/Sigma_BB-152394313
R000000039/1.111111/0085/M000000040
R000000037/2.345679/0212/R000000038/R000000039
R000000037/2.345679/0212/R000000038/R000000039
R000000036/2.606310/0155/R000000037
R000000042/1.000000/0000/Guesstimate
R000000041/2.345679/0212/R000000042/R000000039
R000000041/2.345679/0212/R000000042/R000000039
R000000036/2.606310/0156/R000000041
R000000035/7.807077/0301/R000000016/R000000036
R000000043/6.022288/0301/R000000016/R000000032
R000000044/5.531170/0301/R000000017/R000000032
R000000044/5.654626/0024/R000000033
R000000043/6.145744/0287/R000000044
R000000045/1.234568/0197/R000000039
R000000035/8.063173/0301/R000000043/R000000045
R000000029/8.674530/0028/R000000035
Q000000003/7.654661/0000/R000000046
R000000049/1.000000/0000/Guesstimate
R000000050/1.000000/0000/Guesstimate
R000000048/2.222222/0003/R000000049/R000000050
R000000052/1.000000/0000/Guesstimate
M000000053/1.000000/0000/Sigma_BB-30486122
R000000051/2.222222/0004/R000000052/M000000053
M000000054/1.000000/0000/Sigma_BB-28721388
M000000055/1.000000/0000/Sigma_BB-28830272
R000000051/2.222222/0212/M000000054/M000000055
R000000048/2.469136/0009/R000000051
R000000047/6.889194/0122/R000000014/R000000048
R000000056/5.531170/0003/R000000014/R000000049
R000000057/4.420059/0118/R000000014
R000000057/5.531170/0112/R000000014/R000000021
R000000058/1.000000/0000/Guesstimate
R000000056/6.022288/0049/R000000057/R000000058
R000000047/7.256855/0122/R000000056/R000000050
R000000046/7.654661/0024/R000000047
R000000062/1.000000/0000/Guesstimate
M000000063/1.000000/0000/Sigma_BB-332441958
R000000061/2.222222/0301/R000000062/M000000063
R000000061/2.222222/0301/R000000062/M000000063
R000000060/2.469136/0228/R000000061
R000000060/2.469136/0286/R000000061
R000000059/7.654661/0122/R000000016/R000000060
R000000064/6.022288/0003/R000000016/R000000049
M000000066/1.000000/0000/Sigma_BB-30407107
R000000065/6.022288/0301/R000000016/M000000066
R000000065/6.022288/0301/R000000016/M000000066
R000000064/6.691431/0009/R000000065
R000000069/1.000000/0000/Guesstimate
R000000068/2.222222/0301/R000000069/M000000063
R000000068/2.222222/0301/R000000069/M000000063
R000000067/2.469136/0228/R000000068
R000000067/2.469136/0286/R000000068
R000000059/9.434916/0122/R000000064/R000000067
R000000046/8.505178/0028/R000000059
<NEXT>