#
#  Reaction log file
#  Author: LigBuilder V3 User_Diana
#  Creation time: Wed Feb 25 22:15:50 2026
#  Format:
#  QueryMoleculeId/Cost/SynthesizeId/ReactantId1/ReactantId2/ReactantId3.....
#  Id prefix:
#  Q --- Query Molecule
#  M --- Material
#  R --- Reactant
#
Directory      result/synthesize_HsDHODH/173/DATABASE/
#
Q000000001/7.620790/0000/R000000001
R000000005/1.000000/0000/Guesstimate
R000000006/1.000000/0000/Guesstimate
R000000004/2.222222/0285/R000000005/R000000006
R000000003/2.469136/0082/R000000004
R000000008/1.000000/0000/Guesstimate
R000000009/1.000000/0000/Guesstimate
R000000007/2.222222/0004/R000000008/R000000009
R000000003/3.580247/0049/R000000007/R000000006
R000000012/1.000000/0000/Guesstimate
R000000013/1.000000/0000/Guesstimate
R000000011/2.222222/0279/R000000012/R000000013
R000000011/2.222222/0279/R000000012/R000000013
R000000015/1.000000/0000/Guesstimate
R000000014/1.111111/0228/R000000015
R000000016/1.000000/0000/Guesstimate
R000000017/1.000000/0000/Guesstimate
R000000014/2.222222/0276/R000000016/R000000017
R000000010/3.703704/0274/R000000011/R000000014
R000000018/3.580247/0274/R000000011/R000000017
R000000010/5.089163/0276/R000000018/R000000016
R000000002/6.858711/0159/R000000003/R000000010
R000000021/1.000000/0000/Guesstimate
R000000020/2.222222/0003/R000000008/R000000021
R000000022/1.000000/0000/Guesstimate
R000000020/2.222222/0049/R000000022/R000000009
R000000023/1.000000/0000/Guesstimate
R000000019/3.580247/0012/R000000020/R000000023
R000000025/1.000000/0000/Guesstimate
R000000024/2.222222/0285/R000000025/R000000023
R000000026/1.000000/0000/Guesstimate
R000000019/3.580247/0112/R000000024/R000000026
R000000028/1.000000/0000/Guesstimate
R000000030/1.000000/0000/Guesstimate
R000000029/2.222222/0276/R000000030/R000000016
R000000029/2.222222/0278/R000000030/R000000016
R000000027/3.580247/0112/R000000028/R000000029
R000000031/1.000000/0000/Guesstimate
R000000033/1.000000/0000/Guesstimate
R000000032/2.222222/0276/R000000016/R000000033
R000000032/2.222222/0278/R000000016/R000000033
R000000027/3.580247/0112/R000000031/R000000032
R000000002/7.956105/0159/R000000019/R000000027
R000000001/7.620790/0041/R000000002
R000000037/1.000000/0000/Guesstimate
R000000036/5.089163/0159/R000000019/R000000037
R000000036/5.212621/0159/R000000003/R000000011
R000000035/5.654626/0041/R000000036
R000000035/5.654626/0233/R000000036
R000000039/1.000000/0000/Guesstimate
R000000038/2.222222/0112/R000000039/R000000031
M000000041/1.000000/0000/Sigma_BB-28799125
R000000040/2.222222/0280/M000000041/R000000017
R000000040/2.345679/0285/R000000014/R000000006
R000000038/2.469136/0082/R000000040
R000000034/8.752054/0274/R000000035/R000000038
R000000043/6.721537/0159/R000000003/R000000018
R000000043/6.765737/0274/R000000036/R000000017
R000000042/7.468375/0041/R000000043
R000000042/7.468375/0233/R000000043
M000000045/1.000000/0000/Sigma_BB-28777622
R000000044/1.111111/0091/M000000045
R000000046/1.111111/0091/M000000041
R000000046/2.222222/0285/R000000016/R000000006
R000000044/1.234568/0082/R000000046
R000000034/9.532763/0276/R000000042/R000000044
R000000001/9.724504/0147/R000000034
Q000000002/4.420058/0000/R000000047
M000000051/1.000000/0000/Sigma_BB-311208906
R000000050/1.111111/0114/M000000051
R000000052/1.000000/0000/Guesstimate
M000000054/1.000000/0000/Sigma_BB-28426400
R000000053/1.111111/0114/M000000054
M000000056/1.000000/0000/Sigma_BB-371180382
R000000055/1.111111/0093/M000000056
M000000057/1.000000/0000/Sigma_BB-30391580
R000000058/1.000000/0000/Guesstimate
R000000055/2.222222/0004/M000000057/R000000058
R000000053/1.234568/0197/R000000055
R000000050/2.345679/0112/R000000052/R000000053
R000000049/2.345679/0012/R000000050/R000000006
R000000059/1.000000/0000/Guesstimate
R000000049/2.345679/0112/R000000059/R000000053
R000000062/1.000000/0000/Guesstimate
R000000061/1.111111/0291/R000000062
R000000061/1.111111/0291/R000000062
R000000060/1.234568/0118/R000000061
R000000060/2.345679/0112/R000000026/R000000061
R000000048/3.978052/0122/R000000049/R000000060
R000000048/3.978052/0122/R000000049/R000000060
R000000047/4.420058/0090/R000000048
R000000065/2.222222/0112/R000000059/M000000057
R000000066/2.222222/0112/R000000052/M000000057
M000000067/1.000000/0000/Sigma_BB-88360669
R000000066/2.222222/0174/R000000052/M000000067
R000000065/3.580247/0012/R000000066/R000000006
R000000064/3.580247/0003/R000000065/R000000021
R000000069/1.000000/0000/Guesstimate
R000000068/3.717421/0004/R000000049/R000000069
R000000068/3.717421/0277/R000000049/R000000069
R000000064/4.130468/0009/R000000068
R000000071/1.111111/0288/R000000062
R000000072/1.000000/0000/Guesstimate
R000000071/2.345679/0274/R000000061/R000000072
R000000070/1.234568/0295/R000000071
R000000063/5.349795/0256/R000000064/R000000070
R000000075/1.000000/0000/Guesstimate
R000000074/2.345679/0301/R000000075/R000000071
R000000074/2.345679/0301/R000000075/R000000071
R000000073/2.606310/0295/R000000074
R000000076/2.482853/0256/R000000006/R000000070
R000000073/2.758726/0293/R000000076
R000000063/5.502210/0301/R000000049/R000000073
R000000047/5.944217/0155/R000000063
Q000000003/5.654626/0000/R000000077
R000000080/1.000000/0000/Guesstimate
R000000082/1.000000/0000/Guesstimate
R000000081/2.222222/0279/R000000082/R000000012
R000000081/2.222222/0279/R000000082/R000000012
R000000079/3.580247/0159/R000000080/R000000081
R000000084/1.000000/0000/Guesstimate
R000000083/2.222222/0012/R000000084/R000000023
R000000083/2.222222/0285/R000000084/R000000023
R000000079/3.580247/0159/R000000083/R000000025
R000000085/1.000000/0000/Guesstimate
R000000078/5.089163/0112/R000000079/R000000085
R000000088/1.000000/0000/Guesstimate
R000000089/1.000000/0000/Guesstimate
R000000087/2.222222/0081/R000000088/R000000089
R000000090/1.000000/0000/Guesstimate
R000000087/2.222222/0210/R000000088/R000000090
R000000086/2.469136/0091/R000000087
R000000092/1.000000/0000/Guesstimate
R000000091/2.222222/0112/R000000092/R000000085
R000000086/2.469136/0197/R000000091
R000000095/1.000000/0000/Guesstimate
R000000094/1.111111/0125/R000000095
R000000094/2.222222/0112/R000000095/R000000026
R000000093/2.345679/0159/R000000094/R000000025
R000000093/3.580247/0159/R000000052/R000000081
R000000078/5.349795/0112/R000000086/R000000093
R000000077/5.654626/0059/R000000078
R000000099/1.000000/0000/Guesstimate
R000000098/2.222222/0256/R000000099/R000000085
R000000097/2.469136/0219/R000000098
R000000100/8.200000/0000/Guesstimate
R000000097/9.111111/0139/R000000100
R000000103/1.000000/0000/Guesstimate
R000000102/3.580247/0159/R000000103/R000000081
R000000101/3.978053/0059/R000000102
R000000104/1.000000/0000/Guesstimate
R000000101/5.089163/0224/R000000102/R000000104
R000000096/7.163543/0231/R000000097/R000000101
R000000077/7.959492/0082/R000000096
<NEXT>