#
#  Reaction log file
#  Author: LigBuilder V3 User_Diana
#  Creation time: Wed Feb 25 22:11:55 2026
#  Format:
#  QueryMoleculeId/Cost/SynthesizeId/ReactantId1/ReactantId2/ReactantId3.....
#  Id prefix:
#  Q --- Query Molecule
#  M --- Material
#  R --- Reactant
#
Directory      result/synthesize_HsDHODH/71/DATABASE/
#
Q000000001/5.075447/0000/R000000001
M000000004/1.000000/0000/Sigma_BB-28798855
R000000003/1.111111/0114/M000000004
M000000006/1.000000/0000/Sigma_BB-159729459
R000000007/1.000000/0000/Guesstimate
R000000005/2.222222/0004/M000000006/R000000007
R000000008/1.000000/0000/Guesstimate
R000000005/2.222222/0175/M000000004/R000000008
R000000003/2.469136/0197/R000000005
R000000009/1.000000/0000/Guesstimate
R000000002/2.345679/0003/R000000003/R000000009
R000000010/2.469136/0093/R000000005
M000000011/1.000000/0000/Sigma_BB-28247348
R000000010/3.580247/0212/R000000005/M000000011
R000000012/1.000000/0000/Guesstimate
R000000002/3.854596/0003/R000000010/R000000012
R000000014/1.000000/0000/Guesstimate
R000000015/1.000000/0000/Guesstimate
R000000013/2.222222/0004/R000000014/R000000015
M000000017/1.000000/0000/Sigma_BB-28516749
R000000018/1.000000/0000/Guesstimate
R000000016/2.222222/0170/M000000017/R000000018
R000000019/1.000000/0000/Guesstimate
R000000016/2.222222/0277/R000000019/R000000015
R000000013/2.469136/0024/R000000016
R000000001/5.075447/0049/R000000002/R000000013
R000000022/1.000000/0000/Guesstimate
R000000021/2.345679/0003/R000000003/R000000022
R000000023/2.743484/0086/R000000010
R000000023/2.743484/0091/R000000010
R000000024/1.000000/0000/Guesstimate
R000000021/4.159427/0003/R000000023/R000000024
R000000020/5.075447/0049/R000000021/R000000013
M000000027/1.000000/0000/Sigma_BB-28510867
R000000026/2.222222/0170/M000000027/R000000018
R000000025/4.938272/0212/R000000005/R000000026
R000000029/1.000000/0000/Guesstimate
R000000028/2.222222/0001/R000000014/R000000029
R000000030/1.000000/0000/Guesstimate
R000000028/2.222222/0004/R000000014/R000000030
R000000025/5.212621/0212/R000000010/R000000028
R000000020/6.598080/0003/R000000025/R000000024
R000000001/5.639385/0041/R000000020
Q000000002/4.420059/0000/R000000031
R000000035/1.000000/0000/Guesstimate
R000000036/1.000000/0000/Guesstimate
R000000034/2.222222/0279/R000000035/R000000036
R000000034/2.222222/0279/R000000035/R000000036
R000000037/1.000000/0000/Guesstimate
R000000033/3.580247/0159/R000000034/R000000037
R000000039/1.000000/0000/Guesstimate
R000000038/2.222222/0279/R000000035/R000000039
R000000038/2.222222/0279/R000000035/R000000039
R000000040/1.000000/0000/Guesstimate
R000000033/3.580247/0159/R000000038/R000000040
R000000032/3.978053/0287/R000000033
R000000043/1.000000/0000/Guesstimate
R000000042/3.580247/0159/R000000038/R000000043
R000000041/3.978053/0287/R000000042
R000000032/4.420059/0287/R000000041
R000000031/4.420059/0024/R000000032
R000000046/1.000000/0000/Guesstimate
R000000047/4.420059/0193/R000000032
R000000045/6.022288/0231/R000000046/R000000047
R000000049/1.000000/0000/Guesstimate
R000000051/6.700000/0000/Guesstimate
R000000050/7.444445/0287/R000000051
R000000052/6.700000/0000/Guesstimate
R000000050/7.444445/0287/R000000052
R000000048/9.382716/0175/R000000049/R000000050
R000000048/9.382716/0290/R000000049/R000000050
R000000045/9.382716/0139/R000000048
R000000044/6.691431/0082/R000000045
R000000054/8.400000/0000/Guesstimate
R000000053/9.333333/0287/R000000054
R000000055/8.400000/0000/Guesstimate
R000000053/9.333333/0287/R000000055
R000000044/9.333333/0125/R000000053
R000000031/7.434924/0040/R000000044
Q000000003/4.420059/0000/R000000031
<NEXT>