#
#  Reaction log file
#  Author: LigBuilder V3 User_Diana
#  Creation time: Wed Feb 25 22:15:26 2026
#  Format:
#  QueryMoleculeId/Cost/SynthesizeId/ReactantId1/ReactantId2/ReactantId3.....
#  Id prefix:
#  Q --- Query Molecule
#  M --- Material
#  R --- Reactant
#
Directory      result/synthesize_HsDHODH/163/DATABASE/
#
Q000000001/2.758726/0000/R000000001
M000000005/1.000000/0000/Sigma_BB-40672237
R000000004/1.111111/0287/M000000005
R000000003/1.234568/0299/R000000004
M000000006/1.000000/0000/Sigma_BB-27088669
R000000008/1.000000/0000/Guesstimate
R000000009/1.000000/0000/Guesstimate
R000000007/2.222222/0279/R000000008/R000000009
R000000007/2.222222/0279/R000000008/R000000009
R000000003/3.580247/0159/M000000006/R000000007
R000000010/1.000000/0000/Guesstimate
R000000002/2.482853/0003/R000000003/R000000010
R000000013/1.000000/0000/Guesstimate
R000000012/2.222222/0279/R000000013/R000000009
R000000012/2.222222/0279/R000000013/R000000009
R000000011/3.580247/0159/M000000006/R000000012
R000000014/1.000000/0000/Guesstimate
R000000002/5.089163/0112/R000000011/R000000014
R000000001/2.758726/0147/R000000002
M000000018/1.000000/0000/Sigma_BB-90496698
R000000017/1.111111/0299/M000000018
R000000016/1.234568/0114/R000000017
R000000019/1.111111/0114/M000000018
R000000016/1.234568/0299/R000000019
R000000020/1.000000/0000/Guesstimate
R000000015/2.482853/0003/R000000016/R000000020
R000000023/1.000000/0000/Guesstimate
R000000022/2.345679/0175/R000000017/R000000023
R000000022/2.345679/0290/R000000017/R000000023
R000000021/2.606310/0079/R000000022
R000000025/1.000000/0000/Guesstimate
R000000024/2.345679/0175/R000000017/R000000025
R000000026/1.000000/0000/Guesstimate
R000000024/2.482853/0122/R000000016/R000000026
R000000021/2.606310/0082/R000000024
R000000029/1.000000/0000/Guesstimate
R000000028/1.111111/0228/R000000029
R000000030/1.000000/0000/Guesstimate
R000000031/1.000000/0000/Guesstimate
R000000028/2.222222/0277/R000000030/R000000031
R000000027/1.234568/0024/R000000028
R000000032/1.000000/0000/Guesstimate
R000000027/2.222222/0004/R000000030/R000000032
R000000015/4.267642/0049/R000000021/R000000027
R000000001/2.758726/0147/R000000015
Q000000002/2.758726/0000/R000000001
Q000000003/2.758726/0000/R000000001
<NEXT>