#
#  Reaction log file
#  Author: LigBuilder V3 User_Diana
#  Creation time: Wed Feb 25 22:18:17 2026
#  Format:
#  QueryMoleculeId/Cost/SynthesizeId/ReactantId1/ReactantId2/ReactantId3.....
#  Id prefix:
#  Q --- Query Molecule
#  M --- Material
#  R --- Reactant
#
Directory      result/synthesize_HsDHODH/258/DATABASE/
#
Q000000001/2.743484/0000/R000000001
M000000004/1.000000/0000/Sigma_BB-28828976
R000000003/1.111111/0125/M000000004
R000000005/1.000000/0000/Guesstimate
R000000003/2.222222/0112/M000000004/R000000005
M000000007/1.000000/0000/Sigma_BB-27334985
R000000006/1.111111/0114/M000000007
M000000010/1.000000/0000/Sigma_BB-243593189
R000000009/1.111111/0114/M000000010
R000000008/1.234568/0009/R000000009
M000000012/1.000000/0000/Sigma_BB-28753226
R000000011/1.111111/0114/M000000012
R000000008/1.234568/0079/R000000011
R000000006/1.371742/0059/R000000008
R000000002/2.469136/0231/R000000003/R000000006
R000000014/2.222222/0231/M000000004/M000000007
R000000013/2.469136/0125/R000000014
R000000013/3.580247/0112/R000000014/R000000005
R000000002/2.743484/0114/R000000013
R000000001/2.743484/0059/R000000002
R000000016/1.234568/0059/R000000003
M000000018/1.000000/0000/Sigma_BB-28758779
R000000019/1.000000/0000/Guesstimate
R000000017/2.222222/0112/M000000018/R000000019
R000000016/2.469136/0112/R000000017
R000000015/2.743484/0231/R000000016/R000000008
R000000001/3.048316/0059/R000000015
Q000000002/2.743484/0000/R000000001
Q000000003/2.606310/0000/R000000020
M000000022/1.000000/0000/Sigma_BB-48709246
R000000021/2.345679/0231/R000000003/M000000022
R000000020/2.606310/0059/R000000021
M000000026/1.000000/0000/Sigma_BB-28769740
R000000025/1.111111/0091/M000000026
R000000027/1.000000/0000/Guesstimate
R000000025/2.222222/0173/M000000012/R000000027
R000000024/1.234568/0079/R000000025
M000000029/1.000000/0000/Sigma_BB-28844756
R000000030/1.000000/0000/Guesstimate
R000000028/2.222222/0004/M000000029/R000000030
R000000028/2.222222/0173/M000000010/R000000027
R000000024/2.469136/0009/R000000028
R000000023/2.743484/0231/R000000016/R000000024
M000000033/1.000000/0000/Sigma_BB-28756668
R000000032/2.345679/0231/R000000003/M000000033
R000000031/2.606310/0059/R000000032
M000000035/1.000000/0000/Sigma_BB-34437027
R000000034/2.482853/0231/R000000016/M000000035
R000000031/3.869837/0173/R000000034/R000000027
R000000023/4.007011/0174/R000000031/R000000005
R000000020/3.048316/0041/R000000023
<NEXT>