#
#  Reaction log file
#  Author: LigBuilder V3 User_Diana
#  Creation time: Wed Feb 25 22:15:16 2026
#  Format:
#  QueryMoleculeId/Cost/SynthesizeId/ReactantId1/ReactantId2/ReactantId3.....
#  Id prefix:
#  Q --- Query Molecule
#  M --- Material
#  R --- Reactant
#
Directory      result/synthesize_HsDHODH/162/DATABASE/
#
Q000000001/4.420059/0000/R000000001
M000000004/1.000000/0000/Sigma_BB-90496698
R000000003/1.111111/0299/M000000004
M000000007/1.000000/0000/Sigma_BB-27087877
R000000006/1.111111/0086/M000000007
M000000008/1.000000/0000/Sigma_BB-28792542
R000000009/1.000000/0000/Guesstimate
R000000006/2.222222/0004/M000000008/R000000009
M000000011/1.000000/0000/Sigma_BB-28764950
R000000010/1.111111/0197/M000000011
R000000005/2.469136/0212/R000000006/R000000010
R000000005/2.469136/0212/R000000006/R000000010
R000000002/3.978053/0175/R000000003/R000000005
R000000014/1.000000/0000/Guesstimate
R000000013/1.111111/0040/R000000014
R000000015/1.000000/0000/Guesstimate
R000000013/2.222222/0004/R000000015/R000000009
R000000012/2.469136/0175/R000000003/R000000013
M000000017/1.000000/0000/Sigma_BB-28792337
R000000016/2.345679/0175/R000000003/M000000017
R000000016/2.345679/0290/R000000003/M000000017
R000000018/1.000000/0000/Guesstimate
R000000012/3.717421/0275/R000000016/R000000018
M000000021/1.000000/0000/Sigma_BB-70700816
R000000020/2.345679/0212/M000000021/R000000010
R000000020/2.345679/0212/M000000021/R000000010
R000000019/2.606310/0024/R000000020
R000000023/1.000000/0000/Guesstimate
R000000022/2.345679/0212/R000000023/R000000010
R000000022/2.345679/0212/R000000023/R000000010
R000000019/3.717421/0004/R000000022/R000000009
R000000002/5.639385/0212/R000000012/R000000019
R000000001/4.420059/0028/R000000002
M000000027/1.000000/0000/Sigma_BB-28798980
M000000028/1.000000/0000/Sigma_BB-28830366
R000000026/2.222222/0004/M000000027/M000000028
R000000026/2.222222/0277/M000000027/M000000028
R000000025/2.469136/0197/R000000026
M000000030/1.000000/0000/Sigma_BB-28760742
R000000029/1.111111/0086/M000000030
R000000031/1.000000/0000/Guesstimate
R000000029/2.222222/0004/R000000009/R000000031
M000000033/1.000000/0000/Sigma_BB-130314282
R000000032/1.111111/0228/M000000033
R000000032/1.111111/0286/M000000033
R000000025/2.469136/0212/R000000029/R000000032
R000000024/3.978053/0175/R000000003/R000000025
M000000036/1.000000/0000/Sigma_BB-28776399
R000000035/2.345679/0212/M000000036/R000000032
R000000035/2.345679/0212/M000000036/R000000032
R000000034/2.606310/0024/R000000035
R000000038/1.000000/0000/Guesstimate
R000000037/2.345679/0212/R000000038/R000000032
R000000037/2.345679/0212/R000000038/R000000032
R000000034/3.717421/0004/R000000037/R000000009
R000000024/5.639385/0212/R000000012/R000000034
R000000001/4.420059/0028/R000000024
Q000000002/4.282884/0000/R000000039
M000000043/1.000000/0000/Sigma_BB-30751968
R000000042/1.111111/0204/M000000043
M000000044/1.000000/0000/Sigma_BB-390724664
R000000042/1.111111/0217/M000000044
R000000046/1.000000/0000/Guesstimate
R000000045/1.111111/0125/R000000046
R000000047/1.000000/0000/Guesstimate
R000000045/2.222222/0112/R000000046/R000000047
R000000041/2.469136/0285/R000000042/R000000045
R000000049/1.000000/0000/Guesstimate
R000000048/2.345679/0285/R000000042/R000000049
R000000050/1.000000/0000/Guesstimate
R000000041/3.717421/0301/R000000048/R000000050
R000000051/1.000000/0000/Guesstimate
R000000040/3.854596/0159/R000000041/R000000051
M000000053/1.000000/0000/Sigma_BB-27088669
R000000055/1.000000/0000/Guesstimate
R000000056/1.000000/0000/Guesstimate
R000000054/2.222222/0279/R000000055/R000000056
R000000054/2.222222/0279/R000000055/R000000056
R000000052/3.580247/0159/M000000053/R000000054
R000000057/1.000000/0000/Guesstimate
R000000040/5.089163/0138/R000000052/R000000057
R000000039/4.282884/0147/R000000040
M000000059/1.000000/0000/Sigma_BB-28769104
R000000058/5.089163/0049/R000000052/M000000059
R000000039/5.654626/0147/R000000058
Q000000003/4.420059/0000/R000000001
<NEXT>