#
#  Reaction log file
#  Author: LigBuilder V3 User_Diana
#  Creation time: Wed Feb 25 22:14:28 2026
#  Format:
#  QueryMoleculeId/Cost/SynthesizeId/ReactantId1/ReactantId2/ReactantId3.....
#  Id prefix:
#  Q --- Query Molecule
#  M --- Material
#  R --- Reactant
#
Directory      result/synthesize_HsDHODH/142/DATABASE/
#
Q000000001/4.420058/0000/R000000001
M000000005/1.000000/0000/Sigma_BB-28828976
R000000004/1.111111/0125/M000000005
R000000006/1.000000/0000/Guesstimate
R000000004/2.222222/0112/M000000005/R000000006
R000000003/1.234568/0059/R000000004
M000000008/1.000000/0000/Sigma_BB-28758779
R000000009/1.000000/0000/Guesstimate
R000000007/2.222222/0112/M000000008/R000000009
R000000003/2.469136/0112/R000000007
R000000012/1.000000/0000/Guesstimate
R000000011/1.111111/0125/R000000012
R000000011/2.222222/0112/R000000012/R000000006
R000000013/1.000000/0000/Guesstimate
R000000010/2.345679/0159/R000000011/R000000013
R000000014/1.000000/0000/Guesstimate
R000000016/1.000000/0000/Guesstimate
R000000017/1.000000/0000/Guesstimate
R000000015/2.222222/0279/R000000016/R000000017
R000000015/2.222222/0279/R000000016/R000000017
R000000010/3.580247/0159/R000000014/R000000015
R000000002/3.978052/0231/R000000003/R000000010
R000000001/4.420058/0059/R000000002
R000000019/2.606310/0059/R000000010
R000000020/1.000000/0000/Guesstimate
R000000019/3.717421/0224/R000000010/R000000020
R000000018/4.130468/0231/R000000004/R000000019
R000000001/4.589409/0059/R000000018
Q000000002/4.420058/0000/R000000001
Q000000003/1.524158/0000/R000000021
M000000025/1.000000/0000/Sigma_BB-28452414
R000000024/1.111111/0114/M000000025
R000000023/1.234568/0156/R000000024
R000000026/2.222222/0174/M000000025/R000000006
M000000027/1.000000/0000/Sigma_BB-28766566
R000000026/2.222222/0231/M000000005/M000000027
R000000023/2.469136/0059/R000000026
R000000022/1.371742/0125/R000000023
R000000022/2.482853/0112/R000000023/R000000006
R000000021/1.524158/0059/R000000022
M000000031/1.000000/0000/Sigma_BB-187814628
R000000030/2.345679/0231/R000000004/M000000031
R000000029/2.606310/0059/R000000030
R000000029/3.717421/0224/R000000030/R000000020
R000000028/2.895900/0125/R000000029
R000000028/4.007011/0112/R000000029/R000000006
R000000021/3.217667/0059/R000000028
<NEXT>