#
#  Reaction log file
#  Author: LigBuilder V3 User_Diana
#  Creation time: Wed Feb 25 22:20:10 2026
#  Format:
#  QueryMoleculeId/Cost/SynthesizeId/ReactantId1/ReactantId2/ReactantId3.....
#  Id prefix:
#  Q --- Query Molecule
#  M --- Material
#  R --- Reactant
#
Directory      result/synthesize_HsDHODH/297/DATABASE/
#
Q000000001/4.572474/0000/R000000001
M000000005/1.000000/0000/Sigma_BB-184377626
R000000004/1.111111/0287/M000000005
R000000003/1.234568/0260/R000000004
R000000006/1.111111/0260/M000000005
R000000003/1.234568/0287/R000000006
R000000009/1.000000/0000/Guesstimate
R000000010/1.000000/0000/Guesstimate
R000000008/2.222222/0256/R000000009/R000000010
R000000007/2.469136/0082/R000000008
R000000012/1.000000/0000/Guesstimate
R000000013/1.000000/0000/Guesstimate
R000000011/2.222222/0001/R000000012/R000000013
R000000014/1.000000/0000/Guesstimate
R000000011/2.222222/0004/R000000012/R000000014
R000000007/2.469136/0086/R000000011
R000000002/4.115227/0175/R000000003/R000000007
R000000016/2.482853/0175/R000000003/R000000009
R000000016/2.482853/0290/R000000003/R000000009
R000000015/2.758726/0040/R000000016
R000000019/1.000000/0000/Guesstimate
R000000018/1.111111/0283/R000000019
R000000020/1.000000/0000/Guesstimate
R000000021/1.000000/0000/Guesstimate
R000000018/2.222222/0112/R000000020/R000000021
R000000023/1.000000/0000/Guesstimate
R000000024/1.000000/0000/Guesstimate
R000000022/2.222222/0279/R000000023/R000000024
R000000022/2.222222/0279/R000000023/R000000024
R000000017/3.703704/0159/R000000018/R000000022
R000000015/4.115227/0092/R000000017
R000000002/5.534387/0212/R000000015/R000000011
R000000001/4.572474/0147/R000000002
R000000028/1.000000/0000/Guesstimate
R000000027/2.222222/0279/R000000023/R000000028
R000000027/2.222222/0279/R000000023/R000000028
R000000029/1.000000/0000/Guesstimate
R000000026/3.580247/0018/R000000027/R000000029
R000000031/1.000000/0000/Guesstimate
R000000030/3.580247/0018/R000000027/R000000031
R000000032/1.000000/0000/Guesstimate
R000000026/5.089163/0170/R000000030/R000000032
R000000025/5.212621/0159/R000000018/R000000026
R000000035/1.000000/0000/Guesstimate
R000000034/2.222222/0112/R000000035/R000000014
R000000036/1.000000/0000/Guesstimate
R000000037/1.000000/0000/Guesstimate
R000000034/2.222222/0112/R000000036/R000000037
R000000033/2.469136/0147/R000000034
R000000039/1.000000/0000/Guesstimate
R000000038/2.222222/0170/R000000039/R000000032
R000000040/1.000000/0000/Guesstimate
R000000041/1.000000/0000/Guesstimate
R000000038/2.222222/0170/R000000040/R000000041
R000000033/2.469136/0155/R000000038
R000000025/6.858711/0112/R000000017/R000000033
R000000001/5.791801/0147/R000000025
Q000000002/2.928077/0000/R000000042
R000000045/1.234568/0287/R000000004
R000000044/1.371742/0260/R000000045
R000000046/1.234568/0287/R000000006
R000000044/1.371742/0287/R000000046
R000000047/1.000000/0000/Guesstimate
R000000043/2.635269/0112/R000000044/R000000047
R000000048/1.000000/0000/Guesstimate
R000000043/5.226338/0112/R000000017/R000000048
R000000042/2.928077/0147/R000000043
R000000050/1.371742/0114/R000000003
R000000050/3.065251/0197/R000000015
R000000051/1.000000/0000/Guesstimate
R000000049/2.635269/0277/R000000050/R000000051
R000000054/1.000000/0000/Guesstimate
R000000053/2.222222/0004/R000000036/R000000054
R000000053/2.222222/0277/R000000036/R000000054
R000000052/2.469136/0009/R000000053
R000000056/1.000000/0000/Guesstimate
R000000055/2.222222/0122/R000000036/R000000056
R000000057/1.000000/0000/Guesstimate
R000000055/2.222222/0256/R000000009/R000000057
R000000052/2.469136/0082/R000000055
R000000049/4.115227/0175/R000000003/R000000052
R000000042/2.928077/0147/R000000049
Q000000003/2.928077/0000/R000000042
<NEXT>