#
#  Reaction log file
#  Author: LigBuilder V3 User_Diana
#  Creation time: Wed Feb 25 22:20:08 2026
#  Format:
#  QueryMoleculeId/Cost/SynthesizeId/ReactantId1/ReactantId2/ReactantId3.....
#  Id prefix:
#  Q --- Query Molecule
#  M --- Material
#  R --- Reactant
#
Directory      result/synthesize_HsDHODH/298/DATABASE/
#
Q000000001/2.895900/0000/R000000001
M000000004/1.000000/0000/Sigma_BB-184377626
R000000003/1.111111/0287/M000000004
M000000006/1.000000/0000/Sigma_BB-243985338
R000000005/1.111111/0299/M000000006
R000000003/1.234568/0156/R000000005
R000000002/1.234568/0260/R000000003
R000000008/1.111111/0260/M000000004
R000000007/1.234568/0213/R000000008
R000000002/1.371742/0197/R000000007
R000000012/1.000000/0000/Guesstimate
R000000011/1.111111/0198/R000000012
R000000013/1.000000/0000/Guesstimate
R000000014/1.000000/0000/Guesstimate
R000000015/1.000000/0000/Guesstimate
R000000011/3.333333/0261/R000000013/R000000014/R000000015
R000000010/1.234568/0024/R000000011
R000000016/1.000000/0000/Guesstimate
R000000017/1.000000/0000/Guesstimate
R000000010/2.222222/0004/R000000016/R000000017
R000000009/1.371742/0086/R000000010
R000000009/1.371742/0091/R000000010
R000000001/2.895900/0175/R000000002/R000000009
R000000020/1.000000/0000/Guesstimate
R000000019/1.111111/0283/R000000020
R000000021/1.000000/0000/Guesstimate
R000000022/1.000000/0000/Guesstimate
R000000019/2.222222/0112/R000000021/R000000022
R000000025/1.000000/0000/Guesstimate
R000000026/1.000000/0000/Guesstimate
R000000024/2.222222/0279/R000000025/R000000026
R000000024/2.222222/0279/R000000025/R000000026
R000000023/3.580247/0018/R000000024/R000000013
R000000029/1.000000/0000/Guesstimate
R000000028/2.222222/0279/R000000025/R000000029
R000000028/2.222222/0279/R000000025/R000000029
R000000027/3.580247/0004/R000000028/R000000016
R000000030/1.000000/0000/Guesstimate
R000000027/3.580247/0018/R000000024/R000000030
R000000031/1.000000/0000/Guesstimate
R000000023/5.089163/0212/R000000027/R000000031
R000000018/5.212621/0159/R000000019/R000000023
R000000032/3.703704/0159/R000000019/R000000028
R000000033/1.000000/0000/Guesstimate
R000000018/5.226338/0112/R000000032/R000000033
R000000001/5.791801/0147/R000000018
Q000000002/4.572474/0000/R000000034
R000000038/1.000000/0000/Guesstimate
R000000039/1.000000/0000/Guesstimate
R000000037/2.222222/0256/R000000038/R000000039
R000000036/2.469136/0082/R000000037
R000000041/1.000000/0000/Guesstimate
R000000040/2.222222/0001/R000000016/R000000041
R000000042/1.000000/0000/Guesstimate
R000000040/2.222222/0004/R000000016/R000000042
R000000036/2.469136/0086/R000000040
R000000035/4.115227/0175/R000000002/R000000036
R000000045/1.000000/0000/Guesstimate
R000000044/2.482853/0174/R000000002/R000000045
R000000047/1.234568/0287/R000000003
R000000046/1.371742/0260/R000000047
R000000048/1.371742/0287/R000000007
R000000046/1.524158/0197/R000000048
R000000044/2.635269/0112/R000000046/R000000045
R000000043/2.758726/0147/R000000044
R000000050/1.000000/0000/Guesstimate
R000000049/2.482853/0175/R000000002/R000000050
R000000049/2.482853/0290/R000000002/R000000050
R000000043/2.758726/0155/R000000049
R000000035/4.176363/0112/R000000043/R000000042
R000000034/4.572474/0147/R000000035
R000000054/1.000000/0000/Guesstimate
R000000053/2.222222/0004/R000000016/R000000054
M000000055/1.000000/0000/Sigma_BB-30381507
R000000056/1.000000/0000/Guesstimate
R000000053/2.222222/0170/M000000055/R000000056
R000000052/2.469136/0086/R000000053
R000000052/2.469136/0091/R000000053
R000000051/4.267642/0112/R000000046/R000000052
R000000059/1.000000/0000/Guesstimate
R000000058/2.222222/0112/R000000059/R000000042
R000000060/1.000000/0000/Guesstimate
R000000058/2.222222/0112/R000000045/R000000060
R000000057/2.469136/0147/R000000058
R000000062/1.000000/0000/Guesstimate
R000000061/2.222222/0170/R000000062/R000000056
R000000063/1.000000/0000/Guesstimate
R000000064/1.000000/0000/Guesstimate
R000000061/2.222222/0170/R000000063/R000000064
R000000057/2.469136/0155/R000000061
R000000051/6.858711/0112/R000000032/R000000057
R000000034/4.741825/0147/R000000051
Q000000003/4.572474/0000/R000000034
Q000000004/Analysis Failed
<NEXT>