#
#  Reaction log file
#  Author: LigBuilder V3 User_Diana
#  Creation time: Wed Feb 25 22:09:57 2026
#  Format:
#  QueryMoleculeId/Cost/SynthesizeId/ReactantId1/ReactantId2/ReactantId3.....
#  Id prefix:
#  Q --- Query Molecule
#  M --- Material
#  R --- Reactant
#
Directory      result/synthesize_HsDHODH/19/DATABASE/
#
Q000000001/6.145744/0000/R000000001
R000000006/1.000000/0000/Guesstimate
R000000007/1.000000/0000/Guesstimate
R000000005/2.222222/0279/R000000006/R000000007
R000000005/2.222222/0279/R000000006/R000000007
R000000008/1.000000/0000/Guesstimate
R000000004/3.580247/0159/R000000005/R000000008
R000000003/3.978053/0287/R000000004
R000000003/3.978053/0287/R000000004
M000000009/1.000000/0000/Sigma_BB-28843709
R000000002/5.531170/0112/R000000003/M000000009
R000000010/4.420059/0125/R000000003
R000000011/1.000000/0000/Guesstimate
R000000010/5.531170/0112/R000000003/R000000011
R000000012/1.000000/0000/Guesstimate
R000000002/6.022288/0138/R000000010/R000000012
R000000001/6.145744/0147/R000000002
R000000014/1.000000/0000/Guesstimate
R000000013/5.531170/0003/R000000003/R000000014
R000000016/1.000000/0000/Guesstimate
R000000017/1.000000/0000/Guesstimate
R000000015/2.222222/0004/R000000016/R000000017
M000000019/1.000000/0000/Sigma_BB-28516749
R000000020/1.000000/0000/Guesstimate
R000000018/2.222222/0122/M000000019/R000000020
R000000021/1.000000/0000/Guesstimate
R000000018/2.222222/0277/R000000016/R000000021
R000000015/2.469136/0024/R000000018
R000000013/7.380312/0049/R000000010/R000000015
R000000001/6.145744/0147/R000000013
Q000000002/6.435335/0000/R000000022
R000000026/1.000000/0000/Guesstimate
R000000025/1.111111/0040/R000000026
R000000027/1.000000/0000/Guesstimate
R000000028/1.000000/0000/Guesstimate
R000000025/2.222222/0004/R000000027/R000000028
R000000024/1.234568/0086/R000000025
R000000024/1.234568/0091/R000000025
R000000023/5.791801/0112/R000000003/R000000024
R000000029/4.911177/0040/R000000010
R000000030/5.531170/0004/R000000003/R000000028
R000000031/1.000000/0000/Guesstimate
R000000032/1.000000/0000/Guesstimate
R000000030/6.642281/0225/R000000003/R000000031/R000000032
R000000029/6.145744/0216/R000000030
R000000023/6.567974/0003/R000000029/R000000027
R000000022/6.435335/0147/R000000023
R000000035/1.000000/0000/Guesstimate
R000000034/5.531170/0003/R000000003/R000000035
R000000034/6.022288/0049/R000000010/R000000017
M000000036/1.000000/0000/Sigma_BB-30415053
R000000033/7.256855/0049/R000000034/M000000036
R000000022/8.063173/0147/R000000033
Q000000003/6.145744/0000/R000000001
<NEXT>