#
#  Reaction log file
#  Author: LigBuilder V3 User_Diana
#  Creation time: Wed Feb 25 22:10:43 2026
#  Format:
#  QueryMoleculeId/Cost/SynthesizeId/ReactantId1/ReactantId2/ReactantId3.....
#  Id prefix:
#  Q --- Query Molecule
#  M --- Material
#  R --- Reactant
#
Directory      result/synthesize_HsDHODH/35/DATABASE/
#
Q000000001/Analysis Failed
Q000000002/8.992533/0000/R000000001
R000000005/1.000000/0000/Guesstimate
R000000006/1.000000/0000/Guesstimate
R000000004/2.222222/0279/R000000005/R000000006
R000000004/2.222222/0279/R000000005/R000000006
R000000008/1.000000/0000/Guesstimate
M000000009/1.000000/0000/Sigma_BB-28450562
R000000007/2.222222/0275/R000000008/M000000009
M000000010/1.000000/0000/Sigma_BB-28757037
R000000011/1.000000/0000/Guesstimate
R000000007/2.222222/0285/M000000010/R000000011
R000000003/4.938272/0159/R000000004/R000000007
R000000002/5.486969/0287/R000000003
R000000015/1.000000/0000/Guesstimate
R000000014/1.111111/0118/R000000015
R000000016/1.000000/0000/Guesstimate
R000000014/2.222222/0112/R000000015/R000000016
R000000017/1.000000/0000/Guesstimate
R000000013/2.345679/0261/R000000014/R000000017
R000000019/1.000000/0000/Guesstimate
M000000020/1.000000/0000/Sigma_BB-28516749
R000000018/2.222222/0274/R000000019/M000000020
R000000021/1.000000/0000/Guesstimate
R000000018/2.222222/0277/R000000015/R000000021
R000000013/2.469136/0274/R000000018
R000000012/2.606310/0024/R000000013
R000000023/2.222222/0274/R000000015/R000000021
R000000024/1.000000/0000/Guesstimate
R000000023/3.333333/0261/R000000015/R000000024/R000000017
R000000022/2.469136/0024/R000000023
R000000026/1.000000/0000/Guesstimate
R000000025/2.222222/0274/R000000015/R000000026
R000000027/1.000000/0000/Guesstimate
R000000028/1.000000/0000/Guesstimate
R000000025/2.222222/0279/R000000027/R000000028
R000000022/2.469136/0040/R000000025
R000000012/2.743484/0004/R000000022
R000000001/8.992533/0212/R000000002/R000000012
R000000001/8.992533/0212/R000000002/R000000012
Q000000003/8.992533/0000/R000000001
Q000000004/8.992533/0000/R000000001
<NEXT>