#
#  Reaction log file
#  Author: LigBuilder V3 User_Diana
#  Creation time: Wed Feb 25 22:13:36 2026
#  Format:
#  QueryMoleculeId/Cost/SynthesizeId/ReactantId1/ReactantId2/ReactantId3.....
#  Id prefix:
#  Q --- Query Molecule
#  M --- Material
#  R --- Reactant
#
Directory      result/synthesize_HsDHODH/118/DATABASE/
#
Q000000001/4.741825/0000/R000000001
M000000006/1.000000/0000/Sigma_BB-27088566
R000000005/1.111111/0053/M000000006
M000000007/1.000000/0000/Sigma_BB-28774271
R000000008/1.000000/0000/Guesstimate
R000000005/2.222222/0274/M000000007/R000000008
R000000004/1.234568/0197/R000000005
R000000009/1.000000/0000/Guesstimate
R000000004/2.222222/0274/M000000007/R000000009
R000000003/1.371742/0013/R000000004
M000000012/1.000000/0000/Sigma_BB-28200223
R000000011/1.111111/0013/M000000012
M000000014/1.000000/0000/Sigma_BB-28666772
R000000013/1.111111/0074/M000000014
M000000015/1.000000/0000/Sigma_BB-28666771
R000000016/1.000000/0000/Guesstimate
R000000013/2.222222/0112/M000000015/R000000016
R000000011/1.234568/0041/R000000013
R000000010/2.345679/0274/R000000011/R000000009
R000000003/2.606310/0017/R000000010
R000000019/1.000000/0000/Guesstimate
R000000020/1.000000/0000/Guesstimate
R000000018/2.222222/0158/R000000019/R000000020
R000000018/2.222222/0158/R000000019/R000000020
R000000017/2.469136/0188/R000000018
R000000022/1.000000/0000/Guesstimate
R000000021/2.222222/0158/R000000019/R000000022
R000000021/2.222222/0158/R000000019/R000000022
R000000017/2.469136/0188/R000000021
R000000002/4.267642/0301/R000000003/R000000017
R000000002/4.267642/0301/R000000003/R000000017
R000000001/4.741825/0160/R000000002
R000000023/1.111111/0013/M000000007
R000000023/1.111111/0013/M000000007
R000000026/2.743484/0300/R000000017
R000000025/3.048316/0160/R000000026
R000000027/9.000000/0000/Guesstimate
R000000025/10.000000/0300/R000000027
R000000024/3.387018/0114/R000000025
R000000029/4.498129/0174/R000000016/R000000025
R000000029/4.498129/0289/R000000016/R000000025
R000000028/4.997921/0041/R000000029
R000000028/4.997921/0233/R000000029
R000000024/5.553246/0155/R000000028
R000000001/4.997921/0274/R000000023/R000000024
Q000000002/4.741825/0000/R000000001
Q000000003/4.741825/0000/R000000001
<NEXT>