#
#  Reaction log file
#  Author: LigBuilder V3 User_Diana
#  Creation time: Wed Feb 25 22:14:30 2026
#  Format:
#  QueryMoleculeId/Cost/SynthesizeId/ReactantId1/ReactantId2/ReactantId3.....
#  Id prefix:
#  Q --- Query Molecule
#  M --- Material
#  R --- Reactant
#
Directory      result/synthesize_HsDHODH/152/DATABASE/
#
Q000000001/4.282884/0000/R000000001
M000000005/1.000000/0000/Sigma_BB-28452414
R000000006/1.000000/0000/Guesstimate
R000000004/2.222222/0175/M000000005/R000000006
M000000007/1.000000/0000/Sigma_BB-28828976
M000000008/1.000000/0000/Sigma_BB-27927314
R000000004/2.222222/0231/M000000007/M000000008
R000000003/2.469136/0125/R000000004
R000000009/1.000000/0000/Guesstimate
R000000003/3.580247/0112/R000000004/R000000009
R000000010/1.000000/0000/Guesstimate
R000000002/3.854596/0170/R000000003/R000000010
R000000013/1.000000/0000/Guesstimate
R000000012/2.222222/0175/M000000005/R000000013
R000000012/2.222222/0290/M000000005/R000000013
R000000011/2.469136/0125/R000000012
R000000011/3.580247/0112/R000000012/R000000009
R000000014/1.000000/0000/Guesstimate
R000000002/3.854596/0170/R000000011/R000000014
R000000001/4.282884/0059/R000000002
R000000018/1.000000/0000/Guesstimate
R000000019/1.000000/0000/Guesstimate
R000000017/2.222222/0012/R000000018/R000000019
R000000017/2.222222/0285/R000000018/R000000019
R000000016/2.469136/0285/R000000017
R000000020/2.222222/0012/R000000018/R000000019
R000000020/2.222222/0285/R000000018/R000000019
R000000016/2.469136/0285/R000000020
M000000023/1.000000/0000/Sigma_BB-28753226
R000000024/1.000000/0000/Guesstimate
R000000022/2.222222/0112/M000000023/R000000024
M000000025/1.000000/0000/Sigma_BB-128887467
R000000022/2.222222/0170/M000000025/R000000014
R000000021/2.469136/0147/R000000022
M000000027/1.000000/0000/Sigma_BB-34438168
R000000026/2.222222/0170/M000000027/R000000010
M000000028/1.000000/0000/Sigma_BB-27438940
R000000026/2.222222/0170/M000000028/R000000014
R000000021/2.469136/0153/R000000026
R000000015/5.486969/0231/R000000016/R000000021
R000000001/6.096632/0082/R000000015
Q000000002/6.096632/0000/R000000029
R000000033/1.000000/0000/Guesstimate
R000000034/1.000000/0000/Guesstimate
R000000032/2.222222/0279/R000000033/R000000034
R000000032/2.222222/0279/R000000033/R000000034
R000000036/1.000000/0000/Guesstimate
R000000037/1.000000/0000/Guesstimate
R000000035/2.222222/0276/R000000036/R000000037
R000000035/2.222222/0278/R000000036/R000000037
R000000031/4.938272/0159/R000000032/R000000035
R000000030/5.486969/0287/R000000031
R000000029/6.096632/0024/R000000030
R000000041/1.000000/0000/Guesstimate
R000000040/2.222222/0279/R000000041/R000000034
R000000040/2.222222/0279/R000000041/R000000034
R000000039/4.938272/0159/R000000040/R000000035
R000000038/5.486969/0287/R000000039
R000000029/6.096632/0040/R000000038
Q000000003/3.217667/0000/R000000042
M000000047/1.000000/0000/Sigma_BB-184423997
R000000046/1.111111/0287/M000000047
R000000045/1.234568/0260/R000000046
R000000048/1.111111/0260/M000000047
R000000045/1.234568/0287/R000000048
R000000044/1.371742/0114/R000000045
R000000049/1.234568/0114/R000000046
R000000044/1.371742/0260/R000000049
R000000052/1.000000/0000/Guesstimate
R000000051/1.111111/0291/R000000052
R000000054/1.111111/0288/R000000052
R000000053/1.234568/0295/R000000054
R000000055/9.600000/0000/Guesstimate
R000000053/9.600000/0295/R000000055
R000000051/9.400000/0286/R000000053
R000000050/1.234568/0118/R000000051
R000000050/2.345679/0112/R000000009/R000000051
R000000043/2.895900/0122/R000000044/R000000050
R000000058/1.000000/0000/Guesstimate
R000000057/2.345679/0112/R000000058/R000000051
R000000056/2.606310/0099/R000000057
R000000060/1.000000/0000/Guesstimate
R000000059/2.482853/0122/R000000060/R000000050
R000000056/2.758726/0260/R000000059
R000000043/4.267642/0175/R000000045/R000000056
R000000042/3.217667/0090/R000000043
R000000063/1.371742/0287/R000000045
R000000064/1.524158/0257/R000000063
R000000067/1.000000/0000/Guesstimate
R000000068/1.000000/0000/Guesstimate
R000000066/2.222222/0003/R000000067/R000000068
R000000069/1.000000/0000/Guesstimate
R000000070/1.000000/0000/Guesstimate
R000000066/2.222222/0049/R000000069/R000000070
R000000071/1.000000/0000/Guesstimate
R000000065/3.580247/0012/R000000066/R000000071
R000000073/1.000000/0000/Guesstimate
R000000072/2.222222/0285/R000000073/R000000071
R000000065/3.580247/0112/R000000072/R000000009
R000000064/5.089163/0159/R000000065/R000000013
R000000063/1.693509/0041/R000000064
R000000062/2.635269/0003/R000000063/R000000068
R000000075/1.000000/0000/Guesstimate
R000000074/2.635269/0004/R000000044/R000000075
R000000074/2.635269/0277/R000000044/R000000075
R000000062/2.928077/0009/R000000074
R000000061/4.299819/0256/R000000062/R000000053
R000000078/1.000000/0000/Guesstimate
R000000077/2.345679/0301/R000000078/R000000054
R000000077/2.345679/0301/R000000078/R000000054
R000000076/2.606310/0295/R000000077
R000000080/1.000000/0000/Guesstimate
R000000079/2.482853/0256/R000000080/R000000053
R000000076/2.758726/0293/R000000079
R000000061/4.420058/0301/R000000044/R000000076
R000000042/4.777577/0155/R000000061
Q000000004/4.589409/0000/R000000081
R000000085/1.000000/0000/Guesstimate
R000000084/1.111111/0228/R000000085
R000000086/1.000000/0000/Guesstimate
R000000084/1.111111/0228/R000000086
R000000083/2.345679/0112/R000000009/R000000084
R000000083/9.300000/0090/R000000087
R000000082/4.130468/0122/R000000044/R000000083
R000000089/2.345679/0112/R000000058/R000000084
R000000088/2.606310/0099/R000000089
R000000091/2.222222/0004/R000000070/R000000085
R000000090/2.469136/0090/R000000091
R000000088/2.743484/0091/R000000090
R000000082/4.267642/0175/R000000045/R000000088
R000000081/4.589409/0090/R000000082
M000000095/1.000000/0000/Sigma_BB-128973941
R000000096/1.000000/0000/Guesstimate
R000000094/2.222222/0241/M000000095/R000000096
R000000093/2.469136/0099/R000000094
R000000098/1.000000/0000/Guesstimate
R000000099/1.000000/0000/Guesstimate
R000000097/3.333333/0225/R000000098/R000000085/R000000099
R000000097/3.333333/0225/R000000098/R000000085/R000000099
R000000093/3.703704/0197/R000000097
R000000092/6.721537/0159/R000000065/R000000093
M000000103/1.000000/0000/Sigma_BB-40690240
R000000102/1.111111/0260/M000000103
R000000104/1.000000/0000/Guesstimate
R000000101/2.345679/0175/R000000102/R000000104
R000000101/2.345679/0290/R000000102/R000000104
R000000100/5.075447/0212/R000000101/R000000091
R000000100/5.075447/0212/R000000101/R000000091
R000000092/6.750496/0174/R000000100/R000000009
R000000081/7.468375/0041/R000000092
<NEXT>