#
#  Reaction log file
#  Author: LigBuilder V3 User_Diana
#  Creation time: Wed Feb 25 22:14:30 2026
#  Format:
#  QueryMoleculeId/Cost/SynthesizeId/ReactantId1/ReactantId2/ReactantId3.....
#  Id prefix:
#  Q --- Query Molecule
#  M --- Material
#  R --- Reactant
#
Directory      result/synthesize_HsDHODH/141/DATABASE/
#
Q000000001/4.282884/0000/R000000001
M000000005/1.000000/0000/Sigma_BB-28452414
R000000006/1.000000/0000/Guesstimate
R000000004/2.222222/0175/M000000005/R000000006
M000000007/1.000000/0000/Sigma_BB-28828976
M000000008/1.000000/0000/Sigma_BB-27927314
R000000004/2.222222/0231/M000000007/M000000008
R000000003/2.469136/0125/R000000004
R000000009/1.000000/0000/Guesstimate
R000000003/3.580247/0112/R000000004/R000000009
R000000010/1.000000/0000/Guesstimate
R000000002/3.854596/0170/R000000003/R000000010
R000000013/1.000000/0000/Guesstimate
R000000012/2.222222/0175/M000000005/R000000013
R000000012/2.222222/0290/M000000005/R000000013
R000000011/2.469136/0125/R000000012
R000000011/3.580247/0112/R000000012/R000000009
R000000014/1.000000/0000/Guesstimate
R000000002/3.854596/0170/R000000011/R000000014
R000000001/4.282884/0059/R000000002
R000000018/1.000000/0000/Guesstimate
R000000019/1.000000/0000/Guesstimate
R000000017/2.222222/0012/R000000018/R000000019
R000000017/2.222222/0285/R000000018/R000000019
R000000016/2.469136/0285/R000000017
R000000020/2.222222/0012/R000000018/R000000019
R000000020/2.222222/0285/R000000018/R000000019
R000000016/2.469136/0285/R000000020
M000000023/1.000000/0000/Sigma_BB-28753226
R000000024/1.000000/0000/Guesstimate
R000000022/2.222222/0112/M000000023/R000000024
M000000025/1.000000/0000/Sigma_BB-128887467
R000000022/2.222222/0170/M000000025/R000000014
R000000021/2.469136/0147/R000000022
M000000027/1.000000/0000/Sigma_BB-34438168
R000000026/2.222222/0170/M000000027/R000000010
M000000028/1.000000/0000/Sigma_BB-27438940
R000000026/2.222222/0170/M000000028/R000000014
R000000021/2.469136/0153/R000000026
R000000015/5.486969/0231/R000000016/R000000021
R000000001/6.096632/0082/R000000015
Q000000002/4.282884/0000/R000000001
Q000000003/4.282884/0000/R000000001
<NEXT>