#
#  Reaction log file
#  Author: LigBuilder V3 User_Diana
#  Creation time: Wed Feb 25 22:17:08 2026
#  Format:
#  QueryMoleculeId/Cost/SynthesizeId/ReactantId1/ReactantId2/ReactantId3.....
#  Id prefix:
#  Q --- Query Molecule
#  M --- Material
#  R --- Reactant
#
Directory      result/synthesize_HsDHODH/228/DATABASE/
#
Q000000001/8.442311/0000/R000000001
M000000005/1.000000/0000/Sigma_BB-30442500
R000000006/1.000000/0000/Guesstimate
R000000004/2.222222/0231/M000000005/R000000006
R000000003/2.469136/0294/R000000004
R000000008/1.000000/0000/Guesstimate
R000000007/2.222222/0231/M000000005/R000000008
R000000003/2.469136/0294/R000000007
R000000011/1.000000/0000/Guesstimate
R000000012/1.000000/0000/Guesstimate
R000000010/2.222222/0276/R000000011/R000000012
R000000010/2.222222/0278/R000000011/R000000012
R000000009/2.469136/0276/R000000010
R000000013/2.222222/0276/R000000011/R000000012
R000000013/2.222222/0278/R000000011/R000000012
R000000009/2.469136/0276/R000000013
R000000014/1.000000/0000/Guesstimate
R000000002/6.598080/0225/R000000003/R000000009/R000000014
R000000002/6.598080/0225/R000000003/R000000009/R000000014
R000000015/1.000000/0000/Guesstimate
R000000001/8.442311/0212/R000000002/R000000015
R000000001/8.442311/0212/R000000002/R000000015
Q000000002/8.442311/0000/R000000001
Q000000003/4.420059/0000/R000000016
M000000019/1.000000/0000/Sigma_BB-28809125
R000000018/1.111111/0009/M000000019
R000000020/1.000000/0000/Guesstimate
R000000021/1.000000/0000/Guesstimate
R000000018/2.222222/0003/R000000020/R000000021
M000000024/1.000000/0000/Sigma_BB-26890051
R000000025/1.000000/0000/Guesstimate
R000000023/2.222222/0212/M000000024/R000000025
R000000023/2.222222/0212/M000000024/R000000025
R000000022/2.469136/0074/R000000023
R000000026/2.469136/0287/R000000023
R000000027/1.000000/0000/Guesstimate
R000000022/3.854596/0112/R000000026/R000000027
R000000017/3.978053/0122/R000000018/R000000022
R000000028/3.703704/0122/R000000018/R000000023
R000000028/3.703704/0122/R000000018/R000000023
R000000017/4.115227/0074/R000000028
R000000016/4.420059/0017/R000000017
M000000032/1.000000/0000/Sigma_BB-28827454
R000000031/2.222222/0212/M000000032/R000000025
R000000031/2.222222/0212/M000000032/R000000025
R000000030/2.469136/0074/R000000031
R000000033/2.469136/0287/R000000031
R000000030/3.854596/0112/R000000033/R000000027
R000000029/3.978053/0122/R000000018/R000000030
R000000034/3.703704/0122/R000000018/R000000031
R000000034/3.703704/0122/R000000018/R000000031
R000000029/4.115227/0074/R000000034
R000000016/4.420059/0017/R000000029
Q000000004/7.207744/0000/R000000035
R000000039/1.000000/0000/Guesstimate
R000000040/1.000000/0000/Guesstimate
R000000038/2.222222/0279/R000000039/R000000040
R000000038/2.222222/0279/R000000039/R000000040
R000000042/1.000000/0000/Guesstimate
R000000043/1.000000/0000/Guesstimate
R000000041/2.222222/0119/R000000042/R000000043
R000000044/1.000000/0000/Guesstimate
R000000041/2.222222/0276/R000000044/R000000043
R000000037/4.938272/0159/R000000038/R000000041
R000000036/5.486969/0287/R000000037
R000000045/1.000000/0000/Guesstimate
R000000035/7.207744/0012/R000000036/R000000045
R000000049/1.000000/0000/Guesstimate
R000000048/2.222222/0279/R000000049/R000000040
R000000048/2.222222/0279/R000000049/R000000040
R000000047/4.938272/0159/R000000048/R000000041
R000000046/5.486969/0287/R000000047
R000000050/1.000000/0000/Guesstimate
R000000035/7.207744/0112/R000000046/R000000050
<NEXT>