#
#  Reaction log file
#  Author: LigBuilder V3 User_Diana
#  Creation time: Wed Feb 25 22:12:46 2026
#  Format:
#  QueryMoleculeId/Cost/SynthesizeId/ReactantId1/ReactantId2/ReactantId3.....
#  Id prefix:
#  Q --- Query Molecule
#  M --- Material
#  R --- Reactant
#
Directory      result/synthesize_HsDHODH/99/DATABASE/
#
Q000000001/5.531170/0000/R000000001
R000000004/1.000000/0000/Guesstimate
R000000006/1.000000/0000/Guesstimate
R000000007/1.000000/0000/Guesstimate
R000000005/2.222222/0279/R000000006/R000000007
R000000005/2.222222/0279/R000000006/R000000007
R000000003/3.580247/0159/R000000004/R000000005
R000000009/1.000000/0000/Guesstimate
R000000010/1.000000/0000/Guesstimate
R000000008/2.222222/0012/R000000009/R000000010
R000000008/2.222222/0285/R000000009/R000000010
R000000011/1.000000/0000/Guesstimate
R000000003/3.580247/0159/R000000008/R000000011
R000000002/3.978053/0059/R000000003
R000000013/3.978053/0041/R000000003
R000000013/3.978053/0233/R000000003
R000000012/4.420059/0155/R000000013
R000000002/4.911177/0156/R000000012
R000000014/1.000000/0000/Guesstimate
R000000001/5.531170/0112/R000000002/R000000014
R000000015/5.089163/0112/R000000003/R000000014
R000000018/1.000000/0000/Guesstimate
R000000017/2.222222/0112/R000000018/R000000014
R000000016/2.469136/0197/R000000017
R000000021/1.000000/0000/Guesstimate
R000000020/1.111111/0125/R000000021
R000000022/1.000000/0000/Guesstimate
R000000020/2.222222/0112/R000000021/R000000022
R000000019/2.345679/0159/R000000020/R000000011
R000000023/1.000000/0000/Guesstimate
R000000019/3.580247/0159/R000000023/R000000005
R000000015/5.349795/0112/R000000016/R000000019
R000000001/5.654626/0059/R000000015
Q000000002/5.654626/0000/R000000024
R000000026/1.000000/0000/Guesstimate
R000000029/1.000000/0000/Guesstimate
R000000030/1.000000/0000/Guesstimate
R000000028/2.222222/0279/R000000029/R000000030
R000000028/2.222222/0279/R000000029/R000000030
R000000031/1.000000/0000/Guesstimate
R000000027/3.580247/0274/R000000028/R000000031
R000000032/2.222222/0274/R000000030/R000000031
R000000027/3.580247/0279/R000000029/R000000032
R000000025/5.089163/0159/R000000026/R000000027
R000000034/1.000000/0000/Guesstimate
R000000036/1.000000/0000/Guesstimate
R000000035/2.222222/0274/R000000036/R000000031
R000000033/3.580247/0012/R000000034/R000000035
R000000038/1.000000/0000/Guesstimate
R000000037/3.580247/0012/R000000038/R000000035
R000000037/3.580247/0285/R000000038/R000000035
R000000033/3.978053/0039/R000000037
R000000039/1.000000/0000/Guesstimate
R000000025/5.089163/0159/R000000033/R000000039
R000000024/5.654626/0024/R000000025
R000000043/1.000000/0000/Guesstimate
R000000042/2.222222/0174/R000000018/R000000043
R000000042/2.222222/0289/R000000018/R000000043
R000000041/2.469136/0197/R000000042
R000000044/7.400000/0000/Guesstimate
R000000041/8.222222/0091/R000000044
R000000045/5.089163/0159/R000000023/R000000027
R000000046/3.580247/0159/R000000023/R000000028
R000000045/5.089163/0274/R000000046/R000000031
R000000040/8.398110/0112/R000000041/R000000045
R000000049/1.000000/0000/Guesstimate
R000000048/3.854596/0004/R000000041/R000000049
R000000048/9.333333/0001/R000000044/R000000049
R000000050/1.000000/0000/Guesstimate
R000000047/5.393995/0049/R000000048/R000000050
R000000047/10.000000/0082/R000000051
R000000040/9.971380/0159/R000000047/R000000027
R000000024/9.331234/0025/R000000040
Q000000003/5.654626/0000/R000000024
<NEXT>