#
#  Reaction log file
#  Author: LigBuilder V3 User_Diana
#  Creation time: Wed Feb 25 22:10:10 2026
#  Format:
#  QueryMoleculeId/Cost/SynthesizeId/ReactantId1/ReactantId2/ReactantId3.....
#  Id prefix:
#  Q --- Query Molecule
#  M --- Material
#  R --- Reactant
#
Directory      result/synthesize_HsDHODH/20/DATABASE/
#
Q000000001/6.096632/0000/R000000001
R000000005/1.000000/0000/Guesstimate
R000000006/1.000000/0000/Guesstimate
R000000004/2.222222/0285/R000000005/R000000006
R000000003/2.469136/0079/R000000004
R000000008/1.000000/0000/Guesstimate
R000000009/1.000000/0000/Guesstimate
R000000007/2.222222/0279/R000000008/R000000009
R000000007/2.222222/0279/R000000008/R000000009
R000000003/2.469136/0082/R000000007
R000000012/1.000000/0000/Guesstimate
R000000013/1.000000/0000/Guesstimate
R000000011/2.222222/0003/R000000012/R000000013
R000000010/2.469136/0147/R000000011
R000000014/1.000000/0000/Guesstimate
R000000016/1.000000/0000/Guesstimate
R000000017/1.000000/0000/Guesstimate
R000000015/2.222222/0301/R000000016/R000000017
R000000018/1.000000/0000/Guesstimate
R000000019/1.000000/0000/Guesstimate
R000000015/2.222222/0301/R000000018/R000000019
R000000010/3.580247/0112/R000000014/R000000015
R000000002/5.486969/0159/R000000003/R000000010
R000000022/1.000000/0000/Guesstimate
R000000021/2.222222/0004/R000000012/R000000022
R000000023/1.000000/0000/Guesstimate
R000000024/1.000000/0000/Guesstimate
R000000021/3.333333/0225/R000000012/R000000023/R000000024
R000000020/5.212621/0159/R000000003/R000000021
R000000025/2.222222/0004/R000000017/R000000022
M000000027/1.000000/0000/Sigma_BB-28524129
R000000026/2.222222/0212/R000000013/M000000027
M000000028/1.000000/0000/Sigma_BB-28776399
R000000029/1.000000/0000/Guesstimate
R000000026/2.222222/0212/M000000028/R000000029
R000000025/2.469136/0024/R000000026
R000000002/8.260937/0212/R000000020/R000000025
R000000001/6.096632/0287/R000000002
M000000033/1.000000/0000/Sigma_BB-28968979
R000000032/3.854596/0159/R000000003/M000000033
R000000031/4.282884/0287/R000000032
R000000034/1.000000/0000/Guesstimate
R000000030/5.869872/0122/R000000031/R000000034
R000000037/1.000000/0000/Guesstimate
R000000036/3.854596/0159/R000000003/R000000037
R000000035/4.282884/0287/R000000036
R000000039/1.000000/0000/Guesstimate
R000000038/2.222222/0122/R000000039/R000000034
R000000041/1.000000/0000/Guesstimate
R000000040/2.222222/0003/R000000041/R000000029
R000000042/1.000000/0000/Guesstimate
M000000043/1.000000/0000/Sigma_BB-30415053
R000000040/2.222222/0049/R000000042/M000000043
R000000038/2.469136/0147/R000000040
R000000030/7.227896/0231/R000000035/R000000038
R000000001/6.522080/0294/R000000030
Q000000002/7.959492/0000/R000000044
R000000048/1.000000/0000/Guesstimate
R000000049/1.000000/0000/Guesstimate
R000000047/2.222222/0279/R000000048/R000000049
R000000047/2.222222/0279/R000000048/R000000049
M000000051/1.000000/0000/Sigma_BB-28517210
R000000050/3.580247/0212/R000000021/M000000051
R000000050/3.580247/0212/R000000021/M000000051
R000000046/6.447188/0159/R000000047/R000000050
R000000045/7.163543/0287/R000000046
R000000044/7.959492/0040/R000000045
R000000053/5.791801/0287/R000000020
R000000055/1.000000/0000/Guesstimate
R000000054/2.222222/0004/R000000055/R000000022
R000000058/1.000000/0000/Guesstimate
R000000057/2.222222/0004/R000000022/R000000058
R000000062/1.000000/0000/Guesstimate
R000000063/1.000000/0000/Guesstimate
R000000061/2.222222/0174/R000000062/R000000063
R000000061/2.222222/0289/R000000062/R000000063
R000000060/2.469136/0197/R000000061
R000000064/7.400000/0000/Guesstimate
R000000060/8.222222/0091/R000000064
R000000059/3.854596/0112/R000000055/R000000060
R000000059/9.333333/0003/R000000058/R000000064
R000000057/4.282884/0025/R000000059
R000000056/3.580247/0212/R000000057/M000000027
R000000056/3.580247/0212/R000000057/M000000027
R000000054/3.978053/0024/R000000056
R000000052/8.904470/0212/R000000053/R000000054
R000000065/6.435335/0093/R000000053
M000000066/1.000000/0000/Sigma_BB-28247348
R000000065/7.546446/0212/R000000053/M000000066
R000000052/9.619508/0212/R000000065/R000000057
R000000044/9.893856/0039/R000000052
Q000000003/8.008604/0000/R000000067
R000000070/4.938272/0159/R000000047/R000000021
R000000069/5.486969/0287/R000000070
M000000071/1.000000/0000/Sigma_BB-27568240
R000000068/7.207744/0212/R000000069/M000000071
R000000068/7.207744/0212/R000000069/M000000071
R000000067/8.008604/0040/R000000068
R000000075/1.000000/0000/Guesstimate
R000000074/3.580247/0212/R000000021/R000000075
R000000074/3.580247/0212/R000000021/R000000075
R000000073/6.721537/0159/R000000003/R000000074
R000000073/6.902912/0212/R000000020/R000000075
R000000072/7.468375/0287/R000000073
R000000076/1.000000/0000/Guesstimate
R000000067/9.409305/0122/R000000072/R000000076
<NEXT>