#
#  Reaction log file
#  Author: LigBuilder V3 User_Diana
#  Creation time: Wed Feb 25 22:12:35 2026
#  Format:
#  QueryMoleculeId/Cost/SynthesizeId/ReactantId1/ReactantId2/ReactantId3.....
#  Id prefix:
#  Q --- Query Molecule
#  M --- Material
#  R --- Reactant
#
Directory      result/synthesize_HsDHODH/91/DATABASE/
#
Q000000001/5.791801/0000/R000000001
R000000004/1.000000/0000/Guesstimate
R000000006/1.000000/0000/Guesstimate
R000000007/1.000000/0000/Guesstimate
R000000005/2.222222/0279/R000000006/R000000007
R000000005/2.222222/0279/R000000006/R000000007
R000000003/3.580247/0159/R000000004/R000000005
R000000009/1.000000/0000/Guesstimate
R000000010/1.000000/0000/Guesstimate
R000000008/2.222222/0012/R000000009/R000000010
R000000008/2.222222/0285/R000000009/R000000010
R000000011/1.000000/0000/Guesstimate
R000000003/3.580247/0159/R000000008/R000000011
R000000013/1.000000/0000/Guesstimate
R000000012/1.111111/0293/R000000013
R000000015/1.000000/0000/Guesstimate
R000000014/1.111111/0228/R000000015
R000000014/1.111111/0286/R000000015
R000000012/1.234568/0090/R000000014
R000000002/5.212621/0112/R000000003/R000000012
R000000001/5.791801/0147/R000000002
R000000019/1.000000/0000/Guesstimate
R000000018/2.222222/0279/R000000019/R000000006
R000000018/2.222222/0279/R000000019/R000000006
R000000021/1.000000/0000/Guesstimate
R000000020/2.345679/0003/R000000021/R000000012
R000000022/1.000000/0000/Guesstimate
R000000020/2.345679/0277/R000000022/R000000012
R000000017/5.075447/0159/R000000018/R000000020
R000000024/1.000000/0000/Guesstimate
R000000025/1.000000/0000/Guesstimate
R000000023/2.222222/0159/R000000024/R000000025
R000000026/1.000000/0000/Guesstimate
R000000023/3.580247/0159/R000000018/R000000026
R000000029/1.000000/0000/Guesstimate
R000000030/1.000000/0000/Guesstimate
R000000028/2.222222/0274/R000000029/R000000030
R000000031/1.000000/0000/Guesstimate
R000000032/1.000000/0000/Guesstimate
R000000028/2.222222/0274/R000000031/R000000032
R000000027/2.469136/0122/R000000028
R000000027/2.469136/0122/R000000028
R000000017/5.212621/0175/R000000023/R000000027
R000000016/5.639385/0287/R000000017
R000000001/6.265984/0040/R000000016
Q000000002/6.981021/0000/R000000033
R000000036/3.978053/0092/R000000003
R000000039/1.000000/0000/Guesstimate
R000000038/3.580247/0159/R000000039/R000000005
R000000040/1.000000/0000/Guesstimate
R000000038/5.089163/0119/R000000003/R000000040
R000000037/3.978053/0092/R000000038
R000000042/1.000000/0000/Guesstimate
R000000041/5.089163/0275/R000000038/R000000042
R000000041/5.089163/0276/R000000003/R000000040
R000000037/5.654626/0093/R000000041
R000000036/4.420059/0024/R000000037
R000000035/4.420059/0197/R000000036
R000000045/8.400000/0000/Guesstimate
R000000044/9.333333/0114/R000000045
R000000043/9.333333/0125/R000000044
R000000046/1.000000/0000/Guesstimate
R000000048/6.700000/0000/Guesstimate
R000000047/7.444445/0114/R000000048
R000000050/1.000000/0000/Guesstimate
R000000049/8.555555/0175/R000000048/R000000050
R000000049/8.555555/0290/R000000048/R000000050
R000000047/9.506173/0197/R000000049
R000000043/9.382716/0174/R000000046/R000000047
R000000035/9.382716/0040/R000000043
M000000053/1.000000/0000/Sigma_BB-136511827
R000000052/1.111111/0099/M000000053
R000000051/1.234568/0293/R000000052
R000000034/6.282919/0301/R000000035/R000000051
R000000034/6.282919/0301/R000000035/R000000051
R000000033/6.981021/0028/R000000034
R000000057/1.000000/0000/Guesstimate
R000000056/2.222222/0004/R000000057/R000000021
R000000058/1.000000/0000/Guesstimate
R000000059/1.000000/0000/Guesstimate
R000000056/2.222222/0122/R000000058/R000000059
R000000055/2.469136/0004/R000000056
R000000061/1.000000/0000/Guesstimate
R000000060/2.222222/0049/R000000061/R000000059
R000000062/1.000000/0000/Guesstimate
R000000060/2.222222/0112/R000000062/R000000046
R000000055/2.469136/0040/R000000060
R000000054/7.163543/0212/R000000037/R000000055
R000000054/7.163543/0212/R000000037/R000000055
R000000033/7.959492/0024/R000000054
Q000000003/5.080527/0000/R000000063
M000000068/1.000000/0000/Sigma_BB-28777622
R000000067/1.111111/0091/M000000068
R000000069/1.000000/0000/Guesstimate
R000000070/1.000000/0000/Guesstimate
R000000067/2.222222/0112/R000000069/R000000070
R000000066/3.703704/0175/R000000023/R000000067
R000000066/3.703704/0290/R000000023/R000000067
R000000065/4.115227/0287/R000000066
R000000071/8.555555/0174/R000000046/R000000048
R000000071/9.333333/0125/R000000045
R000000065/9.666666/0175/R000000071/R000000067
R000000064/4.572474/0059/R000000065
M000000075/1.000000/0000/Sigma_BB-28782701
R000000074/1.111111/0086/M000000075
R000000074/1.111111/0091/M000000075
R000000073/3.703704/0175/R000000023/R000000074
R000000073/3.703704/0290/R000000023/R000000074
R000000072/4.115227/0287/R000000073
R000000072/9.666666/0175/R000000071/R000000074
R000000064/4.572474/0155/R000000072
R000000063/5.080527/0040/R000000064
M000000077/1.000000/0000/Sigma_BB-30407107
R000000076/5.531170/0212/R000000037/M000000077
R000000076/5.531170/0212/R000000037/M000000077
R000000063/6.145744/0024/R000000076
Q000000004/5.791801/0000/R000000001
<NEXT>