#
#  Reaction log file
#  Author: LigBuilder V3 User_Diana
#  Creation time: Wed Feb 25 22:11:46 2026
#  Format:
#  QueryMoleculeId/Cost/SynthesizeId/ReactantId1/ReactantId2/ReactantId3.....
#  Id prefix:
#  Q --- Query Molecule
#  M --- Material
#  R --- Reactant
#
Directory      result/synthesize_HsDHODH/64/DATABASE/
#
Q000000001/Analysis Failed
Q000000002/4.267643/0000/R000000001
M000000005/1.000000/0000/Sigma_BB-152390897
R000000004/1.111111/0287/M000000005
R000000003/1.234568/0299/R000000004
R000000003/1.234568/0299/R000000004
R000000007/1.000000/0000/Guesstimate
R000000008/1.000000/0000/Guesstimate
R000000006/2.222222/0122/R000000007/R000000008
R000000010/1.000000/0000/Guesstimate
R000000011/1.000000/0000/Guesstimate
R000000009/2.222222/0112/R000000010/R000000011
R000000012/1.000000/0000/Guesstimate
R000000013/1.000000/0000/Guesstimate
R000000009/2.222222/0112/R000000012/R000000013
R000000006/2.469136/0147/R000000009
R000000002/3.840878/0231/R000000003/R000000006
R000000015/1.000000/0000/Guesstimate
R000000014/2.482853/0231/R000000003/R000000015
R000000016/2.345679/0231/R000000004/R000000015
R000000014/2.606310/0299/R000000016
R000000017/1.000000/0000/Guesstimate
R000000002/3.869837/0279/R000000014/R000000017
R000000001/4.267643/0294/R000000002
R000000021/1.000000/0000/Guesstimate
R000000020/2.222222/0112/R000000021/R000000011
R000000022/1.000000/0000/Guesstimate
R000000020/2.222222/0112/R000000022/R000000013
R000000019/2.469136/0147/R000000020
R000000024/1.000000/0000/Guesstimate
R000000023/2.222222/0301/R000000024/R000000008
R000000023/2.222222/0301/R000000024/R000000008
R000000019/2.469136/0188/R000000023
R000000018/4.115227/0231/R000000003/R000000019
R000000026/1.000000/0000/Guesstimate
R000000025/2.482853/0231/R000000003/R000000026
R000000027/2.345679/0231/R000000004/R000000026
R000000025/2.606310/0299/R000000027
R000000018/5.502210/0279/R000000025/R000000019
R000000001/4.572474/0294/R000000018
Q000000003/4.640403/0000/R000000028
R000000031/2.482853/0231/R000000003/R000000021
R000000031/3.869837/0279/R000000025/R000000021
R000000030/2.758726/0294/R000000031
R000000032/2.482853/0231/R000000003/R000000010
R000000030/2.758726/0294/R000000032
R000000033/1.000000/0000/Guesstimate
R000000029/4.176363/0112/R000000030/R000000033
R000000034/3.065251/0125/R000000030
R000000035/1.000000/0000/Guesstimate
R000000034/4.176363/0112/R000000030/R000000035
R000000036/1.000000/0000/Guesstimate
R000000029/4.516946/0138/R000000034/R000000036
R000000028/4.640403/0147/R000000029
R000000038/1.000000/0000/Guesstimate
R000000037/4.176363/0003/R000000030/R000000038
M000000039/1.000000/0000/Sigma_BB-30415053
R000000037/4.516946/0049/R000000034/M000000039
R000000028/4.640403/0147/R000000037
<NEXT>