#
#  Reaction log file
#  Author: LigBuilder V3 User_Diana
#  Creation time: Wed Feb 25 22:14:55 2026
#  Format:
#  QueryMoleculeId/Cost/SynthesizeId/ReactantId1/ReactantId2/ReactantId3.....
#  Id prefix:
#  Q --- Query Molecule
#  M --- Material
#  R --- Reactant
#
Directory      result/synthesize_HsDHODH/139/DATABASE/
#
Q000000001/4.130468/0000/R000000001
M000000005/1.000000/0000/Sigma_BB-36007351
R000000004/1.111111/0099/M000000005
R000000004/1.111111/0099/M000000005
R000000006/1.000000/0000/Guesstimate
R000000003/2.345679/0226/R000000004/R000000006
R000000003/2.345679/0226/R000000004/R000000006
M000000007/1.000000/0000/Sigma_BB-27336472
R000000002/3.717421/0231/R000000003/M000000007
R000000001/4.130468/0099/R000000002
R000000001/4.130468/0099/R000000002
Q000000002/4.282884/0000/R000000008
M000000012/1.000000/0000/Sigma_BB-28452414
R000000013/1.000000/0000/Guesstimate
R000000011/2.222222/0175/M000000012/R000000013
M000000014/1.000000/0000/Sigma_BB-28828976
M000000015/1.000000/0000/Sigma_BB-27927314
R000000011/2.222222/0231/M000000014/M000000015
R000000010/2.469136/0125/R000000011
R000000016/1.000000/0000/Guesstimate
R000000010/3.580247/0112/R000000011/R000000016
R000000017/1.000000/0000/Guesstimate
R000000009/3.854596/0170/R000000010/R000000017
R000000020/1.000000/0000/Guesstimate
R000000019/2.222222/0175/M000000012/R000000020
R000000019/2.222222/0290/M000000012/R000000020
R000000018/2.469136/0125/R000000019
R000000018/3.580247/0112/R000000019/R000000016
R000000021/1.000000/0000/Guesstimate
R000000009/3.854596/0170/R000000018/R000000021
R000000008/4.282884/0059/R000000009
R000000025/1.000000/0000/Guesstimate
R000000026/1.000000/0000/Guesstimate
R000000024/2.222222/0012/R000000025/R000000026
R000000024/2.222222/0285/R000000025/R000000026
R000000023/2.469136/0285/R000000024
R000000027/2.222222/0012/R000000025/R000000026
R000000027/2.222222/0285/R000000025/R000000026
R000000023/2.469136/0285/R000000027
M000000030/1.000000/0000/Sigma_BB-28753226
R000000031/1.000000/0000/Guesstimate
R000000029/2.222222/0112/M000000030/R000000031
M000000032/1.000000/0000/Sigma_BB-128887467
R000000029/2.222222/0170/M000000032/R000000021
R000000028/2.469136/0147/R000000029
M000000034/1.000000/0000/Sigma_BB-34438168
R000000033/2.222222/0170/M000000034/R000000017
M000000035/1.000000/0000/Sigma_BB-27438940
R000000033/2.222222/0170/M000000035/R000000021
R000000028/2.469136/0153/R000000033
R000000022/5.486969/0231/R000000023/R000000028
R000000008/6.096632/0082/R000000022
Q000000003/4.282884/0000/R000000008
<NEXT>