#
#  Reaction log file
#  Author: LigBuilder V3 User_Diana
#  Creation time: Wed Feb 25 22:19:51 2026
#  Format:
#  QueryMoleculeId/Cost/SynthesizeId/ReactantId1/ReactantId2/ReactantId3.....
#  Id prefix:
#  Q --- Query Molecule
#  M --- Material
#  R --- Reactant
#
Directory      result/synthesize_HsDHODH/286/DATABASE/
#
Q000000001/2.758726/0000/R000000001
M000000005/1.000000/0000/Sigma_BB-248786018
R000000004/1.111111/0299/M000000005
R000000003/1.234568/0287/R000000004
M000000007/1.000000/0000/Sigma_BB-308324471
R000000008/1.000000/0000/Guesstimate
R000000006/2.222222/0231/M000000007/R000000008
R000000003/2.469136/0294/R000000006
R000000009/1.000000/0000/Guesstimate
R000000002/2.482853/0170/R000000003/R000000009
R000000010/1.371742/0156/R000000003
R000000011/1.371742/0217/R000000003
R000000010/1.524158/0059/R000000011
R000000012/1.000000/0000/Guesstimate
R000000002/2.635269/0170/R000000010/R000000012
R000000001/2.758726/0024/R000000002
R000000015/1.000000/0000/Guesstimate
R000000014/2.635269/0170/R000000010/R000000015
R000000017/1.000000/0000/Guesstimate
R000000016/2.482853/0170/R000000003/R000000017
R000000018/1.000000/0000/Guesstimate
R000000016/2.635269/0170/R000000010/R000000018
R000000014/2.758726/0155/R000000016
R000000021/1.000000/0000/Guesstimate
R000000022/1.000000/0000/Guesstimate
R000000020/2.222222/0174/R000000021/R000000022
R000000020/2.222222/0289/R000000021/R000000022
R000000019/2.469136/0197/R000000020
R000000023/7.400000/0000/Guesstimate
R000000019/8.222222/0091/R000000023
R000000013/5.671562/0112/R000000014/R000000019
R000000026/1.000000/0000/Guesstimate
R000000025/3.854596/0112/R000000019/R000000026
R000000025/3.854596/0112/R000000019/R000000026
R000000024/4.282884/0059/R000000025
R000000024/8.444445/0082/R000000027
R000000013/6.130503/0170/R000000003/R000000024
R000000001/6.301735/0025/R000000013
Q000000002/2.758726/0000/R000000001
Q000000003/2.758726/0000/R000000001
Q000000004/2.758726/0000/R000000001
<NEXT>