#
#  Reaction log file
#  Author: LigBuilder V3 User_Diana
#  Creation time: Wed Feb 25 22:15:26 2026
#  Format:
#  QueryMoleculeId/Cost/SynthesizeId/ReactantId1/ReactantId2/ReactantId3.....
#  Id prefix:
#  Q --- Query Molecule
#  M --- Material
#  R --- Reactant
#
Directory      result/synthesize_HsDHODH/174/DATABASE/
#
Q000000001/5.654626/0000/R000000001
R000000004/1.000000/0000/Guesstimate
R000000006/1.000000/0000/Guesstimate
R000000007/1.000000/0000/Guesstimate
R000000005/2.222222/0279/R000000006/R000000007
R000000005/2.222222/0279/R000000006/R000000007
R000000003/3.580247/0159/R000000004/R000000005
R000000009/1.000000/0000/Guesstimate
R000000010/1.000000/0000/Guesstimate
R000000008/2.222222/0012/R000000009/R000000010
R000000008/2.222222/0285/R000000009/R000000010
R000000011/1.000000/0000/Guesstimate
R000000003/3.580247/0159/R000000008/R000000011
R000000012/1.000000/0000/Guesstimate
R000000002/5.089163/0112/R000000003/R000000012
R000000015/1.000000/0000/Guesstimate
R000000016/1.000000/0000/Guesstimate
R000000014/2.222222/0081/R000000015/R000000016
R000000017/1.000000/0000/Guesstimate
R000000014/2.222222/0210/R000000015/R000000017
R000000013/2.469136/0091/R000000014
R000000019/1.000000/0000/Guesstimate
R000000018/2.222222/0112/R000000019/R000000012
R000000013/2.469136/0197/R000000018
R000000022/1.000000/0000/Guesstimate
R000000021/1.111111/0125/R000000022
R000000023/1.000000/0000/Guesstimate
R000000021/2.222222/0112/R000000022/R000000023
R000000020/2.345679/0159/R000000021/R000000011
R000000024/1.000000/0000/Guesstimate
R000000020/3.580247/0159/R000000024/R000000005
R000000002/5.349795/0112/R000000013/R000000020
R000000001/5.654626/0059/R000000002
R000000028/1.000000/0000/Guesstimate
R000000027/2.222222/0256/R000000028/R000000012
R000000026/2.469136/0219/R000000027
R000000029/8.200000/0000/Guesstimate
R000000026/9.111111/0139/R000000029
R000000032/1.000000/0000/Guesstimate
R000000031/3.580247/0159/R000000032/R000000005
R000000030/3.978053/0059/R000000031
R000000033/1.000000/0000/Guesstimate
R000000030/5.089163/0224/R000000031/R000000033
R000000025/7.163543/0231/R000000026/R000000030
R000000001/7.959492/0082/R000000025
Q000000002/Analysis Failed
Q000000003/Analysis Failed
<NEXT>