#
#  Reaction log file
#  Author: LigBuilder V3 User_Diana
#  Creation time: Wed Feb 25 22:14:15 2026
#  Format:
#  QueryMoleculeId/Cost/SynthesizeId/ReactantId1/ReactantId2/ReactantId3.....
#  Id prefix:
#  Q --- Query Molecule
#  M --- Material
#  R --- Reactant
#
Directory      result/synthesize_HsDHODH/132/DATABASE/
#
Q000000001/5.654626/0000/R000000001
R000000005/1.000000/0000/Guesstimate
R000000006/1.000000/0000/Guesstimate
R000000004/2.222222/0003/R000000005/R000000006
R000000007/1.000000/0000/Guesstimate
M000000008/1.000000/0000/Sigma_BB-30415053
R000000004/2.222222/0049/R000000007/M000000008
R000000009/1.000000/0000/Guesstimate
R000000003/3.580247/0159/R000000004/R000000009
R000000003/3.580247/0159/R000000004/R000000009
R000000010/1.000000/0000/Guesstimate
R000000002/5.089163/0012/R000000003/R000000010
R000000012/1.000000/0000/Guesstimate
R000000011/5.089163/0285/R000000003/R000000012
R000000013/1.000000/0000/Guesstimate
R000000002/6.765737/0112/R000000011/R000000013
R000000001/5.654626/0059/R000000002
R000000017/1.000000/0000/Guesstimate
R000000018/1.000000/0000/Guesstimate
R000000016/2.222222/0012/R000000017/R000000018
R000000019/1.000000/0000/Guesstimate
R000000020/1.000000/0000/Guesstimate
R000000016/2.222222/0112/R000000019/R000000020
R000000015/4.938272/0159/R000000004/R000000016
R000000021/1.000000/0000/Guesstimate
R000000014/6.598080/0003/R000000015/R000000021
R000000024/1.000000/0000/Guesstimate
R000000023/2.222222/0012/R000000024/R000000018
R000000025/1.000000/0000/Guesstimate
R000000023/2.222222/0112/R000000025/R000000020
R000000022/4.938272/0159/R000000004/R000000023
R000000022/5.486969/0091/R000000015
R000000028/1.000000/0000/Guesstimate
R000000029/1.000000/0000/Guesstimate
R000000027/2.222222/0112/R000000028/R000000029
R000000030/1.000000/0000/Guesstimate
R000000027/2.222222/0112/R000000030/R000000013
R000000026/2.469136/0059/R000000027
R000000032/1.000000/0000/Guesstimate
R000000031/2.222222/0004/R000000032/R000000013
R000000033/1.000000/0000/Guesstimate
R000000031/3.333333/0225/R000000028/R000000013/R000000033
R000000026/2.469136/0153/R000000031
R000000014/8.230453/0112/R000000022/R000000026
R000000001/7.331201/0099/R000000014
Q000000002/Analysis Failed
Q000000003/Analysis Failed
Q000000004/4.130468/0000/R000000034
M000000038/1.000000/0000/Sigma_BB-90496698
R000000037/1.111111/0299/M000000038
R000000039/1.000000/0000/Guesstimate
R000000036/2.345679/0175/R000000037/R000000039
R000000041/1.000000/0000/Guesstimate
R000000040/2.345679/0175/R000000037/R000000041
R000000040/2.345679/0290/R000000037/R000000041
R000000042/1.000000/0000/Guesstimate
R000000036/3.717421/0212/R000000040/R000000042
R000000043/1.000000/0000/Guesstimate
R000000035/3.717421/0175/R000000036/R000000043
R000000044/2.345679/0175/R000000037/R000000043
R000000045/2.345679/0174/R000000037/R000000043
R000000045/2.345679/0289/R000000037/R000000043
R000000044/2.606310/0147/R000000045
R000000035/3.717421/0175/R000000044/R000000039
R000000034/4.130468/0139/R000000035
M000000049/1.000000/0000/Sigma_BB-30751968
R000000048/1.111111/0204/M000000049
M000000050/1.000000/0000/Sigma_BB-390724664
R000000048/1.111111/0217/M000000050
R000000051/1.000000/0000/Guesstimate
R000000047/2.345679/0285/R000000048/R000000051
R000000052/2.222222/0285/M000000049/R000000051
R000000047/2.469136/0204/R000000052
R000000053/1.000000/0000/Guesstimate
R000000046/3.717421/0159/R000000047/R000000053
R000000034/4.130468/0147/R000000046
<NEXT>