#
#  Reaction log file
#  Author: LigBuilder V3 User_Diana
#  Creation time: Wed Feb 25 22:10:02 2026
#  Format:
#  QueryMoleculeId/Cost/SynthesizeId/ReactantId1/ReactantId2/ReactantId3.....
#  Id prefix:
#  Q --- Query Molecule
#  M --- Material
#  R --- Reactant
#
Directory      result/synthesize_HsDHODH/11/DATABASE/
#
Q000000001/7.959492/0000/R000000001
R000000005/1.000000/0000/Guesstimate
R000000006/1.000000/0000/Guesstimate
R000000004/2.222222/0279/R000000005/R000000006
R000000004/2.222222/0279/R000000005/R000000006
R000000008/1.000000/0000/Guesstimate
R000000010/1.000000/0000/Guesstimate
R000000011/1.000000/0000/Guesstimate
R000000009/2.222222/0285/R000000010/R000000011
R000000013/1.000000/0000/Guesstimate
R000000012/2.222222/0285/R000000010/R000000013
R000000009/2.469136/0091/R000000012
R000000007/3.580247/0275/R000000008/R000000009
R000000003/6.447188/0159/R000000004/R000000007
R000000014/3.580247/0159/R000000004/R000000008
R000000003/6.447188/0275/R000000014/R000000009
R000000002/7.163543/0287/R000000003
R000000001/7.959492/0040/R000000002
R000000017/3.978053/0213/R000000014
R000000016/4.420059/0040/R000000017
R000000015/7.380312/0275/R000000016/R000000009
R000000001/8.200347/0197/R000000015
Q000000002/6.096632/0000/R000000018
R000000022/1.000000/0000/Guesstimate
R000000021/2.222222/0279/R000000022/R000000006
R000000021/2.222222/0279/R000000022/R000000006
R000000024/1.000000/0000/Guesstimate
R000000023/2.222222/0169/R000000008/R000000024
R000000025/1.000000/0000/Guesstimate
R000000023/2.222222/0274/R000000008/R000000025
R000000020/4.938272/0159/R000000021/R000000023
R000000019/5.486969/0287/R000000020
R000000018/6.096632/0024/R000000019
R000000029/3.978053/0287/R000000014
R000000030/9.600000/0000/Guesstimate
R000000029/9.600000/0125/R000000030
R000000031/1.000000/0000/Guesstimate
R000000028/5.531170/0274/R000000029/R000000031
R000000027/6.145744/0040/R000000028
R000000033/4.420059/0040/R000000029
R000000034/3.978053/0040/R000000014
R000000033/4.420059/0287/R000000034
R000000035/1.000000/0000/Guesstimate
R000000032/6.022288/0274/R000000033/R000000035
R000000027/6.691431/0155/R000000032
M000000038/1.000000/0000/Sigma_BB-28783903
R000000037/1.111111/0293/M000000038
R000000036/1.234568/0293/R000000037
R000000026/8.200347/0301/R000000027/R000000036
R000000026/8.200347/0301/R000000027/R000000036
R000000018/9.111497/0028/R000000026
Q000000003/4.911177/0000/R000000039
M000000043/1.000000/0000/Sigma_BB-28766009
R000000042/3.580247/0159/R000000021/M000000043
R000000041/3.978053/0287/R000000042
R000000040/4.420059/0198/R000000041
R000000046/1.000000/0000/Guesstimate
R000000045/6.022288/0274/R000000033/R000000046
R000000047/1.000000/0000/Guesstimate
R000000045/7.939716/0301/R000000027/R000000047
R000000048/1.000000/0000/Guesstimate
R000000044/7.802542/0119/R000000045/R000000048
R000000049/6.022288/0119/R000000033/R000000048
R000000049/6.022288/0280/R000000033/R000000048
R000000044/7.802542/0274/R000000049/R000000046
R000000040/9.780602/0122/R000000044/R000000010
R000000039/4.911177/0024/R000000040
R000000053/1.000000/0000/Guesstimate
R000000052/5.531170/0274/R000000029/R000000053
R000000051/6.145744/0040/R000000052
R000000055/1.000000/0000/Guesstimate
R000000054/6.022288/0274/R000000033/R000000055
R000000056/1.000000/0000/Guesstimate
R000000054/7.133399/0261/R000000033/R000000056/R000000048
R000000051/6.691431/0024/R000000054
M000000059/1.000000/0000/Sigma_BB-130314282
R000000058/1.111111/0245/M000000059
R000000058/1.111111/0245/M000000059
R000000057/1.234568/0155/R000000058
R000000061/1.000000/0000/Guesstimate
M000000062/1.000000/0000/Sigma_BB-28830366
R000000060/2.222222/0004/R000000061/M000000062
R000000060/2.222222/0277/R000000061/M000000062
R000000057/2.469136/0197/R000000060
R000000050/8.200347/0212/R000000051/R000000057
R000000050/8.200347/0212/R000000051/R000000057
R000000039/9.111497/0028/R000000050
<NEXT>