#
#  Reaction log file
#  Author: LigBuilder V3 User_Diana
#  Creation time: Wed Feb 25 22:14:16 2026
#  Format:
#  QueryMoleculeId/Cost/SynthesizeId/ReactantId1/ReactantId2/ReactantId3.....
#  Id prefix:
#  Q --- Query Molecule
#  M --- Material
#  R --- Reactant
#
Directory      result/synthesize_HsDHODH/137/DATABASE/
#
Q000000001/2.606310/0000/R000000001
R000000003/1.000000/0000/Guesstimate
M000000005/1.000000/0000/Sigma_BB-308324471
R000000004/1.111111/0287/M000000005
M000000007/1.000000/0000/Sigma_BB-326697832
R000000006/1.111111/0287/M000000007
R000000009/1.000000/0000/Guesstimate
M000000010/1.000000/0000/Sigma_BB-30391580
R000000008/2.222222/0112/R000000009/M000000010
M000000011/1.000000/0000/Sigma_BB-88360669
R000000008/2.222222/0174/R000000009/M000000011
R000000006/2.469136/0197/R000000008
R000000004/1.234568/0154/R000000006
R000000002/2.345679/0231/R000000003/R000000004
R000000013/1.000000/0000/Guesstimate
R000000012/2.345679/0231/R000000013/R000000004
R000000015/1.000000/0000/Guesstimate
R000000014/2.222222/0003/M000000010/R000000015
R000000016/1.000000/0000/Guesstimate
R000000014/2.222222/0175/R000000016/M000000011
R000000017/1.000000/0000/Guesstimate
R000000012/3.580247/0012/R000000014/R000000017
R000000002/2.606310/0041/R000000012
R000000001/2.606310/0082/R000000002
R000000020/1.000000/0000/Guesstimate
R000000019/2.345679/0112/R000000006/R000000020
R000000019/2.469136/0091/R000000008
R000000018/2.606310/0079/R000000019
R000000018/2.606310/0082/R000000012
R000000001/2.895900/0041/R000000018
Q000000002/4.159427/0000/R000000021
R000000022/1.000000/0000/Guesstimate
R000000026/1.000000/0000/Guesstimate
R000000027/1.000000/0000/Guesstimate
R000000025/2.222222/0158/R000000026/R000000027
R000000025/2.222222/0158/R000000026/R000000027
R000000024/2.469136/0188/R000000025
R000000029/1.000000/0000/Guesstimate
R000000028/2.222222/0158/R000000026/R000000029
R000000028/2.222222/0158/R000000026/R000000029
R000000024/2.469136/0188/R000000028
R000000023/2.743484/0160/R000000024
R000000032/1.000000/0000/Guesstimate
R000000031/2.222222/0279/R000000013/R000000032
R000000031/2.222222/0279/R000000013/R000000032
R000000033/1.000000/0000/Guesstimate
R000000030/3.580247/0159/R000000031/R000000033
R000000035/7.800000/0000/Guesstimate
R000000034/8.666667/0164/R000000035
R000000036/1.000000/0000/Guesstimate
R000000034/9.777779/0174/R000000035/R000000036
R000000030/9.629630/0040/R000000034
R000000023/3.978053/0197/R000000030
R000000021/4.159427/0174/R000000022/R000000023
R000000040/1.000000/0000/Guesstimate
R000000041/1.000000/0000/Guesstimate
R000000039/2.222222/0279/R000000040/R000000041
R000000039/2.222222/0279/R000000040/R000000041
R000000042/1.000000/0000/Guesstimate
R000000038/3.580247/0159/R000000039/R000000042
R000000044/1.000000/0000/Guesstimate
R000000043/2.222222/0279/R000000040/R000000044
R000000043/2.222222/0279/R000000040/R000000044
R000000045/1.000000/0000/Guesstimate
R000000038/3.580247/0159/R000000043/R000000045
R000000037/3.978053/0287/R000000038
R000000046/1.000000/0000/Guesstimate
R000000021/5.531170/0112/R000000037/R000000046
Q000000003/4.159427/0000/R000000021
Q000000004/4.159427/0000/R000000021
<NEXT>