#
#  Reaction log file
#  Author: LigBuilder V3 User_Diana
#  Creation time: Wed Feb 25 22:20:24 2026
#  Format:
#  QueryMoleculeId/Cost/SynthesizeId/ReactantId1/ReactantId2/ReactantId3.....
#  Id prefix:
#  Q --- Query Molecule
#  M --- Material
#  R --- Reactant
#
Directory      result/synthesize_HsDHODH/300/DATABASE/
#
Q000000001/4.572474/0000/R000000001
M000000005/1.000000/0000/Sigma_BB-48703203
R000000004/1.111111/0153/M000000005
R000000003/1.234568/0114/R000000004
R000000008/1.000000/0000/Guesstimate
R000000009/1.000000/0000/Guesstimate
R000000007/2.222222/0003/R000000008/R000000009
R000000010/1.000000/0000/Guesstimate
R000000011/1.000000/0000/Guesstimate
R000000007/2.222222/0122/R000000010/R000000011
R000000006/2.469136/0041/R000000007
R000000013/1.000000/0000/Guesstimate
R000000014/1.000000/0000/Guesstimate
R000000012/2.222222/0003/R000000013/R000000014
R000000015/1.000000/0000/Guesstimate
R000000016/1.000000/0000/Guesstimate
R000000012/2.222222/0112/R000000015/R000000016
R000000006/2.469136/0099/R000000012
R000000002/4.115227/0274/R000000003/R000000006
R000000001/4.572474/0222/R000000002
M000000019/1.000000/0000/Sigma_BB-28759591
R000000021/1.000000/0000/Guesstimate
R000000022/1.000000/0000/Guesstimate
R000000020/2.222222/0279/R000000021/R000000022
R000000020/2.222222/0279/R000000021/R000000022
R000000018/3.580247/0159/M000000019/R000000020
R000000017/3.978053/0041/R000000018
R000000025/1.000000/0000/Guesstimate
R000000024/2.222222/0003/R000000025/R000000014
R000000026/1.000000/0000/Guesstimate
R000000027/1.111111/0040/R000000011
R000000028/1.000000/0000/Guesstimate
R000000027/2.222222/0004/R000000014/R000000028
R000000024/2.345679/0003/R000000026/R000000027
R000000023/2.469136/0099/R000000024
R000000030/1.000000/0000/Guesstimate
R000000031/1.000000/0000/Guesstimate
R000000029/2.222222/0003/R000000030/R000000031
R000000032/1.000000/0000/Guesstimate
R000000033/1.234568/0085/R000000027
R000000034/1.000000/0000/Guesstimate
R000000033/2.222222/0004/R000000014/R000000034
R000000029/2.482853/0049/R000000032/R000000033
R000000023/2.469136/0099/R000000029
R000000001/7.163543/0274/R000000017/R000000023
Q000000002/Analysis Failed
Q000000003/5.486969/0000/R000000035
M000000038/1.000000/0000/Sigma_BB-48919321
R000000037/2.222222/0003/M000000038/R000000008
M000000041/1.000000/0000/Sigma_BB-321764235
R000000040/1.111111/0009/M000000041
M000000042/1.000000/0000/Sigma_BB-28841898
R000000040/2.222222/0003/M000000042/R000000008
R000000043/1.000000/0000/Guesstimate
R000000039/2.345679/0004/R000000040/R000000043
R000000037/2.606310/0009/R000000039
R000000045/1.000000/0000/Guesstimate
R000000046/1.000000/0000/Guesstimate
R000000044/2.222222/0301/R000000045/R000000046
R000000044/2.222222/0301/R000000045/R000000046
R000000036/4.938272/0122/R000000037/R000000044
R000000047/3.703704/0122/R000000040/R000000044
R000000047/3.703704/0122/R000000040/R000000044
R000000048/1.000000/0000/Guesstimate
R000000036/5.226338/0112/R000000047/R000000048
R000000035/5.486969/0041/R000000036
M000000052/1.000000/0000/Sigma_BB-298903747
R000000053/1.000000/0000/Guesstimate
R000000051/2.222222/0212/M000000052/R000000053
R000000051/2.222222/0212/M000000052/R000000053
R000000050/3.580247/0122/R000000051/R000000046
R000000054/1.111111/0197/M000000052
R000000055/2.222222/0003/R000000008/R000000046
R000000056/1.000000/0000/Guesstimate
R000000055/2.222222/0277/R000000056/R000000046
R000000050/3.703704/0122/R000000054/R000000055
R000000049/3.978053/0090/R000000050
M000000058/1.000000/0000/Sigma_BB-28247887
R000000057/3.580247/0003/M000000058/R000000044
R000000059/2.469136/0118/R000000044
R000000059/3.580247/0112/R000000048/R000000044
R000000057/3.854596/0049/M000000052/R000000059
R000000049/3.978053/0099/R000000057
R000000060/1.000000/0000/Guesstimate
R000000035/5.531170/0056/R000000049/R000000060
Q000000004/5.486969/0000/R000000035
<END>