#
#  Reaction log file
#  Author: LigBuilder V3 User_Diana
#  Creation time: Wed Feb 25 22:13:13 2026
#  Format:
#  QueryMoleculeId/Cost/SynthesizeId/ReactantId1/ReactantId2/ReactantId3.....
#  Id prefix:
#  Q --- Query Molecule
#  M --- Material
#  R --- Reactant
#
Directory      result/synthesize_HsDHODH/110/DATABASE/
#
Q000000001/6.096632/0000/R000000001
R000000005/1.000000/0000/Guesstimate
R000000006/1.000000/0000/Guesstimate
R000000004/2.222222/0279/R000000005/R000000006
R000000004/2.222222/0279/R000000005/R000000006
R000000008/1.000000/0000/Guesstimate
R000000009/1.000000/0000/Guesstimate
R000000007/2.222222/0277/R000000008/R000000009
R000000010/1.000000/0000/Guesstimate
R000000007/2.222222/0301/R000000010/R000000009
R000000003/4.938272/0159/R000000004/R000000007
R000000011/3.580247/0159/R000000004/R000000010
R000000003/5.089163/0301/R000000011/R000000009
R000000002/5.486969/0287/R000000003
R000000012/3.978053/0287/R000000011
R000000002/5.531170/0301/R000000012/R000000009
R000000001/6.096632/0024/R000000002
R000000016/1.000000/0000/Guesstimate
R000000015/2.222222/0279/R000000016/R000000006
R000000015/2.222222/0279/R000000016/R000000006
R000000014/4.938272/0159/R000000015/R000000007
R000000017/3.580247/0159/R000000015/R000000010
R000000014/5.089163/0301/R000000017/R000000009
R000000013/5.486969/0287/R000000014
R000000018/3.978053/0287/R000000017
R000000013/5.531170/0301/R000000018/R000000009
R000000001/6.096632/0040/R000000013
Q000000002/6.096632/0000/R000000001
Q000000003/6.145744/0000/R000000019
M000000023/1.000000/0000/Sigma_BB-28769153
R000000022/3.580247/0159/R000000015/M000000023
R000000021/3.978053/0287/R000000022
R000000025/1.000000/0000/Guesstimate
R000000026/6.700000/0000/Guesstimate
R000000024/8.555555/0174/R000000025/R000000026
R000000027/8.400000/0000/Guesstimate
R000000024/9.333333/0125/R000000027
R000000029/1.000000/0000/Guesstimate
R000000028/1.111111/0040/R000000029
R000000030/1.000000/0000/Guesstimate
R000000031/1.000000/0000/Guesstimate
R000000028/2.222222/0004/R000000030/R000000031
R000000021/9.666666/0175/R000000024/R000000028
M000000032/1.000000/0000/Sigma_BB-31286382
R000000020/5.531170/0212/R000000021/M000000032
R000000033/4.420059/0093/R000000021
M000000034/1.000000/0000/Sigma_BB-28247348
R000000033/5.531170/0212/R000000021/M000000034
R000000035/1.000000/0000/Guesstimate
R000000020/6.022288/0212/R000000033/R000000035
R000000019/6.145744/0040/R000000020
R000000039/1.000000/0000/Guesstimate
R000000038/3.580247/0159/R000000004/R000000039
R000000037/3.978053/0287/R000000038
M000000041/1.000000/0000/Sigma_BB-28779481
R000000040/1.111111/0086/M000000041
M000000043/1.000000/0000/Sigma_BB-28775904
R000000042/1.111111/0079/M000000043
R000000044/1.000000/0000/Guesstimate
R000000045/1.000000/0000/Guesstimate
R000000042/2.222222/0003/R000000044/R000000045
R000000040/1.234568/0041/R000000042
R000000036/5.654626/0175/R000000037/R000000040
M000000047/1.000000/0000/Sigma_BB-28843709
R000000046/5.531170/0175/R000000037/M000000047
R000000049/1.000000/0000/Guesstimate
R000000048/5.531170/0175/R000000037/R000000049
R000000048/5.531170/0290/R000000037/R000000049
M000000050/1.000000/0000/Sigma_BB-27568240
R000000046/7.256855/0212/R000000048/M000000050
R000000036/6.145744/0198/R000000046
R000000019/6.282918/0024/R000000036
<NEXT>