#
#  Reaction log file
#  Author: LigBuilder V3 User_Diana
#  Creation time: Wed Feb 25 22:16:45 2026
#  Format:
#  QueryMoleculeId/Cost/SynthesizeId/ReactantId1/ReactantId2/ReactantId3.....
#  Id prefix:
#  Q --- Query Molecule
#  M --- Material
#  R --- Reactant
#
Directory      result/synthesize_HsDHODH/206/DATABASE/
#
Q000000001/6.096632/0000/R000000001
R000000005/1.000000/0000/Guesstimate
R000000006/1.000000/0000/Guesstimate
R000000004/2.222222/0279/R000000005/R000000006
R000000004/2.222222/0279/R000000005/R000000006
R000000008/1.000000/0000/Guesstimate
R000000009/1.000000/0000/Guesstimate
R000000007/2.222222/0003/R000000008/R000000009
R000000010/1.000000/0000/Guesstimate
R000000011/1.000000/0000/Guesstimate
R000000007/2.222222/0049/R000000010/R000000011
R000000003/4.938272/0159/R000000004/R000000007
R000000002/5.486969/0287/R000000003
R000000001/6.096632/0024/R000000002
R000000015/1.000000/0000/Guesstimate
R000000014/2.222222/0279/R000000015/R000000006
R000000014/2.222222/0279/R000000015/R000000006
R000000013/4.938272/0159/R000000014/R000000007
R000000017/8.400000/0000/Guesstimate
R000000018/1.000000/0000/Guesstimate
R000000016/9.400000/0173/R000000017/R000000018
R000000019/1.000000/0000/Guesstimate
R000000016/9.400000/0175/R000000017/R000000019
R000000013/10.000000/0168/R000000016
R000000012/5.486969/0287/R000000013
R000000021/9.333333/0114/R000000017
R000000020/9.333333/0287/R000000021
R000000023/6.700000/0000/Guesstimate
R000000022/7.444445/0114/R000000023
R000000025/1.000000/0000/Guesstimate
R000000024/8.555555/0175/R000000023/R000000025
R000000024/8.555555/0290/R000000023/R000000025
R000000022/9.506173/0197/R000000024
R000000026/1.000000/0000/Guesstimate
R000000020/9.382716/0175/R000000022/R000000026
R000000012/9.382716/0217/R000000020
R000000001/6.096632/0040/R000000012
Q000000002/4.420059/0000/R000000027
R000000030/1.000000/0000/Guesstimate
R000000029/3.580247/0159/R000000004/R000000030
R000000032/1.000000/0000/Guesstimate
R000000033/1.000000/0000/Guesstimate
R000000031/2.222222/0012/R000000032/R000000033
R000000031/2.222222/0285/R000000032/R000000033
R000000034/1.000000/0000/Guesstimate
R000000029/3.580247/0159/R000000031/R000000034
R000000028/3.978053/0287/R000000029
R000000037/1.000000/0000/Guesstimate
R000000036/3.580247/0159/R000000004/R000000037
R000000035/3.978053/0287/R000000036
R000000039/8.555555/0174/R000000025/R000000023
R000000039/8.555555/0289/R000000025/R000000023
R000000038/9.506173/0153/R000000039
R000000041/1.000000/0000/Guesstimate
R000000040/8.555555/0174/R000000041/R000000023
R000000040/8.555555/0289/R000000041/R000000023
R000000038/9.506173/0154/R000000040
R000000035/9.506173/0114/R000000038
R000000042/1.000000/0000/Guesstimate
R000000028/5.531170/0301/R000000035/R000000042
R000000027/4.420059/0024/R000000028
R000000046/1.000000/0000/Guesstimate
R000000047/1.000000/0000/Guesstimate
R000000045/2.222222/0012/R000000046/R000000047
R000000048/1.000000/0000/Guesstimate
R000000049/1.000000/0000/Guesstimate
R000000045/2.222222/0279/R000000048/R000000049
R000000050/1.000000/0000/Guesstimate
R000000044/3.580247/0159/R000000045/R000000050
R000000051/3.580247/0159/R000000045/R000000034
R000000044/3.978053/0287/R000000051
R000000043/3.978053/0147/R000000044
R000000052/3.580247/0159/R000000014/R000000030
R000000052/3.978053/0147/R000000051
R000000043/3.978053/0287/R000000052
R000000027/4.420059/0040/R000000043
Q000000003/4.911177/0000/R000000053
M000000057/1.000000/0000/Sigma_BB-27726820
R000000056/3.580247/0159/R000000004/M000000057
R000000058/1.000000/0000/Guesstimate
R000000056/5.089163/0301/R000000036/R000000058
R000000055/3.978053/0139/R000000056
R000000059/1.000000/0000/Guesstimate
R000000055/5.089163/0122/R000000036/R000000059
R000000054/4.420059/0287/R000000055
R000000054/5.531170/0122/R000000035/R000000059
R000000053/4.911177/0024/R000000054
R000000061/4.420059/0024/R000000035
R000000064/7.444445/0287/R000000023
R000000063/8.271605/0125/R000000064
R000000063/9.382716/0112/R000000019/R000000064
R000000062/9.190673/0114/R000000063
R000000061/9.190673/0040/R000000062
M000000067/1.000000/0000/Sigma_BB-28830366
R000000066/1.111111/0085/M000000067
R000000065/1.234568/0197/R000000066
R000000068/9.200000/0000/Guesstimate
R000000065/9.200000/0155/R000000068
R000000060/6.282919/0301/R000000061/R000000065
R000000060/6.282919/0301/R000000061/R000000065
R000000053/6.981021/0028/R000000060
<NEXT>