#
#  Reaction log file
#  Author: LigBuilder V3 User_Diana
#  Creation time: Wed Feb 25 22:12:02 2026
#  Format:
#  QueryMoleculeId/Cost/SynthesizeId/ReactantId1/ReactantId2/ReactantId3.....
#  Id prefix:
#  Q --- Query Molecule
#  M --- Material
#  R --- Reactant
#
Directory      result/synthesize_HsDHODH/80/DATABASE/
#
Q000000001/6.096632/0000/R000000001
R000000005/1.000000/0000/Guesstimate
R000000006/1.000000/0000/Guesstimate
R000000004/2.222222/0279/R000000005/R000000006
R000000004/2.222222/0279/R000000005/R000000006
R000000008/1.000000/0000/Guesstimate
M000000009/1.000000/0000/Sigma_BB-28830089
R000000007/2.222222/0275/R000000008/M000000009
R000000010/1.000000/0000/Guesstimate
R000000011/1.000000/0000/Guesstimate
R000000007/3.333333/0225/R000000008/R000000010/R000000011
R000000003/4.938272/0159/R000000004/R000000007
R000000012/3.580247/0159/R000000004/R000000008
R000000003/6.200274/0225/R000000012/R000000010/R000000011
R000000002/5.486969/0287/R000000003
R000000015/1.000000/0000/Guesstimate
R000000014/5.089163/0275/R000000012/R000000015
R000000016/1.000000/0000/Guesstimate
R000000014/6.200274/0225/R000000012/R000000016/R000000011
R000000013/5.654626/0287/R000000014
R000000017/1.000000/0000/Guesstimate
R000000002/7.394029/0301/R000000013/R000000017
R000000001/6.096632/0040/R000000002
R000000020/3.978053/0040/R000000012
R000000019/4.420059/0287/R000000020
R000000022/9.600000/0000/Guesstimate
R000000021/9.600000/0125/R000000022
R000000024/7.900000/0000/Guesstimate
R000000023/8.777778/0114/R000000024
R000000021/9.753086/0217/R000000023
R000000019/9.753086/0040/R000000021
R000000025/1.000000/0000/Guesstimate
R000000018/7.133399/0225/R000000019/R000000025/R000000011
R000000027/1.000000/0000/Guesstimate
R000000026/2.222222/0003/R000000027/R000000008
R000000028/1.000000/0000/Guesstimate
R000000029/1.000000/0000/Guesstimate
R000000026/2.222222/0049/R000000028/R000000029
R000000018/7.380312/0275/R000000019/R000000026
R000000001/7.925999/0147/R000000018
Q000000002/8.959082/0000/R000000030
R000000033/1.000000/0000/Guesstimate
R000000032/6.022288/0119/R000000019/R000000033
R000000034/4.911177/0091/R000000019
R000000032/6.567974/0276/R000000034/R000000033
M000000037/1.000000/0000/Sigma_BB-30412229
R000000036/1.111111/0099/M000000037
R000000040/1.000000/0000/Guesstimate
R000000041/1.000000/0000/Guesstimate
R000000039/2.222222/0003/R000000040/R000000041
M000000042/1.000000/0000/Sigma_BB-28776791
R000000043/1.000000/0000/Guesstimate
R000000039/2.222222/0003/M000000042/R000000043
R000000038/2.469136/0099/R000000039
R000000045/1.000000/0000/Guesstimate
R000000044/2.222222/0003/R000000045/R000000017
R000000046/1.000000/0000/Guesstimate
R000000044/2.222222/0003/R000000016/R000000046
R000000038/2.469136/0099/R000000044
R000000036/3.854596/0004/R000000038/R000000008
R000000035/1.234568/0086/R000000036
R000000035/1.234568/0091/R000000036
R000000031/8.063173/0275/R000000032/R000000035
R000000031/9.491424/0225/R000000032/R000000038/R000000011
R000000030/8.959082/0024/R000000031
R000000049/1.000000/0000/Guesstimate
R000000048/6.567974/0174/R000000034/R000000049
R000000050/1.111111/0287/R000000049
R000000048/6.691431/0112/R000000034/R000000050
R000000047/8.669492/0275/R000000048/R000000035
R000000030/9.632769/0025/R000000047
Q000000003/6.454151/0000/R000000051
R000000057/1.000000/0000/Guesstimate
R000000056/1.111111/0040/R000000057
R000000058/1.000000/0000/Guesstimate
R000000056/2.222222/0004/R000000058/R000000008
R000000055/1.234568/0086/R000000056
R000000055/1.234568/0091/R000000056
R000000054/2.482853/0275/R000000008/R000000055
R000000054/3.333333/0225/R000000008/R000000058/R000000011
R000000053/5.227862/0159/R000000004/R000000054
R000000060/1.000000/0000/Guesstimate
R000000059/6.200274/0225/R000000012/R000000011/R000000060
R000000061/1.000000/0000/Guesstimate
R000000053/8.000305/0212/R000000059/R000000061
R000000052/5.808735/0287/R000000053
R000000064/1.000000/0000/Guesstimate
R000000063/6.567974/0275/R000000034/R000000064
R000000062/7.297749/0079/R000000063
R000000062/8.408860/0112/R000000063/R000000011
R000000052/9.219721/0277/R000000062/R000000058
R000000051/6.454151/0040/R000000052
R000000065/8.063173/0275/R000000032/R000000055
R000000065/8.913652/0225/R000000032/R000000058/R000000011
R000000051/8.959082/0024/R000000065
<NEXT>