#
#  Reaction log file
#  Author: LigBuilder V3 User_Diana
#  Creation time: Wed Feb 25 22:17:33 2026
#  Format:
#  QueryMoleculeId/Cost/SynthesizeId/ReactantId1/ReactantId2/ReactantId3.....
#  Id prefix:
#  Q --- Query Molecule
#  M --- Material
#  R --- Reactant
#
Directory      result/synthesize_HsDHODH/234/DATABASE/
#
Q000000001/5.639385/0000/R000000001
R000000004/1.000000/0000/Guesstimate
M000000006/1.000000/0000/Sigma_BB-234543041
R000000005/1.111111/0287/M000000006
R000000003/2.345679/0174/R000000004/R000000005
R000000008/1.000000/0000/Guesstimate
R000000007/2.345679/0174/R000000008/R000000005
R000000007/2.345679/0289/R000000008/R000000005
R000000003/2.606310/0155/R000000007
R000000010/1.000000/0000/Guesstimate
R000000009/2.222222/0170/R000000010/R000000004
R000000011/1.000000/0000/Guesstimate
R000000012/1.000000/0000/Guesstimate
R000000009/2.222222/0170/R000000011/R000000012
R000000002/5.075447/0175/R000000003/R000000009
R000000013/3.703704/0175/R000000005/R000000009
R000000015/1.000000/0000/Guesstimate
R000000014/2.345679/0175/R000000005/R000000015
R000000014/2.345679/0290/R000000005/R000000015
R000000017/1.000000/0000/Guesstimate
R000000016/2.222222/0170/R000000010/R000000017
R000000018/1.000000/0000/Guesstimate
R000000016/2.222222/0170/R000000018/R000000012
R000000013/5.075447/0212/R000000014/R000000016
R000000002/5.226338/0174/R000000004/R000000013
R000000001/5.639385/0041/R000000002
R000000022/2.345679/0174/R000000015/R000000005
R000000022/2.345679/0289/R000000015/R000000005
R000000021/2.606310/0197/R000000022
M000000024/1.000000/0000/Sigma_BB-28838980
R000000023/1.111111/0086/M000000024
R000000023/1.111111/0091/M000000024
R000000020/4.130468/0175/R000000021/R000000023
R000000025/4.007011/0175/R000000021/R000000015
R000000025/4.007011/0290/R000000021/R000000015
R000000020/5.563346/0212/R000000025/M000000024
R000000019/4.589409/0198/R000000020
R000000026/2.469136/0041/R000000009
R000000028/1.000000/0000/Guesstimate
R000000027/2.222222/0170/R000000028/R000000017
R000000027/2.469136/0041/R000000016
R000000026/2.469136/0086/R000000027
R000000019/5.639385/0175/R000000021/R000000026
R000000029/1.000000/0000/Guesstimate
R000000001/6.210455/0112/R000000019/R000000029
Q000000002/5.639385/0000/R000000001
Q000000003/7.807076/0000/R000000030
R000000033/1.000000/0000/Guesstimate
R000000035/1.000000/0000/Guesstimate
R000000036/1.000000/0000/Guesstimate
R000000034/2.222222/0279/R000000035/R000000036
R000000034/2.222222/0279/R000000035/R000000036
R000000032/3.580247/0159/R000000033/R000000034
R000000039/1.000000/0000/Guesstimate
R000000038/2.222222/0279/R000000035/R000000039
R000000038/2.222222/0279/R000000035/R000000039
R000000037/3.580247/0159/R000000033/R000000038
R000000041/1.000000/0000/Guesstimate
R000000042/1.000000/0000/Guesstimate
R000000040/2.222222/0012/R000000041/R000000042
R000000040/2.222222/0285/R000000041/R000000042
R000000043/1.000000/0000/Guesstimate
R000000037/3.580247/0159/R000000040/R000000043
R000000032/3.978053/0091/R000000037
R000000047/1.000000/0000/Guesstimate
R000000048/1.000000/0000/Guesstimate
R000000046/2.222222/0004/R000000047/R000000048
R000000049/1.000000/0000/Guesstimate
R000000050/1.000000/0000/Guesstimate
R000000046/3.333333/0225/R000000049/R000000048/R000000050
R000000045/2.469136/0255/R000000046
R000000044/2.743484/0147/R000000045
R000000051/3.580247/0212/R000000047/R000000046
R000000051/3.580247/0212/R000000047/R000000046
R000000044/3.978053/0155/R000000051
R000000031/7.026369/0112/R000000032/R000000044
R000000054/1.000000/0000/Guesstimate
R000000053/2.222222/0004/R000000054/R000000048
R000000053/3.333333/0225/R000000029/R000000048/R000000050
R000000055/1.000000/0000/Guesstimate
R000000052/3.580247/0212/R000000053/R000000055
R000000052/3.580247/0212/R000000017/R000000046
R000000031/7.956105/0003/R000000037/R000000052
R000000030/7.807076/0147/R000000031
R000000059/1.000000/0000/Guesstimate
R000000058/5.089163/0003/R000000037/R000000059
M000000060/1.000000/0000/Sigma_BB-28775620
R000000058/5.089163/0112/R000000032/M000000060
R000000057/5.654626/0147/R000000058
R000000061/2.222222/0112/R000000008/R000000048
R000000063/1.000000/0000/Guesstimate
R000000062/2.222222/0112/R000000063/R000000048
R000000061/2.469136/0041/R000000062
R000000056/8.752054/0049/R000000057/R000000061
R000000066/1.000000/0000/Guesstimate
R000000065/5.089163/0112/R000000032/R000000066
R000000064/5.654626/0147/R000000065
R000000068/2.469136/0054/R000000061
M000000069/1.000000/0000/Sigma_BB-28778979
R000000068/3.580247/0212/M000000069/R000000046
R000000067/2.743484/0009/R000000068
R000000071/1.000000/0000/Guesstimate
R000000070/2.222222/0003/R000000071/R000000048
R000000072/1.000000/0000/Guesstimate
R000000067/3.580247/0011/R000000070/R000000072
R000000056/9.331234/0138/R000000064/R000000067
R000000030/9.724504/0147/R000000056
Q000000004/7.315958/0000/R000000073
R000000077/1.000000/0000/Guesstimate
R000000076/1.111111/0283/R000000077
R000000078/1.000000/0000/Guesstimate
R000000079/1.000000/0000/Guesstimate
R000000076/2.222222/0112/R000000078/R000000079
R000000081/1.000000/0000/Guesstimate
R000000080/2.222222/0279/R000000081/R000000039
R000000080/2.222222/0279/R000000081/R000000039
R000000075/3.703704/0159/R000000076/R000000080
R000000083/1.000000/0000/Guesstimate
R000000082/2.222222/0170/R000000083/R000000029
R000000084/2.222222/0170/R000000083/R000000049
R000000085/1.000000/0000/Guesstimate
R000000086/1.000000/0000/Guesstimate
R000000084/2.222222/0170/R000000085/R000000086
R000000082/2.469136/0155/R000000084
R000000074/6.584363/0003/R000000075/R000000082
R000000088/2.222222/0279/R000000081/R000000036
R000000088/2.222222/0279/R000000081/R000000036
R000000087/3.703704/0159/R000000076/R000000088
R000000091/1.000000/0000/Guesstimate
R000000090/2.222222/0170/R000000091/R000000049
R000000092/1.000000/0000/Guesstimate
R000000090/2.222222/0170/R000000092/R000000086
R000000089/2.469136/0155/R000000090
R000000094/1.000000/0000/Guesstimate
R000000093/2.222222/0018/R000000094/R000000072
R000000095/1.000000/0000/Guesstimate
R000000093/2.222222/0170/R000000095/R000000029
R000000089/2.469136/0155/R000000093
R000000074/6.858711/0112/R000000087/R000000089
R000000073/7.315958/0147/R000000074
R000000097/4.115227/0197/R000000075
R000000099/2.469136/0125/R000000082
R000000100/1.000000/0000/Guesstimate
R000000099/3.580247/0112/R000000082/R000000100
R000000098/2.743484/0040/R000000099
R000000102/1.000000/0000/Guesstimate
R000000101/3.854596/0004/R000000089/R000000102
R000000103/1.000000/0000/Guesstimate
R000000101/4.965707/0225/R000000089/R000000050/R000000103
R000000098/4.282884/0073/R000000101
R000000096/7.620790/0003/R000000097/R000000098
R000000104/4.115227/0079/R000000087
R000000104/5.226338/0112/R000000087/R000000103
R000000106/3.048316/0093/R000000098
R000000106/3.580247/0004/R000000082/R000000102
R000000105/3.387018/0085/R000000106
R000000105/3.580247/0004/R000000082/R000000017
R000000096/8.335828/0049/R000000104/R000000105
R000000073/8.467546/0147/R000000096
<NEXT>