#
#  Reaction log file
#  Author: LigBuilder V3 User_Diana
#  Creation time: Wed Feb 25 22:12:34 2026
#  Format:
#  QueryMoleculeId/Cost/SynthesizeId/ReactantId1/ReactantId2/ReactantId3.....
#  Id prefix:
#  Q --- Query Molecule
#  M --- Material
#  R --- Reactant
#
Directory      result/synthesize_HsDHODH/94/DATABASE/
#
Q000000001/4.572474/0000/R000000001
M000000005/1.000000/0000/Sigma_BB-152390897
R000000004/1.111111/0287/M000000005
R000000003/1.234568/0299/R000000004
R000000003/1.234568/0299/R000000004
R000000008/1.000000/0000/Guesstimate
R000000009/1.000000/0000/Guesstimate
R000000007/2.222222/0277/R000000008/R000000009
R000000006/2.469136/0099/R000000007
R000000011/1.000000/0000/Guesstimate
R000000012/1.000000/0000/Guesstimate
R000000010/2.222222/0003/R000000011/R000000012
R000000006/2.469136/0147/R000000010
R000000002/4.115227/0231/R000000003/R000000006
R000000014/1.000000/0000/Guesstimate
R000000013/2.482853/0231/R000000003/R000000014
R000000015/2.345679/0231/R000000004/R000000014
R000000013/2.606310/0299/R000000015
R000000018/1.000000/0000/Guesstimate
R000000017/2.222222/0277/R000000018/R000000009
R000000016/2.469136/0099/R000000017
R000000020/1.000000/0000/Guesstimate
R000000019/2.222222/0003/R000000020/R000000012
R000000016/2.469136/0147/R000000019
R000000002/5.502210/0279/R000000013/R000000016
R000000001/4.572474/0294/R000000002
R000000024/1.000000/0000/Guesstimate
R000000023/2.222222/0277/R000000024/R000000009
R000000022/2.469136/0099/R000000023
R000000026/1.000000/0000/Guesstimate
R000000025/2.222222/0003/R000000026/R000000012
R000000022/2.469136/0147/R000000025
R000000021/4.115227/0231/R000000003/R000000022
R000000028/1.000000/0000/Guesstimate
R000000027/2.482853/0231/R000000003/R000000028
R000000029/2.345679/0231/R000000004/R000000028
R000000027/2.606310/0299/R000000029
R000000021/5.502210/0279/R000000027/R000000022
R000000001/4.572474/0294/R000000021
Q000000002/6.454152/0000/R000000030
R000000034/1.000000/0000/Guesstimate
R000000033/2.482853/0175/R000000003/R000000034
R000000033/2.482853/0290/R000000003/R000000034
R000000032/2.758726/0139/R000000033
M000000036/1.000000/0000/Sigma_BB-48767194
R000000035/2.482853/0175/R000000003/M000000036
R000000035/2.482853/0290/R000000003/M000000036
R000000032/2.758726/0150/R000000035
R000000031/5.808736/0231/R000000032/R000000006
R000000038/3.869837/0175/R000000013/R000000034
R000000038/3.869837/0231/R000000033/R000000014
R000000037/4.299819/0139/R000000038
R000000039/3.869837/0175/R000000013/M000000036
R000000039/3.869837/0290/R000000013/M000000036
R000000037/4.299819/0150/R000000039
R000000031/7.521061/0279/R000000037/R000000016
R000000030/6.454152/0294/R000000031
R000000040/5.808736/0231/R000000032/R000000022
R000000042/3.869837/0175/R000000027/R000000034
R000000042/3.869837/0290/R000000027/R000000034
R000000041/4.299819/0139/R000000042
R000000043/3.869837/0175/R000000027/M000000036
R000000043/3.869837/0290/R000000027/M000000036
R000000041/4.299819/0150/R000000043
R000000040/7.521061/0279/R000000041/R000000022
R000000030/6.454152/0294/R000000040
Q000000003/4.572474/0000/R000000001
Q000000004/4.572474/0000/R000000001
<NEXT>