#
#  Reaction log file
#  Author: LigBuilder V3 User_Diana
#  Creation time: Wed Feb 25 22:18:21 2026
#  Format:
#  QueryMoleculeId/Cost/SynthesizeId/ReactantId1/ReactantId2/ReactantId3.....
#  Id prefix:
#  Q --- Query Molecule
#  M --- Material
#  R --- Reactant
#
Directory      result/synthesize_HsDHODH/256/DATABASE/
#
Q000000001/4.282884/0000/R000000001
M000000005/1.000000/0000/Sigma_BB-28781947
R000000004/1.111111/0085/M000000005
M000000006/1.000000/0000/Sigma_BB-28787542
R000000007/1.000000/0000/Guesstimate
R000000004/2.222222/0004/M000000006/R000000007
M000000009/1.000000/0000/Sigma_BB-28764950
R000000008/1.111111/0197/M000000009
R000000003/2.469136/0212/R000000004/R000000008
R000000003/2.469136/0212/R000000004/R000000008
R000000010/1.000000/0000/Guesstimate
R000000002/3.854596/0274/R000000003/R000000010
R000000012/1.234568/0197/R000000004
R000000011/2.482853/0274/R000000012/R000000010
R000000013/2.345679/0274/R000000004/R000000010
R000000011/2.606310/0197/R000000013
R000000014/1.234568/0197/R000000008
R000000015/9.200000/0000/Guesstimate
R000000014/9.200000/0155/R000000015
R000000002/4.130468/0301/R000000011/R000000014
R000000001/4.282884/0028/R000000002
M000000019/1.000000/0000/Sigma_BB-28769540
M000000020/1.000000/0000/Sigma_BB-130314282
R000000018/2.222222/0232/M000000019/M000000020
R000000017/2.469136/0197/R000000018
M000000022/1.000000/0000/Sigma_BB-28830366
R000000021/2.482853/0004/R000000012/M000000022
R000000021/2.482853/0277/R000000012/M000000022
R000000017/2.758726/0197/R000000021
R000000016/3.854596/0274/R000000017/R000000010
R000000024/1.111111/0085/M000000022
R000000023/1.234568/0197/R000000024
R000000025/9.200000/0000/Guesstimate
R000000023/9.200000/0155/R000000025
R000000016/4.130468/0301/R000000011/R000000023
R000000001/4.282884/0028/R000000016
Q000000002/Analysis Failed
Q000000003/Analysis Failed
<NEXT>