#
#  Reaction log file
#  Author: LigBuilder V3 User_Diana
#  Creation time: Wed Feb 25 22:20:25 2026
#  Format:
#  QueryMoleculeId/Cost/SynthesizeId/ReactantId1/ReactantId2/ReactantId3.....
#  Id prefix:
#  Q --- Query Molecule
#  M --- Material
#  R --- Reactant
#
Directory      result/synthesize_HsDHODH/294/DATABASE/
#
Q000000001/6.765737/0000/R000000001
R000000004/1.000000/0000/Guesstimate
R000000006/1.000000/0000/Guesstimate
R000000007/1.000000/0000/Guesstimate
R000000005/2.222222/0279/R000000006/R000000007
R000000005/2.222222/0279/R000000006/R000000007
R000000003/3.580247/0159/R000000004/R000000005
R000000009/1.000000/0000/Guesstimate
R000000008/3.580247/0159/R000000009/R000000005
R000000003/3.978053/0091/R000000008
R000000010/1.000000/0000/Guesstimate
R000000002/5.089163/0224/R000000003/R000000010
R000000011/5.089163/0224/R000000008/R000000010
R000000002/5.654626/0091/R000000011
R000000012/1.000000/0000/Guesstimate
R000000001/6.765737/0112/R000000002/R000000012
R000000016/1.000000/0000/Guesstimate
R000000017/1.000000/0000/Guesstimate
R000000015/2.222222/0012/R000000016/R000000017
R000000018/1.000000/0000/Guesstimate
R000000019/1.000000/0000/Guesstimate
R000000015/2.222222/0112/R000000018/R000000019
R000000014/4.938272/0159/R000000015/R000000005
R000000020/1.000000/0000/Guesstimate
R000000022/1.000000/0000/Guesstimate
R000000021/3.580247/0159/R000000022/R000000005
R000000014/5.089163/0231/R000000020/R000000021
R000000013/6.598080/0224/R000000014/R000000010
R000000025/1.000000/0000/Guesstimate
R000000024/5.089163/0224/R000000021/R000000025
R000000023/5.654626/0153/R000000024
R000000027/1.000000/0000/Guesstimate
R000000026/5.089163/0224/R000000021/R000000027
R000000023/5.654626/0154/R000000026
R000000013/7.394029/0231/R000000020/R000000023
R000000001/7.331201/0082/R000000013
Q000000002/4.420059/0000/R000000028
M000000031/1.000000/0000/Sigma_BB-28826567
R000000030/1.111111/0153/M000000031
M000000033/1.000000/0000/Sigma_BB-28756834
R000000034/1.000000/0000/Guesstimate
R000000032/2.222222/0231/M000000033/R000000034
M000000035/1.000000/0000/Sigma_BB-28464785
R000000032/2.222222/0279/M000000035/R000000034
R000000030/2.469136/0153/R000000032
R000000038/1.000000/0000/Guesstimate
M000000039/1.000000/0000/Sigma_BB-28711602
R000000037/2.222222/0256/R000000038/M000000039
R000000036/2.469136/0219/R000000037
R000000036/2.469136/0219/R000000037
R000000029/3.978053/0231/R000000030/R000000036
M000000041/1.000000/0000/Sigma_BB-28711616
R000000040/3.854596/0231/M000000041/R000000036
R000000029/5.393995/0231/R000000040/R000000034
R000000028/4.420059/0041/R000000029
R000000045/1.000000/0000/Guesstimate
R000000046/1.000000/0000/Guesstimate
R000000044/2.222222/0256/R000000045/R000000046
R000000043/2.469136/0237/R000000044
R000000047/2.469136/0283/R000000044
R000000043/2.743484/0295/R000000047
R000000042/3.978053/0231/R000000030/R000000043
R000000048/3.854596/0231/M000000041/R000000043
R000000049/3.580247/0231/M000000041/R000000044
R000000048/3.978053/0237/R000000049
R000000042/5.393995/0231/R000000048/R000000034
R000000028/4.420059/0082/R000000042
Q000000003/4.420059/0000/R000000028
<NEXT>