#
#  Reaction log file
#  Author: LigBuilder V3 User_Diana
#  Creation time: Wed Feb 25 22:13:53 2026
#  Format:
#  QueryMoleculeId/Cost/SynthesizeId/ReactantId1/ReactantId2/ReactantId3.....
#  Id prefix:
#  Q --- Query Molecule
#  M --- Material
#  R --- Reactant
#
Directory      result/synthesize_HsDHODH/125/DATABASE/
#
Q000000001/Analysis Failed
Q000000002/6.096632/0000/R000000001
M000000005/1.000000/0000/Sigma_BB-28416081
R000000006/1.000000/0000/Guesstimate
R000000004/2.222222/0277/M000000005/R000000006
R000000003/2.469136/0099/R000000004
M000000008/1.000000/0000/Sigma_BB-28758779
M000000009/1.000000/0000/Sigma_BB-28798940
R000000007/2.222222/0112/M000000008/M000000009
R000000003/2.469136/0112/R000000007
M000000012/1.000000/0000/Sigma_BB-48919322
M000000013/1.000000/0000/Sigma_BB-28779481
R000000011/2.222222/0285/M000000012/M000000013
R000000010/2.469136/0153/R000000011
M000000015/1.000000/0000/Sigma_BB-28507738
R000000014/2.222222/0285/M000000012/M000000015
R000000010/2.469136/0193/R000000014
R000000002/5.486969/0056/R000000003/R000000010
R000000001/6.096632/0295/R000000002
Q000000003/6.096632/0000/R000000001
<NEXT>