#
#  Reaction log file
#  Author: LigBuilder V3 User_Diana
#  Creation time: Wed Feb 25 22:18:34 2026
#  Format:
#  QueryMoleculeId/Cost/SynthesizeId/ReactantId1/ReactantId2/ReactantId3.....
#  Id prefix:
#  Q --- Query Molecule
#  M --- Material
#  R --- Reactant
#
Directory      result/synthesize_HsDHODH/265/DATABASE/
#
Q000000001/2.743484/0000/R000000001
M000000004/1.000000/0000/Sigma_BB-28828976
M000000005/1.000000/0000/Sigma_BB-28798706
R000000003/2.222222/0231/M000000004/M000000005
M000000007/1.000000/0000/Sigma_BB-28452414
R000000008/1.000000/0000/Guesstimate
R000000006/2.222222/0174/M000000007/R000000008
M000000009/1.000000/0000/Sigma_BB-28421609
R000000006/2.222222/0231/M000000004/M000000009
R000000003/2.469136/0041/R000000006
R000000002/2.469136/0125/R000000003
R000000002/3.580247/0112/R000000003/R000000008
R000000001/2.743484/0059/R000000002
R000000012/1.111111/0125/M000000007
R000000012/2.222222/0112/M000000007/R000000008
R000000011/1.234568/0059/R000000012
R000000013/1.000000/0000/Guesstimate
R000000011/2.345679/0224/R000000012/R000000013
R000000010/2.482853/0174/R000000011/R000000008
R000000015/1.111111/0125/M000000004
R000000015/2.222222/0112/M000000004/R000000008
R000000014/1.234568/0059/R000000015
M000000017/1.000000/0000/Sigma_BB-28758779
R000000018/1.000000/0000/Guesstimate
R000000016/2.222222/0112/M000000017/R000000018
R000000014/2.469136/0112/R000000016
R000000010/2.482853/0231/R000000014/M000000009
R000000001/2.758726/0041/R000000010
Q000000002/2.743484/0000/R000000001
Q000000003/2.743484/0000/R000000001
<NEXT>