#
#  Reaction log file
#  Author: LigBuilder V3 User_Diana
#  Creation time: Wed Feb 25 22:17:32 2026
#  Format:
#  QueryMoleculeId/Cost/SynthesizeId/ReactantId1/ReactantId2/ReactantId3.....
#  Id prefix:
#  Q --- Query Molecule
#  M --- Material
#  R --- Reactant
#
Directory      result/synthesize_HsDHODH/231/DATABASE/
#
Q000000001/7.468375/0000/R000000001
R000000005/1.000000/0000/Guesstimate
R000000006/1.000000/0000/Guesstimate
R000000004/2.222222/0003/R000000005/R000000006
R000000007/1.000000/0000/Guesstimate
R000000008/1.000000/0000/Guesstimate
R000000004/2.222222/0049/R000000007/R000000008
R000000009/1.000000/0000/Guesstimate
R000000003/3.580247/0012/R000000004/R000000009
R000000011/1.000000/0000/Guesstimate
R000000010/2.222222/0285/R000000011/R000000009
R000000012/1.000000/0000/Guesstimate
R000000003/3.580247/0112/R000000010/R000000012
R000000015/1.000000/0000/Guesstimate
R000000016/1.000000/0000/Guesstimate
R000000014/2.222222/0277/R000000015/R000000016
R000000013/2.469136/0099/R000000014
R000000018/1.000000/0000/Guesstimate
R000000017/2.222222/0001/R000000008/R000000018
R000000019/1.000000/0000/Guesstimate
R000000017/2.222222/0004/R000000019/R000000018
R000000020/1.000000/0000/Guesstimate
R000000013/3.580247/0042/R000000017/R000000020
R000000002/6.721537/0159/R000000003/R000000013
R000000023/1.000000/0000/Guesstimate
R000000022/5.089163/0159/R000000003/R000000023
R000000021/5.654626/0287/R000000022
R000000025/1.000000/0000/Guesstimate
R000000026/1.000000/0000/Guesstimate
R000000024/2.222222/0112/R000000025/R000000026
R000000027/1.000000/0000/Guesstimate
R000000024/2.222222/0112/R000000019/R000000027
R000000021/6.447188/0159/R000000003/R000000024
R000000028/1.000000/0000/Guesstimate
R000000002/7.394029/0301/R000000021/R000000028
R000000001/7.468375/0041/R000000002
R000000031/6.282918/0118/R000000021
R000000031/7.394029/0112/R000000021/R000000012
R000000030/6.981020/0041/R000000031
R000000030/6.981020/0233/R000000031
M000000032/1.000000/0000/Sigma_BB-28769104
R000000029/8.867800/0049/R000000030/M000000032
R000000001/9.853111/0099/R000000029
Q000000002/7.468375/0000/R000000001
Q000000003/5.654626/0000/R000000033
R000000036/1.000000/0000/Guesstimate
R000000038/1.000000/0000/Guesstimate
R000000039/1.000000/0000/Guesstimate
R000000037/2.222222/0279/R000000038/R000000039
R000000037/2.222222/0279/R000000038/R000000039
R000000035/3.580247/0159/R000000036/R000000037
R000000041/1.000000/0000/Guesstimate
R000000040/2.222222/0012/R000000041/R000000009
R000000040/2.222222/0285/R000000041/R000000009
R000000042/1.000000/0000/Guesstimate
R000000035/3.580247/0159/R000000040/R000000042
R000000043/1.000000/0000/Guesstimate
R000000034/5.089163/0224/R000000035/R000000043
R000000045/3.978053/0059/R000000035
R000000046/1.000000/0000/Guesstimate
R000000044/5.531170/0170/R000000045/R000000046
R000000048/1.000000/0000/Guesstimate
R000000047/5.089163/0224/R000000035/R000000048
R000000044/5.654626/0155/R000000047
R000000049/1.000000/0000/Guesstimate
R000000034/7.256855/0301/R000000044/R000000049
R000000033/5.654626/0024/R000000034
R000000053/1.000000/0000/Guesstimate
R000000054/1.000000/0000/Guesstimate
R000000052/2.222222/0174/R000000053/R000000054
R000000052/2.222222/0289/R000000053/R000000054
R000000051/2.469136/0197/R000000052
R000000055/7.400000/0000/Guesstimate
R000000051/8.222222/0091/R000000055
R000000058/1.000000/0000/Guesstimate
R000000057/2.222222/0159/R000000058/R000000042
R000000059/1.000000/0000/Guesstimate
R000000057/3.580247/0159/R000000059/R000000037
R000000056/3.580247/0224/R000000057/R000000043
R000000061/1.000000/0000/Guesstimate
R000000060/3.580247/0224/R000000057/R000000061
R000000062/9.000000/0000/Guesstimate
R000000060/10.000000/0170/R000000062/R000000061
R000000056/3.978053/0233/R000000060
R000000050/6.721537/0174/R000000051/R000000056
R000000065/1.000000/0000/Guesstimate
R000000064/3.580247/0159/R000000065/R000000037
R000000063/5.089163/0224/R000000064/R000000043
R000000066/5.089163/0224/R000000064/R000000061
R000000063/5.654626/0233/R000000066
R000000050/8.398110/0112/R000000051/R000000063
R000000033/7.468375/0025/R000000050
Q000000004/4.420059/0000/R000000067
R000000067/4.420059/0024/R000000045
R000000071/1.000000/0000/Guesstimate
R000000070/3.580247/0159/R000000071/R000000037
R000000069/3.978053/0059/R000000070
R000000072/1.000000/0000/Guesstimate
R000000069/5.089163/0224/R000000070/R000000072
R000000073/1.111111/0287/R000000054
R000000073/8.222222/0197/R000000055
R000000068/5.654626/0112/R000000069/R000000073
R000000074/3.978053/0059/R000000064
R000000074/5.089163/0224/R000000064/R000000072
R000000068/7.163543/0112/R000000051/R000000074
R000000067/6.282918/0025/R000000068
<NEXT>