#
#  Reaction log file
#  Author: LigBuilder V3 User_Diana
#  Creation time: Wed Feb 25 22:17:35 2026
#  Format:
#  QueryMoleculeId/Cost/SynthesizeId/ReactantId1/ReactantId2/ReactantId3.....
#  Id prefix:
#  Q --- Query Molecule
#  M --- Material
#  R --- Reactant
#
Directory      result/synthesize_HsDHODH/239/DATABASE/
#
Q000000001/7.315958/0000/R000000001
R000000005/1.000000/0000/Guesstimate
R000000004/1.111111/0283/R000000005
R000000006/1.000000/0000/Guesstimate
R000000007/1.000000/0000/Guesstimate
R000000004/2.222222/0112/R000000006/R000000007
R000000009/1.000000/0000/Guesstimate
R000000010/1.000000/0000/Guesstimate
R000000008/2.222222/0279/R000000009/R000000010
R000000008/2.222222/0279/R000000009/R000000010
R000000003/3.703704/0159/R000000004/R000000008
R000000012/1.000000/0000/Guesstimate
R000000013/1.000000/0000/Guesstimate
R000000011/2.222222/0274/R000000012/R000000013
R000000015/1.000000/0000/Guesstimate
R000000014/2.222222/0274/R000000015/R000000013
R000000016/1.000000/0000/Guesstimate
R000000017/1.000000/0000/Guesstimate
R000000014/2.222222/0279/R000000016/R000000017
R000000011/2.469136/0294/R000000014
R000000002/6.584363/0003/R000000003/R000000011
R000000020/1.000000/0000/Guesstimate
R000000019/2.222222/0279/R000000009/R000000020
R000000019/2.222222/0279/R000000009/R000000020
R000000018/3.703704/0159/R000000004/R000000019
R000000023/1.000000/0000/Guesstimate
R000000024/1.000000/0000/Guesstimate
R000000022/2.222222/0018/R000000023/R000000024
R000000025/1.000000/0000/Guesstimate
R000000022/2.222222/0274/R000000025/R000000013
R000000021/2.469136/0155/R000000022
R000000027/1.000000/0000/Guesstimate
R000000026/3.580247/0004/R000000011/R000000027
R000000028/1.000000/0000/Guesstimate
R000000029/1.000000/0000/Guesstimate
R000000026/4.691358/0225/R000000011/R000000028/R000000029
R000000021/3.978053/0197/R000000026
R000000002/6.858711/0112/R000000018/R000000021
R000000001/7.315958/0147/R000000002
R000000031/4.115227/0197/R000000003
R000000034/1.000000/0000/Guesstimate
R000000033/1.111111/0040/R000000034
M000000035/1.000000/0000/Sigma_BB-29464565
R000000033/1.111111/0155/M000000035
R000000032/2.345679/0274/R000000033/R000000013
R000000036/2.469136/0125/R000000011
R000000037/1.000000/0000/Guesstimate
R000000036/3.580247/0112/R000000011/R000000037
R000000032/2.743484/0040/R000000036
R000000030/7.178785/0003/R000000031/R000000032
R000000038/4.115227/0079/R000000018
R000000038/5.226338/0112/R000000018/R000000028
R000000040/1.000000/0000/Guesstimate
R000000039/3.580247/0004/R000000011/R000000040
R000000039/3.978053/0085/R000000026
R000000030/8.550527/0049/R000000038/R000000039
R000000001/7.976428/0147/R000000030
Q000000002/9.331235/0000/R000000041
M000000046/1.000000/0000/Sigma_BB-89724395
R000000047/1.000000/0000/Guesstimate
R000000045/2.222222/0112/M000000046/R000000047
R000000044/3.580247/0049/R000000045/R000000040
R000000050/2.222222/0004/M000000046/R000000027
R000000050/3.333333/0225/M000000046/R000000028/R000000029
R000000049/2.469136/0087/R000000050
R000000051/1.000000/0000/Guesstimate
R000000048/3.854596/0122/R000000049/R000000051
R000000044/4.282884/0079/R000000048
R000000043/3.978053/0041/R000000044
M000000055/1.000000/0000/Sigma_BB-28247348
R000000056/1.000000/0000/Guesstimate
R000000054/2.222222/0119/M000000055/R000000056
M000000057/1.000000/0000/Sigma_BB-28524129
R000000058/1.000000/0000/Guesstimate
R000000054/2.222222/0119/M000000057/R000000058
R000000053/2.469136/0001/R000000054
R000000060/1.000000/0000/Guesstimate
R000000059/2.222222/0119/M000000055/R000000060
R000000059/2.469136/0091/R000000054
R000000053/2.469136/0004/R000000059
R000000061/1.000000/0000/Guesstimate
R000000052/3.854596/0042/R000000053/R000000061
R000000063/1.000000/0000/Guesstimate
R000000062/3.854596/0042/R000000053/R000000063
R000000052/4.282884/0041/R000000062
R000000043/4.282884/0099/R000000052
R000000066/1.000000/0000/Guesstimate
R000000067/1.000000/0000/Guesstimate
R000000065/2.222222/0279/R000000066/R000000067
R000000065/2.222222/0279/R000000066/R000000067
R000000068/1.000000/0000/Guesstimate
R000000064/3.580247/0159/R000000065/R000000068
R000000070/9.200000/0000/Guesstimate
R000000069/9.200000/0067/R000000070
R000000071/9.700000/0000/Guesstimate
R000000069/9.700000/0299/R000000071
R000000064/9.200000/0213/R000000069
R000000042/8.398111/0231/R000000043/R000000064
R000000074/1.000000/0000/Guesstimate
R000000073/2.222222/0279/R000000074/R000000067
R000000073/2.222222/0279/R000000074/R000000067
R000000072/3.580247/0159/R000000073/R000000068
R000000079/7.800000/0000/Guesstimate
R000000078/8.666667/0114/R000000079
R000000077/9.629630/0118/R000000078
R000000077/9.629630/0125/R000000078
R000000076/9.629630/0041/R000000077
R000000076/9.629630/0233/R000000077
R000000075/9.777779/0139/R000000076
R000000075/9.777779/0295/R000000076
R000000072/10.000000/0213/R000000075
R000000042/8.398111/0279/R000000043/R000000072
R000000041/9.331235/0197/R000000042
Q000000003/5.791801/0000/R000000080
R000000083/1.000000/0000/Guesstimate
R000000082/2.222222/0004/M000000046/R000000083
R000000084/1.000000/0000/Guesstimate
R000000082/3.580247/0004/R000000050/R000000084
M000000087/1.000000/0000/Sigma_BB-28764950
M000000088/1.000000/0000/Sigma_BB-245488313
R000000086/2.222222/0004/M000000087/M000000088
R000000085/2.469136/0197/R000000086
R000000081/5.212621/0212/R000000082/R000000085
R000000081/5.212621/0212/R000000082/R000000085
R000000080/5.791801/0028/R000000081
R000000090/2.743484/0079/R000000049
R000000090/3.854596/0112/R000000049/R000000028
R000000092/1.000000/0000/Guesstimate
R000000091/2.222222/0003/R000000092/M000000088
R000000093/1.111111/0125/M000000088
R000000093/2.222222/0112/R000000037/M000000088
R000000091/2.345679/0049/R000000093/R000000040
R000000089/5.517452/0122/R000000090/R000000091
R000000089/5.517452/0122/R000000090/R000000091
R000000080/6.130503/0041/R000000089
Q000000004/9.331235/0000/R000000041
<NEXT>