#
#  Reaction log file
#  Author: LigBuilder V3 User_Diana
#  Creation time: Wed Feb 25 22:17:10 2026
#  Format:
#  QueryMoleculeId/Cost/SynthesizeId/ReactantId1/ReactantId2/ReactantId3.....
#  Id prefix:
#  Q --- Query Molecule
#  M --- Material
#  R --- Reactant
#
Directory      result/synthesize_HsDHODH/226/DATABASE/
#
Q000000001/8.442311/0000/R000000001
M000000005/1.000000/0000/Sigma_BB-30442500
R000000006/1.000000/0000/Guesstimate
R000000004/2.222222/0231/M000000005/R000000006
R000000003/2.469136/0294/R000000004
R000000008/1.000000/0000/Guesstimate
R000000007/2.222222/0231/M000000005/R000000008
R000000003/2.469136/0294/R000000007
R000000011/1.000000/0000/Guesstimate
R000000012/1.000000/0000/Guesstimate
R000000010/2.222222/0276/R000000011/R000000012
R000000010/2.222222/0278/R000000011/R000000012
R000000009/2.469136/0276/R000000010
R000000013/2.222222/0276/R000000011/R000000012
R000000013/2.222222/0278/R000000011/R000000012
R000000009/2.469136/0276/R000000013
R000000014/1.000000/0000/Guesstimate
R000000002/6.598080/0225/R000000003/R000000009/R000000014
R000000002/6.598080/0225/R000000003/R000000009/R000000014
R000000015/1.000000/0000/Guesstimate
R000000001/8.442311/0212/R000000002/R000000015
R000000001/8.442311/0212/R000000002/R000000015
Q000000002/8.442311/0000/R000000016
M000000020/1.000000/0000/Sigma_BB-298198355
R000000019/2.222222/0231/M000000020/R000000006
R000000018/2.469136/0294/R000000019
R000000021/2.222222/0231/M000000020/R000000008
R000000018/2.469136/0294/R000000021
R000000017/6.598080/0225/R000000018/R000000009/R000000014
R000000023/1.000000/0000/Guesstimate
R000000022/3.854596/0004/R000000023/R000000009
R000000025/1.000000/0000/Guesstimate
R000000024/3.854596/0003/R000000009/R000000025
R000000022/4.282884/0040/R000000024
R000000017/7.026369/0004/R000000018/R000000022
R000000016/8.442311/0212/R000000017/R000000015
R000000016/8.442311/0212/R000000017/R000000015
Q000000003/7.055328/0000/R000000026
M000000030/1.000000/0000/Sigma_BB-316039288
R000000029/1.111111/0299/M000000030
M000000032/1.000000/0000/Sigma_BB-161564803
R000000031/1.111111/0299/M000000032
R000000029/1.234568/0197/R000000031
R000000028/2.345679/0004/R000000029/R000000023
R000000033/2.345679/0003/R000000029/R000000025
R000000028/2.606310/0040/R000000033
R000000027/5.349795/0004/R000000028/R000000009
R000000027/5.517452/0004/R000000029/R000000022
R000000026/7.055328/0212/R000000027/R000000015
R000000037/1.000000/0000/Guesstimate
R000000038/1.000000/0000/Guesstimate
R000000036/2.222222/0122/R000000037/R000000038
R000000036/2.222222/0122/R000000037/R000000038
R000000035/2.469136/0112/R000000036
R000000039/8.400000/0000/Guesstimate
R000000035/9.333333/0082/R000000039
R000000042/1.000000/0000/Guesstimate
R000000041/3.854596/0004/R000000042/R000000009
R000000043/1.000000/0000/Guesstimate
R000000041/5.393995/0004/R000000043/R000000022
R000000040/5.393995/0212/R000000041/R000000015
R000000040/5.393995/0212/R000000041/R000000015
R000000034/8.736813/0018/R000000035/R000000040
R000000026/9.707570/0160/R000000034
<NEXT>