#
#  Reaction log file
#  Author: LigBuilder V3 User_Diana
#  Creation time: Wed Feb 25 22:14:05 2026
#  Format:
#  QueryMoleculeId/Cost/SynthesizeId/ReactantId1/ReactantId2/ReactantId3.....
#  Id prefix:
#  Q --- Query Molecule
#  M --- Material
#  R --- Reactant
#
Directory      result/synthesize_HsDHODH/135/DATABASE/
#
Q000000001/Analysis Failed
Q000000002/2.895900/0000/R000000001
R000000004/1.000000/0000/Guesstimate
M000000006/1.000000/0000/Sigma_BB-308324471
R000000005/1.111111/0287/M000000006
M000000007/1.000000/0000/Sigma_BB-136290300
R000000005/1.111111/0287/M000000007
R000000003/2.345679/0231/R000000004/R000000005
M000000009/1.000000/0000/Sigma_BB-30391580
R000000010/1.000000/0000/Guesstimate
R000000008/2.222222/0003/M000000009/R000000010
R000000011/1.000000/0000/Guesstimate
M000000012/1.000000/0000/Sigma_BB-88360669
R000000008/2.222222/0175/R000000011/M000000012
R000000013/1.000000/0000/Guesstimate
R000000003/3.580247/0012/R000000008/R000000013
R000000002/2.606310/0082/R000000003
M000000016/1.000000/0000/Sigma_BB-326697832
R000000015/1.111111/0287/M000000016
M000000017/1.000000/0000/Sigma_BB-28522060
R000000015/1.111111/0299/M000000017
R000000018/1.000000/0000/Guesstimate
R000000014/2.345679/0112/R000000015/R000000018
R000000020/1.000000/0000/Guesstimate
R000000019/2.222222/0112/R000000020/M000000009
R000000019/2.222222/0174/R000000020/M000000012
R000000014/3.580247/0012/R000000019/R000000013
R000000002/2.606310/0082/R000000014
R000000001/2.895900/0059/R000000002
R000000021/2.606310/0059/R000000003
R000000024/1.000000/0000/Guesstimate
R000000023/2.345679/0231/R000000024/R000000005
R000000022/2.606310/0090/R000000023
R000000026/1.000000/0000/Guesstimate
R000000025/2.345679/0231/R000000026/R000000005
R000000025/2.606310/0233/R000000003
R000000022/2.606310/0155/R000000025
R000000021/2.895900/0156/R000000022
R000000001/2.895900/0082/R000000021
Q000000003/2.345679/0000/R000000027
R000000028/1.000000/0000/Guesstimate
R000000027/2.345679/0112/R000000015/R000000028
R000000030/1.000000/0000/Guesstimate
R000000029/2.345679/0231/R000000030/R000000005
R000000031/2.222222/0231/R000000030/M000000006
M000000033/1.000000/0000/Sigma_BB-27944466
R000000032/2.222222/0231/R000000030/M000000033
R000000031/2.469136/0287/R000000032
R000000029/2.469136/0287/R000000031
R000000027/2.606310/0082/R000000029
<NEXT>