#
#  Reaction log file
#  Author: LigBuilder V3 User_Diana
#  Creation time: Wed Feb 25 22:12:49 2026
#  Format:
#  QueryMoleculeId/Cost/SynthesizeId/ReactantId1/ReactantId2/ReactantId3.....
#  Id prefix:
#  Q --- Query Molecule
#  M --- Material
#  R --- Reactant
#
Directory      result/synthesize_HsDHODH/98/DATABASE/
#
Q000000001/4.572474/0000/R000000001
M000000005/1.000000/0000/Sigma_BB-152390897
R000000004/1.111111/0287/M000000005
R000000003/1.234568/0299/R000000004
R000000003/1.234568/0299/R000000004
R000000008/1.000000/0000/Guesstimate
R000000009/1.000000/0000/Guesstimate
R000000007/2.222222/0277/R000000008/R000000009
R000000006/2.469136/0099/R000000007
R000000011/1.000000/0000/Guesstimate
R000000012/1.000000/0000/Guesstimate
R000000010/2.222222/0003/R000000011/R000000012
R000000006/2.469136/0147/R000000010
R000000002/4.115227/0231/R000000003/R000000006
R000000014/1.000000/0000/Guesstimate
R000000013/2.482853/0231/R000000003/R000000014
R000000015/2.345679/0231/R000000004/R000000014
R000000013/2.606310/0299/R000000015
R000000018/1.000000/0000/Guesstimate
R000000017/2.222222/0277/R000000018/R000000009
R000000016/2.469136/0099/R000000017
R000000020/1.000000/0000/Guesstimate
R000000019/2.222222/0003/R000000020/R000000012
R000000016/2.469136/0147/R000000019
R000000002/5.502210/0279/R000000013/R000000016
R000000001/4.572474/0294/R000000002
R000000024/1.000000/0000/Guesstimate
R000000023/2.222222/0277/R000000024/R000000009
R000000022/2.469136/0099/R000000023
R000000026/1.000000/0000/Guesstimate
R000000025/2.222222/0003/R000000026/R000000012
R000000022/2.469136/0147/R000000025
R000000021/4.115227/0231/R000000003/R000000022
R000000028/1.000000/0000/Guesstimate
R000000027/2.482853/0231/R000000003/R000000028
R000000029/2.345679/0231/R000000004/R000000028
R000000027/2.606310/0299/R000000029
R000000021/5.502210/0279/R000000027/R000000022
R000000001/4.572474/0294/R000000021
Q000000002/4.929993/0000/R000000030
R000000033/2.482853/0231/R000000003/R000000008
R000000033/3.869837/0279/R000000013/R000000018
R000000032/2.758726/0294/R000000033
M000000036/1.000000/0000/Sigma_BB-27568240
R000000035/3.869837/0279/R000000013/M000000036
R000000035/3.869837/0279/R000000013/M000000036
R000000034/4.299819/0294/R000000035
R000000032/4.777577/0197/R000000034
R000000039/1.000000/0000/Guesstimate
R000000038/1.111111/0291/R000000039
R000000038/1.111111/0291/R000000039
R000000037/1.234568/0156/R000000038
R000000040/8.100000/0000/Guesstimate
R000000037/9.000001/0155/R000000040
R000000031/4.436994/0301/R000000032/R000000037
R000000031/4.436994/0301/R000000032/R000000037
R000000030/4.929993/0188/R000000031
R000000044/1.000000/0000/Guesstimate
R000000045/1.000000/0000/Guesstimate
R000000043/2.222222/0301/R000000044/R000000045
R000000043/2.222222/0301/R000000044/R000000045
R000000042/2.469136/0279/R000000043
R000000042/2.469136/0279/R000000043
R000000041/5.808736/0095/R000000032/R000000042
R000000048/1.000000/0000/Guesstimate
R000000047/2.482853/0231/R000000003/R000000048
R000000049/1.000000/0000/Guesstimate
R000000047/3.869837/0279/R000000013/R000000049
R000000046/2.758726/0294/R000000047
R000000051/1.000000/0000/Guesstimate
R000000050/2.482853/0231/R000000003/R000000051
R000000050/3.869837/0279/R000000027/R000000051
R000000046/2.758726/0294/R000000050
R000000053/1.000000/0000/Guesstimate
R000000052/3.854596/0095/R000000053/R000000042
R000000055/1.000000/0000/Guesstimate
R000000054/3.854596/0095/R000000055/R000000042
R000000052/4.282884/0155/R000000054
R000000041/7.348135/0301/R000000046/R000000052
R000000030/6.454152/0147/R000000041
Q000000003/5.531170/0000/R000000056
R000000059/1.000000/0000/Guesstimate
R000000061/1.000000/0000/Guesstimate
R000000062/1.000000/0000/Guesstimate
R000000060/2.222222/0279/R000000061/R000000062
R000000060/2.222222/0279/R000000061/R000000062
R000000058/3.580247/0159/R000000059/R000000060
R000000064/1.000000/0000/Guesstimate
R000000065/1.000000/0000/Guesstimate
R000000063/2.222222/0012/R000000064/R000000065
R000000063/2.222222/0285/R000000064/R000000065
R000000066/1.000000/0000/Guesstimate
R000000058/3.580247/0159/R000000063/R000000066
R000000057/3.978053/0059/R000000058
R000000068/3.978053/0041/R000000058
R000000068/3.978053/0233/R000000058
R000000067/4.420059/0155/R000000068
R000000057/4.911177/0156/R000000067
R000000069/1.000000/0000/Guesstimate
R000000056/5.531170/0112/R000000057/R000000069
R000000070/5.089163/0112/R000000058/R000000069
R000000073/1.000000/0000/Guesstimate
R000000072/2.222222/0112/R000000073/R000000069
R000000071/2.469136/0197/R000000072
R000000076/1.000000/0000/Guesstimate
R000000075/1.111111/0125/R000000076
R000000077/1.000000/0000/Guesstimate
R000000075/2.222222/0112/R000000076/R000000077
R000000074/2.345679/0159/R000000075/R000000066
R000000078/1.000000/0000/Guesstimate
R000000074/3.580247/0159/R000000078/R000000060
R000000070/5.349795/0112/R000000071/R000000074
R000000056/5.654626/0059/R000000070
<NEXT>