#
#  Reaction log file
#  Author: LigBuilder V3 User_Diana
#  Creation time: Wed Feb 25 22:13:32 2026
#  Format:
#  QueryMoleculeId/Cost/SynthesizeId/ReactantId1/ReactantId2/ReactantId3.....
#  Id prefix:
#  Q --- Query Molecule
#  M --- Material
#  R --- Reactant
#
Directory      result/synthesize_HsDHODH/123/DATABASE/
#
Q000000001/4.420059/0000/R000000001
R000000005/1.000000/0000/Guesstimate
R000000006/1.000000/0000/Guesstimate
R000000004/2.222222/0279/R000000005/R000000006
R000000004/2.222222/0279/R000000005/R000000006
R000000007/1.000000/0000/Guesstimate
R000000003/3.580247/0159/R000000004/R000000007
R000000009/1.000000/0000/Guesstimate
R000000010/1.000000/0000/Guesstimate
R000000008/2.222222/0012/R000000009/R000000010
R000000011/1.000000/0000/Guesstimate
R000000008/2.222222/0279/R000000005/R000000011
R000000012/1.000000/0000/Guesstimate
R000000003/3.580247/0159/R000000008/R000000012
R000000002/3.978053/0287/R000000003
R000000001/4.420059/0024/R000000002
R000000016/1.000000/0000/Guesstimate
R000000015/2.222222/0279/R000000016/R000000006
R000000015/2.222222/0279/R000000016/R000000006
R000000014/3.580247/0159/R000000015/R000000007
R000000018/1.000000/0000/Guesstimate
R000000017/2.222222/0012/R000000018/R000000010
R000000017/2.222222/0279/R000000016/R000000011
R000000014/3.580247/0159/R000000017/R000000012
R000000013/3.978053/0287/R000000014
R000000021/1.000000/0000/Guesstimate
R000000020/3.580247/0159/R000000015/R000000021
R000000019/3.978053/0287/R000000020
R000000013/4.420059/0300/R000000019
R000000001/4.420059/0040/R000000013
Q000000002/8.335828/0000/R000000022
R000000028/1.000000/0000/Guesstimate
R000000029/1.000000/0000/Guesstimate
R000000027/2.222222/0012/R000000028/R000000029
R000000027/2.222222/0285/R000000028/R000000029
R000000026/2.469136/0059/R000000027
R000000031/1.000000/0000/Guesstimate
R000000030/2.222222/0285/R000000028/R000000031
R000000026/2.469136/0091/R000000030
M000000032/1.000000/0000/Sigma_BB-28798940
R000000025/3.854596/0112/R000000026/M000000032
R000000024/4.282884/0112/R000000025
R000000024/4.282884/0112/R000000025
M000000035/1.000000/0000/Sigma_BB-187212652
R000000036/1.000000/0000/Guesstimate
R000000034/2.222222/0112/M000000035/R000000036
R000000033/2.469136/0099/R000000034
M000000038/1.000000/0000/Sigma_BB-48919322
R000000039/1.000000/0000/Guesstimate
R000000037/2.222222/0285/M000000038/R000000039
R000000033/2.469136/0147/R000000037
R000000023/7.502244/0056/R000000024/R000000033
R000000022/8.335828/0295/R000000023
Q000000003/8.335828/0000/R000000022
Q000000004/8.335828/0000/R000000022
<NEXT>