#
#  Reaction log file
#  Author: LigBuilder V3 User_Diana
#  Creation time: Wed Feb 25 22:10:18 2026
#  Format:
#  QueryMoleculeId/Cost/SynthesizeId/ReactantId1/ReactantId2/ReactantId3.....
#  Id prefix:
#  Q --- Query Molecule
#  M --- Material
#  R --- Reactant
#
Directory      result/synthesize_HsDHODH/6/DATABASE/
#
Q000000001/5.531170/0000/R000000001
R000000005/1.000000/0000/Guesstimate
R000000006/1.000000/0000/Guesstimate
R000000004/2.222222/0279/R000000005/R000000006
R000000004/2.222222/0279/R000000005/R000000006
M000000007/1.000000/0000/Sigma_BB-28956431
R000000003/3.580247/0159/R000000004/M000000007
M000000009/1.000000/0000/Sigma_BB-28776798
R000000008/3.580247/0159/R000000004/M000000009
R000000003/3.978053/0217/R000000008
R000000002/3.978053/0287/R000000003
R000000010/1.000000/0000/Guesstimate
R000000001/5.531170/0122/R000000002/R000000010
R000000014/1.000000/0000/Guesstimate
R000000013/2.222222/0279/R000000014/R000000006
R000000013/2.222222/0279/R000000014/R000000006
R000000016/1.000000/0000/Guesstimate
R000000017/1.000000/0000/Guesstimate
R000000015/2.222222/0122/R000000016/R000000017
R000000015/2.222222/0122/M000000007/R000000010
R000000012/4.938272/0159/R000000013/R000000015
R000000019/1.000000/0000/Guesstimate
R000000018/3.580247/0159/R000000013/R000000019
R000000021/1.000000/0000/Guesstimate
R000000020/2.222222/0122/R000000017/R000000021
R000000022/1.000000/0000/Guesstimate
R000000020/2.222222/0122/R000000022/R000000010
R000000012/6.447188/0274/R000000018/R000000020
R000000011/5.486969/0287/R000000012
R000000025/1.000000/0000/Guesstimate
R000000024/5.089163/0274/R000000018/R000000025
R000000023/5.654626/0287/R000000024
R000000011/6.282918/0293/R000000023
R000000001/6.096632/0040/R000000011
Q000000002/5.531170/0000/R000000001
Q000000003/7.959492/0000/R000000026
M000000030/1.000000/0000/Sigma_BB-28783818
R000000029/3.580247/0159/R000000004/M000000030
R000000028/3.978053/0287/R000000029
M000000033/1.000000/0000/Sigma_BB-28764950
R000000034/1.000000/0000/Guesstimate
R000000032/2.222222/0212/M000000033/R000000034
R000000032/2.222222/0212/M000000033/R000000034
R000000031/2.469136/0085/R000000032
R000000036/1.000000/0000/Guesstimate
R000000035/3.580247/0004/R000000032/R000000036
R000000031/3.978053/0197/R000000035
R000000027/7.163543/0212/R000000028/R000000031
R000000027/7.163543/0212/R000000028/R000000031
R000000026/7.959492/0028/R000000027
R000000039/1.000000/0000/Guesstimate
R000000038/5.531170/0119/R000000002/R000000039
R000000038/5.531170/0280/R000000002/R000000039
R000000040/1.000000/0000/Guesstimate
R000000037/7.256855/0122/R000000038/R000000040
R000000037/7.256855/0122/R000000038/R000000040
R000000026/8.063173/0024/R000000037
Q000000004/7.959492/0000/R000000026
<NEXT>