#
#  Reaction log file
#  Author: LigBuilder V3 User_Diana
#  Creation time: Wed Feb 25 22:19:51 2026
#  Format:
#  QueryMoleculeId/Cost/SynthesizeId/ReactantId1/ReactantId2/ReactantId3.....
#  Id prefix:
#  Q --- Query Molecule
#  M --- Material
#  R --- Reactant
#
Directory      result/synthesize_HsDHODH/292/DATABASE/
#
Q000000001/9.144949/0000/R000000001
R000000005/1.000000/0000/Guesstimate
R000000006/1.000000/0000/Guesstimate
R000000004/2.222222/0279/R000000005/R000000006
R000000004/2.222222/0279/R000000005/R000000006
R000000008/1.000000/0000/Guesstimate
M000000009/1.000000/0000/Sigma_BB-28457967
R000000007/2.222222/0275/R000000008/M000000009
R000000010/1.000000/0000/Guesstimate
R000000011/1.000000/0000/Guesstimate
R000000012/1.000000/0000/Guesstimate
R000000007/3.333333/0225/R000000010/R000000011/R000000012
R000000003/4.938272/0159/R000000004/R000000007
R000000002/5.486969/0287/R000000003
R000000016/1.000000/0000/Guesstimate
R000000017/1.000000/0000/Guesstimate
R000000015/2.222222/0170/R000000016/R000000017
R000000018/1.000000/0000/Guesstimate
R000000019/1.000000/0000/Guesstimate
R000000015/2.222222/0170/R000000018/R000000019
R000000014/2.469136/0024/R000000015
R000000021/1.000000/0000/Guesstimate
R000000020/2.222222/0170/R000000016/R000000021
R000000022/1.000000/0000/Guesstimate
R000000020/2.222222/0170/R000000018/R000000022
R000000014/2.469136/0040/R000000020
R000000013/2.743484/0004/R000000014
R000000025/1.000000/0000/Guesstimate
R000000026/1.000000/0000/Guesstimate
R000000024/2.222222/0112/R000000025/R000000026
R000000023/2.469136/0153/R000000024
R000000028/1.000000/0000/Guesstimate
R000000027/2.222222/0112/R000000025/R000000028
R000000027/2.469136/0091/R000000024
R000000023/2.469136/0154/R000000027
R000000013/2.743484/0024/R000000023
R000000001/9.144949/0212/R000000002/R000000013
R000000001/9.144949/0212/R000000002/R000000013
Q000000002/7.380312/0000/R000000029
R000000032/3.580247/0159/R000000004/R000000010
R000000035/1.000000/0000/Guesstimate
R000000034/2.222222/0279/R000000035/R000000006
R000000034/2.222222/0279/R000000035/R000000006
R000000033/3.580247/0159/R000000034/R000000010
R000000032/3.978053/0040/R000000033
R000000031/3.978053/0287/R000000032
R000000037/9.600000/0000/Guesstimate
R000000036/9.600000/0125/R000000037
R000000039/7.900000/0000/Guesstimate
R000000038/8.777778/0114/R000000039
R000000036/9.753086/0217/R000000038
R000000031/9.753086/0040/R000000036
R000000030/6.642281/0225/R000000031/R000000022/R000000012
R000000043/1.000000/0000/Guesstimate
R000000042/5.089163/0275/R000000033/R000000043
R000000041/5.654626/0287/R000000042
R000000040/6.282918/0040/R000000041
R000000044/5.654626/0040/R000000042
R000000040/6.282918/0287/R000000044
R000000045/1.000000/0000/Guesstimate
R000000030/8.092132/0003/R000000040/R000000045
R000000029/7.380312/0059/R000000030
R000000048/1.000000/0000/Guesstimate
R000000047/6.200274/0225/R000000033/R000000048/R000000012
R000000050/1.000000/0000/Guesstimate
R000000049/3.580247/0212/R000000007/R000000050
R000000049/3.580247/0212/R000000007/R000000050
R000000047/6.447188/0159/R000000034/R000000049
R000000046/6.889194/0287/R000000047
R000000046/7.394029/0301/R000000041/R000000048
R000000029/7.654660/0040/R000000046
Q000000003/7.380312/0000/R000000029
Q000000004/4.572474/0000/R000000051
M000000055/1.000000/0000/Sigma_BB-90496698
R000000054/1.111111/0299/M000000055
R000000053/1.234568/0114/R000000054
R000000056/2.345679/0175/R000000054/R000000026
R000000056/2.345679/0290/R000000054/R000000026
R000000053/2.606310/0197/R000000056
M000000059/1.000000/0000/Sigma_BB-34411919
R000000058/1.111111/0024/M000000059
R000000060/1.000000/0000/Guesstimate
M000000061/1.000000/0000/Sigma_BB-28760158
R000000058/2.222222/0212/R000000060/M000000061
M000000063/1.000000/0000/Sigma_BB-28764950
R000000062/1.111111/0197/M000000063
R000000057/2.469136/0212/R000000058/R000000062
R000000057/2.469136/0212/R000000058/R000000062
R000000052/4.115227/0274/R000000053/R000000057
R000000066/1.000000/0000/Guesstimate
R000000065/2.482853/0274/R000000053/R000000066
R000000064/2.758726/0155/R000000065
R000000067/2.482853/0274/R000000053/R000000060
R000000064/2.758726/0197/R000000067
R000000070/1.000000/0000/Guesstimate
R000000069/2.345679/0301/R000000070/R000000062
R000000069/2.345679/0301/R000000070/R000000062
R000000068/2.606310/0197/R000000069
R000000071/2.345679/0212/M000000061/R000000062
R000000071/2.345679/0212/M000000061/R000000062
R000000068/2.606310/0197/R000000071
R000000052/5.961151/0301/R000000064/R000000068
R000000051/4.572474/0028/R000000052
M000000075/1.000000/0000/Sigma_BB-28830366
R000000074/1.111111/0085/M000000075
R000000073/2.345679/0212/M000000061/R000000074
R000000073/2.345679/0212/M000000061/R000000074
R000000072/5.365036/0212/R000000067/R000000073
R000000072/5.365036/0212/R000000067/R000000073
R000000051/5.961151/0028/R000000072
<NEXT>