#
#  Reaction log file
#  Author: LigBuilder V3 User_Diana
#  Creation time: Wed Feb 25 22:10:20 2026
#  Format:
#  QueryMoleculeId/Cost/SynthesizeId/ReactantId1/ReactantId2/ReactantId3.....
#  Id prefix:
#  Q --- Query Molecule
#  M --- Material
#  R --- Reactant
#
Directory      result/synthesize_HsDHODH/24/DATABASE/
#
Q000000001/6.096632/0000/R000000001
R000000005/1.000000/0000/Guesstimate
R000000006/1.000000/0000/Guesstimate
R000000004/2.222222/0285/R000000005/R000000006
R000000003/2.469136/0079/R000000004
R000000008/1.000000/0000/Guesstimate
R000000009/1.000000/0000/Guesstimate
R000000007/2.222222/0279/R000000008/R000000009
R000000007/2.222222/0279/R000000008/R000000009
R000000003/2.469136/0082/R000000007
R000000012/1.000000/0000/Guesstimate
M000000013/1.000000/0000/Sigma_BB-28484450
R000000011/2.222222/0003/R000000012/M000000013
R000000010/2.469136/0147/R000000011
R000000014/1.000000/0000/Guesstimate
R000000016/1.000000/0000/Guesstimate
R000000017/1.000000/0000/Guesstimate
R000000015/2.222222/0301/R000000016/R000000017
R000000015/2.222222/0301/R000000016/R000000017
R000000010/3.580247/0112/R000000014/R000000015
R000000002/5.486969/0159/R000000003/R000000010
R000000020/1.000000/0000/Guesstimate
R000000019/2.222222/0004/R000000012/R000000020
R000000021/1.000000/0000/Guesstimate
R000000022/1.000000/0000/Guesstimate
R000000019/3.333333/0225/R000000012/R000000021/R000000022
R000000018/5.212621/0159/R000000003/R000000019
M000000023/1.000000/0000/Sigma_BB-28769413
R000000002/6.902912/0212/R000000018/M000000023
R000000001/6.096632/0287/R000000002
M000000027/1.000000/0000/Sigma_BB-28968979
R000000026/3.854596/0159/R000000003/M000000027
R000000025/4.282884/0287/R000000026
M000000029/1.000000/0000/Sigma_BB-28909381
R000000028/1.111111/0059/M000000029
R000000031/1.000000/0000/Guesstimate
R000000032/1.000000/0000/Guesstimate
R000000030/2.222222/0003/R000000031/R000000032
M000000033/1.000000/0000/Sigma_BB-28792542
R000000034/1.000000/0000/Guesstimate
R000000030/2.222222/0112/M000000033/R000000034
R000000028/2.469136/0147/R000000030
R000000024/5.993328/0122/R000000025/R000000028
R000000037/1.000000/0000/Guesstimate
R000000036/3.854596/0159/R000000003/R000000037
R000000035/4.282884/0287/R000000036
R000000039/1.000000/0000/Guesstimate
R000000038/2.345679/0122/R000000039/R000000028
R000000040/2.222222/0122/R000000039/M000000029
R000000041/1.000000/0000/Guesstimate
R000000042/1.000000/0000/Guesstimate
R000000040/2.222222/0301/R000000041/R000000042
R000000038/2.469136/0059/R000000040
R000000024/7.365070/0231/R000000035/R000000038
R000000001/6.659254/0294/R000000024
Q000000002/7.959492/0000/R000000043
R000000047/1.000000/0000/Guesstimate
R000000048/1.000000/0000/Guesstimate
R000000046/2.222222/0279/R000000047/R000000048
R000000046/2.222222/0279/R000000047/R000000048
M000000050/1.000000/0000/Sigma_BB-27568240
R000000049/3.580247/0212/R000000019/M000000050
R000000049/3.580247/0212/R000000019/M000000050
R000000045/6.447188/0159/R000000046/R000000049
R000000044/7.163543/0287/R000000045
R000000043/7.959492/0040/R000000044
R000000054/1.000000/0000/Guesstimate
R000000053/3.580247/0212/R000000019/R000000054
R000000053/3.580247/0212/R000000019/R000000054
R000000052/6.721537/0159/R000000003/R000000053
R000000052/6.902912/0212/R000000018/R000000054
R000000051/7.468375/0287/R000000052
R000000055/1.000000/0000/Guesstimate
R000000043/9.409305/0122/R000000051/R000000055
Q000000003/7.959492/0000/R000000043
Q000000004/7.959492/0000/R000000043
<NEXT>