#
#  Reaction log file
#  Author: LigBuilder V3 User_Diana
#  Creation time: Wed Feb 25 22:10:23 2026
#  Format:
#  QueryMoleculeId/Cost/SynthesizeId/ReactantId1/ReactantId2/ReactantId3.....
#  Id prefix:
#  Q --- Query Molecule
#  M --- Material
#  R --- Reactant
#
Directory      result/synthesize_HsDHODH/10/DATABASE/
#
Q000000001/6.096632/0000/R000000001
R000000005/1.000000/0000/Guesstimate
R000000006/1.000000/0000/Guesstimate
R000000004/2.222222/0279/R000000005/R000000006
R000000004/2.222222/0279/R000000005/R000000006
R000000008/1.000000/0000/Guesstimate
R000000009/1.000000/0000/Guesstimate
R000000007/2.222222/0122/R000000008/R000000009
R000000007/2.222222/0122/R000000008/R000000009
R000000003/4.938272/0159/R000000004/R000000007
R000000002/5.486969/0287/R000000003
R000000001/6.096632/0024/R000000002
R000000013/1.000000/0000/Guesstimate
R000000012/2.222222/0279/R000000013/R000000006
R000000012/2.222222/0279/R000000013/R000000006
R000000011/4.938272/0159/R000000012/R000000007
R000000015/1.000000/0000/Guesstimate
R000000014/3.580247/0159/R000000012/R000000015
R000000016/1.000000/0000/Guesstimate
R000000011/5.089163/0274/R000000014/R000000016
R000000010/5.486969/0287/R000000011
R000000001/6.096632/0040/R000000010
Q000000002/6.145744/0000/R000000017
R000000020/3.580247/0159/R000000004/R000000008
R000000019/3.978053/0287/R000000020
R000000021/1.000000/0000/Guesstimate
R000000018/5.531170/0122/R000000019/R000000021
R000000023/3.580247/0159/R000000004/R000000015
R000000022/3.978053/0287/R000000023
R000000024/1.000000/0000/Guesstimate
R000000018/5.531170/0274/R000000022/R000000024
R000000017/6.145744/0024/R000000018
R000000027/3.978053/0287/R000000014
R000000028/9.600000/0000/Guesstimate
R000000027/9.600000/0125/R000000028
R000000026/4.420059/0040/R000000027
R000000029/3.978053/0024/R000000023
R000000029/3.978053/0040/R000000014
R000000026/4.420059/0287/R000000029
R000000032/1.000000/0000/Guesstimate
R000000031/1.111111/0288/R000000032
R000000030/1.234568/0155/R000000031
R000000033/1.111111/0288/R000000032
R000000030/1.234568/0155/R000000033
R000000025/6.282919/0274/R000000026/R000000030
R000000036/1.000000/0000/Guesstimate
R000000035/5.531170/0274/R000000027/R000000036
R000000034/6.145744/0040/R000000035
R000000038/1.000000/0000/Guesstimate
R000000037/6.022288/0274/R000000026/R000000038
R000000034/6.691431/0155/R000000037
M000000041/1.000000/0000/Sigma_BB-28830366
R000000040/1.111111/0085/M000000041
R000000039/1.234568/0197/R000000040
R000000042/9.200000/0000/Guesstimate
R000000039/9.200000/0155/R000000042
R000000025/8.200347/0301/R000000034/R000000039
R000000017/6.981021/0028/R000000025
Q000000003/6.145744/0000/R000000043
R000000045/1.000000/0000/Guesstimate
R000000044/5.531170/0122/R000000019/R000000045
R000000047/1.000000/0000/Guesstimate
R000000046/5.531170/0003/R000000019/R000000047
R000000049/1.000000/0000/Guesstimate
R000000048/5.531170/0112/R000000019/R000000049
R000000048/6.145744/0082/R000000018
R000000050/1.000000/0000/Guesstimate
R000000046/7.256855/0049/R000000048/R000000050
R000000051/1.000000/0000/Guesstimate
R000000044/7.256855/0122/R000000046/R000000051
R000000043/6.145744/0024/R000000044
R000000052/7.256855/0122/R000000035/R000000045
R000000053/7.256855/0003/R000000035/R000000047
R000000054/6.145744/0118/R000000035
R000000054/7.256855/0112/R000000035/R000000049
R000000053/7.939716/0049/R000000054/R000000050
R000000052/9.174284/0122/R000000053/R000000051
R000000043/8.063173/0040/R000000052
<NEXT>