#
#  Reaction log file
#  Author: LigBuilder V3 User_Diana
#  Creation time: Wed Feb 25 22:14:43 2026
#  Format:
#  QueryMoleculeId/Cost/SynthesizeId/ReactantId1/ReactantId2/ReactantId3.....
#  Id prefix:
#  Q --- Query Molecule
#  M --- Material
#  R --- Reactant
#
Directory      result/synthesize_HsDHODH/151/DATABASE/
#
Q000000001/1.524158/0000/R000000001
M000000005/1.000000/0000/Sigma_BB-28452414
R000000004/1.111111/0114/M000000005
R000000003/1.234568/0156/R000000004
R000000007/1.000000/0000/Guesstimate
R000000006/2.222222/0174/M000000005/R000000007
M000000008/1.000000/0000/Sigma_BB-28828976
M000000009/1.000000/0000/Sigma_BB-28421609
R000000006/2.222222/0231/M000000008/M000000009
R000000003/2.469136/0059/R000000006
R000000002/1.371742/0125/R000000003
R000000002/2.482853/0112/R000000003/R000000007
R000000001/1.524158/0059/R000000002
R000000012/1.111111/0125/M000000005
R000000012/2.222222/0112/M000000005/R000000007
R000000011/1.234568/0059/R000000012
R000000013/1.000000/0000/Guesstimate
R000000011/2.345679/0224/R000000012/R000000013
R000000010/2.482853/0174/R000000011/R000000007
R000000015/1.111111/0125/M000000008
R000000015/2.222222/0112/M000000008/R000000007
R000000014/1.234568/0059/R000000015
M000000017/1.000000/0000/Sigma_BB-28758779
R000000018/1.000000/0000/Guesstimate
R000000016/2.222222/0112/M000000017/R000000018
R000000014/2.469136/0112/R000000016
R000000010/2.482853/0231/R000000014/M000000009
R000000001/2.758726/0059/R000000010
Q000000002/1.524158/0000/R000000001
Q000000003/4.282884/0000/R000000019
R000000023/1.000000/0000/Guesstimate
R000000022/2.222222/0175/M000000005/R000000023
R000000022/2.222222/0290/M000000005/R000000023
R000000021/2.469136/0125/R000000022
R000000021/3.580247/0112/R000000022/R000000007
R000000024/1.000000/0000/Guesstimate
R000000020/3.854596/0170/R000000021/R000000024
R000000027/1.000000/0000/Guesstimate
R000000026/2.345679/0175/R000000012/R000000027
R000000026/2.345679/0290/R000000012/R000000027
R000000025/2.606310/0059/R000000026
R000000029/1.000000/0000/Guesstimate
R000000028/2.222222/0175/M000000005/R000000029
M000000030/1.000000/0000/Sigma_BB-27927314
R000000028/2.222222/0231/M000000008/M000000030
R000000025/3.580247/0112/R000000028/R000000007
R000000031/1.000000/0000/Guesstimate
R000000020/4.007011/0170/R000000025/R000000031
R000000019/4.282884/0059/R000000020
R000000035/1.000000/0000/Guesstimate
R000000036/1.000000/0000/Guesstimate
R000000034/2.222222/0012/R000000035/R000000036
R000000034/2.222222/0285/R000000035/R000000036
R000000033/2.469136/0285/R000000034
R000000037/2.222222/0012/R000000035/R000000036
R000000037/2.222222/0285/R000000035/R000000036
R000000033/2.469136/0285/R000000037
M000000040/1.000000/0000/Sigma_BB-28753226
R000000041/1.000000/0000/Guesstimate
R000000039/2.222222/0112/M000000040/R000000041
M000000042/1.000000/0000/Sigma_BB-128887467
R000000039/2.222222/0170/M000000042/R000000024
R000000038/2.469136/0147/R000000039
M000000044/1.000000/0000/Sigma_BB-34438168
R000000043/2.222222/0170/M000000044/R000000031
M000000045/1.000000/0000/Sigma_BB-27438940
R000000043/2.222222/0170/M000000045/R000000024
R000000038/2.469136/0153/R000000043
R000000032/5.486969/0231/R000000033/R000000038
R000000019/6.096632/0082/R000000032
<NEXT>