#
#  Reaction log file
#  Author: LigBuilder V3 User_Diana
#  Creation time: Wed Feb 25 22:11:23 2026
#  Format:
#  QueryMoleculeId/Cost/SynthesizeId/ReactantId1/ReactantId2/ReactantId3.....
#  Id prefix:
#  Q --- Query Molecule
#  M --- Material
#  R --- Reactant
#
Directory      result/synthesize_HsDHODH/44/DATABASE/
#
Q000000001/Analysis Failed
Q000000002/Analysis Failed
Q000000003/Analysis Failed
Q000000004/5.531170/0000/R000000001
R000000005/1.000000/0000/Guesstimate
R000000006/1.000000/0000/Guesstimate
R000000004/2.222222/0279/R000000005/R000000006
R000000004/2.222222/0279/R000000005/R000000006
M000000007/1.000000/0000/Sigma_BB-28956431
R000000003/3.580247/0159/R000000004/M000000007
M000000009/1.000000/0000/Sigma_BB-28776798
R000000008/3.580247/0159/R000000004/M000000009
R000000003/3.978053/0217/R000000008
R000000002/3.978053/0287/R000000003
R000000010/1.000000/0000/Guesstimate
R000000001/5.531170/0122/R000000002/R000000010
R000000014/1.000000/0000/Guesstimate
R000000013/2.222222/0279/R000000014/R000000006
R000000013/2.222222/0279/R000000014/R000000006
R000000015/2.222222/0122/M000000007/R000000010
R000000015/2.222222/0122/M000000007/R000000010
R000000012/4.938272/0159/R000000013/R000000015
R000000017/1.000000/0000/Guesstimate
R000000016/3.580247/0159/R000000013/R000000017
R000000019/1.000000/0000/Guesstimate
R000000018/2.222222/0122/R000000019/R000000010
R000000018/2.222222/0122/R000000019/R000000010
R000000012/6.447188/0274/R000000016/R000000018
R000000011/5.486969/0287/R000000012
R000000001/6.096632/0040/R000000011
<NEXT>