#
#  Reaction log file
#  Author: LigBuilder V3 User_Diana
#  Creation time: Wed Feb 25 22:10:19 2026
#  Format:
#  QueryMoleculeId/Cost/SynthesizeId/ReactantId1/ReactantId2/ReactantId3.....
#  Id prefix:
#  Q --- Query Molecule
#  M --- Material
#  R --- Reactant
#
Directory      result/synthesize_HsDHODH/1/DATABASE/
#
Q000000001/6.130503/0000/R000000001
R000000006/1.000000/0000/Guesstimate
R000000007/1.000000/0000/Guesstimate
R000000005/2.222222/0279/R000000006/R000000007
R000000005/2.222222/0279/R000000006/R000000007
R000000004/2.469136/0125/R000000005
R000000008/1.000000/0000/Guesstimate
R000000004/3.580247/0112/R000000005/R000000008
R000000003/2.743484/0041/R000000004
R000000010/1.000000/0000/Guesstimate
R000000009/2.222222/0279/R000000010/R000000007
R000000009/2.222222/0279/R000000010/R000000007
R000000011/1.000000/0000/Guesstimate
R000000003/3.580247/0018/R000000009/R000000011
R000000013/1.000000/0000/Guesstimate
R000000014/1.000000/0000/Guesstimate
R000000012/2.222222/0276/R000000013/R000000014
R000000012/2.222222/0278/R000000013/R000000014
R000000002/5.517452/0159/R000000003/R000000012
R000000015/4.938272/0159/R000000005/R000000012
R000000016/1.000000/0000/Guesstimate
R000000002/6.598080/0112/R000000015/R000000016
R000000001/6.130503/0287/R000000002
R000000017/5.486969/0287/R000000015
R000000001/7.207744/0112/R000000017/R000000016
Q000000002/Analysis Failed
Q000000003/Analysis Failed
<NEXT>