#
#  Reaction log file
#  Author: LigBuilder V3 User_Diana
#  Creation time: Wed Feb 25 22:13:25 2026
#  Format:
#  QueryMoleculeId/Cost/SynthesizeId/ReactantId1/ReactantId2/ReactantId3.....
#  Id prefix:
#  Q --- Query Molecule
#  M --- Material
#  R --- Reactant
#
Directory      result/synthesize_HsDHODH/108/DATABASE/
#
Q000000001/4.130468/0000/R000000001
R000000004/1.000000/0000/Guesstimate
M000000006/1.000000/0000/Sigma_BB-30024593
R000000005/1.111111/0283/M000000006
R000000007/1.000000/0000/Guesstimate
M000000008/1.000000/0000/Sigma_BB-28665945
R000000005/2.222222/0003/R000000007/M000000008
R000000003/2.345679/0012/R000000004/R000000005
R000000010/1.000000/0000/Guesstimate
R000000009/2.345679/0012/R000000010/R000000005
R000000009/2.345679/0285/R000000010/R000000005
R000000011/1.000000/0000/Guesstimate
R000000003/3.717421/0018/R000000009/R000000011
R000000012/1.000000/0000/Guesstimate
R000000002/3.717421/0159/R000000003/R000000012
R000000015/1.000000/0000/Guesstimate
R000000016/1.000000/0000/Guesstimate
R000000014/2.222222/0279/R000000015/R000000016
R000000014/2.222222/0279/R000000015/R000000016
R000000013/2.469136/0041/R000000014
R000000018/1.000000/0000/Guesstimate
R000000017/2.222222/0279/R000000018/R000000016
R000000017/2.222222/0279/R000000018/R000000016
R000000013/3.580247/0018/R000000017/R000000011
M000000019/1.000000/0000/Sigma_BB-243768319
R000000002/3.854596/0159/R000000013/M000000019
R000000001/4.130468/0287/R000000002
Q000000002/Analysis Failed
Q000000003/6.096632/0000/R000000020
R000000024/1.000000/0000/Guesstimate
R000000025/1.000000/0000/Guesstimate
R000000023/2.222222/0279/R000000024/R000000025
R000000023/2.222222/0279/R000000024/R000000025
R000000027/1.000000/0000/Guesstimate
R000000028/1.000000/0000/Guesstimate
R000000026/2.222222/0277/R000000027/R000000028
R000000029/1.000000/0000/Guesstimate
R000000026/2.222222/0301/R000000029/R000000028
R000000022/4.938272/0159/R000000023/R000000026
R000000030/3.580247/0159/R000000023/R000000029
R000000022/5.089163/0301/R000000030/R000000028
R000000021/5.486969/0287/R000000022
R000000031/3.978053/0287/R000000030
R000000021/5.531170/0301/R000000031/R000000028
R000000020/6.096632/0024/R000000021
R000000034/2.222222/0279/R000000018/R000000025
R000000034/2.222222/0279/R000000018/R000000025
R000000033/4.938272/0159/R000000034/R000000026
R000000035/3.580247/0159/R000000034/R000000029
R000000033/5.089163/0301/R000000035/R000000028
R000000032/5.486969/0287/R000000033
R000000036/3.978053/0287/R000000035
R000000032/5.531170/0301/R000000036/R000000028
R000000020/6.096632/0040/R000000032
Q000000004/4.420059/0000/R000000037
R000000039/3.580247/0159/R000000023/R000000027
R000000041/1.000000/0000/Guesstimate
R000000042/1.000000/0000/Guesstimate
R000000040/2.222222/0012/R000000041/R000000042
R000000043/1.000000/0000/Guesstimate
R000000040/2.222222/0279/R000000024/R000000043
R000000044/1.000000/0000/Guesstimate
R000000039/3.580247/0159/R000000040/R000000044
R000000038/3.978053/0287/R000000039
R000000037/4.420059/0024/R000000038
R000000046/3.580247/0159/R000000034/R000000027
R000000047/2.222222/0012/R000000010/R000000042
R000000047/2.222222/0279/R000000018/R000000043
R000000046/3.580247/0159/R000000047/R000000044
R000000045/3.978053/0287/R000000046
R000000045/4.420059/0300/R000000036
R000000037/4.420059/0040/R000000045
<NEXT>