#
#  Reaction log file
#  Author: LigBuilder V3 User_Diana
#  Creation time: Wed Feb 25 22:19:31 2026
#  Format:
#  QueryMoleculeId/Cost/SynthesizeId/ReactantId1/ReactantId2/ReactantId3.....
#  Id prefix:
#  Q --- Query Molecule
#  M --- Material
#  R --- Reactant
#
Directory      result/synthesize_HsDHODH/284/DATABASE/
#
Q000000001/4.282884/0000/R000000001
M000000005/1.000000/0000/Sigma_BB-89724395
R000000006/1.000000/0000/Guesstimate
R000000004/2.222222/0004/M000000005/R000000006
R000000003/2.469136/0197/R000000004
R000000003/2.469136/0197/R000000004
M000000007/1.000000/0000/Sigma_BB-28864073
R000000002/3.854596/0003/R000000003/M000000007
M000000010/1.000000/0000/Sigma_BB-28768237
R000000009/1.111111/0198/M000000010
R000000009/1.111111/0298/M000000010
R000000011/1.000000/0000/Guesstimate
R000000008/2.345679/0285/R000000009/R000000011
R000000013/1.000000/0000/Guesstimate
R000000012/2.345679/0277/R000000009/R000000013
R000000008/2.606310/0295/R000000012
R000000015/1.000000/0000/Guesstimate
R000000014/2.222222/0001/M000000007/R000000015
R000000016/1.000000/0000/Guesstimate
R000000014/2.222222/0003/M000000007/R000000016
R000000002/5.075447/0042/R000000008/R000000014
R000000001/4.282884/0099/R000000002
M000000020/1.000000/0000/Sigma_BB-28764950
M000000021/1.000000/0000/Sigma_BB-28769352
R000000019/2.222222/0004/M000000020/M000000021
R000000018/2.469136/0197/R000000019
R000000017/5.212621/0212/R000000004/R000000018
R000000017/5.212621/0212/R000000004/R000000018
R000000001/5.791801/0028/R000000017
Q000000002/2.758726/0000/R000000022
M000000026/1.000000/0000/Sigma_BB-248786018
R000000025/1.111111/0299/M000000026
R000000024/1.234568/0287/R000000025
M000000028/1.000000/0000/Sigma_BB-308324471
R000000029/1.000000/0000/Guesstimate
R000000027/2.222222/0231/M000000028/R000000029
R000000024/2.469136/0294/R000000027
R000000030/1.000000/0000/Guesstimate
R000000023/2.482853/0170/R000000024/R000000030
R000000031/1.371742/0156/R000000024
R000000032/1.371742/0217/R000000024
R000000031/1.524158/0059/R000000032
R000000033/1.000000/0000/Guesstimate
R000000023/2.635269/0170/R000000031/R000000033
R000000022/2.758726/0024/R000000023
R000000036/1.000000/0000/Guesstimate
R000000035/2.635269/0170/R000000031/R000000036
R000000038/1.000000/0000/Guesstimate
R000000037/2.482853/0170/R000000024/R000000038
R000000039/1.000000/0000/Guesstimate
R000000037/2.635269/0170/R000000031/R000000039
R000000035/2.758726/0155/R000000037
R000000042/1.000000/0000/Guesstimate
R000000043/1.000000/0000/Guesstimate
R000000041/2.222222/0174/R000000042/R000000043
R000000041/2.222222/0289/R000000042/R000000043
R000000040/2.469136/0197/R000000041
R000000044/7.400000/0000/Guesstimate
R000000040/8.222222/0091/R000000044
R000000034/5.671562/0112/R000000035/R000000040
R000000047/1.000000/0000/Guesstimate
R000000046/3.854596/0112/R000000040/R000000047
R000000046/3.854596/0112/R000000040/R000000047
R000000045/4.282884/0059/R000000046
R000000045/8.444445/0082/R000000048
R000000034/6.130503/0170/R000000024/R000000045
R000000022/6.301735/0025/R000000034
Q000000003/2.758726/0000/R000000022
<NEXT>