#
#  Reaction log file
#  Author: LigBuilder V3 User_Diana
#  Creation time: Wed Feb 25 22:12:48 2026
#  Format:
#  QueryMoleculeId/Cost/SynthesizeId/ReactantId1/ReactantId2/ReactantId3.....
#  Id prefix:
#  Q --- Query Molecule
#  M --- Material
#  R --- Reactant
#
Directory      result/synthesize_HsDHODH/93/DATABASE/
#
Q000000001/5.791801/0000/R000000001
R000000004/1.000000/0000/Guesstimate
R000000006/1.000000/0000/Guesstimate
R000000007/1.000000/0000/Guesstimate
R000000005/2.222222/0279/R000000006/R000000007
R000000005/2.222222/0279/R000000006/R000000007
R000000003/3.580247/0159/R000000004/R000000005
R000000009/1.000000/0000/Guesstimate
R000000010/1.000000/0000/Guesstimate
R000000008/2.222222/0012/R000000009/R000000010
R000000008/2.222222/0285/R000000009/R000000010
R000000011/1.000000/0000/Guesstimate
R000000003/3.580247/0159/R000000008/R000000011
R000000013/1.000000/0000/Guesstimate
R000000012/1.111111/0293/R000000013
R000000015/1.000000/0000/Guesstimate
R000000014/1.111111/0228/R000000015
R000000014/1.111111/0286/R000000015
R000000012/1.234568/0090/R000000014
R000000002/5.212621/0112/R000000003/R000000012
R000000001/5.791801/0147/R000000002
R000000019/1.000000/0000/Guesstimate
R000000018/2.222222/0279/R000000019/R000000006
R000000018/2.222222/0279/R000000019/R000000006
R000000021/1.000000/0000/Guesstimate
R000000020/2.345679/0003/R000000021/R000000012
R000000022/1.000000/0000/Guesstimate
R000000020/2.345679/0277/R000000022/R000000012
R000000017/5.075447/0159/R000000018/R000000020
R000000024/1.000000/0000/Guesstimate
R000000025/1.000000/0000/Guesstimate
R000000023/2.222222/0159/R000000024/R000000025
R000000026/1.000000/0000/Guesstimate
R000000023/3.580247/0159/R000000018/R000000026
R000000029/1.000000/0000/Guesstimate
R000000030/1.000000/0000/Guesstimate
R000000028/2.222222/0274/R000000029/R000000030
R000000031/1.000000/0000/Guesstimate
R000000032/1.000000/0000/Guesstimate
R000000028/2.222222/0274/R000000031/R000000032
R000000027/2.469136/0122/R000000028
R000000027/2.469136/0122/R000000028
R000000017/5.212621/0175/R000000023/R000000027
R000000016/5.639385/0287/R000000017
R000000001/6.265984/0040/R000000016
Q000000002/4.572474/0000/R000000033
M000000037/1.000000/0000/Sigma_BB-159495831
R000000036/1.111111/0287/M000000037
R000000035/1.234568/0299/R000000036
R000000035/1.234568/0299/R000000036
R000000040/1.000000/0000/Guesstimate
R000000041/1.000000/0000/Guesstimate
R000000039/2.222222/0277/R000000040/R000000041
R000000038/2.469136/0099/R000000039
R000000043/1.000000/0000/Guesstimate
R000000044/1.000000/0000/Guesstimate
R000000042/2.222222/0003/R000000043/R000000044
R000000038/2.469136/0147/R000000042
R000000034/4.115227/0231/R000000035/R000000038
R000000046/1.000000/0000/Guesstimate
R000000045/2.482853/0231/R000000035/R000000046
R000000047/2.345679/0231/R000000036/R000000046
R000000045/2.606310/0299/R000000047
R000000050/1.000000/0000/Guesstimate
R000000049/2.222222/0277/R000000050/R000000041
R000000048/2.469136/0099/R000000049
R000000052/1.000000/0000/Guesstimate
R000000051/2.222222/0003/R000000052/R000000044
R000000048/2.469136/0147/R000000051
R000000034/5.502210/0279/R000000045/R000000048
R000000033/4.572474/0294/R000000034
R000000056/1.000000/0000/Guesstimate
R000000055/2.222222/0277/R000000056/R000000041
R000000054/2.469136/0099/R000000055
R000000058/1.000000/0000/Guesstimate
R000000057/2.222222/0003/R000000058/R000000044
R000000054/2.469136/0147/R000000057
R000000053/4.115227/0231/R000000035/R000000054
R000000060/1.000000/0000/Guesstimate
R000000059/2.482853/0231/R000000035/R000000060
R000000061/2.345679/0231/R000000036/R000000060
R000000059/2.606310/0299/R000000061
R000000053/5.502210/0279/R000000059/R000000054
R000000033/4.572474/0294/R000000053
Q000000003/Analysis Failed
<NEXT>