#
#  Reaction log file
#  Author: LigBuilder V3 User_Diana
#  Creation time: Wed Feb 25 22:17:54 2026
#  Format:
#  QueryMoleculeId/Cost/SynthesizeId/ReactantId1/ReactantId2/ReactantId3.....
#  Id prefix:
#  Q --- Query Molecule
#  M --- Material
#  R --- Reactant
#
Directory      result/synthesize_HsDHODH/233/DATABASE/
#
Q000000001/7.055328/0000/R000000001
R000000002/1.000000/0000/Guesstimate
M000000006/1.000000/0000/Sigma_BB-234543041
R000000005/1.111111/0287/M000000006
R000000004/1.234568/0287/R000000005
R000000007/1.111111/0287/M000000006
R000000004/1.234568/0287/R000000007
R000000010/1.000000/0000/Guesstimate
R000000011/1.000000/0000/Guesstimate
R000000009/2.222222/0279/R000000010/R000000011
R000000009/2.222222/0279/R000000010/R000000011
R000000008/3.580247/0170/R000000009/R000000002
R000000012/1.000000/0000/Guesstimate
R000000014/1.000000/0000/Guesstimate
R000000013/2.222222/0279/R000000014/R000000011
R000000013/2.222222/0279/R000000014/R000000011
R000000008/3.580247/0170/R000000012/R000000013
R000000003/5.349795/0175/R000000004/R000000008
R000000016/1.371742/0287/R000000004
R000000017/1.000000/0000/Guesstimate
R000000015/2.635269/0004/R000000016/R000000017
R000000019/1.000000/0000/Guesstimate
R000000018/2.482853/0175/R000000004/R000000019
R000000018/2.482853/0290/R000000004/R000000019
R000000015/2.758726/0024/R000000018
R000000022/1.000000/0000/Guesstimate
R000000021/3.580247/0170/R000000009/R000000022
R000000023/1.000000/0000/Guesstimate
R000000021/3.580247/0170/R000000023/R000000013
R000000020/3.978053/0024/R000000021
R000000024/3.978053/0079/R000000008
R000000025/1.000000/0000/Guesstimate
R000000024/5.089163/0112/R000000008/R000000025
R000000020/4.420059/0040/R000000024
R000000003/7.348135/0212/R000000015/R000000020
R000000001/7.055328/0112/R000000002/R000000003
R000000029/1.000000/0000/Guesstimate
R000000028/2.345679/0174/R000000029/R000000007
R000000028/2.345679/0289/R000000029/R000000007
R000000027/2.606310/0197/R000000028
R000000026/6.873953/0175/R000000027/R000000008
R000000031/2.895900/0287/R000000027
R000000030/4.328778/0004/R000000031/R000000017
R000000032/4.007011/0175/R000000027/R000000019
R000000032/4.007011/0290/R000000027/R000000019
R000000030/4.452235/0024/R000000032
R000000026/9.229813/0212/R000000030/R000000020
R000000033/1.000000/0000/Guesstimate
R000000001/8.748837/0112/R000000026/R000000033
Q000000002/6.012146/0000/R000000034
R000000037/2.482853/0175/R000000004/R000000012
R000000038/1.000000/0000/Guesstimate
R000000037/4.039188/0212/R000000015/R000000038
R000000039/1.000000/0000/Guesstimate
R000000036/3.869837/0170/R000000037/R000000039
R000000040/2.482853/0175/R000000004/R000000002
R000000041/1.000000/0000/Guesstimate
R000000040/4.039188/0212/R000000015/R000000041
R000000042/1.000000/0000/Guesstimate
R000000036/3.869837/0170/R000000040/R000000042
R000000035/5.410931/0112/R000000002/R000000036
R000000044/2.482853/0112/R000000002/R000000004
R000000044/4.007011/0112/R000000027/R000000033
R000000045/2.222222/0170/R000000012/R000000033
R000000046/1.000000/0000/Guesstimate
R000000045/2.222222/0170/R000000046/R000000002
R000000043/5.227862/0175/R000000044/R000000045
R000000047/4.039188/0112/R000000002/R000000015
R000000047/5.920865/0112/R000000030/R000000033
R000000049/1.000000/0000/Guesstimate
R000000048/1.111111/0040/R000000049
R000000048/2.222222/0170/R000000038/R000000033
R000000043/5.722555/0212/R000000047/R000000048
R000000050/1.000000/0000/Guesstimate
R000000035/6.919847/0003/R000000043/R000000050
R000000034/6.012146/0041/R000000035
R000000053/1.000000/0000/Guesstimate
R000000054/2.895900/0154/R000000027
R000000052/4.328778/0231/R000000053/R000000054
R000000056/1.000000/0000/Guesstimate
R000000055/4.328778/0231/R000000056/R000000054
R000000052/4.809754/0293/R000000055
R000000058/2.222222/0170/R000000042/R000000002
R000000058/3.580247/0003/R000000045/R000000050
R000000057/2.469136/0041/R000000058
R000000060/1.000000/0000/Guesstimate
R000000059/2.222222/0170/R000000060/R000000041
R000000061/1.000000/0000/Guesstimate
R000000059/2.222222/0170/R000000038/R000000061
R000000057/2.469136/0086/R000000059
R000000051/7.553238/0175/R000000052/R000000057
R000000063/4.809754/0287/R000000052
R000000062/6.455282/0004/R000000063/R000000017
R000000064/1.000000/0000/Guesstimate
R000000062/7.566393/0225/R000000063/R000000025/R000000064
R000000051/9.641672/0212/R000000062/R000000059
R000000034/8.392488/0082/R000000051
Q000000003/6.012146/0000/R000000034
<NEXT>