#
#  Reaction log file
#  Author: LigBuilder V3 User_Diana
#  Creation time: Wed Feb 25 22:11:08 2026
#  Format:
#  QueryMoleculeId/Cost/SynthesizeId/ReactantId1/ReactantId2/ReactantId3.....
#  Id prefix:
#  Q --- Query Molecule
#  M --- Material
#  R --- Reactant
#
Directory      result/synthesize_HsDHODH/53/DATABASE/
#
Q000000001/3.869837/0000/R000000001
M000000005/1.000000/0000/Sigma_BB-28760291
R000000004/1.111111/0287/M000000005
R000000003/1.234568/0213/R000000004
R000000007/1.000000/0000/Guesstimate
R000000006/2.345679/0175/R000000004/R000000007
R000000006/2.345679/0290/R000000004/R000000007
R000000003/2.606310/0216/R000000006
R000000008/1.000000/0000/Guesstimate
R000000002/2.482853/0003/R000000003/R000000008
R000000010/1.000000/0000/Guesstimate
R000000011/1.234568/0287/R000000004
R000000011/1.371742/0197/R000000003
R000000009/2.482853/0004/R000000010/R000000011
R000000009/2.606310/0085/R000000006
R000000012/1.000000/0000/Guesstimate
R000000002/3.869837/0049/R000000009/R000000012
R000000013/1.000000/0000/Guesstimate
R000000001/3.869837/0012/R000000002/R000000013
R000000015/1.000000/0000/Guesstimate
R000000014/3.869837/0012/R000000002/R000000015
R000000017/1.371742/0091/R000000003
R000000018/2.345679/0174/R000000007/R000000004
R000000018/2.482853/0112/R000000007/R000000011
R000000017/2.606310/0197/R000000018
R000000019/1.000000/0000/Guesstimate
R000000016/2.635269/0112/R000000017/R000000019
R000000021/1.000000/0000/Guesstimate
R000000020/2.635269/0112/R000000017/R000000021
R000000016/2.928077/0082/R000000020
R000000014/4.039188/0095/R000000016/R000000008
R000000001/4.299819/0059/R000000014
Q000000002/3.869837/0000/R000000022
R000000024/1.000000/0000/Guesstimate
R000000023/2.482853/0003/R000000003/R000000024
R000000026/1.000000/0000/Guesstimate
R000000025/2.635269/0112/R000000017/R000000026
R000000027/1.000000/0000/Guesstimate
R000000025/3.869837/0049/R000000009/R000000027
R000000023/4.039188/0011/R000000025/R000000027
R000000028/1.000000/0000/Guesstimate
R000000022/3.869837/0012/R000000023/R000000028
M000000032/1.000000/0000/Sigma_BB-152437451
R000000031/1.111111/0087/M000000032
R000000030/1.234568/0079/R000000031
M000000034/1.000000/0000/Sigma_BB-28784738
R000000033/1.111111/0293/M000000034
R000000030/1.234568/0082/R000000033
R000000029/4.130468/0012/R000000023/R000000030
R000000036/1.000000/0000/Guesstimate
R000000035/2.635269/0112/R000000017/R000000036
R000000038/1.000000/0000/Guesstimate
R000000037/2.635269/0112/R000000017/R000000038
R000000035/2.928077/0041/R000000037
R000000040/1.111111/0085/M000000032
R000000040/1.371742/0040/R000000030
R000000039/1.234568/0197/R000000040
R000000041/9.800000/0000/Guesstimate
R000000039/9.800000/0155/R000000041
R000000029/4.299819/0095/R000000035/R000000039
R000000022/4.589409/0028/R000000029
Q000000003/Analysis Failed
Q000000004/Analysis Failed
<NEXT>