#
#  Reaction log file
#  Author: LigBuilder V3 User_Diana
#  Creation time: Wed Feb 25 22:11:59 2026
#  Format:
#  QueryMoleculeId/Cost/SynthesizeId/ReactantId1/ReactantId2/ReactantId3.....
#  Id prefix:
#  Q --- Query Molecule
#  M --- Material
#  R --- Reactant
#
Directory      result/synthesize_HsDHODH/77/DATABASE/
#
Q000000001/7.620790/0000/R000000001
R000000005/1.000000/0000/Guesstimate
R000000006/1.000000/0000/Guesstimate
R000000004/2.222222/0279/R000000005/R000000006
R000000004/2.222222/0279/R000000005/R000000006
R000000008/1.000000/0000/Guesstimate
R000000009/1.000000/0000/Guesstimate
R000000010/1.000000/0000/Guesstimate
R000000007/3.333333/0225/R000000008/R000000009/R000000010
R000000012/1.000000/0000/Guesstimate
R000000011/2.222222/0277/R000000009/R000000012
R000000013/1.000000/0000/Guesstimate
R000000014/1.000000/0000/Guesstimate
R000000011/2.222222/0301/R000000013/R000000014
R000000007/3.580247/0275/R000000008/R000000011
R000000003/6.172840/0159/R000000004/R000000007
R000000015/3.580247/0159/R000000004/R000000008
R000000003/6.200274/0225/R000000015/R000000009/R000000010
R000000002/6.858711/0287/R000000003
R000000017/5.089163/0275/R000000015/R000000013
R000000018/1.000000/0000/Guesstimate
R000000017/6.200274/0225/R000000015/R000000018/R000000010
R000000016/5.654626/0287/R000000017
R000000002/7.394029/0301/R000000016/R000000014
R000000001/7.620790/0040/R000000002
R000000021/3.978053/0040/R000000015
R000000020/4.420059/0287/R000000021
R000000023/7.900000/0000/Guesstimate
R000000024/1.000000/0000/Guesstimate
R000000022/9.888888/0175/R000000023/R000000024
R000000022/9.888888/0290/R000000023/R000000024
R000000020/9.888888/0216/R000000022
R000000025/1.000000/0000/Guesstimate
R000000019/7.133399/0225/R000000020/R000000025/R000000010
R000000028/1.000000/0000/Guesstimate
R000000027/2.222222/0277/R000000013/R000000028
R000000029/1.000000/0000/Guesstimate
R000000027/2.222222/0301/R000000013/R000000029
R000000026/2.469136/0079/R000000027
R000000031/1.000000/0000/Guesstimate
R000000030/2.222222/0277/R000000031/R000000012
R000000032/1.000000/0000/Guesstimate
R000000030/2.222222/0301/R000000013/R000000032
R000000026/2.469136/0082/R000000030
R000000019/7.654661/0275/R000000020/R000000026
R000000001/7.925999/0041/R000000019
Q000000002/6.145744/0000/R000000033
M000000037/1.000000/0000/Sigma_BB-28757037
R000000036/3.580247/0159/R000000004/M000000037
R000000036/5.089163/0275/R000000015/R000000012
R000000035/3.978053/0287/R000000036
R000000039/4.911177/0091/R000000020
R000000038/6.567974/0275/R000000039/R000000012
R000000035/8.408860/0112/R000000038/R000000010
M000000040/1.000000/0000/Sigma_BB-34699512
R000000034/5.531170/0277/R000000035/M000000040
R000000042/1.000000/0000/Guesstimate
R000000043/1.000000/0000/Guesstimate
R000000041/2.222222/0122/R000000042/R000000043
R000000041/2.222222/0122/R000000042/R000000043
R000000034/8.752054/0301/R000000016/R000000041
R000000033/6.145744/0040/R000000034
R000000046/1.000000/0000/Guesstimate
R000000045/7.133399/0225/R000000020/R000000046/R000000010
R000000048/1.000000/0000/Guesstimate
R000000047/6.022288/0275/R000000020/R000000048
R000000050/1.000000/0000/Guesstimate
R000000049/6.022288/0275/R000000020/R000000050
R000000047/6.691431/0155/R000000049
R000000045/7.802542/0004/R000000047/R000000008
M000000053/1.000000/0000/Sigma_BB-152421932
R000000052/1.111111/0087/M000000053
R000000051/1.234568/0092/R000000052
R000000054/1.111111/0085/M000000053
R000000055/1.000000/0000/Guesstimate
R000000054/2.345679/0275/R000000052/R000000055
R000000051/1.234568/0093/R000000054
R000000044/9.297741/0212/R000000045/R000000051
R000000044/9.297741/0212/R000000045/R000000051
R000000033/9.297741/0028/R000000044
Q000000003/7.434924/0000/R000000056
R000000059/4.420059/0147/R000000035
R000000060/1.000000/0000/Guesstimate
R000000058/6.022288/0277/R000000059/R000000060
R000000061/6.022288/0277/R000000059/R000000018
R000000058/7.802542/0301/R000000061/R000000043
R000000057/6.691431/0168/R000000058
R000000062/5.456863/0079/R000000039
R000000062/6.567974/0112/R000000039/R000000010
R000000057/8.285403/0225/R000000062/R000000060/R000000010
R000000056/7.434924/0040/R000000057
R000000065/1.000000/0000/Guesstimate
R000000064/6.022288/0119/R000000020/R000000065
R000000067/1.000000/0000/Guesstimate
R000000066/6.567974/0112/R000000039/R000000067
R000000066/9.888888/0174/R000000024/R000000023
R000000064/7.297749/0153/R000000066
M000000068/1.000000/0000/Sigma_BB-28830089
R000000063/7.802542/0275/R000000064/M000000068
R000000063/8.913652/0225/R000000064/R000000060/R000000010
R000000056/8.669492/0024/R000000063
<NEXT>