#
#  Reaction log file
#  Author: LigBuilder V3 User_Diana
#  Creation time: Wed Feb 25 22:10:57 2026
#  Format:
#  QueryMoleculeId/Cost/SynthesizeId/ReactantId1/ReactantId2/ReactantId3.....
#  Id prefix:
#  Q --- Query Molecule
#  M --- Material
#  R --- Reactant
#
Directory      result/synthesize_HsDHODH/46/DATABASE/
#
Q000000001/3.869837/0000/R000000001
M000000005/1.000000/0000/Sigma_BB-28760291
R000000004/1.111111/0287/M000000005
R000000006/10.000000/0000/Guesstimate
R000000004/10.000000/0299/R000000006
R000000003/1.234568/0213/R000000004
R000000008/1.000000/0000/Guesstimate
R000000007/2.345679/0175/R000000004/R000000008
R000000007/2.345679/0290/R000000004/R000000008
R000000003/2.606310/0216/R000000007
R000000009/1.000000/0000/Guesstimate
R000000002/2.482853/0003/R000000003/R000000009
R000000011/1.000000/0000/Guesstimate
R000000012/1.234568/0287/R000000004
R000000012/1.371742/0197/R000000003
R000000010/2.482853/0004/R000000011/R000000012
R000000010/2.606310/0085/R000000007
R000000013/1.000000/0000/Guesstimate
R000000002/3.869837/0049/R000000010/R000000013
R000000014/1.000000/0000/Guesstimate
R000000001/3.869837/0012/R000000002/R000000014
M000000018/1.000000/0000/Sigma_BB-152394313
R000000017/2.222222/0004/M000000018/R000000009
R000000017/2.222222/0277/M000000018/R000000009
R000000016/2.469136/0087/R000000017
R000000015/3.978053/0174/R000000016/R000000004
R000000015/4.115227/0112/R000000016/R000000012
R000000001/4.420059/0028/R000000015
Q000000002/3.869837/0000/R000000001
Q000000003/3.869837/0000/R000000001
<NEXT>