#
#  Reaction log file
#  Author: LigBuilder V3 User_Diana
#  Creation time: Wed Feb 25 22:19:44 2026
#  Format:
#  QueryMoleculeId/Cost/SynthesizeId/ReactantId1/ReactantId2/ReactantId3.....
#  Id prefix:
#  Q --- Query Molecule
#  M --- Material
#  R --- Reactant
#
Directory      result/synthesize_HsDHODH/289/DATABASE/
#
Q000000001/6.282918/0000/R000000001
R000000005/1.000000/0000/Guesstimate
R000000007/1.000000/0000/Guesstimate
R000000008/1.000000/0000/Guesstimate
R000000006/2.222222/0279/R000000007/R000000008
R000000006/2.222222/0279/R000000007/R000000008
R000000004/3.580247/0159/R000000005/R000000006
R000000011/1.000000/0000/Guesstimate
R000000010/2.222222/0279/R000000007/R000000011
R000000010/2.222222/0279/R000000007/R000000011
R000000009/3.580247/0159/R000000005/R000000010
R000000013/1.000000/0000/Guesstimate
R000000014/1.000000/0000/Guesstimate
R000000012/2.222222/0012/R000000013/R000000014
R000000012/2.222222/0285/R000000013/R000000014
R000000015/1.000000/0000/Guesstimate
R000000009/3.580247/0159/R000000012/R000000015
R000000004/3.978053/0091/R000000009
R000000003/3.978053/0092/R000000004
R000000016/3.978053/0197/R000000009
R000000019/8.400000/0000/Guesstimate
R000000018/9.333333/0125/R000000019
R000000020/1.000000/0000/Guesstimate
R000000018/9.400000/0112/R000000020/R000000019
R000000017/9.333333/0040/R000000018
R000000022/6.700000/0000/Guesstimate
R000000023/1.000000/0000/Guesstimate
R000000021/8.555555/0175/R000000022/R000000023
R000000021/8.555555/0290/R000000022/R000000023
R000000017/9.506173/0216/R000000021
R000000016/9.506173/0287/R000000017
R000000024/1.000000/0000/Guesstimate
R000000003/5.531170/0004/R000000016/R000000024
M000000026/1.000000/0000/Sigma_BB-28830090
R000000025/1.111111/0288/M000000026
R000000027/1.111111/0245/M000000026
M000000030/1.000000/0000/Sigma_BB-29589192
R000000029/2.222222/0112/M000000030/R000000020
R000000031/1.000000/0000/Guesstimate
M000000032/1.000000/0000/Sigma_BB-28771679
R000000029/2.222222/0112/R000000031/M000000032
R000000028/2.469136/0041/R000000029
R000000033/8.666667/0295/R000000034
R000000028/9.629630/0082/R000000033
R000000027/2.743484/0233/R000000028
R000000025/1.234568/0155/R000000027
R000000002/5.654626/0003/R000000003/R000000025
R000000035/2.345679/0004/R000000024/R000000025
R000000037/1.000000/0000/Guesstimate
R000000036/2.345679/0277/R000000037/R000000025
R000000038/1.000000/0000/Guesstimate
R000000036/2.345679/0301/R000000038/R000000025
R000000035/2.606310/0024/R000000036
R000000002/7.026369/0003/R000000016/R000000035
R000000001/6.282918/0147/R000000002
M000000042/1.000000/0000/Sigma_BB-187210670
R000000043/1.000000/0000/Guesstimate
R000000041/2.222222/0049/M000000042/R000000043
R000000040/2.469136/0041/R000000041
R000000040/8.666667/0155/R000000034
R000000039/6.721537/0003/R000000009/R000000040
R000000046/1.000000/0000/Guesstimate
R000000045/3.580247/0301/R000000046/R000000041
R000000045/3.580247/0301/R000000046/R000000041
R000000044/3.978053/0041/R000000045
R000000048/1.000000/0000/Guesstimate
R000000047/3.854596/0301/R000000048/R000000040
R000000047/3.854596/0301/R000000048/R000000040
R000000044/4.282884/0155/R000000047
R000000039/8.398111/0112/R000000004/R000000044
R000000001/7.468375/0147/R000000039
Q000000002/4.452235/0000/R000000049
M000000054/1.000000/0000/Sigma_BB-184377626
R000000053/1.111111/0287/M000000054
R000000052/1.234568/0260/R000000053
R000000055/1.111111/0260/M000000054
R000000052/1.234568/0287/R000000055
M000000057/1.000000/0000/Sigma_BB-28524129
R000000056/1.111111/0086/M000000057
R000000056/1.111111/0091/M000000057
R000000051/2.606310/0175/R000000052/R000000056
R000000058/2.482853/0175/R000000052/R000000023
R000000058/2.482853/0290/R000000052/R000000023
R000000051/3.869837/0212/R000000058/M000000057
R000000059/1.000000/0000/Guesstimate
R000000050/4.007011/0285/R000000051/R000000059
R000000061/2.222222/0285/R000000059/M000000057
R000000061/2.222222/0285/R000000059/M000000057
R000000060/2.469136/0091/R000000061
R000000063/1.000000/0000/Guesstimate
R000000062/2.222222/0112/R000000063/R000000023
R000000060/2.469136/0153/R000000062
R000000050/4.115227/0175/R000000052/R000000060
R000000049/4.452235/0024/R000000050
R000000065/2.482853/0175/R000000052/R000000063
R000000066/2.482853/0174/R000000052/R000000063
R000000066/2.482853/0289/R000000052/R000000063
R000000065/2.758726/0147/R000000066
R000000069/1.000000/0000/Guesstimate
R000000068/2.222222/0174/R000000023/R000000069
R000000068/2.222222/0289/R000000023/R000000069
R000000067/2.469136/0197/R000000068
R000000070/7.400000/0000/Guesstimate
R000000067/8.222222/0091/R000000070
R000000064/5.502210/0112/R000000065/R000000067
R000000073/1.000000/0000/Guesstimate
R000000072/3.854596/0112/R000000073/R000000067
R000000071/4.282884/0091/R000000072
R000000075/1.000000/0000/Guesstimate
R000000074/3.854596/0112/R000000075/R000000067
R000000076/1.000000/0000/Guesstimate
R000000074/9.333333/0003/R000000070/R000000076
R000000071/5.393995/0012/R000000059/R000000074
R000000064/6.130503/0175/R000000052/R000000071
R000000049/6.113567/0025/R000000064
Q000000003/Analysis Failed
Q000000004/Analysis Failed
<NEXT>