#
#  Reaction log file
#  Author: LigBuilder V3 User_Diana
#  Creation time: Wed Feb 25 22:14:55 2026
#  Format:
#  QueryMoleculeId/Cost/SynthesizeId/ReactantId1/ReactantId2/ReactantId3.....
#  Id prefix:
#  Q --- Query Molecule
#  M --- Material
#  R --- Reactant
#
Directory      result/synthesize_HsDHODH/143/DATABASE/
#
Q000000001/1.524158/0000/R000000001
M000000005/1.000000/0000/Sigma_BB-28452414
R000000004/1.111111/0114/M000000005
R000000003/1.234568/0156/R000000004
R000000007/1.000000/0000/Guesstimate
R000000006/2.222222/0174/M000000005/R000000007
M000000008/1.000000/0000/Sigma_BB-28828976
M000000009/1.000000/0000/Sigma_BB-28766566
R000000006/2.222222/0231/M000000008/M000000009
R000000003/2.469136/0059/R000000006
R000000002/1.371742/0125/R000000003
R000000002/2.482853/0112/R000000003/R000000007
R000000001/1.524158/0059/R000000002
R000000012/1.111111/0125/M000000005
R000000012/2.222222/0112/M000000005/R000000007
R000000011/1.234568/0059/R000000012
R000000013/1.000000/0000/Guesstimate
R000000011/2.345679/0224/R000000012/R000000013
R000000010/2.482853/0174/R000000011/R000000007
R000000015/1.111111/0125/M000000008
R000000015/2.222222/0112/M000000008/R000000007
R000000014/1.234568/0059/R000000015
M000000017/1.000000/0000/Sigma_BB-28758779
R000000018/1.000000/0000/Guesstimate
R000000016/2.222222/0112/M000000017/R000000018
R000000014/2.469136/0112/R000000016
R000000010/2.482853/0231/R000000014/M000000009
R000000001/2.758726/0059/R000000010
Q000000002/4.420058/0000/R000000019
R000000023/1.000000/0000/Guesstimate
R000000022/1.111111/0125/R000000023
R000000022/2.222222/0112/R000000023/R000000007
R000000024/1.000000/0000/Guesstimate
R000000021/2.345679/0159/R000000022/R000000024
R000000025/1.000000/0000/Guesstimate
R000000027/1.000000/0000/Guesstimate
R000000028/1.000000/0000/Guesstimate
R000000026/2.222222/0279/R000000027/R000000028
R000000026/2.222222/0279/R000000027/R000000028
R000000021/3.580247/0159/R000000025/R000000026
R000000020/3.978052/0231/R000000014/R000000021
R000000019/4.420058/0059/R000000020
R000000030/2.606310/0059/R000000021
R000000030/3.717421/0224/R000000021/R000000013
R000000029/4.130468/0231/R000000015/R000000030
R000000019/4.589409/0059/R000000029
Q000000003/2.928077/0000/R000000031
R000000033/1.000000/0000/Guesstimate
R000000032/2.635269/0175/R000000002/R000000033
M000000036/1.000000/0000/Sigma_BB-27336472
R000000035/2.222222/0174/M000000036/R000000033
R000000035/2.222222/0289/M000000036/R000000033
R000000034/2.469136/0147/R000000035
M000000039/1.000000/0000/Sigma_BB-28839435
R000000038/2.222222/0175/M000000039/R000000033
R000000038/2.222222/0290/M000000039/R000000033
R000000037/2.469136/0082/R000000038
M000000041/1.000000/0000/Sigma_BB-187814628
R000000040/2.222222/0175/M000000041/R000000033
R000000040/2.222222/0290/M000000041/R000000033
R000000037/3.580247/0112/R000000040/R000000007
R000000034/2.743484/0059/R000000037
R000000032/3.978053/0231/R000000015/R000000034
R000000031/2.928077/0059/R000000032
R000000042/3.869837/0175/R000000010/R000000033
R000000042/4.115227/0231/R000000014/R000000037
R000000031/4.299819/0059/R000000042
Q000000004/1.524158/0000/R000000043
R000000046/1.111111/0114/M000000005
R000000045/1.234568/0156/R000000046
R000000047/2.222222/0174/M000000005/R000000007
M000000048/1.000000/0000/Sigma_BB-28421609
R000000047/2.222222/0231/M000000008/M000000048
R000000045/2.469136/0059/R000000047
R000000044/1.371742/0125/R000000045
R000000044/2.482853/0112/R000000045/R000000007
R000000043/1.524158/0059/R000000044
R000000051/1.234568/0287/R000000012
R000000051/2.345679/0231/R000000015/M000000041
R000000050/1.371742/0059/R000000051
R000000050/2.482853/0224/R000000051/R000000013
R000000049/1.524158/0125/R000000050
R000000049/2.635269/0112/R000000050/R000000007
R000000043/1.693509/0059/R000000049
<NEXT>