#
#  Reaction log file
#  Author: LigBuilder V3 User_Diana
#  Creation time: Wed Feb 25 22:17:47 2026
#  Format:
#  QueryMoleculeId/Cost/SynthesizeId/ReactantId1/ReactantId2/ReactantId3.....
#  Id prefix:
#  Q --- Query Molecule
#  M --- Material
#  R --- Reactant
#
Directory      result/synthesize_HsDHODH/244/DATABASE/
#
Q000000001/5.944217/0000/R000000001
R000000005/1.000000/0000/Guesstimate
R000000006/1.000000/0000/Guesstimate
R000000004/2.222222/0279/R000000005/R000000006
R000000004/2.222222/0279/R000000005/R000000006
R000000007/1.000000/0000/Guesstimate
R000000003/3.580247/0159/R000000004/R000000007
R000000009/1.000000/0000/Guesstimate
R000000008/2.222222/0279/R000000005/R000000009
R000000008/2.222222/0279/R000000005/R000000009
R000000010/1.000000/0000/Guesstimate
R000000003/3.580247/0159/R000000008/R000000010
R000000002/3.978053/0287/R000000003
R000000013/8.100000/0000/Guesstimate
R000000012/9.000001/0114/R000000013
R000000011/9.000001/0217/R000000012
R000000011/9.000001/0217/R000000012
R000000002/9.666667/0040/R000000011
M000000017/1.000000/0000/Sigma_BB-67540016
R000000016/1.111111/0156/M000000017
R000000015/1.234568/0188/R000000016
R000000018/8.800000/0000/Guesstimate
R000000015/9.777779/0219/R000000018
R000000014/1.371742/0155/R000000015
M000000021/1.000000/0000/Sigma_BB-34987467
R000000020/1.111111/0248/M000000021
R000000019/1.234568/0059/R000000020
R000000019/1.234568/0155/R000000016
R000000014/1.371742/0188/R000000019
R000000001/5.944217/0231/R000000002/R000000014
R000000024/3.978053/0091/R000000003
R000000023/4.420059/0287/R000000024
R000000022/6.435335/0231/R000000023/R000000014
R000000025/1.000000/0000/Guesstimate
R000000001/8.261483/0275/R000000022/R000000025
Q000000002/Analysis Failed
Q000000003/Analysis Failed
<NEXT>