#
#  Reaction log file
#  Author: LigBuilder V3 User_Diana
#  Creation time: Wed Feb 25 22:09:57 2026
#  Format:
#  QueryMoleculeId/Cost/SynthesizeId/ReactantId1/ReactantId2/ReactantId3.....
#  Id prefix:
#  Q --- Query Molecule
#  M --- Material
#  R --- Reactant
#
Directory      result/synthesize_HsDHODH/7/DATABASE/
#
Q000000001/6.096632/0000/R000000001
R000000005/1.000000/0000/Guesstimate
R000000006/1.000000/0000/Guesstimate
R000000004/2.222222/0279/R000000005/R000000006
R000000004/2.222222/0279/R000000005/R000000006
M000000008/1.000000/0000/Sigma_BB-28956431
R000000009/1.000000/0000/Guesstimate
R000000007/2.222222/0122/M000000008/R000000009
R000000010/1.000000/0000/Guesstimate
R000000011/1.000000/0000/Guesstimate
R000000007/2.222222/0122/R000000010/R000000011
R000000003/4.938272/0159/R000000004/R000000007
R000000002/5.486969/0287/R000000003
R000000001/6.096632/0024/R000000002
R000000015/1.000000/0000/Guesstimate
R000000014/2.222222/0279/R000000015/R000000006
R000000014/2.222222/0279/R000000015/R000000006
R000000013/4.938272/0159/R000000014/R000000007
R000000017/1.000000/0000/Guesstimate
R000000016/3.580247/0159/R000000014/R000000017
R000000018/1.000000/0000/Guesstimate
R000000013/5.089163/0274/R000000016/R000000018
R000000012/5.486969/0287/R000000013
R000000001/6.096632/0040/R000000012
Q000000002/6.145744/0000/R000000019
R000000022/3.580247/0159/R000000004/R000000010
R000000021/3.978053/0287/R000000022
R000000021/3.978053/0287/R000000022
R000000023/1.000000/0000/Guesstimate
R000000020/5.531170/0122/R000000021/R000000023
R000000025/1.000000/0000/Guesstimate
R000000024/5.531170/0003/R000000021/R000000025
R000000027/1.000000/0000/Guesstimate
R000000026/5.531170/0301/R000000021/R000000027
R000000026/5.531170/0301/R000000021/R000000027
R000000024/6.145744/0082/R000000026
R000000028/1.000000/0000/Guesstimate
R000000020/7.256855/0122/R000000024/R000000028
R000000019/6.145744/0024/R000000020
R000000031/3.978053/0287/R000000016
R000000032/9.600000/0000/Guesstimate
R000000031/9.600000/0125/R000000032
R000000030/4.420059/0040/R000000031
R000000033/3.978053/0040/R000000016
R000000030/4.420059/0287/R000000033
M000000036/1.000000/0000/Sigma_BB-332441958
R000000037/1.000000/0000/Guesstimate
R000000035/2.222222/0279/M000000036/R000000037
R000000035/2.222222/0279/M000000036/R000000037
R000000034/2.469136/0228/R000000035
R000000034/2.469136/0286/R000000035
R000000029/7.654661/0274/R000000030/R000000034
R000000019/8.505178/0028/R000000029
Q000000003/6.096632/0000/R000000001
<NEXT>