#
#  Reaction log file
#  Author: LigBuilder V3 User_Diana
#  Creation time: Wed Feb 25 22:14:20 2026
#  Format:
#  QueryMoleculeId/Cost/SynthesizeId/ReactantId1/ReactantId2/ReactantId3.....
#  Id prefix:
#  Q --- Query Molecule
#  M --- Material
#  R --- Reactant
#
Directory      result/synthesize_HsDHODH/134/DATABASE/
#
Q000000001/4.420058/0000/R000000001
M000000005/1.000000/0000/Sigma_BB-90496698
R000000004/1.111111/0299/M000000005
R000000006/1.000000/0000/Guesstimate
R000000003/2.345679/0175/R000000004/R000000006
R000000008/1.000000/0000/Guesstimate
R000000007/2.345679/0175/R000000004/R000000008
R000000007/2.345679/0290/R000000004/R000000008
R000000009/1.000000/0000/Guesstimate
R000000003/3.717421/0212/R000000007/R000000009
R000000012/1.000000/0000/Guesstimate
R000000011/1.111111/0040/R000000012
R000000013/1.000000/0000/Guesstimate
R000000014/1.000000/0000/Guesstimate
R000000011/2.222222/0004/R000000013/R000000014
R000000010/1.234568/0086/R000000011
R000000010/1.234568/0091/R000000011
R000000002/3.978052/0175/R000000003/R000000010
R000000015/2.606310/0175/R000000004/R000000010
R000000016/2.606310/0174/R000000004/R000000010
R000000016/2.606310/0289/R000000004/R000000010
R000000015/2.895900/0147/R000000016
R000000002/4.007011/0175/R000000015/R000000006
R000000001/4.420058/0139/R000000002
M000000019/1.000000/0000/Sigma_BB-27088669
R000000021/1.000000/0000/Guesstimate
R000000022/1.000000/0000/Guesstimate
R000000020/2.222222/0279/R000000021/R000000022
R000000020/2.222222/0279/R000000021/R000000022
R000000018/3.580247/0159/M000000019/R000000020
R000000023/1.000000/0000/Guesstimate
R000000017/5.089163/0138/R000000018/R000000023
M000000026/1.000000/0000/Sigma_BB-30751968
R000000025/1.111111/0204/M000000026
M000000027/1.000000/0000/Sigma_BB-390724664
R000000025/1.111111/0217/M000000027
R000000029/1.000000/0000/Guesstimate
R000000028/2.222222/0301/R000000029/R000000014
R000000028/2.222222/0301/R000000029/R000000014
R000000024/3.703704/0285/R000000025/R000000028
R000000030/2.345679/0285/R000000025/R000000029
R000000024/3.717421/0301/R000000030/R000000014
R000000031/1.000000/0000/Guesstimate
R000000017/5.226338/0159/R000000024/R000000031
R000000001/5.654626/0147/R000000017
Q000000002/4.589409/0000/R000000032
R000000034/2.606310/0153/R000000007
R000000036/1.000000/0000/Guesstimate
R000000035/2.345679/0175/R000000004/R000000036
R000000035/2.345679/0290/R000000004/R000000036
R000000034/2.606310/0154/R000000035
M000000038/1.000000/0000/Sigma_BB-28830366
R000000037/1.111111/0087/M000000038
R000000039/1.111111/0085/M000000038
R000000037/1.234568/0086/R000000039
R000000033/4.130468/0175/R000000034/R000000037
R000000033/4.130468/0290/R000000034/R000000037
R000000032/4.589409/0028/R000000033
M000000043/1.000000/0000/Sigma_BB-28764950
R000000042/1.111111/0197/M000000043
R000000041/1.234568/0086/R000000042
R000000041/1.234568/0091/R000000042
R000000040/4.267642/0175/R000000034/R000000041
R000000040/4.267642/0290/R000000034/R000000041
R000000032/4.741825/0028/R000000040
Q000000003/4.420058/0000/R000000001
Q000000004/Analysis Failed
<NEXT>