#
#  Reaction log file
#  Author: LigBuilder V3 User_Diana
#  Creation time: Wed Feb 25 22:14:22 2026
#  Format:
#  QueryMoleculeId/Cost/SynthesizeId/ReactantId1/ReactantId2/ReactantId3.....
#  Id prefix:
#  Q --- Query Molecule
#  M --- Material
#  R --- Reactant
#
Directory      result/synthesize_HsDHODH/131/DATABASE/
#
Q000000001/4.130468/0000/R000000001
M000000005/1.000000/0000/Sigma_BB-28779014
R000000004/1.111111/0099/M000000005
R000000006/1.000000/0000/Guesstimate
R000000007/1.000000/0000/Guesstimate
R000000004/2.222222/0279/R000000006/R000000007
R000000008/1.000000/0000/Guesstimate
R000000003/2.345679/0274/R000000004/R000000008
R000000009/2.222222/0274/M000000005/R000000008
R000000003/2.469136/0099/R000000009
R000000010/1.000000/0000/Guesstimate
R000000002/3.717421/0003/R000000003/R000000010
R000000012/2.606310/0197/R000000003
R000000013/1.000000/0000/Guesstimate
R000000011/4.007011/0004/R000000012/R000000013
R000000015/1.000000/0000/Guesstimate
R000000014/4.007011/0004/R000000012/R000000015
R000000016/1.000000/0000/Guesstimate
R000000014/4.007011/0256/R000000012/R000000016
R000000011/4.452235/0155/R000000014
R000000017/1.000000/0000/Guesstimate
R000000002/5.563346/0049/R000000011/R000000017
R000000001/4.130468/0181/R000000002
R000000021/1.000000/0000/Guesstimate
R000000020/3.717421/0003/R000000003/R000000021
R000000022/1.000000/0000/Guesstimate
R000000020/5.563346/0049/R000000011/R000000022
R000000019/4.130468/0181/R000000020
R000000023/1.000000/0000/Guesstimate
R000000018/5.700521/0301/R000000019/R000000023
R000000018/5.700521/0301/R000000019/R000000023
R000000001/6.333912/0219/R000000018
Q000000002/7.995245/0000/R000000024
R000000028/1.000000/0000/Guesstimate
R000000027/3.717421/0001/R000000003/R000000028
R000000029/1.000000/0000/Guesstimate
R000000027/3.717421/0003/R000000003/R000000029
R000000026/4.130468/0181/R000000027
M000000031/1.000000/0000/Sigma_BB-28510064
M000000033/1.000000/0000/Sigma_BB-28764950
R000000032/1.111111/0085/M000000033
R000000030/2.345679/0212/M000000031/R000000032
R000000035/1.000000/0000/Guesstimate
R000000034/2.222222/0004/R000000035/M000000033
R000000034/2.222222/0277/R000000035/M000000033
R000000030/2.469136/0197/R000000034
R000000025/7.195720/0212/R000000026/R000000030
R000000025/7.195720/0212/R000000026/R000000030
R000000024/7.995245/0028/R000000025
R000000038/2.222222/0212/M000000031/M000000033
R000000038/2.222222/0212/M000000031/M000000033
R000000037/2.469136/0085/R000000038
R000000039/3.580247/0004/R000000038/R000000029
R000000037/3.978053/0197/R000000039
R000000036/7.332894/0212/R000000026/R000000037
R000000036/7.332894/0212/R000000026/R000000037
R000000024/8.147660/0028/R000000036
Q000000003/7.995245/0000/R000000024
<NEXT>