#
#  Reaction log file
#  Author: LigBuilder V3 User_Diana
#  Creation time: Wed Feb 25 22:11:36 2026
#  Format:
#  QueryMoleculeId/Cost/SynthesizeId/ReactantId1/ReactantId2/ReactantId3.....
#  Id prefix:
#  Q --- Query Molecule
#  M --- Material
#  R --- Reactant
#
Directory      result/synthesize_HsDHODH/62/DATABASE/
#
Q000000001/3.048316/0000/R000000001
M000000005/1.000000/0000/Sigma_BB-152390897
R000000004/1.111111/0287/M000000005
R000000003/1.234568/0299/R000000004
R000000003/1.234568/0299/R000000004
M000000008/1.000000/0000/Sigma_BB-156316924
R000000007/1.111111/0204/M000000008
M000000009/1.000000/0000/Sigma_BB-129018904
R000000010/1.000000/0000/Guesstimate
R000000007/2.222222/0212/M000000009/R000000010
R000000006/1.234568/0041/R000000007
R000000012/1.000000/0000/Guesstimate
M000000013/1.000000/0000/Sigma_BB-31286382
R000000011/2.222222/0003/R000000012/M000000013
R000000014/1.000000/0000/Guesstimate
R000000015/1.000000/0000/Guesstimate
R000000011/2.222222/0138/R000000014/R000000015
R000000006/2.469136/0147/R000000011
R000000002/2.743484/0231/R000000003/R000000006
R000000017/1.000000/0000/Guesstimate
R000000016/2.482853/0231/R000000003/R000000017
R000000018/2.345679/0231/R000000004/R000000017
R000000016/2.606310/0299/R000000018
R000000002/4.130468/0279/R000000016/R000000006
R000000001/3.048316/0294/R000000002
R000000021/1.000000/0000/Guesstimate
M000000022/1.000000/0000/Sigma_BB-28803840
R000000020/2.222222/0122/R000000021/M000000022
M000000024/1.000000/0000/Sigma_BB-28909381
R000000023/2.222222/0122/R000000021/M000000024
R000000025/1.000000/0000/Guesstimate
R000000026/1.000000/0000/Guesstimate
R000000023/2.222222/0301/R000000025/R000000026
R000000020/2.469136/0041/R000000023
R000000019/3.840878/0231/R000000003/R000000020
R000000028/1.000000/0000/Guesstimate
R000000027/2.482853/0231/R000000003/R000000028
R000000029/2.345679/0231/R000000004/R000000028
R000000027/2.606310/0299/R000000029
M000000030/1.000000/0000/Sigma_BB-28503956
R000000019/3.869837/0279/R000000027/M000000030
R000000001/4.267643/0294/R000000019
Q000000002/4.625161/0000/R000000031
R000000034/1.371742/0164/R000000003
R000000034/1.371742/0165/R000000003
R000000033/1.524158/0147/R000000034
R000000035/1.000000/0000/Guesstimate
R000000033/2.482853/0173/R000000003/R000000035
R000000037/1.000000/0000/Guesstimate
R000000036/2.222222/0122/R000000021/R000000037
R000000039/1.000000/0000/Guesstimate
R000000040/1.000000/0000/Guesstimate
R000000038/2.222222/0003/R000000039/R000000040
R000000041/1.000000/0000/Guesstimate
R000000038/2.222222/0042/R000000041/R000000010
R000000036/2.469136/0059/R000000038
R000000032/4.162645/0231/R000000033/R000000036
R000000043/2.758726/0164/R000000027
R000000043/2.758726/0166/R000000027
R000000042/3.065251/0147/R000000043
R000000042/3.869837/0173/R000000027/R000000035
R000000044/1.000000/0000/Guesstimate
R000000032/4.516946/0279/R000000042/R000000044
R000000031/4.625161/0294/R000000032
R000000048/1.000000/0000/Guesstimate
R000000047/2.222222/0003/R000000048/R000000040
R000000049/1.000000/0000/Guesstimate
R000000047/2.222222/0042/R000000049/R000000010
R000000046/2.469136/0059/R000000047
R000000051/1.000000/0000/Guesstimate
R000000052/1.000000/0000/Guesstimate
R000000050/2.222222/0003/R000000051/R000000052
R000000053/1.000000/0000/Guesstimate
R000000050/2.222222/0112/R000000012/R000000053
R000000046/2.469136/0147/R000000050
R000000045/4.436994/0231/R000000033/R000000046
R000000055/2.758726/0164/R000000016
R000000055/2.758726/0166/R000000016
R000000054/3.065251/0147/R000000055
R000000054/3.869837/0173/R000000016/R000000035
R000000045/6.149320/0279/R000000054/R000000046
R000000031/4.929993/0294/R000000045
Q000000003/4.640403/0000/R000000056
R000000060/1.000000/0000/Guesstimate
R000000059/2.482853/0231/R000000003/R000000060
R000000059/3.869837/0279/R000000016/R000000060
R000000058/2.758726/0294/R000000059
R000000062/1.000000/0000/Guesstimate
R000000061/2.482853/0231/R000000003/R000000062
R000000063/1.000000/0000/Guesstimate
R000000061/3.869837/0279/R000000027/R000000063
R000000058/2.758726/0294/R000000061
R000000064/1.000000/0000/Guesstimate
R000000057/4.176363/0112/R000000058/R000000064
R000000066/2.482853/0231/R000000003/R000000012
R000000066/3.869837/0279/R000000016/R000000012
R000000065/2.758726/0294/R000000066
R000000068/1.000000/0000/Guesstimate
R000000067/2.482853/0231/R000000003/R000000068
R000000065/2.758726/0294/R000000067
R000000071/1.000000/0000/Guesstimate
R000000072/1.000000/0000/Guesstimate
R000000070/2.222222/0170/R000000071/R000000072
R000000073/1.000000/0000/Guesstimate
R000000074/1.000000/0000/Guesstimate
R000000070/2.222222/0170/R000000073/R000000074
R000000069/2.469136/0086/R000000070
R000000069/2.469136/0091/R000000070
R000000057/5.808736/0112/R000000065/R000000069
R000000056/4.640403/0147/R000000057
R000000077/1.000000/0000/Guesstimate
R000000076/4.176363/0112/R000000065/R000000077
R000000075/4.640403/0147/R000000076
R000000079/1.000000/0000/Guesstimate
R000000078/4.176363/0004/R000000065/R000000079
R000000080/1.000000/0000/Guesstimate
R000000081/1.000000/0000/Guesstimate
R000000078/5.287474/0225/R000000065/R000000080/R000000081
R000000075/5.751514/0212/R000000078/R000000071
R000000056/6.267114/0170/R000000075/R000000072
Q000000004/4.625161/0000/R000000031
<NEXT>