#
#  Reaction log file
#  Author: LigBuilder V3 User_Diana
#  Creation time: Wed Feb 25 22:18:42 2026
#  Format:
#  QueryMoleculeId/Cost/SynthesizeId/ReactantId1/ReactantId2/ReactantId3.....
#  Id prefix:
#  Q --- Query Molecule
#  M --- Material
#  R --- Reactant
#
Directory      result/synthesize_HsDHODH/262/DATABASE/
#
Q000000001/2.606310/0000/R000000001
M000000004/1.000000/0000/Sigma_BB-28428023
R000000003/1.111111/0125/M000000004
R000000005/1.000000/0000/Guesstimate
R000000003/2.222222/0112/M000000004/R000000005
M000000006/1.000000/0000/Sigma_BB-28798706
R000000002/2.345679/0231/R000000003/M000000006
R000000001/2.606310/0059/R000000002
R000000008/1.234568/0059/R000000003
R000000010/1.000000/0000/Guesstimate
R000000009/2.222222/0004/M000000004/R000000010
R000000011/1.000000/0000/Guesstimate
R000000012/1.000000/0000/Guesstimate
R000000009/3.333333/0225/M000000004/R000000011/R000000012
R000000008/2.469136/0153/R000000009
M000000013/1.000000/0000/Sigma_BB-28421609
R000000007/2.482853/0231/R000000008/M000000013
R000000001/2.758726/0041/R000000007
Q000000002/2.743484/0000/R000000014
M000000017/1.000000/0000/Sigma_BB-28828976
R000000016/2.222222/0231/M000000017/M000000006
M000000019/1.000000/0000/Sigma_BB-28452414
R000000018/2.222222/0174/M000000019/R000000005
R000000018/2.222222/0231/M000000017/M000000013
R000000016/2.469136/0041/R000000018
R000000015/2.469136/0125/R000000016
R000000015/3.580247/0112/R000000016/R000000005
R000000014/2.743484/0059/R000000015
R000000022/1.111111/0125/M000000019
R000000022/2.222222/0112/M000000019/R000000005
R000000021/1.234568/0059/R000000022
R000000023/1.000000/0000/Guesstimate
R000000021/2.345679/0224/R000000022/R000000023
R000000020/2.482853/0174/R000000021/R000000005
R000000025/1.111111/0125/M000000017
R000000025/2.222222/0112/M000000017/R000000005
R000000024/1.234568/0059/R000000025
M000000027/1.000000/0000/Sigma_BB-28758779
R000000028/1.000000/0000/Guesstimate
R000000026/2.222222/0112/M000000027/R000000028
R000000024/2.469136/0112/R000000026
R000000020/2.482853/0231/R000000024/M000000013
R000000014/2.758726/0041/R000000020
Q000000003/2.743484/0000/R000000014
<NEXT>