#
#  Reaction log file
#  Author: LigBuilder V3 User_Diana
#  Creation time: Wed Feb 25 22:19:10 2026
#  Format:
#  QueryMoleculeId/Cost/SynthesizeId/ReactantId1/ReactantId2/ReactantId3.....
#  Id prefix:
#  Q --- Query Molecule
#  M --- Material
#  R --- Reactant
#
Directory      result/synthesize_HsDHODH/278/DATABASE/
#
Q000000001/2.635269/0000/R000000001
M000000005/1.000000/0000/Sigma_BB-184423997
R000000004/1.111111/0287/M000000005
R000000003/1.234568/0260/R000000004
R000000006/1.111111/0260/M000000005
R000000003/1.234568/0287/R000000006
R000000002/1.371742/0114/R000000003
R000000009/1.000000/0000/Guesstimate
R000000008/1.111111/0283/R000000009
R000000010/1.000000/0000/Guesstimate
R000000011/1.000000/0000/Guesstimate
R000000008/2.222222/0112/R000000010/R000000011
R000000013/1.000000/0000/Guesstimate
R000000014/1.000000/0000/Guesstimate
R000000012/2.222222/0279/R000000013/R000000014
R000000012/2.222222/0279/R000000013/R000000014
R000000007/3.703704/0159/R000000008/R000000012
R000000002/4.115227/0041/R000000007
R000000015/1.000000/0000/Guesstimate
R000000001/2.635269/0004/R000000002/R000000015
M000000018/1.000000/0000/Sigma_BB-28524129
R000000017/1.111111/0086/M000000018
R000000020/1.000000/0000/Guesstimate
R000000019/1.111111/0283/R000000020
R000000017/1.234568/0039/R000000019
R000000016/2.606310/0175/R000000003/R000000017
R000000022/1.371742/0287/R000000003
R000000021/2.635269/0004/R000000022/R000000015
R000000024/1.000000/0000/Guesstimate
R000000023/2.482853/0175/R000000003/R000000024
R000000023/2.482853/0290/R000000003/R000000024
R000000021/2.758726/0024/R000000023
R000000016/4.039188/0212/R000000021/M000000018
R000000001/2.895900/0024/R000000016
Q000000002/2.635269/0000/R000000001
Q000000003/Analysis Failed
<NEXT>