#
#  Reaction log file
#  Author: LigBuilder V3 User_Diana
#  Creation time: Wed Feb 25 22:20:10 2026
#  Format:
#  QueryMoleculeId/Cost/SynthesizeId/ReactantId1/ReactantId2/ReactantId3.....
#  Id prefix:
#  Q --- Query Molecule
#  M --- Material
#  R --- Reactant
#
Directory      result/synthesize_HsDHODH/296/DATABASE/
#
Q000000001/4.572474/0000/R000000001
R000000005/1.000000/0000/Guesstimate
R000000006/1.000000/0000/Guesstimate
R000000004/2.222222/0279/R000000005/R000000006
R000000004/2.222222/0279/R000000005/R000000006
M000000008/1.000000/0000/Sigma_BB-28766009
R000000007/1.111111/0198/M000000008
R000000009/1.000000/0000/Guesstimate
R000000010/1.000000/0000/Guesstimate
R000000007/2.222222/0169/R000000009/R000000010
R000000003/3.703704/0159/R000000004/R000000007
R000000012/1.000000/0000/Guesstimate
R000000011/3.580247/0159/R000000004/R000000012
R000000013/1.000000/0000/Guesstimate
R000000003/5.089163/0301/R000000011/R000000013
R000000002/4.115227/0287/R000000003
R000000014/3.978053/0287/R000000011
R000000002/5.531170/0301/R000000014/R000000013
R000000001/4.572474/0024/R000000002
R000000017/3.978053/0024/R000000011
R000000016/4.420059/0287/R000000017
R000000019/1.000000/0000/Guesstimate
M000000021/1.000000/0000/Sigma_BB-28764950
R000000020/1.111111/0197/M000000021
R000000018/2.345679/0212/R000000019/R000000020
R000000022/2.222222/0212/R000000019/M000000021
R000000022/2.222222/0212/R000000019/M000000021
R000000018/2.469136/0197/R000000022
R000000015/7.517487/0301/R000000016/R000000018
R000000015/7.517487/0301/R000000016/R000000018
R000000001/8.352763/0028/R000000015
Q000000002/4.572474/0000/R000000001
Q000000003/Analysis Failed
<NEXT>