#
#  Reaction log file
#  Author: LigBuilder V3 User_Diana
#  Creation time: Mon Feb 23 23:22:43 2026
#  Format:
#  QueryMoleculeId/Cost/SynthesizeId/ReactantId1/ReactantId2/ReactantId3.....
#  Id prefix:
#  Q --- Query Molecule
#  M --- Material
#  R --- Reactant
#
Directory      result/synthesize_HsDHODH/180/DATABASE/
#
Q000000001/4.741825/0000/R000000001
M000000006/1.000000/0000/Sigma_BB-316039288
R000000005/1.111111/0287/M000000006
R000000004/1.234568/0125/R000000005
R000000007/1.000000/0000/Guesstimate
R000000004/2.345679/0112/R000000005/R000000007
R000000003/1.371742/0040/R000000004
R000000009/1.000000/0000/Guesstimate
R000000008/2.345679/0004/R000000005/R000000009
R000000010/1.000000/0000/Guesstimate
R000000011/1.000000/0000/Guesstimate
R000000008/3.456790/0225/R000000005/R000000010/R000000011
R000000003/2.606310/0216/R000000008
R000000014/1.000000/0000/Guesstimate
R000000015/1.000000/0000/Guesstimate
R000000013/2.222222/0224/R000000014/R000000015
R000000012/2.469136/0197/R000000013
R000000016/9.500000/0000/Guesstimate
R000000012/9.500000/0155/R000000016
R000000002/4.267642/0003/R000000003/R000000012
R000000018/1.000000/0000/Guesstimate
R000000017/2.345679/0004/R000000005/R000000018
R000000019/2.222222/0004/M000000006/R000000018
R000000017/2.469136/0287/R000000019
R000000021/2.469136/0086/R000000013
R000000021/2.469136/0091/R000000013
R000000020/2.743484/0079/R000000021
M000000023/1.000000/0000/Sigma_BB-28778979
R000000022/3.580247/0212/M000000023/R000000013
R000000022/3.580247/0212/M000000023/R000000013
R000000020/3.978053/0009/R000000022
R000000002/5.654626/0049/R000000017/R000000020
R000000001/4.741825/0059/R000000002
R000000027/1.000000/0000/Guesstimate
R000000026/2.345679/0112/R000000005/R000000027
R000000025/2.606310/0059/R000000026
R000000029/1.000000/0000/Guesstimate
R000000028/2.345679/0004/R000000005/R000000029
R000000031/1.000000/0000/Guesstimate
R000000030/2.345679/0004/R000000005/R000000031
R000000032/1.000000/0000/Guesstimate
R000000030/3.456790/0225/R000000005/R000000032/R000000011
R000000028/2.606310/0045/R000000030
R000000025/2.606310/0086/R000000028
R000000024/5.639385/0112/R000000025/R000000012
R000000033/2.606310/0197/R000000028
R000000033/2.606310/0153/R000000017
R000000024/5.639385/0112/R000000033/R000000021
R000000001/6.265983/0147/R000000024
Q000000002/4.741825/0000/R000000001
Q000000003/5.791801/0000/R000000034
R000000037/1.000000/0000/Guesstimate
R000000039/1.000000/0000/Guesstimate
R000000040/1.000000/0000/Guesstimate
R000000038/2.222222/0011/R000000039/R000000040
R000000041/1.000000/0000/Guesstimate
R000000042/1.000000/0000/Guesstimate
R000000038/2.222222/0277/R000000041/R000000042
R000000036/3.580247/0274/R000000037/R000000038
R000000043/1.000000/0000/Guesstimate
R000000045/1.000000/0000/Guesstimate
R000000044/2.222222/0277/R000000045/R000000040
R000000044/2.469136/0155/R000000038
R000000036/3.580247/0274/R000000043/R000000044
M000000047/1.000000/0000/Sigma_BB-29107419
R000000046/1.111111/0114/M000000047
M000000049/1.000000/0000/Sigma_BB-27340854
R000000048/1.111111/0114/M000000049
M000000050/1.000000/0000/Sigma_BB-243340988
R000000048/2.222222/0174/M000000050/R000000007
R000000046/1.234568/0059/R000000048
R000000035/5.212621/0122/R000000036/R000000046
R000000035/5.212621/0122/R000000036/R000000046
R000000034/5.791801/0122/R000000035
R000000054/1.000000/0000/Guesstimate
R000000053/5.089163/0122/R000000036/R000000054
R000000053/5.089163/0122/R000000036/R000000054
R000000052/5.654626/0122/R000000053
R000000056/5.089163/0122/R000000036/R000000018
R000000056/5.089163/0122/R000000036/R000000018
R000000055/5.654626/0122/R000000056
R000000052/6.282918/0197/R000000055
M000000059/1.000000/0000/Sigma_BB-27356325
R000000058/1.111111/0104/M000000059
R000000058/1.111111/0104/M000000059
R000000057/1.234568/0293/R000000058
R000000057/1.234568/0293/R000000058
R000000051/7.654660/0301/R000000052/R000000057
R000000051/7.654660/0301/R000000052/R000000057
R000000034/8.505178/0160/R000000051
<NEXT>