#
#  Reaction log file
#  Author: LigBuilder V3 User_Diana
#  Creation time: Mon Feb 23 23:17:49 2026
#  Format:
#  QueryMoleculeId/Cost/SynthesizeId/ReactantId1/ReactantId2/ReactantId3.....
#  Id prefix:
#  Q --- Query Molecule
#  M --- Material
#  R --- Reactant
#
Directory      result/synthesize_HsDHODH/107/DATABASE/
#
Q000000001/5.944217/0000/R000000001
M000000005/1.000000/0000/Sigma_BB-27151350
R000000004/1.111111/0091/M000000005
M000000006/1.000000/0000/Sigma_BB-151014002
R000000003/2.345679/0003/R000000004/M000000006
R000000007/1.234568/0125/R000000004
R000000008/1.000000/0000/Guesstimate
R000000007/2.345679/0112/R000000004/R000000008
R000000010/1.000000/0000/Guesstimate
M000000011/1.000000/0000/Sigma_BB-30438916
R000000009/2.222222/0004/R000000010/M000000011
R000000003/3.840878/0049/R000000007/R000000009
R000000014/1.000000/0000/Guesstimate
R000000015/1.000000/0000/Guesstimate
R000000013/2.222222/0276/R000000014/R000000015
R000000013/2.222222/0278/R000000014/R000000015
R000000012/2.469136/0275/R000000013
R000000016/2.222222/0275/R000000014/R000000015
R000000012/2.469136/0276/R000000016
R000000002/5.349795/0112/R000000003/R000000012
M000000018/1.000000/0000/Sigma_BB-27680560
R000000017/2.222222/0003/M000000018/M000000006
M000000019/1.000000/0000/Sigma_BB-151857806
R000000017/3.580247/0049/M000000019/R000000009
R000000022/1.000000/0000/Guesstimate
R000000021/3.854596/0112/R000000022/R000000012
R000000020/4.282884/0197/R000000021
R000000002/7.227896/0112/R000000017/R000000020
R000000001/5.944217/0099/R000000002
R000000025/1.371742/0040/R000000007
R000000024/4.267642/0112/R000000025/R000000012
M000000026/1.000000/0000/Sigma_BB-128362463
R000000024/5.869872/0112/M000000026/R000000020
R000000023/5.852936/0003/R000000024/M000000011
R000000028/2.345679/0004/R000000004/R000000010
R000000027/5.349795/0112/R000000028/R000000012
R000000029/2.222222/0004/M000000018/R000000010
R000000027/7.227896/0112/R000000029/R000000020
M000000030/1.000000/0000/Sigma_BB-243340990
R000000023/7.055328/0049/R000000027/M000000030
R000000001/6.503263/0099/R000000023
Q000000002/6.145744/0000/R000000031
R000000033/3.978053/0112/R000000004/R000000012
R000000033/5.869872/0112/M000000018/R000000020
M000000034/1.000000/0000/Sigma_BB-28502898
R000000032/5.531170/0003/R000000033/M000000034
R000000037/1.000000/0000/Guesstimate
R000000036/5.531170/0004/R000000033/R000000037
R000000035/6.145744/0009/R000000036
M000000039/1.000000/0000/Sigma_BB-137266802
R000000038/5.869872/0112/M000000039/R000000020
R000000035/6.522080/0079/R000000038
R000000041/1.111111/0093/M000000034
R000000042/1.000000/0000/Guesstimate
M000000043/1.000000/0000/Sigma_BB-27735042
R000000041/2.222222/0004/R000000042/M000000043
R000000040/1.234568/0085/R000000041
R000000040/2.222222/0004/R000000010/M000000043
R000000032/8.200347/0049/R000000035/R000000040
R000000031/6.145744/0099/R000000032
R000000044/5.852936/0003/R000000024/M000000043
R000000046/1.111111/0091/M000000034
R000000045/1.234568/0079/R000000046
R000000047/2.222222/0004/R000000037/M000000043
R000000045/2.469136/0009/R000000047
R000000044/7.315959/0049/R000000027/R000000045
R000000031/6.503263/0099/R000000044
Q000000003/6.145744/0000/R000000048
M000000050/1.000000/0000/Sigma_BB-28416063
R000000049/5.531170/0003/R000000033/M000000050
M000000052/1.000000/0000/Sigma_BB-28821221
R000000051/1.111111/0085/M000000052
M000000053/1.000000/0000/Sigma_BB-28426400
R000000051/2.222222/0004/R000000010/M000000053
R000000049/8.063173/0049/R000000035/R000000051
R000000048/6.145744/0099/R000000049
R000000054/5.852936/0003/R000000024/M000000053
M000000055/1.000000/0000/Sigma_BB-28816861
R000000054/7.055328/0049/R000000027/M000000055
R000000048/6.503263/0099/R000000054
<NEXT>