#
#  Reaction log file
#  Author: LigBuilder V3 User_Diana
#  Creation time: Mon Feb 23 23:17:40 2026
#  Format:
#  QueryMoleculeId/Cost/SynthesizeId/ReactantId1/ReactantId2/ReactantId3.....
#  Id prefix:
#  Q --- Query Molecule
#  M --- Material
#  R --- Reactant
#
Directory      result/synthesize_HsDHODH/99/DATABASE/
#
Q000000001/6.096632/0000/R000000001
M000000005/1.000000/0000/Sigma_BB-27151350
R000000004/1.111111/0091/M000000005
M000000007/1.000000/0000/Sigma_BB-70411179
R000000006/1.111111/0041/M000000007
R000000006/1.111111/0233/M000000007
R000000003/2.469136/0003/R000000004/R000000006
R000000008/1.234568/0125/R000000004
R000000009/1.000000/0000/Guesstimate
R000000008/2.345679/0112/R000000004/R000000009
R000000011/1.000000/0000/Guesstimate
M000000012/1.000000/0000/Sigma_BB-244321917
R000000010/2.222222/0004/R000000011/M000000012
R000000003/3.840878/0049/R000000008/R000000010
R000000015/1.000000/0000/Guesstimate
R000000016/1.000000/0000/Guesstimate
R000000014/2.222222/0276/R000000015/R000000016
R000000014/2.222222/0278/R000000015/R000000016
R000000013/2.469136/0275/R000000014
R000000017/2.222222/0275/R000000015/R000000016
R000000013/2.469136/0276/R000000017
R000000002/5.486969/0112/R000000003/R000000013
R000000001/6.096632/0099/R000000002
R000000020/1.371742/0040/R000000008
R000000019/4.267642/0112/R000000020/R000000013
R000000018/5.852936/0003/R000000019/M000000012
R000000022/2.345679/0004/R000000004/R000000011
R000000021/5.349795/0112/R000000022/R000000013
R000000023/5.075447/0112/R000000022/R000000014
R000000021/5.639385/0275/R000000023
R000000026/1.000000/0000/Guesstimate
R000000025/2.222222/0004/R000000026/M000000012
R000000024/2.469136/0009/R000000025
M000000028/1.000000/0000/Sigma_BB-114105091
R000000027/2.222222/0112/R000000009/M000000028
R000000027/2.222222/0112/M000000028/R000000009
R000000024/2.469136/0041/R000000027
R000000018/8.687701/0049/R000000021/R000000024
R000000001/6.503263/0099/R000000018
Q000000002/7.959492/0000/R000000029
R000000031/3.978053/0112/R000000004/R000000013
R000000031/4.741825/0197/R000000019
M000000034/1.000000/0000/Sigma_BB-117278814
R000000035/1.000000/0000/Guesstimate
R000000033/2.222222/0004/M000000034/R000000035
R000000032/2.469136/0197/R000000033
R000000036/9.900000/0000/Guesstimate
R000000032/9.900000/0287/R000000036
R000000030/7.163543/0003/R000000031/R000000032
R000000037/4.115227/0112/R000000008/R000000013
R000000038/5.531170/0004/R000000031/R000000026
R000000037/6.145744/0009/R000000038
M000000041/1.000000/0000/Sigma_BB-28774955
R000000042/1.000000/0000/Guesstimate
R000000040/2.222222/0274/M000000041/R000000042
R000000040/2.743484/0197/R000000032
R000000039/3.580247/0004/R000000011/R000000040
R000000043/3.580247/0004/R000000035/R000000040
R000000039/3.978053/0155/R000000043
R000000030/8.550527/0049/R000000037/R000000039
R000000029/7.959492/0099/R000000030
R000000044/7.210961/0003/R000000019/R000000040
R000000045/2.469136/0125/R000000040
R000000045/3.580247/0112/R000000009/R000000040
R000000044/8.687701/0049/R000000021/R000000045
R000000029/8.012179/0099/R000000044
Q000000003/7.959492/0000/R000000029
<NEXT>