#
#  Reaction log file
#  Author: LigBuilder V3 User_Diana
#  Creation time: Mon Feb 23 23:22:23 2026
#  Format:
#  QueryMoleculeId/Cost/SynthesizeId/ReactantId1/ReactantId2/ReactantId3.....
#  Id prefix:
#  Q --- Query Molecule
#  M --- Material
#  R --- Reactant
#
Directory      result/synthesize_HsDHODH/176/DATABASE/
#
Q000000001/Analysis Failed
Q000000002/5.807042/0000/R000000001
M000000005/1.000000/0000/Sigma_BB-27151350
R000000004/1.111111/0091/M000000005
M000000007/1.000000/0000/Sigma_BB-129567422
R000000006/1.111111/0041/M000000007
R000000006/1.111111/0233/M000000007
R000000003/2.469136/0003/R000000004/R000000006
R000000008/1.234568/0125/R000000004
R000000009/1.000000/0000/Guesstimate
R000000008/2.345679/0112/R000000004/R000000009
R000000011/1.000000/0000/Guesstimate
M000000012/1.000000/0000/Sigma_BB-244321917
R000000010/2.222222/0004/R000000011/M000000012
R000000003/3.840878/0049/R000000008/R000000010
R000000002/2.743484/0099/R000000003
R000000014/1.371742/0040/R000000008
R000000013/2.635269/0003/R000000014/M000000012
R000000015/2.345679/0004/R000000004/R000000011
R000000016/1.111111/0125/M000000012
R000000016/2.222222/0112/R000000009/M000000012
R000000013/3.840878/0049/R000000015/R000000016
R000000002/2.928077/0099/R000000013
R000000020/1.000000/0000/Guesstimate
R000000019/1.111111/0288/R000000020
R000000018/1.234568/0295/R000000019
R000000021/1.000000/0000/Guesstimate
R000000017/2.482853/0256/R000000018/R000000021
R000000024/1.000000/0000/Guesstimate
R000000023/2.345679/0301/R000000019/R000000024
R000000023/2.345679/0301/R000000019/R000000024
R000000022/2.606310/0295/R000000023
R000000026/1.000000/0000/Guesstimate
R000000025/2.482853/0004/R000000018/R000000026
R000000027/1.000000/0000/Guesstimate
R000000028/1.000000/0000/Guesstimate
R000000025/3.593965/0225/R000000018/R000000027/R000000028
R000000022/2.758726/0197/R000000025
R000000017/4.007011/0274/R000000022/R000000028
R000000001/5.807042/0112/R000000002/R000000017
M000000031/1.000000/0000/Sigma_BB-128362463
R000000030/2.222222/0003/M000000031/M000000012
M000000032/1.000000/0000/Sigma_BB-137266802
M000000034/1.000000/0000/Sigma_BB-234542932
R000000033/1.111111/0114/M000000034
M000000035/1.000000/0000/Sigma_BB-30550074
R000000033/1.111111/0287/M000000035
R000000030/2.345679/0112/M000000032/R000000033
R000000029/2.469136/0099/R000000030
R000000036/7.500000/0000/Guesstimate
M000000037/1.000000/0000/Sigma_BB-38275857
R000000029/9.444445/0231/R000000036/M000000037
R000000041/1.000000/0000/Guesstimate
R000000040/2.482853/0112/R000000041/R000000018
R000000039/2.758726/0197/R000000040
R000000038/4.176363/0256/R000000039/R000000021
R000000042/3.869837/0256/R000000040/R000000021
R000000044/1.000000/0000/Guesstimate
R000000043/3.869837/0112/R000000044/R000000017
R000000042/4.299819/0040/R000000043
R000000038/4.299819/0197/R000000042
R000000001/7.383887/0112/R000000029/R000000038
Q000000003/Analysis Failed
<NEXT>