#
#  Reaction log file
#  Author: LigBuilder V3 User_Diana
#  Creation time: Mon Feb 23 23:11:37 2026
#  Format:
#  QueryMoleculeId/Cost/SynthesizeId/ReactantId1/ReactantId2/ReactantId3.....
#  Id prefix:
#  Q --- Query Molecule
#  M --- Material
#  R --- Reactant
#
Directory      result/synthesize_HsDHODH/21/DATABASE/
#
Q000000001/6.096632/0000/R000000001
M000000005/1.000000/0000/Sigma_BB-27680560
M000000006/1.000000/0000/Sigma_BB-117278814
R000000004/2.222222/0003/M000000005/M000000006
M000000007/1.000000/0000/Sigma_BB-151857806
M000000008/1.000000/0000/Sigma_BB-386044321
R000000004/2.222222/0049/M000000007/M000000008
R000000003/2.469136/0099/R000000004
M000000010/1.000000/0000/Sigma_BB-128362463
M000000011/1.000000/0000/Sigma_BB-28513998
R000000009/2.222222/0003/M000000010/M000000011
M000000012/1.000000/0000/Sigma_BB-137266802
M000000013/1.000000/0000/Sigma_BB-243331311
R000000009/2.222222/0112/M000000012/M000000013
R000000003/2.469136/0099/R000000009
R000000016/1.000000/0000/Guesstimate
R000000017/1.000000/0000/Guesstimate
R000000015/2.222222/0081/R000000016/R000000017
R000000018/1.000000/0000/Guesstimate
R000000015/2.222222/0210/R000000016/R000000018
R000000014/2.469136/0091/R000000015
R000000020/1.000000/0000/Guesstimate
R000000021/1.000000/0000/Guesstimate
R000000019/2.222222/0285/R000000020/R000000021
R000000019/2.222222/0285/R000000020/R000000021
R000000014/2.469136/0285/R000000019
R000000002/5.486969/0112/R000000003/R000000014
R000000001/6.096632/0041/R000000002
R000000024/3.854596/0112/M000000005/R000000014
R000000023/4.282884/0041/R000000024
R000000023/4.282884/0233/R000000024
R000000022/5.869872/0003/R000000023/M000000006
R000000026/3.854596/0112/M000000007/R000000014
R000000027/1.000000/0000/Guesstimate
R000000026/5.393995/0112/R000000024/R000000027
R000000025/4.282884/0041/R000000026
R000000029/1.000000/0000/Guesstimate
R000000028/5.869872/0004/R000000023/R000000029
R000000025/6.522080/0009/R000000028
R000000022/5.869872/0049/R000000025/M000000008
R000000001/6.522080/0099/R000000022
Q000000002/6.096632/0000/R000000001
Q000000003/6.096632/0000/R000000030
M000000034/1.000000/0000/Sigma_BB-244321917
R000000033/2.222222/0003/M000000010/M000000034
R000000032/2.469136/0099/R000000033
R000000035/2.743484/0125/R000000003
R000000035/3.854596/0112/R000000003/R000000027
R000000032/3.048316/0041/R000000035
R000000031/5.486969/0112/R000000032/R000000014
R000000030/6.096632/0059/R000000031
R000000039/1.000000/0000/Guesstimate
R000000038/2.222222/0081/R000000016/R000000039
R000000038/2.469136/0059/R000000015
R000000037/2.469136/0091/R000000038
R000000037/2.743484/0059/R000000014
R000000036/5.791801/0112/R000000035/R000000037
R000000030/6.435335/0041/R000000036
<NEXT>