#
#  Reaction log file
#  Author: LigBuilder V3 User_Diana
#  Creation time: Mon Feb 23 23:33:27 2026
#  Format:
#  QueryMoleculeId/Cost/SynthesizeId/ReactantId1/ReactantId2/ReactantId3.....
#  Id prefix:
#  Q --- Query Molecule
#  M --- Material
#  R --- Reactant
#
Directory      result/synthesize_HsDHODH/299/DATABASE/
#
Q000000001/4.130468/0000/R000000001
M000000003/1.000000/0000/Sigma_BB-326692327
M000000006/1.000000/0000/Sigma_BB-28764950
R000000005/1.111111/0085/M000000006
M000000007/1.000000/0000/Sigma_BB-27941182
R000000004/2.345679/0212/R000000005/M000000007
M000000009/1.000000/0000/Sigma_BB-28778979
R000000008/2.345679/0212/R000000005/M000000009
R000000008/2.345679/0212/R000000005/M000000009
R000000010/1.000000/0000/Guesstimate
R000000004/3.717421/0212/R000000008/R000000010
R000000002/3.717421/0212/M000000003/R000000004
R000000002/3.717421/0212/M000000003/R000000004
R000000001/4.130468/0028/R000000002
M000000012/1.000000/0000/Sigma_BB-28758545
R000000014/2.222222/0212/M000000006/M000000007
R000000014/2.222222/0212/M000000006/M000000007
R000000013/2.469136/0087/R000000014
R000000016/1.000000/0000/Guesstimate
R000000015/3.580247/0004/R000000014/R000000016
R000000013/3.978053/0197/R000000015
R000000011/3.854596/0175/M000000012/R000000013
R000000018/2.743484/0079/R000000013
R000000019/1.000000/0000/Guesstimate
R000000018/3.854596/0112/R000000013/R000000019
R000000017/3.048316/0040/R000000018
R000000021/1.000000/0000/Guesstimate
R000000020/3.854596/0276/R000000013/R000000021
R000000020/3.854596/0278/R000000013/R000000021
R000000017/4.282884/0024/R000000020
R000000011/4.498129/0212/M000000003/R000000017
R000000001/4.282884/0028/R000000011
Q000000002/5.791801/0000/R000000022
M000000026/1.000000/0000/Sigma_BB-28416257
R000000027/1.000000/0000/Guesstimate
R000000025/2.222222/0231/M000000026/R000000027
R000000024/2.469136/0039/R000000025
M000000029/1.000000/0000/Sigma_BB-28426396
R000000030/1.000000/0000/Guesstimate
R000000028/2.222222/0003/M000000029/R000000030
M000000031/1.000000/0000/Sigma_BB-151008381
R000000032/1.000000/0000/Guesstimate
R000000028/2.222222/0049/M000000031/R000000032
R000000033/1.000000/0000/Guesstimate
R000000024/3.580247/0122/R000000028/R000000033
R000000023/2.743484/0024/R000000024
M000000036/1.000000/0000/Sigma_BB-40568700
R000000037/1.000000/0000/Guesstimate
R000000035/2.222222/0231/M000000036/R000000037
R000000034/2.469136/0153/R000000035
M000000039/1.000000/0000/Sigma_BB-238957575
R000000038/2.222222/0231/M000000039/R000000037
R000000034/2.469136/0193/R000000038
R000000040/1.000000/0000/Guesstimate
R000000023/3.854596/0004/R000000034/R000000040
R000000043/1.000000/0000/Guesstimate
R000000044/1.000000/0000/Guesstimate
R000000042/2.222222/0112/R000000043/R000000044
R000000046/1.000000/0000/Guesstimate
R000000045/2.222222/0112/R000000046/R000000044
R000000042/2.469136/0155/R000000045
R000000041/2.469136/0147/R000000042
R000000048/2.222222/0003/R000000030/R000000044
R000000047/2.469136/0041/R000000048
R000000047/2.469136/0147/R000000045
R000000041/2.743484/0155/R000000047
R000000022/5.791801/0004/R000000023/R000000041
R000000049/3.854596/0004/R000000040/R000000041
R000000052/1.000000/0000/Guesstimate
R000000051/3.580247/0277/R000000052/R000000042
R000000051/3.580247/0301/R000000033/R000000042
R000000050/3.978053/0147/R000000051
R000000054/1.000000/0000/Guesstimate
R000000053/3.854596/0301/R000000054/R000000041
R000000053/3.854596/0301/R000000054/R000000041
R000000050/4.282884/0039/R000000053
R000000049/4.420059/0024/R000000050
R000000022/7.026369/0004/R000000034/R000000049
Q000000003/4.159427/0000/R000000055
R000000056/1.000000/0000/Guesstimate
R000000055/4.159427/0004/R000000023/R000000056
R000000057/2.222222/0004/R000000040/R000000056
R000000060/1.000000/0000/Guesstimate
R000000059/2.222222/0112/R000000060/R000000056
R000000058/2.469136/0147/R000000059
R000000062/1.000000/0000/Guesstimate
R000000061/2.222222/0003/R000000062/R000000056
R000000058/2.469136/0153/R000000061
R000000057/2.743484/0024/R000000058
R000000055/5.212621/0004/R000000034/R000000057
<NEXT>