#
#  Reaction log file
#  Author: LigBuilder V3 User_Diana
#  Creation time: Mon Feb 23 23:18:18 2026
#  Format:
#  QueryMoleculeId/Cost/SynthesizeId/ReactantId1/ReactantId2/ReactantId3.....
#  Id prefix:
#  Q --- Query Molecule
#  M --- Material
#  R --- Reactant
#
Directory      result/synthesize_HsDHODH/111/DATABASE/
#
Q000000001/5.791801/0000/R000000001
M000000004/1.000000/0000/Sigma_BB-136985868
M000000005/1.000000/0000/Sigma_BB-189413541
R000000003/2.222222/0003/M000000004/M000000005
M000000006/1.000000/0000/Sigma_BB-30085675
M000000008/1.000000/0000/Sigma_BB-28826737
R000000007/1.111111/0114/M000000008
M000000009/1.000000/0000/Sigma_BB-117837614
R000000007/1.111111/0287/M000000009
R000000003/2.345679/0112/M000000006/R000000007
R000000002/2.469136/0099/R000000003
R000000002/2.469136/0099/R000000003
R000000013/1.000000/0000/Guesstimate
R000000014/1.000000/0000/Guesstimate
R000000012/2.222222/0274/R000000013/R000000014
R000000011/2.469136/0125/R000000012
R000000015/1.000000/0000/Guesstimate
R000000011/3.580247/0112/R000000012/R000000015
R000000010/2.743484/0285/R000000011
R000000001/5.791801/0112/R000000002/R000000010
R000000018/1.111111/0092/M000000006
M000000019/1.000000/0000/Sigma_BB-68700031
R000000020/1.000000/0000/Guesstimate
R000000018/2.222222/0004/M000000019/R000000020
M000000022/1.000000/0000/Sigma_BB-28769516
R000000021/2.222222/0004/M000000022/M000000005
R000000024/1.000000/0000/Guesstimate
R000000023/2.222222/0004/R000000024/M000000005
R000000021/2.469136/0058/R000000023
R000000017/3.703704/0212/R000000018/R000000021
R000000017/3.703704/0212/R000000018/R000000021
R000000016/7.163543/0112/R000000017/R000000010
R000000025/4.282884/0112/R000000018/R000000010
R000000016/7.227896/0212/R000000025/R000000021
R000000001/7.959492/0150/R000000016
Q000000002/4.572474/0000/R000000026
M000000030/1.000000/0000/Sigma_BB-27151350
R000000029/1.111111/0091/M000000030
M000000032/1.000000/0000/Sigma_BB-129567422
R000000031/1.111111/0041/M000000032
R000000031/1.111111/0233/M000000032
R000000028/2.469136/0003/R000000029/R000000031
R000000033/1.234568/0125/R000000029
R000000033/2.345679/0112/R000000029/R000000015
R000000035/1.000000/0000/Guesstimate
M000000036/1.000000/0000/Sigma_BB-244321917
R000000034/2.222222/0004/R000000035/M000000036
R000000028/3.840878/0049/R000000033/R000000034
R000000039/1.000000/0000/Guesstimate
R000000038/1.111111/0288/R000000039
R000000037/1.234568/0295/R000000038
R000000027/4.115227/0112/R000000028/R000000037
M000000041/1.000000/0000/Sigma_BB-27680560
R000000040/2.345679/0003/M000000041/R000000031
M000000042/1.000000/0000/Sigma_BB-151857806
R000000040/3.580247/0049/M000000042/R000000034
R000000045/1.000000/0000/Guesstimate
R000000044/2.222222/0274/R000000013/R000000045
R000000043/2.469136/0285/R000000044
R000000047/1.000000/0000/Guesstimate
R000000046/2.482853/0112/R000000047/R000000037
R000000043/2.758726/0197/R000000046
R000000027/5.349795/0112/R000000040/R000000043
R000000026/4.572474/0099/R000000027
R000000050/1.371742/0040/R000000033
R000000049/2.895900/0112/R000000050/R000000037
M000000051/1.000000/0000/Sigma_BB-128362463
R000000049/3.854596/0112/M000000051/R000000043
R000000048/4.328778/0003/R000000049/M000000036
R000000053/2.345679/0004/R000000029/R000000035
R000000052/3.978052/0112/R000000053/R000000037
R000000054/2.222222/0004/M000000041/R000000035
R000000052/5.212621/0112/R000000054/R000000043
M000000058/1.000000/0000/Sigma_BB-28786839
R000000057/1.111111/0125/M000000058
R000000057/2.222222/0112/M000000058/R000000015
R000000056/1.234568/0082/R000000057
R000000056/1.234568/0082/R000000057
R000000055/1.371742/0041/R000000056
R000000059/2.222222/0004/R000000024/M000000036
R000000055/2.469136/0009/R000000059
R000000048/5.944216/0049/R000000052/R000000055
R000000026/4.809754/0099/R000000048
Q000000003/5.791801/0000/R000000001
<NEXT>