#
#  Reaction log file
#  Author: LigBuilder V3 User_Diana
#  Creation time: Mon Feb 23 23:13:40 2026
#  Format:
#  QueryMoleculeId/Cost/SynthesizeId/ReactantId1/ReactantId2/ReactantId3.....
#  Id prefix:
#  Q --- Query Molecule
#  M --- Material
#  R --- Reactant
#
Directory      result/synthesize_HsDHODH/58/DATABASE/
#
Q000000001/6.282918/0000/R000000001
R000000004/1.000000/0000/Guesstimate
R000000006/1.000000/0000/Guesstimate
R000000005/1.111111/0118/R000000006
R000000007/1.000000/0000/Guesstimate
R000000005/2.222222/0112/R000000007/R000000006
R000000003/2.345679/0003/R000000004/R000000005
R000000009/1.000000/0000/Guesstimate
M000000010/1.000000/0000/Sigma_BB-28756173
R000000008/2.222222/0277/R000000009/M000000010
R000000003/2.469136/0009/R000000008
R000000014/1.000000/0000/Guesstimate
R000000015/1.000000/0000/Guesstimate
R000000013/2.222222/0256/R000000014/R000000015
R000000012/2.469136/0155/R000000013
R000000017/1.000000/0000/Guesstimate
R000000018/1.000000/0000/Guesstimate
R000000016/3.333333/0225/R000000017/R000000015/R000000018
R000000016/3.333333/0225/R000000017/R000000015/R000000018
R000000012/3.703704/0197/R000000016
R000000011/2.743484/0059/R000000012
R000000019/2.469136/0059/R000000013
R000000020/1.000000/0000/Guesstimate
R000000019/3.580247/0224/R000000020/R000000013
R000000011/2.743484/0155/R000000019
R000000002/5.654626/0259/R000000003/R000000011
R000000023/1.000000/0000/Guesstimate
R000000024/1.000000/0000/Guesstimate
R000000022/2.222222/0081/R000000023/R000000024
R000000025/1.000000/0000/Guesstimate
R000000022/2.222222/0210/R000000025/R000000024
R000000021/3.580247/0119/R000000022/R000000020
R000000026/2.469136/0091/R000000022
R000000021/3.854596/0276/R000000026/R000000020
R000000002/6.721537/0224/R000000021/R000000012
R000000001/6.282918/0024/R000000002
R000000030/1.000000/0000/Guesstimate
R000000029/1.111111/0287/R000000030
R000000028/3.978053/0112/R000000026/R000000029
R000000031/2.469136/0197/R000000022
R000000034/1.000000/0000/Guesstimate
R000000033/2.222222/0174/R000000034/R000000030
R000000033/2.222222/0289/R000000034/R000000030
R000000032/2.469136/0197/R000000033
R000000035/7.400000/0000/Guesstimate
R000000032/8.222222/0091/R000000035
R000000028/5.486969/0112/R000000031/R000000032
R000000027/7.163543/0224/R000000028/R000000012
R000000036/5.486969/0224/R000000031/R000000012
R000000038/1.000000/0000/Guesstimate
R000000037/2.222222/0003/R000000004/R000000038
R000000039/1.000000/0000/Guesstimate
R000000040/1.000000/0000/Guesstimate
R000000037/2.222222/0112/R000000039/R000000040
R000000036/5.517452/0259/R000000037/R000000011
R000000027/8.840117/0112/R000000036/R000000032
R000000001/7.959492/0025/R000000027
Q000000002/6.282918/0000/R000000001
Q000000003/6.282918/0000/R000000001
Q000000004/6.282918/0000/R000000001
<NEXT>