#
#  Reaction log file
#  Author: LigBuilder V3 User_Diana
#  Creation time: Mon Feb 23 23:23:36 2026
#  Format:
#  QueryMoleculeId/Cost/SynthesizeId/ReactantId1/ReactantId2/ReactantId3.....
#  Id prefix:
#  Q --- Query Molecule
#  M --- Material
#  R --- Reactant
#
Directory      result/synthesize_HsDHODH/192/DATABASE/
#
Q000000001/5.791801/0000/R000000001
R000000005/1.000000/0000/Guesstimate
M000000006/1.000000/0000/Sigma_BB-30564997
R000000004/2.222222/0279/R000000005/M000000006
R000000004/2.222222/0279/R000000005/M000000006
R000000003/2.469136/0125/R000000004
R000000007/1.000000/0000/Guesstimate
R000000003/3.580247/0112/R000000004/R000000007
R000000002/2.743484/0276/R000000003
R000000008/2.469136/0276/R000000004
R000000008/2.469136/0278/R000000004
R000000002/3.854596/0112/R000000008/R000000007
R000000011/1.000000/0000/Guesstimate
M000000012/1.000000/0000/Sigma_BB-72504043
R000000010/2.222222/0003/R000000011/M000000012
R000000013/1.000000/0000/Guesstimate
M000000014/1.000000/0000/Sigma_BB-311208906
R000000010/2.222222/0011/R000000013/M000000014
R000000009/2.469136/0099/R000000010
R000000017/1.000000/0000/Guesstimate
R000000016/1.111111/0040/R000000017
R000000018/1.000000/0000/Guesstimate
R000000019/1.000000/0000/Guesstimate
R000000016/2.222222/0004/R000000018/R000000019
M000000020/1.000000/0000/Sigma_BB-28426400
R000000015/2.345679/0003/R000000016/M000000020
R000000022/1.000000/0000/Guesstimate
R000000021/2.222222/0004/R000000011/R000000022
R000000021/2.222222/0277/R000000011/R000000022
M000000023/1.000000/0000/Sigma_BB-30664943
R000000015/3.580247/0049/R000000021/M000000023
R000000009/2.606310/0099/R000000015
R000000001/5.791801/0069/R000000002/R000000009
R000000025/4.159427/0069/R000000002/R000000017
R000000027/1.000000/0000/Guesstimate
R000000026/4.159427/0069/R000000002/R000000027
R000000025/4.621586/0082/R000000026
M000000030/1.000000/0000/Sigma_BB-326697832
R000000029/1.111111/0092/M000000030
R000000031/1.000000/0000/Guesstimate
R000000029/2.222222/0004/R000000031/M000000020
R000000028/1.234568/0085/R000000029
R000000028/2.222222/0004/R000000022/M000000020
R000000024/5.993328/0049/R000000025/R000000028
R000000033/4.282884/0069/R000000002/R000000016
R000000032/4.758760/0197/R000000033
R000000024/6.398623/0003/R000000032/M000000012
R000000001/6.659254/0099/R000000024
Q000000002/5.791801/0000/R000000034
M000000038/1.000000/0000/Sigma_BB-28792337
R000000039/1.000000/0000/Guesstimate
R000000037/2.222222/0112/M000000038/R000000039
R000000036/2.469136/0276/R000000037
R000000036/2.469136/0278/R000000037
R000000035/2.743484/0099/R000000036
R000000042/1.000000/0000/Guesstimate
R000000041/2.222222/0276/R000000042/R000000039
R000000041/2.222222/0278/R000000042/R000000039
R000000040/2.469136/0003/R000000041
R000000043/2.222222/0003/R000000042/R000000039
R000000040/2.469136/0276/R000000043
R000000035/2.743484/0099/R000000040
R000000034/5.791801/0069/R000000035/R000000009
R000000045/4.159427/0069/R000000035/R000000017
R000000046/4.159427/0069/R000000035/R000000027
R000000045/4.621586/0082/R000000046
R000000044/5.993328/0049/R000000045/R000000028
R000000048/4.282884/0069/R000000035/R000000016
R000000047/4.758760/0197/R000000048
R000000044/6.398623/0003/R000000047/M000000012
R000000034/6.659254/0099/R000000044
Q000000003/5.791801/0000/R000000034
<NEXT>