#
#  Reaction log file
#  Author: LigBuilder V3 User_Diana
#  Creation time: Mon Feb 23 23:23:05 2026
#  Format:
#  QueryMoleculeId/Cost/SynthesizeId/ReactantId1/ReactantId2/ReactantId3.....
#  Id prefix:
#  Q --- Query Molecule
#  M --- Material
#  R --- Reactant
#
Directory      result/synthesize_HsDHODH/189/DATABASE/
#
Q000000001/Analysis Failed
Q000000002/5.791801/0000/R000000001
M000000005/1.000000/0000/Sigma_BB-28792337
R000000006/1.000000/0000/Guesstimate
R000000004/2.222222/0112/M000000005/R000000006
R000000003/2.469136/0276/R000000004
R000000003/2.469136/0278/R000000004
R000000002/2.743484/0099/R000000003
R000000009/1.000000/0000/Guesstimate
R000000008/2.222222/0276/R000000009/R000000006
R000000008/2.222222/0278/R000000009/R000000006
R000000007/2.469136/0003/R000000008
R000000010/2.222222/0003/R000000009/R000000006
R000000007/2.469136/0276/R000000010
R000000002/2.743484/0099/R000000007
R000000013/1.000000/0000/Guesstimate
M000000014/1.000000/0000/Sigma_BB-72504043
R000000012/2.222222/0003/R000000013/M000000014
R000000015/1.000000/0000/Guesstimate
M000000016/1.000000/0000/Sigma_BB-311208906
R000000012/2.222222/0011/R000000015/M000000016
R000000011/2.469136/0099/R000000012
R000000019/1.000000/0000/Guesstimate
R000000018/1.111111/0040/R000000019
R000000020/1.000000/0000/Guesstimate
R000000021/1.000000/0000/Guesstimate
R000000018/2.222222/0004/R000000020/R000000021
M000000022/1.000000/0000/Sigma_BB-28426400
R000000017/2.345679/0003/R000000018/M000000022
R000000024/1.000000/0000/Guesstimate
R000000023/2.222222/0004/R000000013/R000000024
R000000023/2.222222/0277/R000000013/R000000024
M000000025/1.000000/0000/Sigma_BB-30664943
R000000017/3.580247/0049/R000000023/M000000025
R000000011/2.606310/0099/R000000017
R000000001/5.791801/0069/R000000002/R000000011
R000000027/4.159427/0069/R000000002/R000000019
R000000029/1.000000/0000/Guesstimate
R000000028/4.159427/0069/R000000002/R000000029
R000000027/4.621586/0082/R000000028
M000000032/1.000000/0000/Sigma_BB-326697832
R000000031/1.111111/0092/M000000032
R000000033/1.000000/0000/Guesstimate
R000000031/2.222222/0004/R000000033/M000000022
R000000030/1.234568/0085/R000000031
R000000030/2.222222/0004/R000000024/M000000022
R000000026/5.993328/0049/R000000027/R000000030
R000000035/4.282884/0069/R000000002/R000000018
R000000034/4.758760/0197/R000000035
R000000026/6.398623/0003/R000000034/M000000014
R000000001/6.659254/0099/R000000026
Q000000003/5.791801/0000/R000000001
<NEXT>