#
#  Reaction log file
#  Author: LigBuilder V3 User_Diana
#  Creation time: Mon Feb 23 23:13:36 2026
#  Format:
#  QueryMoleculeId/Cost/SynthesizeId/ReactantId1/ReactantId2/ReactantId3.....
#  Id prefix:
#  Q --- Query Molecule
#  M --- Material
#  R --- Reactant
#
Directory      result/synthesize_HsDHODH/59/DATABASE/
#
Q000000001/4.115227/0000/R000000001
M000000004/1.000000/0000/Sigma_BB-28399784
R000000005/1.000000/0000/Guesstimate
R000000003/2.222222/0056/M000000004/R000000005
M000000007/1.000000/0000/Sigma_BB-28665947
R000000008/1.000000/0000/Guesstimate
R000000006/2.222222/0112/M000000007/R000000008
M000000009/1.000000/0000/Sigma_BB-187159923
R000000010/1.000000/0000/Guesstimate
R000000006/2.222222/0119/M000000009/R000000010
R000000003/2.469136/0041/R000000006
M000000012/1.000000/0000/Sigma_BB-150879532
R000000011/1.111111/0091/M000000012
R000000014/1.000000/0000/Guesstimate
M000000015/1.000000/0000/Sigma_BB-183143251
R000000013/2.222222/0112/R000000014/M000000015
R000000011/2.469136/0197/R000000013
R000000002/3.703704/0275/R000000003/R000000011
M000000018/1.000000/0000/Sigma_BB-161379905
R000000017/1.111111/0155/M000000018
R000000016/2.345679/0119/R000000017/R000000010
M000000020/1.000000/0000/Sigma_BB-299842949
R000000019/2.222222/0112/M000000020/R000000014
R000000016/2.469136/0153/R000000019
R000000002/3.717421/0274/R000000016/M000000012
R000000001/4.115227/0024/R000000002
R000000023/1.234568/0091/R000000017
R000000023/2.469136/0197/R000000019
R000000025/1.000000/0000/Guesstimate
R000000024/1.111111/0287/R000000025
R000000022/2.606310/0112/R000000023/R000000024
R000000027/2.222222/0174/R000000014/R000000025
R000000027/2.222222/0289/R000000014/R000000025
R000000026/2.469136/0197/R000000027
R000000028/7.400000/0000/Guesstimate
R000000026/8.222222/0091/R000000028
R000000022/3.854596/0112/M000000020/R000000026
R000000021/4.007011/0274/R000000022/M000000012
R000000029/2.222222/0274/M000000020/M000000012
M000000030/1.000000/0000/Sigma_BB-243080045
R000000029/2.345679/0275/M000000030/R000000011
R000000021/5.212621/0112/R000000029/R000000026
R000000001/4.452235/0025/R000000021
Q000000002/4.115227/0000/R000000001
Q000000003/4.282884/0000/R000000031
R000000035/1.000000/0000/Guesstimate
R000000036/1.000000/0000/Guesstimate
R000000034/2.222222/0112/R000000035/R000000036
R000000033/2.469136/0233/R000000034
R000000033/2.469136/0258/R000000034
R000000037/1.000000/0000/Guesstimate
R000000032/3.854596/0276/R000000033/R000000037
R000000040/1.000000/0000/Guesstimate
R000000039/3.854596/0276/R000000033/R000000040
R000000039/3.854596/0278/R000000033/R000000040
R000000038/4.282884/0091/R000000039
R000000041/3.854596/0276/R000000033/R000000014
R000000041/3.854596/0278/R000000033/R000000014
R000000038/4.282884/0197/R000000041
R000000042/1.000000/0000/Guesstimate
R000000032/5.869872/0276/R000000038/R000000042
R000000031/4.282884/0147/R000000032
R000000045/2.222222/0276/R000000035/R000000037
R000000045/2.222222/0278/R000000035/R000000037
R000000044/2.469136/0125/R000000045
R000000044/3.580247/0112/R000000045/R000000008
R000000046/1.000000/0000/Guesstimate
R000000043/3.854596/0011/R000000044/R000000046
R000000049/1.000000/0000/Guesstimate
R000000048/3.580247/0112/R000000045/R000000049
R000000047/3.978053/0233/R000000048
R000000051/1.000000/0000/Guesstimate
R000000050/3.854596/0256/R000000044/R000000051
R000000047/4.282884/0082/R000000050
R000000052/1.000000/0000/Guesstimate
R000000043/5.531170/0049/R000000047/R000000052
R000000031/4.282884/0147/R000000043
<NEXT>