#
#  Reaction log file
#  Author: LigBuilder V3 User_Diana
#  Creation time: Mon Feb 23 23:18:24 2026
#  Format:
#  QueryMoleculeId/Cost/SynthesizeId/ReactantId1/ReactantId2/ReactantId3.....
#  Id prefix:
#  Q --- Query Molecule
#  M --- Material
#  R --- Reactant
#
Directory      result/synthesize_HsDHODH/113/DATABASE/
#
Q000000001/9.331235/0000/R000000001
R000000006/1.000000/0000/Guesstimate
R000000007/1.000000/0000/Guesstimate
R000000005/2.222222/0004/R000000006/R000000007
R000000008/1.000000/0000/Guesstimate
R000000009/1.000000/0000/Guesstimate
R000000005/3.333333/0225/R000000006/R000000008/R000000009
R000000004/2.469136/0197/R000000005
R000000012/1.000000/0000/Guesstimate
R000000011/2.222222/0112/R000000006/R000000012
R000000014/1.000000/0000/Guesstimate
R000000013/2.222222/0004/R000000006/R000000014
R000000011/2.469136/0009/R000000013
R000000010/2.469136/0041/R000000011
R000000010/2.469136/0233/R000000011
R000000004/2.743484/0155/R000000010
R000000016/1.000000/0000/Guesstimate
R000000017/1.000000/0000/Guesstimate
R000000015/2.222222/0011/R000000016/R000000017
R000000019/1.000000/0000/Guesstimate
R000000020/1.000000/0000/Guesstimate
R000000018/2.222222/0277/R000000019/R000000020
R000000021/1.000000/0000/Guesstimate
R000000018/2.222222/0301/R000000021/R000000020
R000000015/2.469136/0197/R000000018
R000000003/5.212621/0122/R000000004/R000000015
R000000003/5.212621/0122/R000000004/R000000015
R000000024/1.000000/0000/Guesstimate
R000000023/1.111111/0291/R000000024
R000000023/1.111111/0291/R000000024
R000000025/1.000000/0000/Guesstimate
R000000022/2.345679/0301/R000000023/R000000025
R000000022/2.345679/0301/R000000023/R000000025
R000000002/8.398111/0301/R000000003/R000000022
R000000002/8.398111/0301/R000000003/R000000022
R000000001/9.331235/0188/R000000002
R000000029/1.000000/0000/Guesstimate
R000000028/1.111111/0291/R000000029
R000000028/1.111111/0291/R000000029
R000000027/2.345679/0301/R000000028/R000000025
R000000027/2.345679/0301/R000000028/R000000025
R000000026/8.398111/0301/R000000003/R000000027
R000000026/8.398111/0301/R000000003/R000000027
R000000001/9.331235/0188/R000000026
Q000000002/9.331235/0000/R000000001
Q000000003/9.331235/0000/R000000001
<NEXT>