#
#  Reaction log file
#  Author: LigBuilder V3 User_Diana
#  Creation time: Mon Feb 23 23:11:50 2026
#  Format:
#  QueryMoleculeId/Cost/SynthesizeId/ReactantId1/ReactantId2/ReactantId3.....
#  Id prefix:
#  Q --- Query Molecule
#  M --- Material
#  R --- Reactant
#
Directory      result/synthesize_HsDHODH/25/DATABASE/
#
Q000000001/6.096632/0000/R000000001
M000000005/1.000000/0000/Sigma_BB-27680560
M000000006/1.000000/0000/Sigma_BB-117278814
R000000004/2.222222/0003/M000000005/M000000006
M000000007/1.000000/0000/Sigma_BB-151857806
M000000008/1.000000/0000/Sigma_BB-386044321
R000000004/2.222222/0049/M000000007/M000000008
R000000003/2.469136/0099/R000000004
M000000010/1.000000/0000/Sigma_BB-128362463
M000000011/1.000000/0000/Sigma_BB-28513998
R000000009/2.222222/0003/M000000010/M000000011
M000000012/1.000000/0000/Sigma_BB-137266802
M000000013/1.000000/0000/Sigma_BB-243331311
R000000009/2.222222/0112/M000000012/M000000013
R000000003/2.469136/0099/R000000009
R000000016/1.000000/0000/Guesstimate
R000000017/1.000000/0000/Guesstimate
R000000015/2.222222/0081/R000000016/R000000017
R000000018/1.000000/0000/Guesstimate
R000000015/2.222222/0210/R000000016/R000000018
R000000014/2.469136/0091/R000000015
R000000020/1.000000/0000/Guesstimate
R000000021/1.000000/0000/Guesstimate
R000000019/2.222222/0285/R000000020/R000000021
R000000019/2.222222/0285/R000000020/R000000021
R000000014/2.469136/0285/R000000019
R000000002/5.486969/0112/R000000003/R000000014
R000000001/6.096632/0059/R000000002
R000000024/3.854596/0112/M000000005/R000000014
R000000023/4.282884/0059/R000000024
R000000025/1.000000/0000/Guesstimate
R000000023/5.393995/0224/R000000024/R000000025
R000000022/5.869872/0003/R000000023/M000000006
R000000027/3.854596/0112/M000000007/R000000014
R000000028/1.000000/0000/Guesstimate
R000000027/5.393995/0112/R000000024/R000000028
R000000026/4.282884/0059/R000000027
R000000030/1.000000/0000/Guesstimate
R000000029/5.869872/0004/R000000023/R000000030
R000000026/6.522080/0009/R000000029
R000000022/5.869872/0049/R000000026/M000000008
R000000001/6.522080/0099/R000000022
Q000000002/5.791801/0000/R000000031
M000000034/1.000000/0000/Sigma_BB-136985868
M000000035/1.000000/0000/Sigma_BB-244321917
R000000033/2.222222/0003/M000000034/M000000035
M000000036/1.000000/0000/Sigma_BB-30085675
M000000038/1.000000/0000/Sigma_BB-234542932
R000000037/1.111111/0114/M000000038
M000000039/1.000000/0000/Sigma_BB-30550074
R000000037/1.111111/0287/M000000039
R000000033/2.345679/0112/M000000036/R000000037
R000000042/1.000000/0000/Guesstimate
R000000041/2.222222/0081/R000000016/R000000042
R000000043/1.000000/0000/Guesstimate
R000000041/2.222222/0210/R000000016/R000000043
R000000040/2.469136/0091/R000000041
R000000045/1.000000/0000/Guesstimate
R000000046/1.000000/0000/Guesstimate
R000000044/2.222222/0112/R000000045/R000000046
R000000040/2.469136/0197/R000000044
R000000032/5.212621/0112/R000000033/R000000040
R000000049/1.000000/0000/Guesstimate
R000000048/2.222222/0112/M000000036/R000000049
M000000050/1.000000/0000/Sigma_BB-68700031
R000000051/1.000000/0000/Guesstimate
R000000048/2.222222/0112/M000000050/R000000051
R000000047/5.212621/0112/R000000048/R000000040
R000000032/6.902912/0175/R000000047/M000000038
R000000031/5.791801/0099/R000000032
R000000053/3.854596/0112/M000000050/R000000040
M000000055/1.000000/0000/Sigma_BB-129567422
R000000054/1.111111/0041/M000000055
M000000058/1.000000/0000/Sigma_BB-28766574
R000000057/1.111111/0287/M000000058
R000000059/1.000000/0000/Guesstimate
M000000060/1.000000/0000/Sigma_BB-38275857
R000000057/2.222222/0231/R000000059/M000000060
R000000056/1.234568/0082/R000000057
R000000056/2.222222/0112/R000000028/M000000035
R000000054/1.371742/0040/R000000056
R000000052/5.517452/0003/R000000053/R000000054
R000000062/1.111111/0079/M000000036
R000000063/8.100000/0000/Guesstimate
R000000062/9.000001/0082/R000000063
R000000061/3.978053/0112/R000000062/R000000040
M000000065/1.000000/0000/Sigma_BB-155011087
R000000064/3.854596/0112/M000000065/R000000040
R000000061/4.282884/0168/R000000064
R000000067/1.000000/0000/Guesstimate
R000000066/2.222222/0004/R000000067/M000000035
M000000069/1.000000/0000/Sigma_BB-114105091
R000000068/2.222222/0004/R000000067/M000000069
R000000068/2.222222/0112/M000000008/R000000028
R000000066/2.469136/0041/R000000068
R000000052/6.889194/0049/R000000061/R000000066
R000000031/6.130503/0099/R000000052
Q000000003/6.096632/0000/R000000001
<NEXT>