#
#  Reaction log file
#  Author: LigBuilder V3 User_Diana
#  Creation time: Mon Feb 23 23:28:24 2026
#  Format:
#  QueryMoleculeId/Cost/SynthesizeId/ReactantId1/ReactantId2/ReactantId3.....
#  Id prefix:
#  Q --- Query Molecule
#  M --- Material
#  R --- Reactant
#
Directory      result/synthesize_HsDHODH/250/DATABASE/
#
Q000000001/7.163543/0000/R000000001
R000000005/1.000000/0000/Guesstimate
R000000006/1.000000/0000/Guesstimate
R000000004/2.222222/0159/R000000005/R000000006
R000000007/9.400000/0000/Guesstimate
R000000004/9.400000/0257/R000000007
R000000008/1.000000/0000/Guesstimate
R000000003/3.580247/0175/R000000004/R000000008
R000000010/1.000000/0000/Guesstimate
R000000009/3.580247/0175/R000000004/R000000010
R000000009/3.580247/0290/R000000004/R000000010
R000000003/3.978053/0204/R000000009
R000000012/1.000000/0000/Guesstimate
R000000013/1.000000/0000/Guesstimate
R000000011/2.222222/0004/R000000012/R000000013
R000000015/1.000000/0000/Guesstimate
R000000014/2.222222/0004/R000000015/R000000013
R000000016/1.000000/0000/Guesstimate
R000000017/1.000000/0000/Guesstimate
R000000014/3.333333/0225/R000000016/R000000017/R000000013
R000000011/2.469136/0085/R000000014
R000000002/6.447188/0122/R000000003/R000000011
R000000002/6.447188/0122/R000000003/R000000011
R000000001/7.163543/0041/R000000002
R000000021/1.000000/0000/Guesstimate
R000000020/3.580247/0174/R000000004/R000000021
R000000020/3.580247/0289/R000000004/R000000021
R000000019/3.978053/0041/R000000020
R000000019/3.978053/0233/R000000020
R000000018/6.889194/0004/R000000019/R000000014
R000000023/3.978053/0085/R000000009
R000000022/4.420059/0041/R000000023
R000000022/4.420059/0233/R000000023
R000000025/1.000000/0000/Guesstimate
R000000024/2.222222/0002/R000000025/R000000013
R000000026/1.000000/0000/Guesstimate
R000000024/3.580247/0001/R000000026/R000000014
R000000018/7.380312/0049/R000000022/R000000024
R000000001/7.654661/0099/R000000018
Q000000002/7.163543/0000/R000000001
Q000000003/7.163543/0000/R000000001
Q000000004/7.939716/0000/R000000027
R000000030/3.978053/0041/R000000003
R000000030/3.978053/0233/R000000003
R000000031/1.000000/0000/Guesstimate
R000000029/5.531170/0122/R000000030/R000000031
R000000029/5.531170/0122/R000000030/R000000031
R000000028/6.145744/0024/R000000029
R000000034/1.000000/0000/Guesstimate
R000000033/5.089163/0122/R000000003/R000000034
R000000033/5.089163/0122/R000000003/R000000034
R000000032/5.654626/0041/R000000033
R000000036/1.000000/0000/Guesstimate
R000000035/5.531170/0122/R000000030/R000000036
R000000035/5.531170/0122/R000000030/R000000036
R000000032/6.145744/0082/R000000035
R000000028/6.282918/0040/R000000032
R000000037/1.000000/0000/Guesstimate
R000000027/7.939716/0004/R000000028/R000000037
R000000041/1.000000/0000/Guesstimate
R000000040/2.222222/0256/R000000041/R000000037
R000000039/2.469136/0155/R000000040
R000000042/2.222222/0004/R000000012/R000000037
R000000043/1.000000/0000/Guesstimate
R000000039/3.580247/0119/R000000042/R000000043
R000000038/7.163543/0122/R000000030/R000000039
R000000038/7.163543/0122/R000000030/R000000039
R000000027/7.959492/0024/R000000038
<NEXT>