#
#  Reaction log file
#  Author: LigBuilder V3 User_Diana
#  Creation time: Mon Feb 23 23:22:46 2026
#  Format:
#  QueryMoleculeId/Cost/SynthesizeId/ReactantId1/ReactantId2/ReactantId3.....
#  Id prefix:
#  Q --- Query Molecule
#  M --- Material
#  R --- Reactant
#
Directory      result/synthesize_HsDHODH/181/DATABASE/
#
Q000000001/5.654626/0000/R000000001
R000000004/1.000000/0000/Guesstimate
R000000006/1.000000/0000/Guesstimate
R000000007/1.000000/0000/Guesstimate
R000000005/2.222222/0011/R000000006/R000000007
R000000008/1.000000/0000/Guesstimate
R000000005/2.222222/0277/R000000008/R000000007
R000000003/3.580247/0274/R000000004/R000000005
R000000009/1.000000/0000/Guesstimate
R000000011/1.000000/0000/Guesstimate
R000000012/1.000000/0000/Guesstimate
R000000010/2.222222/0277/R000000011/R000000012
R000000010/2.469136/0155/R000000005
R000000003/3.580247/0274/R000000009/R000000010
R000000002/3.978053/0122/R000000003
R000000015/1.000000/0000/Guesstimate
R000000014/3.580247/0122/R000000015/R000000005
R000000017/1.000000/0000/Guesstimate
R000000016/1.111111/0040/R000000017
R000000018/1.000000/0000/Guesstimate
R000000016/2.222222/0004/R000000015/R000000018
R000000013/5.212621/0274/R000000014/R000000016
R000000002/5.791801/0212/R000000013
M000000020/1.000000/0000/Sigma_BB-28769376
R000000019/1.111111/0114/M000000020
M000000023/1.000000/0000/Sigma_BB-28760249
R000000022/1.111111/0114/M000000023
M000000024/1.000000/0000/Sigma_BB-117837577
R000000022/1.111111/0155/M000000024
R000000025/1.000000/0000/Guesstimate
R000000021/2.345679/0112/R000000022/R000000025
R000000026/8.700000/0000/Guesstimate
R000000021/9.666667/0082/R000000026
R000000019/2.606310/0147/R000000021
R000000001/5.654626/0122/R000000002/R000000019
R000000027/5.212621/0122/R000000003/R000000019
R000000027/5.212621/0122/R000000003/R000000019
R000000001/5.791801/0122/R000000027
Q000000002/5.654626/0000/R000000001
Q000000003/5.654626/0000/R000000001
<NEXT>