#
#  Reaction log file
#  Author: LigBuilder V3 User_Diana
#  Creation time: Mon Feb 23 23:22:03 2026
#  Format:
#  QueryMoleculeId/Cost/SynthesizeId/ReactantId1/ReactantId2/ReactantId3.....
#  Id prefix:
#  Q --- Query Molecule
#  M --- Material
#  R --- Reactant
#
Directory      result/synthesize_HsDHODH/173/DATABASE/
#
Q000000001/4.572474/0000/R000000001
M000000005/1.000000/0000/Sigma_BB-27151350
R000000004/1.111111/0091/M000000005
M000000007/1.000000/0000/Sigma_BB-129567422
R000000006/1.111111/0041/M000000007
R000000006/1.111111/0233/M000000007
R000000003/2.469136/0003/R000000004/R000000006
R000000008/1.234568/0125/R000000004
R000000009/1.000000/0000/Guesstimate
R000000008/2.345679/0112/R000000004/R000000009
R000000011/1.000000/0000/Guesstimate
M000000012/1.000000/0000/Sigma_BB-244321917
R000000010/2.222222/0004/R000000011/M000000012
R000000003/3.840878/0049/R000000008/R000000010
R000000015/1.000000/0000/Guesstimate
R000000014/1.111111/0288/R000000015
R000000013/1.234568/0295/R000000014
R000000002/4.115227/0112/R000000003/R000000013
M000000017/1.000000/0000/Sigma_BB-27680560
R000000016/2.345679/0003/M000000017/R000000006
M000000018/1.000000/0000/Sigma_BB-151857806
R000000016/3.580247/0049/M000000018/R000000010
R000000021/1.000000/0000/Guesstimate
R000000020/2.482853/0112/R000000021/R000000013
R000000019/2.758726/0197/R000000020
R000000002/5.671562/0112/R000000016/R000000019
R000000001/4.572474/0099/R000000002
R000000024/1.371742/0040/R000000008
R000000023/2.895900/0112/R000000024/R000000013
M000000025/1.000000/0000/Sigma_BB-128362463
R000000023/4.176363/0112/M000000025/R000000019
R000000022/4.328778/0003/R000000023/M000000012
R000000027/2.345679/0004/R000000004/R000000011
R000000026/3.978052/0112/R000000027/R000000013
R000000028/2.222222/0004/M000000017/R000000011
R000000026/5.534387/0112/R000000028/R000000019
M000000032/1.000000/0000/Sigma_BB-28786839
R000000031/1.111111/0125/M000000032
R000000031/2.222222/0112/M000000032/R000000009
R000000030/1.234568/0082/R000000031
R000000030/1.234568/0082/R000000031
R000000029/1.371742/0041/R000000030
R000000034/1.000000/0000/Guesstimate
R000000033/2.222222/0004/R000000034/M000000012
R000000029/2.469136/0009/R000000033
R000000022/5.944216/0049/R000000026/R000000029
R000000001/4.809754/0099/R000000022
Q000000002/4.420058/0000/R000000035
R000000039/1.000000/0000/Guesstimate
R000000038/1.111111/0297/R000000039
R000000038/1.111111/0297/R000000039
R000000040/1.000000/0000/Guesstimate
R000000037/2.345679/0256/R000000038/R000000040
R000000041/9.300000/0000/Guesstimate
R000000037/9.300000/0257/R000000041
M000000044/1.000000/0000/Sigma_BB-28762732
R000000043/1.111111/0085/M000000044
R000000042/1.234568/0156/R000000043
R000000046/1.371742/0086/R000000042
R000000046/1.371742/0091/R000000042
R000000045/1.524158/0079/R000000046
R000000048/1.000000/0000/Guesstimate
R000000049/1.234568/0153/R000000043
R000000050/1.111111/0087/M000000044
R000000050/1.234568/0086/R000000043
R000000049/1.234568/0154/R000000050
R000000047/2.482853/0122/R000000048/R000000049
R000000045/2.758726/0082/R000000047
R000000042/9.333333/0040/R000000045
R000000036/3.978052/0003/R000000037/R000000042
R000000051/2.606310/0125/R000000037
R000000051/3.717421/0112/R000000037/R000000009
R000000052/2.635269/0004/R000000011/R000000049
R000000054/1.000000/0000/Guesstimate
R000000053/2.635269/0301/R000000054/R000000049
R000000053/2.635269/0301/R000000054/R000000049
R000000052/2.928077/0024/R000000053
R000000036/5.823977/0049/R000000051/R000000052
R000000035/4.420058/0099/R000000036
R000000056/2.895900/0040/R000000051
R000000055/4.589409/0003/R000000056/R000000049
R000000057/3.717421/0004/R000000037/R000000011
R000000059/1.000000/0000/Guesstimate
R000000058/3.717421/0004/R000000037/R000000059
R000000060/1.000000/0000/Guesstimate
R000000061/1.000000/0000/Guesstimate
R000000058/4.828533/0225/R000000037/R000000060/R000000061
R000000057/4.130468/0085/R000000058
R000000055/5.823977/0049/R000000057/R000000045
R000000035/5.099344/0099/R000000055
Q000000003/4.420058/0000/R000000035
<NEXT>