#
#  Reaction log file
#  Author: LigBuilder V3 User_Diana
#  Creation time: Mon Feb 23 23:29:46 2026
#  Format:
#  QueryMoleculeId/Cost/SynthesizeId/ReactantId1/ReactantId2/ReactantId3.....
#  Id prefix:
#  Q --- Query Molecule
#  M --- Material
#  R --- Reactant
#
Directory      result/synthesize_HsDHODH/267/DATABASE/
#
Q000000001/4.621586/0000/R000000001
M000000003/1.000000/0000/Sigma_BB-118618367
R000000007/1.000000/0000/Guesstimate
M000000008/1.000000/0000/Sigma_BB-28760789
R000000006/2.222222/0285/R000000007/M000000008
R000000005/2.469136/0093/R000000006
R000000004/2.743484/0001/R000000005
R000000009/1.000000/0000/Guesstimate
R000000011/2.469136/0001/R000000006
R000000012/2.469136/0086/R000000006
R000000012/2.469136/0091/R000000006
R000000011/2.743484/0004/R000000012
R000000010/2.743484/0197/R000000011
R000000004/4.159427/0004/R000000009/R000000010
R000000002/4.159427/0212/M000000003/R000000004
M000000013/1.000000/0000/Sigma_BB-28769332
R000000015/2.743484/0093/R000000005
M000000016/1.000000/0000/Sigma_BB-28247348
R000000015/3.854596/0212/M000000016/R000000005
R000000014/3.048316/0001/R000000015
R000000017/3.048316/0197/R000000004
R000000014/4.498129/0004/R000000009/R000000017
R000000002/4.498129/0212/M000000013/R000000014
R000000001/4.621586/0099/R000000002
M000000020/1.000000/0000/Sigma_BB-189043978
R000000019/2.222222/0004/M000000020/R000000009
M000000022/1.000000/0000/Sigma_BB-28524129
R000000021/2.222222/0212/M000000003/M000000022
M000000023/1.000000/0000/Sigma_BB-28776399
R000000021/2.222222/0212/M000000013/M000000023
R000000019/2.469136/0024/R000000021
R000000018/5.212621/0212/R000000019/R000000011
R000000018/5.212621/0212/R000000019/R000000011
R000000001/5.791801/0099/R000000018
Q000000002/6.369664/0000/R000000024
R000000027/1.000000/0000/Guesstimate
R000000026/4.159427/0119/R000000004/R000000027
R000000028/3.854596/0119/R000000011/R000000027
R000000028/3.854596/0280/R000000011/R000000027
R000000026/4.282884/0093/R000000028
R000000025/5.732697/0212/M000000003/R000000026
R000000030/4.621586/0197/R000000026
R000000029/6.246207/0004/R000000009/R000000030
R000000031/5.732697/0212/R000000007/R000000026
R000000031/5.732697/0212/R000000007/R000000026
R000000029/6.369664/0040/R000000031
R000000025/8.051341/0212/M000000013/R000000029
R000000024/6.369664/0099/R000000025
R000000034/3.580247/0119/R000000006/R000000027
R000000034/3.580247/0280/R000000006/R000000027
R000000033/3.978053/0001/R000000034
R000000035/3.978053/0086/R000000034
R000000035/3.978053/0091/R000000034
R000000033/4.420059/0004/R000000035
R000000032/6.889194/0212/R000000019/R000000033
R000000032/6.889194/0212/R000000019/R000000033
R000000024/7.654661/0099/R000000032
Q000000003/Analysis Failed
<NEXT>