#
#  Reaction log file
#  Author: LigBuilder V3 User_Diana
#  Creation time: Mon Feb 23 23:27:42 2026
#  Format:
#  QueryMoleculeId/Cost/SynthesizeId/ReactantId1/ReactantId2/ReactantId3.....
#  Id prefix:
#  Q --- Query Molecule
#  M --- Material
#  R --- Reactant
#
Directory      result/synthesize_HsDHODH/240/DATABASE/
#
Q000000001/Analysis Failed
Q000000002/4.420058/0000/R000000001
M000000005/1.000000/0000/Sigma_BB-30399791
R000000004/1.111111/0293/M000000005
R000000003/1.234568/0090/R000000004
R000000007/1.000000/0000/Guesstimate
R000000008/1.000000/0000/Guesstimate
R000000006/2.222222/0158/R000000007/R000000008
R000000006/2.222222/0158/R000000007/R000000008
R000000003/2.469136/0150/R000000006
M000000011/1.000000/0000/Sigma_BB-327401854
R000000010/1.111111/0125/M000000011
R000000012/1.000000/0000/Guesstimate
R000000010/2.222222/0112/M000000011/R000000012
R000000013/1.000000/0000/Guesstimate
R000000009/2.345679/0285/R000000010/R000000013
R000000015/1.000000/0000/Guesstimate
R000000014/2.345679/0285/R000000010/R000000015
R000000009/2.606310/0300/R000000014
R000000002/3.978052/0112/R000000003/R000000009
R000000018/1.000000/0000/Guesstimate
R000000017/2.222222/0158/R000000007/R000000018
R000000017/2.222222/0158/R000000007/R000000018
R000000016/2.469136/0188/R000000017
R000000020/1.000000/0000/Guesstimate
R000000019/2.482853/0112/R000000003/R000000020
R000000022/8.600000/0000/Guesstimate
R000000021/9.555556/0257/R000000022
R000000023/10.000000/0000/Guesstimate
R000000021/10.000000/0188/R000000023
R000000019/9.555556/0055/R000000021
R000000016/2.758726/0197/R000000019
M000000026/1.000000/0000/Sigma_BB-180691628
R000000027/1.000000/0000/Guesstimate
R000000025/2.222222/0112/M000000026/R000000027
R000000024/2.469136/0099/R000000025
R000000024/2.469136/0099/R000000025
R000000002/5.486969/0112/R000000016/R000000024
R000000001/4.420058/0024/R000000002
M000000031/1.000000/0000/Sigma_BB-53247887
R000000032/1.000000/0000/Guesstimate
R000000030/2.222222/0285/M000000031/R000000032
R000000034/1.000000/0000/Guesstimate
R000000033/1.111111/0287/R000000034
R000000029/3.703704/0112/R000000030/R000000033
R000000035/7.555556/0082/R000000036
R000000037/7.400000/0000/Guesstimate
R000000038/1.000000/0000/Guesstimate
R000000035/9.333333/0003/R000000037/R000000038
R000000029/9.506173/0012/M000000031/R000000035
R000000028/6.858711/0112/R000000016/R000000029
R000000001/7.620790/0025/R000000028
Q000000003/4.130468/0000/R000000039
R000000042/1.000000/0000/Guesstimate
M000000044/1.000000/0000/Sigma_BB-27556005
R000000043/1.111111/0280/M000000044
R000000045/1.000000/0000/Guesstimate
R000000043/1.111111/0283/R000000045
R000000041/2.345679/0159/R000000042/R000000043
R000000046/8.300000/0000/Guesstimate
R000000041/9.222222/0165/R000000046
M000000047/1.000000/0000/Sigma_BB-28769516
R000000040/3.717421/0119/R000000041/M000000047
R000000048/2.345679/0119/R000000043/M000000047
R000000050/1.000000/0000/Guesstimate
R000000049/2.345679/0119/R000000043/R000000050
R000000051/1.000000/0000/Guesstimate
R000000049/2.345679/0276/R000000043/R000000051
R000000052/1.000000/0000/Guesstimate
R000000048/3.717421/0224/R000000049/R000000052
R000000040/3.717421/0159/R000000042/R000000048
R000000039/4.130468/0041/R000000040
R000000054/2.606310/0041/R000000041
R000000054/2.606310/0233/R000000041
R000000055/1.000000/0000/Guesstimate
R000000053/4.007011/0119/R000000054/R000000055
R000000056/1.000000/0000/Guesstimate
R000000053/4.007011/0276/R000000054/R000000056
R000000039/4.452235/0058/R000000053
<NEXT>