#
#  Reaction log file
#  Author: LigBuilder V3 User_Diana
#  Creation time: Mon Feb 23 23:11:46 2026
#  Format:
#  QueryMoleculeId/Cost/SynthesizeId/ReactantId1/ReactantId2/ReactantId3.....
#  Id prefix:
#  Q --- Query Molecule
#  M --- Material
#  R --- Reactant
#
Directory      result/synthesize_HsDHODH/22/DATABASE/
#
Q000000001/6.096632/0000/R000000001
M000000005/1.000000/0000/Sigma_BB-128362463
M000000006/1.000000/0000/Sigma_BB-244321917
R000000004/2.222222/0003/M000000005/M000000006
R000000003/2.469136/0099/R000000004
R000000007/7.500000/0000/Guesstimate
M000000008/1.000000/0000/Sigma_BB-38275857
R000000003/9.444445/0231/R000000007/M000000008
R000000011/1.000000/0000/Guesstimate
R000000012/1.000000/0000/Guesstimate
R000000010/2.222222/0081/R000000011/R000000012
R000000013/1.000000/0000/Guesstimate
R000000010/2.222222/0210/R000000011/R000000013
R000000009/2.469136/0091/R000000010
R000000015/1.000000/0000/Guesstimate
R000000016/1.000000/0000/Guesstimate
R000000014/2.222222/0285/R000000015/R000000016
R000000014/2.222222/0285/R000000015/R000000016
R000000009/2.469136/0285/R000000014
R000000002/5.486969/0112/R000000003/R000000009
R000000001/6.096632/0059/R000000002
M000000020/1.000000/0000/Sigma_BB-27680560
R000000019/3.854596/0112/M000000020/R000000009
R000000018/4.282884/0059/R000000019
R000000021/1.000000/0000/Guesstimate
R000000018/5.393995/0224/R000000019/R000000021
M000000023/1.000000/0000/Sigma_BB-129567422
R000000022/1.111111/0041/M000000023
R000000024/1.111111/0125/M000000006
R000000025/1.000000/0000/Guesstimate
R000000024/2.222222/0112/R000000025/M000000006
R000000022/1.234568/0040/R000000024
R000000017/5.993328/0003/R000000018/R000000022
M000000028/1.000000/0000/Sigma_BB-151857806
R000000027/3.854596/0112/M000000028/R000000009
R000000027/5.393995/0112/R000000019/R000000025
R000000026/4.282884/0059/R000000027
R000000030/1.000000/0000/Guesstimate
R000000029/5.869872/0004/R000000018/R000000030
R000000026/6.522080/0009/R000000029
R000000032/1.000000/0000/Guesstimate
R000000031/2.222222/0004/R000000032/M000000006
M000000034/1.000000/0000/Sigma_BB-114105091
R000000033/2.222222/0004/R000000032/M000000034
M000000035/1.000000/0000/Sigma_BB-386044321
R000000033/2.222222/0112/M000000035/R000000025
R000000031/2.469136/0041/R000000033
R000000017/7.227896/0049/R000000026/R000000031
R000000001/6.659254/0099/R000000017
Q000000002/6.096632/0000/R000000036
M000000040/1.000000/0000/Sigma_BB-117278814
R000000039/2.222222/0003/M000000020/M000000040
R000000039/2.222222/0049/M000000028/M000000035
R000000038/2.469136/0099/R000000039
M000000042/1.000000/0000/Sigma_BB-28513998
R000000041/2.222222/0003/M000000005/M000000042
M000000043/1.000000/0000/Sigma_BB-137266802
M000000044/1.000000/0000/Sigma_BB-243331311
R000000041/2.222222/0112/M000000043/M000000044
R000000038/2.469136/0099/R000000041
R000000037/5.486969/0112/R000000038/R000000009
R000000036/6.096632/0041/R000000037
R000000047/2.743484/0041/R000000009
R000000047/2.743484/0233/R000000009
R000000046/4.159427/0112/M000000020/R000000047
R000000046/4.282884/0041/R000000019
R000000045/5.732697/0003/R000000046/M000000040
R000000048/4.282884/0041/R000000027
R000000049/5.732697/0004/R000000046/R000000030
R000000048/6.369664/0009/R000000049
R000000045/5.869872/0049/R000000048/M000000035
R000000036/6.369664/0099/R000000045
Q000000003/6.811670/0000/R000000050
M000000054/1.000000/0000/Sigma_BB-28766675
R000000053/2.222222/0003/M000000020/M000000054
M000000055/1.000000/0000/Sigma_BB-243767903
M000000056/1.000000/0000/Sigma_BB-35361921
R000000053/2.222222/0112/M000000055/M000000056
R000000052/2.469136/0099/R000000053
M000000058/1.000000/0000/Sigma_BB-28766514
R000000057/2.222222/0003/M000000005/M000000058
M000000059/1.000000/0000/Sigma_BB-28799148
R000000057/2.222222/0112/M000000043/M000000059
R000000052/2.469136/0099/R000000057
R000000061/2.743484/0054/R000000009
R000000060/3.048316/0009/R000000061
R000000060/3.854596/0049/R000000009/R000000032
R000000051/6.130503/0112/R000000052/R000000060
R000000050/6.811670/0059/R000000051
R000000064/3.387018/0059/R000000060
R000000064/4.498129/0224/R000000060/R000000021
R000000063/4.874465/0112/M000000020/R000000064
R000000065/4.498129/0112/M000000020/R000000060
R000000065/5.393995/0049/R000000019/R000000032
R000000063/4.997921/0059/R000000065
R000000062/6.527184/0003/R000000063/M000000054
R000000067/4.498129/0112/M000000028/R000000060
R000000067/5.393995/0049/R000000027/R000000032
R000000066/4.997921/0059/R000000067
R000000068/6.527184/0004/R000000063/R000000030
R000000066/7.252426/0009/R000000068
R000000069/2.222222/0004/R000000032/M000000058
M000000071/1.000000/0000/Sigma_BB-293710875
R000000072/1.000000/0000/Guesstimate
R000000070/2.222222/0173/M000000071/R000000072
R000000070/2.222222/0175/M000000071/R000000025
R000000069/2.469136/0024/R000000070
R000000062/8.022382/0049/R000000066/R000000069
R000000050/7.252426/0099/R000000062
Q000000004/4.625161/0000/R000000073
M000000079/1.000000/0000/Sigma_BB-27151350
R000000078/1.111111/0091/M000000079
R000000077/1.234568/0125/R000000078
R000000077/2.345679/0112/R000000078/R000000025
R000000076/1.371742/0040/R000000077
R000000080/1.000000/0000/Guesstimate
R000000075/2.635269/0112/R000000076/R000000080
M000000082/1.000000/0000/Sigma_BB-28786838
R000000081/1.111111/0245/M000000082
M000000085/1.000000/0000/Sigma_BB-28828543
R000000084/2.222222/0174/R000000025/M000000085
R000000084/2.222222/0289/R000000025/M000000085
R000000083/2.469136/0040/R000000084
M000000087/1.000000/0000/Sigma_BB-30442049
R000000088/1.000000/0000/Guesstimate
R000000086/2.222222/0231/M000000087/R000000088
R000000083/2.469136/0198/R000000086
R000000081/2.743484/0197/R000000083
R000000074/4.162645/0003/R000000075/R000000081
R000000090/2.345679/0112/R000000078/R000000080
M000000092/1.000000/0000/Sigma_BB-243767966
R000000091/2.222222/0256/M000000092/R000000080
R000000090/2.469136/0257/R000000091
R000000089/3.717421/0004/R000000090/R000000032
R000000094/1.000000/0000/Guesstimate
R000000093/3.717421/0004/R000000090/R000000094
R000000095/1.000000/0000/Guesstimate
R000000096/1.000000/0000/Guesstimate
R000000093/4.828533/0225/R000000090/R000000095/R000000096
R000000089/4.130468/0085/R000000093
R000000074/6.599605/0049/R000000089/R000000084
R000000073/4.625161/0099/R000000074
R000000097/5.349795/0003/R000000090/R000000083
R000000098/2.482853/0112/R000000077/R000000080
R000000099/3.717421/0004/R000000090/R000000030
R000000098/4.130468/0009/R000000099
R000000100/2.345679/0004/R000000032/R000000081
R000000101/2.345679/0004/R000000094/R000000081
R000000101/2.743484/0093/R000000083
R000000100/2.606310/0085/R000000101
R000000097/5.365036/0049/R000000098/R000000100
R000000073/5.944217/0099/R000000097
<NEXT>