#
#  Reaction log file
#  Author: LigBuilder V3 User_Diana
#  Creation time: Mon Feb 23 23:28:32 2026
#  Format:
#  QueryMoleculeId/Cost/SynthesizeId/ReactantId1/ReactantId2/ReactantId3.....
#  Id prefix:
#  Q --- Query Molecule
#  M --- Material
#  R --- Reactant
#
Directory      result/synthesize_HsDHODH/258/DATABASE/
#
Q000000001/Analysis Failed
Q000000002/Analysis Failed
Q000000003/Analysis Failed
Q000000004/5.791801/0000/R000000001
M000000005/1.000000/0000/Sigma_BB-27928988
R000000006/1.000000/0000/Guesstimate
R000000004/2.222222/0018/M000000005/R000000006
R000000003/2.469136/0295/R000000004
R000000003/2.469136/0295/R000000004
R000000008/1.000000/0000/Guesstimate
R000000009/1.000000/0000/Guesstimate
R000000007/2.222222/0011/R000000008/R000000009
R000000011/1.000000/0000/Guesstimate
R000000012/1.000000/0000/Guesstimate
R000000010/2.222222/0277/R000000011/R000000012
R000000013/1.000000/0000/Guesstimate
R000000010/2.222222/0301/R000000011/R000000013
R000000007/2.469136/0041/R000000010
R000000002/5.212621/0170/R000000003/R000000007
R000000015/3.854596/0170/R000000003/R000000011
R000000018/1.000000/0000/Guesstimate
R000000017/2.222222/0018/M000000005/R000000018
R000000017/2.469136/0156/R000000004
R000000016/2.469136/0295/R000000017
R000000016/2.743484/0156/R000000003
R000000019/1.000000/0000/Guesstimate
R000000015/3.854596/0170/R000000016/R000000019
R000000020/1.000000/0000/Guesstimate
R000000014/5.393995/0003/R000000015/R000000020
R000000021/4.282884/0118/R000000015
R000000022/1.000000/0000/Guesstimate
R000000021/5.393995/0112/R000000015/R000000022
R000000023/1.000000/0000/Guesstimate
R000000014/5.869872/0049/R000000021/R000000023
R000000002/7.104439/0011/R000000014/R000000009
R000000001/5.791801/0059/R000000002
R000000025/2.469136/0059/R000000010
R000000027/1.000000/0000/Guesstimate
R000000028/1.000000/0000/Guesstimate
R000000026/2.222222/0003/R000000027/R000000028
R000000029/1.000000/0000/Guesstimate
R000000026/2.222222/0112/R000000029/R000000027
R000000025/3.580247/0049/R000000026/R000000023
R000000024/5.486969/0170/R000000003/R000000025
R000000031/2.222222/0277/R000000019/R000000012
R000000031/2.222222/0301/R000000019/R000000013
R000000030/2.469136/0059/R000000031
R000000033/1.000000/0000/Guesstimate
R000000032/2.222222/0003/R000000033/R000000028
R000000034/1.000000/0000/Guesstimate
R000000032/2.222222/0112/R000000034/R000000027
R000000030/3.580247/0049/R000000032/R000000023
R000000024/5.486969/0170/R000000016/R000000030
R000000001/6.096632/0041/R000000024
<NEXT>