#
#  Reaction log file
#  Author: LigBuilder V3 User_Diana
#  Creation time: Mon Feb 23 23:17:58 2026
#  Format:
#  QueryMoleculeId/Cost/SynthesizeId/ReactantId1/ReactantId2/ReactantId3.....
#  Id prefix:
#  Q --- Query Molecule
#  M --- Material
#  R --- Reactant
#
Directory      result/synthesize_HsDHODH/112/DATABASE/
#
Q000000001/5.791801/0000/R000000001
M000000004/1.000000/0000/Sigma_BB-136985868
M000000005/1.000000/0000/Sigma_BB-189413541
R000000003/2.222222/0003/M000000004/M000000005
M000000006/1.000000/0000/Sigma_BB-30085675
M000000008/1.000000/0000/Sigma_BB-28826737
R000000007/1.111111/0114/M000000008
M000000009/1.000000/0000/Sigma_BB-117837614
R000000007/1.111111/0287/M000000009
R000000003/2.345679/0112/M000000006/R000000007
R000000002/2.469136/0099/R000000003
R000000002/2.469136/0099/R000000003
R000000013/1.000000/0000/Guesstimate
R000000014/1.000000/0000/Guesstimate
R000000012/2.222222/0274/R000000013/R000000014
R000000011/2.469136/0125/R000000012
R000000015/1.000000/0000/Guesstimate
R000000011/3.580247/0112/R000000012/R000000015
R000000010/2.743484/0285/R000000011
R000000001/5.791801/0112/R000000002/R000000010
R000000018/1.111111/0092/M000000006
M000000019/1.000000/0000/Sigma_BB-68700031
R000000020/1.000000/0000/Guesstimate
R000000018/2.222222/0004/M000000019/R000000020
M000000022/1.000000/0000/Sigma_BB-28769516
R000000021/2.222222/0004/M000000022/M000000005
R000000024/1.000000/0000/Guesstimate
R000000023/2.222222/0004/R000000024/M000000005
R000000021/2.469136/0058/R000000023
R000000017/3.703704/0212/R000000018/R000000021
R000000017/3.703704/0212/R000000018/R000000021
R000000016/7.163543/0112/R000000017/R000000010
R000000025/4.282884/0112/R000000018/R000000010
R000000016/7.227896/0212/R000000025/R000000021
R000000001/7.959492/0150/R000000016
Q000000002/4.777577/0000/R000000026
M000000032/1.000000/0000/Sigma_BB-27151350
R000000031/1.111111/0091/M000000032
R000000030/1.234568/0125/R000000031
R000000030/2.345679/0112/R000000031/R000000015
R000000029/1.371742/0040/R000000030
R000000033/1.000000/0000/Guesstimate
R000000028/2.635269/0112/R000000029/R000000033
M000000036/1.000000/0000/Sigma_BB-35362655
R000000035/1.111111/0287/M000000036
M000000037/1.000000/0000/Sigma_BB-28513998
R000000038/1.000000/0000/Guesstimate
R000000035/2.222222/0004/M000000037/R000000038
R000000034/1.234568/0153/R000000035
M000000040/1.000000/0000/Sigma_BB-28774955
R000000041/1.000000/0000/Guesstimate
R000000039/2.222222/0274/M000000040/R000000041
R000000034/2.469136/0156/R000000039
R000000027/4.299819/0003/R000000028/R000000034
R000000043/2.345679/0112/R000000031/R000000033
M000000045/1.000000/0000/Sigma_BB-243767966
R000000044/2.222222/0256/M000000045/R000000033
R000000043/2.469136/0257/R000000044
R000000046/1.000000/0000/Guesstimate
R000000042/3.717421/0004/R000000043/R000000046
R000000047/3.717421/0004/R000000043/R000000020
R000000048/1.000000/0000/Guesstimate
R000000047/4.828533/0225/R000000043/R000000048/R000000041
R000000042/4.130468/0085/R000000047
M000000053/1.000000/0000/Sigma_BB-117278814
R000000052/2.222222/0004/M000000053/R000000038
R000000051/2.469136/0153/R000000052
M000000055/1.000000/0000/Sigma_BB-129567422
R000000056/1.000000/0000/Guesstimate
R000000054/3.333333/0261/M000000055/R000000041/R000000056
R000000051/3.703704/0193/R000000054
R000000050/2.743484/0091/R000000051
R000000049/3.048316/0079/R000000050
R000000049/4.159427/0112/R000000050/R000000048
R000000027/7.517487/0049/R000000042/R000000049
R000000026/4.777577/0099/R000000027
R000000057/5.349795/0003/R000000043/R000000051
R000000058/2.482853/0112/R000000030/R000000033
R000000059/3.717421/0004/R000000043/R000000024
R000000058/4.130468/0009/R000000059
R000000061/2.743484/0093/R000000051
R000000061/4.159427/0004/R000000020/R000000034
R000000060/3.048316/0085/R000000061
R000000060/4.159427/0004/R000000046/R000000034
R000000057/6.145744/0049/R000000058/R000000060
R000000026/5.944217/0099/R000000057
Q000000003/9.331235/0000/R000000062
R000000067/1.000000/0000/Guesstimate
R000000066/2.222222/0004/R000000067/R000000020
R000000066/3.333333/0225/R000000067/R000000048/R000000041
R000000065/2.469136/0197/R000000066
R000000069/2.222222/0112/R000000067/R000000015
R000000070/2.222222/0004/R000000067/R000000024
R000000069/2.469136/0009/R000000070
R000000068/2.469136/0041/R000000069
R000000068/2.469136/0233/R000000069
R000000065/2.743484/0155/R000000068
R000000072/1.000000/0000/Guesstimate
R000000073/1.000000/0000/Guesstimate
R000000071/2.222222/0011/R000000072/R000000073
R000000075/1.000000/0000/Guesstimate
R000000076/1.000000/0000/Guesstimate
R000000074/2.222222/0277/R000000075/R000000076
R000000077/1.000000/0000/Guesstimate
R000000074/2.222222/0301/R000000077/R000000076
R000000071/2.469136/0197/R000000074
R000000064/5.212621/0122/R000000065/R000000071
R000000064/5.212621/0122/R000000065/R000000071
R000000080/1.000000/0000/Guesstimate
R000000079/1.111111/0291/R000000080
R000000079/1.111111/0291/R000000080
R000000081/1.000000/0000/Guesstimate
R000000078/2.345679/0301/R000000079/R000000081
R000000078/2.345679/0301/R000000079/R000000081
R000000063/8.398111/0301/R000000064/R000000078
R000000063/8.398111/0301/R000000064/R000000078
R000000062/9.331235/0188/R000000063
R000000085/1.000000/0000/Guesstimate
R000000084/1.111111/0291/R000000085
R000000084/1.111111/0291/R000000085
R000000083/2.345679/0301/R000000084/R000000081
R000000083/2.345679/0301/R000000084/R000000081
R000000082/8.398111/0301/R000000064/R000000083
R000000082/8.398111/0301/R000000064/R000000083
R000000062/9.331235/0188/R000000082
<NEXT>