#
#  Reaction log file
#  Author: LigBuilder V3 User_Diana
#  Creation time: Mon Feb 23 23:26:50 2026
#  Format:
#  QueryMoleculeId/Cost/SynthesizeId/ReactantId1/ReactantId2/ReactantId3.....
#  Id prefix:
#  Q --- Query Molecule
#  M --- Material
#  R --- Reactant
#
Directory      result/synthesize_HsDHODH/226/DATABASE/
#
Q000000001/Analysis Failed
Q000000002/6.096632/0000/R000000001
M000000005/1.000000/0000/Sigma_BB-27680560
M000000006/1.000000/0000/Sigma_BB-129567422
R000000004/2.222222/0003/M000000005/M000000006
R000000003/2.469136/0099/R000000004
M000000008/1.000000/0000/Sigma_BB-128362463
M000000009/1.000000/0000/Sigma_BB-114105091
R000000007/2.222222/0003/M000000008/M000000009
R000000003/2.469136/0099/R000000007
R000000012/1.000000/0000/Guesstimate
R000000013/1.000000/0000/Guesstimate
R000000011/2.222222/0112/R000000012/R000000013
R000000010/2.469136/0197/R000000011
R000000010/2.469136/0197/R000000011
R000000002/5.486969/0112/R000000003/R000000010
R000000001/6.096632/0041/R000000002
M000000017/1.000000/0000/Sigma_BB-244321917
R000000016/2.222222/0003/M000000008/M000000017
R000000015/2.469136/0099/R000000016
R000000015/2.743484/0041/R000000003
R000000020/1.000000/0000/Guesstimate
R000000019/2.222222/0112/R000000012/R000000020
R000000018/2.469136/0197/R000000019
R000000014/5.486969/0112/R000000015/R000000018
R000000021/1.000000/0000/Guesstimate
R000000001/7.207744/0050/R000000014/R000000021
Q000000003/Analysis Failed
<NEXT>