#
#  Reaction log file
#  Author: LigBuilder V3 User_Diana
#  Creation time: Mon Feb 23 23:33:13 2026
#  Format:
#  QueryMoleculeId/Cost/SynthesizeId/ReactantId1/ReactantId2/ReactantId3.....
#  Id prefix:
#  Q --- Query Molecule
#  M --- Material
#  R --- Reactant
#
Directory      result/synthesize_HsDHODH/295/DATABASE/
#
Q000000001/2.345679/0000/R000000001
M000000003/1.000000/0000/Sigma_BB-248786018
R000000002/1.111111/0287/M000000003
M000000005/1.000000/0000/Sigma_BB-29607840
R000000004/1.111111/0287/M000000005
M000000006/1.000000/0000/Sigma_BB-119769645
R000000007/1.000000/0000/Guesstimate
R000000004/2.222222/0018/M000000006/R000000007
R000000002/1.234568/0155/R000000004
R000000008/1.000000/0000/Guesstimate
R000000001/2.345679/0170/R000000002/R000000008
R000000010/1.000000/0000/Guesstimate
R000000009/2.345679/0170/R000000002/R000000010
R000000011/1.234568/0156/R000000002
R000000012/1.234568/0217/R000000002
R000000012/1.234568/0257/R000000004
R000000011/1.371742/0059/R000000012
R000000013/1.000000/0000/Guesstimate
R000000009/2.482853/0170/R000000011/R000000013
R000000001/2.606310/0147/R000000009
Q000000002/3.978053/0000/R000000014
M000000017/1.000000/0000/Sigma_BB-326692327
R000000018/1.000000/0000/Guesstimate
R000000016/2.222222/0119/M000000017/R000000018
R000000020/1.000000/0000/Guesstimate
R000000019/2.222222/0119/M000000017/R000000020
M000000021/1.000000/0000/Sigma_BB-32938610
R000000022/1.000000/0000/Guesstimate
R000000019/2.222222/0224/M000000021/R000000022
R000000016/2.469136/0041/R000000019
R000000023/1.000000/0000/Guesstimate
R000000015/3.580247/0112/R000000016/R000000023
M000000025/1.000000/0000/Sigma_BB-114105091
R000000026/1.000000/0000/Guesstimate
R000000024/2.222222/0004/M000000025/R000000026
R000000028/1.000000/0000/Guesstimate
R000000027/2.222222/0004/M000000017/R000000028
M000000029/1.000000/0000/Sigma_BB-28394889
R000000027/2.222222/0004/M000000029/R000000026
R000000024/2.469136/0009/R000000027
R000000015/3.580247/0119/R000000024/R000000018
R000000014/3.978053/0041/R000000015
M000000033/1.000000/0000/Sigma_BB-244321917
R000000032/2.222222/0004/M000000033/R000000026
R000000032/2.469136/0041/R000000024
R000000034/1.000000/0000/Guesstimate
R000000031/3.580247/0119/R000000032/R000000034
R000000035/3.580247/0119/R000000024/R000000034
R000000035/3.580247/0280/R000000024/R000000034
R000000031/3.978053/0041/R000000035
R000000036/1.000000/0000/Guesstimate
R000000030/5.089163/0003/R000000031/R000000036
R000000039/1.000000/0000/Guesstimate
R000000038/3.580247/0119/R000000032/R000000039
R000000040/1.000000/0000/Guesstimate
R000000038/5.089163/0122/R000000031/R000000040
R000000037/3.978053/0082/R000000038
R000000041/3.978053/0118/R000000035
R000000041/5.089163/0112/R000000035/R000000023
R000000037/4.420059/0041/R000000041
R000000042/1.000000/0000/Guesstimate
R000000030/5.531170/0049/R000000037/R000000042
R000000014/5.654626/0041/R000000030
Q000000003/4.282884/0000/R000000043
M000000045/1.000000/0000/Sigma_BB-28758545
M000000048/1.000000/0000/Sigma_BB-28764950
R000000047/1.111111/0087/M000000048
M000000050/1.000000/0000/Sigma_BB-28514654
R000000049/1.111111/0024/M000000050
R000000051/1.000000/0000/Guesstimate
R000000049/2.222222/0004/R000000051/R000000028
R000000046/2.469136/0212/R000000047/R000000049
R000000046/2.469136/0212/R000000047/R000000049
R000000044/3.854596/0175/M000000045/R000000046
R000000053/2.743484/0079/R000000046
R000000054/1.000000/0000/Guesstimate
R000000053/3.854596/0112/R000000046/R000000054
R000000052/3.048316/0040/R000000053
R000000056/1.000000/0000/Guesstimate
R000000055/3.854596/0276/R000000046/R000000056
R000000055/3.854596/0278/R000000046/R000000056
R000000052/4.282884/0024/R000000055
R000000044/4.498129/0212/M000000017/R000000052
R000000043/4.282884/0028/R000000044
R000000059/1.111111/0085/M000000048
R000000058/2.469136/0212/R000000059/R000000049
R000000060/2.345679/0112/R000000047/R000000051
R000000058/2.606310/0059/R000000060
R000000057/3.854596/0212/M000000017/R000000058
R000000057/3.854596/0212/M000000017/R000000058
R000000043/4.282884/0028/R000000057
<NEXT>