#
#  Reaction log file
#  Author: LigBuilder V3 User_Diana
#  Creation time: Mon Feb 23 23:17:46 2026
#  Format:
#  QueryMoleculeId/Cost/SynthesizeId/ReactantId1/ReactantId2/ReactantId3.....
#  Id prefix:
#  Q --- Query Molecule
#  M --- Material
#  R --- Reactant
#
Directory      result/synthesize_HsDHODH/102/DATABASE/
#
Q000000001/Analysis Failed
Q000000002/6.503263/0000/R000000001
M000000007/1.000000/0000/Sigma_BB-27151350
R000000006/1.111111/0091/M000000007
R000000005/1.234568/0125/R000000006
R000000008/1.000000/0000/Guesstimate
R000000005/2.345679/0112/R000000006/R000000008
R000000004/1.371742/0040/R000000005
R000000011/1.000000/0000/Guesstimate
R000000012/1.000000/0000/Guesstimate
R000000010/2.222222/0276/R000000011/R000000012
R000000010/2.222222/0278/R000000011/R000000012
R000000009/2.469136/0275/R000000010
R000000013/2.222222/0275/R000000011/R000000012
R000000009/2.469136/0276/R000000013
R000000003/4.267642/0112/R000000004/R000000009
M000000014/1.000000/0000/Sigma_BB-128362463
R000000017/1.000000/0000/Guesstimate
R000000016/3.854596/0112/R000000017/R000000009
R000000015/4.282884/0197/R000000016
R000000003/5.869872/0112/M000000014/R000000015
M000000018/1.000000/0000/Sigma_BB-28510544
R000000002/5.852936/0003/R000000003/M000000018
R000000021/1.000000/0000/Guesstimate
R000000020/2.345679/0004/R000000006/R000000021
R000000019/5.349795/0112/R000000020/R000000009
M000000023/1.000000/0000/Sigma_BB-27680560
R000000022/2.222222/0004/M000000023/R000000021
R000000019/7.227896/0112/R000000022/R000000015
R000000026/1.000000/0000/Guesstimate
R000000025/2.222222/0004/R000000026/M000000018
R000000024/2.469136/0009/R000000025
R000000024/9.666667/0082/R000000027
R000000002/8.687701/0049/R000000019/R000000024
R000000001/6.503263/0099/R000000002
R000000030/2.222222/0004/R000000021/M000000018
R000000029/3.840878/0049/R000000005/R000000030
R000000028/7.011127/0112/R000000029/R000000009
M000000032/1.000000/0000/Sigma_BB-151857806
R000000031/3.580247/0049/M000000032/R000000030
R000000028/8.736813/0112/R000000031/R000000015
R000000001/7.790142/0099/R000000028
Q000000003/6.145744/0000/R000000033
R000000035/3.978053/0112/R000000006/R000000009
R000000035/5.869872/0112/M000000023/R000000015
M000000036/1.000000/0000/Sigma_BB-30386853
R000000034/5.531170/0003/R000000035/M000000036
R000000038/5.531170/0004/R000000035/R000000026
R000000037/6.145744/0009/R000000038
M000000040/1.000000/0000/Sigma_BB-137266802
R000000039/5.869872/0112/M000000040/R000000015
R000000037/6.522080/0079/R000000039
M000000042/1.000000/0000/Sigma_BB-299859477
R000000041/1.111111/0085/M000000042
M000000043/1.000000/0000/Sigma_BB-28426400
R000000041/2.222222/0004/R000000021/M000000043
R000000034/8.063173/0049/R000000037/R000000041
R000000033/6.145744/0099/R000000034
R000000044/5.852936/0003/R000000003/M000000043
M000000045/1.000000/0000/Sigma_BB-37467573
R000000044/7.055328/0049/R000000019/M000000045
R000000033/6.503263/0099/R000000044
<NEXT>