#
#  Reaction log file
#  Author: LigBuilder V3 User_Diana
#  Creation time: Mon Feb 23 23:33:36 2026
#  Format:
#  QueryMoleculeId/Cost/SynthesizeId/ReactantId1/ReactantId2/ReactantId3.....
#  Id prefix:
#  Q --- Query Molecule
#  M --- Material
#  R --- Reactant
#
Directory      result/synthesize_HsDHODH/298/DATABASE/
#
Q000000001/7.315958/0000/R000000001
R000000005/1.000000/0000/Guesstimate
R000000004/1.111111/0297/R000000005
R000000004/1.111111/0297/R000000005
R000000006/1.000000/0000/Guesstimate
R000000003/2.345679/0004/R000000004/R000000006
R000000008/1.000000/0000/Guesstimate
R000000007/2.345679/0004/R000000004/R000000008
R000000009/1.000000/0000/Guesstimate
R000000010/1.000000/0000/Guesstimate
R000000007/3.456790/0225/R000000004/R000000009/R000000010
R000000003/2.606310/0085/R000000007
R000000013/1.000000/0000/Guesstimate
R000000014/1.000000/0000/Guesstimate
R000000012/2.222222/0170/R000000013/R000000014
R000000015/1.000000/0000/Guesstimate
R000000016/1.000000/0000/Guesstimate
R000000012/2.222222/0170/R000000015/R000000016
R000000011/3.580247/0004/R000000006/R000000012
R000000018/1.000000/0000/Guesstimate
R000000017/3.580247/0277/R000000018/R000000012
R000000019/1.000000/0000/Guesstimate
R000000017/3.580247/0301/R000000019/R000000012
R000000011/3.978053/0024/R000000017
R000000002/6.584363/0212/R000000003/R000000011
M000000021/1.000000/0000/Sigma_BB-28775379
R000000020/3.717421/0212/R000000003/M000000021
R000000020/3.717421/0212/R000000003/M000000021
R000000023/2.222222/0170/R000000018/R000000014
R000000024/1.000000/0000/Guesstimate
R000000023/2.222222/0170/R000000024/R000000016
R000000022/2.469136/0024/R000000023
R000000026/1.000000/0000/Guesstimate
R000000025/2.222222/0170/R000000026/R000000014
R000000027/1.000000/0000/Guesstimate
R000000025/2.222222/0170/R000000027/R000000016
R000000022/2.469136/0040/R000000025
R000000002/6.873953/0212/R000000020/R000000022
R000000001/7.315958/0296/R000000002
R000000001/7.315958/0296/R000000002
Q000000002/7.315958/0000/R000000001
Q000000003/4.282884/0000/R000000028
M000000032/1.000000/0000/Sigma_BB-30442500
M000000033/1.000000/0000/Sigma_BB-28792337
R000000031/2.222222/0275/M000000032/M000000033
R000000034/1.000000/0000/Guesstimate
R000000031/3.333333/0225/M000000032/R000000034/R000000009
R000000030/2.469136/0174/R000000031
R000000035/2.222222/0174/M000000032/M000000033
R000000035/2.222222/0289/M000000032/M000000033
R000000030/2.469136/0275/R000000035
R000000036/1.000000/0000/Guesstimate
R000000029/3.854596/0231/R000000030/R000000036
R000000028/4.282884/0099/R000000029
M000000040/1.000000/0000/Sigma_BB-70314514
R000000041/1.000000/0000/Guesstimate
R000000039/2.222222/0263/M000000040/R000000041
R000000042/1.000000/0000/Guesstimate
R000000038/3.580247/0003/R000000039/R000000042
M000000044/1.000000/0000/Sigma_BB-28778779
R000000043/2.222222/0263/M000000044/R000000041
R000000038/3.580247/0049/R000000043/R000000006
R000000045/1.000000/0000/Guesstimate
R000000037/5.089163/0012/R000000038/R000000045
R000000047/2.222222/0263/M000000032/R000000041
R000000048/1.000000/0000/Guesstimate
R000000046/3.580247/0231/R000000047/R000000048
R000000049/2.222222/0231/M000000032/R000000048
R000000046/3.580247/0263/R000000049/R000000041
R000000050/1.000000/0000/Guesstimate
R000000037/5.089163/0112/R000000046/R000000050
R000000028/5.654626/0041/R000000037
<NEXT>