#
#  Reaction log file
#  Author: LigBuilder V3 User_Diana
#  Creation time: Mon Feb 23 23:17:59 2026
#  Format:
#  QueryMoleculeId/Cost/SynthesizeId/ReactantId1/ReactantId2/ReactantId3.....
#  Id prefix:
#  Q --- Query Molecule
#  M --- Material
#  R --- Reactant
#
Directory      result/synthesize_HsDHODH/114/DATABASE/
#
Q000000001/9.331235/0000/R000000001
R000000006/1.000000/0000/Guesstimate
R000000007/1.000000/0000/Guesstimate
R000000005/2.222222/0004/R000000006/R000000007
R000000008/1.000000/0000/Guesstimate
R000000009/1.000000/0000/Guesstimate
R000000005/3.333333/0225/R000000006/R000000008/R000000009
R000000004/2.469136/0197/R000000005
R000000012/1.000000/0000/Guesstimate
R000000011/2.222222/0112/R000000006/R000000012
R000000014/1.000000/0000/Guesstimate
R000000013/2.222222/0004/R000000006/R000000014
R000000011/2.469136/0009/R000000013
R000000010/2.469136/0041/R000000011
R000000010/2.469136/0233/R000000011
R000000004/2.743484/0155/R000000010
R000000016/1.000000/0000/Guesstimate
R000000017/1.000000/0000/Guesstimate
R000000015/2.222222/0011/R000000016/R000000017
R000000019/1.000000/0000/Guesstimate
R000000020/1.000000/0000/Guesstimate
R000000018/2.222222/0277/R000000019/R000000020
R000000021/1.000000/0000/Guesstimate
R000000018/2.222222/0301/R000000021/R000000020
R000000015/2.469136/0197/R000000018
R000000003/5.212621/0122/R000000004/R000000015
R000000003/5.212621/0122/R000000004/R000000015
R000000024/1.000000/0000/Guesstimate
R000000023/1.111111/0291/R000000024
R000000023/1.111111/0291/R000000024
R000000025/1.000000/0000/Guesstimate
R000000022/2.345679/0301/R000000023/R000000025
R000000022/2.345679/0301/R000000023/R000000025
R000000002/8.398111/0301/R000000003/R000000022
R000000002/8.398111/0301/R000000003/R000000022
R000000001/9.331235/0188/R000000002
R000000029/1.000000/0000/Guesstimate
R000000028/1.111111/0291/R000000029
R000000028/1.111111/0291/R000000029
R000000027/2.345679/0301/R000000028/R000000025
R000000027/2.345679/0301/R000000028/R000000025
R000000026/8.398111/0301/R000000003/R000000027
R000000026/8.398111/0301/R000000003/R000000027
R000000001/9.331235/0188/R000000026
Q000000002/7.842829/0000/R000000030
R000000033/1.000000/0000/Guesstimate
R000000032/2.222222/0003/R000000006/R000000033
R000000034/2.469136/0054/R000000011
R000000034/3.854596/0004/R000000004/R000000014
R000000032/2.743484/0009/R000000034
R000000036/3.717421/0301/R000000016/R000000022
R000000036/3.717421/0301/R000000016/R000000022
R000000035/4.130468/0188/R000000036
R000000037/3.717421/0301/R000000016/R000000027
R000000037/3.717421/0301/R000000016/R000000027
R000000035/4.130468/0188/R000000037
R000000031/7.058546/0012/R000000032/R000000035
R000000040/1.000000/0000/Guesstimate
R000000039/5.241580/0285/R000000040/R000000036
R000000038/5.823977/0188/R000000039
R000000041/5.241580/0285/R000000040/R000000037
R000000038/5.823977/0188/R000000041
R000000031/9.214571/0095/R000000004/R000000038
R000000030/7.842829/0059/R000000031
R000000044/4.589409/0040/R000000035
R000000043/6.210455/0004/R000000044/R000000025
R000000046/1.000000/0000/Guesstimate
R000000045/5.700521/0226/R000000035/R000000046
R000000045/5.700521/0277/R000000035/R000000025
R000000043/6.333912/0040/R000000045
R000000042/8.011617/0003/R000000006/R000000043
R000000048/1.000000/0000/Guesstimate
R000000047/3.580247/0001/R000000005/R000000048
M000000050/1.000000/0000/Sigma_BB-28247348
R000000049/2.222222/0003/R000000006/M000000050
R000000049/3.580247/0001/R000000005/R000000007
R000000047/3.580247/0002/R000000049/R000000025
R000000052/3.717421/0301/R000000020/R000000022
R000000052/3.717421/0301/R000000020/R000000022
R000000051/4.130468/0188/R000000052
R000000051/5.099344/0100/R000000044
R000000042/8.567462/0212/R000000047/R000000051
R000000030/8.901796/0099/R000000042
Q000000003/7.842829/0000/R000000030
<NEXT>