#
#  Reaction log file
#  Author: LigBuilder V3 User_Diana
#  Creation time: Mon Feb 23 23:17:44 2026
#  Format:
#  QueryMoleculeId/Cost/SynthesizeId/ReactantId1/ReactantId2/ReactantId3.....
#  Id prefix:
#  Q --- Query Molecule
#  M --- Material
#  R --- Reactant
#
Directory      result/synthesize_HsDHODH/100/DATABASE/
#
Q000000001/6.096632/0000/R000000001
M000000005/1.000000/0000/Sigma_BB-27151350
R000000004/1.111111/0091/M000000005
M000000007/1.000000/0000/Sigma_BB-34438168
R000000006/1.111111/0287/M000000007
M000000008/1.000000/0000/Sigma_BB-156331499
R000000009/1.000000/0000/Guesstimate
R000000006/2.222222/0175/M000000008/R000000009
R000000003/2.469136/0003/R000000004/R000000006
R000000010/1.234568/0125/R000000004
R000000011/1.000000/0000/Guesstimate
R000000010/2.345679/0112/R000000004/R000000011
R000000013/1.000000/0000/Guesstimate
M000000014/1.000000/0000/Sigma_BB-31274140
R000000012/2.222222/0004/R000000013/M000000014
M000000015/1.000000/0000/Sigma_BB-30479921
R000000012/2.222222/0175/M000000015/R000000009
R000000003/3.840878/0049/R000000010/R000000012
R000000018/1.000000/0000/Guesstimate
R000000019/1.000000/0000/Guesstimate
R000000017/2.222222/0276/R000000018/R000000019
R000000017/2.222222/0278/R000000018/R000000019
R000000016/2.469136/0275/R000000017
R000000020/2.222222/0275/R000000018/R000000019
R000000016/2.469136/0276/R000000020
R000000002/5.486969/0112/R000000003/R000000016
M000000022/1.000000/0000/Sigma_BB-27680560
R000000021/2.345679/0003/M000000022/R000000006
M000000023/1.000000/0000/Sigma_BB-151857806
R000000021/3.580247/0049/M000000023/R000000012
R000000026/1.000000/0000/Guesstimate
R000000025/3.854596/0112/R000000026/R000000016
R000000024/4.282884/0197/R000000025
R000000002/7.365070/0112/R000000021/R000000024
R000000001/6.096632/0099/R000000002
R000000029/1.371742/0040/R000000010
R000000028/4.267642/0112/R000000029/R000000016
M000000030/1.000000/0000/Sigma_BB-128362463
R000000028/5.869872/0112/M000000030/R000000024
R000000027/5.852936/0003/R000000028/M000000014
R000000032/2.345679/0004/R000000004/R000000013
R000000031/5.349795/0112/R000000032/R000000016
R000000033/2.222222/0004/M000000022/R000000013
R000000031/7.227896/0112/R000000033/R000000024
R000000036/1.000000/0000/Guesstimate
R000000035/2.222222/0004/R000000036/M000000014
M000000037/1.000000/0000/Sigma_BB-27712229
R000000035/2.222222/0175/M000000037/R000000009
R000000034/2.469136/0009/R000000035
M000000039/1.000000/0000/Sigma_BB-243331317
R000000040/1.000000/0000/Guesstimate
R000000038/2.222222/0003/M000000039/R000000040
M000000042/1.000000/0000/Sigma_BB-28786839
R000000041/2.222222/0003/M000000042/R000000040
M000000043/1.000000/0000/Sigma_BB-28416065
R000000044/1.000000/0000/Guesstimate
R000000041/2.222222/0175/M000000043/R000000044
R000000038/2.469136/0082/R000000041
R000000034/2.469136/0059/R000000038
R000000027/8.687701/0049/R000000031/R000000034
R000000001/6.503263/0099/R000000027
Q000000002/6.265983/0000/R000000045
M000000049/1.000000/0000/Sigma_BB-70411179
R000000048/2.345679/0003/R000000004/M000000049
R000000047/2.606310/0099/R000000048
M000000051/1.000000/0000/Sigma_BB-114105091
R000000050/2.635269/0003/R000000029/M000000051
R000000047/2.928077/0099/R000000050
R000000046/5.639385/0112/R000000047/R000000016
R000000053/2.222222/0003/M000000022/M000000049
R000000052/2.469136/0099/R000000053
R000000054/2.222222/0003/M000000030/M000000051
M000000055/1.000000/0000/Sigma_BB-137266802
M000000056/1.000000/0000/Sigma_BB-316199381
R000000054/2.222222/0112/M000000055/M000000056
R000000052/2.469136/0099/R000000054
R000000046/7.502244/0112/R000000052/R000000024
R000000045/6.265983/0041/R000000046
R000000058/3.978053/0112/R000000004/R000000016
R000000058/5.869872/0112/M000000022/R000000024
M000000061/1.000000/0000/Sigma_BB-28766604
R000000060/1.111111/0287/M000000061
R000000059/1.234568/0024/R000000060
M000000063/1.000000/0000/Sigma_BB-244321917
R000000062/1.111111/0125/M000000063
R000000062/2.222222/0112/R000000011/M000000063
R000000059/1.234568/0040/R000000062
R000000057/5.791801/0003/R000000058/R000000059
R000000065/5.531170/0004/R000000058/R000000036
R000000064/6.145744/0009/R000000065
R000000066/5.869872/0112/M000000055/R000000024
R000000064/6.522080/0079/R000000066
R000000067/2.222222/0004/R000000013/M000000063
R000000068/2.222222/0004/R000000013/M000000051
R000000068/2.222222/0174/M000000015/R000000011
R000000067/2.469136/0041/R000000068
R000000057/9.297741/0049/R000000064/R000000067
R000000045/6.435335/0099/R000000057
Q000000003/6.145744/0000/R000000069
M000000071/1.000000/0000/Sigma_BB-30386853
R000000070/5.531170/0003/R000000058/M000000071
M000000073/1.000000/0000/Sigma_BB-299859477
R000000072/1.111111/0085/M000000073
M000000074/1.000000/0000/Sigma_BB-28426400
R000000072/2.222222/0004/R000000013/M000000074
R000000070/8.063173/0049/R000000064/R000000072
R000000069/6.145744/0099/R000000070
R000000075/5.852936/0003/R000000028/M000000074
M000000076/1.000000/0000/Sigma_BB-37467573
R000000075/7.055328/0049/R000000031/M000000076
R000000069/6.503263/0099/R000000075
Q000000004/6.435335/0000/R000000077
M000000081/1.000000/0000/Sigma_BB-28510544
R000000080/1.111111/0125/M000000081
R000000080/2.222222/0112/R000000011/M000000081
R000000079/1.234568/0040/R000000080
M000000083/1.000000/0000/Sigma_BB-28464785
R000000082/1.111111/0287/M000000083
M000000084/1.000000/0000/Sigma_BB-30442049
R000000085/1.000000/0000/Guesstimate
R000000082/2.222222/0231/M000000084/R000000085
R000000079/1.234568/0198/R000000082
R000000078/5.791801/0003/R000000058/R000000079
R000000087/1.371742/0093/R000000079
R000000088/1.000000/0000/Guesstimate
R000000087/2.222222/0004/R000000088/M000000081
R000000086/1.524158/0085/R000000087
R000000086/2.222222/0004/R000000013/M000000081
R000000078/8.522114/0049/R000000064/R000000086
R000000077/6.435335/0099/R000000078
R000000089/5.852936/0003/R000000028/M000000081
R000000089/7.178785/0049/R000000031/R000000080
R000000077/6.503263/0099/R000000089
<NEXT>