#
#  Reaction log file
#  Author: LigBuilder V3 User_Diana
#  Creation time: Mon Feb 23 23:28:49 2026
#  Format:
#  QueryMoleculeId/Cost/SynthesizeId/ReactantId1/ReactantId2/ReactantId3.....
#  Id prefix:
#  Q --- Query Molecule
#  M --- Material
#  R --- Reactant
#
Directory      result/synthesize_HsDHODH/257/DATABASE/
#
Q000000001/5.639385/0000/R000000001
M000000004/1.000000/0000/Sigma_BB-37420678
R000000005/1.000000/0000/Guesstimate
R000000003/2.222222/0004/M000000004/R000000005
M000000007/1.000000/0000/Sigma_BB-117237750
R000000006/2.222222/0277/M000000007/R000000005
R000000003/2.469136/0024/R000000006
M000000010/1.000000/0000/Sigma_BB-28764950
R000000009/1.111111/0085/M000000010
R000000011/1.000000/0000/Guesstimate
R000000008/2.345679/0212/R000000009/R000000011
R000000013/1.000000/0000/Guesstimate
R000000012/2.222222/0004/M000000010/R000000013
R000000012/2.222222/0277/M000000010/R000000013
R000000008/2.469136/0197/R000000012
R000000002/5.075447/0212/R000000003/R000000008
R000000002/5.075447/0212/R000000003/R000000008
R000000001/5.639385/0028/R000000002
M000000015/1.000000/0000/Sigma_BB-28775340
M000000017/1.000000/0000/Sigma_BB-28760653
R000000018/2.345679/0212/R000000009/R000000011
R000000018/2.345679/0212/R000000009/R000000011
R000000016/3.717421/0212/M000000017/R000000018
R000000019/1.000000/0000/Guesstimate
M000000021/1.000000/0000/Sigma_BB-28778979
R000000020/3.717421/0212/M000000021/R000000018
R000000020/3.717421/0212/M000000021/R000000018
R000000016/5.241580/0212/R000000019/R000000020
R000000014/5.241580/0170/M000000015/R000000016
M000000022/1.000000/0000/Sigma_BB-27358118
M000000025/1.000000/0000/Sigma_BB-31286382
R000000024/1.111111/0085/M000000025
R000000026/1.000000/0000/Guesstimate
R000000024/2.222222/0004/R000000005/R000000026
R000000023/3.840878/0212/R000000024/R000000018
R000000023/3.840878/0212/R000000024/R000000018
R000000014/5.378754/0170/M000000022/R000000023
R000000001/5.823977/0028/R000000014
Q000000002/Analysis Failed
Q000000003/Analysis Failed
<NEXT>