#
#  Reaction log file
#  Author: LigBuilder V3 User_Diana
#  Creation time: Mon Feb 23 23:13:26 2026
#  Format:
#  QueryMoleculeId/Cost/SynthesizeId/ReactantId1/ReactantId2/ReactantId3.....
#  Id prefix:
#  Q --- Query Molecule
#  M --- Material
#  R --- Reactant
#
Directory      result/synthesize_HsDHODH/53/DATABASE/
#
Q000000001/4.282884/0000/R000000001
M000000005/1.000000/0000/Sigma_BB-28427762
R000000006/1.000000/0000/Guesstimate
R000000004/2.222222/0224/M000000005/R000000006
R000000003/2.469136/0285/R000000004
R000000007/1.000000/0000/Guesstimate
R000000002/3.854596/0004/R000000003/R000000007
R000000001/4.282884/0153/R000000002
M000000008/1.000000/0000/Sigma_BB-28513998
R000000012/1.000000/0000/Guesstimate
R000000013/1.000000/0000/Guesstimate
R000000011/2.222222/0224/R000000012/R000000013
R000000014/1.000000/0000/Guesstimate
R000000010/3.580247/0119/R000000011/R000000014
R000000015/2.222222/0119/R000000013/R000000014
R000000016/1.000000/0000/Guesstimate
R000000015/2.222222/0276/R000000013/R000000016
R000000010/3.580247/0224/R000000012/R000000015
R000000009/3.978053/0285/R000000010
R000000001/5.531170/0112/M000000008/R000000009
Q000000002/4.282884/0000/R000000001
Q000000003/4.282884/0000/R000000001
<NEXT>