#
#  Reaction log file
#  Author: LigBuilder V3 User_Diana
#  Creation time: Mon Feb 23 23:29:54 2026
#  Format:
#  QueryMoleculeId/Cost/SynthesizeId/ReactantId1/ReactantId2/ReactantId3.....
#  Id prefix:
#  Q --- Query Molecule
#  M --- Material
#  R --- Reactant
#
Directory      result/synthesize_HsDHODH/266/DATABASE/
#
Q000000001/8.840117/0000/R000000001
R000000004/1.000000/0000/Guesstimate
R000000005/1.000000/0000/Guesstimate
R000000003/2.222222/0279/R000000004/R000000005
R000000003/2.222222/0279/R000000004/R000000005
R000000008/1.000000/0000/Guesstimate
R000000009/1.000000/0000/Guesstimate
R000000007/2.222222/0004/R000000008/R000000009
R000000010/1.000000/0000/Guesstimate
R000000011/1.000000/0000/Guesstimate
R000000007/3.333333/0225/R000000008/R000000010/R000000011
R000000013/1.000000/0000/Guesstimate
R000000014/1.000000/0000/Guesstimate
R000000012/2.222222/0224/R000000013/R000000014
R000000016/1.000000/0000/Guesstimate
R000000015/2.222222/0224/R000000016/R000000014
R000000012/2.469136/0024/R000000015
R000000006/4.938272/0212/R000000007/R000000012
R000000006/4.938272/0212/R000000007/R000000012
R000000002/7.956105/0158/R000000003/R000000006
R000000002/7.956105/0158/R000000003/R000000006
R000000001/8.840117/0188/R000000002
R000000020/1.000000/0000/Guesstimate
R000000021/1.000000/0000/Guesstimate
R000000019/2.222222/0285/R000000020/R000000021
R000000018/2.469136/0041/R000000019
R000000018/2.469136/0058/R000000003
R000000017/8.230453/0158/R000000018/R000000006
R000000017/8.230453/0158/R000000018/R000000006
R000000001/9.144949/0150/R000000017
Q000000002/Analysis Failed
Q000000003/4.420058/0000/R000000022
M000000026/1.000000/0000/Sigma_BB-28769332
R000000025/1.111111/0255/M000000026
M000000027/1.000000/0000/Sigma_BB-30438916
R000000028/1.000000/0000/Guesstimate
R000000025/2.222222/0274/M000000027/R000000028
R000000024/1.234568/0147/R000000025
R000000030/1.000000/0000/Guesstimate
R000000029/2.222222/0212/M000000026/R000000030
M000000031/1.000000/0000/Sigma_BB-118618367
R000000032/1.000000/0000/Guesstimate
R000000029/2.222222/0212/M000000031/R000000032
R000000024/2.469136/0155/R000000029
M000000035/1.000000/0000/Sigma_BB-78897586
R000000034/1.111111/0147/M000000035
R000000036/1.000000/0000/Guesstimate
R000000033/2.345679/0119/R000000034/R000000036
R000000037/2.222222/0119/M000000035/R000000036
R000000037/2.222222/0280/M000000035/R000000036
R000000033/2.469136/0147/R000000037
R000000023/3.978052/0277/R000000024/R000000033
M000000038/1.000000/0000/Sigma_BB-189043978
R000000041/1.000000/0000/Guesstimate
R000000040/2.345679/0277/R000000041/R000000034
R000000039/3.717421/0119/R000000040/R000000036
R000000042/3.580247/0277/R000000041/R000000037
R000000039/3.978053/0147/R000000042
R000000023/5.241580/0301/M000000038/R000000039
R000000022/4.420058/0099/R000000023
R000000044/2.606310/0099/R000000040
R000000045/4.130468/0099/R000000039
R000000044/4.589409/0024/R000000045
R000000043/4.007011/0301/M000000038/R000000044
R000000048/1.000000/0000/Guesstimate
R000000047/2.222222/0274/M000000027/R000000048
R000000046/2.469136/0155/R000000047
M000000050/1.000000/0000/Sigma_BB-151014002
R000000049/2.222222/0274/M000000050/R000000041
R000000046/2.469136/0197/R000000049
R000000053/1.000000/0000/Guesstimate
R000000052/2.345679/0277/R000000053/R000000034
R000000052/3.717421/0301/R000000041/R000000040
R000000051/2.606310/0099/R000000052
R000000054/5.700521/0301/R000000041/R000000045
R000000054/5.700521/0301/R000000041/R000000045
R000000051/6.333912/0024/R000000054
R000000043/5.639385/0301/R000000046/R000000051
R000000022/5.563346/0119/R000000043/R000000036
<NEXT>