#
#  Reaction log file
#  Author: LigBuilder V3 User_Diana
#  Creation time: Mon Feb 23 23:25:36 2026
#  Format:
#  QueryMoleculeId/Cost/SynthesizeId/ReactantId1/ReactantId2/ReactantId3.....
#  Id prefix:
#  Q --- Query Molecule
#  M --- Material
#  R --- Reactant
#
Directory      result/synthesize_HsDHODH/215/DATABASE/
#
Q000000001/7.207744/0000/R000000001
M000000005/1.000000/0000/Sigma_BB-27680560
M000000006/1.000000/0000/Sigma_BB-156331499
R000000004/2.222222/0003/M000000005/M000000006
M000000007/1.000000/0000/Sigma_BB-151857806
M000000008/1.000000/0000/Sigma_BB-30479921
R000000004/2.222222/0049/M000000007/M000000008
R000000003/2.469136/0099/R000000004
M000000010/1.000000/0000/Sigma_BB-128362463
M000000011/1.000000/0000/Sigma_BB-187814549
R000000009/2.222222/0003/M000000010/M000000011
M000000012/1.000000/0000/Sigma_BB-137266802
M000000013/1.000000/0000/Sigma_BB-28775340
R000000009/2.222222/0112/M000000012/M000000013
R000000003/2.469136/0099/R000000009
R000000016/1.000000/0000/Guesstimate
R000000017/1.000000/0000/Guesstimate
R000000015/2.222222/0224/R000000016/R000000017
R000000014/2.469136/0285/R000000015
R000000002/5.486969/0112/R000000003/R000000014
R000000018/1.000000/0000/Guesstimate
R000000001/7.207744/0256/R000000002/R000000018
R000000022/1.000000/0000/Guesstimate
R000000021/2.222222/0224/R000000016/R000000022
R000000023/1.000000/0000/Guesstimate
R000000020/3.580247/0285/R000000021/R000000023
R000000019/6.721537/0112/R000000003/R000000020
R000000001/7.468375/0279/R000000019
Q000000002/7.207744/0000/R000000001
Q000000003/6.435335/0000/R000000024
M000000028/1.000000/0000/Sigma_BB-68700031
M000000029/1.000000/0000/Sigma_BB-40568700
R000000027/2.222222/0003/M000000028/M000000029
R000000026/2.469136/0099/R000000027
M000000031/1.000000/0000/Sigma_BB-136985868
M000000032/1.000000/0000/Sigma_BB-28426396
R000000030/2.222222/0003/M000000031/M000000032
M000000033/1.000000/0000/Sigma_BB-30085675
M000000034/1.000000/0000/Sigma_BB-326690278
R000000030/2.222222/0112/M000000033/M000000034
R000000026/2.469136/0099/R000000030
R000000035/2.743484/0125/R000000014
R000000036/1.000000/0000/Guesstimate
R000000035/3.854596/0112/R000000014/R000000036
R000000025/5.791801/0112/R000000026/R000000035
R000000024/6.435335/0041/R000000025
R000000039/3.048316/0041/R000000035
R000000039/3.048316/0233/R000000035
R000000038/4.498129/0112/M000000028/R000000039
R000000040/4.159427/0112/M000000028/R000000035
R000000038/4.621586/0041/R000000040
R000000037/6.109032/0003/R000000038/M000000029
R000000042/4.621586/0125/R000000040
R000000042/5.732697/0112/R000000040/R000000036
R000000041/5.135096/0041/R000000042
R000000044/1.000000/0000/Guesstimate
R000000043/6.109032/0004/R000000038/R000000044
R000000041/6.787814/0009/R000000043
R000000046/1.111111/0093/M000000029
R000000047/1.000000/0000/Guesstimate
R000000046/2.222222/0004/R000000047/M000000032
R000000045/1.234568/0085/R000000046
R000000048/1.000000/0000/Guesstimate
R000000045/2.222222/0004/R000000048/M000000032
R000000037/7.077404/0049/R000000041/R000000045
R000000024/6.787814/0099/R000000037
Q000000004/6.435335/0000/R000000024
<NEXT>