#
#  Reaction log file
#  Author: LigBuilder V3 User_Diana
#  Creation time: Mon Feb 23 23:26:32 2026
#  Format:
#  QueryMoleculeId/Cost/SynthesizeId/ReactantId1/ReactantId2/ReactantId3.....
#  Id prefix:
#  Q --- Query Molecule
#  M --- Material
#  R --- Reactant
#
Directory      result/synthesize_HsDHODH/235/DATABASE/
#
Q000000001/Analysis Failed
Q000000002/2.469136/0000/R000000001
M000000003/1.000000/0000/Sigma_BB-30386853
R000000004/1.000000/0000/Guesstimate
R000000002/2.222222/0003/M000000003/R000000004
M000000006/1.000000/0000/Sigma_BB-299859477
R000000005/1.111111/0085/M000000006
M000000007/1.000000/0000/Sigma_BB-28426400
R000000008/1.000000/0000/Guesstimate
R000000005/2.222222/0004/M000000007/R000000008
R000000009/1.000000/0000/Guesstimate
R000000002/2.345679/0049/R000000005/R000000009
R000000001/2.469136/0099/R000000002
M000000011/1.000000/0000/Sigma_BB-28803370
R000000010/2.222222/0003/M000000007/M000000011
R000000012/1.000000/0000/Guesstimate
R000000010/2.222222/0003/M000000006/R000000012
R000000001/2.469136/0099/R000000010
Q000000003/7.807076/0000/R000000013
R000000018/1.000000/0000/Guesstimate
R000000019/1.000000/0000/Guesstimate
R000000017/2.222222/0276/R000000018/R000000019
R000000017/2.222222/0278/R000000018/R000000019
R000000020/1.000000/0000/Guesstimate
R000000016/3.580247/0004/R000000017/R000000020
R000000022/1.000000/0000/Guesstimate
R000000021/3.580247/0112/R000000017/R000000022
R000000016/3.978053/0233/R000000021
R000000015/3.978053/0086/R000000016
R000000015/3.978053/0091/R000000016
R000000024/1.000000/0000/Guesstimate
R000000026/1.000000/0000/Guesstimate
R000000025/1.111111/0293/R000000026
R000000028/1.000000/0000/Guesstimate
R000000027/1.111111/0293/R000000028
R000000025/1.234568/0090/R000000027
R000000023/2.345679/0224/R000000024/R000000025
R000000029/2.222222/0224/R000000024/R000000026
R000000023/2.469136/0293/R000000029
R000000014/7.026369/0112/R000000015/R000000023
R000000030/3.978053/0197/R000000016
R000000033/1.000000/0000/Guesstimate
R000000032/1.111111/0125/R000000033
R000000034/1.000000/0000/Guesstimate
R000000032/2.222222/0112/R000000033/R000000034
R000000031/2.469136/0224/R000000032/R000000025
R000000035/3.717421/0112/R000000023/R000000022
R000000031/4.130468/0197/R000000035
R000000014/7.163543/0112/R000000030/R000000031
R000000013/7.807076/0147/R000000014
R000000039/1.000000/0000/Guesstimate
R000000038/2.222222/0004/R000000024/R000000039
R000000040/1.000000/0000/Guesstimate
R000000041/1.000000/0000/Guesstimate
R000000038/3.333333/0225/R000000024/R000000040/R000000041
R000000037/3.703704/0224/R000000038/R000000027
R000000042/3.580247/0224/R000000038/R000000028
R000000037/3.978053/0293/R000000042
R000000036/8.093279/0212/R000000016/R000000037
R000000036/8.093279/0212/R000000016/R000000037
R000000013/8.992533/0090/R000000036
<NEXT>