#
#  Reaction log file
#  Author: LigBuilder V3 User_Diana
#  Creation time: Mon Feb 23 23:17:44 2026
#  Format:
#  QueryMoleculeId/Cost/SynthesizeId/ReactantId1/ReactantId2/ReactantId3.....
#  Id prefix:
#  Q --- Query Molecule
#  M --- Material
#  R --- Reactant
#
Directory      result/synthesize_HsDHODH/109/DATABASE/
#
Q000000001/6.096632/0000/R000000001
M000000005/1.000000/0000/Sigma_BB-27151350
R000000004/1.111111/0091/M000000005
M000000007/1.000000/0000/Sigma_BB-28766611
R000000006/1.111111/0287/M000000007
R000000003/2.469136/0003/R000000004/R000000006
R000000008/1.234568/0125/R000000004
R000000009/1.000000/0000/Guesstimate
R000000008/2.345679/0112/R000000004/R000000009
R000000011/1.000000/0000/Guesstimate
M000000012/1.000000/0000/Sigma_BB-28830210
R000000010/2.222222/0004/R000000011/M000000012
R000000003/3.840878/0049/R000000008/R000000010
R000000015/1.000000/0000/Guesstimate
R000000016/1.000000/0000/Guesstimate
R000000014/2.222222/0276/R000000015/R000000016
R000000014/2.222222/0278/R000000015/R000000016
R000000013/2.469136/0275/R000000014
R000000017/2.222222/0275/R000000015/R000000016
R000000013/2.469136/0276/R000000017
R000000002/5.486969/0112/R000000003/R000000013
R000000001/6.096632/0099/R000000002
R000000020/1.371742/0040/R000000008
R000000019/4.267642/0112/R000000020/R000000013
R000000018/5.852936/0003/R000000019/M000000012
R000000022/2.345679/0004/R000000004/R000000011
R000000021/5.349795/0112/R000000022/R000000013
R000000023/5.075447/0112/R000000022/R000000014
R000000021/5.639385/0275/R000000023
M000000025/1.000000/0000/Sigma_BB-181079878
R000000024/1.111111/0041/M000000025
R000000027/1.000000/0000/Guesstimate
R000000026/2.222222/0004/R000000027/M000000012
R000000024/2.469136/0009/R000000026
R000000018/7.178785/0049/R000000021/R000000024
R000000001/6.503263/0099/R000000018
Q000000002/4.159427/0000/R000000028
M000000032/1.000000/0000/Sigma_BB-28416257
R000000033/1.000000/0000/Guesstimate
R000000031/2.222222/0231/M000000032/R000000033
R000000030/2.469136/0082/R000000031
R000000035/1.000000/0000/Guesstimate
R000000034/2.222222/0231/M000000032/R000000035
R000000030/3.580247/0112/R000000034/R000000009
R000000029/2.743484/0041/R000000030
M000000038/1.000000/0000/Sigma_BB-151008381
R000000039/1.000000/0000/Guesstimate
R000000037/2.222222/0256/M000000038/R000000039
R000000036/2.469136/0155/R000000037
M000000041/1.000000/0000/Sigma_BB-326690278
R000000042/1.000000/0000/Guesstimate
R000000040/2.222222/0122/M000000041/R000000042
R000000040/2.222222/0122/M000000041/R000000042
R000000036/2.469136/0293/R000000040
R000000029/2.743484/0090/R000000036
R000000043/1.000000/0000/Guesstimate
R000000028/4.159427/0003/R000000029/R000000043
R000000044/3.854596/0003/R000000030/R000000043
R000000047/1.000000/0000/Guesstimate
R000000046/2.222222/0256/M000000038/R000000047
R000000045/2.469136/0079/R000000046
R000000049/1.000000/0000/Guesstimate
R000000048/2.222222/0256/M000000038/R000000049
R000000045/2.469136/0082/R000000048
R000000050/2.222222/0001/R000000043/R000000043
R000000051/1.000000/0000/Guesstimate
R000000050/2.222222/0003/R000000043/R000000051
R000000044/5.212621/0042/R000000045/R000000050
R000000028/4.282884/0041/R000000044
Q000000003/4.159427/0000/R000000028
<NEXT>