#
#  Reaction log file
#  Author: LigBuilder V3 User_Diana
#  Creation time: Mon Feb 23 23:25:56 2026
#  Format:
#  QueryMoleculeId/Cost/SynthesizeId/ReactantId1/ReactantId2/ReactantId3.....
#  Id prefix:
#  Q --- Query Molecule
#  M --- Material
#  R --- Reactant
#
Directory      result/synthesize_HsDHODH/219/DATABASE/
#
Q000000001/6.096632/0000/R000000001
M000000005/1.000000/0000/Sigma_BB-27680560
M000000006/1.000000/0000/Sigma_BB-28426399
R000000004/2.222222/0003/M000000005/M000000006
M000000007/1.000000/0000/Sigma_BB-243767903
M000000008/1.000000/0000/Sigma_BB-183885528
R000000004/2.222222/0112/M000000007/M000000008
R000000003/2.469136/0099/R000000004
M000000010/1.000000/0000/Sigma_BB-128362463
M000000011/1.000000/0000/Sigma_BB-28513998
R000000009/2.222222/0003/M000000010/M000000011
M000000012/1.000000/0000/Sigma_BB-137266802
M000000013/1.000000/0000/Sigma_BB-292998090
R000000009/2.222222/0112/M000000012/M000000013
R000000003/2.469136/0099/R000000009
R000000016/1.000000/0000/Guesstimate
R000000017/1.000000/0000/Guesstimate
R000000015/2.222222/0226/R000000016/R000000017
R000000014/2.469136/0122/R000000015
R000000019/1.000000/0000/Guesstimate
R000000020/1.000000/0000/Guesstimate
R000000018/2.222222/0285/R000000019/R000000020
R000000014/2.469136/0170/R000000018
R000000002/5.486969/0112/R000000003/R000000014
R000000001/6.096632/0041/R000000002
R000000024/1.000000/0000/Guesstimate
R000000023/2.222222/0285/R000000019/R000000024
R000000025/1.000000/0000/Guesstimate
R000000022/3.580247/0170/R000000023/R000000025
R000000027/1.000000/0000/Guesstimate
R000000026/2.222222/0285/R000000027/R000000024
R000000026/2.469136/0156/R000000023
R000000028/1.000000/0000/Guesstimate
R000000022/3.580247/0170/R000000026/R000000028
R000000021/6.721537/0112/R000000003/R000000022
R000000001/7.468375/0095/R000000021
Q000000002/6.096632/0000/R000000001
Q000000003/6.096632/0000/R000000029
R000000029/6.096632/0059/R000000002
R000000033/1.000000/0000/Guesstimate
R000000032/3.580247/0170/R000000026/R000000033
R000000032/3.580247/0170/R000000023/R000000017
R000000031/3.978053/0059/R000000032
R000000035/1.000000/0000/Guesstimate
R000000034/3.580247/0170/R000000023/R000000035
R000000036/1.000000/0000/Guesstimate
R000000034/3.580247/0170/R000000026/R000000036
R000000031/3.978053/0155/R000000034
R000000030/7.163543/0112/R000000003/R000000031
R000000039/1.000000/0000/Guesstimate
R000000038/3.854596/0112/R000000003/R000000039
R000000037/4.282884/0197/R000000038
R000000037/4.282884/0197/R000000038
R000000042/1.000000/0000/Guesstimate
R000000041/2.222222/0170/R000000042/R000000033
R000000043/1.000000/0000/Guesstimate
R000000041/2.222222/0170/R000000043/R000000017
R000000040/2.469136/0059/R000000041
R000000044/2.222222/0170/R000000043/R000000035
R000000044/2.222222/0170/R000000042/R000000036
R000000040/2.469136/0155/R000000044
R000000030/7.502244/0112/R000000037/R000000040
R000000029/7.959492/0095/R000000030
<NEXT>