#
#  Reaction log file
#  Author: LigBuilder V3 User_Diana
#  Creation time: Mon Feb 23 23:26:53 2026
#  Format:
#  QueryMoleculeId/Cost/SynthesizeId/ReactantId1/ReactantId2/ReactantId3.....
#  Id prefix:
#  Q --- Query Molecule
#  M --- Material
#  R --- Reactant
#
Directory      result/synthesize_HsDHODH/230/DATABASE/
#
Q000000001/7.207744/0000/R000000001
M000000005/1.000000/0000/Sigma_BB-128362463
M000000006/1.000000/0000/Sigma_BB-189413541
R000000004/2.222222/0003/M000000005/M000000006
R000000003/2.469136/0099/R000000004
R000000007/7.500000/0000/Guesstimate
M000000008/1.000000/0000/Sigma_BB-243234474
R000000003/9.444445/0231/R000000007/M000000008
R000000011/1.000000/0000/Guesstimate
R000000012/1.000000/0000/Guesstimate
R000000010/2.222222/0112/R000000011/R000000012
R000000009/2.469136/0197/R000000010
R000000009/2.469136/0197/R000000010
R000000002/5.486969/0112/R000000003/R000000009
R000000013/1.000000/0000/Guesstimate
R000000001/7.207744/0050/R000000002/R000000013
R000000017/1.000000/0000/Guesstimate
R000000016/2.222222/0112/R000000011/R000000017
R000000015/2.469136/0197/R000000016
R000000015/2.469136/0197/R000000016
R000000014/5.486969/0112/R000000003/R000000015
R000000001/7.207744/0051/R000000014/R000000013
Q000000002/3.993294/0000/R000000018
M000000020/1.000000/0000/Sigma_BB-119769645
R000000021/1.000000/0000/Guesstimate
R000000019/2.222222/0018/M000000020/R000000021
R000000023/1.000000/0000/Guesstimate
R000000022/2.222222/0018/M000000020/R000000023
R000000025/1.000000/0000/Guesstimate
R000000024/2.222222/0018/M000000020/R000000025
R000000022/2.469136/0082/R000000024
R000000019/2.469136/0059/R000000022
R000000029/1.000000/0000/Guesstimate
R000000028/1.111111/0125/R000000029
R000000030/1.000000/0000/Guesstimate
R000000028/2.222222/0112/R000000030/R000000029
R000000027/1.234568/0041/R000000028
R000000027/1.234568/0233/R000000028
R000000026/1.371742/0155/R000000027
R000000032/1.000000/0000/Guesstimate
R000000031/2.222222/0004/R000000032/R000000029
R000000034/1.000000/0000/Guesstimate
R000000033/2.222222/0003/R000000029/R000000034
R000000035/1.000000/0000/Guesstimate
R000000033/2.345679/0049/R000000028/R000000035
R000000031/2.469136/0040/R000000033
R000000026/2.469136/0197/R000000031
R000000018/3.993294/0170/R000000019/R000000026
M000000038/1.000000/0000/Sigma_BB-27941182
R000000037/2.345679/0224/M000000038/R000000028
R000000036/2.606310/0009/R000000037
R000000040/1.000000/0000/Guesstimate
R000000039/2.345679/0224/R000000040/R000000028
R000000042/1.000000/0000/Guesstimate
R000000041/2.345679/0224/R000000042/R000000028
R000000039/2.606310/0260/R000000041
R000000036/2.606310/0079/R000000039
R000000018/4.007011/0018/M000000020/R000000036
Q000000003/3.993294/0000/R000000018
<NEXT>