#
#  Reaction log file
#  Author: LigBuilder V3 User_Diana
#  Creation time: Mon Feb 23 23:32:55 2026
#  Format:
#  QueryMoleculeId/Cost/SynthesizeId/ReactantId1/ReactantId2/ReactantId3.....
#  Id prefix:
#  Q --- Query Molecule
#  M --- Material
#  R --- Reactant
#
Directory      result/synthesize_HsDHODH/290/DATABASE/
#
Q000000001/2.758726/0000/R000000001
M000000003/1.000000/0000/Sigma_BB-155029369
M000000006/1.000000/0000/Sigma_BB-28510544
R000000005/1.111111/0125/M000000006
R000000007/1.000000/0000/Guesstimate
R000000005/2.222222/0112/R000000007/M000000006
R000000004/1.234568/0040/R000000005
M000000009/1.000000/0000/Sigma_BB-28464785
R000000008/1.111111/0287/M000000009
M000000010/1.000000/0000/Sigma_BB-30442049
R000000011/1.000000/0000/Guesstimate
R000000008/2.222222/0231/M000000010/R000000011
R000000004/1.234568/0198/R000000008
R000000002/2.482853/0003/M000000003/R000000004
R000000012/2.222222/0112/M000000003/R000000007
R000000014/1.000000/0000/Guesstimate
R000000013/2.222222/0004/M000000003/R000000014
R000000012/2.469136/0009/R000000013
R000000016/1.371742/0093/R000000004
R000000017/1.000000/0000/Guesstimate
R000000016/2.222222/0004/R000000017/M000000006
R000000015/1.524158/0085/R000000016
R000000018/1.000000/0000/Guesstimate
R000000015/2.222222/0004/R000000018/M000000006
R000000002/4.162645/0049/R000000012/R000000015
R000000001/2.758726/0099/R000000002
R000000020/2.222222/0004/M000000003/R000000018
R000000021/2.222222/0004/M000000003/R000000017
R000000022/2.469136/0040/R000000012
M000000024/1.000000/0000/Sigma_BB-128362463
R000000025/1.000000/0000/Guesstimate
R000000023/2.222222/0112/M000000024/R000000025
R000000022/2.469136/0153/R000000023
R000000021/2.743484/0093/R000000022
R000000020/2.469136/0085/R000000021
R000000019/3.703704/0049/R000000020/R000000005
R000000019/3.854596/0003/R000000022/M000000006
R000000001/4.115227/0099/R000000019
Q000000002/3.048316/0000/R000000026
M000000030/1.000000/0000/Sigma_BB-189413541
R000000029/2.222222/0003/M000000024/M000000030
R000000028/2.469136/0099/R000000029
R000000031/7.500000/0000/Guesstimate
M000000032/1.000000/0000/Sigma_BB-243234474
R000000028/9.444445/0231/R000000031/M000000032
R000000027/2.743484/0125/R000000028
R000000027/3.854596/0112/R000000028/R000000007
R000000026/3.048316/0040/R000000027
R000000036/1.000000/0000/Guesstimate
R000000035/2.222222/0174/R000000025/R000000036
R000000035/2.222222/0289/R000000025/R000000036
R000000034/2.469136/0197/R000000035
R000000037/7.400000/0000/Guesstimate
R000000034/8.222222/0091/R000000037
R000000033/5.486969/0112/R000000028/R000000034
R000000026/6.096632/0025/R000000033
Q000000003/3.048316/0000/R000000026
<NEXT>