#
#  Reaction log file
#  Author: LigBuilder V3 User_Diana
#  Creation time: Mon Feb 23 23:22:19 2026
#  Format:
#  QueryMoleculeId/Cost/SynthesizeId/ReactantId1/ReactantId2/ReactantId3.....
#  Id prefix:
#  Q --- Query Molecule
#  M --- Material
#  R --- Reactant
#
Directory      result/synthesize_HsDHODH/175/DATABASE/
#
Q000000001/4.420058/0000/R000000001
R000000005/1.000000/0000/Guesstimate
R000000004/1.111111/0297/R000000005
R000000004/1.111111/0297/R000000005
R000000006/1.000000/0000/Guesstimate
R000000003/2.345679/0256/R000000004/R000000006
R000000007/9.300000/0000/Guesstimate
R000000003/9.300000/0257/R000000007
M000000010/1.000000/0000/Sigma_BB-28762732
R000000009/1.111111/0085/M000000010
R000000008/1.234568/0156/R000000009
R000000012/1.371742/0086/R000000008
R000000012/1.371742/0091/R000000008
R000000011/1.524158/0079/R000000012
R000000014/1.000000/0000/Guesstimate
R000000015/1.234568/0153/R000000009
R000000016/1.111111/0087/M000000010
R000000016/1.234568/0086/R000000009
R000000015/1.234568/0154/R000000016
R000000013/2.482853/0122/R000000014/R000000015
R000000011/2.758726/0082/R000000013
R000000008/9.333333/0040/R000000011
R000000002/3.978052/0003/R000000003/R000000008
R000000017/2.606310/0125/R000000003
R000000018/1.000000/0000/Guesstimate
R000000017/3.717421/0112/R000000003/R000000018
R000000020/1.000000/0000/Guesstimate
R000000019/2.635269/0004/R000000020/R000000015
R000000022/1.000000/0000/Guesstimate
R000000021/2.635269/0301/R000000022/R000000015
R000000021/2.635269/0301/R000000022/R000000015
R000000019/2.928077/0024/R000000021
R000000002/5.823977/0049/R000000017/R000000019
R000000001/4.420058/0099/R000000002
R000000024/2.895900/0040/R000000017
R000000023/4.589409/0003/R000000024/R000000015
R000000025/3.717421/0004/R000000003/R000000020
R000000027/1.000000/0000/Guesstimate
R000000026/3.717421/0004/R000000003/R000000027
R000000028/1.000000/0000/Guesstimate
R000000029/1.000000/0000/Guesstimate
R000000026/4.828533/0225/R000000003/R000000028/R000000029
R000000025/4.130468/0085/R000000026
R000000023/5.823977/0049/R000000025/R000000011
R000000001/5.099344/0099/R000000023
Q000000002/Analysis Failed
Q000000003/Analysis Failed
<NEXT>