#
#  Reaction log file
#  Author: LigBuilder V3 User_Diana
#  Creation time: Mon Feb 23 23:17:34 2026
#  Format:
#  QueryMoleculeId/Cost/SynthesizeId/ReactantId1/ReactantId2/ReactantId3.....
#  Id prefix:
#  Q --- Query Molecule
#  M --- Material
#  R --- Reactant
#
Directory      result/synthesize_HsDHODH/105/DATABASE/
#
Q000000001/5.944217/0000/R000000001
M000000005/1.000000/0000/Sigma_BB-27151350
R000000004/1.111111/0091/M000000005
M000000006/1.000000/0000/Sigma_BB-30442049
R000000003/2.345679/0003/R000000004/M000000006
R000000007/1.234568/0125/R000000004
R000000008/1.000000/0000/Guesstimate
R000000007/2.345679/0112/R000000004/R000000008
M000000010/1.000000/0000/Sigma_BB-243601375
R000000009/1.111111/0085/M000000010
R000000011/1.000000/0000/Guesstimate
M000000012/1.000000/0000/Sigma_BB-28426396
R000000009/2.222222/0004/R000000011/M000000012
R000000003/2.606310/0049/R000000007/R000000009
R000000015/1.000000/0000/Guesstimate
R000000016/1.000000/0000/Guesstimate
R000000014/2.222222/0276/R000000015/R000000016
R000000014/2.222222/0278/R000000015/R000000016
R000000013/2.469136/0275/R000000014
R000000017/2.222222/0275/R000000015/R000000016
R000000013/2.469136/0276/R000000017
R000000002/5.349795/0112/R000000003/R000000013
M000000019/1.000000/0000/Sigma_BB-27680560
R000000018/2.222222/0003/M000000019/M000000006
M000000020/1.000000/0000/Sigma_BB-151857806
R000000018/2.345679/0049/M000000020/R000000009
R000000023/1.000000/0000/Guesstimate
R000000022/3.854596/0112/R000000023/R000000013
R000000021/4.282884/0197/R000000022
R000000002/7.227896/0112/R000000018/R000000021
R000000001/5.944217/0099/R000000002
R000000026/1.371742/0040/R000000007
R000000025/4.267642/0112/R000000026/R000000013
M000000027/1.000000/0000/Sigma_BB-128362463
R000000025/5.869872/0112/M000000027/R000000021
R000000024/5.852936/0003/R000000025/M000000012
R000000029/2.345679/0004/R000000004/R000000011
R000000028/5.349795/0112/R000000029/R000000013
R000000030/2.222222/0004/M000000019/R000000011
R000000028/7.227896/0112/R000000030/R000000021
M000000031/1.000000/0000/Sigma_BB-243863863
R000000024/7.055328/0049/R000000028/M000000031
R000000001/6.503263/0099/R000000024
Q000000002/8.335828/0000/R000000032
M000000036/1.000000/0000/Sigma_BB-136985868
M000000037/1.000000/0000/Sigma_BB-114105091
R000000035/2.222222/0003/M000000036/M000000037
R000000034/2.469136/0099/R000000035
M000000039/1.000000/0000/Sigma_BB-68700031
M000000040/1.000000/0000/Sigma_BB-129567422
R000000038/2.222222/0003/M000000039/M000000040
R000000034/2.469136/0099/R000000038
R000000033/7.502244/0112/R000000034/R000000021
R000000032/8.335828/0059/R000000033
R000000042/5.869872/0112/M000000036/R000000021
M000000044/1.000000/0000/Sigma_BB-30085675
R000000043/5.869872/0112/M000000044/R000000021
R000000043/5.869872/0112/M000000044/R000000021
R000000045/1.000000/0000/Guesstimate
R000000042/7.633191/0275/R000000043/R000000045
M000000046/1.000000/0000/Sigma_BB-189413541
R000000041/7.633191/0003/R000000042/M000000046
M000000048/1.000000/0000/Sigma_BB-28826737
R000000047/1.111111/0114/M000000048
M000000050/1.000000/0000/Sigma_BB-234543048
R000000049/1.111111/0114/M000000050
M000000051/1.000000/0000/Sigma_BB-243331311
R000000049/2.222222/0112/M000000051/R000000008
R000000047/1.234568/0059/R000000049
R000000041/7.756648/0112/R000000043/R000000047
R000000032/8.481323/0099/R000000041
Q000000003/5.944217/0000/R000000001
<NEXT>