#
#  Reaction log file
#  Author: LigBuilder V3 User_Diana
#  Creation time: Mon Feb 23 23:28:06 2026
#  Format:
#  QueryMoleculeId/Cost/SynthesizeId/ReactantId1/ReactantId2/ReactantId3.....
#  Id prefix:
#  Q --- Query Molecule
#  M --- Material
#  R --- Reactant
#
Directory      result/synthesize_HsDHODH/252/DATABASE/
#
Q000000001/2.635269/0000/R000000001
M000000005/1.000000/0000/Sigma_BB-28894930
R000000004/1.111111/0299/M000000005
R000000003/1.234568/0166/R000000004
R000000007/1.000000/0000/Guesstimate
R000000006/2.345679/0173/R000000004/R000000007
R000000008/1.000000/0000/Guesstimate
R000000006/2.345679/0175/R000000004/R000000008
R000000003/2.606310/0168/R000000006
R000000002/1.371742/0114/R000000003
R000000009/1.234568/0114/R000000004
R000000010/1.111111/0114/M000000005
R000000009/1.234568/0299/R000000010
R000000002/1.371742/0166/R000000009
R000000011/1.000000/0000/Guesstimate
R000000001/2.635269/0018/R000000002/R000000011
R000000012/2.482853/0018/R000000003/R000000011
R000000014/1.000000/0000/Guesstimate
R000000013/2.345679/0174/R000000004/R000000014
R000000013/2.345679/0289/R000000004/R000000014
R000000012/2.606310/0233/R000000013
R000000001/2.758726/0114/R000000012
Q000000002/2.469136/0000/R000000015
M000000017/1.000000/0000/Sigma_BB-29935115
R000000018/1.000000/0000/Guesstimate
R000000016/2.222222/0018/M000000017/R000000018
R000000020/1.000000/0000/Guesstimate
R000000019/2.222222/0018/M000000017/R000000020
R000000022/1.000000/0000/Guesstimate
R000000021/2.222222/0018/M000000017/R000000022
R000000019/2.469136/0228/R000000021
R000000023/1.000000/0000/Guesstimate
R000000016/3.580247/0274/R000000019/R000000023
R000000015/2.469136/0114/R000000016
M000000027/1.000000/0000/Sigma_BB-29082589
R000000026/1.111111/0114/M000000027
R000000028/1.000000/0000/Guesstimate
R000000025/2.345679/0004/R000000026/R000000028
R000000024/2.606310/0009/R000000025
M000000031/1.000000/0000/Sigma_BB-27090566
R000000030/1.111111/0114/M000000031
R000000032/1.000000/0000/Guesstimate
R000000029/2.345679/0231/R000000030/R000000032
R000000033/2.222222/0231/M000000031/R000000032
R000000029/2.469136/0114/R000000033
R000000024/2.606310/0082/R000000029
R000000015/4.007011/0018/R000000024/R000000018
Q000000003/2.635269/0000/R000000001
<NEXT>