#
#  Reaction log file
#  Author: LigBuilder V3 User_Diana
#  Creation time: Mon Feb 23 23:25:55 2026
#  Format:
#  QueryMoleculeId/Cost/SynthesizeId/ReactantId1/ReactantId2/ReactantId3.....
#  Id prefix:
#  Q --- Query Molecule
#  M --- Material
#  R --- Reactant
#
Directory      result/synthesize_HsDHODH/218/DATABASE/
#
Q000000001/7.207744/0000/R000000001
M000000005/1.000000/0000/Sigma_BB-27680560
M000000006/1.000000/0000/Sigma_BB-40568700
R000000004/2.222222/0003/M000000005/M000000006
M000000007/1.000000/0000/Sigma_BB-243767903
R000000008/1.111111/0091/M000000006
M000000009/1.000000/0000/Sigma_BB-30499939
R000000008/1.111111/0197/M000000009
R000000004/2.345679/0112/M000000007/R000000008
R000000003/2.469136/0099/R000000004
M000000011/1.000000/0000/Sigma_BB-128362463
M000000012/1.000000/0000/Sigma_BB-28426396
R000000010/2.222222/0003/M000000011/M000000012
M000000013/1.000000/0000/Sigma_BB-137266802
M000000014/1.000000/0000/Sigma_BB-326690278
R000000010/2.222222/0112/M000000013/M000000014
R000000003/2.469136/0099/R000000010
R000000017/1.000000/0000/Guesstimate
R000000018/1.000000/0000/Guesstimate
R000000016/2.222222/0224/R000000017/R000000018
R000000015/2.469136/0285/R000000016
R000000002/5.486969/0112/R000000003/R000000015
R000000019/1.000000/0000/Guesstimate
R000000001/7.207744/0256/R000000002/R000000019
R000000023/1.000000/0000/Guesstimate
R000000022/2.222222/0224/R000000017/R000000023
R000000024/1.000000/0000/Guesstimate
R000000021/3.580247/0285/R000000022/R000000024
R000000020/6.721537/0112/R000000003/R000000021
R000000001/7.468375/0279/R000000020
Q000000002/7.207744/0000/R000000001
Q000000003/6.096632/0000/R000000025
M000000029/1.000000/0000/Sigma_BB-28426399
R000000028/2.222222/0003/M000000005/M000000029
M000000030/1.000000/0000/Sigma_BB-183885528
R000000028/2.222222/0112/M000000007/M000000030
R000000027/2.469136/0099/R000000028
M000000032/1.000000/0000/Sigma_BB-28513998
R000000031/2.222222/0003/M000000011/M000000032
M000000033/1.000000/0000/Sigma_BB-292998090
R000000031/2.222222/0112/M000000013/M000000033
R000000027/2.469136/0099/R000000031
R000000036/1.000000/0000/Guesstimate
R000000037/1.000000/0000/Guesstimate
R000000035/2.222222/0226/R000000036/R000000037
R000000034/2.469136/0122/R000000035
R000000039/1.000000/0000/Guesstimate
R000000040/1.000000/0000/Guesstimate
R000000038/2.222222/0285/R000000039/R000000040
R000000034/2.469136/0170/R000000038
R000000026/5.486969/0112/R000000027/R000000034
R000000025/6.096632/0059/R000000026
R000000044/1.000000/0000/Guesstimate
R000000043/2.222222/0285/R000000039/R000000044
R000000045/1.000000/0000/Guesstimate
R000000042/3.580247/0170/R000000043/R000000045
R000000047/1.000000/0000/Guesstimate
R000000046/2.222222/0285/R000000047/R000000044
R000000046/2.469136/0156/R000000043
R000000048/1.000000/0000/Guesstimate
R000000042/3.580247/0170/R000000046/R000000048
R000000041/6.721537/0112/R000000027/R000000042
R000000025/7.468375/0095/R000000041
<NEXT>