#
#  Reaction log file
#  Author: LigBuilder V3 User_Diana
#  Creation time: Mon Feb 23 23:17:52 2026
#  Format:
#  QueryMoleculeId/Cost/SynthesizeId/ReactantId1/ReactantId2/ReactantId3.....
#  Id prefix:
#  Q --- Query Molecule
#  M --- Material
#  R --- Reactant
#
Directory      result/synthesize_HsDHODH/101/DATABASE/
#
Q000000001/7.673478/0000/R000000001
M000000007/1.000000/0000/Sigma_BB-27151350
R000000006/1.111111/0091/M000000007
R000000005/1.234568/0125/R000000006
R000000008/1.000000/0000/Guesstimate
R000000005/2.345679/0112/R000000006/R000000008
R000000004/1.371742/0040/R000000005
M000000010/1.000000/0000/Sigma_BB-28774955
R000000011/1.000000/0000/Guesstimate
R000000009/2.222222/0274/M000000010/R000000011
R000000003/3.993294/0003/R000000004/R000000009
R000000013/1.000000/0000/Guesstimate
R000000012/2.345679/0004/R000000006/R000000013
R000000014/2.469136/0125/R000000009
R000000014/3.580247/0112/R000000008/R000000009
R000000003/5.349795/0049/R000000012/R000000014
R000000002/4.436994/0099/R000000003
R000000018/1.000000/0000/Guesstimate
R000000017/2.345679/0003/R000000006/R000000018
R000000017/2.482853/0049/R000000005/R000000013
R000000016/2.606310/0041/R000000017
R000000016/2.606310/0233/R000000017
R000000015/2.895900/0139/R000000016
R000000020/1.000000/0000/Guesstimate
R000000019/3.717421/0224/R000000017/R000000020
R000000015/4.130468/0150/R000000019
M000000023/1.000000/0000/Sigma_BB-28786839
R000000024/1.000000/0000/Guesstimate
R000000022/2.222222/0004/M000000023/R000000024
R000000021/2.469136/0197/R000000022
R000000021/9.000001/0287/R000000025
R000000002/5.961151/0279/R000000015/R000000021
R000000028/1.000000/0000/Guesstimate
R000000029/1.000000/0000/Guesstimate
R000000027/2.222222/0276/R000000028/R000000029
R000000027/2.222222/0278/R000000028/R000000029
R000000026/2.469136/0275/R000000027
R000000030/2.222222/0275/R000000028/R000000029
R000000026/2.469136/0276/R000000030
R000000001/7.673478/0112/R000000002/R000000026
R000000031/7.180478/0112/R000000003/R000000026
R000000032/3.978053/0112/R000000006/R000000026
R000000035/1.000000/0000/Guesstimate
R000000034/3.580247/0004/R000000035/R000000009
R000000036/1.000000/0000/Guesstimate
R000000034/4.691358/0225/R000000009/R000000036/R000000011
R000000033/3.978053/0086/R000000034
R000000033/3.978053/0091/R000000034
R000000031/8.840117/0112/R000000032/R000000033
R000000001/7.978309/0099/R000000031
Q000000002/6.145744/0000/R000000037
M000000039/1.000000/0000/Sigma_BB-40568700
R000000038/5.531170/0003/R000000032/M000000039
R000000042/1.000000/0000/Guesstimate
R000000041/5.531170/0004/R000000032/R000000042
R000000040/6.145744/0009/R000000041
R000000043/5.961151/0112/R000000015/R000000026
R000000040/6.623501/0082/R000000043
R000000045/1.111111/0093/M000000039
M000000046/1.000000/0000/Sigma_BB-28426396
R000000045/2.222222/0004/R000000035/M000000046
R000000044/1.234568/0085/R000000045
R000000044/2.222222/0004/R000000013/M000000046
R000000038/8.200347/0049/R000000040/R000000044
R000000037/6.145744/0099/R000000038
R000000048/4.267642/0112/R000000004/R000000026
R000000048/4.267642/0112/R000000004/R000000026
R000000047/5.852936/0003/R000000048/M000000046
R000000049/5.531170/0004/R000000032/R000000013
R000000050/5.531170/0004/R000000032/R000000035
R000000050/6.642281/0225/R000000032/R000000036/R000000011
R000000049/6.145744/0085/R000000050
M000000051/1.000000/0000/Sigma_BB-151008381
R000000047/7.256855/0049/R000000049/M000000051
R000000037/6.503263/0099/R000000047
Q000000003/6.145744/0000/R000000052
M000000054/1.000000/0000/Sigma_BB-30386853
R000000053/5.531170/0003/R000000032/M000000054
M000000056/1.000000/0000/Sigma_BB-299859477
R000000055/1.111111/0085/M000000056
M000000057/1.000000/0000/Sigma_BB-28426400
R000000055/2.222222/0004/R000000013/M000000057
R000000053/8.063173/0049/R000000040/R000000055
R000000052/6.145744/0099/R000000053
R000000058/5.852936/0003/R000000048/M000000057
M000000059/1.000000/0000/Sigma_BB-37467573
R000000058/7.256855/0049/R000000049/M000000059
R000000052/6.503263/0099/R000000058
<NEXT>