#
#  Reaction log file
#  Author: LigBuilder V3 User_Diana
#  Creation time: Mon Feb 23 23:22:13 2026
#  Format:
#  QueryMoleculeId/Cost/SynthesizeId/ReactantId1/ReactantId2/ReactantId3.....
#  Id prefix:
#  Q --- Query Molecule
#  M --- Material
#  R --- Reactant
#
Directory      result/synthesize_HsDHODH/169/DATABASE/
#
Q000000001/3.048316/0000/R000000001
M000000005/1.000000/0000/Sigma_BB-30399791
R000000004/1.111111/0293/M000000005
R000000003/1.234568/0090/R000000004
R000000007/1.000000/0000/Guesstimate
R000000008/1.000000/0000/Guesstimate
R000000006/2.222222/0158/R000000007/R000000008
R000000006/2.222222/0158/R000000007/R000000008
R000000003/2.469136/0150/R000000006
M000000011/1.000000/0000/Sigma_BB-249436391
R000000010/1.111111/0125/M000000011
R000000012/1.000000/0000/Guesstimate
R000000010/2.222222/0112/M000000011/R000000012
R000000009/1.234568/0091/R000000010
R000000013/1.111111/0091/M000000011
R000000009/2.345679/0112/R000000013/R000000012
R000000002/2.743484/0112/R000000003/R000000009
R000000016/1.000000/0000/Guesstimate
R000000015/2.222222/0158/R000000007/R000000016
R000000015/2.222222/0158/R000000007/R000000016
R000000014/2.469136/0188/R000000015
R000000018/1.000000/0000/Guesstimate
R000000017/2.482853/0112/R000000003/R000000018
R000000020/8.600000/0000/Guesstimate
R000000019/9.555556/0257/R000000020
R000000021/10.000000/0000/Guesstimate
R000000019/10.000000/0188/R000000021
R000000017/9.555556/0055/R000000019
R000000014/2.758726/0197/R000000017
M000000022/1.000000/0000/Sigma_BB-244170244
R000000002/3.854596/0112/R000000014/M000000022
R000000001/3.048316/0041/R000000002
M000000026/1.000000/0000/Sigma_BB-68234297
R000000025/2.482853/0112/R000000003/M000000026
M000000027/1.000000/0000/Sigma_BB-28841898
R000000025/3.854596/0112/R000000014/M000000027
R000000024/2.758726/0257/R000000025
R000000030/1.000000/0000/Guesstimate
R000000031/1.000000/0000/Guesstimate
R000000029/2.222222/0012/R000000030/R000000031
R000000029/2.222222/0285/R000000030/R000000031
R000000028/2.469136/0003/R000000029
R000000032/2.222222/0003/R000000030/R000000031
R000000033/1.000000/0000/Guesstimate
R000000034/1.000000/0000/Guesstimate
R000000032/2.222222/0122/R000000033/R000000034
R000000028/2.469136/0012/R000000032
M000000036/1.000000/0000/Sigma_BB-234796966
R000000035/1.111111/0085/M000000036
R000000037/1.000000/0000/Guesstimate
R000000035/2.222222/0004/R000000037/M000000027
R000000024/3.978053/0049/R000000028/R000000035
R000000038/1.000000/0000/Guesstimate
R000000023/4.176363/0057/R000000024/R000000038
M000000040/1.000000/0000/Sigma_BB-244170245
R000000039/2.222222/0004/R000000037/M000000040
R000000041/2.222222/0004/R000000037/M000000022
R000000039/2.469136/0041/R000000041
R000000023/5.212621/0049/R000000028/R000000039
R000000001/4.640403/0041/R000000023
Q000000002/6.113567/0000/R000000042
R000000045/1.000000/0000/Guesstimate
R000000047/1.000000/0000/Guesstimate
R000000048/1.000000/0000/Guesstimate
R000000046/2.222222/0277/R000000047/R000000048
R000000049/1.000000/0000/Guesstimate
R000000050/1.000000/0000/Guesstimate
R000000046/2.222222/0277/R000000049/R000000050
R000000044/3.580247/0122/R000000045/R000000046
R000000044/3.580247/0122/R000000045/R000000046
R000000051/1.371742/0041/R000000009
R000000051/2.222222/0057/M000000026/R000000038
R000000043/5.502210/0112/R000000044/R000000051
R000000053/1.000000/0000/Guesstimate
R000000055/1.000000/0000/Guesstimate
R000000054/2.222222/0301/R000000055/R000000050
R000000054/2.222222/0301/R000000055/R000000050
R000000052/3.580247/0122/R000000053/R000000054
R000000057/1.000000/0000/Guesstimate
R000000058/1.000000/0000/Guesstimate
R000000056/2.222222/0122/R000000057/R000000058
R000000059/1.000000/0000/Guesstimate
R000000056/2.222222/0256/R000000038/R000000059
R000000061/1.000000/0000/Guesstimate
R000000062/1.000000/0000/Guesstimate
R000000060/2.222222/0001/R000000061/R000000062
R000000063/1.000000/0000/Guesstimate
R000000060/2.222222/0002/R000000063/R000000057
R000000052/4.938272/0042/R000000056/R000000060
R000000064/2.635269/0004/R000000037/R000000051
M000000067/1.000000/0000/Sigma_BB-34729380
R000000066/2.222222/0057/M000000067/R000000038
R000000065/2.469136/0024/R000000066
M000000069/1.000000/0000/Sigma_BB-48919321
R000000068/2.222222/0057/M000000069/R000000038
R000000068/2.222222/0112/R000000012/M000000040
R000000065/2.469136/0040/R000000068
R000000064/3.854596/0001/R000000037/R000000065
R000000043/6.906129/0042/R000000052/R000000064
R000000042/6.113567/0122/R000000043
R000000073/1.000000/0000/Guesstimate
R000000074/1.000000/0000/Guesstimate
R000000072/2.222222/0256/R000000073/R000000074
R000000076/1.000000/0000/Guesstimate
R000000075/2.222222/0256/R000000073/R000000076
R000000072/2.469136/0041/R000000075
R000000077/1.000000/0000/Guesstimate
R000000071/3.580247/0004/R000000072/R000000077
R000000078/3.580247/0112/R000000072/R000000018
R000000071/3.978053/0147/R000000078
R000000070/6.721537/0001/R000000071/R000000065
R000000079/3.854596/0001/R000000077/R000000065
R000000080/1.000000/0000/Guesstimate
R000000079/3.854596/0003/R000000065/R000000080
R000000070/6.752020/0002/R000000072/R000000079
R000000042/7.468375/0042/R000000070
Q000000003/3.048316/0000/R000000001
<NEXT>