#
#  Reaction log file
#  Author: LigBuilder V3 User_Diana
#  Creation time: Mon Feb 23 23:13:44 2026
#  Format:
#  QueryMoleculeId/Cost/SynthesizeId/ReactantId1/ReactantId2/ReactantId3.....
#  Id prefix:
#  Q --- Query Molecule
#  M --- Material
#  R --- Reactant
#
Directory      result/synthesize_HsDHODH/52/DATABASE/
#
Q000000001/8.840117/0000/R000000001
M000000005/1.000000/0000/Sigma_BB-28707890
R000000006/1.000000/0000/Guesstimate
R000000004/2.222222/0119/M000000005/R000000006
R000000004/2.222222/0280/M000000005/R000000006
R000000007/1.000000/0000/Guesstimate
R000000003/3.580247/0056/R000000004/R000000007
R000000008/2.222222/0056/M000000005/R000000007
R000000003/3.580247/0119/R000000008/R000000006
R000000011/1.000000/0000/Guesstimate
R000000012/1.000000/0000/Guesstimate
R000000010/2.222222/0012/R000000011/R000000012
R000000013/1.000000/0000/Guesstimate
R000000014/1.000000/0000/Guesstimate
R000000010/2.222222/0112/R000000013/R000000014
R000000015/1.000000/0000/Guesstimate
R000000009/3.580247/0159/R000000010/R000000015
R000000017/1.000000/0000/Guesstimate
R000000016/3.580247/0159/R000000010/R000000017
R000000009/3.978053/0191/R000000016
R000000002/7.956105/0275/R000000003/R000000009
R000000019/3.978053/0079/R000000009
R000000020/1.000000/0000/Guesstimate
R000000019/5.089163/0112/R000000009/R000000020
R000000018/4.420059/0040/R000000019
R000000021/5.089163/0276/R000000009/R000000006
R000000021/5.089163/0278/R000000009/R000000006
R000000018/5.654626/0024/R000000021
R000000002/8.889229/0282/R000000003/R000000018
R000000001/8.840117/0024/R000000002
R000000024/2.469136/0091/R000000008
R000000025/1.000000/0000/Guesstimate
R000000023/3.854596/0174/R000000024/R000000025
R000000026/1.111111/0287/R000000025
R000000023/3.978053/0112/R000000024/R000000026
R000000022/8.260937/0275/R000000023/R000000009
R000000022/9.194060/0282/R000000023/R000000018
R000000001/9.178819/0025/R000000022
Q000000002/4.282884/0000/R000000027
M000000031/1.000000/0000/Sigma_BB-28427762
R000000032/1.000000/0000/Guesstimate
R000000030/2.222222/0224/M000000031/R000000032
R000000029/2.469136/0285/R000000030
R000000033/1.000000/0000/Guesstimate
R000000028/3.854596/0004/R000000029/R000000033
R000000027/4.282884/0153/R000000028
M000000034/1.000000/0000/Sigma_BB-28513998
R000000038/1.000000/0000/Guesstimate
R000000039/1.000000/0000/Guesstimate
R000000037/2.222222/0224/R000000038/R000000039
R000000040/1.000000/0000/Guesstimate
R000000036/3.580247/0119/R000000037/R000000040
R000000041/2.222222/0119/R000000039/R000000040
R000000041/2.222222/0276/R000000039/R000000014
R000000036/3.580247/0224/R000000038/R000000041
R000000035/3.978053/0285/R000000036
R000000027/5.531170/0112/M000000034/R000000035
Q000000003/4.282884/0000/R000000027
<NEXT>