#
#  Reaction log file
#  Author: LigBuilder V3 User_Diana
#  Creation time: Mon Feb 23 23:13:50 2026
#  Format:
#  QueryMoleculeId/Cost/SynthesizeId/ReactantId1/ReactantId2/ReactantId3.....
#  Id prefix:
#  Q --- Query Molecule
#  M --- Material
#  R --- Reactant
#
Directory      result/synthesize_HsDHODH/55/DATABASE/
#
Q000000001/4.282884/0000/R000000001
M000000005/1.000000/0000/Sigma_BB-28427762
R000000006/1.000000/0000/Guesstimate
R000000004/2.222222/0224/M000000005/R000000006
R000000003/2.469136/0285/R000000004
R000000007/1.000000/0000/Guesstimate
R000000002/3.854596/0004/R000000003/R000000007
R000000001/4.282884/0153/R000000002
M000000008/1.000000/0000/Sigma_BB-28513998
R000000012/1.000000/0000/Guesstimate
R000000013/1.000000/0000/Guesstimate
R000000011/2.222222/0224/R000000012/R000000013
R000000014/1.000000/0000/Guesstimate
R000000010/3.580247/0119/R000000011/R000000014
R000000015/2.222222/0119/R000000013/R000000014
R000000016/1.000000/0000/Guesstimate
R000000015/2.222222/0276/R000000013/R000000016
R000000010/3.580247/0224/R000000012/R000000015
R000000009/3.978053/0285/R000000010
R000000001/5.531170/0112/M000000008/R000000009
Q000000002/3.854596/0000/R000000017
R000000020/1.000000/0000/Guesstimate
R000000019/2.222222/0004/R000000020/R000000007
R000000022/1.000000/0000/Guesstimate
R000000021/2.222222/0277/R000000020/R000000022
R000000023/1.000000/0000/Guesstimate
R000000024/1.000000/0000/Guesstimate
R000000025/1.000000/0000/Guesstimate
R000000021/3.333333/0261/R000000023/R000000024/R000000025
R000000019/2.469136/0024/R000000021
R000000018/2.469136/0153/R000000019
M000000028/1.000000/0000/Sigma_BB-27559353
R000000027/1.111111/0153/M000000028
R000000029/1.000000/0000/Guesstimate
R000000027/2.222222/0004/R000000007/R000000029
R000000030/1.000000/0000/Guesstimate
R000000026/2.345679/0119/R000000027/R000000030
R000000032/1.000000/0000/Guesstimate
R000000033/1.000000/0000/Guesstimate
R000000031/2.222222/0277/R000000032/R000000033
R000000034/1.000000/0000/Guesstimate
R000000031/3.333333/0261/R000000034/R000000024/R000000030
R000000026/2.469136/0156/R000000031
R000000018/2.606310/0126/R000000026
R000000017/3.854596/0069/M000000005/R000000018
M000000037/1.000000/0000/Sigma_BB-128507979
R000000038/1.000000/0000/Guesstimate
R000000036/2.222222/0012/M000000037/R000000038
M000000040/1.000000/0000/Sigma_BB-28715089
M000000041/1.000000/0000/Sigma_BB-30423282
R000000039/2.222222/0231/M000000040/M000000041
R000000036/2.469136/0009/R000000039
R000000035/5.212621/0069/R000000036/R000000018
R000000043/1.000000/0000/Guesstimate
R000000042/3.854596/0069/R000000043/R000000018
R000000045/1.000000/0000/Guesstimate
R000000044/3.854596/0069/R000000045/R000000018
R000000042/4.282884/0139/R000000044
R000000035/5.393995/0231/M000000040/R000000042
R000000017/5.791801/0082/R000000035
Q000000003/3.854596/0000/R000000017
<NEXT>