#
#  Reaction log file
#  Author: LigBuilder V3 User_Diana
#  Creation time: Mon Feb 23 23:33:03 2026
#  Format:
#  QueryMoleculeId/Cost/SynthesizeId/ReactantId1/ReactantId2/ReactantId3.....
#  Id prefix:
#  Q --- Query Molecule
#  M --- Material
#  R --- Reactant
#
Directory      result/synthesize_HsDHODH/293/DATABASE/
#
Q000000001/5.791801/0000/R000000001
M000000005/1.000000/0000/Sigma_BB-28426396
M000000006/1.000000/0000/Sigma_BB-28764950
R000000004/2.222222/0004/M000000005/M000000006
R000000003/2.469136/0197/R000000004
M000000008/1.000000/0000/Sigma_BB-28431283
R000000009/1.000000/0000/Guesstimate
R000000007/2.222222/0004/M000000008/R000000009
R000000011/1.000000/0000/Guesstimate
R000000012/1.000000/0000/Guesstimate
R000000010/3.333333/0225/R000000011/R000000009/R000000012
R000000010/3.333333/0225/R000000011/R000000009/R000000012
R000000007/3.703704/0039/R000000010
R000000002/5.212621/0212/R000000003/R000000007
R000000002/5.212621/0212/R000000003/R000000007
R000000001/5.791801/0028/R000000002
M000000016/1.000000/0000/Sigma_BB-151008381
R000000015/1.111111/0054/M000000016
M000000017/1.000000/0000/Sigma_BB-326690278
R000000018/1.000000/0000/Guesstimate
R000000015/2.222222/0004/M000000017/R000000018
R000000014/1.234568/0009/R000000015
R000000019/1.000000/0000/Guesstimate
R000000014/2.222222/0003/M000000005/R000000019
R000000020/3.703704/0197/R000000010
R000000013/5.486969/0122/R000000014/R000000020
R000000013/5.486969/0122/R000000014/R000000020
R000000001/6.096632/0039/R000000013
Q000000002/Analysis Failed
Q000000003/Analysis Failed
Q000000004/Analysis Failed
<NEXT>