#
#  Reaction log file
#  Author: LigBuilder V3 User_Diana
#  Creation time: Mon Feb 23 23:11:45 2026
#  Format:
#  QueryMoleculeId/Cost/SynthesizeId/ReactantId1/ReactantId2/ReactantId3.....
#  Id prefix:
#  Q --- Query Molecule
#  M --- Material
#  R --- Reactant
#
Directory      result/synthesize_HsDHODH/29/DATABASE/
#
Q000000001/4.267642/0000/R000000001
M000000005/1.000000/0000/Sigma_BB-27151350
R000000004/1.111111/0091/M000000005
R000000006/1.000000/0000/Guesstimate
R000000003/2.345679/0112/R000000004/R000000006
M000000008/1.000000/0000/Sigma_BB-243767966
R000000007/2.222222/0256/M000000008/R000000006
R000000003/2.469136/0257/R000000007
M000000010/1.000000/0000/Sigma_BB-129567422
R000000009/1.111111/0041/M000000010
M000000012/1.000000/0000/Sigma_BB-244321917
R000000011/1.111111/0125/M000000012
R000000013/1.000000/0000/Guesstimate
R000000011/2.222222/0112/R000000013/M000000012
R000000009/1.234568/0040/R000000011
R000000002/3.840878/0003/R000000003/R000000009
R000000015/1.234568/0125/R000000004
R000000015/2.345679/0112/R000000004/R000000013
R000000014/2.482853/0112/R000000015/R000000006
R000000017/1.000000/0000/Guesstimate
R000000016/3.717421/0004/R000000003/R000000017
R000000014/4.130468/0009/R000000016
R000000019/1.000000/0000/Guesstimate
R000000018/2.222222/0004/R000000019/M000000012
M000000021/1.000000/0000/Sigma_BB-114105091
R000000020/2.222222/0004/R000000019/M000000021
M000000022/1.000000/0000/Sigma_BB-386044321
R000000020/2.222222/0112/M000000022/R000000013
R000000018/2.469136/0041/R000000020
R000000002/5.227862/0049/R000000014/R000000018
R000000001/4.267642/0099/R000000002
R000000025/1.371742/0040/R000000015
R000000024/2.635269/0112/R000000025/R000000006
R000000023/4.039188/0003/R000000024/M000000012
R000000026/3.717421/0004/R000000003/R000000019
R000000028/1.000000/0000/Guesstimate
R000000027/3.717421/0004/R000000003/R000000028
R000000029/1.000000/0000/Guesstimate
R000000030/1.000000/0000/Guesstimate
R000000027/4.828533/0225/R000000003/R000000029/R000000030
R000000026/4.130468/0085/R000000027
R000000023/5.365036/0049/R000000026/R000000011
R000000001/4.487987/0099/R000000023
Q000000002/6.096632/0000/R000000031
M000000035/1.000000/0000/Sigma_BB-27680560
M000000036/1.000000/0000/Sigma_BB-117278814
R000000034/2.222222/0003/M000000035/M000000036
M000000037/1.000000/0000/Sigma_BB-151857806
R000000034/2.222222/0049/M000000037/M000000022
R000000033/2.469136/0099/R000000034
M000000039/1.000000/0000/Sigma_BB-128362463
M000000040/1.000000/0000/Sigma_BB-28513998
R000000038/2.222222/0003/M000000039/M000000040
M000000041/1.000000/0000/Sigma_BB-137266802
M000000042/1.000000/0000/Sigma_BB-243331311
R000000038/2.222222/0112/M000000041/M000000042
R000000033/2.469136/0099/R000000038
R000000045/1.000000/0000/Guesstimate
R000000046/1.000000/0000/Guesstimate
R000000044/2.222222/0081/R000000045/R000000046
R000000047/1.000000/0000/Guesstimate
R000000044/2.222222/0210/R000000045/R000000047
R000000043/2.469136/0091/R000000044
R000000049/1.000000/0000/Guesstimate
R000000050/2.469136/0197/R000000044
R000000052/1.000000/0000/Guesstimate
R000000053/1.000000/0000/Guesstimate
R000000051/2.222222/0285/R000000052/R000000053
R000000050/2.469136/0279/R000000051
R000000048/3.854596/0112/R000000049/R000000050
R000000043/4.282884/0197/R000000048
R000000032/5.486969/0112/R000000033/R000000043
R000000055/2.345679/0003/R000000004/M000000036
R000000055/2.482853/0049/R000000015/M000000022
R000000054/2.606310/0099/R000000055
M000000057/1.000000/0000/Sigma_BB-28847043
R000000056/2.345679/0112/R000000004/M000000057
R000000056/2.635269/0003/R000000025/M000000040
R000000054/2.606310/0099/R000000056
R000000032/5.639385/0112/R000000054/R000000050
R000000031/6.096632/0041/R000000032
R000000060/2.743484/0041/R000000043
R000000060/2.743484/0233/R000000043
R000000059/4.159427/0112/M000000035/R000000060
R000000061/3.854596/0112/M000000035/R000000043
R000000061/3.978053/0112/R000000004/R000000050
R000000059/4.282884/0041/R000000061
R000000058/5.732697/0003/R000000059/M000000036
R000000063/3.854596/0112/M000000037/R000000043
R000000063/4.115227/0112/R000000015/R000000050
R000000062/4.282884/0041/R000000063
R000000064/5.732697/0004/R000000059/R000000017
R000000062/6.369664/0009/R000000064
R000000058/5.869872/0049/R000000062/M000000022
R000000031/6.369664/0099/R000000058
Q000000003/6.096632/0000/R000000031
Q000000004/6.096632/0000/R000000065
M000000069/1.000000/0000/Sigma_BB-187845175
R000000068/2.222222/0004/M000000035/M000000069
R000000067/2.469136/0197/R000000068
R000000072/1.000000/0000/Guesstimate
R000000071/2.222222/0081/R000000045/R000000072
R000000071/2.469136/0059/R000000044
R000000070/2.469136/0091/R000000071
R000000070/2.743484/0059/R000000043
R000000066/5.486969/0112/R000000067/R000000070
R000000065/6.096632/0028/R000000066
R000000065/6.096632/0028/R000000066
<NEXT>