#
#  Reaction log file
#  Author: LigBuilder V3 User_Diana
#  Creation time: Mon Feb 23 23:25:08 2026
#  Format:
#  QueryMoleculeId/Cost/SynthesizeId/ReactantId1/ReactantId2/ReactantId3.....
#  Id prefix:
#  Q --- Query Molecule
#  M --- Material
#  R --- Reactant
#
Directory      result/synthesize_HsDHODH/208/DATABASE/
#
Q000000001/Analysis Failed
Q000000002/7.790141/0000/R000000001
M000000006/1.000000/0000/Sigma_BB-30399791
R000000005/1.111111/0293/M000000006
R000000004/1.234568/0257/R000000005
R000000003/1.371742/0090/R000000004
R000000008/1.000000/0000/Guesstimate
R000000009/1.000000/0000/Guesstimate
R000000007/2.222222/0122/R000000008/R000000009
R000000007/2.222222/0122/R000000008/R000000009
R000000003/2.469136/0012/R000000007
R000000012/1.000000/0000/Guesstimate
R000000013/1.000000/0000/Guesstimate
R000000011/2.222222/0012/R000000012/R000000013
R000000014/1.000000/0000/Guesstimate
R000000015/1.000000/0000/Guesstimate
R000000011/2.222222/0112/R000000014/R000000015
R000000017/1.000000/0000/Guesstimate
R000000018/1.000000/0000/Guesstimate
R000000016/2.222222/0224/R000000017/R000000018
R000000010/4.938272/0159/R000000011/R000000016
R000000002/7.011127/0112/R000000003/R000000010
R000000001/7.790141/0041/R000000002
R000000022/1.000000/0000/Guesstimate
R000000023/1.000000/0000/Guesstimate
R000000021/2.222222/0256/R000000022/R000000023
R000000025/1.000000/0000/Guesstimate
R000000024/2.222222/0256/R000000022/R000000025
R000000021/2.469136/0041/R000000024
R000000026/1.000000/0000/Guesstimate
R000000020/3.580247/0004/R000000021/R000000026
R000000028/1.000000/0000/Guesstimate
R000000027/3.580247/0003/R000000021/R000000028
R000000020/3.978053/0040/R000000027
R000000031/1.000000/0000/Guesstimate
R000000030/3.580247/0159/R000000031/R000000016
R000000029/3.978053/0040/R000000030
R000000033/1.000000/0000/Guesstimate
R000000032/2.222222/0012/R000000033/R000000013
R000000034/1.000000/0000/Guesstimate
R000000032/2.222222/0112/R000000034/R000000015
R000000029/4.938272/0159/R000000032/R000000016
R000000019/8.398111/0001/R000000020/R000000029
R000000035/5.531170/0001/R000000026/R000000029
R000000036/1.000000/0000/Guesstimate
R000000035/5.531170/0003/R000000029/R000000036
R000000019/8.614881/0002/R000000021/R000000035
R000000001/9.331235/0042/R000000019
Q000000003/7.790141/0000/R000000001
Q000000004/7.790141/0000/R000000001
<NEXT>