#
#  Reaction log file
#  Author: LigBuilder V3 User_Diana
#  Creation time: Mon Feb 23 23:31:46 2026
#  Format:
#  QueryMoleculeId/Cost/SynthesizeId/ReactantId1/ReactantId2/ReactantId3.....
#  Id prefix:
#  Q --- Query Molecule
#  M --- Material
#  R --- Reactant
#
Directory      result/synthesize_HsDHODH/284/DATABASE/
#
Q000000001/6.096632/0000/R000000001
R000000005/1.000000/0000/Guesstimate
R000000006/1.000000/0000/Guesstimate
R000000004/2.222222/0122/R000000005/R000000006
R000000004/2.222222/0122/R000000005/R000000006
R000000003/2.469136/0012/R000000004
R000000007/2.222222/0012/R000000005/R000000006
R000000007/2.222222/0285/R000000005/R000000006
R000000003/2.469136/0122/R000000007
M000000010/1.000000/0000/Sigma_BB-28769194
R000000011/1.000000/0000/Guesstimate
R000000009/2.222222/0275/M000000010/R000000011
R000000012/2.743484/0079/R000000008
R000000013/1.000000/0000/Guesstimate
R000000012/3.854596/0112/R000000008/R000000013
R000000009/3.048316/0040/R000000012
R000000008/2.469136/0091/R000000009
R000000015/1.000000/0000/Guesstimate
R000000016/1.000000/0000/Guesstimate
R000000014/2.222222/0012/R000000015/R000000016
R000000017/1.000000/0000/Guesstimate
R000000018/1.000000/0000/Guesstimate
R000000014/2.222222/0112/R000000017/R000000018
R000000020/1.000000/0000/Guesstimate
R000000021/1.000000/0000/Guesstimate
R000000019/2.222222/0169/R000000020/R000000021
R000000022/1.000000/0000/Guesstimate
R000000019/2.222222/0274/R000000022/R000000021
R000000008/4.938272/0159/R000000014/R000000019
R000000002/5.486969/0112/R000000003/R000000008
R000000025/1.000000/0000/Guesstimate
R000000026/1.000000/0000/Guesstimate
R000000024/2.222222/0012/R000000025/R000000026
R000000024/2.222222/0285/R000000025/R000000026
R000000023/2.469136/0003/R000000024
R000000027/2.222222/0003/R000000025/R000000026
R000000028/1.000000/0000/Guesstimate
R000000027/2.222222/0122/R000000028/R000000006
R000000023/2.469136/0012/R000000027
M000000031/1.000000/0000/Sigma_BB-29088450
R000000030/2.222222/0275/M000000031/R000000011
R000000029/3.580247/0004/R000000022/R000000030
R000000033/1.000000/0000/Guesstimate
R000000032/3.580247/0004/R000000033/R000000030
R000000034/1.000000/0000/Guesstimate
R000000032/4.691358/0225/R000000030/R000000013/R000000034
R000000029/3.978053/0085/R000000032
R000000002/6.721537/0049/R000000023/R000000029
R000000001/6.096632/0041/R000000002
R000000038/1.000000/0000/Guesstimate
R000000039/1.000000/0000/Guesstimate
R000000037/2.222222/0256/R000000038/R000000039
R000000041/1.000000/0000/Guesstimate
R000000040/2.222222/0256/R000000038/R000000041
R000000037/2.469136/0041/R000000040
R000000036/3.580247/0004/R000000037/R000000033
R000000043/1.000000/0000/Guesstimate
R000000042/3.580247/0003/R000000037/R000000043
R000000036/3.978053/0040/R000000042
R000000035/6.447188/0001/R000000036/R000000009
R000000044/3.580247/0001/R000000033/R000000009
R000000045/1.000000/0000/Guesstimate
R000000044/3.580247/0003/R000000009/R000000045
R000000035/6.447188/0002/R000000037/R000000044
R000000001/7.163543/0042/R000000035
Q000000002/Analysis Failed
Q000000003/Analysis Failed
<NEXT>