#
#  Reaction log file
#  Author: LigBuilder V3 User_Diana
#  Creation time: Mon Feb 23 23:24:42 2026
#  Format:
#  QueryMoleculeId/Cost/SynthesizeId/ReactantId1/ReactantId2/ReactantId3.....
#  Id prefix:
#  Q --- Query Molecule
#  M --- Material
#  R --- Reactant
#
Directory      result/synthesize_HsDHODH/198/DATABASE/
#
Q000000001/5.683586/0000/R000000001
R000000005/1.000000/0000/Guesstimate
R000000006/1.000000/0000/Guesstimate
R000000007/1.000000/0000/Guesstimate
R000000004/3.333333/0225/R000000005/R000000006/R000000007
R000000004/3.333333/0225/R000000005/R000000006/R000000007
R000000003/3.703704/0085/R000000004
R000000008/3.703704/0087/R000000004
R000000003/5.226338/0275/R000000008/R000000007
R000000002/4.115227/0156/R000000003
R000000009/4.115227/0156/R000000008
R000000002/5.683586/0275/R000000009/R000000007
R000000010/1.000000/0000/Guesstimate
R000000001/5.683586/0003/R000000002/R000000010
R000000013/4.814815/0003/R000000004/R000000010
R000000012/5.349795/0204/R000000013
R000000011/5.944217/0247/R000000012
R000000001/6.604685/0040/R000000011
Q000000002/2.606310/0000/R000000014
M000000017/1.000000/0000/Sigma_BB-316039288
R000000016/1.111111/0287/M000000017
M000000019/1.000000/0000/Sigma_BB-161564803
R000000018/1.111111/0287/M000000019
M000000020/1.000000/0000/Sigma_BB-183933834
R000000018/1.111111/0287/M000000020
R000000016/1.234568/0197/R000000018
M000000021/1.000000/0000/Sigma_BB-28769380
R000000015/2.345679/0004/R000000016/M000000021
R000000023/1.000000/0000/Guesstimate
R000000022/2.345679/0004/R000000016/R000000023
R000000025/1.000000/0000/Guesstimate
R000000024/2.345679/0003/R000000016/R000000025
R000000022/2.606310/0040/R000000024
M000000026/1.000000/0000/Sigma_BB-28760249
R000000015/3.717421/0004/R000000022/M000000026
R000000014/2.606310/0153/R000000015
M000000029/1.000000/0000/Sigma_BB-28423565
R000000028/1.111111/0091/M000000029
R000000031/1.000000/0000/Guesstimate
R000000032/1.000000/0000/Guesstimate
R000000030/2.222222/0012/R000000031/R000000032
R000000033/1.000000/0000/Guesstimate
R000000034/1.000000/0000/Guesstimate
R000000030/2.222222/0112/R000000033/R000000034
R000000028/3.580247/0159/R000000030/R000000023
R000000027/2.469136/0112/R000000016/R000000028
R000000035/1.234568/0091/R000000018
R000000037/1.000000/0000/Guesstimate
R000000036/2.345679/0112/R000000016/R000000037
R000000035/2.606310/0197/R000000036
R000000027/2.482853/0112/R000000035/M000000026
R000000014/2.743484/0059/R000000027
Q000000003/Analysis Failed
<NEXT>