#
#  Reaction log file
#  Author: LigBuilder V3 User_Diana
#  Creation time: Mon Feb 23 23:26:26 2026
#  Format:
#  QueryMoleculeId/Cost/SynthesizeId/ReactantId1/ReactantId2/ReactantId3.....
#  Id prefix:
#  Q --- Query Molecule
#  M --- Material
#  R --- Reactant
#
Directory      result/synthesize_HsDHODH/231/DATABASE/
#
Q000000001/3.993294/0000/R000000001
M000000003/1.000000/0000/Sigma_BB-119769645
R000000004/1.000000/0000/Guesstimate
R000000002/2.222222/0018/M000000003/R000000004
R000000006/1.000000/0000/Guesstimate
R000000005/2.222222/0018/M000000003/R000000006
R000000008/1.000000/0000/Guesstimate
R000000007/2.222222/0018/M000000003/R000000008
R000000005/2.469136/0082/R000000007
R000000002/2.469136/0059/R000000005
R000000012/1.000000/0000/Guesstimate
R000000011/1.111111/0125/R000000012
R000000013/1.000000/0000/Guesstimate
R000000011/2.222222/0112/R000000013/R000000012
R000000010/1.234568/0041/R000000011
R000000010/1.234568/0233/R000000011
R000000009/1.371742/0155/R000000010
R000000015/1.000000/0000/Guesstimate
R000000014/2.222222/0004/R000000015/R000000012
R000000017/1.000000/0000/Guesstimate
R000000016/2.222222/0003/R000000012/R000000017
R000000018/1.000000/0000/Guesstimate
R000000016/2.345679/0049/R000000011/R000000018
R000000014/2.469136/0040/R000000016
R000000009/2.469136/0197/R000000014
R000000001/3.993294/0170/R000000002/R000000009
M000000021/1.000000/0000/Sigma_BB-27941182
R000000020/2.345679/0224/M000000021/R000000011
R000000019/2.606310/0009/R000000020
R000000023/1.000000/0000/Guesstimate
R000000022/2.345679/0224/R000000023/R000000011
R000000025/1.000000/0000/Guesstimate
R000000024/2.345679/0224/R000000025/R000000011
R000000022/2.606310/0260/R000000024
R000000019/2.606310/0079/R000000022
R000000001/4.007011/0018/M000000003/R000000019
Q000000002/3.993294/0000/R000000001
Q000000003/3.993294/0000/R000000001
<NEXT>