#
#  Reaction log file
#  Author: LigBuilder V3 User_Diana
#  Creation time: Mon Feb 23 23:29:00 2026
#  Format:
#  QueryMoleculeId/Cost/SynthesizeId/ReactantId1/ReactantId2/ReactantId3.....
#  Id prefix:
#  Q --- Query Molecule
#  M --- Material
#  R --- Reactant
#
Directory      result/synthesize_HsDHODH/260/DATABASE/
#
Q000000001/4.420058/0000/R000000001
M000000005/1.000000/0000/Sigma_BB-27151350
R000000004/1.111111/0091/M000000005
M000000006/1.000000/0000/Sigma_BB-156331499
R000000003/2.345679/0003/R000000004/M000000006
R000000007/1.234568/0125/R000000004
R000000008/1.000000/0000/Guesstimate
R000000007/2.345679/0112/R000000004/R000000008
M000000009/1.000000/0000/Sigma_BB-30479921
R000000003/2.482853/0049/R000000007/M000000009
R000000012/1.000000/0000/Guesstimate
R000000011/1.111111/0245/R000000012
R000000011/1.111111/0245/R000000012
R000000010/1.234568/0295/R000000011
R000000002/3.978052/0112/R000000003/R000000010
M000000014/1.000000/0000/Sigma_BB-27680560
R000000013/2.222222/0003/M000000014/M000000006
M000000015/1.000000/0000/Sigma_BB-151857806
R000000013/2.222222/0049/M000000015/M000000009
R000000018/1.000000/0000/Guesstimate
R000000017/2.482853/0112/R000000018/R000000010
R000000016/2.758726/0197/R000000017
R000000002/5.534387/0112/R000000013/R000000016
R000000001/4.420058/0099/R000000002
R000000021/1.371742/0040/R000000007
R000000020/2.895900/0112/R000000021/R000000010
M000000022/1.000000/0000/Sigma_BB-128362463
R000000020/4.176363/0112/M000000022/R000000016
M000000023/1.000000/0000/Sigma_BB-187814549
R000000019/4.328778/0003/R000000020/M000000023
R000000026/1.000000/0000/Guesstimate
R000000025/2.345679/0004/R000000004/R000000026
R000000024/3.978052/0112/R000000025/R000000010
R000000027/2.222222/0004/M000000014/R000000026
R000000024/5.534387/0112/R000000027/R000000016
M000000028/1.000000/0000/Sigma_BB-27355816
R000000019/5.531169/0049/R000000024/M000000028
R000000001/4.809754/0099/R000000019
Q000000002/4.420058/0000/R000000001
Q000000003/4.420058/0000/R000000001
<NEXT>