#
#  Reaction log file
#  Author: LigBuilder V3 User_Diana
#  Creation time: Mon Feb 23 23:13:13 2026
#  Format:
#  QueryMoleculeId/Cost/SynthesizeId/ReactantId1/ReactantId2/ReactantId3.....
#  Id prefix:
#  Q --- Query Molecule
#  M --- Material
#  R --- Reactant
#
Directory      result/synthesize_HsDHODH/47/DATABASE/
#
Q000000001/4.130468/0000/R000000001
M000000004/1.000000/0000/Sigma_BB-136985868
M000000006/1.000000/0000/Sigma_BB-30474059
R000000005/1.111111/0091/M000000006
R000000003/2.345679/0112/M000000004/R000000005
M000000008/1.000000/0000/Sigma_BB-30085675
R000000007/2.345679/0112/M000000008/R000000005
R000000009/1.000000/0000/Guesstimate
R000000003/3.717421/0275/R000000007/R000000009
M000000010/1.000000/0000/Sigma_BB-311211147
R000000002/3.717421/0003/R000000003/M000000010
M000000013/1.000000/0000/Sigma_BB-68700031
R000000014/1.000000/0000/Guesstimate
R000000012/2.222222/0004/M000000013/R000000014
R000000011/3.703704/0112/R000000012/R000000005
R000000015/2.345679/0112/M000000013/R000000005
R000000015/2.606310/0197/R000000003
R000000011/3.717421/0004/R000000015/R000000014
M000000018/1.000000/0000/Sigma_BB-379288030
R000000017/1.111111/0091/M000000018
R000000016/1.234568/0079/R000000017
R000000020/1.000000/0000/Guesstimate
R000000019/2.222222/0004/R000000020/M000000010
R000000016/2.469136/0009/R000000019
R000000002/5.486969/0049/R000000011/R000000016
R000000001/4.130468/0099/R000000002
R000000021/3.717421/0003/R000000015/M000000018
R000000023/1.111111/0079/M000000008
R000000024/8.100000/0000/Guesstimate
R000000023/9.000001/0082/R000000024
R000000022/2.469136/0112/R000000023/R000000005
R000000025/1.000000/0000/Guesstimate
R000000022/3.717421/0112/R000000007/R000000025
R000000027/1.234568/0092/R000000017
R000000028/1.000000/0000/Guesstimate
R000000027/2.222222/0004/R000000028/M000000010
R000000026/1.371742/0085/R000000027
R000000026/2.222222/0004/R000000014/M000000010
R000000021/4.267642/0049/R000000022/R000000026
R000000001/4.130468/0099/R000000021
Q000000002/4.130468/0000/R000000001
Q000000003/4.130468/0000/R000000001
<NEXT>