#
#  Reaction log file
#  Author: LigBuilder V3 User_Diana
#  Creation time: Mon Feb 23 23:18:06 2026
#  Format:
#  QueryMoleculeId/Cost/SynthesizeId/ReactantId1/ReactantId2/ReactantId3.....
#  Id prefix:
#  Q --- Query Molecule
#  M --- Material
#  R --- Reactant
#
Directory      result/synthesize_HsDHODH/110/DATABASE/
#
Q000000001/4.159427/0000/R000000001
M000000005/1.000000/0000/Sigma_BB-28416257
R000000006/1.000000/0000/Guesstimate
R000000004/2.222222/0231/M000000005/R000000006
R000000003/2.469136/0082/R000000004
R000000008/1.000000/0000/Guesstimate
R000000007/2.222222/0231/M000000005/R000000008
R000000009/1.000000/0000/Guesstimate
R000000003/3.580247/0112/R000000007/R000000009
R000000002/2.743484/0041/R000000003
M000000012/1.000000/0000/Sigma_BB-151008381
R000000013/1.000000/0000/Guesstimate
R000000011/2.222222/0256/M000000012/R000000013
R000000010/2.469136/0155/R000000011
M000000015/1.000000/0000/Sigma_BB-326690278
R000000016/1.000000/0000/Guesstimate
R000000014/2.222222/0122/M000000015/R000000016
R000000014/2.222222/0122/M000000015/R000000016
R000000010/2.469136/0293/R000000014
R000000002/2.743484/0090/R000000010
R000000017/1.000000/0000/Guesstimate
R000000001/4.159427/0003/R000000002/R000000017
R000000018/3.854596/0003/R000000003/R000000017
R000000021/1.000000/0000/Guesstimate
R000000020/2.222222/0256/M000000012/R000000021
R000000019/2.469136/0079/R000000020
R000000023/1.000000/0000/Guesstimate
R000000022/2.222222/0256/M000000012/R000000023
R000000019/2.469136/0082/R000000022
R000000024/2.222222/0001/R000000017/R000000017
R000000025/1.000000/0000/Guesstimate
R000000024/2.222222/0003/R000000017/R000000025
R000000018/5.212621/0042/R000000019/R000000024
R000000001/4.282884/0041/R000000018
Q000000002/4.159427/0000/R000000001
Q000000003/5.791801/0000/R000000026
M000000029/1.000000/0000/Sigma_BB-136985868
M000000030/1.000000/0000/Sigma_BB-189413541
R000000028/2.222222/0003/M000000029/M000000030
M000000031/1.000000/0000/Sigma_BB-30085675
M000000033/1.000000/0000/Sigma_BB-28826737
R000000032/1.111111/0114/M000000033
M000000034/1.000000/0000/Sigma_BB-117837614
R000000032/1.111111/0287/M000000034
R000000028/2.345679/0112/M000000031/R000000032
R000000027/2.469136/0099/R000000028
R000000027/2.469136/0099/R000000028
R000000038/1.000000/0000/Guesstimate
R000000039/1.000000/0000/Guesstimate
R000000037/2.222222/0274/R000000038/R000000039
R000000036/2.469136/0125/R000000037
R000000036/3.580247/0112/R000000037/R000000009
R000000035/2.743484/0285/R000000036
R000000026/5.791801/0112/R000000027/R000000035
R000000042/1.111111/0092/M000000031
M000000043/1.000000/0000/Sigma_BB-68700031
R000000042/2.222222/0004/M000000043/R000000017
M000000045/1.000000/0000/Sigma_BB-28769516
R000000044/2.222222/0004/M000000045/M000000030
R000000047/1.000000/0000/Guesstimate
R000000046/2.222222/0004/R000000047/M000000030
R000000044/2.469136/0058/R000000046
R000000041/3.703704/0212/R000000042/R000000044
R000000041/3.703704/0212/R000000042/R000000044
R000000040/7.163543/0112/R000000041/R000000035
R000000048/4.282884/0112/R000000042/R000000035
R000000040/7.227896/0212/R000000048/R000000044
R000000026/7.959492/0150/R000000040
<NEXT>