#
#  Reaction log file
#  Author: LigBuilder V3 User_Diana
#  Creation time: Mon Feb 23 23:29:26 2026
#  Format:
#  QueryMoleculeId/Cost/SynthesizeId/ReactantId1/ReactantId2/ReactantId3.....
#  Id prefix:
#  Q --- Query Molecule
#  M --- Material
#  R --- Reactant
#
Directory      result/synthesize_HsDHODH/262/DATABASE/
#
Q000000001/5.287512/0000/R000000001
M000000005/1.000000/0000/Sigma_BB-151008381
R000000004/1.111111/0054/M000000005
M000000006/1.000000/0000/Sigma_BB-326690278
R000000007/1.000000/0000/Guesstimate
R000000004/2.222222/0004/M000000006/R000000007
R000000003/1.234568/0009/R000000004
M000000008/1.000000/0000/Sigma_BB-28426396
R000000009/1.000000/0000/Guesstimate
R000000003/2.222222/0003/M000000008/R000000009
R000000014/1.000000/0000/Guesstimate
R000000015/1.000000/0000/Guesstimate
R000000013/2.222222/0224/R000000014/R000000015
R000000012/2.469136/0040/R000000013
R000000017/1.000000/0000/Guesstimate
R000000016/2.222222/0224/R000000017/R000000015
R000000018/1.000000/0000/Guesstimate
R000000012/3.580247/0004/R000000016/R000000018
R000000011/2.743484/0197/R000000012
R000000010/3.048316/0257/R000000011
R000000019/3.580247/0001/R000000016/R000000009
R000000020/1.000000/0000/Guesstimate
R000000019/3.580247/0004/R000000016/R000000020
R000000010/3.978053/0197/R000000019
R000000002/4.758760/0122/R000000003/R000000010
R000000002/4.758760/0122/R000000003/R000000010
R000000001/5.287512/0041/R000000002
M000000024/1.000000/0000/Sigma_BB-28764950
R000000023/2.222222/0004/M000000008/M000000024
R000000022/2.469136/0197/R000000023
R000000021/5.486969/0212/R000000022/R000000012
R000000021/5.486969/0212/R000000022/R000000012
R000000001/6.096632/0028/R000000021
Q000000002/5.287512/0000/R000000001
Q000000003/Analysis Failed
<NEXT>