#
#  Reaction log file
#  Author: LigBuilder V3 User_Diana
#  Creation time: Mon Feb 23 23:11:34 2026
#  Format:
#  QueryMoleculeId/Cost/SynthesizeId/ReactantId1/ReactantId2/ReactantId3.....
#  Id prefix:
#  Q --- Query Molecule
#  M --- Material
#  R --- Reactant
#
Directory      result/synthesize_HsDHODH/17/DATABASE/
#
Q000000001/7.468375/0000/R000000001
M000000005/1.000000/0000/Sigma_BB-27680560
M000000006/1.000000/0000/Sigma_BB-28766675
R000000004/2.222222/0003/M000000005/M000000006
M000000007/1.000000/0000/Sigma_BB-243767903
M000000008/1.000000/0000/Sigma_BB-35361921
R000000004/2.222222/0112/M000000007/M000000008
R000000003/2.469136/0099/R000000004
M000000010/1.000000/0000/Sigma_BB-128362463
M000000011/1.000000/0000/Sigma_BB-28766514
R000000009/2.222222/0003/M000000010/M000000011
M000000012/1.000000/0000/Sigma_BB-137266802
M000000013/1.000000/0000/Sigma_BB-28799148
R000000009/2.222222/0112/M000000012/M000000013
R000000003/2.469136/0099/R000000009
R000000015/1.000000/0000/Guesstimate
R000000017/1.000000/0000/Guesstimate
R000000018/1.000000/0000/Guesstimate
R000000016/2.222222/0119/R000000017/R000000018
R000000019/1.000000/0000/Guesstimate
R000000016/2.222222/0276/R000000017/R000000019
R000000014/3.580247/0285/R000000015/R000000016
R000000002/6.721537/0112/R000000003/R000000014
R000000021/3.854596/0112/R000000003/R000000015
M000000024/1.000000/0000/Sigma_BB-243767966
R000000023/2.222222/0003/M000000024/M000000006
R000000022/2.469136/0099/R000000023
R000000026/1.000000/0000/Guesstimate
R000000025/3.854596/0004/R000000003/R000000026
R000000022/4.282884/0009/R000000025
R000000027/1.000000/0000/Guesstimate
R000000021/3.854596/0138/R000000022/R000000027
R000000028/1.000000/0000/Guesstimate
R000000020/5.393995/0012/R000000021/R000000028
R000000030/2.222222/0285/R000000015/R000000028
R000000029/4.938272/0112/R000000004/R000000030
R000000020/5.486969/0099/R000000029
R000000033/1.000000/0000/Guesstimate
R000000032/2.222222/0003/R000000033/R000000018
R000000031/2.469136/0059/R000000032
R000000035/1.000000/0000/Guesstimate
R000000034/2.222222/0112/R000000033/R000000035
R000000031/2.469136/0147/R000000034
R000000002/8.736813/0279/R000000020/R000000031
R000000001/7.468375/0279/R000000002
R000000037/5.212621/0279/R000000030/R000000031
R000000038/4.938272/0279/R000000030/R000000034
R000000038/4.938272/0279/R000000030/R000000034
R000000037/5.486969/0147/R000000038
R000000036/8.535286/0112/R000000003/R000000037
R000000036/8.736813/0279/R000000020/R000000031
R000000001/9.483651/0279/R000000036
Q000000002/6.096632/0000/R000000039
M000000043/1.000000/0000/Sigma_BB-117278814
R000000042/2.222222/0003/M000000005/M000000043
M000000044/1.000000/0000/Sigma_BB-151857806
M000000045/1.000000/0000/Sigma_BB-386044321
R000000042/2.222222/0049/M000000044/M000000045
R000000041/2.469136/0099/R000000042
M000000047/1.000000/0000/Sigma_BB-28513998
R000000046/2.222222/0003/M000000010/M000000047
M000000048/1.000000/0000/Sigma_BB-243331311
R000000046/2.222222/0112/M000000012/M000000048
R000000041/2.469136/0099/R000000046
R000000051/1.000000/0000/Guesstimate
R000000052/1.000000/0000/Guesstimate
R000000050/2.222222/0081/R000000051/R000000052
R000000053/1.000000/0000/Guesstimate
R000000050/2.222222/0210/R000000051/R000000053
R000000049/2.469136/0091/R000000050
R000000055/1.000000/0000/Guesstimate
R000000056/1.000000/0000/Guesstimate
R000000054/2.222222/0285/R000000055/R000000056
R000000054/2.222222/0285/R000000055/R000000056
R000000049/2.469136/0285/R000000054
R000000040/5.486969/0112/R000000041/R000000049
R000000039/6.096632/0059/R000000040
R000000059/3.854596/0112/M000000005/R000000049
R000000058/4.282884/0059/R000000059
R000000060/1.000000/0000/Guesstimate
R000000058/5.393995/0224/R000000059/R000000060
R000000057/5.869872/0003/R000000058/M000000043
R000000062/3.854596/0112/M000000044/R000000049
R000000062/5.393995/0112/R000000059/R000000019
R000000061/4.282884/0059/R000000062
R000000063/5.869872/0004/R000000058/R000000026
R000000061/6.522080/0009/R000000063
R000000057/5.869872/0049/R000000061/M000000045
R000000039/6.522080/0099/R000000057
Q000000003/6.096632/0000/R000000039
<NEXT>