#
#  Reaction log file
#  Author: LigBuilder V3 User_Diana
#  Creation time: Mon Feb 23 23:27:17 2026
#  Format:
#  QueryMoleculeId/Cost/SynthesizeId/ReactantId1/ReactantId2/ReactantId3.....
#  Id prefix:
#  Q --- Query Molecule
#  M --- Material
#  R --- Reactant
#
Directory      result/synthesize_HsDHODH/238/DATABASE/
#
Q000000001/6.096632/0000/R000000001
R000000005/1.000000/0000/Guesstimate
R000000006/1.000000/0000/Guesstimate
R000000004/2.222222/0004/R000000005/R000000006
R000000003/2.469136/0085/R000000004
R000000007/2.469136/0087/R000000004
R000000008/1.000000/0000/Guesstimate
R000000003/3.854596/0275/R000000007/R000000008
R000000011/1.000000/0000/Guesstimate
R000000012/1.000000/0000/Guesstimate
R000000010/2.222222/0256/R000000011/R000000012
R000000009/2.469136/0155/R000000010
R000000014/1.000000/0000/Guesstimate
R000000013/2.222222/0002/R000000014/R000000012
R000000013/2.222222/0004/R000000014/R000000012
R000000009/2.469136/0197/R000000013
R000000002/5.486969/0122/R000000003/R000000009
R000000016/1.000000/0000/Guesstimate
R000000015/3.854596/0122/R000000003/R000000016
R000000018/1.000000/0000/Guesstimate
R000000017/3.854596/0301/R000000003/R000000018
R000000017/3.854596/0301/R000000003/R000000018
R000000015/4.282884/0139/R000000017
R000000021/1.000000/0000/Guesstimate
R000000022/1.000000/0000/Guesstimate
R000000020/2.222222/0256/R000000021/R000000022
R000000019/2.469136/0295/R000000020
R000000023/2.743484/0041/R000000009
R000000023/2.743484/0233/R000000009
R000000019/3.048316/0295/R000000023
R000000002/7.026369/0279/R000000015/R000000019
R000000001/6.096632/0294/R000000002
R000000027/1.000000/0000/Guesstimate
R000000026/3.580247/0001/R000000004/R000000027
R000000026/4.282884/0082/R000000015
R000000025/3.978053/0040/R000000026
M000000030/1.000000/0000/Sigma_BB-28775379
R000000029/2.222222/0004/M000000030/R000000012
R000000031/1.000000/0000/Guesstimate
R000000029/3.333333/0225/R000000031/R000000012/R000000008
R000000028/2.469136/0197/R000000029
R000000033/1.000000/0000/Guesstimate
R000000032/2.222222/0004/R000000033/R000000012
R000000032/2.743484/0040/R000000009
M000000035/1.000000/0000/Sigma_BB-28247348
R000000034/1.111111/0085/M000000035
R000000036/1.000000/0000/Guesstimate
R000000034/2.222222/0004/R000000033/R000000036
R000000028/3.703704/0212/R000000032/R000000034
R000000024/7.163543/0212/R000000025/R000000028
R000000024/7.163543/0212/R000000025/R000000028
R000000001/7.959492/0296/R000000024
Q000000002/6.096632/0000/R000000001
Q000000003/6.096632/0000/R000000001
<NEXT>