#
#  Reaction log file
#  Author: LigBuilder V3 User_Diana
#  Creation time: Mon Feb 23 23:18:09 2026
#  Format:
#  QueryMoleculeId/Cost/SynthesizeId/ReactantId1/ReactantId2/ReactantId3.....
#  Id prefix:
#  Q --- Query Molecule
#  M --- Material
#  R --- Reactant
#
Directory      result/synthesize_HsDHODH/115/DATABASE/
#
Q000000001/4.007011/0000/R000000001
M000000002/1.000000/0000/Sigma_BB-244317393
R000000006/1.000000/0000/Guesstimate
R000000005/1.111111/0283/R000000006
R000000007/1.000000/0000/Guesstimate
R000000004/2.345679/0277/R000000005/R000000007
R000000003/2.606310/0099/R000000004
R000000009/2.606310/0247/R000000004
R000000008/2.895900/0147/R000000009
R000000003/3.217667/0188/R000000008
R000000001/4.007011/0112/M000000002/R000000003
R000000010/3.717421/0112/M000000002/R000000004
R000000011/2.345679/0112/M000000002/R000000005
M000000013/1.000000/0000/Sigma_BB-243331317
R000000012/2.345679/0256/M000000013/R000000005
R000000011/2.606310/0257/R000000012
R000000010/3.717421/0277/R000000011/R000000007
R000000001/4.130468/0099/R000000010
Q000000002/4.007011/0000/R000000001
Q000000003/4.007011/0000/R000000001
Q000000004/4.007011/0000/R000000001
<NEXT>