#
#  Reaction log file
#  Author: LigBuilder V3 User_Diana
#  Creation time: Mon Feb 23 23:22:26 2026
#  Format:
#  QueryMoleculeId/Cost/SynthesizeId/ReactantId1/ReactantId2/ReactantId3.....
#  Id prefix:
#  Q --- Query Molecule
#  M --- Material
#  R --- Reactant
#
Directory      result/synthesize_HsDHODH/182/DATABASE/
#
Q000000001/5.654626/0000/R000000001
R000000004/1.000000/0000/Guesstimate
R000000006/1.000000/0000/Guesstimate
R000000007/1.000000/0000/Guesstimate
R000000005/2.222222/0011/R000000006/R000000007
R000000008/1.000000/0000/Guesstimate
R000000005/2.222222/0277/R000000008/R000000007
R000000003/3.580247/0274/R000000004/R000000005
R000000009/1.000000/0000/Guesstimate
R000000011/1.000000/0000/Guesstimate
R000000012/1.000000/0000/Guesstimate
R000000010/2.222222/0277/R000000011/R000000012
R000000010/2.469136/0155/R000000005
R000000003/3.580247/0274/R000000009/R000000010
R000000002/3.978053/0122/R000000003
R000000015/1.000000/0000/Guesstimate
R000000014/3.580247/0122/R000000015/R000000005
R000000017/1.000000/0000/Guesstimate
R000000016/1.111111/0040/R000000017
R000000018/1.000000/0000/Guesstimate
R000000016/2.222222/0004/R000000015/R000000018
R000000013/5.212621/0274/R000000014/R000000016
R000000002/5.791801/0212/R000000013
M000000020/1.000000/0000/Sigma_BB-28769376
R000000019/1.111111/0114/M000000020
M000000023/1.000000/0000/Sigma_BB-28760249
R000000022/1.111111/0114/M000000023
M000000024/1.000000/0000/Sigma_BB-117837577
R000000022/1.111111/0155/M000000024
R000000025/1.000000/0000/Guesstimate
R000000021/2.345679/0112/R000000022/R000000025
R000000026/8.700000/0000/Guesstimate
R000000021/9.666667/0082/R000000026
R000000019/2.606310/0147/R000000021
R000000001/5.654626/0122/R000000002/R000000019
R000000027/5.212621/0122/R000000003/R000000019
R000000027/5.212621/0122/R000000003/R000000019
R000000001/5.791801/0122/R000000027
Q000000002/5.654626/0000/R000000028
R000000032/1.000000/0000/Guesstimate
R000000031/2.222222/0011/R000000006/R000000032
R000000031/2.222222/0277/R000000008/R000000032
R000000030/3.580247/0274/R000000004/R000000031
R000000034/1.000000/0000/Guesstimate
R000000033/2.222222/0277/R000000011/R000000034
R000000033/2.469136/0155/R000000031
R000000030/3.580247/0274/R000000009/R000000033
R000000029/3.978053/0122/R000000030
R000000036/4.420059/0260/R000000002
R000000036/4.420059/0260/R000000002
R000000035/4.911177/0040/R000000036
R000000037/4.420059/0040/R000000002
R000000038/8.100000/0000/Guesstimate
R000000039/1.000000/0000/Guesstimate
R000000037/9.100000/0004/R000000038/R000000039
R000000035/4.911177/0260/R000000037
R000000040/1.000000/0000/Guesstimate
R000000029/6.567974/0212/R000000035/R000000040
R000000028/5.654626/0122/R000000029/R000000019
R000000041/5.212621/0122/R000000030/R000000019
R000000041/5.212621/0122/R000000030/R000000019
R000000028/5.791801/0122/R000000041
Q000000003/5.791801/0000/R000000042
R000000046/1.000000/0000/Guesstimate
R000000045/2.222222/0274/R000000004/R000000046
R000000047/1.000000/0000/Guesstimate
R000000045/2.222222/0274/R000000009/R000000047
R000000044/2.469136/0122/R000000045
R000000049/8.500000/0000/Guesstimate
R000000048/9.444445/0118/R000000049
R000000050/1.000000/0000/Guesstimate
R000000048/9.500000/0112/R000000049/R000000050
R000000044/9.444445/0233/R000000048
M000000052/1.000000/0000/Sigma_BB-30382462
R000000053/1.000000/0000/Guesstimate
R000000051/2.222222/0003/M000000052/R000000053
R000000055/1.000000/0000/Guesstimate
M000000056/1.000000/0000/Sigma_BB-27929096
R000000054/2.222222/0175/R000000055/M000000056
R000000054/2.222222/0290/R000000055/M000000056
R000000051/2.469136/0009/R000000054
R000000043/5.212621/0279/R000000044/R000000051
R000000043/5.212621/0279/R000000044/R000000051
R000000042/5.791801/0059/R000000043
R000000060/1.000000/0000/Guesstimate
R000000059/2.222222/0274/R000000004/R000000060
R000000061/1.000000/0000/Guesstimate
R000000059/2.222222/0274/R000000009/R000000061
R000000058/2.469136/0112/R000000059
R000000062/8.700000/0000/Guesstimate
R000000058/9.666667/0082/R000000062
M000000065/1.000000/0000/Sigma_BB-30434510
R000000064/1.111111/0114/M000000065
M000000066/1.000000/0000/Sigma_BB-243340988
R000000067/1.000000/0000/Guesstimate
R000000064/2.222222/0175/M000000066/R000000067
R000000063/2.345679/0003/R000000053/R000000064
M000000069/1.000000/0000/Sigma_BB-30407107
R000000068/2.345679/0301/M000000069/R000000064
R000000068/2.345679/0301/M000000069/R000000064
R000000063/2.606310/0009/R000000068
R000000057/5.349795/0122/R000000058/R000000063
R000000057/5.349795/0122/R000000058/R000000063
R000000042/5.944217/0099/R000000057
<NEXT>