#
#  Reaction log file
#  Author: LigBuilder V3 User_Diana
#  Creation time: Mon Feb 23 23:27:48 2026
#  Format:
#  QueryMoleculeId/Cost/SynthesizeId/ReactantId1/ReactantId2/ReactantId3.....
#  Id prefix:
#  Q --- Query Molecule
#  M --- Material
#  R --- Reactant
#
Directory      result/synthesize_HsDHODH/245/DATABASE/
#
Q000000001/4.282884/0000/R000000001
R000000005/1.000000/0000/Guesstimate
M000000006/1.000000/0000/Sigma_BB-186850644
R000000004/2.222222/0112/R000000005/M000000006
R000000003/2.469136/0059/R000000004
R000000008/1.000000/0000/Guesstimate
R000000007/2.222222/0004/R000000005/R000000008
M000000009/1.000000/0000/Sigma_BB-28834919
R000000003/3.580247/0212/R000000007/M000000009
R000000010/1.000000/0000/Guesstimate
R000000002/3.854596/0112/R000000003/R000000010
R000000013/1.000000/0000/Guesstimate
R000000012/2.222222/0004/R000000013/R000000008
R000000011/2.469136/0009/R000000012
R000000014/7.400000/0000/Guesstimate
R000000011/8.222222/0082/R000000014
R000000017/1.000000/0000/Guesstimate
M000000018/1.000000/0000/Sigma_BB-156331499
R000000016/2.222222/0003/R000000017/M000000018
R000000019/1.000000/0000/Guesstimate
M000000020/1.000000/0000/Sigma_BB-30479921
R000000016/2.222222/0049/R000000019/M000000020
R000000015/2.469136/0147/R000000016
R000000022/1.000000/0000/Guesstimate
M000000023/1.000000/0000/Sigma_BB-187814549
R000000021/2.222222/0003/R000000022/M000000023
M000000024/1.000000/0000/Sigma_BB-243848667
R000000021/2.222222/0112/R000000017/M000000024
R000000015/2.469136/0147/R000000021
R000000002/5.486969/0095/R000000011/R000000015
R000000001/4.282884/0041/R000000002
R000000028/1.000000/0000/Guesstimate
R000000027/2.222222/0256/R000000005/R000000028
R000000031/1.000000/0000/Guesstimate
R000000030/3.854596/0095/R000000011/R000000031
R000000029/4.282884/0040/R000000030
R000000032/8.400000/0000/Guesstimate
R000000029/9.333333/0260/R000000032
R000000027/4.758760/0197/R000000029
R000000033/1.000000/0000/Guesstimate
R000000026/3.580247/0004/R000000027/R000000033
R000000035/1.000000/0000/Guesstimate
R000000034/3.854596/0095/R000000011/R000000035
R000000026/4.282884/0041/R000000034
M000000036/1.000000/0000/Sigma_BB-181645267
R000000025/5.089163/0049/R000000026/M000000036
M000000037/1.000000/0000/Sigma_BB-28775340
R000000025/5.869872/0003/R000000029/M000000037
R000000001/5.654626/0059/R000000025
Q000000002/Analysis Failed
Q000000003/Analysis Failed
<NEXT>