#
#  Reaction log file
#  Author: LigBuilder V3 User_Diana
#  Creation time: Mon Feb 23 23:11:27 2026
#  Format:
#  QueryMoleculeId/Cost/SynthesizeId/ReactantId1/ReactantId2/ReactantId3.....
#  Id prefix:
#  Q --- Query Molecule
#  M --- Material
#  R --- Reactant
#
Directory      result/synthesize_HsDHODH/6/DATABASE/
#
Q000000001/Analysis Failed
Q000000002/6.096632/0000/R000000001
M000000005/1.000000/0000/Sigma_BB-136985868
M000000006/1.000000/0000/Sigma_BB-28513998
R000000004/2.222222/0003/M000000005/M000000006
M000000007/1.000000/0000/Sigma_BB-30085675
M000000008/1.000000/0000/Sigma_BB-243331311
R000000004/2.222222/0112/M000000007/M000000008
R000000003/2.469136/0099/R000000004
M000000010/1.000000/0000/Sigma_BB-68700031
M000000011/1.000000/0000/Sigma_BB-117278814
R000000009/2.222222/0003/M000000010/M000000011
R000000003/2.469136/0099/R000000009
R000000014/1.000000/0000/Guesstimate
R000000015/1.000000/0000/Guesstimate
R000000013/2.222222/0081/R000000014/R000000015
R000000016/1.000000/0000/Guesstimate
R000000013/2.222222/0210/R000000014/R000000016
R000000012/2.469136/0091/R000000013
R000000018/1.000000/0000/Guesstimate
R000000019/1.000000/0000/Guesstimate
R000000017/2.222222/0285/R000000018/R000000019
R000000017/2.222222/0285/R000000018/R000000019
R000000012/2.469136/0285/R000000017
R000000002/5.486969/0112/R000000003/R000000012
R000000001/6.096632/0040/R000000002
R000000022/2.743484/0055/R000000012
R000000021/3.048316/0147/R000000022
R000000024/1.000000/0000/Guesstimate
R000000023/3.854596/0138/R000000012/R000000024
R000000025/1.000000/0000/Guesstimate
R000000023/3.854596/0141/R000000012/R000000025
R000000021/4.282884/0147/R000000023
R000000020/6.130503/0112/R000000003/R000000021
R000000001/6.811670/0073/R000000020
Q000000003/8.183412/0000/R000000026
M000000030/1.000000/0000/Sigma_BB-27680560
R000000029/2.222222/0003/M000000030/M000000011
M000000031/1.000000/0000/Sigma_BB-151857806
M000000032/1.000000/0000/Sigma_BB-386044321
R000000029/2.222222/0049/M000000031/M000000032
R000000028/2.469136/0099/R000000029
M000000034/1.000000/0000/Sigma_BB-128362463
R000000033/2.222222/0003/M000000034/M000000006
M000000035/1.000000/0000/Sigma_BB-137266802
R000000033/2.222222/0112/M000000035/M000000008
R000000028/2.469136/0099/R000000033
R000000037/2.743484/0040/R000000012
R000000038/1.000000/0000/Guesstimate
R000000036/4.159427/0119/R000000037/R000000038
R000000039/3.048316/0091/R000000037
R000000036/4.498129/0276/R000000039/R000000038
R000000027/7.365070/0112/R000000028/R000000036
R000000026/8.183412/0024/R000000027
R000000042/1.000000/0000/Guesstimate
R000000041/4.498129/0174/R000000039/R000000042
R000000043/1.111111/0287/R000000042
R000000041/4.621586/0112/R000000039/R000000043
R000000040/7.741406/0112/R000000028/R000000041
R000000026/8.601562/0025/R000000040
<NEXT>