#
#  Reaction log file
#  Author: LigBuilder V3 User_Diana
#  Creation time: Mon Feb 23 23:12:19 2026
#  Format:
#  QueryMoleculeId/Cost/SynthesizeId/ReactantId1/ReactantId2/ReactantId3.....
#  Id prefix:
#  Q --- Query Molecule
#  M --- Material
#  R --- Reactant
#
Directory      result/synthesize_HsDHODH/36/DATABASE/
#
Q000000001/4.267642/0000/R000000001
M000000005/1.000000/0000/Sigma_BB-27151350
R000000004/1.111111/0091/M000000005
R000000006/1.000000/0000/Guesstimate
R000000003/2.345679/0112/R000000004/R000000006
M000000008/1.000000/0000/Sigma_BB-243767966
R000000007/2.222222/0256/M000000008/R000000006
R000000003/2.469136/0257/R000000007
M000000010/1.000000/0000/Sigma_BB-129567422
R000000009/1.111111/0041/M000000010
M000000012/1.000000/0000/Sigma_BB-244321917
R000000011/1.111111/0125/M000000012
R000000013/1.000000/0000/Guesstimate
R000000011/2.222222/0112/R000000013/M000000012
R000000009/1.234568/0040/R000000011
R000000002/3.840878/0003/R000000003/R000000009
R000000015/1.234568/0125/R000000004
R000000015/2.345679/0112/R000000004/R000000013
R000000014/2.482853/0112/R000000015/R000000006
R000000017/1.000000/0000/Guesstimate
R000000016/3.717421/0004/R000000003/R000000017
R000000014/4.130468/0009/R000000016
R000000019/1.000000/0000/Guesstimate
R000000018/2.222222/0004/R000000019/M000000012
M000000021/1.000000/0000/Sigma_BB-114105091
R000000020/2.222222/0004/R000000019/M000000021
M000000022/1.000000/0000/Sigma_BB-386044321
R000000020/2.222222/0112/M000000022/R000000013
R000000018/2.469136/0041/R000000020
R000000002/5.227862/0049/R000000014/R000000018
R000000001/4.267642/0099/R000000002
R000000025/1.371742/0040/R000000015
R000000024/2.635269/0112/R000000025/R000000006
R000000023/4.039188/0003/R000000024/M000000012
R000000026/3.717421/0004/R000000003/R000000019
R000000028/1.000000/0000/Guesstimate
R000000027/3.717421/0004/R000000003/R000000028
R000000029/1.000000/0000/Guesstimate
R000000030/1.000000/0000/Guesstimate
R000000027/4.828533/0225/R000000003/R000000029/R000000030
R000000026/4.130468/0085/R000000027
R000000023/5.365036/0049/R000000026/R000000011
R000000001/4.487987/0099/R000000023
Q000000002/4.267642/0000/R000000001
Q000000003/Analysis Failed
Q000000004/Analysis Failed
<NEXT>