#
#  Reaction log file
#  Author: LigBuilder V3 User_Diana
#  Creation time: Mon Feb 23 23:30:16 2026
#  Format:
#  QueryMoleculeId/Cost/SynthesizeId/ReactantId1/ReactantId2/ReactantId3.....
#  Id prefix:
#  Q --- Query Molecule
#  M --- Material
#  R --- Reactant
#
Directory      result/synthesize_HsDHODH/274/DATABASE/
#
Q000000001/7.468375/0000/R000000001
R000000005/1.000000/0000/Guesstimate
R000000006/1.000000/0000/Guesstimate
R000000004/2.222222/0081/R000000005/R000000006
R000000007/1.000000/0000/Guesstimate
R000000004/2.222222/0210/R000000005/R000000007
R000000008/1.000000/0000/Guesstimate
R000000003/3.580247/0119/R000000004/R000000008
R000000010/2.469136/0091/R000000004
R000000011/1.000000/0000/Guesstimate
R000000009/3.854596/0112/R000000010/R000000011
R000000003/4.282884/0153/R000000009
R000000014/1.000000/0000/Guesstimate
M000000015/1.000000/0000/Sigma_BB-28665912
R000000013/2.222222/0056/R000000014/M000000015
R000000012/2.469136/0155/R000000013
R000000017/1.000000/0000/Guesstimate
M000000018/1.000000/0000/Sigma_BB-326434686
R000000016/2.222222/0004/R000000017/M000000018
R000000019/1.000000/0000/Guesstimate
R000000020/1.000000/0000/Guesstimate
R000000016/3.333333/0225/R000000019/M000000018/R000000020
R000000012/2.469136/0197/R000000016
R000000002/6.721537/0301/R000000003/R000000012
R000000002/6.721537/0301/R000000003/R000000012
R000000001/7.468375/0058/R000000002
M000000024/1.000000/0000/Sigma_BB-27733356
M000000025/1.000000/0000/Sigma_BB-158319874
R000000023/2.222222/0285/M000000024/M000000025
R000000023/2.222222/0285/M000000024/M000000025
R000000022/2.469136/0001/R000000023
R000000026/2.222222/0001/M000000024/M000000025
R000000022/2.469136/0285/R000000026
R000000027/3.854596/0004/R000000012/R000000017
M000000029/1.000000/0000/Sigma_BB-28524129
R000000028/3.580247/0212/R000000016/M000000029
R000000028/3.580247/0212/R000000016/M000000029
R000000027/3.978053/0024/R000000028
R000000021/7.026369/0212/R000000022/R000000027
R000000021/7.026369/0212/R000000022/R000000027
R000000001/7.807076/0099/R000000021
Q000000002/8.183412/0000/R000000030
R000000034/1.000000/0000/Guesstimate
R000000033/3.854596/0276/R000000010/R000000034
R000000033/3.854596/0278/R000000010/R000000034
R000000032/4.282884/0147/R000000033
R000000036/1.000000/0000/Guesstimate
R000000035/3.854596/0276/R000000010/R000000036
R000000035/4.282884/0040/R000000033
R000000032/5.393995/0212/R000000035/R000000017
M000000039/1.000000/0000/Sigma_BB-187202939
R000000038/1.111111/0155/M000000039
R000000040/1.000000/0000/Guesstimate
R000000037/2.345679/0057/R000000038/R000000040
R000000041/2.222222/0057/M000000039/R000000040
R000000037/2.469136/0155/R000000041
R000000031/7.365070/0301/R000000032/R000000037
R000000031/7.365070/0301/R000000032/R000000037
R000000030/8.183412/0219/R000000031
R000000030/8.183412/0219/R000000031
Q000000003/Analysis Failed
<NEXT>