#
#  Reaction log file
#  Author: LigBuilder V3 User_Diana
#  Creation time: Mon Feb 23 23:33:40 2026
#  Format:
#  QueryMoleculeId/Cost/SynthesizeId/ReactantId1/ReactantId2/ReactantId3.....
#  Id prefix:
#  Q --- Query Molecule
#  M --- Material
#  R --- Reactant
#
Directory      result/synthesize_HsDHODH/296/DATABASE/
#
Q000000001/4.282884/0000/R000000001
M000000005/1.000000/0000/Sigma_BB-28829501
M000000006/1.000000/0000/Sigma_BB-292618290
R000000004/2.222222/0005/M000000005/M000000006
R000000003/2.469136/0188/R000000004
M000000008/1.000000/0000/Sigma_BB-28841129
M000000009/1.000000/0000/Sigma_BB-28779093
R000000007/2.222222/0005/M000000008/M000000009
R000000003/2.469136/0188/R000000007
M000000010/1.000000/0000/Sigma_BB-183986327
R000000002/3.854596/0282/R000000003/M000000010
R000000011/1.111111/0091/M000000010
R000000013/1.000000/0000/Guesstimate
R000000014/1.000000/0000/Guesstimate
R000000012/2.222222/0012/R000000013/R000000014
R000000015/1.000000/0000/Guesstimate
R000000016/1.000000/0000/Guesstimate
R000000012/2.222222/0112/R000000015/R000000016
R000000017/1.000000/0000/Guesstimate
R000000011/3.580247/0159/R000000012/R000000017
R000000002/3.978053/0275/R000000003/R000000011
R000000001/4.282884/0099/R000000002
R000000001/4.282884/0099/R000000002
Q000000002/4.282884/0000/R000000001
Q000000003/5.944217/0000/R000000018
R000000022/1.000000/0000/Guesstimate
R000000023/1.000000/0000/Guesstimate
R000000021/2.222222/0112/R000000022/R000000023
R000000020/2.469136/0112/R000000021
R000000024/8.000000/0000/Guesstimate
R000000020/8.888889/0082/R000000024
R000000027/1.000000/0000/Guesstimate
R000000026/1.111111/0228/R000000027
R000000026/1.111111/0286/R000000027
R000000028/1.000000/0000/Guesstimate
R000000025/2.345679/0301/R000000026/R000000028
R000000030/1.000000/0000/Guesstimate
R000000029/2.222222/0301/R000000030/R000000028
R000000029/2.222222/0301/R000000030/R000000028
R000000031/1.000000/0000/Guesstimate
R000000025/3.580247/0301/R000000029/R000000031
R000000019/5.349795/0018/R000000020/R000000025
R000000032/3.978053/0018/R000000020/R000000026
R000000033/3.854596/0018/R000000020/R000000027
R000000032/4.282884/0228/R000000033
R000000019/5.531170/0301/R000000032/R000000028
R000000018/5.944217/0219/R000000019
R000000018/5.944217/0219/R000000019
<NEXT>