#
#  Reaction log file
#  Author: LigBuilder V3 User_Diana
#  Creation time: Mon Feb 23 23:32:42 2026
#  Format:
#  QueryMoleculeId/Cost/SynthesizeId/ReactantId1/ReactantId2/ReactantId3.....
#  Id prefix:
#  Q --- Query Molecule
#  M --- Material
#  R --- Reactant
#
Directory      result/synthesize_HsDHODH/291/DATABASE/
#
Q000000001/3.048316/0000/R000000001
M000000005/1.000000/0000/Sigma_BB-128362463
M000000006/1.000000/0000/Sigma_BB-189413541
R000000004/2.222222/0003/M000000005/M000000006
R000000003/2.469136/0099/R000000004
R000000007/7.500000/0000/Guesstimate
M000000008/1.000000/0000/Sigma_BB-243234474
R000000003/9.444445/0231/R000000007/M000000008
R000000002/2.743484/0125/R000000003
R000000009/1.000000/0000/Guesstimate
R000000002/3.854596/0112/R000000003/R000000009
R000000001/3.048316/0040/R000000002
R000000013/1.000000/0000/Guesstimate
R000000014/1.000000/0000/Guesstimate
R000000012/2.222222/0174/R000000013/R000000014
R000000012/2.222222/0289/R000000013/R000000014
R000000011/2.469136/0197/R000000012
R000000015/7.400000/0000/Guesstimate
R000000011/8.222222/0091/R000000015
R000000010/5.486969/0112/R000000003/R000000011
R000000001/6.096632/0025/R000000010
Q000000002/4.282884/0000/R000000016
M000000020/1.000000/0000/Sigma_BB-27680560
M000000021/1.000000/0000/Sigma_BB-129567422
R000000019/2.222222/0003/M000000020/M000000021
R000000018/2.469136/0099/R000000019
M000000023/1.000000/0000/Sigma_BB-114105091
R000000022/2.222222/0003/M000000005/M000000023
R000000018/2.469136/0099/R000000022
R000000024/1.000000/0000/Guesstimate
R000000017/3.854596/0112/R000000018/R000000024
R000000016/4.282884/0041/R000000017
M000000028/1.000000/0000/Sigma_BB-244321917
R000000027/2.222222/0003/M000000005/M000000028
R000000026/2.469136/0099/R000000027
R000000026/2.743484/0041/R000000018
R000000029/1.000000/0000/Guesstimate
R000000025/3.854596/0112/R000000026/R000000029
R000000016/4.282884/0059/R000000025
Q000000003/Analysis Failed
<NEXT>