#
#  Reaction log file
#  Author: LigBuilder V3 User_Diana
#  Creation time: Mon Feb 23 23:22:30 2026
#  Format:
#  QueryMoleculeId/Cost/SynthesizeId/ReactantId1/ReactantId2/ReactantId3.....
#  Id prefix:
#  Q --- Query Molecule
#  M --- Material
#  R --- Reactant
#
Directory      result/synthesize_HsDHODH/183/DATABASE/
#
Q000000001/4.572474/0000/R000000001
R000000005/1.000000/0000/Guesstimate
R000000006/1.000000/0000/Guesstimate
R000000004/2.222222/0279/R000000005/R000000006
R000000004/2.222222/0279/R000000005/R000000006
R000000008/1.000000/0000/Guesstimate
R000000007/1.111111/0198/R000000008
R000000009/1.000000/0000/Guesstimate
R000000010/1.000000/0000/Guesstimate
R000000007/2.222222/0277/R000000009/R000000010
R000000003/3.703704/0159/R000000004/R000000007
R000000002/4.115227/0233/R000000003
R000000002/4.115227/0258/R000000003
R000000001/4.572474/0295/R000000002
R000000013/1.000000/0000/Guesstimate
R000000015/1.000000/0000/Guesstimate
R000000014/1.111111/0125/R000000015
R000000016/1.000000/0000/Guesstimate
R000000014/2.222222/0112/R000000016/R000000015
R000000012/2.345679/0159/R000000013/R000000014
M000000018/1.000000/0000/Sigma_BB-28909367
R000000017/2.345679/0159/M000000018/R000000014
R000000012/2.606310/0295/R000000017
R000000019/1.000000/0000/Guesstimate
R000000020/1.000000/0000/Guesstimate
R000000011/4.828533/0261/R000000012/R000000019/R000000020
R000000001/5.365036/0193/R000000011
Q000000002/Analysis Failed
Q000000003/Analysis Failed
<NEXT>