#
#  Reaction log file
#  Author: LigBuilder V3 User_Diana
#  Creation time: Mon Feb 23 23:33:18 2026
#  Format:
#  QueryMoleculeId/Cost/SynthesizeId/ReactantId1/ReactantId2/ReactantId3.....
#  Id prefix:
#  Q --- Query Molecule
#  M --- Material
#  R --- Reactant
#
Directory      result/synthesize_HsDHODH/294/DATABASE/
#
Q000000001/Analysis Failed
Q000000002/Analysis Failed
Q000000003/2.345679/0000/R000000001
M000000003/1.000000/0000/Sigma_BB-248786018
R000000002/1.111111/0287/M000000003
M000000005/1.000000/0000/Sigma_BB-29607840
R000000004/1.111111/0287/M000000005
M000000006/1.000000/0000/Sigma_BB-119769645
R000000007/1.000000/0000/Guesstimate
R000000004/2.222222/0018/M000000006/R000000007
R000000002/1.234568/0155/R000000004
R000000008/1.000000/0000/Guesstimate
R000000001/2.345679/0170/R000000002/R000000008
R000000010/1.000000/0000/Guesstimate
R000000009/2.345679/0170/R000000002/R000000010
R000000011/1.234568/0156/R000000002
R000000012/1.234568/0217/R000000002
R000000012/1.234568/0257/R000000004
R000000011/1.371742/0059/R000000012
R000000013/1.000000/0000/Guesstimate
R000000009/2.482853/0170/R000000011/R000000013
R000000001/2.606310/0147/R000000009
<NEXT>