#
#  Reaction log file
#  Author: LigBuilder V3 User_Diana
#  Creation time: Mon Feb 23 23:29:24 2026
#  Format:
#  QueryMoleculeId/Cost/SynthesizeId/ReactantId1/ReactantId2/ReactantId3.....
#  Id prefix:
#  Q --- Query Molecule
#  M --- Material
#  R --- Reactant
#
Directory      result/synthesize_HsDHODH/264/DATABASE/
#
Q000000001/6.145744/0000/R000000001
M000000005/1.000000/0000/Sigma_BB-28426396
R000000007/1.000000/0000/Guesstimate
R000000008/1.000000/0000/Guesstimate
R000000006/2.222222/0004/R000000007/R000000008
R000000004/3.580247/0003/M000000005/R000000006
R000000003/3.978053/0099/R000000004
M000000011/1.000000/0000/Sigma_BB-151008381
R000000010/1.111111/0054/M000000011
M000000012/1.000000/0000/Sigma_BB-326690278
R000000010/2.222222/0004/M000000012/R000000007
R000000009/1.234568/0009/R000000010
R000000013/1.000000/0000/Guesstimate
R000000009/2.222222/0003/M000000005/R000000013
R000000014/2.469136/0197/R000000006
R000000003/4.115227/0122/R000000009/R000000014
R000000015/1.000000/0000/Guesstimate
R000000002/5.531170/0119/R000000003/R000000015
M000000018/1.000000/0000/Sigma_BB-28721388
R000000017/3.854596/0119/R000000014/M000000018
R000000017/3.854596/0280/R000000014/M000000018
R000000016/4.282884/0009/R000000017
R000000020/1.000000/0000/Guesstimate
R000000019/3.854596/0276/R000000014/R000000020
R000000019/3.854596/0278/R000000014/R000000020
R000000016/5.393995/0003/R000000019/R000000013
R000000002/6.130503/0122/R000000009/R000000016
R000000001/6.145744/0041/R000000002
M000000024/1.000000/0000/Sigma_BB-28764950
R000000023/2.222222/0004/M000000005/M000000024
R000000022/2.469136/0197/R000000023
R000000027/1.000000/0000/Guesstimate
R000000026/2.222222/0119/R000000007/R000000027
R000000028/1.000000/0000/Guesstimate
R000000029/1.000000/0000/Guesstimate
R000000026/2.222222/0224/R000000028/R000000029
R000000025/3.580247/0004/R000000026/R000000008
R000000025/3.580247/0119/R000000006/R000000027
R000000021/6.721537/0212/R000000022/R000000025
R000000021/6.721537/0212/R000000022/R000000025
R000000001/7.468375/0028/R000000021
Q000000002/6.145744/0000/R000000001
Q000000003/6.145744/0000/R000000001
<NEXT>