#
#  Reaction log file
#  Author: LigBuilder V3 User_Diana
#  Creation time: Mon Feb 23 23:28:45 2026
#  Format:
#  QueryMoleculeId/Cost/SynthesizeId/ReactantId1/ReactantId2/ReactantId3.....
#  Id prefix:
#  Q --- Query Molecule
#  M --- Material
#  R --- Reactant
#
Directory      result/synthesize_HsDHODH/259/DATABASE/
#
Q000000001/5.791801/0000/R000000001
M000000005/1.000000/0000/Sigma_BB-27928988
R000000006/1.000000/0000/Guesstimate
R000000004/2.222222/0018/M000000005/R000000006
R000000003/2.469136/0295/R000000004
R000000003/2.469136/0295/R000000004
R000000008/1.000000/0000/Guesstimate
R000000009/1.000000/0000/Guesstimate
R000000007/2.222222/0011/R000000008/R000000009
R000000011/1.000000/0000/Guesstimate
R000000012/1.000000/0000/Guesstimate
R000000010/2.222222/0277/R000000011/R000000012
R000000013/1.000000/0000/Guesstimate
R000000010/2.222222/0301/R000000011/R000000013
R000000007/2.469136/0041/R000000010
R000000002/5.212621/0170/R000000003/R000000007
R000000015/3.854596/0170/R000000003/R000000011
R000000018/1.000000/0000/Guesstimate
R000000017/2.222222/0018/M000000005/R000000018
R000000017/2.469136/0156/R000000004
R000000016/2.469136/0295/R000000017
R000000016/2.743484/0156/R000000003
R000000019/1.000000/0000/Guesstimate
R000000015/3.854596/0170/R000000016/R000000019
R000000020/1.000000/0000/Guesstimate
R000000014/5.393995/0003/R000000015/R000000020
R000000021/4.282884/0118/R000000015
R000000022/1.000000/0000/Guesstimate
R000000021/5.393995/0112/R000000015/R000000022
R000000023/1.000000/0000/Guesstimate
R000000014/5.869872/0049/R000000021/R000000023
R000000002/7.104439/0011/R000000014/R000000009
R000000001/5.791801/0059/R000000002
R000000025/2.469136/0059/R000000010
R000000027/1.000000/0000/Guesstimate
R000000028/1.000000/0000/Guesstimate
R000000026/2.222222/0003/R000000027/R000000028
R000000029/1.000000/0000/Guesstimate
R000000026/2.222222/0112/R000000029/R000000027
R000000025/3.580247/0049/R000000026/R000000023
R000000024/5.486969/0170/R000000003/R000000025
R000000031/2.222222/0277/R000000019/R000000012
R000000031/2.222222/0301/R000000019/R000000013
R000000030/2.469136/0059/R000000031
R000000033/1.000000/0000/Guesstimate
R000000032/2.222222/0003/R000000033/R000000028
R000000034/1.000000/0000/Guesstimate
R000000032/2.222222/0112/R000000034/R000000027
R000000030/3.580247/0049/R000000032/R000000023
R000000024/5.486969/0170/R000000016/R000000030
R000000001/6.096632/0041/R000000024
Q000000002/4.007011/0000/R000000035
M000000036/1.000000/0000/Sigma_BB-28427762
R000000039/1.000000/0000/Guesstimate
R000000041/1.000000/0000/Guesstimate
R000000040/1.111111/0118/R000000041
R000000040/2.222222/0112/R000000022/R000000041
R000000038/2.345679/0277/R000000039/R000000040
R000000037/2.606310/0122/R000000038
R000000044/1.000000/0000/Guesstimate
R000000045/1.000000/0000/Guesstimate
R000000043/2.222222/0285/R000000044/R000000045
R000000042/2.469136/0198/R000000043
R000000047/1.000000/0000/Guesstimate
R000000046/2.222222/0277/R000000047/R000000045
R000000042/2.469136/0220/R000000046
R000000037/2.743484/0099/R000000042
R000000035/4.007011/0069/M000000036/R000000037
M000000050/1.000000/0000/Sigma_BB-128507979
R000000049/2.222222/0012/M000000050/R000000009
M000000052/1.000000/0000/Sigma_BB-28715089
M000000053/1.000000/0000/Sigma_BB-30423282
R000000051/2.222222/0231/M000000052/M000000053
R000000049/2.469136/0009/R000000051
R000000048/5.365036/0069/R000000049/R000000037
R000000055/1.000000/0000/Guesstimate
R000000054/4.007011/0069/R000000055/R000000037
R000000056/3.854596/0069/R000000055/R000000042
R000000054/4.282884/0099/R000000056
R000000048/5.563346/0231/M000000052/R000000054
R000000035/5.961151/0082/R000000048
Q000000003/4.420058/0000/R000000057
M000000061/1.000000/0000/Sigma_BB-27151350
R000000060/1.111111/0091/M000000061
M000000062/1.000000/0000/Sigma_BB-156331499
R000000059/2.345679/0003/R000000060/M000000062
R000000063/1.234568/0125/R000000060
R000000063/2.345679/0112/R000000060/R000000022
M000000064/1.000000/0000/Sigma_BB-30479921
R000000059/2.482853/0049/R000000063/M000000064
R000000067/1.000000/0000/Guesstimate
R000000066/1.111111/0245/R000000067
R000000066/1.111111/0245/R000000067
R000000065/1.234568/0295/R000000066
R000000058/3.978052/0112/R000000059/R000000065
M000000069/1.000000/0000/Sigma_BB-27680560
R000000068/2.222222/0003/M000000069/M000000062
M000000070/1.000000/0000/Sigma_BB-151857806
R000000068/2.222222/0049/M000000070/M000000064
R000000073/1.000000/0000/Guesstimate
R000000072/2.482853/0112/R000000073/R000000065
R000000071/2.758726/0197/R000000072
R000000058/5.534387/0112/R000000068/R000000071
R000000057/4.420058/0099/R000000058
R000000076/1.371742/0040/R000000063
R000000075/2.895900/0112/R000000076/R000000065
M000000077/1.000000/0000/Sigma_BB-128362463
R000000075/4.176363/0112/M000000077/R000000071
M000000078/1.000000/0000/Sigma_BB-187814549
R000000074/4.328778/0003/R000000075/M000000078
R000000080/2.345679/0004/R000000060/R000000023
R000000079/3.978052/0112/R000000080/R000000065
R000000081/2.222222/0004/M000000069/R000000023
R000000079/5.534387/0112/R000000081/R000000071
M000000082/1.000000/0000/Sigma_BB-27355816
R000000074/5.531169/0049/R000000079/M000000082
R000000057/4.809754/0099/R000000074
<NEXT>