#
#  Reaction log file
#  Author: LigBuilder V3 User_Diana
#  Creation time: Mon Feb 23 23:11:25 2026
#  Format:
#  QueryMoleculeId/Cost/SynthesizeId/ReactantId1/ReactantId2/ReactantId3.....
#  Id prefix:
#  Q --- Query Molecule
#  M --- Material
#  R --- Reactant
#
Directory      result/synthesize_HsDHODH/27/DATABASE/
#
Q000000001/5.791801/0000/R000000001
M000000004/1.000000/0000/Sigma_BB-136985868
M000000005/1.000000/0000/Sigma_BB-244321917
R000000003/2.222222/0003/M000000004/M000000005
M000000006/1.000000/0000/Sigma_BB-30085675
M000000008/1.000000/0000/Sigma_BB-234542932
R000000007/1.111111/0114/M000000008
M000000009/1.000000/0000/Sigma_BB-30550074
R000000007/1.111111/0287/M000000009
R000000003/2.345679/0112/M000000006/R000000007
R000000012/1.000000/0000/Guesstimate
R000000013/1.000000/0000/Guesstimate
R000000011/2.222222/0081/R000000012/R000000013
R000000014/1.000000/0000/Guesstimate
R000000011/2.222222/0210/R000000012/R000000014
R000000010/2.469136/0091/R000000011
R000000016/1.000000/0000/Guesstimate
R000000017/1.000000/0000/Guesstimate
R000000015/2.222222/0112/R000000016/R000000017
R000000010/2.469136/0197/R000000015
R000000002/5.212621/0112/R000000003/R000000010
R000000020/1.000000/0000/Guesstimate
R000000019/2.222222/0112/M000000006/R000000020
M000000021/1.000000/0000/Sigma_BB-68700031
R000000022/1.000000/0000/Guesstimate
R000000019/2.222222/0112/M000000021/R000000022
R000000018/5.212621/0112/R000000019/R000000010
R000000002/6.902912/0175/R000000018/M000000008
R000000001/5.791801/0099/R000000002
R000000024/3.854596/0112/M000000021/R000000010
M000000026/1.000000/0000/Sigma_BB-129567422
R000000025/1.111111/0041/M000000026
M000000029/1.000000/0000/Sigma_BB-28766574
R000000028/1.111111/0287/M000000029
R000000030/1.000000/0000/Guesstimate
M000000031/1.000000/0000/Sigma_BB-38275857
R000000028/2.222222/0231/R000000030/M000000031
R000000027/1.234568/0082/R000000028
R000000032/1.000000/0000/Guesstimate
R000000027/2.222222/0112/R000000032/M000000005
R000000025/1.371742/0040/R000000027
R000000023/5.517452/0003/R000000024/R000000025
R000000034/1.111111/0079/M000000006
R000000035/8.100000/0000/Guesstimate
R000000034/9.000001/0082/R000000035
R000000033/3.978053/0112/R000000034/R000000010
M000000037/1.000000/0000/Sigma_BB-155011087
R000000036/3.854596/0112/M000000037/R000000010
R000000033/4.282884/0168/R000000036
R000000039/1.000000/0000/Guesstimate
R000000038/2.222222/0004/R000000039/M000000005
M000000041/1.000000/0000/Sigma_BB-114105091
R000000040/2.222222/0004/R000000039/M000000041
M000000042/1.000000/0000/Sigma_BB-386044321
R000000040/2.222222/0112/M000000042/R000000032
R000000038/2.469136/0041/R000000040
R000000023/6.889194/0049/R000000033/R000000038
R000000001/6.130503/0099/R000000023
Q000000002/6.096632/0000/R000000043
M000000047/1.000000/0000/Sigma_BB-27680560
M000000048/1.000000/0000/Sigma_BB-117278814
R000000046/2.222222/0003/M000000047/M000000048
M000000049/1.000000/0000/Sigma_BB-151857806
R000000046/2.222222/0049/M000000049/M000000042
R000000045/2.469136/0099/R000000046
M000000051/1.000000/0000/Sigma_BB-128362463
M000000052/1.000000/0000/Sigma_BB-28513998
R000000050/2.222222/0003/M000000051/M000000052
M000000053/1.000000/0000/Sigma_BB-137266802
M000000054/1.000000/0000/Sigma_BB-243331311
R000000050/2.222222/0112/M000000053/M000000054
R000000045/2.469136/0099/R000000050
R000000057/1.000000/0000/Guesstimate
R000000056/2.222222/0081/R000000012/R000000057
R000000058/1.000000/0000/Guesstimate
R000000056/2.222222/0210/R000000012/R000000058
R000000055/2.469136/0091/R000000056
R000000060/1.000000/0000/Guesstimate
R000000061/1.000000/0000/Guesstimate
R000000059/2.222222/0285/R000000060/R000000061
R000000059/2.222222/0285/R000000060/R000000061
R000000055/2.469136/0285/R000000059
R000000044/5.486969/0112/R000000045/R000000055
R000000043/6.096632/0059/R000000044
R000000064/3.854596/0112/M000000047/R000000055
R000000063/4.282884/0059/R000000064
R000000065/1.000000/0000/Guesstimate
R000000063/5.393995/0224/R000000064/R000000065
R000000062/5.869872/0003/R000000063/M000000048
R000000067/3.854596/0112/M000000049/R000000055
R000000067/5.393995/0112/R000000064/R000000032
R000000066/4.282884/0059/R000000067
R000000069/1.000000/0000/Guesstimate
R000000068/5.869872/0004/R000000063/R000000069
R000000066/6.522080/0009/R000000068
R000000062/5.869872/0049/R000000066/M000000042
R000000043/6.522080/0099/R000000062
Q000000003/6.096632/0000/R000000043
<NEXT>