#
#  Reaction log file
#  Author: LigBuilder V3 User_Diana
#  Creation time: Mon Feb 23 23:32:19 2026
#  Format:
#  QueryMoleculeId/Cost/SynthesizeId/ReactantId1/ReactantId2/ReactantId3.....
#  Id prefix:
#  Q --- Query Molecule
#  M --- Material
#  R --- Reactant
#
Directory      result/synthesize_HsDHODH/286/DATABASE/
#
Q000000001/4.997921/0000/R000000001
M000000007/1.000000/0000/Sigma_BB-28894405
R000000008/1.000000/0000/Guesstimate
R000000006/2.222222/0174/M000000007/R000000008
R000000006/2.222222/0289/M000000007/R000000008
R000000005/2.469136/0059/R000000006
R000000010/1.000000/0000/Guesstimate
R000000011/1.000000/0000/Guesstimate
R000000009/2.222222/0279/R000000010/R000000011
R000000009/2.222222/0279/R000000010/R000000011
M000000013/1.000000/0000/Sigma_BB-137889452
R000000012/1.111111/0059/M000000013
R000000014/1.000000/0000/Guesstimate
R000000015/1.000000/0000/Guesstimate
R000000012/2.222222/0112/R000000014/R000000015
R000000005/3.703704/0159/R000000009/R000000012
R000000004/2.743484/0055/R000000005
R000000003/3.048316/0197/R000000004
R000000016/1.000000/0000/Guesstimate
R000000002/4.498129/0112/R000000003/R000000016
R000000018/1.000000/0000/Guesstimate
R000000017/2.222222/0004/R000000018/R000000016
R000000020/1.000000/0000/Guesstimate
R000000019/2.222222/0004/R000000020/R000000016
R000000021/1.000000/0000/Guesstimate
R000000022/1.000000/0000/Guesstimate
R000000019/3.333333/0225/R000000016/R000000021/R000000022
R000000017/2.469136/0085/R000000019
R000000002/5.212621/0049/R000000005/R000000017
R000000001/4.997921/0099/R000000002
R000000001/4.997921/0099/R000000002
Q000000002/4.997921/0000/R000000001
Q000000003/4.997921/0000/R000000001
Q000000004/Analysis Failed
<NEXT>