#
#  Reaction log file
#  Author: LigBuilder V3 User_Diana
#  Creation time: Mon Feb 23 23:30:51 2026
#  Format:
#  QueryMoleculeId/Cost/SynthesizeId/ReactantId1/ReactantId2/ReactantId3.....
#  Id prefix:
#  Q --- Query Molecule
#  M --- Material
#  R --- Reactant
#
Directory      result/synthesize_HsDHODH/279/DATABASE/
#
Q000000001/Analysis Failed
Q000000002/Analysis Failed
Q000000003/4.420059/0000/R000000001
M000000005/1.000000/0000/Sigma_BB-29036685
R000000006/1.000000/0000/Guesstimate
R000000004/2.222222/0226/M000000005/R000000006
R000000007/1.000000/0000/Guesstimate
R000000004/2.222222/0277/M000000005/R000000007
R000000008/1.000000/0000/Guesstimate
R000000003/3.580247/0122/R000000004/R000000008
R000000003/3.580247/0122/R000000004/R000000008
R000000002/3.978053/0118/R000000003
R000000009/1.000000/0000/Guesstimate
R000000002/5.089163/0112/R000000003/R000000009
R000000001/4.420059/0041/R000000002
R000000012/2.222222/0285/M000000005/R000000009
R000000013/1.000000/0000/Guesstimate
R000000011/3.580247/0224/R000000012/R000000013
R000000014/3.580247/0224/R000000012/R000000008
R000000015/1.000000/0000/Guesstimate
R000000011/5.089163/0274/R000000014/R000000015
R000000016/1.000000/0000/Guesstimate
R000000010/5.089163/0003/R000000011/R000000016
M000000018/1.000000/0000/Sigma_BB-28775340
R000000020/1.000000/0000/Guesstimate
R000000021/1.000000/0000/Guesstimate
R000000019/2.222222/0095/R000000020/R000000021
R000000017/3.580247/0095/M000000018/R000000019
R000000022/2.222222/0095/M000000018/R000000020
R000000017/3.580247/0095/R000000022/R000000021
R000000023/1.000000/0000/Guesstimate
R000000010/5.089163/0049/R000000017/R000000023
R000000001/5.654626/0059/R000000010
Q000000004/Analysis Failed
<NEXT>