#
#  Reaction log file
#  Author: LigBuilder V3 User_Diana
#  Creation time: Mon Feb 23 23:11:40 2026
#  Format:
#  QueryMoleculeId/Cost/SynthesizeId/ReactantId1/ReactantId2/ReactantId3.....
#  Id prefix:
#  Q --- Query Molecule
#  M --- Material
#  R --- Reactant
#
Directory      result/synthesize_HsDHODH/26/DATABASE/
#
Q000000001/6.096632/0000/R000000001
M000000005/1.000000/0000/Sigma_BB-27680560
M000000006/1.000000/0000/Sigma_BB-117278814
R000000004/2.222222/0003/M000000005/M000000006
M000000007/1.000000/0000/Sigma_BB-151857806
M000000008/1.000000/0000/Sigma_BB-386044321
R000000004/2.222222/0049/M000000007/M000000008
R000000003/2.469136/0099/R000000004
M000000010/1.000000/0000/Sigma_BB-128362463
M000000011/1.000000/0000/Sigma_BB-28513998
R000000009/2.222222/0003/M000000010/M000000011
M000000012/1.000000/0000/Sigma_BB-137266802
M000000013/1.000000/0000/Sigma_BB-243331311
R000000009/2.222222/0112/M000000012/M000000013
R000000003/2.469136/0099/R000000009
R000000016/1.000000/0000/Guesstimate
R000000017/1.000000/0000/Guesstimate
R000000015/2.222222/0081/R000000016/R000000017
R000000018/1.000000/0000/Guesstimate
R000000015/2.222222/0210/R000000016/R000000018
R000000014/2.469136/0091/R000000015
R000000020/1.000000/0000/Guesstimate
R000000021/1.000000/0000/Guesstimate
R000000019/2.222222/0285/R000000020/R000000021
R000000019/2.222222/0285/R000000020/R000000021
R000000014/2.469136/0285/R000000019
R000000002/5.486969/0112/R000000003/R000000014
R000000001/6.096632/0059/R000000002
R000000024/3.854596/0112/M000000005/R000000014
R000000023/4.282884/0059/R000000024
R000000025/1.000000/0000/Guesstimate
R000000023/5.393995/0224/R000000024/R000000025
R000000022/5.869872/0003/R000000023/M000000006
R000000027/3.854596/0112/M000000007/R000000014
R000000028/1.000000/0000/Guesstimate
R000000027/5.393995/0112/R000000024/R000000028
R000000026/4.282884/0059/R000000027
R000000030/1.000000/0000/Guesstimate
R000000029/5.869872/0004/R000000023/R000000030
R000000026/6.522080/0009/R000000029
R000000022/5.869872/0049/R000000026/M000000008
R000000001/6.522080/0099/R000000022
Q000000002/6.096632/0000/R000000031
M000000035/1.000000/0000/Sigma_BB-28766675
R000000034/2.222222/0003/M000000005/M000000035
M000000036/1.000000/0000/Sigma_BB-243767903
M000000037/1.000000/0000/Sigma_BB-35361921
R000000034/2.222222/0112/M000000036/M000000037
R000000033/2.469136/0099/R000000034
M000000039/1.000000/0000/Sigma_BB-28766514
R000000038/2.222222/0003/M000000010/M000000039
M000000040/1.000000/0000/Sigma_BB-28799148
R000000038/2.222222/0112/M000000012/M000000040
R000000033/2.469136/0099/R000000038
R000000032/5.486969/0112/R000000033/R000000014
R000000031/6.096632/0059/R000000032
R000000041/5.869872/0003/R000000023/M000000035
R000000043/1.000000/0000/Guesstimate
R000000042/2.222222/0004/R000000043/M000000039
M000000045/1.000000/0000/Sigma_BB-293710875
R000000046/1.000000/0000/Guesstimate
R000000044/2.222222/0173/M000000045/R000000046
R000000044/2.222222/0175/M000000045/R000000028
R000000042/2.469136/0024/R000000044
R000000041/7.227896/0049/R000000026/R000000042
R000000031/6.522080/0099/R000000041
Q000000003/5.791801/0000/R000000047
M000000050/1.000000/0000/Sigma_BB-136985868
M000000051/1.000000/0000/Sigma_BB-244321917
R000000049/2.222222/0003/M000000050/M000000051
M000000052/1.000000/0000/Sigma_BB-30085675
M000000054/1.000000/0000/Sigma_BB-234542932
R000000053/1.111111/0114/M000000054
M000000055/1.000000/0000/Sigma_BB-30550074
R000000053/1.111111/0287/M000000055
R000000049/2.345679/0112/M000000052/R000000053
R000000058/1.000000/0000/Guesstimate
R000000057/2.222222/0081/R000000016/R000000058
R000000059/1.000000/0000/Guesstimate
R000000057/2.222222/0210/R000000016/R000000059
R000000056/2.469136/0091/R000000057
R000000061/1.000000/0000/Guesstimate
R000000062/1.000000/0000/Guesstimate
R000000060/2.222222/0112/R000000061/R000000062
R000000056/2.469136/0197/R000000060
R000000048/5.212621/0112/R000000049/R000000056
R000000065/1.000000/0000/Guesstimate
R000000064/2.222222/0112/M000000052/R000000065
M000000066/1.000000/0000/Sigma_BB-68700031
R000000067/1.000000/0000/Guesstimate
R000000064/2.222222/0112/M000000066/R000000067
R000000063/5.212621/0112/R000000064/R000000056
R000000048/6.902912/0175/R000000063/M000000054
R000000047/5.791801/0099/R000000048
R000000069/3.854596/0112/M000000066/R000000056
M000000071/1.000000/0000/Sigma_BB-129567422
R000000070/1.111111/0041/M000000071
M000000074/1.000000/0000/Sigma_BB-28766574
R000000073/1.111111/0287/M000000074
R000000075/1.000000/0000/Guesstimate
M000000076/1.000000/0000/Sigma_BB-38275857
R000000073/2.222222/0231/R000000075/M000000076
R000000072/1.234568/0082/R000000073
R000000072/2.222222/0112/R000000028/M000000051
R000000070/1.371742/0040/R000000072
R000000068/5.517452/0003/R000000069/R000000070
R000000078/1.111111/0079/M000000052
R000000079/8.100000/0000/Guesstimate
R000000078/9.000001/0082/R000000079
R000000077/3.978053/0112/R000000078/R000000056
M000000081/1.000000/0000/Sigma_BB-155011087
R000000080/3.854596/0112/M000000081/R000000056
R000000077/4.282884/0168/R000000080
R000000082/2.222222/0004/R000000043/M000000051
M000000084/1.000000/0000/Sigma_BB-114105091
R000000083/2.222222/0004/R000000043/M000000084
R000000083/2.222222/0112/M000000008/R000000028
R000000082/2.469136/0041/R000000083
R000000068/6.889194/0049/R000000077/R000000082
R000000047/6.130503/0099/R000000068
<NEXT>