#
#  Reaction log file
#  Author: LigBuilder V3 User_Diana
#  Creation time: Mon Feb 23 23:25:40 2026
#  Format:
#  QueryMoleculeId/Cost/SynthesizeId/ReactantId1/ReactantId2/ReactantId3.....
#  Id prefix:
#  Q --- Query Molecule
#  M --- Material
#  R --- Reactant
#
Directory      result/synthesize_HsDHODH/216/DATABASE/
#
Q000000001/7.207744/0000/R000000001
M000000005/1.000000/0000/Sigma_BB-68700031
M000000006/1.000000/0000/Sigma_BB-40568700
R000000004/2.222222/0003/M000000005/M000000006
M000000008/1.000000/0000/Sigma_BB-30085675
R000000007/1.111111/0079/M000000008
R000000009/8.100000/0000/Guesstimate
R000000007/9.000001/0082/R000000009
R000000011/1.000000/0000/Guesstimate
M000000012/1.000000/0000/Sigma_BB-28426396
R000000010/2.222222/0004/R000000011/M000000012
R000000004/3.703704/0049/R000000007/R000000010
R000000003/2.469136/0099/R000000004
M000000014/1.000000/0000/Sigma_BB-136985868
R000000013/2.222222/0003/M000000014/M000000012
M000000015/1.000000/0000/Sigma_BB-326690278
R000000013/2.222222/0112/M000000008/M000000015
R000000003/2.469136/0099/R000000013
R000000018/1.000000/0000/Guesstimate
R000000019/1.000000/0000/Guesstimate
R000000017/2.222222/0224/R000000018/R000000019
R000000016/2.469136/0285/R000000017
R000000002/5.486969/0112/R000000003/R000000016
R000000020/1.000000/0000/Guesstimate
R000000001/7.207744/0256/R000000002/R000000020
R000000024/1.000000/0000/Guesstimate
R000000023/2.222222/0224/R000000018/R000000024
R000000025/1.000000/0000/Guesstimate
R000000022/3.580247/0285/R000000023/R000000025
R000000021/6.721537/0112/R000000003/R000000022
R000000001/7.468375/0279/R000000021
Q000000002/7.207744/0000/R000000001
Q000000003/6.435335/0000/R000000026
M000000030/1.000000/0000/Sigma_BB-27680560
M000000031/1.000000/0000/Sigma_BB-156331499
R000000029/2.222222/0003/M000000030/M000000031
M000000032/1.000000/0000/Sigma_BB-151857806
M000000033/1.000000/0000/Sigma_BB-30479921
R000000029/2.222222/0049/M000000032/M000000033
R000000028/2.469136/0099/R000000029
M000000035/1.000000/0000/Sigma_BB-128362463
M000000036/1.000000/0000/Sigma_BB-187814549
R000000034/2.222222/0003/M000000035/M000000036
M000000037/1.000000/0000/Sigma_BB-137266802
M000000038/1.000000/0000/Sigma_BB-28775340
R000000034/2.222222/0112/M000000037/M000000038
R000000028/2.469136/0099/R000000034
R000000039/2.743484/0125/R000000016
R000000040/1.000000/0000/Guesstimate
R000000039/3.854596/0112/R000000016/R000000040
R000000027/5.791801/0112/R000000028/R000000039
R000000026/6.435335/0059/R000000027
R000000043/3.048316/0059/R000000039
R000000044/1.000000/0000/Guesstimate
R000000043/4.159427/0224/R000000039/R000000044
R000000042/4.498129/0112/M000000030/R000000043
R000000045/4.159427/0112/M000000030/R000000039
R000000042/4.621586/0059/R000000045
R000000041/6.109032/0003/R000000042/M000000031
R000000047/4.159427/0112/M000000032/R000000039
R000000047/5.732697/0112/R000000045/R000000040
R000000046/4.621586/0059/R000000047
R000000049/1.000000/0000/Guesstimate
R000000048/6.109032/0004/R000000042/R000000049
R000000046/6.787814/0009/R000000048
R000000041/6.246207/0049/R000000046/M000000033
R000000026/6.787814/0099/R000000041
<NEXT>