#
#  Reaction log file
#  Author: LigBuilder V3 User_Diana
#  Creation time: Mon Feb 23 23:11:38 2026
#  Format:
#  QueryMoleculeId/Cost/SynthesizeId/ReactantId1/ReactantId2/ReactantId3.....
#  Id prefix:
#  Q --- Query Molecule
#  M --- Material
#  R --- Reactant
#
Directory      result/synthesize_HsDHODH/23/DATABASE/
#
Q000000001/4.625161/0000/R000000001
M000000007/1.000000/0000/Sigma_BB-27151350
R000000006/1.111111/0091/M000000007
R000000005/1.234568/0125/R000000006
R000000008/1.000000/0000/Guesstimate
R000000005/2.345679/0112/R000000006/R000000008
R000000004/1.371742/0040/R000000005
R000000009/1.000000/0000/Guesstimate
R000000003/2.635269/0112/R000000004/R000000009
M000000011/1.000000/0000/Sigma_BB-28786838
R000000010/1.111111/0245/M000000011
M000000014/1.000000/0000/Sigma_BB-28828543
R000000013/2.222222/0174/R000000008/M000000014
R000000013/2.222222/0289/R000000008/M000000014
R000000012/2.469136/0040/R000000013
M000000016/1.000000/0000/Sigma_BB-30442049
R000000017/1.000000/0000/Guesstimate
R000000015/2.222222/0231/M000000016/R000000017
R000000012/2.469136/0198/R000000015
R000000010/2.743484/0197/R000000012
R000000002/4.162645/0003/R000000003/R000000010
R000000019/2.345679/0112/R000000006/R000000009
M000000021/1.000000/0000/Sigma_BB-243767966
R000000020/2.222222/0256/M000000021/R000000009
R000000019/2.469136/0257/R000000020
R000000022/1.000000/0000/Guesstimate
R000000018/3.717421/0004/R000000019/R000000022
R000000024/1.000000/0000/Guesstimate
R000000023/3.717421/0004/R000000019/R000000024
R000000025/1.000000/0000/Guesstimate
R000000026/1.000000/0000/Guesstimate
R000000023/4.828533/0225/R000000019/R000000025/R000000026
R000000018/4.130468/0085/R000000023
R000000002/6.599605/0049/R000000018/R000000013
R000000001/4.625161/0099/R000000002
R000000027/5.349795/0003/R000000019/R000000012
R000000028/2.482853/0112/R000000005/R000000009
R000000030/1.000000/0000/Guesstimate
R000000029/3.717421/0004/R000000019/R000000030
R000000028/4.130468/0009/R000000029
R000000031/2.345679/0004/R000000022/R000000010
R000000032/2.345679/0004/R000000024/R000000010
R000000032/2.743484/0093/R000000012
R000000031/2.606310/0085/R000000032
R000000027/5.365036/0049/R000000028/R000000031
R000000001/5.944217/0099/R000000027
Q000000002/5.944217/0000/R000000033
M000000036/1.000000/0000/Sigma_BB-27680560
M000000038/1.000000/0000/Sigma_BB-129567422
R000000037/1.111111/0041/M000000038
R000000037/1.111111/0233/M000000038
R000000035/2.345679/0003/M000000036/R000000037
M000000039/1.000000/0000/Sigma_BB-151857806
M000000041/1.000000/0000/Sigma_BB-244321917
R000000040/2.222222/0004/R000000022/M000000041
R000000035/3.580247/0049/M000000039/R000000040
R000000044/1.000000/0000/Guesstimate
R000000045/1.000000/0000/Guesstimate
R000000043/2.222222/0081/R000000044/R000000045
R000000046/1.000000/0000/Guesstimate
R000000043/2.222222/0210/R000000044/R000000046
R000000042/2.469136/0091/R000000043
R000000048/1.000000/0000/Guesstimate
R000000049/2.469136/0197/R000000043
R000000050/8.100000/0000/Guesstimate
R000000049/9.000001/0293/R000000050
R000000047/3.854596/0112/R000000048/R000000049
R000000042/4.282884/0197/R000000047
R000000034/5.349795/0112/R000000035/R000000042
R000000051/2.469136/0003/R000000006/R000000037
R000000051/3.840878/0049/R000000005/R000000040
R000000034/5.486969/0112/R000000051/R000000049
R000000033/5.944217/0099/R000000034
M000000054/1.000000/0000/Sigma_BB-137266802
R000000053/3.854596/0112/M000000054/R000000042
M000000056/1.000000/0000/Sigma_BB-234542932
R000000055/1.111111/0114/M000000056
M000000058/1.000000/0000/Sigma_BB-234543048
R000000057/1.111111/0114/M000000058
M000000059/1.000000/0000/Sigma_BB-243331311
R000000057/2.222222/0112/M000000059/R000000008
R000000055/1.234568/0041/R000000057
R000000052/5.517452/0112/R000000053/R000000055
R000000061/2.222222/0004/M000000036/R000000022
R000000060/5.212621/0112/R000000061/R000000042
R000000062/2.345679/0004/R000000006/R000000022
R000000060/5.349795/0112/R000000062/R000000049
M000000066/1.000000/0000/Sigma_BB-28786839
R000000065/1.111111/0125/M000000066
R000000065/2.222222/0112/M000000066/R000000008
R000000064/1.234568/0082/R000000065
R000000064/1.234568/0082/R000000065
R000000063/1.371742/0041/R000000064
R000000067/2.222222/0004/R000000030/M000000041
R000000063/2.469136/0009/R000000067
R000000052/7.315959/0049/R000000060/R000000063
R000000033/6.130503/0099/R000000052
Q000000003/5.791801/0000/R000000068
M000000071/1.000000/0000/Sigma_BB-136985868
R000000070/2.222222/0003/M000000071/M000000041
M000000072/1.000000/0000/Sigma_BB-30085675
R000000070/2.345679/0112/M000000072/R000000055
R000000075/1.000000/0000/Guesstimate
R000000074/2.222222/0081/R000000044/R000000075
R000000076/1.000000/0000/Guesstimate
R000000074/2.222222/0210/R000000044/R000000076
R000000073/2.469136/0091/R000000074
R000000077/2.222222/0112/R000000048/R000000009
R000000073/2.469136/0197/R000000077
R000000069/5.212621/0112/R000000070/R000000073
R000000080/1.000000/0000/Guesstimate
R000000079/2.222222/0112/M000000072/R000000080
M000000081/1.000000/0000/Sigma_BB-68700031
R000000082/1.000000/0000/Guesstimate
R000000079/2.222222/0112/M000000081/R000000082
R000000078/5.212621/0112/R000000079/R000000073
R000000069/6.902912/0175/R000000078/M000000056
R000000068/5.791801/0099/R000000069
R000000084/3.854596/0112/M000000081/R000000073
R000000083/5.517452/0003/R000000084/R000000037
R000000086/1.111111/0079/M000000072
R000000087/8.100000/0000/Guesstimate
R000000086/9.000001/0082/R000000087
R000000085/3.978053/0112/R000000086/R000000073
M000000089/1.000000/0000/Sigma_BB-155011087
R000000088/3.854596/0112/M000000089/R000000073
R000000085/4.282884/0168/R000000088
R000000083/5.944217/0049/R000000085/R000000040
R000000068/6.130503/0099/R000000083
<NEXT>