#
#  Reaction log file
#  Author: LigBuilder V3 User_Diana
#  Creation time: Mon Feb 23 23:11:47 2026
#  Format:
#  QueryMoleculeId/Cost/SynthesizeId/ReactantId1/ReactantId2/ReactantId3.....
#  Id prefix:
#  Q --- Query Molecule
#  M --- Material
#  R --- Reactant
#
Directory      result/synthesize_HsDHODH/14/DATABASE/
#
Q000000001/7.163543/0000/R000000001
M000000004/1.000000/0000/Sigma_BB-128362463
M000000005/1.000000/0000/Sigma_BB-244321917
R000000003/2.222222/0003/M000000004/M000000005
M000000006/1.000000/0000/Sigma_BB-137266802
M000000008/1.000000/0000/Sigma_BB-234542932
R000000007/1.111111/0114/M000000008
M000000009/1.000000/0000/Sigma_BB-30550074
R000000007/1.111111/0287/M000000009
R000000003/2.345679/0112/M000000006/R000000007
R000000002/2.469136/0099/R000000003
R000000010/7.500000/0000/Guesstimate
M000000011/1.000000/0000/Sigma_BB-38275857
R000000002/9.444445/0231/R000000010/M000000011
R000000014/1.000000/0000/Guesstimate
R000000016/1.000000/0000/Guesstimate
R000000017/1.000000/0000/Guesstimate
R000000015/2.222222/0119/R000000016/R000000017
R000000018/1.000000/0000/Guesstimate
R000000015/2.222222/0276/R000000016/R000000018
R000000013/3.580247/0285/R000000014/R000000015
R000000012/3.978053/0279/R000000013
R000000012/3.978053/0279/R000000013
R000000001/7.163543/0112/R000000002/R000000012
M000000022/1.000000/0000/Sigma_BB-27680560
M000000023/1.000000/0000/Sigma_BB-28769516
R000000021/2.222222/0004/M000000022/M000000023
R000000026/1.000000/0000/Guesstimate
R000000025/2.222222/0112/M000000006/R000000026
R000000027/1.000000/0000/Guesstimate
R000000025/2.222222/0112/M000000022/R000000027
R000000028/1.000000/0000/Guesstimate
R000000024/3.580247/0224/R000000025/R000000028
R000000029/1.000000/0000/Guesstimate
R000000021/5.089163/0275/R000000024/R000000029
M000000032/1.000000/0000/Sigma_BB-129567422
R000000031/1.111111/0041/M000000032
R000000031/1.111111/0233/M000000032
R000000030/1.234568/0093/R000000031
R000000033/1.000000/0000/Guesstimate
R000000030/2.222222/0004/R000000033/M000000005
R000000020/3.840878/0212/R000000021/R000000030
R000000020/5.089163/0175/R000000024/M000000008
R000000019/8.687701/0112/R000000020/R000000012
R000000035/2.469136/0197/R000000021
R000000034/7.163543/0112/R000000035/R000000012
R000000036/6.889194/0112/R000000021/R000000012
R000000034/7.654661/0197/R000000036
R000000019/9.194060/0301/R000000034/R000000007
R000000001/9.653002/0150/R000000019
Q000000002/8.063173/0000/R000000037
R000000039/5.531170/0112/M000000022/R000000012
R000000041/4.420059/0260/R000000012
R000000041/4.420059/0260/R000000012
R000000040/6.022288/0112/M000000022/R000000041
R000000039/6.691431/0059/R000000040
M000000042/1.000000/0000/Sigma_BB-28766675
R000000038/7.256855/0003/R000000039/M000000042
M000000045/1.000000/0000/Sigma_BB-151857806
R000000044/6.022288/0112/M000000045/R000000041
R000000044/7.802542/0112/R000000040/R000000018
R000000043/6.691431/0059/R000000044
R000000047/1.000000/0000/Guesstimate
R000000046/7.256855/0004/R000000039/R000000047
R000000043/8.063173/0009/R000000046
R000000049/1.000000/0000/Guesstimate
M000000050/1.000000/0000/Sigma_BB-28766514
R000000048/2.222222/0004/R000000049/M000000050
M000000052/1.000000/0000/Sigma_BB-293710875
R000000053/1.000000/0000/Guesstimate
R000000051/2.222222/0173/M000000052/R000000053
R000000051/2.222222/0175/M000000052/R000000018
R000000048/2.469136/0024/R000000051
R000000038/9.904059/0049/R000000043/R000000048
R000000037/8.063173/0099/R000000038
R000000056/2.222222/0003/M000000022/M000000042
M000000057/1.000000/0000/Sigma_BB-243767903
M000000058/1.000000/0000/Sigma_BB-35361921
R000000056/2.222222/0112/M000000057/M000000058
R000000055/2.469136/0099/R000000056
R000000059/2.222222/0003/M000000004/M000000050
M000000060/1.000000/0000/Sigma_BB-28799148
R000000059/2.222222/0112/M000000006/M000000060
R000000055/2.469136/0099/R000000059
R000000054/7.654661/0112/R000000055/R000000041
R000000037/8.505178/0059/R000000054
Q000000003/Analysis Failed
<NEXT>