#
#  Reaction log file
#  Author: LigBuilder V3 User_Diana
#  Creation time: Mon Feb 23 23:22:40 2026
#  Format:
#  QueryMoleculeId/Cost/SynthesizeId/ReactantId1/ReactantId2/ReactantId3.....
#  Id prefix:
#  Q --- Query Molecule
#  M --- Material
#  R --- Reactant
#
Directory      result/synthesize_HsDHODH/178/DATABASE/
#
Q000000001/9.144949/0000/R000000001
R000000005/1.000000/0000/Guesstimate
R000000006/1.000000/0000/Guesstimate
R000000004/2.222222/0012/R000000005/R000000006
R000000004/2.222222/0285/R000000005/R000000006
R000000003/2.469136/0041/R000000004
R000000008/1.000000/0000/Guesstimate
R000000009/1.000000/0000/Guesstimate
R000000007/2.222222/0112/R000000008/R000000009
R000000010/1.000000/0000/Guesstimate
R000000011/1.000000/0000/Guesstimate
R000000007/2.222222/0112/R000000010/R000000011
M000000012/1.000000/0000/Sigma_BB-28247348
R000000003/3.580247/0206/R000000007/M000000012
R000000002/2.743484/0003/R000000003
R000000013/2.469136/0003/R000000004
R000000014/2.222222/0003/R000000005/R000000006
R000000015/1.000000/0000/Guesstimate
R000000016/1.000000/0000/Guesstimate
R000000014/2.222222/0122/R000000015/R000000016
R000000013/2.469136/0012/R000000014
R000000002/2.743484/0041/R000000013
M000000020/1.000000/0000/Sigma_BB-28929755
R000000021/1.000000/0000/Guesstimate
R000000019/2.222222/0004/M000000020/R000000021
R000000023/1.000000/0000/Guesstimate
R000000024/1.000000/0000/Guesstimate
R000000022/2.222222/0112/R000000023/R000000024
R000000018/4.938272/0049/R000000019/R000000022
R000000017/5.486969/0099/R000000018
R000000017/5.486969/0099/R000000018
R000000001/9.144949/0049/R000000002/R000000017
R000000030/1.000000/0000/Guesstimate
R000000029/2.222222/0122/R000000030/R000000016
R000000029/2.222222/0122/R000000030/R000000016
R000000028/2.469136/0012/R000000029
R000000031/2.222222/0012/R000000030/R000000016
R000000031/2.222222/0285/R000000030/R000000016
R000000028/2.469136/0122/R000000031
R000000027/2.743484/0041/R000000028
R000000027/2.743484/0233/R000000028
R000000032/1.000000/0000/Guesstimate
R000000026/4.159427/0122/R000000027/R000000032
R000000033/3.854596/0122/R000000028/R000000032
R000000026/4.282884/0041/R000000033
M000000037/1.000000/0000/Sigma_BB-34438432
R000000036/1.111111/0085/M000000037
M000000038/1.000000/0000/Sigma_BB-28760999
R000000036/2.222222/0004/R000000021/M000000038
R000000035/3.703704/0049/R000000036/R000000022
R000000034/4.115227/0099/R000000035
R000000034/4.115227/0099/R000000035
R000000025/9.194060/0231/R000000026/R000000034
R000000001/9.194060/0082/R000000025
Q000000002/9.144949/0000/R000000001
Q000000003/9.144949/0000/R000000001
<NEXT>