#
#  Reaction log file
#  Author: LigBuilder V3 User_Diana
#  Creation time: Mon Feb 23 23:17:53 2026
#  Format:
#  QueryMoleculeId/Cost/SynthesizeId/ReactantId1/ReactantId2/ReactantId3.....
#  Id prefix:
#  Q --- Query Molecule
#  M --- Material
#  R --- Reactant
#
Directory      result/synthesize_HsDHODH/103/DATABASE/
#
Q000000001/5.944217/0000/R000000001
M000000005/1.000000/0000/Sigma_BB-27151350
R000000004/1.111111/0091/M000000005
M000000006/1.000000/0000/Sigma_BB-30386853
R000000003/2.345679/0003/R000000004/M000000006
R000000007/1.234568/0125/R000000004
R000000008/1.000000/0000/Guesstimate
R000000007/2.345679/0112/R000000004/R000000008
M000000010/1.000000/0000/Sigma_BB-299859477
R000000009/1.111111/0085/M000000010
R000000011/1.000000/0000/Guesstimate
M000000012/1.000000/0000/Sigma_BB-28426400
R000000009/2.222222/0004/R000000011/M000000012
R000000003/2.606310/0049/R000000007/R000000009
R000000015/1.000000/0000/Guesstimate
R000000016/1.000000/0000/Guesstimate
R000000014/2.222222/0276/R000000015/R000000016
R000000014/2.222222/0278/R000000015/R000000016
R000000013/2.469136/0275/R000000014
R000000017/2.222222/0275/R000000015/R000000016
R000000013/2.469136/0276/R000000017
R000000002/5.349795/0112/R000000003/R000000013
M000000019/1.000000/0000/Sigma_BB-27680560
R000000018/2.222222/0003/M000000019/M000000006
M000000020/1.000000/0000/Sigma_BB-151857806
R000000018/2.345679/0049/M000000020/R000000009
R000000023/1.000000/0000/Guesstimate
R000000022/3.854596/0112/R000000023/R000000013
R000000021/4.282884/0197/R000000022
R000000002/7.227896/0112/R000000018/R000000021
R000000001/5.944217/0099/R000000002
R000000026/1.371742/0040/R000000007
R000000025/4.267642/0112/R000000026/R000000013
M000000027/1.000000/0000/Sigma_BB-128362463
R000000025/5.869872/0112/M000000027/R000000021
R000000024/5.852936/0003/R000000025/M000000012
R000000029/2.345679/0004/R000000004/R000000011
R000000028/5.349795/0112/R000000029/R000000013
R000000030/2.222222/0004/M000000019/R000000011
R000000028/7.227896/0112/R000000030/R000000021
M000000031/1.000000/0000/Sigma_BB-37467573
R000000024/7.055328/0049/R000000028/M000000031
R000000001/6.503263/0099/R000000024
Q000000002/8.481323/0000/R000000032
M000000035/1.000000/0000/Sigma_BB-136985868
R000000034/5.869872/0112/M000000035/R000000021
M000000037/1.000000/0000/Sigma_BB-30085675
R000000036/5.869872/0112/M000000037/R000000021
R000000038/1.000000/0000/Guesstimate
R000000034/7.633191/0275/R000000036/R000000038
R000000033/7.633191/0003/R000000034/M000000012
M000000041/1.000000/0000/Sigma_BB-68700031
R000000040/2.222222/0004/M000000041/R000000011
R000000039/7.227896/0112/R000000040/R000000021
R000000042/5.869872/0112/M000000041/R000000021
R000000042/6.522080/0197/R000000034
R000000039/7.633191/0004/R000000042/R000000011
M000000043/1.000000/0000/Sigma_BB-28816861
R000000033/9.142107/0049/R000000039/M000000043
R000000032/8.481323/0099/R000000033
M000000045/1.000000/0000/Sigma_BB-28416063
R000000044/7.633191/0003/R000000042/M000000045
R000000047/1.111111/0079/M000000037
R000000048/1.000000/0000/Guesstimate
R000000047/2.222222/0112/M000000037/R000000048
R000000046/5.993328/0112/R000000047/R000000021
R000000046/7.633191/0112/R000000036/R000000048
M000000050/1.000000/0000/Sigma_BB-28821221
R000000049/1.111111/0085/M000000050
R000000049/2.222222/0004/R000000011/M000000012
R000000044/7.893822/0049/R000000046/R000000049
R000000032/8.481323/0099/R000000044
Q000000003/6.145744/0000/R000000051
R000000053/3.978053/0112/R000000004/R000000013
R000000053/5.869872/0112/M000000019/R000000021
M000000054/1.000000/0000/Sigma_BB-40568700
R000000052/5.531170/0003/R000000053/M000000054
R000000057/1.000000/0000/Guesstimate
R000000056/5.531170/0004/R000000053/R000000057
R000000055/6.145744/0009/R000000056
M000000059/1.000000/0000/Sigma_BB-137266802
R000000058/5.869872/0112/M000000059/R000000021
R000000055/6.522080/0079/R000000058
R000000061/1.111111/0093/M000000054
R000000062/1.000000/0000/Guesstimate
M000000063/1.000000/0000/Sigma_BB-28426396
R000000061/2.222222/0004/R000000062/M000000063
R000000060/1.234568/0085/R000000061
R000000060/2.222222/0004/R000000011/M000000063
R000000052/8.200347/0049/R000000055/R000000060
R000000051/6.145744/0099/R000000052
R000000064/5.852936/0003/R000000025/M000000063
M000000065/1.000000/0000/Sigma_BB-151008381
R000000064/7.055328/0049/R000000028/M000000065
R000000051/6.503263/0099/R000000064
<NEXT>