#
#  Reaction log file
#  Author: LigBuilder V3 User_Diana
#  Creation time: Mon Feb 23 23:27:38 2026
#  Format:
#  QueryMoleculeId/Cost/SynthesizeId/ReactantId1/ReactantId2/ReactantId3.....
#  Id prefix:
#  Q --- Query Molecule
#  M --- Material
#  R --- Reactant
#
Directory      result/synthesize_HsDHODH/244/DATABASE/
#
Q000000001/2.606310/0000/R000000001
M000000004/1.000000/0000/Sigma_BB-161564803
R000000003/1.111111/0287/M000000004
M000000005/1.000000/0000/Sigma_BB-183933834
R000000003/1.111111/0287/M000000005
R000000006/1.000000/0000/Guesstimate
R000000002/2.345679/0003/R000000003/R000000006
M000000009/1.000000/0000/Sigma_BB-316039288
R000000008/1.111111/0287/M000000009
R000000008/1.234568/0197/R000000003
R000000010/1.000000/0000/Guesstimate
R000000007/2.345679/0004/R000000008/R000000010
M000000012/1.000000/0000/Sigma_BB-28936934
R000000013/1.000000/0000/Guesstimate
R000000011/2.222222/0018/M000000012/R000000013
R000000014/1.000000/0000/Guesstimate
R000000011/2.345679/0004/R000000008/R000000014
R000000007/2.469136/0155/R000000011
R000000017/1.000000/0000/Guesstimate
R000000016/1.111111/0118/R000000017
R000000018/1.000000/0000/Guesstimate
R000000016/2.222222/0112/R000000017/R000000018
R000000015/1.234568/0059/R000000016
R000000020/1.000000/0000/Guesstimate
R000000019/2.222222/0004/R000000020/R000000006
M000000021/1.000000/0000/Sigma_BB-27941182
R000000022/1.000000/0000/Guesstimate
R000000019/2.222222/0170/M000000021/R000000022
R000000015/2.469136/0009/R000000019
R000000002/3.978052/0049/R000000007/R000000015
R000000001/2.606310/0059/R000000002
R000000026/1.000000/0000/Guesstimate
R000000025/2.345679/0003/R000000003/R000000026
R000000025/3.717421/0049/R000000007/R000000017
R000000024/2.606310/0059/R000000025
R000000027/2.345679/0004/R000000008/R000000020
R000000027/2.606310/0156/R000000007
R000000029/1.000000/0000/Guesstimate
R000000028/2.222222/0004/R000000029/R000000026
R000000030/1.000000/0000/Guesstimate
R000000031/1.000000/0000/Guesstimate
R000000028/2.222222/0170/R000000030/R000000031
R000000024/5.075447/0212/R000000027/R000000028
R000000023/2.895900/0118/R000000024
R000000023/4.007011/0112/R000000024/R000000018
R000000001/3.217667/0059/R000000023
Q000000002/2.606310/0000/R000000001
Q000000003/4.282884/0000/R000000032
R000000036/1.000000/0000/Guesstimate
M000000037/1.000000/0000/Sigma_BB-186850644
R000000035/2.222222/0112/R000000036/M000000037
R000000034/2.469136/0059/R000000035
R000000038/2.222222/0004/R000000036/R000000020
M000000039/1.000000/0000/Sigma_BB-28834919
R000000034/3.580247/0212/R000000038/M000000039
R000000033/3.854596/0112/R000000034/R000000018
R000000042/1.000000/0000/Guesstimate
R000000041/2.222222/0004/R000000042/R000000020
R000000040/2.469136/0009/R000000041
R000000043/7.400000/0000/Guesstimate
R000000040/8.222222/0082/R000000043
R000000046/1.000000/0000/Guesstimate
M000000047/1.000000/0000/Sigma_BB-156331499
R000000045/2.222222/0003/R000000046/M000000047
R000000048/1.000000/0000/Guesstimate
M000000049/1.000000/0000/Sigma_BB-30479921
R000000045/2.222222/0049/R000000048/M000000049
R000000044/2.469136/0147/R000000045
R000000051/1.000000/0000/Guesstimate
M000000052/1.000000/0000/Sigma_BB-187814549
R000000050/2.222222/0003/R000000051/M000000052
M000000053/1.000000/0000/Sigma_BB-243848667
R000000050/2.222222/0112/R000000046/M000000053
R000000044/2.469136/0147/R000000050
R000000033/5.486969/0095/R000000040/R000000044
R000000032/4.282884/0041/R000000033
R000000057/1.000000/0000/Guesstimate
R000000056/2.222222/0256/R000000036/R000000057
R000000060/1.000000/0000/Guesstimate
R000000059/3.854596/0095/R000000040/R000000060
R000000058/4.282884/0040/R000000059
R000000061/8.400000/0000/Guesstimate
R000000058/9.333333/0260/R000000061
R000000056/4.758760/0197/R000000058
R000000055/3.580247/0004/R000000056/R000000010
R000000063/1.000000/0000/Guesstimate
R000000062/3.854596/0095/R000000040/R000000063
R000000055/4.282884/0041/R000000062
M000000064/1.000000/0000/Sigma_BB-181645267
R000000054/5.089163/0049/R000000055/M000000064
M000000065/1.000000/0000/Sigma_BB-28775340
R000000054/5.869872/0003/R000000058/M000000065
R000000032/5.654626/0059/R000000054
<NEXT>