#
#  Reaction log file
#  Author: LigBuilder V3 User_Diana
#  Creation time: Mon Feb 23 23:32:40 2026
#  Format:
#  QueryMoleculeId/Cost/SynthesizeId/ReactantId1/ReactantId2/ReactantId3.....
#  Id prefix:
#  Q --- Query Molecule
#  M --- Material
#  R --- Reactant
#
Directory      result/synthesize_HsDHODH/289/DATABASE/
#
Q000000001/Analysis Failed
Q000000002/3.993294/0000/R000000001
M000000003/1.000000/0000/Sigma_BB-31124329
R000000004/1.000000/0000/Guesstimate
R000000002/2.222222/0003/M000000003/R000000004
M000000005/1.000000/0000/Sigma_BB-151008381
R000000006/1.000000/0000/Guesstimate
R000000002/2.222222/0012/M000000005/R000000006
R000000010/1.000000/0000/Guesstimate
R000000009/1.111111/0228/R000000010
R000000009/1.111111/0286/R000000010
R000000008/1.234568/0039/R000000009
R000000012/1.000000/0000/Guesstimate
R000000011/1.111111/0118/R000000012
R000000013/1.000000/0000/Guesstimate
R000000011/2.222222/0112/R000000012/R000000013
R000000008/1.234568/0059/R000000011
R000000007/1.371742/0024/R000000008
R000000014/1.000000/0000/Guesstimate
R000000007/2.222222/0004/R000000014/R000000004
R000000001/3.993294/0049/R000000002/R000000007
M000000018/1.000000/0000/Sigma_BB-28426396
M000000019/1.000000/0000/Sigma_BB-28764950
R000000017/2.222222/0004/M000000018/M000000019
R000000016/2.469136/0197/R000000017
M000000021/1.000000/0000/Sigma_BB-28484450
R000000022/1.000000/0000/Guesstimate
R000000020/2.222222/0001/M000000021/R000000022
R000000023/1.000000/0000/Guesstimate
R000000025/1.000000/0000/Guesstimate
R000000024/2.222222/0001/R000000025/R000000022
R000000026/1.000000/0000/Guesstimate
R000000024/2.222222/0003/R000000022/R000000026
R000000020/3.580247/0002/R000000023/R000000024
R000000015/5.212621/0212/R000000016/R000000020
R000000015/5.212621/0212/R000000016/R000000020
R000000001/5.791801/0028/R000000015
Q000000003/3.048316/0000/R000000027
M000000031/1.000000/0000/Sigma_BB-128362463
M000000032/1.000000/0000/Sigma_BB-189413541
R000000030/2.222222/0003/M000000031/M000000032
R000000029/2.469136/0099/R000000030
R000000033/7.500000/0000/Guesstimate
M000000034/1.000000/0000/Sigma_BB-243234474
R000000029/9.444445/0231/R000000033/M000000034
R000000028/2.743484/0125/R000000029
R000000028/3.854596/0112/R000000029/R000000013
R000000027/3.048316/0040/R000000028
R000000038/1.000000/0000/Guesstimate
R000000039/1.000000/0000/Guesstimate
R000000037/2.222222/0174/R000000038/R000000039
R000000037/2.222222/0289/R000000038/R000000039
R000000036/2.469136/0197/R000000037
R000000040/7.400000/0000/Guesstimate
R000000036/8.222222/0091/R000000040
R000000035/5.486969/0112/R000000029/R000000036
R000000027/6.096632/0025/R000000035
<NEXT>