#
#  Reaction log file
#  Author: LigBuilder V3 User_Diana
#  Creation time: Mon Feb 23 23:17:12 2026
#  Format:
#  QueryMoleculeId/Cost/SynthesizeId/ReactantId1/ReactantId2/ReactantId3.....
#  Id prefix:
#  Q --- Query Molecule
#  M --- Material
#  R --- Reactant
#
Directory      result/synthesize_HsDHODH/97/DATABASE/
#
Q000000001/7.673478/0000/R000000001
M000000007/1.000000/0000/Sigma_BB-27151350
R000000006/1.111111/0091/M000000007
R000000005/1.234568/0125/R000000006
R000000008/1.000000/0000/Guesstimate
R000000005/2.345679/0112/R000000006/R000000008
R000000004/1.371742/0040/R000000005
M000000010/1.000000/0000/Sigma_BB-28774955
R000000011/1.000000/0000/Guesstimate
R000000009/2.222222/0274/M000000010/R000000011
R000000003/3.993294/0003/R000000004/R000000009
R000000013/1.000000/0000/Guesstimate
R000000012/2.345679/0004/R000000006/R000000013
R000000014/2.469136/0125/R000000009
R000000014/3.580247/0112/R000000008/R000000009
R000000003/5.349795/0049/R000000012/R000000014
R000000002/4.436994/0099/R000000003
R000000018/1.000000/0000/Guesstimate
R000000017/2.345679/0003/R000000006/R000000018
R000000017/2.482853/0049/R000000005/R000000013
R000000016/2.606310/0041/R000000017
R000000016/2.606310/0233/R000000017
R000000015/2.895900/0139/R000000016
R000000020/1.000000/0000/Guesstimate
R000000019/3.717421/0224/R000000017/R000000020
R000000015/4.130468/0150/R000000019
M000000023/1.000000/0000/Sigma_BB-28786839
R000000024/1.000000/0000/Guesstimate
R000000022/2.222222/0004/M000000023/R000000024
R000000021/2.469136/0197/R000000022
R000000021/9.000001/0287/R000000025
R000000002/5.961151/0279/R000000015/R000000021
R000000028/1.000000/0000/Guesstimate
R000000029/1.000000/0000/Guesstimate
R000000027/2.222222/0276/R000000028/R000000029
R000000027/2.222222/0278/R000000028/R000000029
R000000026/2.469136/0275/R000000027
R000000030/2.222222/0275/R000000028/R000000029
R000000026/2.469136/0276/R000000030
R000000001/7.673478/0112/R000000002/R000000026
R000000031/7.180478/0112/R000000003/R000000026
R000000032/3.978053/0112/R000000006/R000000026
R000000035/1.000000/0000/Guesstimate
R000000034/3.580247/0004/R000000035/R000000009
R000000036/1.000000/0000/Guesstimate
R000000034/4.691358/0225/R000000009/R000000036/R000000011
R000000033/3.978053/0086/R000000034
R000000033/3.978053/0091/R000000034
R000000031/8.840117/0112/R000000032/R000000033
R000000001/7.978309/0099/R000000031
Q000000002/6.265983/0000/R000000037
M000000041/1.000000/0000/Sigma_BB-129567422
R000000040/2.345679/0003/R000000006/M000000041
R000000039/2.606310/0099/R000000040
M000000043/1.000000/0000/Sigma_BB-114105091
R000000042/2.635269/0003/R000000004/M000000043
R000000039/2.928077/0099/R000000042
R000000038/5.639385/0112/R000000039/R000000026
M000000046/1.000000/0000/Sigma_BB-27680560
R000000045/2.222222/0003/M000000046/M000000041
R000000044/2.469136/0099/R000000045
M000000048/1.000000/0000/Sigma_BB-128362463
R000000047/2.222222/0003/M000000048/M000000043
R000000044/2.469136/0099/R000000047
R000000051/1.000000/0000/Guesstimate
R000000050/3.854596/0112/R000000051/R000000026
R000000049/4.282884/0197/R000000050
R000000038/7.502244/0112/R000000044/R000000049
R000000037/6.265983/0041/R000000038
R000000053/1.111111/0041/M000000041
M000000055/1.000000/0000/Sigma_BB-244321917
R000000054/1.111111/0125/M000000055
R000000054/2.222222/0112/R000000008/M000000055
R000000053/1.234568/0040/R000000054
R000000052/5.654626/0003/R000000032/R000000053
R000000058/1.000000/0000/Guesstimate
R000000057/5.531170/0004/R000000032/R000000058
R000000056/6.145744/0009/R000000057
R000000059/5.961151/0112/R000000015/R000000026
R000000056/6.623501/0082/R000000059
R000000060/2.222222/0004/R000000013/M000000055
R000000061/2.222222/0004/R000000013/M000000043
M000000062/1.000000/0000/Sigma_BB-386044321
R000000061/2.222222/0112/M000000062/R000000008
R000000060/2.469136/0041/R000000061
R000000052/9.297741/0049/R000000056/R000000060
R000000037/6.282918/0099/R000000052
Q000000003/8.335828/0000/R000000063
M000000067/1.000000/0000/Sigma_BB-136985868
R000000066/2.222222/0003/M000000067/M000000043
R000000065/2.469136/0099/R000000066
M000000069/1.000000/0000/Sigma_BB-68700031
R000000068/2.222222/0003/M000000069/M000000041
R000000065/2.469136/0099/R000000068
R000000064/7.502244/0112/R000000065/R000000049
R000000063/8.335828/0059/R000000064
R000000071/5.869872/0112/M000000067/R000000049
M000000073/1.000000/0000/Sigma_BB-30085675
R000000072/5.869872/0112/M000000073/R000000049
R000000072/5.869872/0112/M000000073/R000000049
R000000071/7.633191/0275/R000000072/R000000011
M000000074/1.000000/0000/Sigma_BB-189413541
R000000070/7.633191/0003/R000000071/M000000074
M000000076/1.000000/0000/Sigma_BB-28826737
R000000075/1.111111/0114/M000000076
M000000078/1.000000/0000/Sigma_BB-234543048
R000000077/1.111111/0114/M000000078
M000000079/1.000000/0000/Sigma_BB-243331311
R000000077/2.222222/0112/M000000079/R000000008
R000000075/1.234568/0059/R000000077
R000000070/7.756648/0112/R000000072/R000000075
R000000063/8.481323/0099/R000000070
<NEXT>