#
#  Reaction log file
#  Author: LigBuilder V3 User_Diana
#  Creation time: Mon Feb 23 23:27:08 2026
#  Format:
#  QueryMoleculeId/Cost/SynthesizeId/ReactantId1/ReactantId2/ReactantId3.....
#  Id prefix:
#  Q --- Query Molecule
#  M --- Material
#  R --- Reactant
#
Directory      result/synthesize_HsDHODH/239/DATABASE/
#
Q000000001/6.096632/0000/R000000001
R000000005/1.000000/0000/Guesstimate
R000000006/1.000000/0000/Guesstimate
R000000004/2.222222/0112/R000000005/R000000006
R000000003/2.469136/0153/R000000004
R000000008/1.000000/0000/Guesstimate
R000000007/2.222222/0112/R000000005/R000000008
R000000007/2.469136/0091/R000000004
R000000003/2.469136/0154/R000000007
R000000011/1.000000/0000/Guesstimate
R000000012/1.000000/0000/Guesstimate
R000000010/2.222222/0004/R000000011/R000000012
R000000013/1.000000/0000/Guesstimate
R000000014/1.000000/0000/Guesstimate
R000000010/3.333333/0225/R000000013/R000000012/R000000014
R000000009/2.469136/0086/R000000010
R000000009/2.469136/0091/R000000010
R000000002/5.486969/0276/R000000003/R000000009
R000000002/5.486969/0278/R000000003/R000000009
R000000001/6.096632/0024/R000000002
R000000016/3.854596/0276/R000000005/R000000009
R000000016/3.854596/0278/R000000005/R000000009
R000000019/1.000000/0000/Guesstimate
R000000018/2.222222/0174/R000000006/R000000019
R000000018/2.222222/0289/R000000006/R000000019
R000000017/2.469136/0197/R000000018
R000000020/7.400000/0000/Guesstimate
R000000017/8.222222/0091/R000000020
R000000015/7.026369/0112/R000000016/R000000017
R000000021/3.854596/0112/R000000005/R000000017
R000000022/2.469136/0197/R000000004
R000000023/1.111111/0287/R000000019
R000000021/3.978053/0112/R000000022/R000000023
R000000015/7.026369/0276/R000000021/R000000009
R000000001/7.807076/0025/R000000015
Q000000002/6.096632/0000/R000000001
Q000000003/Analysis Failed
<NEXT>