#
#  Reaction log file
#  Author: LigBuilder V3 User_Diana
#  Creation time: Mon Feb 23 23:11:33 2026
#  Format:
#  QueryMoleculeId/Cost/SynthesizeId/ReactantId1/ReactantId2/ReactantId3.....
#  Id prefix:
#  Q --- Query Molecule
#  M --- Material
#  R --- Reactant
#
Directory      result/synthesize_HsDHODH/13/DATABASE/
#
Q000000001/6.096632/0000/R000000001
M000000005/1.000000/0000/Sigma_BB-136985868
M000000006/1.000000/0000/Sigma_BB-28513998
R000000004/2.222222/0003/M000000005/M000000006
M000000007/1.000000/0000/Sigma_BB-30085675
M000000008/1.000000/0000/Sigma_BB-243331311
R000000004/2.222222/0112/M000000007/M000000008
R000000003/2.469136/0099/R000000004
M000000010/1.000000/0000/Sigma_BB-68700031
M000000011/1.000000/0000/Sigma_BB-117278814
R000000009/2.222222/0003/M000000010/M000000011
R000000012/1.111111/0079/M000000007
R000000013/8.100000/0000/Guesstimate
R000000012/9.000001/0082/R000000013
M000000014/1.000000/0000/Sigma_BB-386044321
R000000009/2.345679/0049/R000000012/M000000014
R000000003/2.469136/0099/R000000009
R000000017/1.000000/0000/Guesstimate
R000000018/1.000000/0000/Guesstimate
R000000016/2.222222/0081/R000000017/R000000018
R000000019/1.000000/0000/Guesstimate
R000000016/2.222222/0210/R000000017/R000000019
R000000015/2.469136/0091/R000000016
R000000002/5.486969/0112/R000000003/R000000015
R000000001/6.096632/0198/R000000002
R000000021/2.743484/0125/R000000003
R000000022/1.000000/0000/Guesstimate
R000000021/3.854596/0112/R000000003/R000000022
R000000024/2.469136/0197/R000000016
R000000023/2.743484/0198/R000000024
R000000025/2.743484/0228/R000000024
R000000025/2.743484/0286/R000000024
R000000026/1.000000/0000/Guesstimate
R000000023/4.159427/0274/R000000025/R000000026
R000000020/6.096632/0256/R000000021/R000000023
R000000001/6.774036/0257/R000000020
Q000000002/6.811670/0000/R000000027
M000000031/1.000000/0000/Sigma_BB-128362463
M000000032/1.000000/0000/Sigma_BB-189413541
R000000030/2.222222/0003/M000000031/M000000032
R000000029/2.469136/0099/R000000030
R000000033/7.500000/0000/Guesstimate
M000000034/1.000000/0000/Sigma_BB-243234474
R000000029/9.444445/0231/R000000033/M000000034
R000000036/2.743484/0228/R000000015
R000000036/2.743484/0286/R000000015
R000000035/3.048316/0217/R000000036
R000000037/2.743484/0082/R000000015
R000000038/1.000000/0000/Guesstimate
R000000035/4.159427/0049/R000000037/R000000038
R000000028/6.130503/0112/R000000029/R000000035
R000000027/6.811670/0059/R000000028
M000000042/1.000000/0000/Sigma_BB-27151350
R000000041/1.111111/0091/M000000042
R000000043/3.048316/0156/R000000025
R000000040/4.621586/0112/R000000041/R000000043
M000000045/1.000000/0000/Sigma_BB-27680560
R000000044/4.498129/0112/M000000045/R000000035
R000000040/4.997921/0059/R000000044
M000000048/1.000000/0000/Sigma_BB-53198076
R000000047/1.111111/0287/M000000048
R000000046/1.234568/0024/R000000047
R000000049/1.111111/0125/M000000032
R000000049/2.222222/0112/R000000022/M000000032
R000000046/1.234568/0040/R000000049
R000000039/6.506838/0003/R000000040/R000000046
M000000052/1.000000/0000/Sigma_BB-151857806
R000000051/4.498129/0112/M000000052/R000000035
R000000051/6.109032/0112/R000000044/R000000022
R000000050/4.997921/0059/R000000051
R000000054/1.000000/0000/Guesstimate
R000000053/6.246207/0004/R000000040/R000000054
R000000050/6.940230/0009/R000000053
R000000055/2.222222/0004/R000000038/M000000032
M000000057/1.000000/0000/Sigma_BB-114105091
R000000056/2.222222/0004/R000000038/M000000057
R000000056/2.222222/0112/M000000014/R000000022
R000000055/2.469136/0059/R000000056
R000000039/8.022382/0049/R000000050/R000000055
R000000027/7.229821/0099/R000000039
Q000000003/6.811670/0000/R000000027
<NEXT>