#
#  Reaction log file
#  Author: LigBuilder V3 User_Diana
#  Creation time: Mon Feb 23 23:16:46 2026
#  Format:
#  QueryMoleculeId/Cost/SynthesizeId/ReactantId1/ReactantId2/ReactantId3.....
#  Id prefix:
#  Q --- Query Molecule
#  M --- Material
#  R --- Reactant
#
Directory      result/synthesize_HsDHODH/89/DATABASE/
#
Q000000001/Analysis Failed
Q000000002/6.096632/0000/R000000001
M000000005/1.000000/0000/Sigma_BB-27151350
R000000004/1.111111/0091/M000000005
M000000007/1.000000/0000/Sigma_BB-129567422
R000000006/1.111111/0059/M000000007
R000000008/1.000000/0000/Guesstimate
R000000006/2.222222/0224/M000000007/R000000008
R000000003/2.469136/0003/R000000004/R000000006
R000000009/1.234568/0125/R000000004
R000000010/1.000000/0000/Guesstimate
R000000009/2.345679/0112/R000000004/R000000010
R000000012/1.000000/0000/Guesstimate
M000000013/1.000000/0000/Sigma_BB-189413541
R000000011/2.222222/0004/R000000012/M000000013
R000000003/3.840878/0049/R000000009/R000000011
R000000016/1.000000/0000/Guesstimate
R000000017/1.000000/0000/Guesstimate
R000000015/2.222222/0276/R000000016/R000000017
R000000015/2.222222/0278/R000000016/R000000017
R000000014/2.469136/0275/R000000015
R000000018/2.222222/0275/R000000016/R000000017
R000000014/2.469136/0276/R000000018
R000000002/5.486969/0112/R000000003/R000000014
R000000001/6.096632/0099/R000000002
R000000021/1.371742/0040/R000000009
R000000020/4.267642/0112/R000000021/R000000014
R000000019/5.852936/0003/R000000020/M000000013
R000000023/2.345679/0004/R000000004/R000000012
R000000022/5.349795/0112/R000000023/R000000014
R000000024/5.075447/0112/R000000023/R000000015
R000000022/5.639385/0275/R000000024
R000000027/1.000000/0000/Guesstimate
R000000026/2.222222/0004/R000000027/M000000013
R000000025/2.469136/0009/R000000026
M000000029/1.000000/0000/Sigma_BB-114105091
R000000028/2.222222/0112/R000000010/M000000029
M000000030/1.000000/0000/Sigma_BB-243331317
R000000028/2.222222/0112/M000000030/R000000010
R000000025/2.469136/0059/R000000028
R000000019/8.687701/0049/R000000022/R000000025
R000000001/6.503263/0099/R000000019
Q000000003/6.096632/0000/R000000001
<NEXT>