#
#  Reaction log file
#  Author: LigBuilder V3 User_Diana
#  Creation time: Mon Feb 23 23:27:52 2026
#  Format:
#  QueryMoleculeId/Cost/SynthesizeId/ReactantId1/ReactantId2/ReactantId3.....
#  Id prefix:
#  Q --- Query Molecule
#  M --- Material
#  R --- Reactant
#
Directory      result/synthesize_HsDHODH/246/DATABASE/
#
Q000000001/2.758726/0000/R000000001
M000000005/1.000000/0000/Sigma_BB-129199166
R000000004/1.111111/0213/M000000005
R000000007/1.000000/0000/Guesstimate
R000000008/1.000000/0000/Guesstimate
R000000006/2.222222/0279/R000000007/R000000008
R000000006/2.222222/0279/R000000007/R000000008
M000000009/1.000000/0000/Sigma_BB-28247348
R000000004/3.580247/0159/R000000006/M000000009
R000000003/1.234568/0091/R000000004
R000000011/1.000000/0000/Guesstimate
R000000010/1.111111/0040/R000000011
R000000012/1.000000/0000/Guesstimate
R000000013/1.000000/0000/Guesstimate
R000000010/2.222222/0004/R000000012/R000000013
R000000003/3.703704/0159/R000000006/R000000010
M000000014/1.000000/0000/Sigma_BB-28498915
R000000002/2.482853/0112/R000000003/M000000014
R000000015/1.234568/0197/R000000004
R000000016/1.000000/0000/Guesstimate
R000000015/3.580247/0159/R000000006/R000000016
M000000017/1.000000/0000/Sigma_BB-161336277
R000000002/2.482853/0112/R000000015/M000000017
R000000001/2.758726/0147/R000000002
M000000018/1.000000/0000/Sigma_BB-130244462
R000000001/3.580247/0159/R000000006/M000000018
Q000000002/Analysis Failed
Q000000003/Analysis Failed
<NEXT>