#
#  Reaction log file
#  Author: LigBuilder V3 User_Diana
#  Creation time: Mon Feb 23 23:13:03 2026
#  Format:
#  QueryMoleculeId/Cost/SynthesizeId/ReactantId1/ReactantId2/ReactantId3.....
#  Id prefix:
#  Q --- Query Molecule
#  M --- Material
#  R --- Reactant
#
Directory      result/synthesize_HsDHODH/49/DATABASE/
#
Q000000001/4.130468/0000/R000000001
M000000004/1.000000/0000/Sigma_BB-68700031
M000000006/1.000000/0000/Sigma_BB-30474059
R000000005/1.111111/0091/M000000006
R000000003/2.345679/0112/M000000004/R000000005
M000000008/1.000000/0000/Sigma_BB-136985868
R000000007/2.345679/0112/M000000008/R000000005
R000000007/2.345679/0112/M000000008/R000000005
R000000003/2.606310/0197/R000000007
M000000009/1.000000/0000/Sigma_BB-40568700
R000000002/3.717421/0003/R000000003/M000000009
M000000012/1.000000/0000/Sigma_BB-30085675
R000000011/2.345679/0112/M000000012/R000000005
R000000010/2.606310/0079/R000000011
R000000014/1.000000/0000/Guesstimate
R000000013/3.717421/0004/R000000003/R000000014
R000000010/4.130468/0009/R000000013
R000000016/1.111111/0093/M000000009
R000000017/1.000000/0000/Guesstimate
M000000018/1.000000/0000/Sigma_BB-28426396
R000000016/2.222222/0004/R000000017/M000000018
R000000015/1.234568/0085/R000000016
R000000019/1.000000/0000/Guesstimate
R000000015/2.222222/0004/R000000019/M000000018
R000000002/4.267642/0049/R000000010/R000000015
R000000001/4.130468/0099/R000000002
R000000020/3.717421/0003/R000000007/M000000018
R000000022/2.606310/0092/R000000011
R000000022/3.717421/0004/R000000003/R000000017
R000000021/2.895900/0085/R000000022
R000000021/3.717421/0004/R000000003/R000000019
M000000023/1.000000/0000/Sigma_BB-151008381
R000000020/4.328778/0049/R000000021/M000000023
R000000001/4.130468/0099/R000000020
Q000000002/4.130468/0000/R000000001
Q000000003/4.130468/0000/R000000001
<NEXT>