#
#  Reaction log file
#  Author: LigBuilder V3 User_Diana
#  Creation time: Mon Feb 23 23:27:59 2026
#  Format:
#  QueryMoleculeId/Cost/SynthesizeId/ReactantId1/ReactantId2/ReactantId3.....
#  Id prefix:
#  Q --- Query Molecule
#  M --- Material
#  R --- Reactant
#
Directory      result/synthesize_HsDHODH/253/DATABASE/
#
Q000000001/3.717421/0000/R000000001
M000000004/1.000000/0000/Sigma_BB-29082589
R000000003/1.111111/0114/M000000004
M000000006/1.000000/0000/Sigma_BB-339159045
R000000005/1.111111/0114/M000000006
R000000003/1.234568/0287/R000000005
R000000007/1.000000/0000/Guesstimate
R000000002/2.345679/0112/R000000003/R000000007
M000000010/1.000000/0000/Sigma_BB-27090566
R000000009/1.111111/0114/M000000010
R000000011/1.000000/0000/Guesstimate
R000000008/2.345679/0231/R000000009/R000000011
R000000012/2.222222/0231/M000000010/R000000011
R000000008/2.469136/0114/R000000012
R000000002/2.606310/0082/R000000008
R000000013/1.000000/0000/Guesstimate
R000000001/3.717421/0018/R000000002/R000000013
R000000015/1.000000/0000/Guesstimate
R000000014/3.717421/0018/R000000002/R000000015
R000000001/4.130468/0059/R000000014
Q000000002/4.741825/0000/R000000016
M000000021/1.000000/0000/Sigma_BB-30399791
R000000020/1.111111/0293/M000000021
R000000019/1.234568/0257/R000000020
R000000018/1.371742/0090/R000000019
R000000023/1.000000/0000/Guesstimate
R000000024/1.000000/0000/Guesstimate
R000000022/2.222222/0122/R000000023/R000000024
R000000022/2.222222/0122/R000000023/R000000024
R000000018/2.469136/0012/R000000022
M000000027/1.000000/0000/Sigma_BB-28760185
R000000028/1.000000/0000/Guesstimate
R000000026/2.222222/0231/M000000027/R000000028
R000000030/1.000000/0000/Guesstimate
M000000031/1.000000/0000/Sigma_BB-28792319
R000000029/2.222222/0175/R000000030/M000000031
R000000032/1.000000/0000/Guesstimate
R000000033/1.111111/0287/M000000031
M000000034/1.000000/0000/Sigma_BB-117837595
R000000033/2.222222/0231/M000000034/R000000028
R000000029/2.345679/0004/R000000032/R000000033
R000000026/2.469136/0216/R000000029
R000000025/2.469136/0091/R000000026
R000000037/1.000000/0000/Guesstimate
R000000038/1.000000/0000/Guesstimate
R000000036/2.222222/0012/R000000037/R000000038
R000000039/1.000000/0000/Guesstimate
R000000036/2.222222/0112/R000000039/R000000007
M000000040/1.000000/0000/Sigma_BB-28769153
R000000035/3.580247/0159/R000000036/M000000040
R000000025/3.978053/0099/R000000035
R000000017/4.267642/0112/R000000018/R000000025
R000000043/1.000000/0000/Guesstimate
R000000044/1.000000/0000/Guesstimate
R000000042/2.222222/0012/R000000043/R000000044
R000000042/2.222222/0285/R000000043/R000000044
R000000041/2.469136/0003/R000000042
R000000045/2.222222/0003/R000000043/R000000044
R000000046/1.000000/0000/Guesstimate
R000000045/2.222222/0122/R000000046/R000000024
R000000041/2.469136/0012/R000000045
R000000048/1.000000/0000/Guesstimate
R000000047/2.345679/0004/R000000048/R000000033
R000000047/2.469136/0085/R000000029
R000000017/5.349795/0049/R000000041/R000000047
R000000016/4.741825/0041/R000000017
R000000052/1.000000/0000/Guesstimate
R000000053/1.000000/0000/Guesstimate
R000000051/2.222222/0158/R000000052/R000000053
R000000051/2.222222/0158/R000000052/R000000053
R000000050/2.469136/0188/R000000051
R000000055/1.234568/0090/R000000020
R000000057/1.000000/0000/Guesstimate
R000000056/2.222222/0158/R000000052/R000000057
R000000056/2.222222/0158/R000000052/R000000057
R000000055/2.469136/0150/R000000056
R000000054/2.482853/0112/R000000055/R000000030
R000000050/2.758726/0197/R000000054
M000000060/1.000000/0000/Sigma_BB-88360669
M000000061/1.000000/0000/Sigma_BB-152437451
R000000059/2.222222/0004/M000000060/M000000061
R000000058/2.469136/0197/R000000059
R000000049/5.486969/0112/R000000050/R000000058
R000000016/6.096632/0028/R000000049
Q000000003/4.741825/0000/R000000016
<NEXT>