#
#  Reaction log file
#  Author: LigBuilder V3 User_Diana
#  Creation time: Mon Feb 23 23:16:51 2026
#  Format:
#  QueryMoleculeId/Cost/SynthesizeId/ReactantId1/ReactantId2/ReactantId3.....
#  Id prefix:
#  Q --- Query Molecule
#  M --- Material
#  R --- Reactant
#
Directory      result/synthesize_HsDHODH/92/DATABASE/
#
Q000000001/6.096632/0000/R000000001
M000000005/1.000000/0000/Sigma_BB-27151350
R000000004/1.111111/0091/M000000005
M000000007/1.000000/0000/Sigma_BB-129567422
R000000006/1.111111/0041/M000000007
R000000006/1.111111/0233/M000000007
R000000003/2.469136/0003/R000000004/R000000006
R000000008/1.234568/0125/R000000004
R000000009/1.000000/0000/Guesstimate
R000000008/2.345679/0112/R000000004/R000000009
R000000011/1.000000/0000/Guesstimate
M000000012/1.000000/0000/Sigma_BB-244321917
R000000010/2.222222/0004/R000000011/M000000012
R000000003/3.840878/0049/R000000008/R000000010
R000000015/1.000000/0000/Guesstimate
R000000016/1.000000/0000/Guesstimate
R000000014/2.222222/0276/R000000015/R000000016
R000000014/2.222222/0278/R000000015/R000000016
R000000013/2.469136/0275/R000000014
R000000017/2.222222/0275/R000000015/R000000016
R000000013/2.469136/0276/R000000017
R000000002/5.486969/0112/R000000003/R000000013
R000000001/6.096632/0099/R000000002
R000000020/1.371742/0040/R000000008
R000000019/4.267642/0112/R000000020/R000000013
R000000018/5.852936/0003/R000000019/M000000012
R000000022/2.345679/0004/R000000004/R000000011
R000000021/5.349795/0112/R000000022/R000000013
R000000023/5.075447/0112/R000000022/R000000014
R000000021/5.639385/0275/R000000023
R000000026/1.000000/0000/Guesstimate
R000000025/2.222222/0004/R000000026/M000000012
R000000024/2.469136/0009/R000000025
M000000028/1.000000/0000/Sigma_BB-114105091
R000000027/2.222222/0112/R000000009/M000000028
M000000029/1.000000/0000/Sigma_BB-243331317
R000000027/2.222222/0112/M000000029/R000000009
R000000024/2.469136/0041/R000000027
R000000018/8.687701/0049/R000000021/R000000024
R000000001/6.503263/0099/R000000018
Q000000002/6.265983/0000/R000000030
R000000033/2.345679/0003/R000000004/M000000007
R000000032/2.606310/0099/R000000033
R000000034/2.635269/0003/R000000020/M000000028
R000000034/5.075447/0049/R000000022/R000000027
R000000032/2.928077/0099/R000000034
R000000031/5.639385/0112/R000000032/R000000013
M000000037/1.000000/0000/Sigma_BB-27680560
R000000036/2.222222/0003/M000000037/M000000007
R000000035/2.469136/0099/R000000036
M000000039/1.000000/0000/Sigma_BB-128362463
R000000038/2.222222/0003/M000000039/M000000028
R000000035/2.469136/0099/R000000038
R000000042/1.000000/0000/Guesstimate
R000000041/3.854596/0112/R000000042/R000000013
R000000040/4.282884/0197/R000000041
R000000040/4.282884/0197/R000000041
R000000031/7.502244/0112/R000000035/R000000040
R000000030/6.265983/0059/R000000031
R000000044/3.978053/0112/R000000004/R000000013
R000000044/5.869872/0112/M000000037/R000000040
M000000047/1.000000/0000/Sigma_BB-53198076
R000000046/1.111111/0287/M000000047
R000000045/1.234568/0024/R000000046
M000000049/1.000000/0000/Sigma_BB-189413541
R000000048/2.222222/0112/R000000009/M000000049
R000000048/2.469136/0059/R000000027
R000000045/2.469136/0040/R000000048
R000000043/5.791801/0003/R000000044/R000000045
R000000051/5.531170/0004/R000000044/R000000026
R000000050/6.145744/0009/R000000051
M000000053/1.000000/0000/Sigma_BB-137266802
R000000052/5.869872/0112/M000000053/R000000040
R000000050/6.522080/0079/R000000052
R000000054/2.222222/0004/R000000011/M000000049
R000000055/2.222222/0004/R000000011/M000000028
M000000056/1.000000/0000/Sigma_BB-386044321
R000000055/2.222222/0112/M000000056/R000000009
R000000054/2.469136/0059/R000000055
R000000043/9.297741/0049/R000000050/R000000054
R000000030/6.435335/0099/R000000043
Q000000003/6.265983/0000/R000000030
<NEXT>