#
#  Reaction log file
#  Author: LigBuilder V3 User_Diana
#  Creation time: Mon Feb 23 23:27:14 2026
#  Format:
#  QueryMoleculeId/Cost/SynthesizeId/ReactantId1/ReactantId2/ReactantId3.....
#  Id prefix:
#  Q --- Query Molecule
#  M --- Material
#  R --- Reactant
#
Directory      result/synthesize_HsDHODH/236/DATABASE/
#
Q000000001/7.654661/0000/R000000001
R000000006/1.000000/0000/Guesstimate
R000000007/1.000000/0000/Guesstimate
R000000005/2.222222/0276/R000000006/R000000007
R000000005/2.222222/0278/R000000006/R000000007
R000000008/1.000000/0000/Guesstimate
R000000004/3.580247/0004/R000000005/R000000008
R000000010/1.000000/0000/Guesstimate
R000000009/3.580247/0112/R000000005/R000000010
R000000004/3.978053/0233/R000000009
R000000003/3.978053/0086/R000000004
R000000003/3.978053/0091/R000000004
R000000012/1.000000/0000/Guesstimate
R000000013/1.000000/0000/Guesstimate
R000000011/2.222222/0224/R000000012/R000000013
R000000015/1.000000/0000/Guesstimate
R000000014/2.222222/0224/R000000015/R000000013
R000000011/2.469136/0294/R000000014
R000000002/6.889194/0112/R000000003/R000000011
R000000016/3.978053/0197/R000000004
R000000016/3.978053/0197/R000000004
R000000019/1.000000/0000/Guesstimate
R000000018/1.111111/0125/R000000019
R000000020/1.000000/0000/Guesstimate
R000000018/2.222222/0112/R000000019/R000000020
R000000017/2.345679/0224/R000000018/R000000013
R000000021/3.580247/0112/R000000011/R000000010
R000000017/3.978053/0197/R000000021
R000000002/7.026369/0112/R000000016/R000000017
R000000001/7.654661/0147/R000000002
R000000025/1.000000/0000/Guesstimate
R000000024/2.222222/0276/R000000006/R000000025
R000000026/1.000000/0000/Guesstimate
R000000024/3.580247/0274/R000000005/R000000026
R000000023/3.580247/0004/R000000024/R000000008
R000000027/3.580247/0112/R000000024/R000000010
R000000027/5.089163/0274/R000000009/R000000026
R000000023/3.978053/0233/R000000027
R000000029/1.000000/0000/Guesstimate
R000000028/3.580247/0004/R000000011/R000000029
R000000031/1.000000/0000/Guesstimate
R000000030/3.580247/0003/R000000011/R000000031
R000000028/3.978053/0040/R000000030
R000000022/7.956105/0212/R000000023/R000000028
R000000022/7.956105/0212/R000000023/R000000028
R000000001/8.840117/0155/R000000022
Q000000002/7.654661/0000/R000000001
Q000000003/4.282884/0000/R000000032
R000000036/1.000000/0000/Guesstimate
M000000037/1.000000/0000/Sigma_BB-28779014
R000000035/2.222222/0002/R000000036/M000000037
R000000034/2.469136/0147/R000000035
M000000038/1.000000/0000/Sigma_BB-150877454
R000000033/3.854596/0212/R000000034/M000000038
R000000033/3.854596/0212/R000000034/M000000038
R000000032/4.282884/0153/R000000033
R000000041/2.222222/0004/R000000036/R000000008
R000000040/2.469136/0087/R000000041
M000000043/1.000000/0000/Sigma_BB-73171723
R000000042/1.111111/0044/M000000043
M000000045/1.000000/0000/Sigma_BB-28933404
R000000044/1.111111/0044/M000000045
R000000046/1.000000/0000/Guesstimate
M000000047/1.000000/0000/Sigma_BB-27721832
R000000044/2.222222/0112/R000000046/M000000047
R000000042/1.234568/0147/R000000044
R000000039/3.978053/0301/R000000040/R000000042
R000000039/3.978053/0301/R000000040/R000000042
R000000032/4.420059/0154/R000000039
Q000000004/Analysis Failed
<NEXT>