#
#  Reaction log file
#  Author: LigBuilder V3 User_Diana
#  Creation time: Mon Feb 23 23:27:40 2026
#  Format:
#  QueryMoleculeId/Cost/SynthesizeId/ReactantId1/ReactantId2/ReactantId3.....
#  Id prefix:
#  Q --- Query Molecule
#  M --- Material
#  R --- Reactant
#
Directory      result/synthesize_HsDHODH/242/DATABASE/
#
Q000000001/4.130468/0000/R000000001
R000000004/1.000000/0000/Guesstimate
M000000006/1.000000/0000/Sigma_BB-27556005
R000000005/1.111111/0280/M000000006
R000000007/1.000000/0000/Guesstimate
R000000005/1.111111/0283/R000000007
R000000003/2.345679/0159/R000000004/R000000005
R000000008/8.300000/0000/Guesstimate
R000000003/9.222222/0165/R000000008
M000000009/1.000000/0000/Sigma_BB-28769516
R000000002/3.717421/0119/R000000003/M000000009
R000000010/2.345679/0119/R000000005/M000000009
R000000012/1.000000/0000/Guesstimate
R000000011/2.345679/0119/R000000005/R000000012
R000000013/1.000000/0000/Guesstimate
R000000011/2.345679/0276/R000000005/R000000013
R000000014/1.000000/0000/Guesstimate
R000000010/3.717421/0224/R000000011/R000000014
R000000002/3.717421/0159/R000000004/R000000010
R000000001/4.130468/0041/R000000002
R000000016/2.606310/0041/R000000003
R000000016/2.606310/0233/R000000003
R000000017/1.000000/0000/Guesstimate
R000000015/4.007011/0119/R000000016/R000000017
R000000018/1.000000/0000/Guesstimate
R000000015/4.007011/0276/R000000016/R000000018
R000000001/4.452235/0058/R000000015
Q000000002/4.130468/0000/R000000001
Q000000003/4.130468/0000/R000000001
<NEXT>