#
#  Reaction log file
#  Author: LigBuilder V3 User_Diana
#  Creation time: Mon Feb 23 23:25:53 2026
#  Format:
#  QueryMoleculeId/Cost/SynthesizeId/ReactantId1/ReactantId2/ReactantId3.....
#  Id prefix:
#  Q --- Query Molecule
#  M --- Material
#  R --- Reactant
#
Directory      result/synthesize_HsDHODH/211/DATABASE/
#
Q000000001/Analysis Failed
Q000000002/7.207744/0000/R000000001
M000000005/1.000000/0000/Sigma_BB-27680560
M000000006/1.000000/0000/Sigma_BB-156331499
R000000004/2.222222/0003/M000000005/M000000006
M000000007/1.000000/0000/Sigma_BB-151857806
M000000008/1.000000/0000/Sigma_BB-30479921
R000000004/2.222222/0049/M000000007/M000000008
R000000003/2.469136/0099/R000000004
M000000010/1.000000/0000/Sigma_BB-128362463
M000000011/1.000000/0000/Sigma_BB-187814549
R000000009/2.222222/0003/M000000010/M000000011
M000000012/1.000000/0000/Sigma_BB-137266802
M000000013/1.000000/0000/Sigma_BB-28775340
R000000009/2.222222/0112/M000000012/M000000013
R000000003/2.469136/0099/R000000009
R000000016/1.000000/0000/Guesstimate
R000000017/1.000000/0000/Guesstimate
R000000015/2.222222/0224/R000000016/R000000017
R000000014/2.469136/0285/R000000015
R000000002/5.486969/0112/R000000003/R000000014
R000000018/1.000000/0000/Guesstimate
R000000001/7.207744/0256/R000000002/R000000018
R000000022/1.000000/0000/Guesstimate
R000000021/2.222222/0224/R000000016/R000000022
R000000023/1.000000/0000/Guesstimate
R000000020/3.580247/0285/R000000021/R000000023
R000000019/6.721537/0112/R000000003/R000000020
R000000001/7.468375/0279/R000000019
Q000000003/6.940230/0000/R000000024
M000000028/1.000000/0000/Sigma_BB-27151350
R000000027/1.111111/0091/M000000028
R000000030/2.743484/0079/R000000014
R000000031/1.000000/0000/Guesstimate
R000000030/3.854596/0112/R000000014/R000000031
R000000029/3.048316/0059/R000000030
R000000032/1.000000/0000/Guesstimate
R000000029/4.159427/0224/R000000030/R000000032
R000000026/4.621586/0112/R000000027/R000000029
R000000035/1.000000/0000/Guesstimate
R000000034/3.854596/0112/R000000014/R000000035
R000000037/1.000000/0000/Guesstimate
R000000036/3.854596/0004/R000000014/R000000037
R000000034/4.282884/0009/R000000036
R000000033/5.393995/0112/M000000005/R000000034
R000000026/5.993328/0059/R000000033
R000000025/6.246207/0003/R000000026/M000000006
R000000039/5.393995/0112/M000000007/R000000034
R000000039/7.104439/0112/R000000033/R000000035
R000000038/5.993328/0059/R000000039
R000000040/6.246207/0004/R000000026/R000000037
R000000038/6.940230/0009/R000000040
R000000025/7.770365/0049/R000000038/M000000008
R000000024/6.940230/0099/R000000025
R000000041/7.026369/0112/R000000003/R000000034
R000000044/1.000000/0000/Guesstimate
R000000043/3.854596/0112/R000000003/R000000044
R000000042/4.282884/0197/R000000043
R000000042/4.282884/0197/R000000043
R000000041/7.807076/0112/R000000042/R000000030
R000000024/7.807076/0059/R000000041
<NEXT>