#
#  Reaction log file
#  Author: LigBuilder V3 User_Diana
#  Creation time: Mon Feb 23 23:11:53 2026
#  Format:
#  QueryMoleculeId/Cost/SynthesizeId/ReactantId1/ReactantId2/ReactantId3.....
#  Id prefix:
#  Q --- Query Molecule
#  M --- Material
#  R --- Reactant
#
Directory      result/synthesize_HsDHODH/8/DATABASE/
#
Q000000001/6.096632/0000/R000000001
M000000005/1.000000/0000/Sigma_BB-27680560
M000000006/1.000000/0000/Sigma_BB-117278814
R000000004/2.222222/0003/M000000005/M000000006
M000000007/1.000000/0000/Sigma_BB-151857806
M000000008/1.000000/0000/Sigma_BB-386044321
R000000004/2.222222/0049/M000000007/M000000008
R000000003/2.469136/0099/R000000004
M000000010/1.000000/0000/Sigma_BB-128362463
M000000011/1.000000/0000/Sigma_BB-28513998
R000000009/2.222222/0003/M000000010/M000000011
M000000012/1.000000/0000/Sigma_BB-137266802
M000000013/1.000000/0000/Sigma_BB-243331311
R000000009/2.222222/0112/M000000012/M000000013
R000000003/2.469136/0099/R000000009
R000000016/1.000000/0000/Guesstimate
R000000017/1.000000/0000/Guesstimate
R000000015/2.222222/0081/R000000016/R000000017
R000000018/1.000000/0000/Guesstimate
R000000015/2.222222/0210/R000000016/R000000018
R000000014/2.469136/0091/R000000015
R000000020/1.000000/0000/Guesstimate
R000000021/1.000000/0000/Guesstimate
R000000019/2.222222/0285/R000000020/R000000021
R000000019/2.222222/0285/R000000020/R000000021
R000000014/2.469136/0285/R000000019
R000000002/5.486969/0112/R000000003/R000000014
R000000001/6.096632/0059/R000000002
R000000024/3.854596/0112/M000000005/R000000014
R000000023/4.282884/0059/R000000024
R000000025/1.000000/0000/Guesstimate
R000000023/5.393995/0224/R000000024/R000000025
R000000022/5.869872/0003/R000000023/M000000006
R000000027/3.854596/0112/M000000007/R000000014
R000000028/1.000000/0000/Guesstimate
R000000027/5.393995/0112/R000000024/R000000028
R000000026/4.282884/0059/R000000027
R000000030/1.000000/0000/Guesstimate
R000000029/5.869872/0004/R000000023/R000000030
R000000026/6.522080/0009/R000000029
R000000022/5.869872/0049/R000000026/M000000008
R000000001/6.522080/0099/R000000022
Q000000002/5.791800/0000/R000000031
M000000035/1.000000/0000/Sigma_BB-27151350
R000000034/1.111111/0091/M000000035
R000000033/2.345679/0003/R000000034/M000000006
R000000036/1.234568/0125/R000000034
R000000036/2.345679/0112/R000000034/R000000028
R000000033/2.482853/0049/R000000036/M000000008
R000000032/2.606310/0099/R000000033
R000000038/1.371742/0040/R000000036
R000000037/2.635269/0003/R000000038/M000000011
R000000040/1.000000/0000/Guesstimate
R000000039/2.345679/0004/R000000034/R000000040
M000000041/1.000000/0000/Sigma_BB-243331317
R000000037/3.717421/0049/R000000039/M000000041
R000000032/2.928077/0099/R000000037
R000000045/1.000000/0000/Guesstimate
R000000044/1.111111/0283/R000000045
R000000046/1.000000/0000/Guesstimate
R000000043/2.345679/0277/R000000044/R000000046
R000000048/1.000000/0000/Guesstimate
R000000047/2.345679/0277/R000000044/R000000048
R000000043/2.606310/0300/R000000047
R000000042/2.606310/0099/R000000043
R000000050/2.606310/0247/R000000043
R000000049/2.895900/0147/R000000050
R000000042/3.217667/0188/R000000049
R000000031/5.791800/0112/R000000032/R000000042
R000000051/5.502210/0112/R000000032/R000000043
R000000031/6.113567/0099/R000000051
Q000000003/6.811670/0000/R000000052
M000000056/1.000000/0000/Sigma_BB-136985868
R000000055/2.222222/0003/M000000056/M000000011
M000000057/1.000000/0000/Sigma_BB-30085675
R000000055/2.222222/0112/M000000057/M000000013
R000000054/2.469136/0099/R000000055
M000000059/1.000000/0000/Sigma_BB-68700031
R000000058/2.222222/0003/M000000059/M000000006
R000000054/2.469136/0099/R000000058
R000000061/2.743484/0054/R000000014
R000000060/3.048316/0009/R000000061
R000000060/3.854596/0049/R000000014/R000000040
R000000053/6.130503/0112/R000000054/R000000060
R000000052/6.811670/0041/R000000053
R000000064/3.387018/0041/R000000060
R000000064/3.387018/0233/R000000060
R000000063/4.874465/0112/M000000056/R000000064
R000000065/4.498129/0112/M000000056/R000000060
R000000063/4.997921/0041/R000000065
R000000062/6.527184/0003/R000000063/M000000011
R000000067/2.222222/0004/M000000059/R000000040
R000000066/6.232490/0112/R000000067/R000000064
R000000068/4.874465/0112/M000000059/R000000064
R000000066/6.527184/0004/R000000068/R000000040
R000000062/8.036099/0049/R000000066/M000000041
R000000052/7.252426/0099/R000000062
Q000000004/5.791800/0000/R000000031
<NEXT>