#
#  Reaction log file
#  Author: LigBuilder V3 User_Diana
#  Creation time: Tue Feb 24 08:26:10 2026
#  Format:
#  QueryMoleculeId/Cost/SynthesizeId/ReactantId1/ReactantId2/ReactantId3.....
#  Id prefix:
#  Q --- Query Molecule
#  M --- Material
#  R --- Reactant
#
Directory      result/synthesize_HsDHODH/186/DATABASE/
#
Q000000001/Analysis Failed
Q000000002/Analysis Failed
Q000000003/7.331201/0000/R000000001
R000000003/1.000000/0000/Guesstimate
R000000006/1.000000/0000/Guesstimate
M000000007/1.000000/0000/Sigma_BB-28758567
R000000005/2.222222/0232/R000000006/M000000007
R000000004/2.469136/0274/R000000005
R000000010/1.000000/0000/Guesstimate
R000000011/1.000000/0000/Guesstimate
R000000009/2.222222/0276/R000000010/R000000011
R000000009/2.222222/0278/R000000010/R000000011
R000000008/2.469136/0276/R000000009
R000000012/2.222222/0276/R000000010/R000000011
R000000012/2.222222/0278/R000000010/R000000011
R000000008/2.469136/0276/R000000012
R000000002/6.598080/0225/R000000003/R000000004/R000000008
R000000014/1.000000/0000/Guesstimate
R000000013/3.854596/0004/R000000014/R000000008
R000000017/1.000000/0000/Guesstimate
R000000016/3.854596/0112/R000000017/R000000008
R000000015/4.282884/0147/R000000016
R000000019/1.000000/0000/Guesstimate
R000000018/3.854596/0003/R000000019/R000000008
R000000015/4.282884/0153/R000000018
R000000013/4.758760/0024/R000000015
R000000002/7.026369/0004/R000000013/R000000004
R000000001/7.331201/0295/R000000002
<NEXT>