#
#  Reaction log file
#  Author: LigBuilder V3 User_Diana
#  Creation time: Tue Feb 24 08:17:24 2026
#  Format:
#  QueryMoleculeId/Cost/SynthesizeId/ReactantId1/ReactantId2/ReactantId3.....
#  Id prefix:
#  Q --- Query Molecule
#  M --- Material
#  R --- Reactant
#
Directory      result/synthesize_HsDHODH/85/DATABASE/
#
Q000000001/5.791801/0000/R000000001
M000000004/1.000000/0000/Sigma_BB-28777079
R000000003/1.111111/0197/M000000004
R000000005/1.000000/0000/Guesstimate
R000000003/1.111111/0228/R000000005
R000000008/1.000000/0000/Guesstimate
R000000009/1.000000/0000/Guesstimate
R000000007/2.222222/0002/R000000008/R000000009
R000000007/2.222222/0004/R000000008/R000000009
M000000010/1.000000/0000/Sigma_BB-128841890
R000000006/3.580247/0212/R000000007/M000000010
M000000012/1.000000/0000/Sigma_BB-89755406
R000000013/1.000000/0000/Guesstimate
R000000011/3.333333/0225/M000000012/R000000009/R000000013
R000000011/3.333333/0225/M000000012/R000000009/R000000013
R000000006/3.703704/0204/R000000011
R000000002/5.212621/0122/R000000003/R000000006
R000000002/5.212621/0122/R000000003/R000000006
R000000001/5.791801/0041/R000000002
R000000017/1.000000/0000/Guesstimate
R000000016/2.222222/0002/R000000008/R000000017
R000000016/2.222222/0004/R000000008/R000000017
M000000018/1.000000/0000/Sigma_BB-35033546
R000000015/3.580247/0212/R000000016/M000000018
M000000020/1.000000/0000/Sigma_BB-30550074
R000000019/3.333333/0225/M000000020/R000000017/R000000013
R000000019/3.333333/0225/M000000020/R000000017/R000000013
R000000015/3.703704/0204/R000000019
R000000014/5.212621/0122/R000000003/R000000015
R000000014/5.212621/0122/R000000003/R000000015
R000000021/1.000000/0000/Guesstimate
R000000001/6.902912/0050/R000000014/R000000021
Q000000002/5.791801/0000/R000000001
Q000000003/5.531170/0000/R000000022
M000000026/1.000000/0000/Sigma_BB-292901132
R000000027/1.000000/0000/Guesstimate
R000000025/2.222222/0004/M000000026/R000000027
M000000028/1.000000/0000/Sigma_BB-117837614
R000000025/3.333333/0225/M000000028/R000000027/R000000013
R000000024/2.469136/0204/R000000025
R000000029/2.222222/0002/R000000008/R000000027
R000000029/2.222222/0004/R000000008/R000000027
M000000030/1.000000/0000/Sigma_BB-30752893
R000000024/3.580247/0212/R000000029/M000000030
R000000023/3.978053/0122/R000000003/R000000024
R000000023/3.978053/0122/R000000003/R000000024
R000000022/5.531170/0051/R000000023/R000000021
R000000033/3.580247/0212/R000000016/M000000010
R000000033/3.580247/0212/R000000016/M000000010
R000000032/3.978053/0059/R000000033
M000000035/1.000000/0000/Sigma_BB-28776312
R000000034/3.580247/0212/R000000016/M000000035
R000000034/3.580247/0212/R000000016/M000000035
R000000032/3.978053/0153/R000000034
R000000031/5.654626/0122/R000000003/R000000032
R000000031/5.654626/0122/R000000003/R000000032
R000000022/7.394030/0050/R000000031/R000000021
<NEXT>