#
#  Reaction log file
#  Author: LigBuilder V3 User_Diana
#  Creation time: Tue Feb 24 08:29:46 2026
#  Format:
#  QueryMoleculeId/Cost/SynthesizeId/ReactantId1/ReactantId2/ReactantId3.....
#  Id prefix:
#  Q --- Query Molecule
#  M --- Material
#  R --- Reactant
#
Directory      result/synthesize_HsDHODH/293/DATABASE/
#
Q000000001/3.048316/0000/R000000001
M000000005/1.000000/0000/Sigma_BB-28515735
R000000004/1.111111/0125/M000000005
R000000006/1.000000/0000/Guesstimate
R000000004/2.222222/0112/M000000005/R000000006
R000000003/1.234568/0040/R000000004
R000000008/1.000000/0000/Guesstimate
M000000009/1.000000/0000/Sigma_BB-326690147
R000000007/2.222222/0276/R000000008/M000000009
R000000007/2.222222/0278/R000000008/M000000009
R000000003/2.469136/0024/R000000007
M000000012/1.000000/0000/Sigma_BB-180919352
R000000011/1.111111/0293/M000000012
R000000010/1.234568/0090/R000000011
M000000015/1.000000/0000/Sigma_BB-30444216
R000000014/1.111111/0086/M000000015
R000000014/1.111111/0091/M000000015
R000000013/1.234568/0079/R000000014
R000000017/1.000000/0000/Guesstimate
R000000018/1.111111/0197/M000000015
R000000016/2.345679/0004/R000000017/R000000018
R000000020/1.000000/0000/Guesstimate
M000000021/1.000000/0000/Sigma_BB-27094379
R000000019/2.222222/0224/R000000020/M000000021
R000000022/1.000000/0000/Guesstimate
R000000019/2.222222/0226/R000000022/M000000021
R000000016/2.469136/0040/R000000019
R000000013/2.606310/0009/R000000016
R000000023/1.000000/0000/Guesstimate
R000000010/2.482853/0122/R000000013/R000000023
R000000002/2.743484/0003/R000000003/R000000010
R000000025/1.000000/0000/Guesstimate
R000000024/2.482853/0001/R000000003/R000000025
R000000026/1.000000/0000/Guesstimate
R000000024/2.482853/0003/R000000003/R000000026
R000000028/1.000000/0000/Guesstimate
R000000027/2.345679/0274/R000000011/R000000028
R000000030/1.000000/0000/Guesstimate
R000000031/7.900000/0000/Guesstimate
R000000029/9.888888/0301/R000000030/R000000031
R000000029/9.888888/0301/R000000030/R000000031
R000000027/9.888888/0139/R000000029
R000000002/5.365036/0042/R000000024/R000000027
R000000001/3.048316/0147/R000000002
R000000034/1.000000/0000/Guesstimate
R000000033/2.222222/0112/M000000005/R000000034
M000000035/1.000000/0000/Sigma_BB-28769834
R000000033/2.222222/0174/M000000035/R000000034
R000000032/2.469136/0147/R000000033
R000000037/1.000000/0000/Guesstimate
R000000036/2.222222/0003/M000000005/R000000037
R000000038/1.111111/0114/M000000035
M000000040/1.000000/0000/Sigma_BB-37577730
R000000039/1.111111/0114/M000000040
R000000038/1.234568/0153/R000000039
R000000041/1.000000/0000/Guesstimate
R000000036/2.345679/0112/R000000038/R000000041
R000000032/2.469136/0147/R000000036
R000000001/4.115227/0122/R000000032/R000000013
Q000000002/4.282884/0000/R000000042
M000000046/1.000000/0000/Sigma_BB-28510867
M000000047/1.000000/0000/Sigma_BB-27325035
R000000045/2.222222/0031/M000000046/M000000047
R000000044/2.469136/0099/R000000045
R000000049/1.000000/0000/Guesstimate
R000000048/1.111111/0040/R000000049
R000000050/1.000000/0000/Guesstimate
R000000048/2.222222/0004/R000000025/R000000050
R000000051/8.400000/0000/Guesstimate
R000000044/9.511110/0279/R000000048/R000000051
R000000052/1.000000/0000/Guesstimate
R000000043/3.854596/0175/R000000044/R000000052
R000000043/3.854596/0290/R000000044/R000000052
R000000042/4.282884/0294/R000000043
Q000000003/4.159427/0000/R000000053
R000000054/2.743484/0294/R000000044
R000000055/1.000000/0000/Guesstimate
R000000053/4.159427/0004/R000000054/R000000055
R000000057/1.000000/0000/Guesstimate
R000000056/4.159427/0001/R000000054/R000000057
R000000056/4.159427/0004/R000000054/R000000006
R000000053/4.621586/0041/R000000056
<NEXT>