#
#  Reaction log file
#  Author: LigBuilder V3 User_Diana
#  Creation time: Tue Feb 24 08:21:57 2026
#  Format:
#  QueryMoleculeId/Cost/SynthesizeId/ReactantId1/ReactantId2/ReactantId3.....
#  Id prefix:
#  Q --- Query Molecule
#  M --- Material
#  R --- Reactant
#
Directory      result/synthesize_HsDHODH/119/DATABASE/
#
Q000000001/Analysis Failed
Q000000002/Analysis Failed
Q000000003/4.911176/0000/R000000001
M000000006/1.000000/0000/Sigma_BB-187845175
R000000005/1.111111/0299/M000000006
R000000004/1.234568/0085/R000000005
R000000008/1.000000/0000/Guesstimate
R000000007/2.345679/0004/R000000005/R000000008
R000000004/2.606310/0197/R000000007
R000000003/1.371742/0197/R000000004
R000000012/1.000000/0000/Guesstimate
R000000011/1.111111/0040/R000000012
R000000013/1.000000/0000/Guesstimate
R000000011/1.111111/0085/R000000013
M000000014/1.000000/0000/Sigma_BB-29528752
R000000010/2.345679/0212/R000000011/M000000014
R000000010/2.345679/0212/R000000011/M000000014
R000000009/2.606310/0188/R000000010
R000000009/9.100000/0090/R000000015
R000000002/4.420058/0301/R000000003/R000000009
R000000002/4.420058/0301/R000000003/R000000009
R000000001/4.911176/0028/R000000002
M000000020/1.000000/0000/Sigma_BB-28426400
M000000021/1.000000/0000/Sigma_BB-28764950
R000000019/2.222222/0004/M000000020/M000000021
R000000018/2.469136/0197/R000000019
R000000017/2.743484/0197/R000000018
R000000016/5.944216/0301/R000000017/R000000009
R000000016/5.944216/0301/R000000017/R000000009
R000000001/6.604685/0028/R000000016
Q000000004/5.531170/0000/R000000022
M000000025/1.000000/0000/Sigma_BB-70667862
R000000024/1.111111/0009/M000000025
R000000026/1.000000/0000/Guesstimate
R000000024/2.222222/0003/M000000020/R000000026
R000000029/1.000000/0000/Guesstimate
M000000030/1.000000/0000/Sigma_BB-28909567
R000000028/2.222222/0277/R000000029/M000000030
R000000027/2.469136/0099/R000000028
R000000031/8.700000/0000/Guesstimate
R000000027/9.666667/0293/R000000031
R000000023/3.978053/0122/R000000024/R000000027
R000000032/3.703704/0122/R000000024/R000000028
R000000032/3.703704/0122/R000000024/R000000028
R000000023/4.115227/0099/R000000032
R000000033/1.000000/0000/Guesstimate
R000000022/5.531170/0004/R000000023/R000000033
R000000037/1.000000/0000/Guesstimate
R000000036/3.854596/0112/R000000027/R000000037
R000000035/4.282884/0147/R000000036
R000000038/3.854596/0004/R000000027/R000000033
R000000039/1.000000/0000/Guesstimate
R000000040/1.000000/0000/Guesstimate
R000000038/4.965707/0225/R000000027/R000000039/R000000040
R000000041/1.000000/0000/Guesstimate
R000000035/5.393995/0119/R000000038/R000000041
R000000034/5.993328/0122/R000000024/R000000035
R000000034/5.993328/0122/R000000024/R000000035
R000000022/6.659254/0024/R000000034
<NEXT>