#
#  Reaction log file
#  Author: LigBuilder V3 User_Diana
#  Creation time: Tue Feb 24 08:27:41 2026
#  Format:
#  QueryMoleculeId/Cost/SynthesizeId/ReactantId1/ReactantId2/ReactantId3.....
#  Id prefix:
#  Q --- Query Molecule
#  M --- Material
#  R --- Reactant
#
Directory      result/synthesize_HsDHODH/231/DATABASE/
#
Q000000001/Analysis Failed
Q000000002/Analysis Failed
Q000000003/3.854596/0000/R000000001
M000000002/1.000000/0000/Sigma_BB-28821221
R000000005/1.000000/0000/Guesstimate
R000000006/1.000000/0000/Guesstimate
R000000004/2.222222/0301/R000000005/R000000006
R000000004/2.222222/0301/R000000005/R000000006
R000000003/2.469136/0041/R000000004
R000000008/1.000000/0000/Guesstimate
R000000007/2.222222/0003/R000000005/R000000008
R000000009/1.000000/0000/Guesstimate
R000000007/2.222222/0277/R000000005/R000000009
R000000003/2.469136/0147/R000000007
R000000001/3.854596/0004/M000000002/R000000003
M000000010/1.000000/0000/Sigma_BB-28426400
R000000012/1.000000/0000/Guesstimate
R000000011/3.854596/0004/R000000012/R000000003
R000000015/1.000000/0000/Guesstimate
R000000014/3.580247/0277/R000000015/R000000004
R000000016/1.000000/0000/Guesstimate
R000000014/3.580247/0301/R000000016/R000000004
R000000013/3.978053/0041/R000000014
R000000018/1.000000/0000/Guesstimate
R000000017/3.854596/0301/R000000018/R000000003
R000000017/3.854596/0301/R000000018/R000000003
R000000013/4.282884/0039/R000000017
R000000011/4.420059/0024/R000000013
R000000001/5.393995/0004/M000000010/R000000011
<NEXT>