#
#  Reaction log file
#  Author: LigBuilder V3 User_Diana
#  Creation time: Tue Feb 24 08:29:52 2026
#  Format:
#  QueryMoleculeId/Cost/SynthesizeId/ReactantId1/ReactantId2/ReactantId3.....
#  Id prefix:
#  Q --- Query Molecule
#  M --- Material
#  R --- Reactant
#
Directory      result/synthesize_HsDHODH/300/DATABASE/
#
Q000000001/9.111497/0000/R000000001
R000000007/1.000000/0000/Guesstimate
R000000008/1.000000/0000/Guesstimate
R000000006/2.222222/0004/R000000007/R000000008
R000000009/1.000000/0000/Guesstimate
R000000005/3.580247/0003/R000000006/R000000009
R000000010/2.469136/0197/R000000006
R000000011/1.000000/0000/Guesstimate
R000000005/3.854596/0112/R000000010/R000000011
R000000012/1.000000/0000/Guesstimate
R000000004/5.089163/0277/R000000005/R000000012
R000000016/2.469136/0086/R000000006
R000000016/2.469136/0091/R000000006
R000000015/2.743484/0079/R000000016
R000000017/1.000000/0000/Guesstimate
R000000015/3.854596/0112/R000000016/R000000017
R000000018/1.000000/0000/Guesstimate
R000000014/4.159427/0301/R000000015/R000000018
R000000014/4.159427/0301/R000000015/R000000018
R000000013/4.621586/0039/R000000014
M000000021/1.000000/0000/Sigma_BB-28778979
R000000020/3.580247/0212/R000000006/M000000021
R000000022/1.000000/0000/Guesstimate
R000000020/3.854596/0004/R000000010/R000000022
R000000019/5.089163/0277/R000000020/R000000012
R000000023/1.000000/0000/Guesstimate
R000000019/5.089163/0301/R000000020/R000000023
R000000013/5.654626/0009/R000000019
R000000024/1.000000/0000/Guesstimate
R000000004/6.246207/0138/R000000013/R000000024
R000000003/5.654626/0099/R000000004
R000000026/1.000000/0000/Guesstimate
R000000025/5.732697/0122/R000000014/R000000026
R000000025/5.732697/0122/R000000014/R000000026
R000000003/6.369664/0039/R000000025
R000000029/1.000000/0000/Guesstimate
R000000030/1.000000/0000/Guesstimate
R000000028/2.222222/0276/R000000029/R000000030
R000000028/2.222222/0278/R000000029/R000000030
R000000027/2.469136/0275/R000000028
R000000031/2.222222/0275/R000000029/R000000030
R000000027/2.469136/0276/R000000031
R000000002/9.026402/0301/R000000003/R000000027
R000000002/9.026402/0301/R000000003/R000000027
R000000001/9.026402/0024/R000000002
R000000035/1.000000/0000/Guesstimate
R000000034/2.222222/0003/R000000007/R000000035
R000000034/3.048316/0300/R000000015
R000000039/1.000000/0000/Guesstimate
R000000038/3.580247/0301/R000000039/R000000031
R000000038/3.580247/0301/R000000039/R000000031
R000000037/3.978053/0276/R000000038
R000000037/3.978053/0278/R000000038
R000000036/4.420059/0082/R000000037
R000000042/1.000000/0000/Guesstimate
R000000041/3.854596/0301/R000000027/R000000042
R000000041/3.854596/0301/R000000027/R000000042
R000000040/4.282884/0155/R000000041
R000000043/4.282884/0139/R000000041
R000000043/4.282884/0295/R000000041
R000000040/4.758760/0228/R000000043
R000000036/5.869872/0003/R000000035/R000000040
R000000033/7.380312/0012/R000000034/R000000036
R000000047/3.978053/0099/R000000005
R000000047/4.159427/0122/R000000015/R000000026
R000000046/6.889194/0301/R000000047/R000000031
R000000048/5.531170/0301/R000000047/R000000029
R000000048/5.531170/0301/R000000047/R000000029
R000000046/7.256855/0275/R000000048/R000000030
R000000045/7.654661/0276/R000000046
R000000049/7.256855/0276/R000000048/R000000030
R000000049/7.256855/0278/R000000048/R000000030
R000000045/8.063173/0275/R000000049
R000000044/9.616290/0004/R000000045/R000000022
R000000033/9.616290/0009/R000000044
R000000032/8.200347/0040/R000000033
R000000052/1.000000/0000/Guesstimate
R000000051/2.222222/0004/R000000007/R000000052
R000000051/2.469136/0040/R000000034
R000000053/1.000000/0000/Guesstimate
R000000050/3.580247/0285/R000000051/R000000053
R000000054/3.580247/0012/R000000034/R000000053
R000000054/3.580247/0285/R000000034/R000000053
R000000050/3.978053/0040/R000000054
R000000032/8.398111/0279/R000000050/R000000037
R000000001/9.111497/0093/R000000032
Q000000002/Analysis Failed
Q000000003/2.222222/0000/R000000055
M000000056/1.000000/0000/Sigma_BB-249438008
R000000057/1.000000/0000/Guesstimate
R000000055/2.222222/0018/M000000056/R000000057
M000000060/1.000000/0000/Sigma_BB-187147063
R000000059/1.111111/0044/M000000060
M000000062/1.000000/0000/Sigma_BB-245521573
R000000061/1.111111/0297/M000000062
R000000061/1.111111/0297/M000000062
R000000059/1.234568/0294/R000000061
R000000058/1.234568/0152/R000000059
M000000064/1.000000/0000/Sigma_BB-244172342
R000000065/1.000000/0000/Guesstimate
R000000063/2.222222/0279/M000000064/R000000065
R000000063/2.222222/0279/M000000064/R000000065
R000000058/2.469136/0294/R000000063
R000000066/1.000000/0000/Guesstimate
R000000055/2.482853/0004/R000000058/R000000066
Q000000004/2.222222/0000/R000000055
<END>