#
#  Reaction log file
#  Author: LigBuilder V3 User_Diana
#  Creation time: Tue Feb 24 08:26:06 2026
#  Format:
#  QueryMoleculeId/Cost/SynthesizeId/ReactantId1/ReactantId2/ReactantId3.....
#  Id prefix:
#  Q --- Query Molecule
#  M --- Material
#  R --- Reactant
#
Directory      result/synthesize_HsDHODH/193/DATABASE/
#
Q000000001/4.007011/0000/R000000001
M000000004/1.000000/0000/Sigma_BB-28514183
R000000006/1.000000/0000/Guesstimate
R000000005/1.111111/0040/R000000006
M000000007/1.000000/0000/Sigma_BB-27468255
R000000005/1.111111/0197/M000000007
R000000003/2.345679/0003/M000000004/R000000005
R000000008/1.111111/0125/M000000004
R000000009/1.000000/0000/Guesstimate
R000000008/2.222222/0112/M000000004/R000000009
R000000011/1.000000/0000/Guesstimate
R000000012/1.000000/0000/Guesstimate
R000000010/2.222222/0004/R000000011/R000000012
M000000013/1.000000/0000/Sigma_BB-28775620
R000000014/1.000000/0000/Guesstimate
R000000010/2.222222/0274/M000000013/R000000014
R000000003/3.703704/0049/R000000008/R000000010
R000000002/2.606310/0099/R000000003
R000000017/1.000000/0000/Guesstimate
M000000018/1.000000/0000/Sigma_BB-28769739
R000000016/2.222222/0276/R000000017/M000000018
R000000016/2.222222/0278/R000000017/M000000018
R000000015/3.580247/0003/R000000016/R000000012
R000000019/2.222222/0004/M000000004/R000000011
R000000015/3.580247/0049/R000000019/R000000006
R000000002/3.978053/0099/R000000015
R000000020/1.000000/0000/Guesstimate
R000000001/4.007011/0004/R000000002/R000000020
M000000024/1.000000/0000/Sigma_BB-28769834
R000000025/1.000000/0000/Guesstimate
R000000023/2.222222/0175/M000000024/R000000025
R000000023/2.222222/0290/M000000024/R000000025
R000000026/1.000000/0000/Guesstimate
R000000022/3.580247/0003/R000000023/R000000026
R000000027/2.469136/0125/R000000023
R000000027/3.580247/0112/R000000023/R000000009
R000000022/3.854596/0049/R000000027/R000000011
R000000021/5.089163/0122/R000000022/R000000012
R000000021/5.089163/0122/R000000022/R000000012
R000000001/5.654626/0024/R000000021
Q000000002/4.007011/0000/R000000028
R000000031/1.000000/0000/Guesstimate
R000000030/2.345679/0012/R000000008/R000000031
R000000030/2.345679/0146/R000000008/R000000031
R000000029/2.606310/0041/R000000030
R000000032/3.580247/0003/R000000016/R000000014
R000000034/1.000000/0000/Guesstimate
R000000033/2.222222/0112/M000000004/R000000034
R000000033/2.222222/0174/M000000024/R000000034
R000000035/1.000000/0000/Guesstimate
R000000032/3.580247/0011/R000000033/R000000035
R000000029/3.978053/0099/R000000032
R000000028/4.007011/0004/R000000029/R000000020
R000000036/5.089163/0122/R000000022/R000000014
R000000036/5.089163/0122/R000000022/R000000014
R000000028/5.654626/0024/R000000036
Q000000003/4.007011/0000/R000000028
<NEXT>