#
#  Reaction log file
#  Author: LigBuilder V3 User_Diana
#  Creation time: Tue Feb 24 08:29:19 2026
#  Format:
#  QueryMoleculeId/Cost/SynthesizeId/ReactantId1/ReactantId2/ReactantId3.....
#  Id prefix:
#  Q --- Query Molecule
#  M --- Material
#  R --- Reactant
#
Directory      result/synthesize_HsDHODH/284/DATABASE/
#
Q000000001/4.640403/0000/R000000001
M000000007/1.000000/0000/Sigma_BB-292608452
R000000006/1.111111/0296/M000000007
R000000006/1.111111/0296/M000000007
R000000005/1.234568/0093/R000000006
R000000008/1.111111/0093/M000000007
M000000009/1.000000/0000/Sigma_BB-28247348
R000000008/2.222222/0212/M000000007/M000000009
R000000005/1.234568/0296/R000000008
R000000010/1.000000/0000/Guesstimate
R000000004/2.482853/0232/R000000005/R000000010
R000000003/2.758726/0079/R000000004
R000000012/1.000000/0000/Guesstimate
R000000011/2.482853/0232/R000000005/R000000012
R000000003/2.758726/0082/R000000011
R000000013/1.000000/0000/Guesstimate
R000000002/4.176363/0170/R000000003/R000000013
M000000018/1.000000/0000/Sigma_BB-161564803
R000000017/1.111111/0093/M000000018
M000000019/1.000000/0000/Sigma_BB-316039288
R000000020/1.000000/0000/Guesstimate
R000000017/2.222222/0004/M000000019/R000000020
R000000021/1.000000/0000/Guesstimate
R000000016/2.345679/0004/R000000017/R000000021
R000000022/2.222222/0004/M000000019/R000000021
R000000016/3.580247/0004/R000000022/R000000020
M000000023/1.000000/0000/Sigma_BB-28778979
R000000015/3.717421/0212/R000000016/M000000023
R000000015/3.717421/0212/R000000016/M000000023
R000000014/4.130468/0010/R000000015
M000000025/1.000000/0000/Sigma_BB-30423282
R000000024/3.717421/0212/R000000016/M000000025
R000000024/3.717421/0212/R000000016/M000000025
R000000014/4.130468/0082/R000000024
R000000026/1.000000/0000/Guesstimate
R000000002/5.700521/0170/R000000014/R000000026
R000000001/4.640403/0122/R000000002
R000000030/1.000000/0000/Guesstimate
R000000031/1.000000/0000/Guesstimate
R000000029/2.222222/0170/R000000030/R000000031
R000000032/1.000000/0000/Guesstimate
R000000033/1.000000/0000/Guesstimate
R000000029/2.222222/0170/R000000032/R000000033
R000000028/2.469136/0113/R000000029
R000000035/1.000000/0000/Guesstimate
R000000034/2.222222/0170/R000000035/R000000021
R000000036/1.000000/0000/Guesstimate
R000000037/1.000000/0000/Guesstimate
R000000034/2.222222/0170/R000000036/R000000037
R000000028/2.469136/0141/R000000034
R000000027/5.349795/0212/R000000016/R000000028
R000000027/5.349795/0212/R000000016/R000000028
R000000001/5.944217/0099/R000000027
Q000000002/5.654626/0000/R000000038
R000000042/1.000000/0000/Guesstimate
R000000043/1.000000/0000/Guesstimate
R000000041/2.222222/0241/R000000042/R000000043
R000000044/1.000000/0000/Guesstimate
R000000045/1.000000/0000/Guesstimate
R000000041/2.222222/0277/R000000044/R000000045
R000000046/1.000000/0000/Guesstimate
R000000040/3.580247/0259/R000000041/R000000046
R000000040/3.580247/0259/R000000041/R000000046
R000000047/1.000000/0000/Guesstimate
R000000039/5.089163/0122/R000000040/R000000047
R000000039/5.089163/0122/R000000040/R000000047
R000000038/5.654626/0041/R000000039
R000000051/1.000000/0000/Guesstimate
R000000050/2.222222/0277/R000000051/R000000042
R000000052/1.000000/0000/Guesstimate
R000000050/2.222222/0277/R000000052/R000000044
R000000049/3.580247/0259/R000000050/R000000046
R000000049/3.580247/0259/R000000050/R000000046
R000000053/1.000000/0000/Guesstimate
R000000048/5.089163/0012/R000000049/R000000053
R000000056/1.000000/0000/Guesstimate
R000000055/2.222222/0277/R000000051/R000000056
R000000054/3.580247/0259/R000000055/R000000046
R000000054/3.580247/0259/R000000055/R000000046
R000000057/1.000000/0000/Guesstimate
R000000048/5.089163/0112/R000000054/R000000057
R000000038/5.654626/0041/R000000048
Q000000003/5.654626/0000/R000000038
<NEXT>