#
#  Reaction log file
#  Author: LigBuilder V3 User_Diana
#  Creation time: Tue Feb 24 08:16:48 2026
#  Format:
#  QueryMoleculeId/Cost/SynthesizeId/ReactantId1/ReactantId2/ReactantId3.....
#  Id prefix:
#  Q --- Query Molecule
#  M --- Material
#  R --- Reactant
#
Directory      result/synthesize_HsDHODH/79/DATABASE/
#
Q000000001/4.007011/0000/R000000001
M000000005/1.000000/0000/Sigma_BB-28769834
R000000004/1.111111/0114/M000000005
R000000006/1.000000/0000/Guesstimate
R000000003/2.345679/0274/R000000004/R000000006
R000000008/1.000000/0000/Guesstimate
M000000009/1.000000/0000/Sigma_BB-243967605
R000000007/2.222222/0276/R000000008/M000000009
R000000010/1.000000/0000/Guesstimate
R000000007/2.345679/0274/R000000004/R000000010
R000000011/1.000000/0000/Guesstimate
R000000003/3.580247/0275/R000000007/R000000011
R000000002/2.606310/0147/R000000003
R000000012/1.000000/0000/Guesstimate
R000000002/3.580247/0169/R000000007/R000000012
R000000001/4.007011/0004/R000000002/R000000012
M000000016/1.000000/0000/Sigma_BB-27949720
R000000015/2.222222/0276/R000000008/M000000016
R000000015/2.222222/0278/R000000008/M000000016
R000000014/3.580247/0169/R000000015/R000000012
R000000018/1.000000/0000/Guesstimate
R000000017/3.580247/0274/R000000015/R000000018
R000000014/3.978053/0260/R000000017
R000000019/1.000000/0000/Guesstimate
R000000013/5.089163/0175/R000000014/R000000019
R000000021/3.580247/0112/R000000007/R000000019
R000000020/3.978053/0147/R000000021
R000000022/3.580247/0004/R000000007/R000000012
R000000023/1.000000/0000/Guesstimate
R000000022/4.691358/0225/R000000007/R000000023/R000000010
R000000024/1.000000/0000/Guesstimate
R000000020/5.089163/0119/R000000022/R000000024
R000000013/5.531170/0169/R000000020/R000000012
R000000001/5.654626/0024/R000000013
Q000000002/5.531170/0000/R000000025
M000000028/1.000000/0000/Sigma_BB-31286382
R000000027/3.580247/0169/R000000007/M000000028
R000000029/1.000000/0000/Guesstimate
R000000027/4.691358/0225/R000000007/R000000023/R000000029
R000000026/3.978053/0139/R000000027
R000000032/1.000000/0000/Guesstimate
R000000031/2.345679/0274/R000000004/R000000032
R000000031/3.580247/0169/R000000007/R000000032
R000000030/2.606310/0155/R000000031
R000000033/1.000000/0000/Guesstimate
R000000030/3.580247/0169/R000000007/R000000033
R000000034/1.000000/0000/Guesstimate
R000000026/4.007011/0122/R000000030/R000000034
R000000025/5.531170/0004/R000000026/R000000012
R000000036/1.000000/0000/Guesstimate
R000000035/5.531170/0169/R000000020/R000000036
R000000038/3.580247/0169/R000000015/M000000028
R000000038/4.691358/0225/R000000015/R000000023/R000000029
R000000037/3.978053/0139/R000000038
R000000039/3.580247/0169/R000000015/R000000033
R000000040/1.000000/0000/Guesstimate
R000000039/3.580247/0275/R000000015/R000000040
R000000037/5.089163/0122/R000000039/R000000034
R000000035/5.531170/0175/R000000037/R000000019
R000000025/6.145744/0024/R000000035
Q000000003/5.531170/0000/R000000025
<NEXT>