#
#  Reaction log file
#  Author: LigBuilder V3 User_Diana
#  Creation time: Tue Feb 24 08:14:52 2026
#  Format:
#  QueryMoleculeId/Cost/SynthesizeId/ReactantId1/ReactantId2/ReactantId3.....
#  Id prefix:
#  Q --- Query Molecule
#  M --- Material
#  R --- Reactant
#
Directory      result/synthesize_HsDHODH/36/DATABASE/
#
Q000000001/2.222222/0000/R000000001
M000000002/1.000000/0000/Sigma_BB-28769834
R000000003/1.000000/0000/Guesstimate
R000000001/2.222222/0004/M000000002/R000000003
M000000005/1.000000/0000/Sigma_BB-27925058
R000000006/1.000000/0000/Guesstimate
R000000004/2.222222/0175/M000000005/R000000006
R000000008/1.000000/0000/Guesstimate
R000000007/2.222222/0175/M000000005/R000000008
R000000009/1.000000/0000/Guesstimate
M000000011/1.000000/0000/Sigma_BB-34437027
R000000010/2.222222/0175/M000000011/R000000008
R000000010/2.222222/0290/M000000011/R000000008
R000000007/3.580247/0276/R000000009/R000000010
R000000004/2.469136/0039/R000000007
R000000001/2.469136/0024/R000000004
Q000000002/2.222222/0000/R000000001
Q000000003/3.854596/0000/R000000012
M000000015/1.000000/0000/Sigma_BB-28515735
R000000016/1.000000/0000/Guesstimate
R000000014/2.222222/0003/M000000015/R000000016
R000000017/2.222222/0004/M000000015/R000000003
R000000019/1.000000/0000/Guesstimate
R000000018/2.222222/0003/M000000015/R000000019
R000000020/1.111111/0114/M000000002
R000000021/1.000000/0000/Guesstimate
R000000018/2.345679/0112/R000000020/R000000021
R000000017/2.469136/0040/R000000018
R000000022/1.000000/0000/Guesstimate
R000000014/3.580247/0003/R000000017/R000000022
R000000013/2.469136/0099/R000000014
R000000024/1.000000/0000/Guesstimate
R000000023/2.345679/0003/R000000020/R000000024
M000000025/1.000000/0000/Sigma_BB-28769104
R000000023/3.580247/0049/R000000018/M000000025
R000000013/2.606310/0099/R000000023
R000000012/3.854596/0004/R000000013/R000000003
R000000027/2.469136/0114/R000000004
R000000028/2.469136/0114/R000000007
R000000027/2.743484/0039/R000000028
R000000029/1.000000/0000/Guesstimate
R000000026/3.854596/0122/R000000027/R000000029
R000000026/3.854596/0122/R000000027/R000000029
R000000012/4.282884/0024/R000000026
Q000000004/3.717421/0000/R000000030
R000000032/1.111111/0114/M000000002
M000000034/1.000000/0000/Sigma_BB-38275857
R000000033/2.222222/0276/R000000009/M000000034
R000000033/2.222222/0278/R000000009/M000000034
R000000032/2.469136/0155/R000000033
R000000035/1.000000/0000/Guesstimate
R000000031/2.345679/0122/R000000032/R000000035
R000000037/1.000000/0000/Guesstimate
R000000036/2.222222/0175/M000000002/R000000037
M000000039/1.000000/0000/Sigma_BB-73196517
R000000038/1.111111/0287/M000000039
M000000040/1.000000/0000/Sigma_BB-187814628
R000000038/2.222222/0175/M000000040/R000000037
R000000036/2.345679/0276/R000000009/R000000038
R000000031/2.469136/0139/R000000036
R000000030/3.717421/0004/R000000031/R000000003
R000000043/1.111111/0114/M000000005
M000000044/1.000000/0000/Sigma_BB-70678580
R000000043/1.111111/0197/M000000044
R000000042/2.345679/0122/R000000043/R000000035
R000000045/2.222222/0175/M000000005/R000000037
R000000046/1.000000/0000/Guesstimate
R000000045/2.222222/0212/M000000044/R000000046
R000000042/2.469136/0139/R000000045
R000000041/3.717421/0175/R000000042/R000000006
R000000047/2.469136/0114/R000000004
R000000048/2.469136/0114/R000000007
R000000047/2.743484/0039/R000000048
R000000041/3.854596/0122/R000000047/R000000035
R000000030/4.130468/0024/R000000041
<NEXT>