#
#  Reaction log file
#  Author: LigBuilder V3 User_Diana
#  Creation time: Tue Feb 24 08:26:21 2026
#  Format:
#  QueryMoleculeId/Cost/SynthesizeId/ReactantId1/ReactantId2/ReactantId3.....
#  Id prefix:
#  Q --- Query Molecule
#  M --- Material
#  R --- Reactant
#
Directory      result/synthesize_HsDHODH/210/DATABASE/
#
Q000000001/5.531170/0000/R000000001
R000000005/1.000000/0000/Guesstimate
R000000006/1.000000/0000/Guesstimate
R000000004/2.222222/0004/R000000005/R000000006
R000000007/1.000000/0000/Guesstimate
R000000003/3.580247/0003/R000000004/R000000007
R000000008/2.469136/0197/R000000004
M000000009/1.000000/0000/Sigma_BB-28775924
R000000003/3.854596/0112/R000000008/M000000009
R000000002/3.978053/0099/R000000003
R000000011/2.469136/0086/R000000004
R000000011/2.469136/0091/R000000004
R000000010/2.743484/0079/R000000011
M000000013/1.000000/0000/Sigma_BB-28778979
R000000012/3.580247/0212/R000000004/M000000013
R000000014/1.000000/0000/Guesstimate
R000000012/3.854596/0004/R000000008/R000000014
R000000010/3.978053/0009/R000000012
M000000015/1.000000/0000/Sigma_BB-28760934
R000000002/4.159427/0122/R000000010/M000000015
R000000016/1.000000/0000/Guesstimate
R000000001/5.531170/0004/R000000002/R000000016
R000000020/1.000000/0000/Guesstimate
R000000019/4.159427/0301/R000000010/R000000020
R000000019/4.159427/0301/R000000010/R000000020
R000000018/4.621586/0039/R000000019
R000000022/1.000000/0000/Guesstimate
R000000021/5.089163/0277/R000000012/R000000022
R000000023/1.000000/0000/Guesstimate
R000000021/5.089163/0301/R000000012/R000000023
R000000018/5.654626/0009/R000000021
R000000017/6.246207/0122/R000000018/M000000015
R000000017/6.246207/0122/R000000018/M000000015
R000000001/6.940230/0024/R000000017
Q000000002/4.420058/0000/R000000024
M000000028/1.000000/0000/Sigma_BB-100802064
R000000027/1.111111/0287/M000000028
M000000030/1.000000/0000/Sigma_BB-28515735
R000000029/1.111111/0125/M000000030
R000000031/1.000000/0000/Guesstimate
R000000029/2.222222/0112/M000000030/R000000031
R000000027/1.234568/0059/R000000029
R000000026/2.345679/0004/R000000027/R000000016
R000000033/1.000000/0000/Guesstimate
R000000032/2.222222/0175/M000000028/R000000033
R000000032/2.222222/0290/M000000028/R000000033
R000000026/2.469136/0024/R000000032
R000000036/1.000000/0000/Guesstimate
R000000035/1.111111/0288/R000000036
R000000034/1.234568/0295/R000000035
R000000037/9.700000/0000/Guesstimate
R000000034/9.700000/0295/R000000037
R000000025/3.978052/0003/R000000026/R000000034
R000000038/1.234568/0125/R000000027
R000000038/2.345679/0112/R000000027/R000000031
M000000041/1.000000/0000/Sigma_BB-28775620
R000000040/2.345679/0301/M000000041/R000000035
R000000040/2.345679/0301/M000000041/R000000035
R000000039/2.606310/0295/R000000040
R000000025/4.267642/0049/R000000038/R000000039
R000000024/4.420058/0099/R000000025
R000000044/1.000000/0000/Guesstimate
R000000043/2.482853/0112/R000000044/R000000034
R000000045/1.000000/0000/Guesstimate
R000000046/2.482853/0004/R000000006/R000000034
R000000043/3.869837/0049/R000000045/R000000046
R000000042/4.130468/0012/R000000038/R000000043
R000000048/2.482853/0142/R000000038/R000000016
M000000049/1.000000/0000/Sigma_BB-28247348
R000000048/2.482853/0206/R000000038/M000000049
R000000047/2.758726/0197/R000000048
M000000052/1.000000/0000/Sigma_BB-28797839
R000000051/2.222222/0174/M000000052/R000000031
R000000051/2.222222/0289/M000000052/R000000031
R000000053/1.000000/0000/Guesstimate
R000000050/3.580247/0231/R000000051/R000000053
R000000056/1.000000/0000/Guesstimate
R000000057/1.000000/0000/Guesstimate
R000000055/2.222222/0276/R000000056/R000000057
R000000055/2.222222/0278/R000000056/R000000057
R000000054/2.469136/0125/R000000055
R000000054/3.580247/0112/R000000055/R000000031
R000000058/1.000000/0000/Guesstimate
R000000050/3.854596/0159/R000000054/R000000058
R000000047/3.978053/0059/R000000050
R000000061/1.000000/0000/Guesstimate
R000000060/2.482853/0112/R000000061/R000000034
R000000059/2.758726/0197/R000000060
R000000062/2.758726/0153/R000000046
R000000059/3.065251/0260/R000000062
R000000042/6.130503/0112/R000000047/R000000059
R000000024/4.589409/0147/R000000042
Q000000003/4.420058/0000/R000000024
<NEXT>