#
#  Reaction log file
#  Author: LigBuilder V3 User_Diana
#  Creation time: Tue Feb 24 08:27:58 2026
#  Format:
#  QueryMoleculeId/Cost/SynthesizeId/ReactantId1/ReactantId2/ReactantId3.....
#  Id prefix:
#  Q --- Query Molecule
#  M --- Material
#  R --- Reactant
#
Directory      result/synthesize_HsDHODH/239/DATABASE/
#
Q000000001/2.758726/0000/R000000001
M000000005/1.000000/0000/Sigma_BB-27090565
R000000004/1.111111/0074/M000000005
R000000004/1.111111/0165/M000000005
R000000003/1.234568/0040/R000000004
R000000007/1.000000/0000/Guesstimate
M000000008/1.000000/0000/Sigma_BB-247279222
R000000006/2.222222/0276/R000000007/M000000008
R000000006/2.222222/0278/R000000007/M000000008
R000000003/2.469136/0024/R000000006
R000000009/1.000000/0000/Guesstimate
R000000002/2.482853/0003/R000000003/R000000009
R000000011/1.371742/0197/R000000003
M000000012/1.000000/0000/Sigma_BB-151011721
R000000011/2.222222/0276/R000000007/M000000012
R000000013/1.000000/0000/Guesstimate
R000000010/2.635269/0004/R000000011/R000000013
R000000016/1.000000/0000/Guesstimate
R000000015/2.222222/0175/M000000005/R000000016
R000000015/2.222222/0290/M000000005/R000000016
R000000014/2.469136/0040/R000000015
R000000017/1.000000/0000/Guesstimate
R000000014/2.635269/0004/R000000011/R000000017
R000000010/2.743484/0085/R000000014
R000000020/1.000000/0000/Guesstimate
R000000019/1.111111/0118/R000000020
R000000021/1.000000/0000/Guesstimate
R000000019/2.222222/0112/R000000021/R000000020
R000000018/1.234568/0041/R000000019
R000000023/1.000000/0000/Guesstimate
R000000022/2.222222/0004/R000000023/R000000009
R000000022/2.222222/0277/R000000023/R000000009
R000000018/2.469136/0009/R000000022
R000000002/4.299819/0049/R000000010/R000000018
R000000001/2.758726/0099/R000000002
R000000026/1.000000/0000/Guesstimate
R000000025/3.580247/0122/R000000015/R000000026
R000000025/3.580247/0122/R000000015/R000000026
R000000024/3.978053/0118/R000000025
R000000024/5.089163/0112/R000000025/R000000021
R000000001/4.420059/0041/R000000024
Q000000002/2.758726/0000/R000000027
R000000029/1.000000/0000/Guesstimate
R000000028/2.482853/0003/R000000003/R000000029
R000000030/1.234568/0059/R000000019
R000000031/2.222222/0004/R000000023/R000000029
R000000031/2.222222/0277/R000000023/R000000029
R000000030/2.469136/0009/R000000031
R000000028/4.299819/0049/R000000010/R000000030
R000000027/2.758726/0099/R000000028
R000000027/4.420059/0059/R000000024
Q000000003/2.758726/0000/R000000027
<NEXT>