#
#  Reaction log file
#  Author: LigBuilder V3 User_Diana
#  Creation time: Tue Feb 24 08:24:44 2026
#  Format:
#  QueryMoleculeId/Cost/SynthesizeId/ReactantId1/ReactantId2/ReactantId3.....
#  Id prefix:
#  Q --- Query Molecule
#  M --- Material
#  R --- Reactant
#
Directory      result/synthesize_HsDHODH/168/DATABASE/
#
Q000000001/2.928077/0000/R000000001
M000000006/1.000000/0000/Sigma_BB-27090565
R000000005/1.111111/0074/M000000006
R000000005/1.111111/0165/M000000006
R000000004/1.234568/0040/R000000005
R000000008/1.000000/0000/Guesstimate
M000000009/1.000000/0000/Sigma_BB-247279222
R000000007/2.222222/0276/R000000008/M000000009
R000000007/2.222222/0278/R000000008/M000000009
R000000004/2.469136/0024/R000000007
R000000003/1.371742/0093/R000000004
R000000010/1.371742/0197/R000000004
M000000011/1.000000/0000/Sigma_BB-151011721
R000000010/2.222222/0276/R000000008/M000000011
R000000012/1.000000/0000/Guesstimate
R000000003/2.635269/0004/R000000010/R000000012
R000000013/1.000000/0000/Guesstimate
R000000002/2.635269/0003/R000000003/R000000013
R000000014/2.222222/0004/R000000012/R000000013
R000000015/1.000000/0000/Guesstimate
R000000016/1.000000/0000/Guesstimate
R000000014/3.333333/0225/R000000015/R000000013/R000000016
R000000002/3.993294/0003/R000000010/R000000014
R000000001/2.928077/0099/R000000002
R000000018/2.469136/0197/R000000014
R000000019/7.800000/0000/Guesstimate
R000000018/8.666667/0155/R000000019
R000000017/4.115227/0003/R000000004/R000000018
R000000020/1.524158/0085/R000000003
R000000021/1.000000/0000/Guesstimate
R000000020/2.635269/0004/R000000010/R000000021
R000000023/1.000000/0000/Guesstimate
R000000022/2.222222/0003/R000000023/R000000013
M000000025/1.000000/0000/Sigma_BB-28778979
R000000024/3.580247/0212/M000000025/R000000014
R000000026/1.000000/0000/Guesstimate
R000000024/3.854596/0004/R000000026/R000000018
R000000022/3.978053/0009/R000000024
R000000017/4.162645/0049/R000000020/R000000022
R000000001/4.572474/0099/R000000017
Q000000002/2.928077/0000/R000000001
Q000000003/4.436994/0000/R000000027
R000000030/1.000000/0000/Guesstimate
R000000029/2.222222/0004/R000000030/R000000013
R000000032/2.469136/0197/R000000029
R000000033/9.000000/0000/Guesstimate
R000000032/10.000000/0155/R000000033
R000000031/2.743484/0118/R000000032
R000000034/1.000000/0000/Guesstimate
R000000031/3.854596/0112/R000000034/R000000032
R000000029/3.048316/0040/R000000031
R000000028/3.993294/0003/R000000010/R000000029
R000000035/3.854596/0004/R000000021/R000000032
R000000037/1.000000/0000/Guesstimate
R000000036/3.854596/0277/R000000037/R000000032
R000000038/1.000000/0000/Guesstimate
R000000036/3.854596/0301/R000000038/R000000032
R000000035/4.282884/0024/R000000036
R000000028/5.517452/0049/R000000005/R000000035
R000000027/4.436994/0099/R000000028
R000000039/4.115227/0003/R000000004/R000000032
R000000041/1.371742/0091/R000000004
R000000042/1.000000/0000/Guesstimate
R000000040/2.635269/0112/R000000041/R000000042
R000000043/1.000000/0000/Guesstimate
R000000040/2.804620/0049/R000000020/R000000043
R000000045/2.222222/0004/R000000026/R000000013
R000000044/2.469136/0009/R000000045
R000000046/8.200000/0000/Guesstimate
R000000044/9.111111/0082/R000000046
R000000039/5.671562/0011/R000000040/R000000044
R000000027/4.572474/0099/R000000039
<NEXT>