#
#  Reaction log file
#  Author: LigBuilder V3 User_Diana
#  Creation time: Tue Feb 24 08:25:35 2026
#  Format:
#  QueryMoleculeId/Cost/SynthesizeId/ReactantId1/ReactantId2/ReactantId3.....
#  Id prefix:
#  Q --- Query Molecule
#  M --- Material
#  R --- Reactant
#
Directory      result/synthesize_HsDHODH/181/DATABASE/
#
Q000000001/5.139068/0000/R000000001
M000000008/1.000000/0000/Sigma_BB-100802064
R000000007/1.111111/0287/M000000008
R000000006/1.234568/0125/R000000007
R000000009/1.000000/0000/Guesstimate
R000000006/2.345679/0112/R000000007/R000000009
R000000005/1.371742/0040/R000000006
R000000010/1.000000/0000/Guesstimate
R000000004/2.635269/0003/R000000005/R000000010
R000000012/1.000000/0000/Guesstimate
R000000011/2.345679/0112/R000000007/R000000012
R000000013/1.000000/0000/Guesstimate
R000000011/2.482853/0138/R000000006/R000000013
R000000014/1.000000/0000/Guesstimate
R000000004/3.717421/0170/R000000011/R000000014
R000000003/2.928077/0099/R000000004
M000000017/1.000000/0000/Sigma_BB-28797839
R000000016/2.222222/0174/M000000017/R000000009
R000000016/2.222222/0289/M000000017/R000000009
R000000018/1.000000/0000/Guesstimate
R000000015/3.580247/0231/R000000016/R000000018
R000000020/1.000000/0000/Guesstimate
R000000019/3.580247/0231/R000000016/R000000020
R000000015/5.089163/0279/R000000019/R000000018
R000000003/3.978053/0059/R000000015
M000000023/1.000000/0000/Sigma_BB-30521628
R000000022/1.111111/0188/M000000023
M000000024/1.000000/0000/Sigma_BB-28993057
R000000022/1.111111/0295/M000000024
R000000021/1.234568/0291/R000000022
R000000021/1.234568/0291/R000000022
R000000002/4.625161/0301/R000000003/R000000021
R000000002/4.625161/0301/R000000003/R000000021
R000000001/5.139068/0028/R000000002
M000000028/1.000000/0000/Sigma_BB-28515735
R000000027/1.111111/0125/M000000028
R000000027/2.222222/0112/M000000028/R000000009
R000000029/1.000000/0000/Guesstimate
R000000026/2.345679/0003/R000000027/R000000029
R000000030/2.345679/0112/R000000027/R000000009
R000000030/3.978053/0082/R000000019
R000000031/1.000000/0000/Guesstimate
R000000026/3.717421/0049/R000000030/R000000031
R000000034/1.000000/0000/Guesstimate
R000000035/1.000000/0000/Guesstimate
R000000033/2.222222/0226/R000000034/R000000035
R000000033/2.222222/0277/R000000010/R000000035
R000000032/2.469136/0147/R000000033
R000000036/2.482853/0301/R000000010/R000000021
R000000036/2.482853/0301/R000000010/R000000021
R000000032/2.758726/0028/R000000036
R000000025/5.349795/0122/R000000026/R000000032
R000000025/5.349795/0122/R000000026/R000000032
R000000001/5.944217/0059/R000000025
Q000000002/4.741825/0000/R000000037
R000000041/1.000000/0000/Guesstimate
R000000040/2.222222/0226/R000000034/R000000041
R000000040/2.222222/0277/R000000010/R000000041
R000000039/2.469136/0147/R000000040
R000000043/1.000000/0000/Guesstimate
M000000044/1.000000/0000/Sigma_BB-326450255
R000000042/2.222222/0170/R000000043/M000000044
R000000045/1.000000/0000/Guesstimate
M000000046/1.000000/0000/Sigma_BB-182845562
R000000042/2.222222/0170/R000000045/M000000046
R000000039/2.469136/0155/R000000042
R000000038/4.267642/0003/R000000005/R000000039
R000000047/2.345679/0004/R000000007/R000000031
R000000048/2.345679/0004/R000000027/R000000031
R000000047/2.606310/0059/R000000048
M000000051/1.000000/0000/Sigma_BB-30407107
R000000050/2.222222/0170/M000000051/M000000044
R000000052/1.000000/0000/Guesstimate
R000000050/3.854596/0004/R000000052/R000000039
R000000049/2.469136/0009/R000000050
R000000054/1.000000/0000/Guesstimate
R000000053/2.222222/0170/R000000054/M000000044
R000000055/1.000000/0000/Guesstimate
R000000053/2.222222/0170/R000000055/M000000046
R000000049/2.469136/0079/R000000053
R000000038/5.349795/0049/R000000047/R000000049
R000000037/4.741825/0099/R000000038
R000000056/5.349795/0122/R000000026/R000000039
R000000056/5.349795/0122/R000000026/R000000039
R000000037/5.944217/0059/R000000056
Q000000003/2.928077/0000/R000000057
R000000059/1.000000/0000/Guesstimate
R000000058/2.635269/0003/R000000005/R000000059
R000000060/1.000000/0000/Guesstimate
R000000058/3.717421/0049/R000000047/R000000060
R000000057/2.928077/0099/R000000058
R000000061/3.717421/0122/R000000026/R000000059
R000000063/2.222222/0003/M000000028/R000000029
R000000063/2.345679/0049/R000000027/R000000031
R000000062/3.580247/0122/R000000063/R000000059
R000000062/3.580247/0122/R000000063/R000000059
R000000061/5.089163/0112/R000000062/R000000009
R000000057/4.130468/0059/R000000061
<NEXT>