#
#  Reaction log file
#  Author: LigBuilder V3 User_Diana
#  Creation time: Tue Feb 24 08:28:27 2026
#  Format:
#  QueryMoleculeId/Cost/SynthesizeId/ReactantId1/ReactantId2/ReactantId3.....
#  Id prefix:
#  Q --- Query Molecule
#  M --- Material
#  R --- Reactant
#
Directory      result/synthesize_HsDHODH/248/DATABASE/
#
Q000000001/5.393995/0000/R000000001
M000000003/1.000000/0000/Sigma_BB-28779572
R000000006/1.000000/0000/Guesstimate
M000000007/1.000000/0000/Sigma_BB-30185333
R000000005/2.222222/0224/R000000006/M000000007
R000000004/2.469136/0040/R000000005
R000000009/1.000000/0000/Guesstimate
R000000008/2.222222/0224/R000000009/M000000007
R000000010/1.000000/0000/Guesstimate
R000000004/3.580247/0004/R000000008/R000000010
R000000002/3.854596/0212/M000000003/R000000004
M000000013/1.000000/0000/Sigma_BB-28778841
R000000012/2.222222/0224/M000000013/M000000007
R000000011/3.580247/0212/M000000003/R000000012
R000000011/3.580247/0212/M000000003/R000000012
R000000002/3.978053/0155/R000000011
R000000014/1.000000/0000/Guesstimate
R000000001/5.393995/0057/R000000002/R000000014
R000000016/1.000000/0000/Guesstimate
M000000019/1.000000/0000/Sigma_BB-28777622
R000000018/1.111111/0091/M000000019
R000000020/1.000000/0000/Guesstimate
R000000021/1.000000/0000/Guesstimate
R000000018/2.222222/0112/R000000020/R000000021
R000000022/2.222222/0057/M000000007/R000000014
R000000024/8.200000/0000/Guesstimate
R000000023/9.111111/0082/R000000024
R000000025/7.700000/0000/Guesstimate
R000000026/1.000000/0000/Guesstimate
R000000023/9.666667/0112/R000000025/R000000026
R000000022/9.777779/0041/R000000023
R000000017/3.703704/0224/R000000018/R000000022
R000000027/2.743484/0086/R000000004
R000000027/2.743484/0091/R000000004
R000000017/4.159427/0057/R000000027/R000000014
R000000015/5.226338/0112/R000000016/R000000017
M000000029/1.000000/0000/Sigma_BB-27556005
R000000028/1.111111/0086/M000000029
R000000028/1.111111/0091/M000000029
R000000031/2.743484/0197/R000000004
R000000030/4.159427/0057/R000000031/R000000014
R000000032/10.000000/0000/Guesstimate
R000000030/10.000000/0291/R000000032
R000000015/5.856154/0112/R000000028/R000000030
R000000001/5.807042/0147/R000000015
Q000000002/5.393995/0000/R000000001
Q000000003/5.393995/0000/R000000001
<NEXT>