#
#  Reaction log file
#  Author: LigBuilder V3 User_Diana
#  Creation time: Tue Feb 24 08:14:51 2026
#  Format:
#  QueryMoleculeId/Cost/SynthesizeId/ReactantId1/ReactantId2/ReactantId3.....
#  Id prefix:
#  Q --- Query Molecule
#  M --- Material
#  R --- Reactant
#
Directory      result/synthesize_HsDHODH/49/DATABASE/
#
Q000000001/Analysis Failed
Q000000002/7.959492/0000/R000000001
R000000005/1.000000/0000/Guesstimate
R000000006/1.000000/0000/Guesstimate
R000000004/2.222222/0003/R000000005/R000000006
M000000007/1.000000/0000/Sigma_BB-28516749
R000000008/1.000000/0000/Guesstimate
R000000004/2.222222/0112/M000000007/R000000008
M000000010/1.000000/0000/Sigma_BB-29464565
R000000009/1.111111/0091/M000000010
R000000011/1.000000/0000/Guesstimate
R000000012/1.000000/0000/Guesstimate
R000000009/2.222222/0018/R000000011/R000000012
R000000003/3.703704/0112/R000000004/R000000009
R000000014/1.000000/0000/Guesstimate
R000000013/2.222222/0003/R000000014/R000000006
R000000015/1.000000/0000/Guesstimate
R000000013/2.222222/0003/R000000015/R000000008
R000000017/1.000000/0000/Guesstimate
R000000018/1.000000/0000/Guesstimate
R000000016/2.222222/0004/R000000017/R000000018
R000000003/4.938272/0049/R000000013/R000000016
R000000022/1.000000/0000/Guesstimate
R000000021/2.222222/0004/R000000017/R000000022
R000000024/1.000000/0000/Guesstimate
R000000023/2.222222/0004/R000000024/R000000022
R000000025/1.000000/0000/Guesstimate
R000000026/1.000000/0000/Guesstimate
R000000023/3.333333/0225/R000000025/R000000022/R000000026
R000000021/2.469136/0085/R000000023
R000000020/2.469136/0093/R000000021
M000000027/1.000000/0000/Sigma_BB-28247348
R000000020/3.580247/0212/M000000027/R000000021
R000000019/2.743484/0153/R000000020
R000000028/2.743484/0086/R000000020
R000000028/2.743484/0091/R000000020
R000000019/3.048316/0154/R000000028
R000000002/7.163543/0259/R000000003/R000000019
R000000002/7.163543/0259/R000000003/R000000019
R000000001/7.959492/0024/R000000002
M000000033/1.000000/0000/Sigma_BB-28762337
R000000034/1.000000/0000/Guesstimate
R000000032/2.222222/0001/M000000033/R000000034
R000000032/2.222222/0004/M000000033/R000000011
R000000035/1.000000/0000/Guesstimate
R000000031/3.580247/0259/R000000032/R000000035
R000000031/3.580247/0259/R000000032/R000000035
R000000030/3.978053/0024/R000000031
R000000038/1.000000/0000/Guesstimate
R000000037/3.580247/0259/R000000032/R000000038
R000000037/3.580247/0259/R000000032/R000000038
R000000036/3.978053/0118/R000000037
R000000036/5.089163/0112/R000000037/R000000008
R000000030/4.420059/0040/R000000036
R000000029/6.889194/0212/R000000030/R000000021
R000000029/6.889194/0212/R000000030/R000000021
R000000001/8.765772/0018/R000000029/R000000012
Q000000003/7.959492/0000/R000000001
<NEXT>