#
#  Reaction log file
#  Author: LigBuilder V3 User_Diana
#  Creation time: Tue Feb 24 08:14:31 2026
#  Format:
#  QueryMoleculeId/Cost/SynthesizeId/ReactantId1/ReactantId2/ReactantId3.....
#  Id prefix:
#  Q --- Query Molecule
#  M --- Material
#  R --- Reactant
#
Directory      result/synthesize_HsDHODH/19/DATABASE/
#
Q000000001/5.531170/0000/R000000001
M000000004/1.000000/0000/Sigma_BB-28760327
R000000006/1.000000/0000/Guesstimate
R000000007/1.000000/0000/Guesstimate
R000000005/2.222222/0012/R000000006/R000000007
R000000008/1.000000/0000/Guesstimate
R000000009/1.000000/0000/Guesstimate
R000000005/2.222222/0279/R000000008/R000000009
R000000003/3.580247/0159/M000000004/R000000005
R000000010/1.000000/0000/Guesstimate
R000000012/1.000000/0000/Guesstimate
R000000011/3.580247/0159/R000000012/R000000005
R000000003/5.089163/0276/R000000010/R000000011
R000000002/3.978053/0197/R000000003
R000000015/1.000000/0000/Guesstimate
R000000014/3.580247/0159/R000000005/R000000015
R000000013/3.978053/0153/R000000014
R000000016/3.978053/0091/R000000014
R000000013/4.420059/0154/R000000016
R000000002/5.531170/0276/R000000010/R000000013
R000000017/1.000000/0000/Guesstimate
R000000001/5.531170/0004/R000000002/R000000017
R000000021/1.000000/0000/Guesstimate
R000000020/5.531170/0112/R000000013/R000000021
R000000022/7.100000/0000/Guesstimate
R000000020/9.000001/0174/R000000022/R000000021
R000000019/6.145744/0147/R000000020
R000000023/5.531170/0004/R000000013/R000000017
R000000024/1.000000/0000/Guesstimate
R000000023/9.000001/0175/R000000022/R000000024
R000000025/1.000000/0000/Guesstimate
R000000019/7.256855/0119/R000000023/R000000025
R000000018/7.939716/0276/R000000010/R000000019
R000000018/7.939716/0278/R000000010/R000000019
R000000001/8.821907/0024/R000000018
Q000000002/5.531170/0000/R000000001
Q000000003/3.048316/0000/R000000026
M000000030/1.000000/0000/Sigma_BB-137266384
R000000031/1.000000/0000/Guesstimate
R000000029/2.222222/0174/M000000030/R000000031
R000000029/2.222222/0289/M000000030/R000000031
R000000028/2.469136/0059/R000000029
R000000033/1.000000/0000/Guesstimate
R000000034/1.000000/0000/Guesstimate
R000000032/2.222222/0012/R000000033/R000000034
R000000035/1.000000/0000/Guesstimate
R000000036/1.000000/0000/Guesstimate
R000000032/2.222222/0279/R000000035/R000000036
R000000038/1.000000/0000/Guesstimate
R000000037/1.111111/0247/R000000038
R000000039/1.000000/0000/Guesstimate
R000000037/2.222222/0112/R000000015/R000000039
R000000028/3.703704/0159/R000000032/R000000037
R000000027/2.743484/0040/R000000028
R000000041/1.000000/0000/Guesstimate
R000000040/2.222222/0012/R000000033/R000000041
M000000043/1.000000/0000/Sigma_BB-28721388
R000000042/2.222222/0285/R000000033/M000000043
R000000040/2.469136/0009/R000000042
R000000027/3.703704/0159/R000000040/R000000037
R000000026/3.048316/0024/R000000027
M000000047/1.000000/0000/Sigma_BB-26893599
R000000046/2.222222/0112/M000000047/R000000031
M000000048/1.000000/0000/Sigma_BB-156331499
R000000046/2.222222/0174/M000000048/R000000031
R000000045/2.469136/0059/R000000046
R000000050/1.000000/0000/Guesstimate
R000000049/2.222222/0004/M000000047/R000000050
R000000051/1.000000/0000/Guesstimate
R000000052/1.000000/0000/Guesstimate
R000000049/3.333333/0225/M000000047/R000000051/R000000052
R000000045/2.469136/0153/R000000049
R000000055/1.000000/0000/Guesstimate
R000000054/2.222222/0174/R000000024/R000000055
R000000054/2.222222/0289/R000000024/R000000055
R000000053/2.469136/0197/R000000054
R000000056/7.400000/0000/Guesstimate
R000000053/8.222222/0091/R000000056
R000000044/5.486969/0112/R000000045/R000000053
R000000059/1.000000/0000/Guesstimate
R000000058/3.854596/0003/R000000059/R000000053
R000000060/1.000000/0000/Guesstimate
R000000058/9.333333/0003/R000000060/R000000056
R000000057/5.393995/0012/R000000006/R000000058
R000000057/5.393995/0012/R000000006/R000000058
R000000044/7.227896/0159/R000000057/R000000037
R000000026/6.096632/0025/R000000044
<NEXT>