#
#  Reaction log file
#  Author: LigBuilder V3 User_Diana
#  Creation time: Tue Feb 24 08:26:57 2026
#  Format:
#  QueryMoleculeId/Cost/SynthesizeId/ReactantId1/ReactantId2/ReactantId3.....
#  Id prefix:
#  Q --- Query Molecule
#  M --- Material
#  R --- Reactant
#
Directory      result/synthesize_HsDHODH/216/DATABASE/
#
Q000000001/Analysis Failed
Q000000002/Analysis Failed
Q000000003/2.758726/0000/R000000001
M000000005/1.000000/0000/Sigma_BB-27090565
R000000004/1.111111/0074/M000000005
R000000004/1.111111/0165/M000000005
R000000003/1.234568/0040/R000000004
R000000007/1.000000/0000/Guesstimate
M000000008/1.000000/0000/Sigma_BB-247279222
R000000006/2.222222/0276/R000000007/M000000008
R000000006/2.222222/0278/R000000007/M000000008
R000000003/2.469136/0024/R000000006
M000000009/1.000000/0000/Sigma_BB-28799196
R000000002/2.482853/0003/R000000003/M000000009
R000000011/1.371742/0093/R000000003
R000000012/1.371742/0197/R000000003
M000000013/1.000000/0000/Sigma_BB-151011721
R000000012/2.222222/0276/R000000007/M000000013
R000000014/1.000000/0000/Guesstimate
R000000011/2.635269/0004/R000000012/R000000014
R000000010/1.524158/0085/R000000011
R000000015/1.000000/0000/Guesstimate
R000000010/2.635269/0004/R000000012/R000000015
M000000017/1.000000/0000/Sigma_BB-28800354
R000000016/1.111111/0009/M000000017
R000000018/1.000000/0000/Guesstimate
M000000019/1.000000/0000/Sigma_BB-28800146
R000000016/2.222222/0003/R000000018/M000000019
R000000002/2.928077/0049/R000000010/R000000016
R000000001/2.758726/0099/R000000002
M000000021/1.000000/0000/Sigma_BB-28798830
R000000020/2.635269/0003/R000000012/M000000021
R000000020/2.635269/0003/R000000011/M000000019
R000000001/2.928077/0099/R000000020
<NEXT>