#
#  Reaction log file
#  Author: LigBuilder V3 User_Diana
#  Creation time: Tue Feb 24 08:29:25 2026
#  Format:
#  QueryMoleculeId/Cost/SynthesizeId/ReactantId1/ReactantId2/ReactantId3.....
#  Id prefix:
#  Q --- Query Molecule
#  M --- Material
#  R --- Reactant
#
Directory      result/synthesize_HsDHODH/285/DATABASE/
#
Q000000001/5.654626/0000/R000000001
R000000005/1.000000/0000/Guesstimate
R000000006/1.000000/0000/Guesstimate
R000000004/2.222222/0241/R000000005/R000000006
R000000007/1.000000/0000/Guesstimate
R000000008/1.000000/0000/Guesstimate
R000000004/2.222222/0277/R000000007/R000000008
R000000009/1.000000/0000/Guesstimate
R000000003/3.580247/0259/R000000004/R000000009
R000000003/3.580247/0259/R000000004/R000000009
R000000010/1.000000/0000/Guesstimate
R000000002/5.089163/0122/R000000003/R000000010
R000000002/5.089163/0122/R000000003/R000000010
R000000001/5.654626/0041/R000000002
R000000014/1.000000/0000/Guesstimate
R000000015/1.000000/0000/Guesstimate
R000000013/2.222222/0277/R000000014/R000000015
R000000016/1.000000/0000/Guesstimate
R000000017/1.000000/0000/Guesstimate
R000000013/2.222222/0277/R000000016/R000000017
R000000012/3.580247/0259/R000000013/R000000009
R000000012/3.580247/0259/R000000013/R000000009
M000000018/1.000000/0000/Sigma_BB-28845589
R000000011/5.089163/0003/R000000012/M000000018
R000000020/1.000000/0000/Guesstimate
R000000019/5.089163/0112/R000000012/R000000020
R000000022/1.000000/0000/Guesstimate
R000000021/5.089163/0004/R000000012/R000000022
R000000019/5.654626/0009/R000000021
R000000024/1.000000/0000/Guesstimate
R000000023/2.222222/0004/R000000024/R000000010
R000000026/1.000000/0000/Guesstimate
R000000025/2.222222/0277/R000000026/R000000010
R000000027/1.000000/0000/Guesstimate
R000000025/2.222222/0301/R000000027/R000000010
R000000023/2.469136/0024/R000000025
R000000011/8.123762/0049/R000000019/R000000023
R000000001/5.654626/0099/R000000011
Q000000002/5.807042/0000/R000000028
R000000032/1.000000/0000/Guesstimate
R000000031/2.222222/0277/R000000014/R000000032
R000000031/3.580247/0122/R000000013/R000000015
M000000034/1.000000/0000/Sigma_BB-30556761
R000000033/1.111111/0059/M000000034
M000000035/1.000000/0000/Sigma_BB-28766560
R000000033/1.111111/0155/M000000035
R000000030/3.703704/0259/R000000031/R000000033
R000000030/3.703704/0259/R000000031/R000000033
R000000029/5.226338/0112/R000000030/R000000020
R000000037/2.469136/0118/R000000013
R000000037/3.580247/0112/R000000013/R000000020
R000000036/3.978053/0259/R000000037/R000000033
R000000036/3.978053/0259/R000000037/R000000033
R000000038/1.000000/0000/Guesstimate
R000000029/5.531170/0012/R000000036/R000000038
R000000028/5.807042/0041/R000000029
R000000041/3.580247/0259/R000000004/M000000035
R000000041/3.580247/0259/R000000004/M000000035
R000000040/3.978053/0155/R000000041
M000000043/1.000000/0000/Sigma_BB-30407107
R000000042/3.580247/0259/R000000004/M000000043
R000000042/3.580247/0259/R000000004/M000000043
R000000044/1.000000/0000/Guesstimate
R000000040/5.089163/0212/R000000042/R000000044
R000000045/1.000000/0000/Guesstimate
R000000039/5.531170/0122/R000000040/R000000045
R000000039/5.531170/0122/R000000040/R000000045
R000000028/6.145744/0041/R000000039
Q000000003/5.807042/0000/R000000028
<NEXT>