#
#  Reaction log file
#  Author: LigBuilder V3 User_Diana
#  Creation time: Tue Feb 24 08:25:09 2026
#  Format:
#  QueryMoleculeId/Cost/SynthesizeId/ReactantId1/ReactantId2/ReactantId3.....
#  Id prefix:
#  Q --- Query Molecule
#  M --- Material
#  R --- Reactant
#
Directory      result/synthesize_HsDHODH/175/DATABASE/
#
Q000000001/Analysis Failed
Q000000002/7.331201/0000/R000000001
M000000005/1.000000/0000/Sigma_BB-27291979
R000000006/1.000000/0000/Guesstimate
R000000004/2.222222/0119/M000000005/R000000006
R000000004/2.222222/0280/M000000005/R000000006
R000000008/1.000000/0000/Guesstimate
R000000009/1.000000/0000/Guesstimate
R000000007/2.222222/0122/R000000008/R000000009
R000000007/2.222222/0122/R000000008/R000000009
R000000003/4.938272/0231/R000000004/R000000007
R000000011/1.000000/0000/Guesstimate
R000000010/3.580247/0231/R000000004/R000000011
R000000003/6.447188/0279/R000000010/R000000007
R000000002/6.598080/0158/R000000003/R000000011
R000000002/6.598080/0158/R000000003/R000000011
R000000001/7.331201/0024/R000000002
M000000015/1.000000/0000/Sigma_BB-27191867
R000000017/1.000000/0000/Guesstimate
R000000016/2.222222/0158/R000000017/R000000011
R000000016/2.222222/0158/R000000017/R000000011
R000000014/3.580247/0277/M000000015/R000000016
M000000018/1.000000/0000/Sigma_BB-180926319
R000000014/3.580247/0301/M000000018/R000000016
R000000013/3.978053/0099/R000000014
R000000013/3.978053/0099/R000000014
R000000021/1.000000/0000/Guesstimate
R000000022/1.000000/0000/Guesstimate
R000000020/2.222222/0174/R000000021/R000000022
R000000020/2.222222/0289/R000000021/R000000022
R000000019/2.469136/0197/R000000020
R000000023/7.400000/0000/Guesstimate
R000000019/8.222222/0091/R000000023
R000000012/7.163543/0174/R000000013/R000000019
M000000026/1.000000/0000/Sigma_BB-29205355
R000000025/3.580247/0231/M000000026/R000000007
R000000024/5.089163/0158/R000000025/R000000011
R000000024/5.089163/0158/R000000025/R000000011
R000000012/8.398110/0112/R000000024/R000000019
R000000001/7.959492/0025/R000000012
Q000000003/5.654626/0000/R000000027
R000000030/1.000000/0000/Guesstimate
M000000032/1.000000/0000/Sigma_BB-28924636
R000000031/2.222222/0279/R000000009/M000000032
R000000031/2.222222/0279/R000000009/M000000032
R000000029/3.580247/0012/R000000030/R000000031
R000000033/2.222222/0012/R000000030/R000000009
R000000034/1.000000/0000/Guesstimate
R000000035/1.000000/0000/Guesstimate
R000000033/2.222222/0279/R000000034/R000000035
R000000029/3.580247/0279/R000000033/M000000032
R000000036/1.000000/0000/Guesstimate
R000000028/5.089163/0159/R000000029/R000000036
R000000039/1.000000/0000/Guesstimate
R000000038/2.222222/0279/R000000039/M000000032
R000000038/2.222222/0279/R000000039/M000000032
R000000037/2.469136/0082/R000000038
R000000041/1.000000/0000/Guesstimate
R000000042/1.000000/0000/Guesstimate
R000000040/2.222222/0112/R000000041/R000000042
R000000043/1.000000/0000/Guesstimate
R000000044/1.000000/0000/Guesstimate
R000000040/2.222222/0279/R000000043/R000000044
R000000045/1.000000/0000/Guesstimate
R000000037/3.580247/0095/R000000040/R000000045
R000000048/1.000000/0000/Guesstimate
M000000049/1.000000/0000/Sigma_BB-30423282
R000000047/2.222222/0279/R000000048/M000000049
R000000047/2.222222/0279/R000000048/M000000049
R000000046/2.469136/0009/R000000047
R000000051/1.000000/0000/Guesstimate
R000000050/2.222222/0279/R000000048/R000000051
R000000050/2.222222/0279/R000000048/R000000051
R000000046/2.469136/0079/R000000050
R000000028/5.486969/0159/R000000037/R000000046
R000000027/5.654626/0024/R000000028
M000000055/1.000000/0000/Sigma_BB-235189059
R000000054/2.222222/0277/M000000055/R000000045
R000000053/2.469136/0099/R000000054
R000000053/2.469136/0099/R000000054
R000000052/5.486969/0112/R000000053/R000000019
R000000057/2.222222/0277/M000000015/R000000045
R000000057/2.222222/0301/M000000018/R000000045
R000000056/2.469136/0099/R000000057
R000000056/2.469136/0099/R000000057
R000000052/5.486969/0174/R000000056/R000000019
R000000027/6.096632/0025/R000000052
<NEXT>