#
#  Reaction log file
#  Author: LigBuilder V3 User_Diana
#  Creation time: Tue Feb 24 08:24:08 2026
#  Format:
#  QueryMoleculeId/Cost/SynthesizeId/ReactantId1/ReactantId2/ReactantId3.....
#  Id prefix:
#  Q --- Query Molecule
#  M --- Material
#  R --- Reactant
#
Directory      result/synthesize_HsDHODH/154/DATABASE/
#
Q000000001/5.531170/0000/R000000001
M000000005/1.000000/0000/Sigma_BB-28762337
R000000006/1.000000/0000/Guesstimate
R000000004/2.222222/0001/M000000005/R000000006
R000000007/1.000000/0000/Guesstimate
R000000004/2.222222/0004/M000000005/R000000007
R000000008/1.000000/0000/Guesstimate
R000000003/3.580247/0259/R000000004/R000000008
R000000003/3.580247/0259/R000000004/R000000008
R000000002/3.978053/0041/R000000003
R000000011/1.000000/0000/Guesstimate
R000000010/3.580247/0259/R000000004/R000000011
R000000010/3.580247/0259/R000000004/R000000011
R000000009/3.978053/0198/R000000010
R000000013/1.000000/0000/Guesstimate
R000000012/3.580247/0259/R000000004/R000000013
R000000012/3.580247/0259/R000000004/R000000013
R000000009/3.978053/0198/R000000012
R000000002/4.420059/0155/R000000009
R000000014/1.000000/0000/Guesstimate
R000000001/5.531170/0018/R000000002/R000000014
R000000017/5.089163/0018/R000000010/R000000014
R000000018/1.000000/0000/Guesstimate
R000000016/6.765737/0119/R000000017/R000000018
R000000016/6.765737/0280/R000000017/R000000018
R000000015/7.517486/0228/R000000016
R000000020/5.089163/0018/R000000012/R000000014
R000000019/6.765737/0119/R000000020/R000000018
R000000019/6.765737/0280/R000000020/R000000018
R000000015/7.517486/0228/R000000019
R000000001/8.352762/0024/R000000015
Q000000002/5.531170/0000/R000000001
Q000000003/5.531170/0000/R000000001
<NEXT>