#
#  Reaction log file
#  Author: LigBuilder V3 User_Diana
#  Creation time: Tue Feb 24 08:18:15 2026
#  Format:
#  QueryMoleculeId/Cost/SynthesizeId/ReactantId1/ReactantId2/ReactantId3.....
#  Id prefix:
#  Q --- Query Molecule
#  M --- Material
#  R --- Reactant
#
Directory      result/synthesize_HsDHODH/104/DATABASE/
#
Q000000001/Analysis Failed
Q000000002/Analysis Failed
Q000000003/6.282918/0000/R000000001
M000000006/1.000000/0000/Sigma_BB-28426400
R000000007/1.000000/0000/Guesstimate
R000000005/2.222222/0004/M000000006/R000000007
M000000009/1.000000/0000/Sigma_BB-28816861
R000000010/1.000000/0000/Guesstimate
R000000011/1.000000/0000/Guesstimate
R000000008/3.333333/0261/M000000009/R000000010/R000000011
R000000005/3.703704/0024/R000000008
R000000004/2.469136/0086/R000000005
R000000004/2.469136/0091/R000000005
R000000003/2.743484/0079/R000000004
M000000013/1.000000/0000/Sigma_BB-28778979
R000000012/3.580247/0212/R000000005/M000000013
R000000012/3.580247/0212/R000000005/M000000013
R000000003/3.978053/0009/R000000012
M000000016/1.000000/0000/Sigma_BB-28779522
R000000015/1.111111/0073/M000000016
M000000017/1.000000/0000/Sigma_BB-28760846
R000000015/1.111111/0216/M000000017
R000000018/1.000000/0000/Guesstimate
R000000014/2.345679/0119/R000000015/R000000018
R000000019/2.222222/0119/M000000016/R000000018
R000000019/2.222222/0280/M000000016/R000000018
R000000014/2.469136/0073/R000000019
R000000002/5.654626/0224/R000000003/R000000014
R000000021/3.048316/0059/R000000003
R000000022/1.000000/0000/Guesstimate
R000000021/3.580247/0212/R000000005/R000000022
R000000020/4.621586/0119/R000000021/R000000015
R000000023/2.345679/0119/R000000015/R000000011
R000000023/2.345679/0280/R000000015/R000000011
R000000020/5.654626/0224/R000000003/R000000023
R000000024/1.000000/0000/Guesstimate
R000000002/6.246207/0276/R000000020/R000000024
R000000001/6.282918/0119/R000000002
M000000028/1.000000/0000/Sigma_BB-27931627
R000000027/1.111111/0147/M000000028
R000000029/1.000000/0000/Guesstimate
R000000026/2.345679/0277/R000000027/R000000029
R000000031/1.000000/0000/Guesstimate
R000000030/2.222222/0049/M000000028/R000000031
R000000032/1.000000/0000/Guesstimate
R000000026/3.580247/0224/R000000030/R000000032
R000000025/5.654626/0224/R000000003/R000000026
R000000033/2.469136/0197/R000000005
R000000034/8.300000/0000/Guesstimate
R000000033/9.222222/0155/R000000034
R000000037/1.000000/0000/Guesstimate
R000000036/3.717421/0224/R000000037/R000000026
R000000035/4.130468/0197/R000000036
R000000025/7.332894/0301/R000000033/R000000035
R000000001/6.282918/0150/R000000025
Q000000004/Analysis Failed
<NEXT>