#
#  Reaction log file
#  Author: LigBuilder V3 User_Diana
#  Creation time: Tue Feb 24 08:23:55 2026
#  Format:
#  QueryMoleculeId/Cost/SynthesizeId/ReactantId1/ReactantId2/ReactantId3.....
#  Id prefix:
#  Q --- Query Molecule
#  M --- Material
#  R --- Reactant
#
Directory      result/synthesize_HsDHODH/156/DATABASE/
#
Q000000001/5.531170/0000/R000000001
M000000005/1.000000/0000/Sigma_BB-28762337
R000000006/1.000000/0000/Guesstimate
R000000004/2.222222/0001/M000000005/R000000006
R000000007/1.000000/0000/Guesstimate
R000000004/2.222222/0004/M000000005/R000000007
R000000008/1.000000/0000/Guesstimate
R000000003/3.580247/0259/R000000004/R000000008
R000000003/3.580247/0259/R000000004/R000000008
R000000002/3.978053/0155/R000000003
R000000011/1.000000/0000/Guesstimate
R000000010/3.580247/0259/R000000004/R000000011
R000000013/1.000000/0000/Guesstimate
R000000012/3.580247/0259/R000000004/R000000013
R000000012/3.580247/0259/R000000004/R000000013
R000000014/1.000000/0000/Guesstimate
R000000010/5.089163/0003/R000000012/R000000014
R000000009/3.978053/0040/R000000010
R000000015/1.000000/0000/Guesstimate
R000000009/5.089163/0004/R000000012/R000000015
R000000002/4.420059/0197/R000000009
R000000016/1.000000/0000/Guesstimate
R000000001/5.531170/0018/R000000002/R000000016
R000000019/5.089163/0018/R000000003/R000000016
R000000020/1.000000/0000/Guesstimate
R000000018/6.765737/0119/R000000019/R000000020
R000000021/5.654626/0091/R000000019
R000000018/7.394029/0276/R000000021/R000000020
R000000017/7.517486/0155/R000000018
R000000022/7.517486/0295/R000000018
R000000017/8.352762/0228/R000000022
R000000001/8.352762/0024/R000000017
Q000000002/5.531170/0000/R000000001
Q000000003/5.531170/0000/R000000001
<NEXT>