#
#  Reaction log file
#  Author: LigBuilder V3 User_Diana
#  Creation time: Tue Feb 24 08:26:45 2026
#  Format:
#  QueryMoleculeId/Cost/SynthesizeId/ReactantId1/ReactantId2/ReactantId3.....
#  Id prefix:
#  Q --- Query Molecule
#  M --- Material
#  R --- Reactant
#
Directory      result/synthesize_HsDHODH/218/DATABASE/
#
Q000000001/Analysis Failed
Q000000002/Analysis Failed
Q000000003/7.468375/0000/R000000001
R000000005/1.000000/0000/Guesstimate
M000000006/1.000000/0000/Sigma_BB-28775379
R000000004/2.222222/0264/R000000005/M000000006
R000000008/1.000000/0000/Guesstimate
R000000009/1.000000/0000/Guesstimate
R000000007/2.222222/0264/R000000008/R000000009
R000000010/1.000000/0000/Guesstimate
R000000007/2.222222/0264/R000000005/R000000010
R000000004/3.580247/0004/R000000007/R000000010
M000000011/1.000000/0000/Sigma_BB-156333974
R000000003/3.580247/0049/R000000004/M000000011
R000000013/1.000000/0000/Guesstimate
R000000012/2.222222/0264/R000000005/R000000013
R000000015/1.000000/0000/Guesstimate
R000000014/2.222222/0264/R000000008/R000000015
R000000016/1.000000/0000/Guesstimate
R000000014/2.222222/0264/R000000005/R000000016
R000000012/2.469136/0082/R000000014
M000000017/1.000000/0000/Sigma_BB-30427348
R000000003/3.580247/0049/R000000012/M000000017
R000000020/1.000000/0000/Guesstimate
R000000019/2.222222/0279/R000000016/R000000020
R000000019/2.222222/0279/R000000016/R000000020
R000000018/2.469136/0119/R000000019
R000000022/1.000000/0000/Guesstimate
R000000021/2.222222/0279/R000000022/R000000020
R000000021/2.469136/0091/R000000019
R000000018/2.469136/0276/R000000021
R000000002/6.721537/0112/R000000003/R000000018
R000000025/1.000000/0000/Guesstimate
R000000024/2.222222/0264/R000000008/R000000025
R000000026/1.000000/0000/Guesstimate
R000000024/2.222222/0264/R000000005/R000000026
R000000023/5.212621/0112/R000000024/R000000018
R000000027/4.938272/0112/R000000024/R000000019
R000000023/5.486969/0119/R000000027
M000000028/1.000000/0000/Sigma_BB-28774663
R000000002/6.902912/0138/R000000023/M000000028
R000000001/7.468375/0099/R000000002
R000000032/1.000000/0000/Guesstimate
R000000031/2.222222/0264/R000000008/R000000032
R000000031/2.469136/0040/R000000012
R000000030/5.212621/0112/R000000031/R000000018
M000000033/1.000000/0000/Sigma_BB-28764946
R000000029/6.902912/0003/R000000030/M000000033
R000000035/2.222222/0264/R000000008/R000000005
R000000035/2.469136/0091/R000000031
R000000034/5.212621/0112/R000000035/R000000018
M000000036/1.000000/0000/Sigma_BB-28766376
R000000029/6.902912/0112/R000000034/M000000036
R000000001/7.669903/0099/R000000029
<NEXT>