#
#  Reaction log file
#  Author: LigBuilder V3 User_Diana
#  Creation time: Tue Feb 24 08:28:58 2026
#  Format:
#  QueryMoleculeId/Cost/SynthesizeId/ReactantId1/ReactantId2/ReactantId3.....
#  Id prefix:
#  Q --- Query Molecule
#  M --- Material
#  R --- Reactant
#
Directory      result/synthesize_HsDHODH/268/DATABASE/
#
Q000000001/6.918153/0000/R000000001
R000000005/1.000000/0000/Guesstimate
M000000006/1.000000/0000/Sigma_BB-243768390
R000000007/1.000000/0000/Guesstimate
R000000004/3.333333/0225/R000000005/M000000006/R000000007
R000000004/3.333333/0225/R000000005/M000000006/R000000007
R000000003/3.703704/0204/R000000004
R000000008/1.000000/0000/Guesstimate
R000000002/5.226338/0224/R000000003/R000000008
R000000009/1.000000/0000/Guesstimate
R000000001/6.918153/0122/R000000002/R000000009
R000000001/6.918153/0122/R000000002/R000000009
Q000000002/Analysis Failed
Q000000003/Analysis Failed
Q000000004/Analysis Failed
<NEXT>