#
#  Reaction log file
#  Author: LigBuilder V3 User_Diana
#  Creation time: Tue Feb 24 08:19:29 2026
#  Format:
#  QueryMoleculeId/Cost/SynthesizeId/ReactantId1/ReactantId2/ReactantId3.....
#  Id prefix:
#  Q --- Query Molecule
#  M --- Material
#  R --- Reactant
#
Directory      result/synthesize_HsDHODH/110/DATABASE/
#
Q000000001/Analysis Failed
Q000000002/Analysis Failed
Q000000003/5.089163/0000/R000000001
M000000004/1.000000/0000/Sigma_BB-30428255
R000000005/1.000000/0000/Guesstimate
R000000003/2.222222/0231/M000000004/R000000005
R000000006/1.000000/0000/Guesstimate
R000000002/3.580247/0175/R000000003/R000000006
R000000007/2.222222/0175/M000000004/R000000006
R000000007/2.222222/0290/M000000004/R000000006
R000000002/3.580247/0231/R000000007/R000000005
R000000008/1.000000/0000/Guesstimate
R000000001/5.089163/0003/R000000002/R000000008
M000000012/1.000000/0000/Sigma_BB-28514183
M000000013/1.000000/0000/Sigma_BB-28247348
R000000011/2.222222/0003/M000000012/M000000013
R000000010/2.469136/0099/R000000011
R000000015/1.000000/0000/Guesstimate
R000000014/2.222222/0003/M000000012/R000000015
M000000016/1.000000/0000/Sigma_BB-28769834
R000000017/1.000000/0000/Guesstimate
R000000014/2.222222/0175/M000000016/R000000017
R000000018/1.000000/0000/Guesstimate
R000000010/3.580247/0122/R000000014/R000000018
R000000019/1.000000/0000/Guesstimate
R000000009/3.854596/0004/R000000010/R000000019
R000000009/5.089163/0004/R000000002/R000000019
R000000020/1.000000/0000/Guesstimate
R000000001/5.393995/0003/R000000009/R000000020
Q000000004/3.854596/0000/R000000021
R000000024/1.000000/0000/Guesstimate
R000000023/2.222222/0175/M000000016/R000000024
R000000023/2.469136/0041/R000000014
R000000022/2.469136/0139/R000000023
R000000026/1.000000/0000/Guesstimate
M000000028/1.000000/0000/Sigma_BB-27944636
R000000027/1.111111/0287/M000000028
M000000029/1.000000/0000/Sigma_BB-48709754
R000000030/1.000000/0000/Guesstimate
R000000027/2.222222/0231/M000000029/R000000030
R000000025/2.345679/0119/R000000026/R000000027
R000000031/2.222222/0119/R000000026/M000000029
R000000031/2.222222/0276/R000000006/M000000029
R000000025/3.580247/0231/R000000031/R000000030
R000000022/2.606310/0153/R000000025
R000000021/3.854596/0004/R000000022/R000000019
M000000035/1.000000/0000/Sigma_BB-27925058
R000000034/2.222222/0175/M000000035/R000000024
R000000036/1.000000/0000/Guesstimate
M000000037/1.000000/0000/Sigma_BB-27087847
R000000034/2.222222/0276/R000000036/M000000037
R000000033/2.469136/0139/R000000034
M000000039/1.000000/0000/Sigma_BB-48767194
R000000038/2.222222/0175/M000000035/M000000039
M000000040/1.000000/0000/Sigma_BB-154544102
R000000038/2.222222/0276/R000000036/M000000040
R000000033/2.469136/0150/R000000038
R000000041/1.000000/0000/Guesstimate
R000000032/3.854596/0175/R000000033/R000000041
R000000044/1.000000/0000/Guesstimate
R000000043/2.222222/0175/M000000004/R000000044
R000000043/2.222222/0290/M000000004/R000000044
R000000042/2.469136/0039/R000000043
R000000045/1.000000/0000/Guesstimate
R000000042/3.580247/0119/R000000007/R000000045
R000000032/3.854596/0231/R000000042/R000000030
R000000021/4.282884/0024/R000000032
<NEXT>