#
#  Reaction log file
#  Author: LigBuilder V3 User_Diana
#  Creation time: Tue Feb 24 08:17:56 2026
#  Format:
#  QueryMoleculeId/Cost/SynthesizeId/ReactantId1/ReactantId2/ReactantId3.....
#  Id prefix:
#  Q --- Query Molecule
#  M --- Material
#  R --- Reactant
#
Directory      result/synthesize_HsDHODH/88/DATABASE/
#
Q000000001/2.635269/0000/R000000001
M000000005/1.000000/0000/Sigma_BB-244848892
R000000004/1.111111/0299/M000000005
R000000003/1.234568/0188/R000000004
M000000007/1.000000/0000/Sigma_BB-27944466
R000000008/1.000000/0000/Guesstimate
R000000006/2.222222/0231/M000000007/R000000008
R000000003/2.469136/0041/R000000006
R000000002/1.371742/0082/R000000003
M000000011/1.000000/0000/Sigma_BB-28760249
R000000012/1.000000/0000/Guesstimate
R000000010/2.222222/0112/M000000011/R000000012
M000000013/1.000000/0000/Sigma_BB-101355943
R000000010/2.222222/0174/M000000013/R000000012
R000000009/2.469136/0079/R000000010
R000000009/2.469136/0082/R000000006
R000000002/2.743484/0041/R000000009
R000000014/1.000000/0000/Guesstimate
R000000001/2.635269/0018/R000000002/R000000014
R000000015/3.854596/0018/R000000009/R000000014
R000000017/1.000000/0000/Guesstimate
R000000016/3.854596/0018/R000000009/R000000017
R000000019/1.000000/0000/Guesstimate
R000000018/3.854596/0018/R000000009/R000000019
R000000016/4.282884/0082/R000000018
R000000015/4.282884/0059/R000000016
R000000001/4.282884/0041/R000000015
Q000000002/Analysis Failed
Q000000003/5.791801/0000/R000000020
M000000024/1.000000/0000/Sigma_BB-28769446
R000000025/1.000000/0000/Guesstimate
R000000023/2.222222/0174/M000000024/R000000025
R000000027/1.000000/0000/Guesstimate
M000000028/1.000000/0000/Sigma_BB-101868410
R000000026/2.222222/0276/R000000027/M000000028
M000000031/1.000000/0000/Sigma_BB-101868449
R000000030/2.222222/0276/R000000027/M000000031
R000000030/2.222222/0278/R000000027/M000000031
R000000029/2.469136/0024/R000000030
R000000033/1.000000/0000/Guesstimate
R000000032/2.222222/0174/M000000024/R000000033
R000000032/2.222222/0289/M000000024/R000000033
R000000029/2.469136/0040/R000000032
R000000026/2.743484/0197/R000000029
R000000023/3.580247/0112/R000000026/R000000025
R000000022/2.469136/0147/R000000023
M000000035/1.000000/0000/Sigma_BB-158319585
R000000034/2.222222/0175/M000000035/R000000025
R000000034/2.222222/0290/M000000035/R000000025
R000000022/2.469136/0153/R000000034
R000000037/1.000000/0000/Guesstimate
R000000038/1.000000/0000/Guesstimate
R000000036/2.222222/0004/R000000037/R000000038
R000000041/1.000000/0000/Guesstimate
R000000040/3.580247/0212/R000000041/R000000036
R000000040/3.580247/0212/R000000041/R000000036
R000000039/3.978053/0040/R000000040
R000000036/4.420059/0100/R000000039
R000000021/5.212621/0003/R000000022/R000000036
R000000043/1.111111/0114/M000000024
R000000044/2.743484/0093/R000000029
R000000045/1.000000/0000/Guesstimate
R000000044/3.580247/0004/R000000026/R000000045
R000000043/3.048316/0197/R000000044
R000000046/1.000000/0000/Guesstimate
R000000042/2.345679/0003/R000000043/R000000046
R000000048/1.000000/0000/Guesstimate
R000000047/3.854596/0004/R000000022/R000000048
M000000049/1.000000/0000/Sigma_BB-28721388
R000000047/4.159427/0212/R000000044/M000000049
R000000042/4.282884/0009/R000000047
R000000051/1.000000/0000/Guesstimate
R000000052/2.469136/0197/R000000036
R000000050/3.854596/0004/R000000051/R000000052
R000000054/1.000000/0000/Guesstimate
R000000053/3.854596/0277/R000000054/R000000052
R000000055/1.000000/0000/Guesstimate
R000000053/3.854596/0301/R000000055/R000000052
R000000050/4.282884/0024/R000000053
R000000021/6.889194/0049/R000000042/R000000050
R000000020/5.791801/0147/R000000021
R000000058/1.000000/0000/Guesstimate
R000000057/3.580247/0212/R000000058/R000000036
R000000057/3.580247/0212/R000000058/R000000036
R000000056/6.721537/0003/R000000029/R000000057
R000000059/3.048316/0085/R000000044
R000000059/3.580247/0004/R000000026/R000000051
M000000062/1.000000/0000/Sigma_BB-28756175
R000000061/3.580247/0212/M000000062/R000000036
R000000061/5.089163/0004/R000000048/R000000057
R000000060/3.978053/0009/R000000061
R000000060/5.089163/0049/R000000051/R000000040
R000000056/7.807077/0049/R000000059/R000000060
R000000020/7.468375/0147/R000000056
<NEXT>