#
#  Reaction log file
#  Author: LigBuilder V3 User_Diana
#  Creation time: Tue Feb 24 08:26:19 2026
#  Format:
#  QueryMoleculeId/Cost/SynthesizeId/ReactantId1/ReactantId2/ReactantId3.....
#  Id prefix:
#  Q --- Query Molecule
#  M --- Material
#  R --- Reactant
#
Directory      result/synthesize_HsDHODH/205/DATABASE/
#
Q000000001/Analysis Failed
Q000000002/Analysis Failed
Q000000003/8.840117/0000/R000000001
R000000005/1.000000/0000/Guesstimate
R000000006/1.000000/0000/Guesstimate
R000000004/2.222222/0241/R000000005/R000000006
R000000007/1.000000/0000/Guesstimate
R000000008/1.000000/0000/Guesstimate
R000000004/2.222222/0277/R000000007/R000000008
R000000009/1.000000/0000/Guesstimate
R000000003/3.580247/0122/R000000004/R000000009
R000000011/1.000000/0000/Guesstimate
R000000012/1.000000/0000/Guesstimate
R000000010/2.222222/0001/R000000011/R000000012
R000000013/1.000000/0000/Guesstimate
R000000010/2.222222/0002/R000000012/R000000013
R000000015/1.000000/0000/Guesstimate
R000000016/1.000000/0000/Guesstimate
R000000014/2.222222/0012/R000000015/R000000016
R000000017/1.000000/0000/Guesstimate
R000000018/1.000000/0000/Guesstimate
R000000014/2.222222/0095/R000000017/R000000018
R000000003/4.938272/0042/R000000010/R000000014
R000000020/1.000000/0000/Guesstimate
R000000022/1.000000/0000/Guesstimate
R000000023/1.000000/0000/Guesstimate
R000000021/2.222222/0004/R000000022/R000000023
R000000024/1.000000/0000/Guesstimate
R000000025/1.000000/0000/Guesstimate
R000000021/3.333333/0225/R000000024/R000000023/R000000025
R000000019/3.580247/0212/R000000020/R000000021
M000000027/1.000000/0000/Sigma_BB-28484450
R000000026/2.222222/0004/M000000027/R000000023
R000000028/1.000000/0000/Guesstimate
R000000026/3.333333/0225/R000000028/R000000023/R000000025
R000000029/1.000000/0000/Guesstimate
R000000019/3.580247/0212/R000000026/R000000029
R000000002/7.956105/0259/R000000003/R000000019
R000000002/7.956105/0259/R000000003/R000000019
R000000001/8.840117/0041/R000000002
R000000034/1.000000/0000/Guesstimate
R000000035/1.000000/0000/Guesstimate
R000000033/2.222222/0277/R000000034/R000000035
R000000037/1.000000/0000/Guesstimate
R000000036/2.222222/0002/R000000037/R000000012
R000000036/2.222222/0004/R000000037/R000000012
R000000033/2.469136/0197/R000000036
R000000032/3.580247/0095/R000000033/R000000017
R000000032/3.580247/0122/R000000033/R000000005
R000000031/5.089163/0259/R000000032/R000000020
R000000031/5.089163/0259/R000000032/R000000020
R000000030/8.123762/0212/R000000031/R000000021
R000000039/6.447188/0259/R000000033/R000000019
R000000039/6.447188/0259/R000000033/R000000019
R000000038/7.163543/0125/R000000039
R000000038/8.274654/0112/R000000039/R000000013
R000000030/9.070603/0012/R000000038/R000000015
R000000001/9.026402/0059/R000000030
Q000000004/8.840117/0000/R000000001
<NEXT>