#
#  Reaction log file
#  Author: LigBuilder V3 User_Diana
#  Creation time: Tue Feb 24 08:29:38 2026
#  Format:
#  QueryMoleculeId/Cost/SynthesizeId/ReactantId1/ReactantId2/ReactantId3.....
#  Id prefix:
#  Q --- Query Molecule
#  M --- Material
#  R --- Reactant
#
Directory      result/synthesize_HsDHODH/283/DATABASE/
#
Q000000001/Analysis Failed
Q000000002/Analysis Failed
Q000000003/9.331234/0000/R000000001
R000000005/1.000000/0000/Guesstimate
M000000007/1.000000/0000/Sigma_BB-28798940
R000000008/1.000000/0000/Guesstimate
R000000006/2.222222/0112/M000000007/R000000008
R000000009/1.000000/0000/Guesstimate
R000000010/1.000000/0000/Guesstimate
R000000006/2.222222/0112/R000000009/R000000010
R000000004/3.580247/0081/R000000005/R000000006
R000000012/1.000000/0000/Guesstimate
R000000011/2.222222/0112/R000000009/R000000012
R000000011/2.469136/0156/R000000006
R000000004/3.580247/0210/R000000005/R000000011
R000000013/1.000000/0000/Guesstimate
R000000003/5.089163/0004/R000000004/R000000013
R000000015/1.000000/0000/Guesstimate
R000000014/5.089163/0277/R000000004/R000000015
R000000016/1.000000/0000/Guesstimate
R000000014/5.089163/0301/R000000004/R000000016
R000000003/5.654626/0024/R000000014
M000000019/1.000000/0000/Sigma_BB-28779572
R000000020/1.000000/0000/Guesstimate
R000000018/2.222222/0224/M000000019/R000000020
R000000017/2.469136/0004/R000000018
R000000022/1.000000/0000/Guesstimate
M000000023/1.000000/0000/Sigma_BB-28762337
R000000021/2.222222/0224/R000000022/M000000023
R000000017/2.469136/0004/R000000021
R000000002/8.398110/0212/R000000003/R000000017
R000000002/8.398110/0212/R000000003/R000000017
R000000001/9.331234/0024/R000000002
R000000026/1.000000/0000/Guesstimate
R000000025/2.222222/0112/R000000026/R000000008
R000000027/1.000000/0000/Guesstimate
R000000025/2.222222/0112/R000000009/R000000027
M000000030/1.000000/0000/Sigma_BB-28457967
R000000029/3.854596/0212/M000000030/R000000017
R000000029/3.854596/0212/M000000030/R000000017
R000000028/5.393995/0001/R000000013/R000000029
R000000031/1.000000/0000/Guesstimate
R000000028/5.393995/0003/R000000029/R000000031
R000000024/8.462464/0081/R000000025/R000000028
R000000033/1.000000/0000/Guesstimate
R000000032/2.222222/0112/R000000033/R000000008
R000000034/1.000000/0000/Guesstimate
R000000032/2.222222/0112/R000000009/R000000034
R000000024/8.462464/0210/R000000032/R000000028
R000000001/9.402739/0024/R000000024
Q000000004/4.282884/0000/R000000035
R000000039/1.000000/0000/Guesstimate
R000000040/1.000000/0000/Guesstimate
R000000038/2.222222/0277/R000000039/R000000040
R000000037/2.469136/0099/R000000038
R000000042/1.000000/0000/Guesstimate
R000000043/1.000000/0000/Guesstimate
R000000041/2.222222/0004/R000000042/R000000043
R000000037/2.469136/0153/R000000041
M000000044/1.000000/0000/Sigma_BB-28837649
R000000036/3.854596/0003/R000000037/M000000044
R000000047/1.000000/0000/Guesstimate
R000000048/1.000000/0000/Guesstimate
R000000046/2.222222/0279/R000000047/R000000048
R000000046/2.222222/0279/R000000047/R000000048
R000000045/2.469136/0198/R000000046
R000000050/1.000000/0000/Guesstimate
R000000049/2.222222/0285/R000000039/R000000050
R000000045/2.469136/0233/R000000049
R000000051/2.222222/0001/M000000044/R000000013
R000000051/2.222222/0003/M000000044/R000000031
R000000036/5.212621/0042/R000000045/R000000051
R000000035/4.282884/0099/R000000036
R000000054/1.000000/0000/Guesstimate
R000000053/3.580247/0049/R000000041/R000000054
R000000055/8.400000/0000/Guesstimate
R000000053/9.333333/0082/R000000055
M000000056/1.000000/0000/Sigma_BB-70378933
R000000052/5.089163/0012/R000000053/M000000056
R000000058/2.469136/0260/R000000038
R000000057/2.743484/0099/R000000058
R000000059/2.743484/0059/R000000058
R000000060/1.000000/0000/Guesstimate
R000000059/3.854596/0224/R000000058/R000000060
R000000057/3.048316/0188/R000000059
R000000062/2.222222/0142/M000000056/R000000013
M000000063/1.000000/0000/Sigma_BB-28247348
R000000062/2.222222/0206/M000000056/M000000063
R000000061/2.469136/0197/R000000062
R000000065/1.000000/0000/Guesstimate
M000000066/1.000000/0000/Sigma_BB-298198355
R000000064/2.222222/0232/R000000065/M000000066
R000000061/2.469136/0219/R000000064
R000000052/5.791801/0112/R000000057/R000000061
R000000035/5.654626/0059/R000000052
<NEXT>