#
#  Reaction log file
#  Author: LigBuilder V3 User_Diana
#  Creation time: Tue Feb 24 08:30:14 2026
#  Format:
#  QueryMoleculeId/Cost/SynthesizeId/ReactantId1/ReactantId2/ReactantId3.....
#  Id prefix:
#  Q --- Query Molecule
#  M --- Material
#  R --- Reactant
#
Directory      result/synthesize_HsDHODH/297/DATABASE/
#
Q000000001/4.282884/0000/R000000001
M000000005/1.000000/0000/Sigma_BB-28769834
R000000006/1.000000/0000/Guesstimate
R000000004/2.222222/0175/M000000005/R000000006
R000000004/2.222222/0290/M000000005/R000000006
R000000003/2.469136/0139/R000000004
R000000008/1.000000/0000/Guesstimate
M000000009/1.000000/0000/Sigma_BB-89723093
R000000007/2.222222/0276/R000000008/M000000009
R000000007/2.222222/0278/R000000008/M000000009
R000000010/1.000000/0000/Guesstimate
R000000003/3.580247/0231/R000000007/R000000010
R000000011/1.000000/0000/Guesstimate
R000000002/3.854596/0112/R000000003/R000000011
M000000013/1.000000/0000/Sigma_BB-28760327
R000000015/1.000000/0000/Guesstimate
R000000016/1.000000/0000/Guesstimate
R000000014/2.222222/0012/R000000015/R000000016
R000000017/1.000000/0000/Guesstimate
R000000018/1.000000/0000/Guesstimate
R000000014/2.222222/0279/R000000017/R000000018
R000000012/3.580247/0159/M000000013/R000000014
R000000020/1.000000/0000/Guesstimate
R000000019/3.580247/0159/R000000020/R000000014
R000000012/5.089163/0276/R000000008/R000000019
R000000021/1.000000/0000/Guesstimate
R000000002/5.089163/0112/R000000012/R000000021
R000000001/4.282884/0059/R000000002
R000000024/2.222222/0112/M000000005/R000000011
M000000025/1.000000/0000/Sigma_BB-27925058
R000000024/2.222222/0174/M000000025/R000000011
R000000023/2.469136/0059/R000000024
R000000027/1.000000/0000/Guesstimate
R000000026/2.222222/0004/M000000005/R000000027
R000000028/1.000000/0000/Guesstimate
R000000026/3.333333/0225/M000000005/R000000021/R000000028
R000000023/2.469136/0153/R000000026
R000000022/3.854596/0175/R000000023/R000000006
M000000031/1.000000/0000/Sigma_BB-34698116
R000000030/2.222222/0174/M000000031/R000000011
R000000030/2.222222/0289/M000000031/R000000011
R000000029/2.469136/0059/R000000030
R000000032/1.000000/0000/Guesstimate
R000000029/3.580247/0224/R000000030/R000000032
R000000022/3.854596/0276/R000000008/R000000029
R000000001/4.282884/0139/R000000022
Q000000002/5.944217/0000/R000000033
R000000037/1.000000/0000/Guesstimate
R000000036/1.111111/0228/R000000037
R000000036/1.111111/0286/R000000037
R000000038/1.000000/0000/Guesstimate
R000000035/2.345679/0274/R000000036/R000000038
R000000039/1.111111/0198/R000000037
R000000039/2.345679/0274/R000000036/R000000028
R000000040/1.000000/0000/Guesstimate
R000000035/2.345679/0274/R000000039/R000000040
M000000043/1.000000/0000/Sigma_BB-70387628
R000000044/1.000000/0000/Guesstimate
R000000042/2.222222/0174/M000000043/R000000044
R000000042/2.222222/0289/M000000043/R000000044
R000000041/2.469136/0024/R000000042
M000000046/1.000000/0000/Sigma_BB-28766599
R000000045/2.222222/0174/M000000046/R000000044
R000000045/2.222222/0289/M000000046/R000000044
R000000041/2.469136/0041/R000000045
R000000034/5.349795/0003/R000000035/R000000041
R000000048/1.000000/0000/Guesstimate
R000000047/3.717421/0112/R000000035/R000000048
R000000050/1.000000/0000/Guesstimate
R000000049/3.717421/0004/R000000035/R000000050
R000000047/4.130468/0009/R000000049
R000000052/2.743484/0093/R000000041
R000000053/1.000000/0000/Guesstimate
M000000055/1.000000/0000/Sigma_BB-28830210
R000000054/2.222222/0112/M000000055/R000000044
M000000056/1.000000/0000/Sigma_BB-28766408
R000000054/2.222222/0174/M000000056/R000000044
R000000052/3.580247/0004/R000000053/R000000054
R000000051/3.048316/0085/R000000052
R000000057/1.000000/0000/Guesstimate
R000000051/3.580247/0004/R000000057/R000000054
R000000034/7.517487/0049/R000000047/R000000051
R000000033/5.944217/0099/R000000034
R000000059/3.717421/0004/R000000035/R000000057
R000000060/3.717421/0004/R000000035/R000000053
R000000061/1.000000/0000/Guesstimate
R000000060/4.828533/0225/R000000035/R000000061/R000000028
R000000059/4.130468/0085/R000000060
M000000064/1.000000/0000/Sigma_BB-181079878
R000000063/1.111111/0041/M000000064
R000000063/2.222222/0112/R000000048/M000000055
R000000062/2.345679/0112/R000000063/R000000044
R000000065/2.222222/0112/M000000064/R000000044
M000000066/1.000000/0000/Sigma_BB-27737593
R000000065/2.222222/0174/M000000066/R000000044
R000000062/2.469136/0041/R000000065
R000000058/6.736778/0049/R000000059/R000000062
R000000067/4.130468/0040/R000000047
R000000058/7.058546/0003/R000000067/R000000054
R000000033/7.485310/0099/R000000058
Q000000003/4.282884/0000/R000000068
M000000072/1.000000/0000/Sigma_BB-28515735
R000000073/1.000000/0000/Guesstimate
R000000071/2.222222/0003/M000000072/R000000073
R000000070/2.469136/0099/R000000071
R000000074/3.580247/0231/R000000007/R000000016
R000000074/3.854596/0279/R000000003/R000000016
R000000070/3.978053/0041/R000000074
R000000075/1.000000/0000/Guesstimate
R000000069/3.854596/0112/R000000070/R000000075
R000000077/2.222222/0112/M000000072/R000000075
R000000077/2.222222/0174/M000000005/R000000075
R000000078/1.000000/0000/Guesstimate
R000000076/3.580247/0003/R000000077/R000000078
M000000080/1.000000/0000/Sigma_BB-30393366
R000000081/1.000000/0000/Guesstimate
R000000079/2.222222/0175/M000000080/R000000081
R000000079/2.222222/0290/M000000080/R000000081
R000000076/3.580247/0003/R000000079/R000000040
R000000082/1.000000/0000/Guesstimate
R000000069/5.089163/0122/R000000076/R000000082
R000000068/4.282884/0059/R000000069
M000000086/1.000000/0000/Sigma_BB-187233452
R000000085/2.222222/0276/R000000008/M000000086
R000000085/2.222222/0278/R000000008/M000000086
R000000084/3.580247/0175/R000000085/R000000081
R000000088/1.000000/0000/Guesstimate
R000000087/3.580247/0175/R000000085/R000000088
R000000087/3.580247/0290/R000000085/R000000088
R000000084/3.978053/0217/R000000087
R000000089/1.000000/0000/Guesstimate
R000000083/5.089163/0122/R000000084/R000000089
R000000083/5.089163/0122/R000000084/R000000089
R000000068/5.654626/0041/R000000083
<NEXT>