#
#  Reaction log file
#  Author: LigBuilder V3 User_Diana
#  Creation time: Tue Feb 24 08:16:06 2026
#  Format:
#  QueryMoleculeId/Cost/SynthesizeId/ReactantId1/ReactantId2/ReactantId3.....
#  Id prefix:
#  Q --- Query Molecule
#  M --- Material
#  R --- Reactant
#
Directory      result/synthesize_HsDHODH/65/DATABASE/
#
Q000000001/5.531170/0000/R000000001
R000000004/1.000000/0000/Guesstimate
R000000006/1.000000/0000/Guesstimate
R000000007/1.000000/0000/Guesstimate
R000000005/2.222222/0003/R000000006/R000000007
R000000008/1.000000/0000/Guesstimate
R000000009/1.000000/0000/Guesstimate
R000000005/2.222222/0122/R000000008/R000000009
R000000003/3.580247/0261/R000000004/R000000005
R000000002/3.978053/0099/R000000003
R000000012/1.000000/0000/Guesstimate
R000000011/3.333333/0261/R000000004/R000000008/R000000012
R000000013/1.000000/0000/Guesstimate
R000000010/4.814815/0122/R000000011/R000000013
R000000015/1.000000/0000/Guesstimate
R000000014/3.333333/0261/R000000004/R000000008/R000000015
R000000016/1.000000/0000/Guesstimate
R000000010/4.814815/0285/R000000014/R000000016
R000000002/5.349795/0122/R000000010
R000000017/1.000000/0000/Guesstimate
R000000001/5.531170/0003/R000000002/R000000017
R000000020/4.420059/0118/R000000002
R000000021/1.000000/0000/Guesstimate
R000000020/5.531170/0112/R000000002/R000000021
R000000019/4.911177/0257/R000000020
R000000022/1.000000/0000/Guesstimate
R000000018/6.567974/0049/R000000019/R000000022
R000000024/5.531170/0301/R000000002/R000000013
R000000024/5.531170/0301/R000000002/R000000013
R000000023/6.145744/0257/R000000024
R000000025/1.000000/0000/Guesstimate
R000000018/7.939716/0112/R000000023/R000000025
R000000001/7.297749/0041/R000000018
Q000000002/5.531170/0000/R000000001
Q000000003/5.531170/0000/R000000001
<NEXT>