#
#  Reaction log file
#  Author: LigBuilder V3 User_Diana
#  Creation time: Tue Feb 24 08:17:28 2026
#  Format:
#  QueryMoleculeId/Cost/SynthesizeId/ReactantId1/ReactantId2/ReactantId3.....
#  Id prefix:
#  Q --- Query Molecule
#  M --- Material
#  R --- Reactant
#
Directory      result/synthesize_HsDHODH/83/DATABASE/
#
Q000000001/5.531170/0000/R000000001
M000000004/1.000000/0000/Sigma_BB-28777079
R000000003/1.111111/0197/M000000004
R000000005/1.000000/0000/Guesstimate
R000000003/1.111111/0228/R000000005
M000000008/1.000000/0000/Sigma_BB-292901132
R000000009/1.000000/0000/Guesstimate
R000000007/2.222222/0004/M000000008/R000000009
M000000010/1.000000/0000/Sigma_BB-117837614
R000000011/1.000000/0000/Guesstimate
R000000007/3.333333/0225/M000000010/R000000009/R000000011
R000000006/2.469136/0204/R000000007
R000000013/1.000000/0000/Guesstimate
R000000012/2.222222/0002/R000000013/R000000009
R000000012/2.222222/0004/R000000013/R000000009
M000000014/1.000000/0000/Sigma_BB-30752893
R000000006/3.580247/0212/R000000012/M000000014
R000000002/3.978053/0122/R000000003/R000000006
R000000002/3.978053/0122/R000000003/R000000006
R000000015/1.000000/0000/Guesstimate
R000000001/5.531170/0050/R000000002/R000000015
R000000019/1.000000/0000/Guesstimate
R000000018/2.222222/0004/M000000008/R000000019
R000000018/3.333333/0225/M000000010/R000000019/R000000011
R000000017/2.469136/0204/R000000018
R000000020/2.222222/0002/R000000013/R000000019
R000000020/2.222222/0004/R000000013/R000000019
R000000017/3.580247/0212/R000000020/M000000014
R000000016/3.978053/0122/R000000003/R000000017
R000000016/3.978053/0122/R000000003/R000000017
R000000001/5.531170/0051/R000000016/R000000015
Q000000002/5.531170/0000/R000000001
Q000000003/5.531170/0000/R000000001
<NEXT>