#
#  Reaction log file
#  Author: LigBuilder V3 User_Diana
#  Creation time: Tue Feb 24 08:23:46 2026
#  Format:
#  QueryMoleculeId/Cost/SynthesizeId/ReactantId1/ReactantId2/ReactantId3.....
#  Id prefix:
#  Q --- Query Molecule
#  M --- Material
#  R --- Reactant
#
Directory      result/synthesize_HsDHODH/153/DATABASE/
#
Q000000001/5.531170/0000/R000000001
M000000005/1.000000/0000/Sigma_BB-28762337
R000000006/1.000000/0000/Guesstimate
R000000004/2.222222/0001/M000000005/R000000006
R000000007/1.000000/0000/Guesstimate
R000000004/2.222222/0004/M000000005/R000000007
R000000008/1.000000/0000/Guesstimate
R000000003/3.580247/0259/R000000004/R000000008
R000000003/3.580247/0259/R000000004/R000000008
R000000002/3.978053/0041/R000000003
R000000011/1.000000/0000/Guesstimate
R000000010/3.580247/0259/R000000004/R000000011
R000000010/3.580247/0259/R000000004/R000000011
R000000009/3.978053/0198/R000000010
R000000013/1.000000/0000/Guesstimate
R000000012/3.580247/0259/R000000004/R000000013
R000000012/3.580247/0259/R000000004/R000000013
R000000009/3.978053/0198/R000000012
R000000002/4.420059/0155/R000000009
R000000014/1.000000/0000/Guesstimate
R000000001/5.531170/0018/R000000002/R000000014
R000000017/5.089163/0018/R000000010/R000000014
R000000018/1.000000/0000/Guesstimate
R000000016/6.765737/0119/R000000017/R000000018
R000000016/6.765737/0280/R000000017/R000000018
R000000015/7.517486/0228/R000000016
R000000020/5.089163/0018/R000000012/R000000014
R000000019/6.765737/0119/R000000020/R000000018
R000000019/6.765737/0280/R000000020/R000000018
R000000015/7.517486/0228/R000000019
R000000001/8.352762/0024/R000000015
Q000000002/5.531170/0000/R000000001
Q000000003/6.022288/0000/R000000021
R000000024/2.469136/0204/R000000004
M000000026/1.000000/0000/Sigma_BB-117963123
R000000025/1.111111/0155/M000000026
R000000027/1.000000/0000/Guesstimate
R000000025/2.222222/0224/R000000008/R000000027
R000000023/3.978053/0259/R000000024/R000000025
R000000028/3.978053/0204/R000000003
R000000023/5.531170/0224/R000000028/R000000027
R000000022/4.420059/0040/R000000023
R000000030/3.580247/0119/R000000004/R000000018
R000000030/3.580247/0280/R000000004/R000000018
R000000029/5.212621/0259/R000000030/R000000025
R000000031/5.089163/0119/R000000003/R000000018
R000000031/5.089163/0280/R000000003/R000000018
R000000029/6.765737/0224/R000000031/R000000027
R000000022/5.791801/0024/R000000029
R000000021/6.022288/0018/R000000022/R000000014
R000000032/6.902912/0018/R000000029/R000000014
R000000034/5.089163/0018/R000000030/R000000014
R000000035/1.111111/0040/R000000008
R000000036/1.000000/0000/Guesstimate
R000000037/1.000000/0000/Guesstimate
R000000035/2.222222/0004/R000000036/R000000037
R000000033/6.889194/0259/R000000034/R000000035
R000000038/6.765737/0018/R000000031/R000000014
R000000038/8.352762/0257/R000000015
R000000033/7.517486/0040/R000000038
M000000039/1.000000/0000/Sigma_BB-30449352
R000000032/8.765771/0212/R000000033/M000000039
R000000021/7.669903/0024/R000000032
<NEXT>