#
#  Reaction log file
#  Author: LigBuilder V3 User_Diana
#  Creation time: Tue Feb 24 08:17:19 2026
#  Format:
#  QueryMoleculeId/Cost/SynthesizeId/ReactantId1/ReactantId2/ReactantId3.....
#  Id prefix:
#  Q --- Query Molecule
#  M --- Material
#  R --- Reactant
#
Directory      result/synthesize_HsDHODH/84/DATABASE/
#
Q000000001/5.944217/0000/R000000001
M000000004/1.000000/0000/Sigma_BB-28777079
R000000003/1.111111/0197/M000000004
R000000005/1.000000/0000/Guesstimate
R000000003/1.111111/0228/R000000005
R000000008/1.000000/0000/Guesstimate
R000000009/1.000000/0000/Guesstimate
R000000007/2.222222/0002/R000000008/R000000009
R000000007/2.222222/0004/R000000008/R000000009
M000000011/1.000000/0000/Sigma_BB-238520503
R000000010/1.111111/0093/M000000011
R000000012/1.000000/0000/Guesstimate
M000000013/1.000000/0000/Sigma_BB-28778169
R000000010/2.222222/0004/R000000012/M000000013
R000000006/3.703704/0212/R000000007/R000000010
R000000006/3.703704/0212/R000000007/R000000010
R000000002/5.349795/0122/R000000003/R000000006
R000000002/5.349795/0122/R000000003/R000000006
R000000001/5.944217/0041/R000000002
R000000017/1.000000/0000/Guesstimate
R000000016/2.222222/0002/R000000008/R000000017
R000000016/2.222222/0004/R000000008/R000000017
R000000018/1.234568/0041/R000000010
M000000019/1.000000/0000/Sigma_BB-31122960
R000000018/2.222222/0004/R000000012/M000000019
R000000015/3.840878/0212/R000000016/R000000018
R000000015/3.840878/0212/R000000016/R000000018
R000000014/5.502211/0122/R000000003/R000000015
R000000014/5.502211/0122/R000000003/R000000015
R000000020/1.000000/0000/Guesstimate
R000000001/7.224679/0050/R000000014/R000000020
Q000000002/5.944217/0000/R000000001
Q000000003/7.241614/0000/R000000021
R000000024/2.469136/0086/R000000016
R000000024/2.469136/0091/R000000016
M000000025/1.000000/0000/Sigma_BB-61879310
R000000023/3.854596/0175/R000000024/M000000025
M000000027/1.000000/0000/Sigma_BB-128841890
R000000026/3.580247/0212/R000000016/M000000027
R000000026/3.580247/0212/R000000016/M000000027
R000000023/3.978053/0041/R000000026
R000000022/5.517452/0122/R000000003/R000000023
R000000022/5.517452/0122/R000000003/R000000023
R000000021/7.241614/0050/R000000022/R000000020
R000000029/5.089163/0050/R000000026/R000000020
M000000031/1.000000/0000/Sigma_BB-28398289
R000000030/3.580247/0212/R000000007/M000000031
R000000030/3.580247/0212/R000000007/M000000031
R000000032/1.000000/0000/Guesstimate
R000000029/5.089163/0112/R000000030/R000000032
R000000028/6.889194/0122/R000000003/R000000029
R000000028/6.889194/0122/R000000003/R000000029
R000000021/7.654660/0041/R000000028
Q000000004/5.531170/0000/R000000033
M000000037/1.000000/0000/Sigma_BB-292901132
R000000038/1.000000/0000/Guesstimate
R000000036/2.222222/0004/M000000037/R000000038
M000000039/1.000000/0000/Sigma_BB-117837614
R000000040/1.000000/0000/Guesstimate
R000000036/3.333333/0225/M000000039/R000000038/R000000040
R000000035/2.469136/0204/R000000036
R000000041/2.222222/0002/R000000008/R000000038
R000000041/2.222222/0004/R000000008/R000000038
M000000042/1.000000/0000/Sigma_BB-30752893
R000000035/3.580247/0212/R000000041/M000000042
R000000034/3.978053/0122/R000000003/R000000035
R000000034/3.978053/0122/R000000003/R000000035
R000000033/5.531170/0051/R000000034/R000000020
R000000044/3.978053/0059/R000000026
M000000046/1.000000/0000/Sigma_BB-27358118
R000000045/3.854596/0112/R000000024/M000000046
M000000047/1.000000/0000/Sigma_BB-27948306
R000000045/3.854596/0174/R000000024/M000000047
R000000044/4.282884/0147/R000000045
R000000043/5.654626/0122/R000000003/R000000044
R000000043/5.654626/0122/R000000003/R000000044
R000000033/7.394030/0050/R000000043/R000000020
<NEXT>