#
#  Reaction log file
#  Author: LigBuilder V3 User_Diana
#  Creation time: Tue Feb 24 08:26:27 2026
#  Format:
#  QueryMoleculeId/Cost/SynthesizeId/ReactantId1/ReactantId2/ReactantId3.....
#  Id prefix:
#  Q --- Query Molecule
#  M --- Material
#  R --- Reactant
#
Directory      result/synthesize_HsDHODH/197/DATABASE/
#
Q000000001/4.007011/0000/R000000001
M000000005/1.000000/0000/Sigma_BB-28514183
R000000004/1.111111/0125/M000000005
R000000006/1.000000/0000/Guesstimate
R000000004/2.222222/0112/M000000005/R000000006
R000000007/1.000000/0000/Guesstimate
R000000003/2.345679/0012/R000000004/R000000007
R000000003/2.345679/0146/R000000004/R000000007
R000000002/2.606310/0041/R000000003
R000000009/1.234568/0040/R000000004
R000000010/1.000000/0000/Guesstimate
M000000011/1.000000/0000/Sigma_BB-28769739
R000000009/2.222222/0276/R000000010/M000000011
R000000012/1.000000/0000/Guesstimate
R000000008/2.482853/0003/R000000009/R000000012
R000000014/1.000000/0000/Guesstimate
R000000013/2.222222/0112/M000000005/R000000014
M000000015/1.000000/0000/Sigma_BB-28769834
R000000013/2.222222/0174/M000000015/R000000014
R000000016/1.000000/0000/Guesstimate
R000000008/3.580247/0011/R000000013/R000000016
R000000002/2.758726/0099/R000000008
R000000017/1.000000/0000/Guesstimate
R000000001/4.007011/0004/R000000002/R000000017
R000000021/1.000000/0000/Guesstimate
R000000020/2.222222/0175/M000000015/R000000021
R000000020/2.222222/0290/M000000015/R000000021
R000000022/1.000000/0000/Guesstimate
R000000019/3.580247/0003/R000000020/R000000022
R000000023/2.469136/0125/R000000020
R000000023/3.580247/0112/R000000020/R000000006
R000000024/1.000000/0000/Guesstimate
R000000019/3.854596/0049/R000000023/R000000024
R000000018/5.089163/0122/R000000019/R000000012
R000000018/5.089163/0122/R000000019/R000000012
R000000001/5.654626/0024/R000000018
Q000000002/3.854596/0000/R000000025
R000000028/1.000000/0000/Guesstimate
R000000027/2.222222/0003/M000000005/R000000028
M000000029/1.000000/0000/Sigma_BB-34700957
R000000027/2.345679/0049/R000000004/M000000029
R000000026/2.469136/0099/R000000027
R000000031/1.000000/0000/Guesstimate
R000000030/2.482853/0003/R000000009/R000000031
R000000032/1.371742/0091/R000000009
R000000033/1.000000/0000/Guesstimate
R000000030/2.635269/0112/R000000032/R000000033
R000000026/2.758726/0099/R000000030
R000000025/3.854596/0004/R000000026/R000000017
R000000034/5.089163/0122/R000000019/R000000031
R000000034/5.089163/0122/R000000019/R000000031
R000000025/5.654626/0024/R000000034
Q000000003/3.854596/0000/R000000025
Q000000004/Analysis Failed
<NEXT>