#
#  Reaction log file
#  Author: LigBuilder V3 User_Diana
#  Creation time: Tue Feb 24 08:15:14 2026
#  Format:
#  QueryMoleculeId/Cost/SynthesizeId/ReactantId1/ReactantId2/ReactantId3.....
#  Id prefix:
#  Q --- Query Molecule
#  M --- Material
#  R --- Reactant
#
Directory      result/synthesize_HsDHODH/61/DATABASE/
#
Q000000001/4.420059/0000/R000000001
R000000004/1.000000/0000/Guesstimate
R000000006/1.000000/0000/Guesstimate
R000000007/1.000000/0000/Guesstimate
R000000005/2.222222/0003/R000000006/R000000007
R000000008/1.000000/0000/Guesstimate
R000000009/1.000000/0000/Guesstimate
R000000005/2.222222/0095/R000000008/R000000009
R000000003/3.580247/0261/R000000004/R000000005
R000000011/1.000000/0000/Guesstimate
R000000010/3.580247/0261/R000000011/R000000005
R000000012/1.000000/0000/Guesstimate
R000000003/5.089163/0301/R000000010/R000000012
R000000002/3.978053/0099/R000000003
R000000015/1.000000/0000/Guesstimate
R000000016/1.000000/0000/Guesstimate
R000000014/3.333333/0261/R000000004/R000000015/R000000016
R000000013/3.703704/0122/R000000014
R000000017/1.000000/0000/Guesstimate
R000000002/5.226338/0112/R000000013/R000000017
R000000001/4.420059/0041/R000000002
R000000021/1.000000/0000/Guesstimate
R000000020/3.333333/0261/R000000004/R000000021/R000000016
R000000019/3.703704/0122/R000000020
R000000022/1.000000/0000/Guesstimate
R000000018/5.226338/0277/R000000019/R000000022
R000000001/5.807042/0099/R000000018
Q000000002/5.807042/0000/R000000023
R000000027/1.000000/0000/Guesstimate
R000000028/1.000000/0000/Guesstimate
R000000026/3.333333/0261/R000000027/R000000028/R000000007
R000000025/3.703704/0003/R000000026
R000000029/3.580247/0261/R000000027/R000000005
R000000029/5.089163/0301/R000000010/R000000022
R000000025/3.978053/0041/R000000029
R000000030/1.000000/0000/Guesstimate
R000000024/5.226338/0277/R000000025/R000000030
R000000032/3.580247/0277/R000000005/R000000030
R000000031/3.978053/0041/R000000032
R000000034/1.000000/0000/Guesstimate
R000000035/1.000000/0000/Guesstimate
R000000033/3.333333/0225/R000000028/R000000034/R000000035
R000000033/3.333333/0225/R000000028/R000000034/R000000035
R000000036/1.000000/0000/Guesstimate
R000000031/4.814815/0042/R000000033/R000000036
R000000024/5.531170/0261/R000000027/R000000031
R000000023/5.807042/0099/R000000024
R000000040/1.000000/0000/Guesstimate
R000000039/3.333333/0261/R000000027/R000000040/R000000016
R000000038/3.703704/0041/R000000039
R000000042/1.000000/0000/Guesstimate
R000000043/1.000000/0000/Guesstimate
R000000041/3.333333/0261/R000000042/R000000043/R000000016
R000000038/3.703704/0041/R000000041
R000000044/1.000000/0000/Guesstimate
R000000037/5.226338/0122/R000000038/R000000044
R000000047/1.000000/0000/Guesstimate
R000000048/1.000000/0000/Guesstimate
R000000046/2.222222/0274/R000000047/R000000048
R000000050/1.000000/0000/Guesstimate
R000000051/1.000000/0000/Guesstimate
R000000049/2.222222/0122/R000000050/R000000051
R000000049/2.222222/0122/R000000044/R000000051
R000000045/4.938272/0279/R000000046/R000000049
R000000045/4.938272/0279/R000000046/R000000049
R000000037/6.598080/0119/R000000045/R000000027
R000000023/5.807042/0122/R000000037
Q000000003/4.420059/0000/R000000001
<NEXT>