#
#  Reaction log file
#  Author: LigBuilder V3 User_Diana
#  Creation time: Tue Feb 24 08:16:31 2026
#  Format:
#  QueryMoleculeId/Cost/SynthesizeId/ReactantId1/ReactantId2/ReactantId3.....
#  Id prefix:
#  Q --- Query Molecule
#  M --- Material
#  R --- Reactant
#
Directory      result/synthesize_HsDHODH/69/DATABASE/
#
Q000000001/Analysis Failed
Q000000002/Analysis Failed
Q000000003/9.144949/0000/R000000001
R000000005/1.000000/0000/Guesstimate
R000000007/1.000000/0000/Guesstimate
R000000010/1.000000/0000/Guesstimate
R000000011/1.000000/0000/Guesstimate
R000000009/2.222222/0256/R000000010/R000000011
R000000008/2.469136/0295/R000000009
R000000013/1.000000/0000/Guesstimate
R000000014/1.000000/0000/Guesstimate
R000000012/2.222222/0256/R000000013/R000000014
R000000008/2.469136/0295/R000000012
R000000006/3.854596/0275/R000000007/R000000008
R000000015/1.000000/0000/Guesstimate
R000000016/1.000000/0000/Guesstimate
R000000006/4.965707/0225/R000000008/R000000015/R000000016
R000000004/5.393995/0279/R000000005/R000000006
R000000004/5.393995/0279/R000000005/R000000006
R000000003/5.993328/0139/R000000004
R000000018/1.000000/0000/Guesstimate
R000000019/4.282884/0139/R000000006
R000000021/1.000000/0000/Guesstimate
R000000020/4.965707/0225/R000000008/R000000021/R000000016
R000000019/5.517452/0150/R000000020
R000000017/5.869872/0279/R000000018/R000000019
R000000017/5.869872/0279/R000000018/R000000019
R000000003/6.522080/0155/R000000017
R000000023/1.000000/0000/Guesstimate
R000000024/1.000000/0000/Guesstimate
R000000022/2.222222/0224/R000000023/R000000024
R000000026/1.000000/0000/Guesstimate
R000000025/2.222222/0224/R000000023/R000000026
R000000028/1.000000/0000/Guesstimate
R000000029/1.000000/0000/Guesstimate
R000000027/2.222222/0224/R000000028/R000000029
R000000031/1.000000/0000/Guesstimate
R000000030/2.222222/0224/R000000028/R000000031
R000000027/2.469136/0147/R000000030
R000000032/1.000000/0000/Guesstimate
R000000025/3.580247/0004/R000000027/R000000032
R000000022/2.469136/0197/R000000025
R000000002/9.128389/0301/R000000003/R000000022
R000000002/9.128389/0301/R000000003/R000000022
R000000001/9.128389/0279/R000000002
R000000001/9.128389/0279/R000000002
Q000000004/9.144949/0000/R000000001
<NEXT>