#
#  Reaction log file
#  Author: LigBuilder V3 User_Diana
#  Creation time: Tue Feb 24 08:27:37 2026
#  Format:
#  QueryMoleculeId/Cost/SynthesizeId/ReactantId1/ReactantId2/ReactantId3.....
#  Id prefix:
#  Q --- Query Molecule
#  M --- Material
#  R --- Reactant
#
Directory      result/synthesize_HsDHODH/233/DATABASE/
#
Q000000001/Analysis Failed
Q000000002/4.572474/0000/R000000001
M000000005/1.000000/0000/Sigma_BB-292608452
R000000004/1.111111/0296/M000000005
R000000004/1.111111/0296/M000000005
R000000003/1.234568/0093/R000000004
R000000006/1.111111/0093/M000000005
M000000007/1.000000/0000/Sigma_BB-28247348
R000000006/2.222222/0212/M000000005/M000000007
R000000003/1.234568/0296/R000000006
R000000010/1.000000/0000/Guesstimate
R000000011/1.000000/0000/Guesstimate
R000000009/2.222222/0276/R000000010/R000000011
R000000009/2.222222/0278/R000000010/R000000011
R000000008/2.469136/0276/R000000009
R000000012/2.222222/0276/R000000010/R000000011
R000000012/2.222222/0278/R000000010/R000000011
R000000008/2.469136/0276/R000000012
R000000002/4.115227/0231/R000000003/R000000008
M000000015/1.000000/0000/Sigma_BB-30480801
R000000016/1.000000/0000/Guesstimate
R000000014/2.222222/0175/M000000015/R000000016
R000000014/2.222222/0290/M000000015/R000000016
R000000013/2.469136/0139/R000000014
R000000018/1.000000/0000/Guesstimate
R000000017/2.345679/0231/R000000004/R000000018
R000000013/2.606310/0093/R000000017
R000000002/5.486969/0279/R000000013/R000000008
R000000001/4.572474/0090/R000000002
M000000022/1.000000/0000/Sigma_BB-316039288
R000000021/1.111111/0125/M000000022
R000000023/1.000000/0000/Guesstimate
R000000021/2.222222/0112/M000000022/R000000023
R000000024/1.000000/0000/Guesstimate
R000000020/2.345679/0004/R000000021/R000000024
M000000027/1.000000/0000/Sigma_BB-161564803
R000000026/1.111111/0093/M000000027
R000000026/2.222222/0004/M000000022/R000000024
R000000028/1.000000/0000/Guesstimate
R000000025/2.345679/0004/R000000026/R000000028
R000000020/2.606310/0009/R000000025
R000000031/1.000000/0000/Guesstimate
R000000030/2.222222/0276/R000000031/R000000011
R000000030/2.222222/0278/R000000031/R000000011
R000000029/2.469136/0276/R000000030
R000000032/2.222222/0276/R000000031/R000000011
R000000032/2.222222/0278/R000000031/R000000011
R000000029/2.469136/0276/R000000032
R000000019/5.349795/0256/R000000020/R000000029
R000000001/5.944217/0155/R000000019
Q000000003/4.572474/0000/R000000001
<NEXT>