#
#  Reaction log file
#  Author: LigBuilder V3 User_Diana
#  Creation time: Tue Feb 24 08:15:09 2026
#  Format:
#  QueryMoleculeId/Cost/SynthesizeId/ReactantId1/ReactantId2/ReactantId3.....
#  Id prefix:
#  Q --- Query Molecule
#  M --- Material
#  R --- Reactant
#
Directory      result/synthesize_HsDHODH/37/DATABASE/
#
Q000000001/3.717421/0000/R000000001
M000000004/1.000000/0000/Sigma_BB-28769834
R000000003/1.111111/0114/M000000004
R000000006/1.000000/0000/Guesstimate
M000000007/1.000000/0000/Sigma_BB-38275857
R000000005/2.222222/0276/R000000006/M000000007
R000000005/2.222222/0278/R000000006/M000000007
R000000003/2.469136/0155/R000000005
R000000008/1.000000/0000/Guesstimate
R000000002/2.345679/0122/R000000003/R000000008
R000000010/1.000000/0000/Guesstimate
R000000009/2.222222/0175/M000000004/R000000010
M000000012/1.000000/0000/Sigma_BB-73196517
R000000011/1.111111/0287/M000000012
M000000013/1.000000/0000/Sigma_BB-187814628
R000000011/2.222222/0175/M000000013/R000000010
R000000009/2.345679/0276/R000000006/R000000011
R000000002/2.469136/0139/R000000009
R000000014/1.000000/0000/Guesstimate
R000000001/3.717421/0004/R000000002/R000000014
M000000018/1.000000/0000/Sigma_BB-27925058
R000000017/1.111111/0114/M000000018
M000000019/1.000000/0000/Sigma_BB-70678580
R000000017/1.111111/0197/M000000019
R000000016/2.345679/0122/R000000017/R000000008
R000000020/2.222222/0175/M000000018/R000000010
R000000021/1.000000/0000/Guesstimate
R000000020/2.222222/0212/M000000019/R000000021
R000000016/2.469136/0139/R000000020
R000000022/1.000000/0000/Guesstimate
R000000015/3.717421/0175/R000000016/R000000022
R000000024/2.222222/0175/M000000018/R000000022
M000000025/1.000000/0000/Sigma_BB-73073887
R000000024/2.222222/0276/R000000006/M000000025
R000000023/2.469136/0114/R000000024
R000000026/2.345679/0004/R000000003/R000000014
R000000027/1.000000/0000/Guesstimate
R000000028/1.000000/0000/Guesstimate
R000000026/3.456790/0225/R000000003/R000000027/R000000028
R000000029/1.000000/0000/Guesstimate
R000000023/3.717421/0119/R000000026/R000000029
R000000015/3.854596/0122/R000000023/R000000008
R000000001/4.130468/0024/R000000015
Q000000002/Analysis Failed
Q000000003/Analysis Failed
<NEXT>