#
#  Reaction log file
#  Author: LigBuilder V3 User_Diana
#  Creation time: Tue Feb 24 08:23:26 2026
#  Format:
#  QueryMoleculeId/Cost/SynthesizeId/ReactantId1/ReactantId2/ReactantId3.....
#  Id prefix:
#  Q --- Query Molecule
#  M --- Material
#  R --- Reactant
#
Directory      result/synthesize_HsDHODH/136/DATABASE/
#
Q000000001/8.781013/0000/R000000001
M000000005/1.000000/0000/Sigma_BB-27195523
R000000004/1.111111/0086/M000000005
R000000004/1.111111/0091/M000000005
R000000008/1.000000/0000/Guesstimate
R000000009/1.000000/0000/Guesstimate
R000000007/2.222222/0112/R000000008/R000000009
M000000010/1.000000/0000/Sigma_BB-28777622
R000000011/1.000000/0000/Guesstimate
R000000007/2.222222/0277/M000000010/R000000011
R000000012/1.000000/0000/Guesstimate
R000000006/3.580247/0003/R000000007/R000000012
M000000014/1.000000/0000/Sigma_BB-30407107
R000000013/3.580247/0301/R000000007/M000000014
R000000013/3.580247/0301/R000000007/M000000014
R000000006/3.978053/0009/R000000013
R000000003/5.212621/0259/R000000004/R000000006
R000000003/5.212621/0259/R000000004/R000000006
R000000015/1.000000/0000/Guesstimate
R000000002/6.902912/0112/R000000003/R000000015
M000000016/1.000000/0000/Sigma_BB-28711526
R000000001/8.781013/0012/R000000002/M000000016
R000000020/1.000000/0000/Guesstimate
R000000021/1.000000/0000/Guesstimate
R000000019/2.222222/0049/R000000020/R000000021
R000000022/1.000000/0000/Guesstimate
R000000023/1.000000/0000/Guesstimate
R000000019/2.222222/0112/R000000022/R000000023
R000000026/1.000000/0000/Guesstimate
R000000027/1.000000/0000/Guesstimate
R000000025/2.222222/0277/R000000026/R000000027
R000000025/3.978053/0197/R000000006
R000000024/3.580247/0112/R000000025/R000000023
R000000029/1.000000/0000/Guesstimate
R000000028/3.580247/0112/R000000025/R000000029
R000000028/3.978053/0091/R000000006
R000000024/3.978053/0079/R000000028
R000000018/6.447188/0259/R000000019/R000000024
R000000018/6.447188/0259/R000000019/R000000024
R000000017/8.274654/0012/R000000018/M000000016
R000000032/1.000000/0000/Guesstimate
R000000031/5.089163/0259/R000000032/R000000024
R000000031/5.089163/0259/R000000032/R000000024
R000000030/5.654626/0155/R000000031
R000000034/1.000000/0000/Guesstimate
R000000033/5.089163/0259/R000000034/R000000024
R000000033/5.089163/0259/R000000034/R000000024
R000000030/5.654626/0228/R000000033
R000000037/1.000000/0000/Guesstimate
M000000038/1.000000/0000/Sigma_BB-28775904
R000000036/2.222222/0112/R000000037/M000000038
R000000035/2.469136/0112/R000000036
R000000041/1.000000/0000/Guesstimate
R000000042/1.000000/0000/Guesstimate
R000000040/2.222222/0001/R000000041/R000000042
M000000043/1.000000/0000/Sigma_BB-28247348
R000000044/1.000000/0000/Guesstimate
R000000040/2.222222/0003/M000000043/R000000044
R000000045/1.000000/0000/Guesstimate
R000000039/3.580247/0285/R000000040/R000000045
R000000039/3.580247/0285/R000000040/R000000045
R000000035/3.978053/0003/R000000039
R000000017/9.026402/0095/R000000030/R000000035
R000000001/9.194060/0040/R000000017
Q000000002/Analysis Failed
Q000000003/Analysis Failed
<NEXT>