#
#  Reaction log file
#  Author: LigBuilder V3 User_Diana
#  Creation time: Tue Feb 24 08:27:44 2026
#  Format:
#  QueryMoleculeId/Cost/SynthesizeId/ReactantId1/ReactantId2/ReactantId3.....
#  Id prefix:
#  Q --- Query Molecule
#  M --- Material
#  R --- Reactant
#
Directory      result/synthesize_HsDHODH/245/DATABASE/
#
Q000000001/4.282884/0000/R000000001
M000000005/1.000000/0000/Sigma_BB-28766388
M000000006/1.000000/0000/Sigma_BB-30924817
R000000004/2.222222/0231/M000000005/M000000006
R000000003/2.469136/0179/R000000004
M000000007/1.000000/0000/Sigma_BB-28785291
R000000009/1.000000/0000/Guesstimate
R000000010/1.000000/0000/Guesstimate
R000000008/2.222222/0279/R000000009/R000000010
R000000008/2.222222/0279/R000000009/R000000010
R000000003/3.580247/0159/M000000007/R000000008
R000000011/1.000000/0000/Guesstimate
R000000002/3.854596/0119/R000000003/R000000011
R000000015/1.000000/0000/Guesstimate
R000000014/2.222222/0279/R000000015/R000000010
R000000014/2.222222/0279/R000000015/R000000010
R000000016/1.000000/0000/Guesstimate
R000000013/3.580247/0224/R000000014/R000000016
R000000012/3.978053/0147/R000000013
R000000018/1.000000/0000/Guesstimate
R000000017/3.580247/0224/R000000014/R000000018
R000000012/3.978053/0188/R000000017
R000000002/5.531170/0159/M000000007/R000000012
R000000001/4.282884/0082/R000000002
M000000022/1.000000/0000/Sigma_BB-28516749
R000000021/1.111111/0156/M000000022
R000000023/1.000000/0000/Guesstimate
R000000021/1.111111/0228/R000000023
R000000020/1.234568/0024/R000000021
R000000024/1.000000/0000/Guesstimate
R000000025/1.000000/0000/Guesstimate
R000000020/2.222222/0004/R000000024/R000000025
R000000019/4.115227/0119/R000000003/R000000020
R000000028/1.000000/0000/Guesstimate
R000000027/2.222222/0001/R000000025/R000000028
R000000029/1.000000/0000/Guesstimate
R000000027/2.222222/0004/R000000025/R000000029
R000000026/4.938272/0224/R000000014/R000000027
R000000030/3.580247/0224/R000000015/R000000027
R000000026/5.089163/0279/R000000030/R000000010
R000000019/6.598080/0159/M000000007/R000000026
R000000031/1.000000/0000/Guesstimate
R000000001/5.683586/0049/R000000019/R000000031
Q000000002/3.048316/0000/R000000032
M000000036/1.000000/0000/Sigma_BB-28784936
R000000035/1.111111/0139/M000000036
M000000037/1.000000/0000/Sigma_BB-28758567
R000000038/1.000000/0000/Guesstimate
R000000035/2.222222/0231/M000000037/R000000038
R000000040/1.000000/0000/Guesstimate
R000000039/1.111111/0198/R000000040
R000000041/1.000000/0000/Guesstimate
R000000039/1.111111/0228/R000000041
R000000034/2.469136/0274/R000000035/R000000039
R000000043/1.000000/0000/Guesstimate
R000000042/2.345679/0274/R000000035/R000000043
R000000044/1.000000/0000/Guesstimate
R000000034/3.717421/0301/R000000042/R000000044
R000000033/2.743484/0039/R000000034
R000000047/1.000000/0000/Guesstimate
R000000046/2.345679/0274/R000000035/R000000047
R000000045/3.717421/0112/R000000046/R000000029
R000000049/1.000000/0000/Guesstimate
R000000050/1.000000/0000/Guesstimate
R000000048/3.456790/0261/R000000035/R000000049/R000000050
R000000045/3.840878/0082/R000000048
R000000033/4.130468/0041/R000000045
R000000032/3.048316/0024/R000000033
M000000054/1.000000/0000/Sigma_BB-34441918
R000000053/1.111111/0153/M000000054
R000000053/3.333333/0261/M000000037/R000000031/R000000050
R000000052/2.345679/0231/R000000053/R000000038
M000000056/1.000000/0000/Sigma_BB-28714504
R000000057/1.000000/0000/Guesstimate
R000000055/2.222222/0175/M000000056/R000000057
R000000055/3.333333/0261/M000000036/R000000031/R000000050
R000000052/2.469136/0139/R000000055
R000000051/2.606310/0024/R000000052
M000000060/1.000000/0000/Sigma_BB-27643151
R000000059/2.222222/0231/M000000060/R000000038
R000000058/2.469136/0082/R000000059
R000000061/8.100000/0000/Guesstimate
R000000058/9.000001/0118/R000000061
R000000051/2.743484/0040/R000000058
R000000032/4.007011/0004/R000000051/R000000044
Q000000003/3.048316/0000/R000000032
<NEXT>