#
#  Reaction log file
#  Author: LigBuilder V3 User_Diana
#  Creation time: Tue Feb 24 08:28:23 2026
#  Format:
#  QueryMoleculeId/Cost/SynthesizeId/ReactantId1/ReactantId2/ReactantId3.....
#  Id prefix:
#  Q --- Query Molecule
#  M --- Material
#  R --- Reactant
#
Directory      result/synthesize_HsDHODH/256/DATABASE/
#
Q000000001/3.580247/0000/R000000001
M000000003/1.000000/0000/Sigma_BB-316039288
R000000004/1.000000/0000/Guesstimate
R000000002/2.222222/0004/M000000003/R000000004
R000000007/1.000000/0000/Guesstimate
R000000006/2.222222/0112/M000000003/R000000007
R000000005/2.469136/0147/R000000006
M000000009/1.000000/0000/Sigma_BB-248786018
R000000010/1.000000/0000/Guesstimate
R000000008/2.222222/0301/M000000009/R000000010
R000000008/2.222222/0301/M000000009/R000000010
R000000005/2.469136/0260/R000000008
R000000002/2.743484/0024/R000000005
R000000011/1.000000/0000/Guesstimate
R000000001/3.580247/0004/R000000002/R000000011
R000000012/2.222222/0004/M000000003/R000000011
R000000013/2.222222/0004/M000000003/R000000004
M000000015/1.000000/0000/Sigma_BB-28787194
R000000014/2.222222/0175/M000000015/R000000007
R000000014/2.222222/0290/M000000015/R000000007
R000000013/2.469136/0024/R000000014
R000000012/2.469136/0085/R000000013
R000000001/3.580247/0004/R000000012/R000000004
Q000000002/3.580247/0000/R000000001
Q000000003/5.869872/0000/R000000016
R000000019/2.469136/0197/R000000012
R000000020/1.000000/0000/Guesstimate
R000000018/3.854596/0003/R000000019/R000000020
R000000021/2.743484/0118/R000000019
R000000022/1.000000/0000/Guesstimate
R000000021/3.854596/0112/R000000019/R000000022
R000000018/4.159427/0049/R000000021/R000000011
R000000017/4.282884/0041/R000000018
R000000024/2.469136/0086/R000000012
R000000024/2.469136/0087/R000000013
R000000025/1.000000/0000/Guesstimate
R000000023/3.854596/0112/R000000024/R000000025
R000000026/1.000000/0000/Guesstimate
R000000023/3.854596/0112/R000000019/R000000026
R000000017/4.282884/0147/R000000023
R000000016/5.869872/0004/R000000017/R000000004
R000000029/3.854596/0003/R000000005/R000000020
R000000028/5.393995/0122/R000000029/R000000025
R000000028/5.393995/0122/R000000029/R000000025
R000000027/5.993328/0228/R000000028
R000000027/5.993328/0286/R000000028
R000000016/6.659254/0024/R000000027
Q000000004/5.869872/0000/R000000016
<NEXT>