#
#  Reaction log file
#  Author: LigBuilder V3 User_Diana
#  Creation time: Tue Feb 24 08:28:09 2026
#  Format:
#  QueryMoleculeId/Cost/SynthesizeId/ReactantId1/ReactantId2/ReactantId3.....
#  Id prefix:
#  Q --- Query Molecule
#  M --- Material
#  R --- Reactant
#
Directory      result/synthesize_HsDHODH/241/DATABASE/
#
Q000000001/2.895900/0000/R000000001
M000000005/1.000000/0000/Sigma_BB-27090565
R000000004/1.111111/0074/M000000005
R000000004/1.111111/0165/M000000005
R000000003/1.234568/0040/R000000004
R000000007/1.000000/0000/Guesstimate
M000000008/1.000000/0000/Sigma_BB-247279222
R000000006/2.222222/0276/R000000007/M000000008
R000000006/2.222222/0278/R000000007/M000000008
R000000003/2.469136/0024/R000000006
M000000010/1.000000/0000/Sigma_BB-30417948
R000000009/1.111111/0155/M000000010
R000000013/1.000000/0000/Guesstimate
R000000014/1.000000/0000/Guesstimate
R000000012/2.222222/0004/R000000013/R000000014
R000000015/1.000000/0000/Guesstimate
R000000012/2.222222/0301/R000000013/R000000015
R000000011/2.469136/0009/R000000012
R000000017/1.000000/0000/Guesstimate
M000000018/1.000000/0000/Sigma_BB-28801207
R000000016/2.222222/0301/R000000017/M000000018
R000000016/2.222222/0301/R000000017/M000000018
R000000011/2.469136/0079/R000000016
R000000009/2.743484/0041/R000000011
R000000002/2.606310/0003/R000000003/R000000009
R000000022/1.234568/0054/R000000004
R000000021/1.371742/0009/R000000022
M000000024/1.000000/0000/Sigma_BB-151011721
R000000023/2.222222/0276/R000000007/M000000024
R000000023/2.222222/0278/R000000007/M000000024
R000000025/1.000000/0000/Guesstimate
R000000021/3.580247/0003/R000000023/R000000025
R000000020/1.524158/0040/R000000021
R000000026/1.000000/0000/Guesstimate
R000000020/3.580247/0004/R000000023/R000000026
R000000019/1.693509/0085/R000000020
R000000027/1.000000/0000/Guesstimate
R000000019/3.580247/0004/R000000023/R000000027
R000000029/1.000000/0000/Guesstimate
R000000028/2.222222/0003/R000000025/R000000029
R000000030/2.345679/0004/R000000014/R000000009
R000000030/2.345679/0277/R000000014/R000000009
R000000028/2.606310/0009/R000000030
R000000002/4.350813/0049/R000000019/R000000028
R000000001/2.895900/0099/R000000002
R000000031/4.267642/0122/R000000021/R000000011
R000000033/1.000000/0000/Guesstimate
R000000032/2.345679/0256/R000000004/R000000033
R000000035/1.000000/0000/Guesstimate
R000000034/2.222222/0174/M000000005/R000000035
R000000034/2.222222/0289/M000000005/R000000035
R000000032/2.469136/0233/R000000034
R000000037/1.000000/0000/Guesstimate
R000000036/2.222222/0001/R000000025/R000000037
M000000039/1.000000/0000/Sigma_BB-28849482
R000000038/2.222222/0004/R000000014/M000000039
R000000038/2.222222/0301/R000000015/M000000039
R000000036/2.469136/0009/R000000038
R000000031/5.075447/0042/R000000032/R000000036
R000000001/4.741825/0041/R000000031
Q000000002/2.758726/0000/R000000040
R000000042/1.000000/0000/Guesstimate
R000000041/2.482853/0003/R000000003/R000000042
R000000045/1.000000/0000/Guesstimate
R000000044/1.111111/0118/R000000045
R000000046/1.000000/0000/Guesstimate
R000000044/2.222222/0112/R000000046/R000000045
R000000043/1.234568/0059/R000000044
R000000047/2.222222/0004/R000000014/R000000042
R000000047/2.222222/0277/R000000014/R000000042
R000000043/2.469136/0009/R000000047
R000000041/3.253419/0049/R000000019/R000000043
R000000040/2.758726/0099/R000000041
R000000050/1.000000/0000/Guesstimate
R000000049/2.635269/0122/R000000021/R000000050
R000000049/2.635269/0122/R000000021/R000000050
R000000048/2.928077/0118/R000000049
R000000048/4.039188/0112/R000000049/R000000046
R000000040/3.253419/0059/R000000048
Q000000003/Analysis Failed
Q000000004/Analysis Failed
<NEXT>