#
#  Reaction log file
#  Author: LigBuilder V3 User_Diana
#  Creation time: Tue Feb 24 08:20:44 2026
#  Format:
#  QueryMoleculeId/Cost/SynthesizeId/ReactantId1/ReactantId2/ReactantId3.....
#  Id prefix:
#  Q --- Query Molecule
#  M --- Material
#  R --- Reactant
#
Directory      result/synthesize_HsDHODH/115/DATABASE/
#
Q000000001/Analysis Failed
Q000000002/4.420059/0000/R000000001
M000000004/1.000000/0000/Sigma_BB-27090565
R000000003/1.111111/0114/M000000004
R000000007/1.000000/0000/Guesstimate
R000000006/2.222222/0175/M000000004/R000000007
R000000006/2.222222/0290/M000000004/R000000007
R000000005/2.469136/0024/R000000006
R000000009/1.000000/0000/Guesstimate
M000000010/1.000000/0000/Sigma_BB-308324471
R000000008/2.222222/0276/R000000009/M000000010
R000000008/2.222222/0278/R000000009/M000000010
R000000011/1.000000/0000/Guesstimate
R000000005/3.580247/0004/R000000008/R000000011
R000000003/2.743484/0197/R000000005
R000000014/1.000000/0000/Guesstimate
M000000015/1.000000/0000/Sigma_BB-27087877
R000000013/2.222222/0004/R000000014/M000000015
M000000016/1.000000/0000/Sigma_BB-28776791
R000000017/1.000000/0000/Guesstimate
R000000013/3.333333/0225/R000000014/M000000016/R000000017
R000000012/2.469136/0116/R000000013
R000000012/2.469136/0116/R000000013
R000000002/3.978053/0095/R000000003/R000000012
R000000020/1.000000/0000/Guesstimate
R000000019/2.345679/0004/R000000003/R000000020
R000000019/2.345679/0277/R000000003/R000000020
R000000018/2.606310/0009/R000000019
R000000021/1.000000/0000/Guesstimate
R000000018/3.580247/0003/R000000008/R000000021
M000000024/1.000000/0000/Sigma_BB-28792186
R000000023/1.111111/0054/M000000024
M000000025/1.000000/0000/Sigma_BB-28698316
R000000023/2.222222/0004/M000000025/R000000020
R000000022/1.234568/0009/R000000023
R000000026/1.000000/0000/Guesstimate
R000000022/2.222222/0003/R000000026/R000000021
R000000002/4.267642/0012/R000000018/R000000022
R000000001/4.420059/0059/R000000002
R000000029/1.000000/0000/Guesstimate
R000000028/2.222222/0004/R000000029/R000000026
M000000030/1.000000/0000/Sigma_BB-28909417
R000000031/1.000000/0000/Guesstimate
R000000028/2.222222/0004/M000000030/R000000031
R000000027/4.938272/0003/R000000008/R000000028
R000000033/3.580247/0004/R000000008/R000000020
R000000032/3.978053/0009/R000000033
M000000037/1.000000/0000/Sigma_BB-30924817
R000000036/1.111111/0153/M000000037
M000000038/1.000000/0000/Sigma_BB-89723093
R000000036/1.111111/0299/M000000038
R000000035/2.345679/0276/R000000009/R000000036
R000000039/2.222222/0276/R000000009/M000000037
R000000039/2.222222/0278/R000000009/M000000037
R000000035/2.469136/0153/R000000039
R000000040/1.000000/0000/Guesstimate
R000000034/3.717421/0231/R000000035/R000000040
R000000032/4.130468/0082/R000000034
R000000042/1.000000/0000/Guesstimate
R000000044/1.000000/0000/Guesstimate
R000000043/2.222222/0301/R000000044/R000000026
R000000043/2.469136/0197/R000000028
R000000041/3.580247/0004/R000000042/R000000043
R000000046/1.000000/0000/Guesstimate
R000000045/3.580247/0277/R000000046/R000000043
R000000047/1.000000/0000/Guesstimate
R000000045/3.580247/0301/R000000047/R000000043
R000000041/3.978053/0024/R000000045
R000000027/8.398111/0049/R000000032/R000000041
R000000001/5.486969/0099/R000000027
Q000000003/Analysis Failed
<NEXT>