#
#  Reaction log file
#  Author: LigBuilder V3 User_Diana
#  Creation time: Tue Feb 24 08:14:17 2026
#  Format:
#  QueryMoleculeId/Cost/SynthesizeId/ReactantId1/ReactantId2/ReactantId3.....
#  Id prefix:
#  Q --- Query Molecule
#  M --- Material
#  R --- Reactant
#
Directory      result/synthesize_HsDHODH/30/DATABASE/
#
Q000000001/2.482853/0000/R000000001
M000000004/1.000000/0000/Sigma_BB-28515735
R000000003/1.111111/0125/M000000004
R000000005/1.000000/0000/Guesstimate
R000000003/2.222222/0112/M000000004/R000000005
R000000002/1.234568/0147/R000000003
M000000008/1.000000/0000/Sigma_BB-362933455
R000000007/1.111111/0217/M000000008
R000000009/1.000000/0000/Guesstimate
M000000010/1.000000/0000/Sigma_BB-70797231
R000000007/2.222222/0119/R000000009/M000000010
R000000006/1.234568/0040/R000000007
R000000011/1.000000/0000/Guesstimate
R000000006/2.222222/0119/R000000011/M000000010
R000000002/1.371742/0153/R000000006
R000000012/1.000000/0000/Guesstimate
R000000001/2.482853/0004/R000000002/R000000012
M000000015/1.000000/0000/Sigma_BB-27403309
R000000016/1.000000/0000/Guesstimate
R000000014/2.222222/0175/M000000015/R000000016
M000000018/1.000000/0000/Sigma_BB-27925058
R000000017/2.222222/0175/M000000018/R000000016
R000000017/2.222222/0290/M000000018/R000000016
R000000019/1.000000/0000/Guesstimate
R000000014/3.580247/0173/R000000017/R000000019
R000000013/2.469136/0039/R000000014
M000000022/1.000000/0000/Sigma_BB-30393366
R000000021/1.111111/0093/M000000022
M000000023/1.000000/0000/Sigma_BB-28769834
R000000021/2.222222/0004/M000000023/R000000012
R000000024/1.000000/0000/Guesstimate
R000000020/2.345679/0119/R000000021/R000000024
R000000020/2.469136/0039/R000000017
R000000013/3.717421/0173/R000000020/R000000019
R000000001/2.743484/0024/R000000013
Q000000002/2.482853/0000/R000000001
Q000000003/2.482853/0000/R000000001
Q000000004/2.482853/0000/R000000001
<NEXT>