#
#  Reaction log file
#  Author: LigBuilder V3 User_Diana
#  Creation time: Tue Feb 24 08:30:01 2026
#  Format:
#  QueryMoleculeId/Cost/SynthesizeId/ReactantId1/ReactantId2/ReactantId3.....
#  Id prefix:
#  Q --- Query Molecule
#  M --- Material
#  R --- Reactant
#
Directory      result/synthesize_HsDHODH/294/DATABASE/
#
Q000000001/Analysis Failed
Q000000002/7.207744/0000/R000000001
R000000005/1.000000/0000/Guesstimate
R000000006/1.000000/0000/Guesstimate
R000000004/2.222222/0002/R000000005/R000000006
R000000004/2.222222/0004/R000000005/R000000006
R000000003/2.469136/0197/R000000004
R000000008/1.000000/0000/Guesstimate
R000000007/2.222222/0004/R000000005/R000000008
R000000003/2.469136/0204/R000000007
R000000011/1.000000/0000/Guesstimate
R000000012/1.000000/0000/Guesstimate
R000000010/2.222222/0004/R000000011/R000000012
R000000013/1.000000/0000/Guesstimate
R000000014/1.000000/0000/Guesstimate
R000000010/3.333333/0225/R000000013/R000000012/R000000014
R000000009/2.469136/0197/R000000010
R000000015/2.222222/0004/R000000008/R000000012
R000000016/1.000000/0000/Guesstimate
R000000009/3.580247/0212/R000000015/R000000016
R000000002/5.486969/0122/R000000003/R000000009
M000000019/1.000000/0000/Sigma_BB-28778979
R000000018/3.580247/0212/M000000019/R000000010
R000000020/1.000000/0000/Guesstimate
R000000018/3.854596/0004/R000000020/R000000009
R000000017/6.447188/0212/R000000007/R000000018
R000000017/6.447188/0212/R000000007/R000000018
R000000002/7.163543/0188/R000000017
R000000001/7.207744/0004/R000000002/R000000016
R000000024/1.000000/0000/Guesstimate
R000000023/3.854596/0301/R000000003/R000000024
R000000023/3.854596/0301/R000000003/R000000024
R000000022/4.282884/0039/R000000023
R000000026/1.000000/0000/Guesstimate
R000000025/3.580247/0049/R000000007/R000000026
R000000022/5.089163/0049/R000000025/R000000008
R000000021/7.502244/0122/R000000022/R000000009
R000000021/7.502244/0122/R000000022/R000000009
R000000001/8.335828/0024/R000000021
Q000000003/5.531170/0000/R000000027
R000000030/1.000000/0000/Guesstimate
R000000029/1.111111/0228/R000000030
R000000029/1.111111/0286/R000000030
R000000028/3.978053/0122/R000000003/R000000029
R000000032/2.469136/0086/R000000007
R000000032/2.469136/0091/R000000007
R000000031/3.978053/0112/R000000032/R000000029
R000000034/1.000000/0000/Guesstimate
R000000033/3.854596/0112/R000000032/R000000034
R000000033/3.854596/0112/R000000032/R000000034
R000000035/1.000000/0000/Guesstimate
R000000031/5.393995/0224/R000000033/R000000035
R000000028/4.420059/0099/R000000031
R000000027/5.531170/0004/R000000028/R000000016
R000000036/5.993328/0122/R000000022/R000000029
R000000036/5.993328/0122/R000000022/R000000029
R000000027/6.659254/0024/R000000036
<NEXT>