#
#  Reaction log file
#  Author: LigBuilder V3 User_Diana
#  Creation time: Tue Feb 24 08:25:19 2026
#  Format:
#  QueryMoleculeId/Cost/SynthesizeId/ReactantId1/ReactantId2/ReactantId3.....
#  Id prefix:
#  Q --- Query Molecule
#  M --- Material
#  R --- Reactant
#
Directory      result/synthesize_HsDHODH/183/DATABASE/
#
Q000000001/4.929993/0000/R000000001
M000000007/1.000000/0000/Sigma_BB-28515735
R000000006/1.111111/0125/M000000007
R000000008/1.000000/0000/Guesstimate
R000000006/2.222222/0112/M000000007/R000000008
R000000005/1.234568/0125/R000000006
R000000005/2.345679/0112/R000000006/R000000008
R000000004/1.371742/0059/R000000005
M000000009/1.000000/0000/Sigma_BB-100802064
R000000004/2.222222/0174/M000000009/R000000008
R000000003/1.524158/0040/R000000004
R000000010/1.371742/0040/R000000005
M000000011/1.000000/0000/Sigma_BB-30393366
R000000010/2.222222/0174/M000000011/R000000008
R000000003/1.524158/0059/R000000010
R000000014/1.000000/0000/Guesstimate
R000000015/1.000000/0000/Guesstimate
R000000013/2.222222/0226/R000000014/R000000015
R000000016/1.000000/0000/Guesstimate
R000000013/2.222222/0277/R000000016/R000000015
R000000012/2.469136/0147/R000000013
R000000018/1.000000/0000/Guesstimate
M000000019/1.000000/0000/Sigma_BB-326450255
R000000017/2.222222/0170/R000000018/M000000019
R000000020/1.000000/0000/Guesstimate
M000000021/1.000000/0000/Sigma_BB-182845562
R000000017/2.222222/0170/R000000020/M000000021
R000000012/2.469136/0155/R000000017
R000000002/4.436994/0003/R000000003/R000000012
R000000023/1.234568/0059/R000000006
R000000023/1.693509/0197/R000000003
R000000024/1.000000/0000/Guesstimate
R000000022/2.482853/0004/R000000023/R000000024
R000000025/2.345679/0004/R000000006/R000000024
R000000022/2.606310/0059/R000000025
M000000028/1.000000/0000/Sigma_BB-30407107
R000000027/2.222222/0170/M000000028/M000000019
R000000029/1.000000/0000/Guesstimate
R000000027/3.854596/0004/R000000029/R000000012
R000000026/2.469136/0009/R000000027
R000000031/1.000000/0000/Guesstimate
R000000030/2.222222/0170/R000000031/M000000019
R000000032/1.000000/0000/Guesstimate
R000000030/2.222222/0170/R000000032/M000000021
R000000026/2.469136/0079/R000000030
R000000002/5.502210/0049/R000000022/R000000026
R000000001/4.929993/0099/R000000002
R000000035/1.000000/0000/Guesstimate
R000000034/2.345679/0003/R000000006/R000000035
R000000034/2.482853/0049/R000000005/R000000024
R000000033/5.349795/0122/R000000034/R000000012
R000000033/5.349795/0122/R000000034/R000000012
R000000001/5.944217/0059/R000000033
Q000000002/4.929993/0000/R000000001
Q000000003/8.655693/0000/R000000036
M000000039/1.000000/0000/Sigma_BB-63170488
R000000038/1.111111/0091/M000000039
M000000041/1.000000/0000/Sigma_BB-28416063
R000000042/1.000000/0000/Guesstimate
R000000040/2.222222/0003/M000000041/R000000042
M000000043/1.000000/0000/Sigma_BB-28426400
M000000044/1.000000/0000/Sigma_BB-28792337
R000000040/2.222222/0112/M000000043/M000000044
R000000038/2.469136/0099/R000000040
R000000046/8.200000/0000/Guesstimate
R000000045/9.111111/0197/R000000046
R000000037/7.790124/0112/R000000038/R000000045
M000000047/1.000000/0000/Sigma_BB-28816861
R000000049/7.000000/0000/Guesstimate
R000000048/7.777778/0082/R000000049
R000000050/1.000000/0000/Guesstimate
R000000051/7.666667/0004/R000000024/R000000045
R000000053/1.000000/0000/Guesstimate
R000000052/7.666667/0004/R000000053/R000000045
R000000054/9.000000/0000/Guesstimate
R000000052/10.000000/0024/R000000054
R000000051/8.518519/0085/R000000052
R000000048/9.629630/0049/R000000050/R000000051
R000000037/9.753088/0012/M000000047/R000000048
R000000036/8.655693/0059/R000000037
M000000059/1.000000/0000/Sigma_BB-70667862
R000000058/1.111111/0009/M000000059
R000000058/2.222222/0003/M000000043/R000000035
R000000060/1.000000/0000/Guesstimate
R000000057/2.345679/0122/R000000058/R000000060
R000000057/2.345679/0122/R000000058/R000000060
R000000056/2.606310/0024/R000000057
M000000063/1.000000/0000/Sigma_BB-27291979
R000000064/1.000000/0000/Guesstimate
R000000062/2.222222/0231/M000000063/R000000064
R000000061/2.469136/0197/R000000062
M000000068/1.000000/0000/Sigma_BB-28764950
R000000067/2.222222/0004/M000000043/M000000068
R000000066/2.469136/0197/R000000067
R000000065/2.743484/0197/R000000066
R000000061/3.048316/0028/R000000065
R000000056/3.854596/0004/R000000061/R000000053
R000000055/9.451456/0004/R000000056/R000000045
R000000055/9.753088/0122/R000000058/R000000051
R000000036/9.451456/0153/R000000055
<NEXT>