#
#  Reaction log file
#  Author: LigBuilder V3 User_Diana
#  Creation time: Tue Feb 24 08:29:35 2026
#  Format:
#  QueryMoleculeId/Cost/SynthesizeId/ReactantId1/ReactantId2/ReactantId3.....
#  Id prefix:
#  Q --- Query Molecule
#  M --- Material
#  R --- Reactant
#
Directory      result/synthesize_HsDHODH/282/DATABASE/
#
Q000000001/5.654626/0000/R000000001
R000000004/1.000000/0000/Guesstimate
R000000006/1.000000/0000/Guesstimate
M000000007/1.000000/0000/Sigma_BB-246512779
R000000005/2.222222/0001/R000000006/M000000007
R000000008/1.000000/0000/Guesstimate
M000000009/1.000000/0000/Sigma_BB-246512842
R000000005/2.222222/0112/R000000008/M000000009
R000000003/3.580247/0012/R000000004/R000000005
R000000011/1.000000/0000/Guesstimate
R000000010/3.580247/0001/R000000005/R000000011
R000000010/3.580247/0141/R000000005/R000000004
R000000003/3.978053/0099/R000000010
R000000012/1.000000/0000/Guesstimate
R000000002/5.089163/0159/R000000003/R000000012
R000000015/1.000000/0000/Guesstimate
R000000016/1.000000/0000/Guesstimate
R000000014/2.222222/0274/R000000015/R000000016
R000000017/1.000000/0000/Guesstimate
R000000018/1.000000/0000/Guesstimate
R000000014/2.222222/0275/R000000017/R000000018
R000000013/2.469136/0082/R000000014
R000000019/1.000000/0000/Guesstimate
R000000021/1.000000/0000/Guesstimate
R000000020/2.222222/0274/R000000021/R000000016
R000000022/1.000000/0000/Guesstimate
R000000020/2.222222/0275/R000000022/R000000018
R000000013/3.580247/0112/R000000019/R000000020
R000000024/1.000000/0000/Guesstimate
R000000023/2.222222/0012/R000000004/R000000024
R000000026/1.000000/0000/Guesstimate
R000000027/1.000000/0000/Guesstimate
R000000025/2.222222/0279/R000000026/R000000027
R000000025/2.222222/0279/R000000026/R000000027
R000000023/3.580247/0112/R000000025/R000000008
R000000002/5.212621/0159/R000000013/R000000023
R000000001/5.654626/0024/R000000002
M000000031/1.000000/0000/Sigma_BB-156331499
R000000030/2.222222/0274/M000000031/R000000016
M000000032/1.000000/0000/Sigma_BB-28788714
R000000030/2.222222/0275/M000000032/R000000018
R000000033/1.000000/0000/Guesstimate
R000000029/3.580247/0175/R000000030/R000000033
R000000034/2.222222/0175/M000000031/R000000033
R000000034/2.222222/0290/M000000031/R000000033
R000000029/3.580247/0274/R000000034/R000000016
R000000037/1.000000/0000/Guesstimate
R000000038/1.000000/0000/Guesstimate
R000000036/2.222222/0174/R000000037/R000000038
R000000036/2.222222/0289/R000000037/R000000038
R000000035/2.469136/0197/R000000036
R000000039/7.400000/0000/Guesstimate
R000000035/8.222222/0091/R000000039
R000000028/6.721537/0112/R000000029/R000000035
R000000041/1.000000/0000/Guesstimate
R000000043/1.000000/0000/Guesstimate
R000000042/3.854596/0004/R000000043/R000000035
R000000042/9.333333/0001/R000000043/R000000039
R000000040/5.393995/0049/R000000041/R000000042
R000000040/10.000000/0082/R000000044
R000000047/1.000000/0000/Guesstimate
R000000046/2.222222/0274/R000000047/R000000016
R000000045/3.580247/0012/R000000024/R000000046
M000000049/1.000000/0000/Sigma_BB-28776642
R000000048/3.580247/0285/M000000049/R000000046
R000000045/3.978053/0204/R000000048
R000000028/9.971380/0159/R000000040/R000000045
R000000001/7.468375/0025/R000000028
Q000000002/Analysis Failed
Q000000003/Analysis Failed
<NEXT>