#
#  Reaction log file
#  Author: LigBuilder V3 User_Diana
#  Creation time: Tue Feb 24 08:14:31 2026
#  Format:
#  QueryMoleculeId/Cost/SynthesizeId/ReactantId1/ReactantId2/ReactantId3.....
#  Id prefix:
#  Q --- Query Molecule
#  M --- Material
#  R --- Reactant
#
Directory      result/synthesize_HsDHODH/18/DATABASE/
#
Q000000001/5.531170/0000/R000000001
M000000004/1.000000/0000/Sigma_BB-28760327
R000000006/1.000000/0000/Guesstimate
R000000007/1.000000/0000/Guesstimate
R000000005/2.222222/0012/R000000006/R000000007
R000000008/1.000000/0000/Guesstimate
R000000009/1.000000/0000/Guesstimate
R000000005/2.222222/0279/R000000008/R000000009
R000000003/3.580247/0159/M000000004/R000000005
R000000010/1.000000/0000/Guesstimate
R000000012/1.000000/0000/Guesstimate
R000000011/3.580247/0159/R000000012/R000000005
R000000003/5.089163/0276/R000000010/R000000011
R000000002/3.978053/0197/R000000003
R000000015/1.000000/0000/Guesstimate
R000000014/3.580247/0159/R000000005/R000000015
R000000013/3.978053/0153/R000000014
R000000016/3.978053/0091/R000000014
R000000013/4.420059/0154/R000000016
R000000002/5.531170/0276/R000000010/R000000013
R000000017/1.000000/0000/Guesstimate
R000000001/5.531170/0004/R000000002/R000000017
R000000021/1.000000/0000/Guesstimate
R000000020/5.531170/0112/R000000013/R000000021
R000000022/7.100000/0000/Guesstimate
R000000020/9.000001/0174/R000000022/R000000021
R000000019/6.145744/0147/R000000020
R000000023/5.531170/0004/R000000013/R000000017
R000000024/1.000000/0000/Guesstimate
R000000023/9.000001/0175/R000000022/R000000024
R000000025/1.000000/0000/Guesstimate
R000000019/7.256855/0119/R000000023/R000000025
R000000018/7.939716/0276/R000000010/R000000019
R000000018/7.939716/0278/R000000010/R000000019
R000000001/8.821907/0024/R000000018
Q000000002/5.531170/0000/R000000001
Q000000003/5.531170/0000/R000000001
Q000000004/5.531170/0000/R000000001
<NEXT>