#
#  Reaction log file
#  Author: LigBuilder V3 User_Diana
#  Creation time: Tue Feb 24 08:22:33 2026
#  Format:
#  QueryMoleculeId/Cost/SynthesizeId/ReactantId1/ReactantId2/ReactantId3.....
#  Id prefix:
#  Q --- Query Molecule
#  M --- Material
#  R --- Reactant
#
Directory      result/synthesize_HsDHODH/121/DATABASE/
#
Q000000001/5.807042/0000/R000000001
R000000005/1.000000/0000/Guesstimate
R000000006/1.000000/0000/Guesstimate
R000000007/1.000000/0000/Guesstimate
R000000004/3.333333/0225/R000000005/R000000006/R000000007
R000000004/3.333333/0225/R000000005/R000000006/R000000007
R000000003/3.703704/0204/R000000004
R000000009/1.000000/0000/Guesstimate
R000000008/2.222222/0002/R000000005/R000000009
R000000008/2.222222/0004/R000000005/R000000009
R000000011/1.000000/0000/Guesstimate
R000000010/1.111111/0040/R000000011
R000000012/1.000000/0000/Guesstimate
R000000013/1.000000/0000/Guesstimate
R000000010/2.222222/0274/R000000012/R000000013
R000000003/3.703704/0212/R000000008/R000000010
M000000014/1.000000/0000/Sigma_BB-29617241
R000000002/5.226338/0122/R000000003/M000000014
R000000002/5.226338/0122/R000000003/M000000014
R000000001/5.807042/0285/R000000002
Q000000002/2.606310/0000/R000000015
M000000018/1.000000/0000/Sigma_BB-63170488
R000000017/1.111111/0091/M000000018
M000000020/1.000000/0000/Sigma_BB-28416063
R000000021/1.000000/0000/Guesstimate
R000000019/2.222222/0003/M000000020/R000000021
M000000022/1.000000/0000/Sigma_BB-28426400
M000000023/1.000000/0000/Sigma_BB-28792337
R000000019/2.222222/0112/M000000022/M000000023
R000000017/2.469136/0099/R000000019
R000000024/1.000000/0000/Guesstimate
R000000016/2.345679/0112/R000000017/R000000024
M000000025/1.000000/0000/Sigma_BB-28816861
R000000027/1.000000/0000/Guesstimate
R000000026/2.222222/0112/R000000027/R000000024
R000000028/1.000000/0000/Guesstimate
R000000029/2.222222/0004/R000000013/R000000024
R000000026/3.580247/0049/R000000028/R000000029
R000000016/3.580247/0012/M000000025/R000000026
R000000015/2.606310/0059/R000000016
R000000031/2.469136/0153/R000000029
R000000032/2.469136/0086/R000000029
R000000032/2.469136/0091/R000000029
R000000031/2.743484/0154/R000000032
R000000030/3.854596/0003/M000000020/R000000031
M000000034/1.000000/0000/Sigma_BB-28821221
R000000033/1.111111/0085/M000000034
R000000033/2.222222/0004/M000000022/R000000013
R000000037/1.000000/0000/Guesstimate
R000000036/2.222222/0004/R000000037/R000000024
R000000036/2.469136/0156/R000000029
R000000035/2.469136/0010/R000000036
R000000038/3.854596/0004/R000000037/R000000031
R000000038/3.854596/0277/R000000037/R000000031
R000000035/4.282884/0009/R000000038
R000000030/3.978053/0049/R000000033/R000000035
R000000015/4.282884/0099/R000000030
Q000000003/2.606310/0000/R000000015
<NEXT>