#
#  Reaction log file
#  Author: LigBuilder V3 User_Diana
#  Creation time: Tue Feb 24 08:18:34 2026
#  Format:
#  QueryMoleculeId/Cost/SynthesizeId/ReactantId1/ReactantId2/ReactantId3.....
#  Id prefix:
#  Q --- Query Molecule
#  M --- Material
#  R --- Reactant
#
Directory      result/synthesize_HsDHODH/101/DATABASE/
#
Q000000001/3.405835/0000/R000000001
M000000007/1.000000/0000/Sigma_BB-28515735
R000000006/1.111111/0125/M000000007
R000000008/1.000000/0000/Guesstimate
R000000006/2.222222/0112/M000000007/R000000008
R000000005/1.234568/0125/R000000006
R000000005/2.345679/0112/R000000006/R000000008
R000000004/1.371742/0059/R000000005
M000000009/1.000000/0000/Sigma_BB-100802064
R000000004/2.222222/0174/M000000009/R000000008
R000000003/1.524158/0040/R000000004
R000000010/1.371742/0040/R000000005
M000000011/1.000000/0000/Sigma_BB-30393366
R000000010/2.222222/0174/M000000011/R000000008
R000000003/1.524158/0059/R000000010
M000000014/1.000000/0000/Sigma_BB-31665766
R000000013/1.111111/0287/M000000014
R000000015/1.000000/0000/Guesstimate
M000000016/1.000000/0000/Sigma_BB-308324471
R000000013/2.222222/0274/R000000015/M000000016
R000000012/1.234568/0155/R000000013
R000000018/1.000000/0000/Guesstimate
M000000019/1.000000/0000/Sigma_BB-151014002
R000000017/2.222222/0274/R000000018/M000000019
R000000012/2.469136/0153/R000000017
R000000002/3.065251/0003/R000000003/R000000012
R000000021/1.234568/0059/R000000006
R000000021/1.693509/0197/R000000003
R000000022/1.000000/0000/Guesstimate
R000000020/2.482853/0004/R000000021/R000000022
R000000023/2.345679/0004/R000000006/R000000022
R000000020/2.606310/0059/R000000023
M000000026/1.000000/0000/Sigma_BB-29589198
R000000025/2.222222/0274/M000000026/M000000016
R000000027/1.000000/0000/Guesstimate
R000000025/2.482853/0004/R000000027/R000000012
R000000024/2.469136/0009/R000000025
R000000028/1.000000/0000/Guesstimate
R000000030/1.000000/0000/Guesstimate
R000000029/2.222222/0274/R000000030/M000000016
R000000024/3.580247/0003/R000000028/R000000029
R000000002/5.502210/0049/R000000020/R000000024
R000000001/3.405835/0099/R000000002
R000000032/2.345679/0003/R000000006/R000000028
R000000032/2.482853/0049/R000000005/R000000022
R000000031/3.978052/0122/R000000032/R000000012
R000000031/3.978052/0122/R000000032/R000000012
R000000001/4.420058/0059/R000000031
Q000000002/3.405835/0000/R000000001
Q000000003/4.130468/0000/R000000033
M000000035/1.000000/0000/Sigma_BB-292784436
R000000034/3.717421/0122/R000000032/M000000035
R000000034/3.717421/0122/R000000032/M000000035
R000000033/4.130468/0059/R000000034
M000000039/1.000000/0000/Sigma_BB-28764950
R000000038/2.482853/0004/R000000021/M000000039
R000000037/2.758726/0197/R000000038
R000000042/1.000000/0000/Guesstimate
M000000043/1.000000/0000/Sigma_BB-154403946
R000000041/2.222222/0274/R000000042/M000000043
R000000044/1.000000/0000/Guesstimate
R000000045/2.222222/0274/R000000030/M000000043
R000000041/3.580247/0277/R000000044/R000000045
R000000040/2.469136/0024/R000000041
R000000046/1.000000/0000/Guesstimate
R000000040/3.580247/0004/R000000046/R000000045
R000000036/5.808736/0212/R000000037/R000000040
R000000036/5.808736/0212/R000000037/R000000040
R000000033/6.454152/0028/R000000036
Q000000004/4.130468/0000/R000000033
<NEXT>