#
#  Reaction log file
#  Author: LigBuilder V3 User_Diana
#  Creation time: Tue Feb 24 08:29:13 2026
#  Format:
#  QueryMoleculeId/Cost/SynthesizeId/ReactantId1/ReactantId2/ReactantId3.....
#  Id prefix:
#  Q --- Query Molecule
#  M --- Material
#  R --- Reactant
#
Directory      result/synthesize_HsDHODH/278/DATABASE/
#
Q000000001/7.331201/0000/R000000001
R000000003/1.000000/0000/Guesstimate
R000000006/1.000000/0000/Guesstimate
R000000007/1.000000/0000/Guesstimate
R000000005/2.222222/0001/R000000006/R000000007
R000000008/1.000000/0000/Guesstimate
R000000005/2.222222/0004/R000000008/R000000007
M000000010/1.000000/0000/Sigma_BB-28506149
M000000011/1.000000/0000/Sigma_BB-28457967
R000000009/2.222222/0212/M000000010/M000000011
R000000009/2.222222/0212/M000000010/M000000011
R000000004/4.938272/0212/R000000005/R000000009
R000000004/4.938272/0212/R000000005/R000000009
R000000002/6.598080/0081/R000000003/R000000004
R000000014/1.000000/0000/Guesstimate
R000000013/3.580247/0212/R000000014/R000000009
R000000013/3.580247/0212/R000000014/R000000009
R000000012/5.089163/0112/R000000008/R000000013
R000000016/1.000000/0000/Guesstimate
R000000015/5.089163/0112/R000000016/R000000013
R000000017/1.000000/0000/Guesstimate
R000000012/6.765737/0119/R000000015/R000000017
R000000002/6.765737/0210/R000000003/R000000012
R000000001/7.331201/0024/R000000002
R000000021/1.000000/0000/Guesstimate
R000000022/1.000000/0000/Guesstimate
R000000020/2.222222/0112/R000000021/R000000022
R000000023/1.000000/0000/Guesstimate
R000000024/1.000000/0000/Guesstimate
R000000020/2.222222/0112/R000000023/R000000024
R000000019/2.469136/0039/R000000020
M000000026/1.000000/0000/Sigma_BB-28799125
R000000025/2.222222/0119/M000000026/R000000017
R000000025/2.222222/0280/M000000026/R000000017
R000000019/2.469136/0082/R000000025
R000000028/1.000000/0000/Guesstimate
R000000027/3.580247/0001/R000000028/R000000009
M000000029/1.000000/0000/Sigma_BB-28247348
R000000030/2.222222/0212/M000000010/R000000007
R000000030/2.222222/0212/M000000010/R000000007
R000000027/3.580247/0003/M000000029/R000000030
R000000018/6.721537/0081/R000000019/R000000027
R000000033/1.000000/0000/Guesstimate
R000000032/2.222222/0112/R000000021/R000000033
R000000034/1.000000/0000/Guesstimate
R000000032/2.222222/0112/R000000023/R000000034
R000000031/2.469136/0039/R000000032
R000000036/1.000000/0000/Guesstimate
R000000035/2.222222/0112/R000000008/R000000036
R000000037/1.000000/0000/Guesstimate
R000000038/1.000000/0000/Guesstimate
R000000035/2.222222/0112/R000000037/R000000038
R000000031/2.469136/0059/R000000035
R000000018/6.721537/0210/R000000031/R000000027
R000000001/7.468375/0024/R000000018
Q000000002/7.468375/0000/R000000039
R000000042/1.000000/0000/Guesstimate
M000000044/1.000000/0000/Sigma_BB-28757037
R000000043/2.222222/0001/M000000044/R000000003
M000000046/1.000000/0000/Sigma_BB-28792337
R000000045/2.222222/0275/M000000046/R000000028
R000000047/1.000000/0000/Guesstimate
R000000048/1.000000/0000/Guesstimate
R000000045/3.333333/0225/R000000047/R000000028/R000000048
R000000049/1.000000/0000/Guesstimate
R000000043/3.580247/0003/R000000045/R000000049
R000000041/3.580247/0081/R000000042/R000000043
R000000051/1.000000/0000/Guesstimate
R000000050/3.580247/0081/R000000051/R000000043
R000000052/1.000000/0000/Guesstimate
R000000050/3.580247/0210/R000000052/R000000043
R000000041/3.978053/0082/R000000050
R000000055/1.000000/0000/Guesstimate
R000000056/1.000000/0000/Guesstimate
R000000054/2.222222/0170/R000000055/R000000056
R000000057/1.000000/0000/Guesstimate
R000000058/1.000000/0000/Guesstimate
R000000054/2.222222/0170/R000000057/R000000058
R000000053/2.469136/0170/R000000054
R000000059/7.200000/0000/Guesstimate
R000000053/8.000000/0155/R000000059
R000000040/6.721537/0122/R000000041/R000000053
R000000040/6.721537/0122/R000000041/R000000053
R000000039/7.468375/0040/R000000040
R000000061/5.212621/0081/R000000019/R000000043
R000000062/4.938272/0081/R000000020/R000000043
R000000062/4.938272/0210/R000000032/R000000043
R000000061/5.486969/0039/R000000062
R000000060/8.535286/0122/R000000061/R000000053
R000000060/8.535286/0122/R000000061/R000000053
R000000039/9.483651/0024/R000000060
Q000000003/7.468375/0000/R000000039
<NEXT>