#
#  Reaction log file
#  Author: LigBuilder V3 User_Diana
#  Creation time: Tue Feb 24 08:29:40 2026
#  Format:
#  QueryMoleculeId/Cost/SynthesizeId/ReactantId1/ReactantId2/ReactantId3.....
#  Id prefix:
#  Q --- Query Molecule
#  M --- Material
#  R --- Reactant
#
Directory      result/synthesize_HsDHODH/292/DATABASE/
#
Q000000001/Analysis Failed
Q000000002/Analysis Failed
Q000000003/5.654626/0000/R000000001
R000000005/1.000000/0000/Guesstimate
M000000006/1.000000/0000/Sigma_BB-129539509
R000000004/2.222222/0003/R000000005/M000000006
M000000007/1.000000/0000/Sigma_BB-187147085
R000000008/1.000000/0000/Guesstimate
R000000004/2.222222/0112/M000000007/R000000008
R000000009/1.000000/0000/Guesstimate
R000000003/3.580247/0285/R000000004/R000000009
M000000010/1.000000/0000/Sigma_BB-28760931
R000000002/5.089163/0122/R000000003/M000000010
R000000002/5.089163/0122/R000000003/M000000010
R000000001/5.654626/0224/R000000002
R000000013/3.580247/0122/R000000004/M000000010
R000000013/3.580247/0122/R000000004/M000000010
R000000014/1.000000/0000/Guesstimate
R000000012/5.089163/0012/R000000013/R000000014
R000000012/5.089163/0285/R000000013/R000000014
R000000015/1.000000/0000/Guesstimate
R000000011/6.765737/0224/R000000012/R000000015
R000000001/7.517486/0279/R000000011
Q000000004/4.115227/0000/R000000016
M000000019/1.000000/0000/Sigma_BB-27925058
R000000020/1.000000/0000/Guesstimate
R000000018/2.222222/0175/M000000019/R000000020
R000000018/2.222222/0290/M000000019/R000000020
R000000017/2.469136/0114/R000000018
M000000023/1.000000/0000/Sigma_BB-28769834
R000000022/1.111111/0114/M000000023
R000000024/1.111111/0114/M000000019
M000000026/1.000000/0000/Sigma_BB-28822556
R000000025/1.111111/0114/M000000026
R000000024/1.234568/0153/R000000025
R000000022/1.234568/0287/R000000024
R000000021/2.345679/0112/R000000022/R000000020
R000000021/2.345679/0174/R000000024/R000000020
R000000017/2.606310/0147/R000000021
M000000029/1.000000/0000/Sigma_BB-30444216
R000000028/1.111111/0086/M000000029
R000000028/1.111111/0091/M000000029
R000000027/1.234568/0079/R000000028
M000000031/1.000000/0000/Sigma_BB-28778979
R000000030/2.222222/0212/M000000031/M000000029
R000000030/2.222222/0212/M000000031/M000000029
R000000027/2.469136/0009/R000000030
R000000016/4.115227/0122/R000000017/R000000027
R000000032/3.840878/0122/R000000018/R000000027
R000000035/1.000000/0000/Guesstimate
R000000034/2.482853/0122/R000000035/R000000027
R000000033/2.758726/0086/R000000034
R000000033/2.758726/0091/R000000034
R000000032/4.176363/0175/M000000019/R000000033
R000000016/4.267643/0114/R000000032
<NEXT>