#
#  Reaction log file
#  Author: LigBuilder V3 User_Diana
#  Creation time: Tue Feb 24 08:22:48 2026
#  Format:
#  QueryMoleculeId/Cost/SynthesizeId/ReactantId1/ReactantId2/ReactantId3.....
#  Id prefix:
#  Q --- Query Molecule
#  M --- Material
#  R --- Reactant
#
Directory      result/synthesize_HsDHODH/127/DATABASE/
#
Q000000001/4.130468/0000/R000000001
M000000005/1.000000/0000/Sigma_BB-30393366
R000000004/1.111111/0091/M000000005
R000000006/1.000000/0000/Guesstimate
R000000003/2.345679/0112/R000000004/R000000006
M000000008/1.000000/0000/Sigma_BB-28797839
R000000009/1.000000/0000/Guesstimate
R000000007/2.222222/0231/M000000008/R000000009
R000000003/2.469136/0082/R000000007
R000000010/1.000000/0000/Guesstimate
R000000002/3.717421/0049/R000000003/R000000010
R000000012/2.606310/0233/R000000003
R000000012/2.606310/0258/R000000003
R000000011/2.895900/0155/R000000012
R000000013/1.000000/0000/Guesstimate
R000000002/4.328778/0112/R000000011/R000000013
R000000001/4.130468/0041/R000000002
R000000015/1.000000/0000/Guesstimate
M000000018/1.000000/0000/Sigma_BB-28758302
R000000017/2.222222/0231/M000000018/R000000009
R000000016/2.469136/0198/R000000017
M000000020/1.000000/0000/Sigma_BB-187814628
R000000021/1.000000/0000/Guesstimate
R000000019/2.222222/0004/M000000020/R000000021
M000000022/1.000000/0000/Sigma_BB-28806397
R000000019/2.222222/0004/M000000022/R000000006
R000000023/1.000000/0000/Guesstimate
R000000016/3.580247/0212/R000000019/R000000023
R000000014/3.854596/0119/R000000015/R000000016
R000000024/1.000000/0000/Guesstimate
R000000014/3.854596/0276/R000000024/R000000016
R000000001/4.282884/0153/R000000014
Q000000002/4.007011/0000/R000000025
M000000028/1.000000/0000/Sigma_BB-28515735
M000000030/1.000000/0000/Sigma_BB-28780429
R000000029/1.111111/0091/M000000030
R000000032/1.000000/0000/Guesstimate
R000000033/1.000000/0000/Guesstimate
R000000031/2.222222/0112/R000000032/R000000033
R000000029/2.469136/0147/R000000031
R000000027/2.345679/0112/M000000028/R000000029
R000000034/1.234568/0287/R000000004
R000000035/1.000000/0000/Guesstimate
R000000027/2.482853/0112/R000000034/R000000035
R000000026/2.606310/0147/R000000027
M000000038/1.000000/0000/Sigma_BB-28769834
R000000037/2.222222/0175/M000000038/R000000032
R000000037/2.222222/0290/M000000038/R000000032
R000000036/3.580247/0112/R000000037/R000000033
R000000039/2.469136/0125/R000000037
R000000039/3.580247/0112/R000000037/R000000013
R000000040/1.000000/0000/Guesstimate
R000000036/3.854596/0138/R000000039/R000000040
R000000026/3.978053/0147/R000000036
R000000041/1.000000/0000/Guesstimate
R000000025/4.007011/0004/R000000026/R000000041
M000000045/1.000000/0000/Sigma_BB-27925058
R000000046/1.000000/0000/Guesstimate
R000000044/2.222222/0175/M000000045/R000000046
R000000044/2.222222/0290/M000000045/R000000046
R000000043/2.469136/0039/R000000044
R000000047/1.234568/0092/R000000004
R000000047/2.222222/0004/M000000038/R000000041
R000000048/1.000000/0000/Guesstimate
R000000043/2.482853/0119/R000000047/R000000048
R000000042/3.978053/0175/R000000043/R000000029
R000000050/2.345679/0112/R000000004/R000000035
R000000050/2.345679/0112/M000000038/R000000029
R000000049/2.606310/0147/R000000050
M000000052/1.000000/0000/Sigma_BB-28822556
R000000051/2.345679/0175/M000000052/R000000029
R000000051/2.345679/0290/M000000052/R000000029
R000000049/2.606310/0153/R000000051
R000000053/1.000000/0000/Guesstimate
R000000042/4.007011/0175/R000000049/R000000053
R000000025/4.420059/0024/R000000042
Q000000003/4.007011/0000/R000000025
<NEXT>