#
#  Reaction log file
#  Author: LigBuilder V3 User_Diana
#  Creation time: Tue Feb 24 08:27:46 2026
#  Format:
#  QueryMoleculeId/Cost/SynthesizeId/ReactantId1/ReactantId2/ReactantId3.....
#  Id prefix:
#  Q --- Query Molecule
#  M --- Material
#  R --- Reactant
#
Directory      result/synthesize_HsDHODH/237/DATABASE/
#
Q000000001/2.469136/0000/R000000001
M000000003/1.000000/0000/Sigma_BB-188677660
R000000004/1.000000/0000/Guesstimate
R000000002/2.222222/0003/M000000003/R000000004
R000000006/1.111111/0091/M000000003
R000000007/1.000000/0000/Guesstimate
R000000005/2.345679/0112/R000000006/R000000007
R000000008/1.111111/0197/M000000003
R000000009/1.000000/0000/Guesstimate
M000000010/1.000000/0000/Sigma_BB-67529228
R000000008/2.222222/0276/R000000009/M000000010
R000000011/1.000000/0000/Guesstimate
R000000005/2.345679/0112/R000000008/R000000011
R000000012/1.000000/0000/Guesstimate
R000000002/3.717421/0011/R000000005/R000000012
R000000001/2.469136/0099/R000000002
M000000014/1.000000/0000/Sigma_BB-28829475
R000000013/2.345679/0003/R000000008/M000000014
R000000015/1.234568/0079/R000000006
R000000017/1.000000/0000/Guesstimate
R000000016/2.345679/0004/R000000008/R000000017
R000000015/2.606310/0009/R000000016
M000000018/1.000000/0000/Sigma_BB-27725322
R000000013/2.482853/0049/R000000015/M000000018
R000000001/2.606310/0099/R000000013
Q000000002/2.469136/0000/R000000001
Q000000003/5.823977/0000/R000000019
M000000021/1.000000/0000/Sigma_BB-101868408
R000000020/1.111111/0153/M000000021
R000000022/1.111111/0091/M000000021
R000000023/1.000000/0000/Guesstimate
R000000025/1.000000/0000/Guesstimate
R000000026/1.000000/0000/Guesstimate
R000000024/2.222222/0279/R000000025/R000000026
R000000024/2.222222/0279/R000000025/R000000026
R000000022/3.580247/0159/R000000023/R000000024
R000000020/1.234568/0154/R000000022
R000000029/1.000000/0000/Guesstimate
M000000032/1.000000/0000/Sigma_BB-249442583
R000000031/1.111111/0125/M000000032
R000000033/1.000000/0000/Guesstimate
R000000031/2.222222/0112/R000000033/M000000032
R000000034/1.000000/0000/Guesstimate
R000000030/2.345679/0004/R000000031/R000000034
R000000036/1.000000/0000/Guesstimate
R000000035/2.345679/0003/R000000031/R000000036
R000000030/2.606310/0040/R000000035
R000000028/3.717421/0256/R000000029/R000000030
R000000027/4.130468/0197/R000000028
R000000019/5.823977/0231/R000000020/R000000027
R000000039/2.222222/0231/M000000021/R000000029
R000000041/2.345679/0231/R000000022/R000000029
R000000042/1.000000/0000/Guesstimate
R000000041/3.580247/0159/R000000042/R000000024
R000000040/2.606310/0079/R000000041
R000000043/1.000000/0000/Guesstimate
R000000040/3.717421/0112/R000000041/R000000043
R000000039/2.895900/0040/R000000040
R000000038/2.469136/0153/R000000039
R000000038/2.606310/0154/R000000041
R000000037/5.349795/0256/R000000038/R000000030
R000000019/5.944217/0197/R000000037
<NEXT>