#
#  Reaction log file
#  Author: LigBuilder V3 User_Diana
#  Creation time: Tue Feb 24 08:28:41 2026
#  Format:
#  QueryMoleculeId/Cost/SynthesizeId/ReactantId1/ReactantId2/ReactantId3.....
#  Id prefix:
#  Q --- Query Molecule
#  M --- Material
#  R --- Reactant
#
Directory      result/synthesize_HsDHODH/252/DATABASE/
#
Q000000001/4.589409/0000/R000000001
M000000006/1.000000/0000/Sigma_BB-80015695
R000000005/1.111111/0153/M000000006
R000000007/1.000000/0000/Guesstimate
M000000008/1.000000/0000/Sigma_BB-28758394
R000000005/2.222222/0276/R000000007/M000000008
R000000004/1.234568/0114/R000000005
R000000010/1.000000/0000/Guesstimate
R000000009/2.345679/0175/R000000005/R000000010
R000000009/2.345679/0290/R000000005/R000000010
R000000004/2.606310/0197/R000000009
R000000011/1.000000/0000/Guesstimate
R000000003/2.482853/0301/R000000004/R000000011
M000000013/1.000000/0000/Sigma_BB-27577759
R000000012/2.222222/0276/R000000007/M000000013
R000000012/2.222222/0278/R000000007/M000000013
R000000014/1.000000/0000/Guesstimate
R000000003/3.580247/0232/R000000012/R000000014
R000000017/1.000000/0000/Guesstimate
R000000016/1.111111/0118/R000000017
R000000018/1.000000/0000/Guesstimate
R000000016/2.222222/0112/R000000018/R000000017
R000000015/1.234568/0040/R000000016
R000000020/1.000000/0000/Guesstimate
R000000019/2.222222/0301/R000000020/R000000017
R000000019/2.222222/0301/R000000020/R000000017
R000000015/2.469136/0073/R000000019
R000000002/4.130468/0119/R000000003/R000000015
R000000021/2.606310/0119/R000000005/R000000015
R000000023/1.000000/0000/Guesstimate
R000000022/1.111111/0087/R000000023
R000000025/1.000000/0000/Guesstimate
R000000024/1.111111/0040/R000000025
R000000026/1.000000/0000/Guesstimate
R000000027/1.000000/0000/Guesstimate
R000000024/2.222222/0004/R000000026/R000000027
R000000022/1.234568/0086/R000000024
R000000002/4.130468/0175/R000000021/R000000022
R000000001/4.589409/0090/R000000002
M000000030/1.000000/0000/Sigma_BB-332441958
R000000029/3.580247/0232/R000000012/M000000030
R000000031/2.222222/0232/M000000013/M000000030
R000000029/3.580247/0276/R000000007/R000000031
R000000028/5.349795/0119/R000000029/R000000015
M000000034/1.000000/0000/Sigma_BB-28764950
R000000033/2.222222/0212/M000000034/R000000026
R000000033/2.222222/0212/M000000034/R000000026
R000000032/2.469136/0087/R000000033
R000000036/1.000000/0000/Guesstimate
R000000035/3.580247/0004/R000000036/R000000033
R000000032/3.978053/0197/R000000035
R000000028/5.639385/0175/R000000021/R000000032
R000000001/5.944217/0028/R000000028
Q000000002/4.452235/0000/R000000037
M000000041/1.000000/0000/Sigma_BB-293329736
R000000040/1.111111/0153/M000000041
M000000042/1.000000/0000/Sigma_BB-28416257
R000000040/2.222222/0276/R000000007/M000000042
R000000039/2.606310/0119/R000000040/R000000015
R000000043/1.371742/0086/R000000015
R000000043/1.371742/0091/R000000015
R000000039/2.758726/0276/R000000040/R000000043
R000000044/1.000000/0000/Guesstimate
R000000038/4.007011/0003/R000000039/R000000044
R000000046/1.000000/0000/Guesstimate
R000000045/2.482853/0112/R000000004/R000000046
R000000047/1.000000/0000/Guesstimate
R000000045/3.717421/0003/R000000009/R000000047
R000000038/4.130468/0119/R000000045/R000000015
R000000037/4.452235/0099/R000000038
M000000051/1.000000/0000/Sigma_BB-152437451
R000000050/1.111111/0087/M000000051
R000000050/2.743484/0300/R000000032
R000000049/2.469136/0175/R000000005/R000000050
R000000052/2.482853/0004/R000000004/M000000051
R000000052/2.482853/0277/R000000004/M000000051
R000000049/2.758726/0197/R000000052
R000000048/4.115227/0119/R000000049/R000000015
R000000048/4.130468/0175/R000000021/R000000050
R000000037/4.572474/0028/R000000048
Q000000003/4.452235/0000/R000000037
<NEXT>