#
#  Reaction log file
#  Author: LigBuilder V3 User_Diana
#  Creation time: Tue Feb 24 08:18:16 2026
#  Format:
#  QueryMoleculeId/Cost/SynthesizeId/ReactantId1/ReactantId2/ReactantId3.....
#  Id prefix:
#  Q --- Query Molecule
#  M --- Material
#  R --- Reactant
#
Directory      result/synthesize_HsDHODH/100/DATABASE/
#
Q000000001/Analysis Failed
Q000000002/Analysis Failed
Q000000003/3.405835/0000/R000000001
M000000007/1.000000/0000/Sigma_BB-28515735
R000000006/1.111111/0125/M000000007
R000000008/1.000000/0000/Guesstimate
R000000006/2.222222/0112/M000000007/R000000008
R000000005/1.234568/0125/R000000006
R000000005/2.345679/0112/R000000006/R000000008
R000000004/1.371742/0059/R000000005
M000000009/1.000000/0000/Sigma_BB-100802064
R000000004/2.222222/0174/M000000009/R000000008
R000000003/1.524158/0040/R000000004
R000000010/1.371742/0040/R000000005
M000000011/1.000000/0000/Sigma_BB-30393366
R000000010/2.222222/0174/M000000011/R000000008
R000000003/1.524158/0059/R000000010
M000000014/1.000000/0000/Sigma_BB-31665766
R000000013/1.111111/0287/M000000014
R000000015/1.000000/0000/Guesstimate
M000000016/1.000000/0000/Sigma_BB-308324471
R000000013/2.222222/0274/R000000015/M000000016
R000000012/1.234568/0155/R000000013
R000000018/1.000000/0000/Guesstimate
M000000019/1.000000/0000/Sigma_BB-151014002
R000000017/2.222222/0274/R000000018/M000000019
R000000012/2.469136/0153/R000000017
R000000002/3.065251/0003/R000000003/R000000012
R000000021/1.234568/0059/R000000006
R000000021/1.693509/0197/R000000003
R000000022/1.000000/0000/Guesstimate
R000000020/2.482853/0004/R000000021/R000000022
R000000023/2.345679/0004/R000000006/R000000022
R000000020/2.606310/0059/R000000023
M000000026/1.000000/0000/Sigma_BB-29589198
R000000025/2.222222/0274/M000000026/M000000016
R000000027/1.000000/0000/Guesstimate
R000000025/2.482853/0004/R000000027/R000000012
R000000024/2.469136/0009/R000000025
R000000028/1.000000/0000/Guesstimate
R000000030/1.000000/0000/Guesstimate
R000000029/2.222222/0274/R000000030/M000000016
R000000024/3.580247/0003/R000000028/R000000029
R000000002/5.502210/0049/R000000020/R000000024
R000000001/3.405835/0099/R000000002
R000000032/2.345679/0003/R000000006/R000000028
R000000032/2.482853/0049/R000000005/R000000022
R000000031/3.978052/0122/R000000032/R000000012
R000000031/3.978052/0122/R000000032/R000000012
R000000001/4.420058/0059/R000000031
<NEXT>