#
#  Reaction log file
#  Author: LigBuilder V3 User_Diana
#  Creation time: Tue Feb 24 08:17:47 2026
#  Format:
#  QueryMoleculeId/Cost/SynthesizeId/ReactantId1/ReactantId2/ReactantId3.....
#  Id prefix:
#  Q --- Query Molecule
#  M --- Material
#  R --- Reactant
#
Directory      result/synthesize_HsDHODH/87/DATABASE/
#
Q000000001/5.531170/0000/R000000001
M000000004/1.000000/0000/Sigma_BB-28777079
R000000003/1.111111/0197/M000000004
R000000005/1.000000/0000/Guesstimate
R000000003/1.111111/0228/R000000005
M000000008/1.000000/0000/Sigma_BB-292901132
R000000009/1.000000/0000/Guesstimate
R000000007/2.222222/0004/M000000008/R000000009
M000000010/1.000000/0000/Sigma_BB-117837614
R000000011/1.000000/0000/Guesstimate
R000000007/3.333333/0225/M000000010/R000000009/R000000011
R000000006/2.469136/0204/R000000007
R000000013/1.000000/0000/Guesstimate
R000000012/2.222222/0002/R000000013/R000000009
R000000012/2.222222/0004/R000000013/R000000009
M000000014/1.000000/0000/Sigma_BB-30752893
R000000006/3.580247/0212/R000000012/M000000014
R000000002/3.978053/0122/R000000003/R000000006
R000000002/3.978053/0122/R000000003/R000000006
R000000015/1.000000/0000/Guesstimate
R000000001/5.531170/0050/R000000002/R000000015
R000000019/1.000000/0000/Guesstimate
R000000018/2.222222/0004/M000000008/R000000019
R000000018/3.333333/0225/M000000010/R000000019/R000000011
R000000017/2.469136/0204/R000000018
R000000020/2.222222/0002/R000000013/R000000019
R000000020/2.222222/0004/R000000013/R000000019
R000000017/3.580247/0212/R000000020/M000000014
R000000016/3.978053/0122/R000000003/R000000017
R000000016/3.978053/0122/R000000003/R000000017
R000000001/5.531170/0051/R000000016/R000000015
Q000000002/7.241614/0000/R000000021
R000000024/2.469136/0086/R000000012
R000000024/2.469136/0091/R000000012
M000000025/1.000000/0000/Sigma_BB-27948135
R000000023/3.854596/0175/R000000024/M000000025
M000000027/1.000000/0000/Sigma_BB-28766604
R000000026/3.854596/0175/R000000024/M000000027
R000000026/3.854596/0290/R000000024/M000000027
R000000023/4.282884/0193/R000000026
R000000022/5.517452/0122/R000000003/R000000023
R000000022/5.517452/0122/R000000003/R000000023
R000000021/7.241614/0050/R000000022/R000000015
R000000031/1.000000/0000/Guesstimate
R000000030/2.222222/0002/R000000013/R000000031
R000000030/2.222222/0004/R000000013/R000000031
R000000033/1.000000/0000/Guesstimate
M000000034/1.000000/0000/Sigma_BB-151008381
R000000032/2.222222/0004/R000000033/M000000034
M000000035/1.000000/0000/Sigma_BB-29589225
R000000036/1.000000/0000/Guesstimate
R000000032/2.222222/0112/M000000035/R000000036
R000000029/4.938272/0212/R000000030/R000000032
R000000029/4.938272/0212/R000000030/R000000032
R000000028/6.721537/0122/R000000003/R000000029
R000000028/6.721537/0122/R000000003/R000000029
R000000021/7.468375/0041/R000000028
Q000000003/7.394030/0000/R000000037
M000000041/1.000000/0000/Sigma_BB-128841890
R000000040/3.580247/0212/R000000012/M000000041
M000000042/1.000000/0000/Sigma_BB-101357011
R000000040/3.854596/0175/R000000024/M000000042
R000000039/3.978053/0041/R000000040
M000000044/1.000000/0000/Sigma_BB-28766408
R000000043/3.854596/0112/R000000024/M000000044
M000000045/1.000000/0000/Sigma_BB-61879310
R000000043/3.854596/0174/R000000024/M000000045
R000000039/4.282884/0147/R000000043
R000000038/5.654626/0122/R000000003/R000000039
R000000038/5.654626/0122/R000000003/R000000039
R000000037/7.394030/0050/R000000038/R000000015
R000000047/5.089163/0050/R000000040/R000000015
R000000048/3.580247/0212/R000000020/M000000041
R000000048/3.580247/0212/R000000020/M000000041
R000000047/5.089163/0051/R000000048/R000000015
R000000046/6.889194/0122/R000000003/R000000047
R000000046/6.889194/0122/R000000003/R000000047
R000000037/7.654660/0041/R000000046
Q000000004/7.241614/0000/R000000021
<NEXT>