#
#  Reaction log file
#  Author: LigBuilder V3 User_Diana
#  Creation time: Tue Feb 24 08:19:37 2026
#  Format:
#  QueryMoleculeId/Cost/SynthesizeId/ReactantId1/ReactantId2/ReactantId3.....
#  Id prefix:
#  Q --- Query Molecule
#  M --- Material
#  R --- Reactant
#
Directory      result/synthesize_HsDHODH/111/DATABASE/
#
Q000000001/3.854596/0000/R000000001
M000000004/1.000000/0000/Sigma_BB-28769834
R000000005/1.000000/0000/Guesstimate
R000000003/2.222222/0175/M000000004/R000000005
M000000007/1.000000/0000/Sigma_BB-28514183
R000000008/1.000000/0000/Guesstimate
R000000006/2.222222/0003/M000000007/R000000008
R000000009/1.000000/0000/Guesstimate
R000000006/2.222222/0175/M000000004/R000000009
R000000003/2.469136/0041/R000000006
R000000002/2.469136/0139/R000000003
R000000011/1.000000/0000/Guesstimate
M000000013/1.000000/0000/Sigma_BB-27944636
R000000012/1.111111/0287/M000000013
M000000014/1.000000/0000/Sigma_BB-48709754
R000000015/1.000000/0000/Guesstimate
R000000012/2.222222/0231/M000000014/R000000015
R000000010/2.345679/0119/R000000011/R000000012
R000000016/2.222222/0119/R000000011/M000000014
R000000017/1.000000/0000/Guesstimate
R000000016/2.222222/0276/R000000017/M000000014
R000000010/3.580247/0231/R000000016/R000000015
R000000002/2.606310/0153/R000000010
R000000018/1.000000/0000/Guesstimate
R000000001/3.854596/0004/R000000002/R000000018
M000000022/1.000000/0000/Sigma_BB-27925058
R000000021/2.222222/0175/M000000022/R000000005
R000000023/1.000000/0000/Guesstimate
M000000024/1.000000/0000/Sigma_BB-27087847
R000000021/2.222222/0276/R000000023/M000000024
R000000020/2.469136/0139/R000000021
M000000026/1.000000/0000/Sigma_BB-48767194
R000000025/2.222222/0175/M000000022/M000000026
M000000027/1.000000/0000/Sigma_BB-154544102
R000000025/2.222222/0276/R000000023/M000000027
R000000020/2.469136/0150/R000000025
R000000028/1.000000/0000/Guesstimate
R000000019/3.854596/0175/R000000020/R000000028
M000000031/1.000000/0000/Sigma_BB-30428255
R000000032/1.000000/0000/Guesstimate
R000000030/2.222222/0175/M000000031/R000000032
R000000030/2.222222/0290/M000000031/R000000032
R000000029/2.469136/0039/R000000030
R000000033/2.222222/0175/M000000031/R000000017
R000000033/2.222222/0290/M000000031/R000000017
R000000034/1.000000/0000/Guesstimate
R000000029/3.580247/0119/R000000033/R000000034
R000000019/3.854596/0231/R000000029/R000000015
R000000001/4.282884/0024/R000000019
Q000000002/5.869872/0000/R000000035
R000000038/1.000000/0000/Guesstimate
R000000037/3.854596/0231/R000000029/R000000038
R000000037/5.393995/0279/R000000019/R000000038
R000000036/4.282884/0024/R000000037
R000000039/3.854596/0279/R000000002/R000000038
R000000039/3.854596/0279/R000000002/R000000038
R000000036/5.393995/0004/R000000039/R000000018
R000000040/1.000000/0000/Guesstimate
R000000035/5.869872/0003/R000000036/R000000040
R000000044/1.000000/0000/Guesstimate
R000000043/3.580247/0122/R000000006/R000000044
R000000043/3.580247/0122/R000000006/R000000044
R000000042/3.978053/0024/R000000043
R000000042/5.393995/0004/R000000039/R000000018
R000000041/5.531170/0004/R000000042/R000000018
R000000041/5.869872/0004/R000000036/R000000018
R000000045/1.000000/0000/Guesstimate
R000000035/7.256855/0003/R000000041/R000000045
Q000000003/4.159427/0000/R000000046
R000000050/1.000000/0000/Guesstimate
R000000049/2.222222/0175/M000000004/R000000050
R000000049/2.222222/0290/M000000004/R000000050
R000000048/2.469136/0293/R000000049
R000000047/2.743484/0090/R000000048
M000000053/1.000000/0000/Sigma_BB-28769739
R000000052/2.222222/0276/R000000023/M000000053
R000000052/2.222222/0278/R000000023/M000000053
R000000054/1.000000/0000/Guesstimate
R000000051/3.580247/0003/R000000052/R000000054
R000000055/2.469136/0091/R000000052
R000000056/1.000000/0000/Guesstimate
R000000051/3.854596/0112/R000000055/R000000056
R000000047/3.978053/0099/R000000051
R000000046/4.159427/0004/R000000047/R000000018
R000000059/2.222222/0175/M000000004/R000000028
R000000059/2.222222/0290/M000000004/R000000028
R000000058/3.580247/0003/R000000059/R000000008
R000000061/1.000000/0000/Guesstimate
R000000060/3.580247/0112/R000000059/R000000061
R000000060/4.282884/0082/R000000019
R000000062/1.000000/0000/Guesstimate
R000000058/5.089163/0049/R000000060/R000000062
R000000057/5.089163/0122/R000000058/R000000054
R000000057/5.089163/0122/R000000058/R000000054
R000000046/5.654626/0024/R000000057
<NEXT>