#
#  Reaction log file
#  Author: LigBuilder V3 User_Diana
#  Creation time: Tue Feb 24 08:18:35 2026
#  Format:
#  QueryMoleculeId/Cost/SynthesizeId/ReactantId1/ReactantId2/ReactantId3.....
#  Id prefix:
#  Q --- Query Molecule
#  M --- Material
#  R --- Reactant
#
Directory      result/synthesize_HsDHODH/99/DATABASE/
#
Q000000001/3.854596/0000/R000000001
M000000004/1.000000/0000/Sigma_BB-28769834
R000000005/1.000000/0000/Guesstimate
R000000003/2.222222/0175/M000000004/R000000005
M000000007/1.000000/0000/Sigma_BB-28515735
R000000008/1.000000/0000/Guesstimate
R000000006/2.222222/0003/M000000007/R000000008
R000000009/1.000000/0000/Guesstimate
R000000006/2.222222/0175/M000000004/R000000009
R000000003/2.469136/0041/R000000006
R000000002/2.469136/0139/R000000003
M000000011/1.000000/0000/Sigma_BB-48767194
R000000010/2.222222/0175/M000000004/M000000011
R000000013/1.000000/0000/Guesstimate
R000000012/2.222222/0175/M000000004/R000000013
R000000012/2.469136/0059/R000000006
R000000010/2.469136/0058/R000000012
R000000002/2.469136/0150/R000000010
R000000014/1.000000/0000/Guesstimate
R000000001/3.854596/0004/R000000002/R000000014
R000000016/1.000000/0000/Guesstimate
R000000015/3.854596/0004/R000000002/R000000016
M000000019/1.000000/0000/Sigma_BB-28797839
R000000020/1.000000/0000/Guesstimate
R000000018/2.222222/0231/M000000019/R000000020
R000000021/1.000000/0000/Guesstimate
M000000022/1.000000/0000/Sigma_BB-28839435
R000000018/2.222222/0276/R000000021/M000000022
R000000023/1.000000/0000/Guesstimate
R000000017/3.580247/0175/R000000018/R000000023
R000000024/2.222222/0175/M000000019/R000000023
R000000024/2.222222/0290/M000000019/R000000023
R000000017/3.580247/0231/R000000024/R000000020
R000000015/3.978053/0024/R000000017
R000000025/1.000000/0000/Guesstimate
R000000001/5.393995/0004/R000000015/R000000025
Q000000002/3.854596/0000/R000000001
Q000000003/4.159427/0000/R000000026
R000000030/1.000000/0000/Guesstimate
R000000029/2.222222/0175/M000000004/R000000030
R000000029/2.222222/0290/M000000004/R000000030
R000000028/2.469136/0293/R000000029
R000000027/2.743484/0090/R000000028
M000000033/1.000000/0000/Sigma_BB-28502898
R000000032/2.222222/0276/R000000021/M000000033
R000000032/2.222222/0278/R000000021/M000000033
R000000034/1.000000/0000/Guesstimate
R000000031/3.580247/0003/R000000032/R000000034
R000000035/2.469136/0091/R000000032
R000000036/1.000000/0000/Guesstimate
R000000031/3.854596/0112/R000000035/R000000036
R000000027/3.978053/0099/R000000031
R000000026/4.159427/0004/R000000027/R000000014
R000000040/1.000000/0000/Guesstimate
R000000039/2.222222/0231/M000000019/R000000040
R000000039/3.580247/0279/R000000018/R000000040
R000000038/3.580247/0175/R000000039/R000000023
R000000038/3.580247/0231/R000000024/R000000040
R000000037/3.978053/0024/R000000038
R000000037/4.159427/0004/R000000027/R000000016
R000000026/5.531170/0004/R000000037/R000000025
Q000000004/Analysis Failed
<NEXT>