#
#  Reaction log file
#  Author: LigBuilder V3 User_Diana
#  Creation time: Tue Feb 24 08:28:31 2026
#  Format:
#  QueryMoleculeId/Cost/SynthesizeId/ReactantId1/ReactantId2/ReactantId3.....
#  Id prefix:
#  Q --- Query Molecule
#  M --- Material
#  R --- Reactant
#
Directory      result/synthesize_HsDHODH/251/DATABASE/
#
Q000000001/Analysis Failed
Q000000002/Analysis Failed
Q000000003/4.282884/0000/R000000001
M000000005/1.000000/0000/Sigma_BB-28198806
R000000006/1.000000/0000/Guesstimate
R000000004/2.222222/0003/M000000005/R000000006
M000000007/1.000000/0000/Sigma_BB-28844782
R000000008/1.000000/0000/Guesstimate
R000000004/2.222222/0226/M000000007/R000000008
R000000003/2.469136/0059/R000000004
M000000010/1.000000/0000/Sigma_BB-27712229
M000000011/1.000000/0000/Sigma_BB-28517210
R000000009/2.222222/0212/M000000010/M000000011
R000000009/2.222222/0212/M000000010/M000000011
R000000012/1.000000/0000/Guesstimate
R000000003/3.580247/0112/R000000009/R000000012
R000000013/1.000000/0000/Guesstimate
R000000002/3.854596/0012/R000000003/R000000013
M000000016/1.000000/0000/Sigma_BB-128798538
R000000017/1.000000/0000/Guesstimate
R000000015/2.222222/0004/M000000016/R000000017
M000000018/1.000000/0000/Sigma_BB-243593189
R000000019/1.000000/0000/Guesstimate
R000000015/2.222222/0231/M000000018/R000000019
R000000014/3.580247/0212/R000000015/M000000011
R000000014/3.580247/0212/R000000015/M000000011
R000000002/5.089163/0112/R000000014/R000000012
R000000001/4.282884/0041/R000000002
R000000023/1.000000/0000/Guesstimate
R000000022/2.222222/0003/M000000010/R000000023
M000000024/1.000000/0000/Sigma_BB-181645267
R000000022/2.222222/0004/M000000024/R000000017
R000000026/1.000000/0000/Guesstimate
R000000027/1.000000/0000/Guesstimate
R000000025/2.222222/0004/R000000026/R000000027
R000000028/1.000000/0000/Guesstimate
R000000029/1.000000/0000/Guesstimate
R000000025/3.333333/0225/R000000026/R000000028/R000000029
R000000021/4.938272/0212/R000000022/R000000025
R000000021/4.938272/0212/R000000022/R000000025
R000000030/1.000000/0000/Guesstimate
R000000020/6.598080/0122/R000000021/R000000030
R000000020/6.598080/0122/R000000021/R000000030
R000000001/7.331201/0039/R000000020
<NEXT>