#
#  Reaction log file
#  Author: LigBuilder V3 User_Diana
#  Creation time: Tue Feb 24 08:24:34 2026
#  Format:
#  QueryMoleculeId/Cost/SynthesizeId/ReactantId1/ReactantId2/ReactantId3.....
#  Id prefix:
#  Q --- Query Molecule
#  M --- Material
#  R --- Reactant
#
Directory      result/synthesize_HsDHODH/162/DATABASE/
#
Q000000001/5.944217/0000/R000000001
M000000005/1.000000/0000/Sigma_BB-161564803
R000000004/1.111111/0093/M000000005
M000000006/1.000000/0000/Sigma_BB-316039288
R000000007/1.000000/0000/Guesstimate
R000000004/2.222222/0004/M000000006/R000000007
R000000003/2.345679/0004/R000000004/R000000007
R000000008/2.222222/0004/M000000006/R000000007
M000000009/1.000000/0000/Sigma_BB-28787194
R000000010/1.000000/0000/Guesstimate
R000000008/2.222222/0175/M000000009/R000000010
R000000003/3.580247/0004/R000000008/R000000007
R000000013/1.000000/0000/Guesstimate
R000000014/1.000000/0000/Guesstimate
R000000012/2.222222/0276/R000000013/R000000014
R000000012/2.222222/0278/R000000013/R000000014
R000000011/2.469136/0276/R000000012
R000000015/2.222222/0276/R000000013/R000000014
R000000015/2.222222/0278/R000000013/R000000014
R000000011/2.469136/0276/R000000015
R000000002/5.349795/0004/R000000003/R000000011
R000000016/3.854596/0004/R000000007/R000000011
R000000018/1.000000/0000/Guesstimate
R000000017/3.854596/0003/R000000011/R000000018
R000000016/4.282884/0040/R000000017
R000000002/5.517452/0004/R000000004/R000000016
R000000001/5.944217/0197/R000000002
M000000022/1.000000/0000/Sigma_BB-28806397
R000000021/3.854596/0004/M000000022/R000000011
M000000023/1.000000/0000/Sigma_BB-187814628
R000000021/5.393995/0004/M000000023/R000000016
R000000020/4.282884/0197/R000000021
R000000025/1.000000/0000/Guesstimate
R000000024/2.222222/0004/R000000025/R000000007
R000000027/1.000000/0000/Guesstimate
R000000028/1.000000/0000/Guesstimate
R000000026/2.222222/0122/R000000027/R000000028
R000000029/1.000000/0000/Guesstimate
R000000030/1.000000/0000/Guesstimate
R000000026/2.222222/0279/R000000029/R000000030
R000000024/2.469136/0024/R000000026
R000000019/7.227896/0231/R000000020/R000000024
M000000033/1.000000/0000/Sigma_BB-117278975
R000000034/1.000000/0000/Guesstimate
R000000032/4.965707/0225/M000000033/R000000011/R000000034
R000000032/5.393995/0004/M000000033/R000000016
R000000031/5.517452/0197/R000000032
R000000036/1.000000/0000/Guesstimate
R000000035/5.869872/0231/R000000020/R000000036
R000000031/6.522080/0197/R000000035
R000000037/1.000000/0000/Guesstimate
R000000019/7.241614/0279/R000000031/R000000037
R000000001/8.030996/0294/R000000019
Q000000002/5.944217/0000/R000000001
Q000000003/5.944217/0000/R000000001
<NEXT>