#
#  Reaction log file
#  Author: LigBuilder V3 User_Diana
#  Creation time: Tue Feb 24 08:23:37 2026
#  Format:
#  QueryMoleculeId/Cost/SynthesizeId/ReactantId1/ReactantId2/ReactantId3.....
#  Id prefix:
#  Q --- Query Molecule
#  M --- Material
#  R --- Reactant
#
Directory      result/synthesize_HsDHODH/142/DATABASE/
#
Q000000001/Analysis Failed
Q000000002/4.007011/0000/R000000001
M000000005/1.000000/0000/Sigma_BB-28714504
R000000004/1.111111/0114/M000000005
M000000006/1.000000/0000/Sigma_BB-243340988
R000000007/1.000000/0000/Guesstimate
R000000008/1.000000/0000/Guesstimate
R000000004/3.333333/0261/M000000006/R000000007/R000000008
R000000009/1.000000/0000/Guesstimate
R000000003/2.345679/0122/R000000004/R000000009
R000000011/1.000000/0000/Guesstimate
R000000010/2.222222/0175/M000000005/R000000011
M000000012/1.000000/0000/Sigma_BB-30669523
R000000010/3.333333/0261/M000000012/R000000007/R000000008
R000000013/1.000000/0000/Guesstimate
R000000003/3.580247/0122/R000000010/R000000013
R000000002/2.606310/0024/R000000003
M000000016/1.000000/0000/Sigma_BB-27441613
R000000015/1.111111/0114/M000000016
R000000017/1.000000/0000/Guesstimate
R000000015/2.222222/0274/M000000006/R000000017
R000000014/2.345679/0122/R000000015/R000000009
R000000018/2.222222/0175/M000000016/R000000011
R000000018/2.222222/0274/M000000012/R000000017
R000000014/3.580247/0122/R000000018/R000000013
R000000002/2.606310/0040/R000000014
R000000019/1.000000/0000/Guesstimate
R000000001/4.007011/0004/R000000002/R000000019
R000000021/2.345679/0277/R000000004/R000000019
R000000022/1.000000/0000/Guesstimate
R000000021/3.333333/0261/M000000006/R000000022/R000000008
R000000020/3.717421/0122/R000000021/R000000009
R000000025/1.000000/0000/Guesstimate
R000000024/3.333333/0261/M000000012/R000000025/R000000008
R000000023/3.703704/0041/R000000024
R000000026/1.000000/0000/Guesstimate
R000000023/3.717421/0003/R000000021/R000000026
R000000020/5.226338/0122/R000000023/R000000013
R000000001/4.130468/0024/R000000020
Q000000003/2.222222/0000/R000000027
M000000028/1.000000/0000/Sigma_BB-28518107
R000000027/2.222222/0004/M000000028/R000000019
R000000030/1.000000/0000/Guesstimate
R000000029/3.717421/0122/R000000021/R000000030
M000000033/1.000000/0000/Sigma_BB-27737043
R000000032/2.222222/0004/M000000033/R000000019
R000000032/2.222222/0277/M000000033/R000000019
R000000031/3.580247/0119/R000000032/R000000008
M000000035/1.000000/0000/Sigma_BB-101355943
R000000034/3.333333/0261/M000000035/R000000025/R000000008
R000000031/3.703704/0041/R000000034
R000000036/1.000000/0000/Guesstimate
R000000029/5.089163/0175/R000000031/R000000036
R000000027/4.130468/0024/R000000029
<NEXT>