#
#  Reaction log file
#  Author: LigBuilder V3 User_Diana
#  Creation time: Tue Feb 24 08:21:56 2026
#  Format:
#  QueryMoleculeId/Cost/SynthesizeId/ReactantId1/ReactantId2/ReactantId3.....
#  Id prefix:
#  Q --- Query Molecule
#  M --- Material
#  R --- Reactant
#
Directory      result/synthesize_HsDHODH/116/DATABASE/
#
Q000000001/Analysis Failed
Q000000002/Analysis Failed
Q000000003/5.212621/0000/R000000001
R000000003/1.000000/0000/Guesstimate
R000000004/1.000000/0000/Guesstimate
R000000002/2.222222/0004/R000000003/R000000004
R000000007/1.000000/0000/Guesstimate
R000000008/1.000000/0000/Guesstimate
R000000006/2.222222/0277/R000000007/R000000008
R000000005/2.469136/0099/R000000006
R000000010/1.000000/0000/Guesstimate
R000000009/2.222222/0112/R000000010/R000000004
R000000005/2.469136/0147/R000000009
R000000002/2.743484/0024/R000000005
R000000013/1.000000/0000/Guesstimate
R000000014/1.000000/0000/Guesstimate
R000000012/2.222222/0224/R000000013/R000000014
R000000011/2.469136/0147/R000000012
R000000015/2.469136/0040/R000000012
R000000011/3.854596/0212/R000000015/R000000003
R000000001/5.212621/0004/R000000002/R000000011
R000000016/3.854596/0004/R000000003/R000000011
R000000018/3.854596/0112/R000000010/R000000011
R000000017/4.282884/0147/R000000018
R000000016/4.758760/0024/R000000017
R000000001/5.393995/0004/R000000016/R000000004
Q000000004/5.212621/0000/R000000001
<NEXT>