#
#  Reaction log file
#  Author: LigBuilder V3 User_Diana
#  Creation time: Tue Feb 24 08:29:25 2026
#  Format:
#  QueryMoleculeId/Cost/SynthesizeId/ReactantId1/ReactantId2/ReactantId3.....
#  Id prefix:
#  Q --- Query Molecule
#  M --- Material
#  R --- Reactant
#
Directory      result/synthesize_HsDHODH/288/DATABASE/
#
Q000000001/7.331201/0000/R000000001
R000000005/1.000000/0000/Guesstimate
R000000006/1.000000/0000/Guesstimate
R000000004/2.222222/0277/R000000005/R000000006
R000000007/1.000000/0000/Guesstimate
R000000008/1.000000/0000/Guesstimate
R000000004/2.222222/0277/R000000007/R000000008
R000000010/1.000000/0000/Guesstimate
R000000011/1.000000/0000/Guesstimate
R000000009/2.222222/0003/R000000010/R000000011
R000000003/4.938272/0122/R000000004/R000000009
R000000003/4.938272/0122/R000000004/R000000009
R000000012/1.000000/0000/Guesstimate
R000000002/6.598080/0259/R000000003/R000000012
R000000002/6.598080/0259/R000000003/R000000012
R000000001/7.331201/0041/R000000002
R000000015/2.469136/0041/R000000004
R000000015/2.469136/0233/R000000004
R000000017/1.000000/0000/Guesstimate
R000000016/2.222222/0003/R000000010/R000000017
R000000014/5.212621/0122/R000000015/R000000016
R000000014/5.212621/0122/R000000015/R000000016
R000000013/6.902912/0259/R000000014/R000000012
R000000013/6.902912/0259/R000000014/R000000012
R000000018/1.000000/0000/Guesstimate
R000000001/8.781013/0050/R000000013/R000000018
Q000000002/7.331201/0000/R000000001
Q000000003/4.159427/0000/R000000019
R000000023/1.000000/0000/Guesstimate
R000000024/1.000000/0000/Guesstimate
R000000022/2.222222/0018/R000000023/R000000024
R000000021/2.469136/0295/R000000022
R000000020/2.743484/0024/R000000021
R000000027/1.000000/0000/Guesstimate
R000000026/2.222222/0018/R000000027/R000000024
R000000025/2.469136/0295/R000000026
R000000020/2.743484/0040/R000000025
M000000028/1.000000/0000/Sigma_BB-28438497
R000000019/4.159427/0004/R000000020/M000000028
R000000031/2.743484/0245/R000000021
R000000031/2.743484/0245/R000000021
R000000030/3.048316/0024/R000000031
R000000030/3.048316/0245/R000000020
R000000029/4.498129/0004/R000000030/M000000028
R000000033/1.000000/0000/Guesstimate
R000000032/2.222222/0004/R000000033/M000000028
M000000034/1.000000/0000/Sigma_BB-28103347
R000000035/1.000000/0000/Guesstimate
R000000032/2.222222/0004/M000000034/R000000035
R000000038/1.000000/0000/Guesstimate
R000000039/1.000000/0000/Guesstimate
R000000037/2.222222/0279/R000000038/R000000039
R000000037/2.222222/0279/R000000038/R000000039
R000000036/2.469136/0112/R000000037
R000000040/7.600000/0000/Guesstimate
R000000036/8.444445/0082/R000000040
R000000029/5.212621/0018/R000000032/R000000036
R000000019/4.997921/0219/R000000029
<NEXT>