#
#  Reaction log file
#  Author: LigBuilder V3 User_Diana
#  Creation time: Tue Feb 24 08:28:04 2026
#  Format:
#  QueryMoleculeId/Cost/SynthesizeId/ReactantId1/ReactantId2/ReactantId3.....
#  Id prefix:
#  Q --- Query Molecule
#  M --- Material
#  R --- Reactant
#
Directory      result/synthesize_HsDHODH/246/DATABASE/
#
Q000000001/3.048316/0000/R000000001
M000000005/1.000000/0000/Sigma_BB-28784936
R000000004/1.111111/0139/M000000005
M000000006/1.000000/0000/Sigma_BB-28758567
R000000007/1.000000/0000/Guesstimate
R000000004/2.222222/0231/M000000006/R000000007
R000000009/1.000000/0000/Guesstimate
R000000008/1.111111/0198/R000000009
R000000010/1.000000/0000/Guesstimate
R000000008/1.111111/0228/R000000010
R000000003/2.469136/0274/R000000004/R000000008
R000000012/1.000000/0000/Guesstimate
R000000011/2.345679/0274/R000000004/R000000012
R000000013/1.000000/0000/Guesstimate
R000000003/3.717421/0301/R000000011/R000000013
R000000002/2.743484/0039/R000000003
R000000016/1.000000/0000/Guesstimate
R000000015/2.345679/0274/R000000004/R000000016
R000000017/1.000000/0000/Guesstimate
R000000014/3.717421/0112/R000000015/R000000017
R000000019/1.000000/0000/Guesstimate
R000000020/1.000000/0000/Guesstimate
R000000018/3.456790/0261/R000000004/R000000019/R000000020
R000000014/3.840878/0082/R000000018
R000000002/4.130468/0041/R000000014
R000000001/3.048316/0024/R000000002
M000000024/1.000000/0000/Sigma_BB-34441918
R000000023/1.111111/0153/M000000024
R000000025/1.000000/0000/Guesstimate
R000000023/3.333333/0261/M000000006/R000000025/R000000020
R000000022/2.345679/0231/R000000023/R000000007
M000000027/1.000000/0000/Sigma_BB-28714504
R000000028/1.000000/0000/Guesstimate
R000000026/2.222222/0175/M000000027/R000000028
R000000026/3.333333/0261/M000000005/R000000025/R000000020
R000000022/2.469136/0139/R000000026
R000000021/2.606310/0024/R000000022
M000000031/1.000000/0000/Sigma_BB-27643151
R000000030/2.222222/0231/M000000031/R000000007
R000000029/2.469136/0082/R000000030
R000000032/8.100000/0000/Guesstimate
R000000029/9.000001/0118/R000000032
R000000021/2.743484/0040/R000000029
R000000001/4.007011/0004/R000000021/R000000013
Q000000002/3.048316/0000/R000000001
Q000000003/4.159427/0000/R000000033
R000000037/1.000000/0000/Guesstimate
R000000038/1.000000/0000/Guesstimate
R000000036/2.222222/0018/R000000037/R000000038
R000000035/2.469136/0237/R000000036
R000000039/2.469136/0283/R000000036
R000000035/2.743484/0295/R000000039
R000000034/2.743484/0024/R000000035
R000000042/1.000000/0000/Guesstimate
R000000041/2.222222/0018/R000000042/R000000038
R000000040/2.469136/0237/R000000041
R000000043/2.469136/0283/R000000041
R000000040/2.743484/0295/R000000043
R000000034/2.743484/0040/R000000040
R000000044/1.000000/0000/Guesstimate
R000000033/4.159427/0004/R000000034/R000000044
R000000047/3.048316/0198/R000000034
R000000047/3.048316/0298/R000000034
R000000046/3.387018/0257/R000000047
R000000045/4.874465/0004/R000000046/R000000044
R000000033/5.416072/0099/R000000045
<NEXT>