#
#  Reaction log file
#  Author: LigBuilder V3 User_Diana
#  Creation time: Tue Feb 24 08:24:24 2026
#  Format:
#  QueryMoleculeId/Cost/SynthesizeId/ReactantId1/ReactantId2/ReactantId3.....
#  Id prefix:
#  Q --- Query Molecule
#  M --- Material
#  R --- Reactant
#
Directory      result/synthesize_HsDHODH/169/DATABASE/
#
Q000000001/3.854596/0000/R000000001
R000000004/1.000000/0000/Guesstimate
R000000005/1.000000/0000/Guesstimate
R000000003/2.222222/0224/R000000004/R000000005
R000000007/1.000000/0000/Guesstimate
R000000006/2.222222/0224/R000000007/R000000005
R000000003/2.469136/0039/R000000006
R000000002/2.469136/0024/R000000003
R000000010/1.000000/0000/Guesstimate
R000000009/2.222222/0224/R000000010/R000000005
R000000008/2.469136/0079/R000000009
R000000012/1.000000/0000/Guesstimate
R000000011/2.222222/0224/R000000012/R000000005
R000000008/2.469136/0082/R000000011
R000000002/2.743484/0040/R000000008
R000000013/1.000000/0000/Guesstimate
R000000001/3.854596/0004/R000000002/R000000013
R000000017/1.000000/0000/Guesstimate
R000000016/2.222222/0112/R000000017/R000000013
R000000018/1.000000/0000/Guesstimate
R000000019/1.000000/0000/Guesstimate
R000000016/2.222222/0112/R000000018/R000000019
R000000015/3.580247/0224/R000000016/R000000005
R000000014/3.978053/0039/R000000015
R000000022/1.000000/0000/Guesstimate
R000000023/1.000000/0000/Guesstimate
R000000021/2.222222/0112/R000000022/R000000023
R000000020/3.580247/0224/R000000021/R000000005
R000000024/3.854596/0004/R000000002/R000000023
R000000025/1.000000/0000/Guesstimate
R000000020/5.393995/0119/R000000024/R000000025
R000000014/3.978053/0147/R000000020
R000000001/4.420059/0024/R000000014
Q000000002/Analysis Failed
Q000000003/Analysis Failed
<NEXT>