#
#  Reaction log file
#  Author: LigBuilder V3 User_Diana
#  Creation time: Tue Feb 24 08:14:19 2026
#  Format:
#  QueryMoleculeId/Cost/SynthesizeId/ReactantId1/ReactantId2/ReactantId3.....
#  Id prefix:
#  Q --- Query Molecule
#  M --- Material
#  R --- Reactant
#
Directory      result/synthesize_HsDHODH/29/DATABASE/
#
Q000000001/2.469136/0000/R000000001
M000000003/1.000000/0000/Sigma_BB-28769446
R000000004/1.000000/0000/Guesstimate
R000000002/2.222222/0175/M000000003/R000000004
R000000006/1.000000/0000/Guesstimate
R000000005/2.222222/0175/M000000003/R000000006
R000000007/1.000000/0000/Guesstimate
M000000009/1.000000/0000/Sigma_BB-28760254
R000000008/2.222222/0175/M000000009/R000000006
R000000008/2.222222/0290/M000000009/R000000006
R000000005/3.580247/0276/R000000007/R000000008
R000000002/2.469136/0039/R000000005
R000000001/2.469136/0024/R000000002
R000000012/1.000000/0000/Guesstimate
M000000013/1.000000/0000/Sigma_BB-101868410
R000000011/2.222222/0119/R000000012/M000000013
R000000015/1.000000/0000/Guesstimate
R000000014/2.222222/0119/R000000015/M000000013
R000000016/1.000000/0000/Guesstimate
R000000014/2.222222/0276/R000000016/M000000013
R000000011/2.469136/0040/R000000014
R000000010/2.469136/0153/R000000011
R000000018/1.000000/0000/Guesstimate
R000000017/2.222222/0119/R000000018/M000000013
R000000019/1.000000/0000/Guesstimate
R000000017/2.222222/0276/R000000019/M000000013
R000000010/2.469136/0154/R000000017
R000000020/1.000000/0000/Guesstimate
R000000001/3.854596/0004/R000000010/R000000020
Q000000002/2.482853/0000/R000000021
M000000024/1.000000/0000/Sigma_BB-28515735
R000000023/1.111111/0125/M000000024
R000000025/1.000000/0000/Guesstimate
R000000023/2.222222/0112/M000000024/R000000025
R000000022/1.234568/0147/R000000023
M000000028/1.000000/0000/Sigma_BB-362933455
R000000027/1.111111/0217/M000000028
M000000029/1.000000/0000/Sigma_BB-70797231
R000000027/2.222222/0119/R000000015/M000000029
R000000026/1.234568/0040/R000000027
R000000026/2.222222/0119/R000000012/M000000029
R000000022/1.371742/0153/R000000026
R000000021/2.482853/0004/R000000022/R000000020
M000000032/1.000000/0000/Sigma_BB-27403309
R000000031/2.222222/0175/M000000032/R000000006
M000000034/1.000000/0000/Sigma_BB-27925058
R000000033/2.222222/0175/M000000034/R000000006
R000000033/2.222222/0290/M000000034/R000000006
R000000035/1.000000/0000/Guesstimate
R000000031/3.580247/0173/R000000033/R000000035
R000000030/2.469136/0039/R000000031
M000000038/1.000000/0000/Sigma_BB-30393366
R000000037/1.111111/0093/M000000038
M000000039/1.000000/0000/Sigma_BB-28769834
R000000037/2.222222/0004/M000000039/R000000020
R000000040/1.000000/0000/Guesstimate
R000000036/2.345679/0119/R000000037/R000000040
R000000036/2.469136/0039/R000000033
R000000030/3.717421/0173/R000000036/R000000035
R000000021/2.743484/0024/R000000030
Q000000003/2.482853/0000/R000000021
<NEXT>