#
#  Reaction log file
#  Author: LigBuilder V3 User_Diana
#  Creation time: Tue Feb 24 08:28:53 2026
#  Format:
#  QueryMoleculeId/Cost/SynthesizeId/ReactantId1/ReactantId2/ReactantId3.....
#  Id prefix:
#  Q --- Query Molecule
#  M --- Material
#  R --- Reactant
#
Directory      result/synthesize_HsDHODH/280/DATABASE/
#
Q000000001/Analysis Failed
Q000000002/Analysis Failed
Q000000003/4.159427/0000/R000000001
R000000005/1.000000/0000/Guesstimate
R000000006/1.000000/0000/Guesstimate
R000000004/2.222222/0018/R000000005/R000000006
R000000003/2.469136/0295/R000000004
R000000002/2.743484/0024/R000000003
R000000009/1.000000/0000/Guesstimate
R000000008/2.222222/0018/R000000009/R000000006
R000000007/2.469136/0295/R000000008
R000000002/2.743484/0040/R000000007
R000000010/1.000000/0000/Guesstimate
R000000001/4.159427/0004/R000000002/R000000010
R000000014/1.000000/0000/Guesstimate
R000000013/1.111111/0198/R000000014
R000000013/1.111111/0298/R000000014
R000000012/1.234568/0155/R000000013
R000000015/1.111111/0228/R000000010
R000000015/1.111111/0286/R000000010
R000000012/1.234568/0156/R000000015
R000000011/4.420059/0004/R000000002/R000000012
R000000017/1.000000/0000/Guesstimate
R000000016/4.159427/0004/R000000002/R000000017
R000000019/1.000000/0000/Guesstimate
R000000018/4.159427/0004/R000000002/R000000019
R000000016/4.621586/0024/R000000018
R000000021/1.371742/0118/R000000012
R000000022/1.000000/0000/Guesstimate
R000000021/2.482853/0112/R000000012/R000000022
R000000020/1.524158/0040/R000000021
R000000026/1.000000/0000/Guesstimate
R000000027/1.000000/0000/Guesstimate
R000000025/2.222222/0174/R000000026/R000000027
R000000028/1.111111/0287/R000000027
R000000025/2.345679/0112/R000000026/R000000028
R000000024/2.469136/0197/R000000025
R000000029/7.400000/0000/Guesstimate
R000000024/8.222222/0091/R000000029
R000000023/4.115227/0112/R000000012/R000000024
R000000020/4.572474/0025/R000000023
R000000011/6.315095/0212/R000000016/R000000020
R000000001/4.911177/0188/R000000011
Q000000004/4.159427/0000/R000000001
<NEXT>