#
#  Reaction log file
#  Author: LigBuilder V3 User_Diana
#  Creation time: Tue Feb 24 08:23:49 2026
#  Format:
#  QueryMoleculeId/Cost/SynthesizeId/ReactantId1/ReactantId2/ReactantId3.....
#  Id prefix:
#  Q --- Query Molecule
#  M --- Material
#  R --- Reactant
#
Directory      result/synthesize_HsDHODH/152/DATABASE/
#
Q000000001/5.531170/0000/R000000001
M000000005/1.000000/0000/Sigma_BB-28762337
R000000006/1.000000/0000/Guesstimate
R000000004/2.222222/0001/M000000005/R000000006
R000000007/1.000000/0000/Guesstimate
R000000004/2.222222/0004/M000000005/R000000007
R000000008/1.000000/0000/Guesstimate
R000000003/3.580247/0259/R000000004/R000000008
R000000003/3.580247/0259/R000000004/R000000008
R000000002/3.978053/0147/R000000003
R000000011/1.000000/0000/Guesstimate
R000000010/3.580247/0259/R000000004/R000000011
R000000010/3.580247/0259/R000000004/R000000011
R000000009/3.978053/0198/R000000010
R000000013/1.000000/0000/Guesstimate
R000000012/3.580247/0259/R000000004/R000000013
R000000012/3.580247/0259/R000000004/R000000013
R000000009/3.978053/0198/R000000012
R000000002/4.420059/0155/R000000009
R000000014/1.000000/0000/Guesstimate
R000000001/5.531170/0018/R000000002/R000000014
R000000017/5.089163/0018/R000000010/R000000014
R000000018/1.000000/0000/Guesstimate
R000000016/6.765737/0119/R000000017/R000000018
R000000019/5.654626/0091/R000000017
R000000016/7.394029/0276/R000000019/R000000018
R000000015/7.517486/0228/R000000016
R000000021/5.089163/0018/R000000012/R000000014
R000000020/6.765737/0119/R000000021/R000000018
R000000022/5.654626/0091/R000000021
R000000020/7.394029/0276/R000000022/R000000018
R000000015/7.517486/0228/R000000020
R000000001/8.352762/0024/R000000015
Q000000002/5.869872/0000/R000000023
R000000026/2.469136/0204/R000000004
R000000027/1.000000/0000/Guesstimate
R000000025/3.854596/0259/R000000026/R000000027
R000000025/3.854596/0259/R000000026/R000000027
R000000024/4.282884/0040/R000000025
R000000029/3.580247/0119/R000000004/R000000018
R000000029/3.580247/0280/R000000004/R000000018
R000000028/5.089163/0259/R000000029/R000000027
R000000028/5.089163/0259/R000000029/R000000027
R000000024/5.654626/0024/R000000028
R000000023/5.869872/0018/R000000024/R000000014
R000000030/6.765737/0018/R000000028/R000000014
R000000032/7.517486/0082/R000000020
R000000031/8.352762/0041/R000000032
R000000031/8.352762/0233/R000000032
R000000030/9.280848/0155/R000000031
R000000023/7.517486/0024/R000000030
Q000000003/5.869872/0000/R000000023
Q000000004/5.869872/0000/R000000023
<NEXT>