#
#  Reaction log file
#  Author: LigBuilder V3 User_Diana
#  Creation time: Tue Feb 24 08:27:34 2026
#  Format:
#  QueryMoleculeId/Cost/SynthesizeId/ReactantId1/ReactantId2/ReactantId3.....
#  Id prefix:
#  Q --- Query Molecule
#  M --- Material
#  R --- Reactant
#
Directory      result/synthesize_HsDHODH/222/DATABASE/
#
Q000000001/3.993294/0000/R000000001
R000000003/1.000000/0000/Guesstimate
M000000004/1.000000/0000/Sigma_BB-28825169
R000000002/2.222222/0004/R000000003/M000000004
R000000007/1.000000/0000/Guesstimate
R000000006/2.222222/0112/R000000007/M000000004
R000000005/2.469136/0147/R000000006
R000000009/1.000000/0000/Guesstimate
R000000008/2.222222/0003/R000000009/M000000004
R000000005/2.469136/0153/R000000008
R000000002/2.743484/0024/R000000005
R000000013/1.000000/0000/Guesstimate
R000000012/1.111111/0288/R000000013
R000000011/1.234568/0155/R000000012
R000000015/1.000000/0000/Guesstimate
R000000014/1.111111/0245/R000000015
R000000014/1.111111/0245/R000000015
R000000011/1.234568/0155/R000000014
R000000010/1.371742/0295/R000000011
R000000018/1.000000/0000/Guesstimate
R000000017/1.111111/0288/R000000018
R000000016/1.234568/0155/R000000017
R000000020/1.000000/0000/Guesstimate
R000000019/1.111111/0245/R000000020
R000000019/1.111111/0245/R000000020
R000000016/1.234568/0155/R000000019
R000000010/1.371742/0295/R000000016
R000000001/3.993294/0004/R000000002/R000000010
R000000021/2.635269/0004/R000000003/R000000010
R000000023/2.635269/0112/R000000007/R000000010
R000000022/2.928077/0147/R000000023
R000000024/2.635269/0003/R000000009/R000000010
R000000022/2.928077/0153/R000000024
R000000021/3.253419/0024/R000000022
R000000001/4.039188/0004/R000000021/M000000004
Q000000002/3.993294/0000/R000000001
Q000000003/7.104439/0000/R000000025
M000000030/1.000000/0000/Sigma_BB-28710871
R000000031/1.000000/0000/Guesstimate
R000000029/2.222222/0285/M000000030/R000000031
R000000028/2.469136/0285/R000000029
R000000032/2.222222/0285/M000000030/R000000031
R000000028/2.469136/0285/R000000032
R000000033/1.000000/0000/Guesstimate
R000000027/3.854596/0122/R000000028/R000000033
R000000035/1.000000/0000/Guesstimate
R000000034/3.854596/0301/R000000028/R000000035
R000000034/3.854596/0301/R000000028/R000000035
R000000027/4.282884/0139/R000000034
M000000036/1.000000/0000/Sigma_BB-28766939
R000000026/5.393995/0279/R000000027/M000000036
M000000039/1.000000/0000/Sigma_BB-30554403
R000000040/1.000000/0000/Guesstimate
R000000038/2.222222/0004/M000000039/R000000040
R000000038/2.222222/0277/M000000039/R000000040
R000000037/2.469136/0009/R000000038
R000000041/2.222222/0122/M000000039/R000000033
R000000037/2.469136/0082/R000000041
R000000026/5.486969/0122/R000000028/R000000037
R000000042/1.000000/0000/Guesstimate
R000000025/7.104439/0119/R000000026/R000000042
R000000043/7.104439/0224/R000000026/R000000033
R000000044/5.393995/0224/R000000027/R000000033
R000000043/7.104439/0279/R000000044/M000000036
R000000045/1.000000/0000/Guesstimate
R000000025/9.004932/0119/R000000043/R000000045
<NEXT>