#
#  Reaction log file
#  Author: LigBuilder V3 User_Diana
#  Creation time: Tue Feb 24 08:26:31 2026
#  Format:
#  QueryMoleculeId/Cost/SynthesizeId/ReactantId1/ReactantId2/ReactantId3.....
#  Id prefix:
#  Q --- Query Molecule
#  M --- Material
#  R --- Reactant
#
Directory      result/synthesize_HsDHODH/207/DATABASE/
#
Q000000001/7.885148/0000/R000000001
R000000006/1.000000/0000/Guesstimate
R000000007/1.000000/0000/Guesstimate
R000000005/2.222222/0004/R000000006/R000000007
R000000004/2.469136/0086/R000000005
R000000004/2.469136/0091/R000000005
R000000003/2.743484/0079/R000000004
R000000008/1.000000/0000/Guesstimate
R000000003/3.854596/0112/R000000004/R000000008
R000000012/1.000000/0000/Guesstimate
R000000013/1.000000/0000/Guesstimate
R000000011/2.222222/0004/R000000012/R000000013
R000000014/1.000000/0000/Guesstimate
R000000015/1.000000/0000/Guesstimate
R000000011/3.333333/0225/R000000014/R000000013/R000000015
R000000010/2.469136/0093/R000000011
M000000016/1.000000/0000/Sigma_BB-28247348
R000000010/3.580247/0212/R000000011/M000000016
R000000009/2.743484/0197/R000000010
R000000018/1.000000/0000/Guesstimate
R000000017/3.580247/0212/R000000011/R000000018
R000000017/3.580247/0212/R000000011/R000000018
R000000009/3.978053/0155/R000000017
R000000002/6.096632/0122/R000000003/R000000009
R000000021/1.000000/0000/Guesstimate
R000000020/3.580247/0001/R000000005/R000000021
R000000022/1.000000/0000/Guesstimate
R000000020/3.580247/0003/R000000005/R000000022
R000000019/6.447188/0212/R000000020/R000000011
R000000019/6.447188/0212/R000000020/R000000011
R000000002/7.163543/0099/R000000019
R000000001/7.885148/0004/R000000002/R000000021
R000000026/1.000000/0000/Guesstimate
R000000025/4.159427/0301/R000000003/R000000026
R000000025/4.159427/0301/R000000003/R000000026
R000000024/4.621586/0039/R000000025
R000000028/1.000000/0000/Guesstimate
R000000027/3.580247/0049/R000000005/R000000028
R000000024/5.089163/0049/R000000027/R000000007
R000000023/8.183412/0122/R000000024/R000000009
R000000023/8.183412/0122/R000000024/R000000009
R000000001/9.092680/0024/R000000023
Q000000002/7.885148/0000/R000000001
Q000000003/7.546446/0000/R000000029
R000000031/2.469136/0197/R000000011
R000000032/2.222222/0004/R000000007/R000000013
R000000031/3.580247/0212/R000000032/R000000021
R000000030/5.791801/0122/R000000003/R000000031
R000000034/2.469136/0197/R000000005
R000000035/2.469136/0086/R000000011
R000000035/2.469136/0091/R000000011
R000000033/5.486969/0112/R000000034/R000000035
R000000033/5.486969/0112/R000000004/R000000031
R000000030/6.096632/0099/R000000033
R000000029/7.546446/0004/R000000030/R000000021
R000000036/7.878580/0122/R000000024/R000000031
R000000036/7.878580/0122/R000000024/R000000031
R000000029/8.753978/0024/R000000036
<NEXT>