#
#  Reaction log file
#  Author: LigBuilder V3 User_Diana
#  Creation time: Tue Feb 24 08:29:15 2026
#  Format:
#  QueryMoleculeId/Cost/SynthesizeId/ReactantId1/ReactantId2/ReactantId3.....
#  Id prefix:
#  Q --- Query Molecule
#  M --- Material
#  R --- Reactant
#
Directory      result/synthesize_HsDHODH/291/DATABASE/
#
Q000000001/6.096632/0000/R000000001
R000000005/1.000000/0000/Guesstimate
R000000006/1.000000/0000/Guesstimate
R000000004/2.222222/0112/R000000005/R000000006
R000000007/1.000000/0000/Guesstimate
R000000008/1.000000/0000/Guesstimate
R000000004/2.222222/0112/R000000007/R000000008
R000000003/2.469136/0039/R000000004
M000000010/1.000000/0000/Sigma_BB-28799125
R000000011/1.000000/0000/Guesstimate
R000000009/2.222222/0119/M000000010/R000000011
R000000009/2.222222/0280/M000000010/R000000011
R000000003/2.469136/0082/R000000009
M000000014/1.000000/0000/Sigma_BB-28939285
R000000013/1.111111/0059/M000000014
M000000015/1.000000/0000/Sigma_BB-161541518
R000000013/1.111111/0153/M000000015
R000000017/1.000000/0000/Guesstimate
R000000016/1.111111/0040/R000000017
R000000018/1.000000/0000/Guesstimate
R000000019/1.000000/0000/Guesstimate
R000000016/2.222222/0122/R000000018/R000000019
R000000012/2.469136/0001/R000000013/R000000016
M000000021/1.000000/0000/Sigma_BB-28778220
R000000020/1.111111/0156/M000000021
R000000022/1.000000/0000/Guesstimate
R000000023/1.000000/0000/Guesstimate
R000000020/2.222222/0274/R000000022/R000000023
R000000012/2.469136/0003/R000000016/R000000020
R000000002/5.486969/0081/R000000003/R000000012
M000000026/1.000000/0000/Sigma_BB-28777622
R000000027/2.345679/0001/R000000013/R000000018
R000000027/2.345679/0003/R000000018/R000000020
R000000025/3.717421/0081/M000000026/R000000027
R000000024/5.241580/0119/R000000025/R000000011
R000000024/5.349795/0081/R000000003/R000000027
R000000002/6.935089/0122/R000000024/R000000019
R000000001/6.096632/0024/R000000002
R000000033/1.000000/0000/Guesstimate
R000000034/1.000000/0000/Guesstimate
R000000032/2.222222/0174/R000000033/R000000034
R000000032/2.222222/0289/R000000033/R000000034
R000000031/2.469136/0197/R000000032
R000000035/7.400000/0000/Guesstimate
R000000031/8.222222/0091/R000000035
R000000036/1.000000/0000/Guesstimate
R000000030/3.854596/0112/R000000031/R000000036
R000000030/3.854596/0112/R000000031/R000000036
R000000029/4.282884/0059/R000000030
R000000038/1.000000/0000/Guesstimate
R000000037/3.854596/0112/R000000031/R000000038
R000000029/4.282884/0082/R000000037
R000000028/7.502244/0210/R000000029/R000000012
R000000001/8.335828/0025/R000000028
Q000000002/5.531170/0000/R000000039
R000000043/1.000000/0000/Guesstimate
M000000044/1.000000/0000/Sigma_BB-37328067
R000000042/2.222222/0001/R000000043/M000000044
R000000045/1.000000/0000/Guesstimate
R000000042/2.222222/0003/M000000044/R000000045
R000000041/3.580247/0081/M000000026/R000000042
R000000048/1.000000/0000/Guesstimate
R000000049/1.000000/0000/Guesstimate
R000000047/2.222222/0112/R000000048/R000000049
R000000050/1.000000/0000/Guesstimate
R000000051/1.000000/0000/Guesstimate
R000000047/2.222222/0112/R000000050/R000000051
R000000046/2.469136/0024/R000000047
R000000046/4.758760/0025/R000000029
R000000041/5.212621/0210/R000000046/R000000042
R000000040/3.978053/0024/R000000041
M000000054/1.000000/0000/Sigma_BB-28894009
R000000053/2.222222/0001/R000000043/M000000054
R000000053/2.222222/0003/M000000054/R000000045
R000000052/4.938272/0210/R000000047/R000000053
R000000052/5.212621/0081/R000000003/R000000053
R000000040/5.486969/0024/R000000052
R000000039/5.531170/0003/R000000040/R000000051
M000000058/1.000000/0000/Sigma_BB-28775803
R000000059/1.000000/0000/Guesstimate
R000000057/2.222222/0277/M000000058/R000000059
R000000056/3.580247/0081/R000000018/R000000057
M000000061/1.000000/0000/Sigma_BB-28778979
R000000060/2.222222/0001/R000000043/M000000061
M000000062/1.000000/0000/Sigma_BB-27492620
R000000063/1.000000/0000/Guesstimate
R000000060/2.222222/0001/M000000062/R000000063
R000000056/3.580247/0081/M000000026/R000000060
R000000055/3.978053/0009/R000000056
R000000066/1.000000/0000/Guesstimate
R000000065/2.222222/0001/R000000043/R000000066
R000000065/2.222222/0003/R000000066/R000000045
R000000064/4.938272/0210/R000000047/R000000065
R000000064/5.212621/0081/R000000003/R000000065
R000000055/5.486969/0024/R000000064
R000000067/1.000000/0000/Guesstimate
R000000039/5.531170/0012/R000000055/R000000067
Q000000003/6.096632/0000/R000000001
<NEXT>