#
#  Reaction log file
#  Author: LigBuilder V3 User_Diana
#  Creation time: Tue Feb 24 08:27:03 2026
#  Format:
#  QueryMoleculeId/Cost/SynthesizeId/ReactantId1/ReactantId2/ReactantId3.....
#  Id prefix:
#  Q --- Query Molecule
#  M --- Material
#  R --- Reactant
#
Directory      result/synthesize_HsDHODH/217/DATABASE/
#
Q000000001/Analysis Failed
Q000000002/Analysis Failed
Q000000003/7.468375/0000/R000000001
R000000005/1.000000/0000/Guesstimate
M000000006/1.000000/0000/Sigma_BB-30441135
R000000004/2.222222/0004/R000000005/M000000006
R000000007/1.000000/0000/Guesstimate
R000000008/1.000000/0000/Guesstimate
R000000004/3.333333/0225/R000000005/R000000007/R000000008
R000000003/2.469136/0150/R000000004
R000000010/1.000000/0000/Guesstimate
R000000009/2.222222/0004/R000000005/R000000010
R000000011/1.000000/0000/Guesstimate
R000000009/3.333333/0225/R000000005/R000000007/R000000011
R000000012/1.000000/0000/Guesstimate
R000000003/3.580247/0285/R000000009/R000000012
R000000015/1.000000/0000/Guesstimate
R000000016/1.000000/0000/Guesstimate
R000000014/2.222222/0279/R000000015/R000000016
R000000014/2.222222/0279/R000000015/R000000016
M000000017/1.000000/0000/Sigma_BB-48709164
R000000013/3.580247/0231/R000000014/M000000017
R000000018/2.222222/0231/R000000016/M000000017
R000000020/1.000000/0000/Guesstimate
R000000019/2.222222/0231/R000000020/M000000017
R000000018/2.469136/0147/R000000019
R000000013/3.580247/0279/R000000015/R000000018
R000000002/6.721537/0279/R000000003/R000000013
R000000021/3.854596/0279/R000000003/R000000015
R000000021/3.854596/0279/R000000003/R000000015
R000000002/6.752020/0279/R000000021/R000000018
R000000001/7.468375/0274/R000000002
R000000024/2.469136/0086/R000000009
R000000024/2.469136/0091/R000000009
R000000023/3.854596/0285/R000000024/R000000012
R000000026/1.000000/0000/Guesstimate
R000000025/3.854596/0277/R000000024/R000000026
R000000023/4.282884/0295/R000000025
R000000029/1.000000/0000/Guesstimate
R000000028/2.222222/0256/R000000029/R000000012
R000000028/3.580247/0274/R000000014/R000000007
R000000027/3.580247/0231/R000000028/M000000017
R000000031/1.000000/0000/Guesstimate
R000000030/3.580247/0279/R000000031/R000000018
R000000030/3.978053/0217/R000000013
R000000027/3.978053/0041/R000000030
R000000022/8.260937/0279/R000000023/R000000027
R000000033/5.393995/0279/R000000023/R000000031
R000000033/5.393995/0279/R000000023/R000000031
R000000032/5.993328/0041/R000000033
R000000032/5.993328/0233/R000000033
R000000022/9.128389/0279/R000000032/R000000018
R000000001/9.178819/0275/R000000022
Q000000004/Analysis Failed
<NEXT>