#
#  Reaction log file
#  Author: LigBuilder V3 User_Diana
#  Creation time: Tue Feb 24 08:30:09 2026
#  Format:
#  QueryMoleculeId/Cost/SynthesizeId/ReactantId1/ReactantId2/ReactantId3.....
#  Id prefix:
#  Q --- Query Molecule
#  M --- Material
#  R --- Reactant
#
Directory      result/synthesize_HsDHODH/295/DATABASE/
#
Q000000001/7.207744/0000/R000000001
R000000005/1.000000/0000/Guesstimate
R000000006/1.000000/0000/Guesstimate
R000000004/2.222222/0002/R000000005/R000000006
R000000004/2.222222/0004/R000000005/R000000006
R000000003/2.469136/0197/R000000004
R000000008/1.000000/0000/Guesstimate
R000000007/2.222222/0004/R000000005/R000000008
R000000003/2.469136/0204/R000000007
R000000011/1.000000/0000/Guesstimate
R000000012/1.000000/0000/Guesstimate
R000000010/2.222222/0004/R000000011/R000000012
R000000013/1.000000/0000/Guesstimate
R000000014/1.000000/0000/Guesstimate
R000000010/3.333333/0225/R000000013/R000000012/R000000014
R000000009/2.469136/0197/R000000010
R000000015/2.222222/0004/R000000008/R000000012
R000000016/1.000000/0000/Guesstimate
R000000009/3.580247/0212/R000000015/R000000016
R000000002/5.486969/0122/R000000003/R000000009
M000000019/1.000000/0000/Sigma_BB-28778979
R000000018/3.580247/0212/M000000019/R000000010
R000000020/1.000000/0000/Guesstimate
R000000018/3.854596/0004/R000000020/R000000009
R000000017/6.447188/0212/R000000007/R000000018
R000000017/6.447188/0212/R000000007/R000000018
R000000002/7.163543/0188/R000000017
R000000001/7.207744/0004/R000000002/R000000016
R000000024/1.000000/0000/Guesstimate
R000000023/3.854596/0301/R000000003/R000000024
R000000023/3.854596/0301/R000000003/R000000024
R000000022/4.282884/0039/R000000023
R000000026/1.000000/0000/Guesstimate
R000000025/3.580247/0049/R000000007/R000000026
R000000022/5.089163/0049/R000000025/R000000008
R000000021/7.502244/0122/R000000022/R000000009
R000000021/7.502244/0122/R000000022/R000000009
R000000001/8.335828/0024/R000000021
Q000000002/7.207744/0000/R000000001
Q000000003/7.807076/0000/R000000027
R000000032/1.000000/0000/Guesstimate
R000000033/1.000000/0000/Guesstimate
R000000031/2.222222/0277/R000000032/R000000033
R000000035/1.000000/0000/Guesstimate
R000000034/2.222222/0002/R000000035/R000000006
R000000034/2.222222/0004/R000000035/R000000006
R000000031/2.469136/0197/R000000034
R000000030/2.469136/0118/R000000031
R000000036/1.000000/0000/Guesstimate
R000000030/3.580247/0112/R000000031/R000000036
R000000037/1.000000/0000/Guesstimate
R000000029/3.854596/0012/R000000030/R000000037
R000000039/1.000000/0000/Guesstimate
R000000040/1.000000/0000/Guesstimate
R000000038/2.222222/0001/R000000039/R000000040
R000000041/1.000000/0000/Guesstimate
R000000038/2.222222/0002/R000000006/R000000041
R000000043/1.000000/0000/Guesstimate
R000000042/2.222222/0012/R000000037/R000000043
R000000044/1.000000/0000/Guesstimate
R000000045/1.000000/0000/Guesstimate
R000000042/2.222222/0095/R000000044/R000000045
R000000029/4.938272/0042/R000000038/R000000042
R000000048/1.000000/0000/Guesstimate
R000000049/1.000000/0000/Guesstimate
R000000047/2.222222/0274/R000000048/R000000049
R000000046/2.469136/0059/R000000047
M000000051/1.000000/0000/Sigma_BB-337522858
R000000050/2.222222/0274/M000000051/R000000049
R000000046/2.469136/0153/R000000050
R000000028/7.026369/0259/R000000029/R000000046
R000000053/5.212621/0259/R000000031/R000000046
R000000053/5.212621/0259/R000000031/R000000046
R000000052/5.791801/0125/R000000053
R000000052/6.902912/0112/R000000053/R000000036
R000000028/7.546446/0012/R000000052/R000000037
R000000027/7.807076/0041/R000000028
R000000057/2.222222/0001/R000000039/R000000006
R000000057/2.222222/0002/R000000006/R000000036
M000000058/1.000000/0000/Sigma_BB-238949524
R000000056/3.580247/0042/R000000057/M000000058
R000000059/3.580247/0042/R000000038/M000000058
R000000056/3.978053/0257/R000000059
R000000055/3.978053/0082/R000000056
R000000061/1.000000/0000/Guesstimate
R000000060/2.222222/0012/R000000037/R000000061
R000000062/1.000000/0000/Guesstimate
R000000060/2.222222/0095/R000000044/R000000062
R000000055/4.938272/0042/R000000057/R000000060
R000000054/7.163543/0259/R000000055/R000000046
R000000054/7.163543/0259/R000000055/R000000046
R000000027/7.959492/0041/R000000054
Q000000004/4.420059/0000/R000000063
M000000066/1.000000/0000/Sigma_BB-48709754
R000000065/1.111111/0125/M000000066
R000000065/2.222222/0112/M000000066/R000000036
R000000069/1.000000/0000/Guesstimate
R000000068/2.222222/0274/R000000069/R000000035
R000000067/2.469136/0122/R000000068
R000000071/8.600000/0000/Guesstimate
R000000070/9.555556/0082/R000000071
R000000072/9.600000/0000/Guesstimate
R000000070/9.600000/0188/R000000072
R000000067/9.200000/0099/R000000070
R000000064/3.978053/0231/R000000065/R000000067
R000000073/10.000000/0231/M000000066/R000000067
M000000075/1.000000/0000/Sigma_BB-28711616
R000000074/10.000000/0231/M000000075/R000000067
R000000073/10.000000/0287/R000000074
R000000064/10.000000/0125/R000000073
R000000063/4.420059/0041/R000000064
R000000078/1.234568/0041/R000000065
R000000079/7.000000/0000/Guesstimate
R000000078/7.777778/0191/R000000079
R000000081/1.000000/0000/Guesstimate
R000000080/1.111111/0218/R000000081
R000000080/1.111111/0283/R000000081
R000000077/2.606310/0231/R000000078/R000000080
R000000082/2.482853/0231/R000000078/R000000081
R000000077/2.758726/0218/R000000082
R000000076/4.007011/0277/R000000077/R000000041
R000000063/4.452235/0099/R000000076
<NEXT>