#
#  Reaction log file
#  Author: LigBuilder V3 User_Diana
#  Creation time: Tue Feb 24 08:29:41 2026
#  Format:
#  QueryMoleculeId/Cost/SynthesizeId/ReactantId1/ReactantId2/ReactantId3.....
#  Id prefix:
#  Q --- Query Molecule
#  M --- Material
#  R --- Reactant
#
Directory      result/synthesize_HsDHODH/287/DATABASE/
#
Q000000001/4.159427/0000/R000000001
M000000005/1.000000/0000/Sigma_BB-28423565
R000000004/1.111111/0091/M000000005
M000000006/1.000000/0000/Sigma_BB-28788714
R000000004/1.111111/0299/M000000006
M000000008/1.000000/0000/Sigma_BB-28431283
R000000007/1.111111/0086/M000000008
R000000007/1.111111/0091/M000000008
R000000003/2.469136/0175/R000000004/R000000007
M000000010/1.000000/0000/Sigma_BB-326697832
R000000011/1.000000/0000/Guesstimate
R000000009/2.222222/0004/M000000010/R000000011
R000000012/1.000000/0000/Guesstimate
R000000009/2.345679/0175/R000000004/R000000012
R000000003/3.580247/0212/R000000009/M000000008
R000000002/2.743484/0079/R000000003
M000000015/1.000000/0000/Sigma_BB-243340988
R000000016/1.000000/0000/Guesstimate
R000000014/2.222222/0301/M000000015/R000000016
R000000014/2.222222/0301/M000000015/R000000016
R000000017/1.000000/0000/Guesstimate
R000000013/3.580247/0174/R000000014/R000000017
M000000019/1.000000/0000/Sigma_BB-30664943
R000000018/2.222222/0004/M000000019/R000000011
M000000020/1.000000/0000/Sigma_BB-299859477
R000000018/2.222222/0112/M000000020/R000000017
R000000022/1.000000/0000/Guesstimate
R000000021/2.222222/0004/R000000022/R000000011
R000000023/1.000000/0000/Guesstimate
R000000024/1.000000/0000/Guesstimate
R000000021/3.333333/0225/R000000022/R000000023/R000000024
R000000013/4.938272/0212/R000000018/R000000021
R000000002/3.978053/0039/R000000013
R000000025/1.000000/0000/Guesstimate
R000000001/4.159427/0018/R000000002/R000000025
R000000026/5.089163/0018/R000000013/R000000025
M000000028/1.000000/0000/Sigma_BB-27340854
R000000027/2.222222/0018/M000000028/R000000025
R000000030/1.000000/0000/Guesstimate
R000000029/2.222222/0018/M000000028/R000000030
R000000027/2.469136/0059/R000000029
R000000031/2.469136/0086/R000000021
R000000031/2.469136/0091/R000000021
R000000026/5.212621/0175/R000000027/R000000031
R000000001/5.654626/0039/R000000026
Q000000002/4.159427/0000/R000000001
Q000000003/4.159427/0000/R000000001
<NEXT>