#
#  Reaction log file
#  Author: LigBuilder V3 User_Diana
#  Creation time: Tue Feb 24 08:22:59 2026
#  Format:
#  QueryMoleculeId/Cost/SynthesizeId/ReactantId1/ReactantId2/ReactantId3.....
#  Id prefix:
#  Q --- Query Molecule
#  M --- Material
#  R --- Reactant
#
Directory      result/synthesize_HsDHODH/131/DATABASE/
#
Q000000001/5.944217/0000/R000000001
M000000004/1.000000/0000/Sigma_BB-28498772
M000000006/1.000000/0000/Sigma_BB-28769081
R000000005/1.111111/0091/M000000006
M000000007/1.000000/0000/Sigma_BB-244316995
R000000005/1.111111/0299/M000000007
R000000003/2.345679/0112/M000000004/R000000005
M000000009/1.000000/0000/Sigma_BB-27506220
R000000008/2.222222/0256/M000000004/M000000009
R000000003/2.469136/0257/R000000008
R000000012/1.000000/0000/Guesstimate
R000000013/1.000000/0000/Guesstimate
R000000011/2.222222/0277/R000000012/R000000013
R000000010/2.469136/0260/R000000011
R000000002/5.349795/0112/R000000003/R000000010
R000000001/5.944217/0099/R000000002
R000000016/1.111111/0245/M000000004
R000000017/2.743484/0079/R000000010
R000000018/1.000000/0000/Guesstimate
R000000017/3.854596/0112/R000000010/R000000018
R000000015/4.282884/0122/R000000016/R000000017
R000000014/4.758760/0219/R000000015
R000000014/4.758760/0219/R000000015
R000000001/6.522080/0112/R000000014/R000000005
Q000000002/5.944217/0000/R000000001
Q000000003/5.944217/0000/R000000001
Q000000004/5.944217/0000/R000000001
<NEXT>