#
#  Reaction log file
#  Author: LigBuilder V3 User_Diana
#  Creation time: Tue Feb 24 08:23:22 2026
#  Format:
#  QueryMoleculeId/Cost/SynthesizeId/ReactantId1/ReactantId2/ReactantId3.....
#  Id prefix:
#  Q --- Query Molecule
#  M --- Material
#  R --- Reactant
#
Directory      result/synthesize_HsDHODH/141/DATABASE/
#
Q000000001/9.671818/0000/R000000001
R000000007/1.000000/0000/Guesstimate
R000000006/1.111111/0283/R000000007
R000000008/1.000000/0000/Guesstimate
R000000009/1.000000/0000/Guesstimate
R000000006/2.222222/0224/R000000008/R000000009
R000000010/1.000000/0000/Guesstimate
R000000005/2.345679/0285/R000000006/R000000010
R000000012/1.000000/0000/Guesstimate
R000000011/2.345679/0277/R000000006/R000000012
R000000005/2.606310/0295/R000000011
R000000013/1.000000/0000/Guesstimate
R000000004/3.717421/0112/R000000005/R000000013
R000000003/4.130468/0119/R000000004
R000000017/1.000000/0000/Guesstimate
R000000016/2.222222/0285/R000000017/R000000008
R000000018/2.606310/0079/R000000005
R000000019/1.000000/0000/Guesstimate
R000000018/3.717421/0112/R000000005/R000000019
R000000016/2.895900/0091/R000000018
R000000015/2.469136/0276/R000000016
R000000015/2.895900/0119/R000000018
R000000014/3.854596/0256/R000000015/R000000013
R000000003/4.282884/0257/R000000014
R000000022/1.000000/0000/Guesstimate
R000000023/1.000000/0000/Guesstimate
R000000024/1.000000/0000/Guesstimate
R000000021/3.333333/0225/R000000022/R000000023/R000000024
R000000021/3.333333/0225/R000000022/R000000023/R000000024
R000000020/3.703704/0153/R000000021
R000000026/1.000000/0000/Guesstimate
R000000025/2.222222/0004/R000000022/R000000026
M000000028/1.000000/0000/Sigma_BB-30485142
R000000027/1.111111/0093/M000000028
R000000029/1.000000/0000/Guesstimate
R000000030/1.000000/0000/Guesstimate
R000000027/2.222222/0004/R000000029/R000000030
R000000020/3.703704/0212/R000000025/R000000027
R000000002/8.704636/0279/R000000003/R000000020
R000000002/8.704636/0279/R000000003/R000000020
R000000001/9.671818/0279/R000000002
R000000031/8.704636/0279/R000000003/R000000020
R000000031/8.704636/0279/R000000003/R000000020
R000000001/9.671818/0279/R000000031
Q000000002/Analysis Failed
Q000000003/Analysis Failed
<NEXT>