#
#  Reaction log file
#  Author: LigBuilder V3 User_Diana
#  Creation time: Tue Feb 24 08:14:49 2026
#  Format:
#  QueryMoleculeId/Cost/SynthesizeId/ReactantId1/ReactantId2/ReactantId3.....
#  Id prefix:
#  Q --- Query Molecule
#  M --- Material
#  R --- Reactant
#
Directory      result/synthesize_HsDHODH/35/DATABASE/
#
Q000000001/2.222222/0000/R000000001
M000000002/1.000000/0000/Sigma_BB-121338875
R000000003/1.000000/0000/Guesstimate
R000000001/2.222222/0004/M000000002/R000000003
M000000005/1.000000/0000/Sigma_BB-28516267
R000000006/1.000000/0000/Guesstimate
R000000004/2.222222/0175/M000000005/R000000006
R000000008/1.000000/0000/Guesstimate
R000000007/2.222222/0175/M000000005/R000000008
R000000009/1.000000/0000/Guesstimate
M000000011/1.000000/0000/Sigma_BB-28711465
R000000010/2.222222/0175/M000000011/R000000008
R000000010/2.222222/0290/M000000011/R000000008
R000000007/3.580247/0276/R000000009/R000000010
R000000004/2.469136/0039/R000000007
R000000001/2.469136/0024/R000000004
Q000000002/2.222222/0000/R000000012
M000000013/1.000000/0000/Sigma_BB-28769834
R000000012/2.222222/0004/M000000013/R000000003
M000000015/1.000000/0000/Sigma_BB-27925058
R000000014/2.222222/0175/M000000015/R000000006
R000000016/2.222222/0175/M000000015/R000000008
M000000018/1.000000/0000/Sigma_BB-34437027
R000000017/2.222222/0175/M000000018/R000000008
R000000017/2.222222/0290/M000000018/R000000008
R000000016/3.580247/0276/R000000009/R000000017
R000000014/2.469136/0039/R000000016
R000000012/2.469136/0024/R000000014
Q000000003/2.222222/0000/R000000012
<NEXT>