#
#  Reaction log file
#  Author: LigBuilder V3 User_Diana
#  Creation time: Tue Feb 24 08:18:37 2026
#  Format:
#  QueryMoleculeId/Cost/SynthesizeId/ReactantId1/ReactantId2/ReactantId3.....
#  Id prefix:
#  Q --- Query Molecule
#  M --- Material
#  R --- Reactant
#
Directory      result/synthesize_HsDHODH/98/DATABASE/
#
Q000000001/5.791801/0000/R000000001
R000000005/1.000000/0000/Guesstimate
R000000006/1.000000/0000/Guesstimate
R000000004/2.222222/0112/R000000005/R000000006
R000000007/1.000000/0000/Guesstimate
R000000009/1.000000/0000/Guesstimate
R000000008/2.222222/0004/R000000009/R000000006
R000000004/3.580247/0049/R000000007/R000000008
R000000003/2.469136/0059/R000000004
R000000011/1.000000/0000/Guesstimate
R000000010/2.222222/0004/R000000011/R000000006
R000000012/1.000000/0000/Guesstimate
R000000013/1.000000/0000/Guesstimate
R000000010/3.333333/0225/R000000012/R000000006/R000000013
R000000003/2.469136/0153/R000000010
R000000015/1.000000/0000/Guesstimate
R000000016/1.000000/0000/Guesstimate
R000000014/2.222222/0003/R000000015/R000000016
R000000017/1.000000/0000/Guesstimate
R000000018/1.000000/0000/Guesstimate
R000000014/2.222222/0122/R000000017/R000000018
R000000002/5.212621/0261/R000000003/R000000014
R000000020/1.000000/0000/Guesstimate
R000000019/3.580247/0261/R000000020/R000000014
R000000021/3.333333/0261/R000000020/R000000015/R000000016
R000000019/3.703704/0003/R000000021
R000000002/6.447188/0224/R000000019/R000000004
R000000001/5.791801/0099/R000000002
R000000023/3.978053/0099/R000000019
R000000022/4.420059/0024/R000000023
R000000024/3.978053/0024/R000000019
R000000022/4.420059/0099/R000000024
R000000001/7.654661/0119/R000000022/R000000003
Q000000002/5.791801/0000/R000000001
Q000000003/4.159427/0000/R000000025
M000000029/1.000000/0000/Sigma_BB-28769834
R000000030/1.000000/0000/Guesstimate
R000000028/2.222222/0175/M000000029/R000000030
R000000028/2.222222/0290/M000000029/R000000030
R000000027/2.469136/0293/R000000028
R000000026/2.743484/0090/R000000027
R000000033/1.000000/0000/Guesstimate
M000000034/1.000000/0000/Sigma_BB-28502898
R000000032/2.222222/0276/R000000033/M000000034
R000000032/2.222222/0278/R000000033/M000000034
R000000035/1.000000/0000/Guesstimate
R000000031/3.580247/0003/R000000032/R000000035
R000000036/2.469136/0091/R000000032
R000000037/1.000000/0000/Guesstimate
R000000031/3.854596/0112/R000000036/R000000037
R000000026/3.978053/0099/R000000031
R000000038/1.000000/0000/Guesstimate
R000000025/4.159427/0004/R000000026/R000000038
M000000042/1.000000/0000/Sigma_BB-28797839
R000000043/1.000000/0000/Guesstimate
R000000041/2.222222/0231/M000000042/R000000043
R000000044/1.000000/0000/Guesstimate
R000000040/3.580247/0175/R000000041/R000000044
R000000045/2.222222/0175/M000000042/R000000044
R000000045/2.222222/0290/M000000042/R000000044
R000000040/3.580247/0231/R000000045/R000000043
R000000039/3.978053/0024/R000000040
R000000046/1.000000/0000/Guesstimate
R000000039/4.159427/0004/R000000026/R000000046
R000000047/1.000000/0000/Guesstimate
R000000025/5.531170/0004/R000000039/R000000047
<NEXT>