#
#  Reaction log file
#  Author: LigBuilder V3 User_Diana
#  Creation time: Tue Feb 24 08:15:45 2026
#  Format:
#  QueryMoleculeId/Cost/SynthesizeId/ReactantId1/ReactantId2/ReactantId3.....
#  Id prefix:
#  Q --- Query Molecule
#  M --- Material
#  R --- Reactant
#
Directory      result/synthesize_HsDHODH/62/DATABASE/
#
Q000000001/4.420059/0000/R000000001
R000000004/1.000000/0000/Guesstimate
R000000006/1.000000/0000/Guesstimate
R000000007/1.000000/0000/Guesstimate
R000000005/2.222222/0279/R000000006/R000000007
R000000005/2.222222/0279/R000000006/R000000007
R000000003/3.580247/0261/R000000004/R000000005
R000000009/1.000000/0000/Guesstimate
R000000008/3.580247/0261/R000000009/R000000005
R000000010/1.000000/0000/Guesstimate
R000000003/5.089163/0301/R000000008/R000000010
R000000002/3.978053/0218/R000000003
R000000012/1.000000/0000/Guesstimate
R000000014/1.000000/0000/Guesstimate
R000000015/1.000000/0000/Guesstimate
R000000013/2.222222/0003/R000000014/R000000015
R000000016/1.000000/0000/Guesstimate
R000000017/1.000000/0000/Guesstimate
R000000013/2.222222/0122/R000000016/R000000017
R000000011/3.580247/0261/R000000012/R000000013
R000000018/1.000000/0000/Guesstimate
R000000002/5.089163/0122/R000000011/R000000018
R000000001/4.420059/0099/R000000002
R000000022/1.000000/0000/Guesstimate
R000000023/1.000000/0000/Guesstimate
R000000021/2.222222/0279/R000000022/R000000023
R000000021/2.222222/0279/R000000022/R000000023
R000000024/1.000000/0000/Guesstimate
R000000020/3.580247/0274/R000000021/R000000024
R000000026/1.000000/0000/Guesstimate
R000000025/3.580247/0274/R000000021/R000000026
R000000027/1.000000/0000/Guesstimate
R000000020/5.089163/0274/R000000025/R000000027
R000000019/5.089163/0119/R000000020/R000000004
R000000030/1.000000/0000/Guesstimate
R000000029/3.333333/0261/R000000030/R000000016/R000000017
R000000028/3.703704/0099/R000000029
R000000028/5.089163/0119/R000000020/R000000030
R000000031/1.000000/0000/Guesstimate
R000000019/5.226338/0224/R000000028/R000000031
R000000001/5.654626/0122/R000000019
Q000000002/7.976428/0000/R000000032
R000000037/1.000000/0000/Guesstimate
R000000036/1.111111/0040/R000000037
M000000038/1.000000/0000/Sigma_BB-28849482
R000000036/1.111111/0156/M000000038
R000000035/3.703704/0261/R000000036/R000000013
R000000034/4.115227/0099/R000000035
R000000039/3.978053/0122/R000000020
R000000039/3.978053/0122/R000000020
R000000034/5.654626/0119/R000000039/R000000036
M000000042/1.000000/0000/Sigma_BB-28764950
R000000041/1.111111/0085/M000000042
R000000043/1.000000/0000/Guesstimate
R000000040/2.345679/0212/R000000041/R000000043
R000000045/1.000000/0000/Guesstimate
R000000044/2.222222/0004/M000000042/R000000045
R000000044/2.222222/0277/M000000042/R000000045
R000000040/2.469136/0197/R000000044
R000000033/7.178785/0212/R000000034/R000000040
R000000033/7.178785/0212/R000000034/R000000040
R000000032/7.976428/0028/R000000033
R000000047/2.345679/0212/R000000041/R000000043
R000000047/2.345679/0212/R000000041/R000000043
R000000046/7.178785/0212/R000000034/R000000047
R000000048/3.840878/0212/R000000036/R000000047
R000000049/2.469136/0212/R000000036/R000000041
R000000049/2.469136/0212/R000000036/R000000041
R000000048/3.854596/0212/R000000049/R000000043
R000000046/8.687701/0119/R000000039/R000000048
R000000032/7.976428/0028/R000000046
Q000000003/7.394029/0000/R000000050
R000000053/3.580247/0261/R000000045/R000000013
R000000054/1.000000/0000/Guesstimate
R000000052/5.089163/0256/R000000053/R000000054
R000000055/3.580247/0256/R000000013/R000000054
R000000052/5.089163/0261/R000000045/R000000055
R000000051/5.654626/0295/R000000052
R000000056/1.000000/0000/Guesstimate
R000000050/7.394029/0003/R000000051/R000000056
R000000057/6.282918/0118/R000000051
R000000058/1.000000/0000/Guesstimate
R000000057/7.394029/0112/R000000051/R000000058
R000000059/1.000000/0000/Guesstimate
R000000050/8.092132/0049/R000000057/R000000059
<NEXT>