#
#  Reaction log file
#  Author: LigBuilder V3 User_Diana
#  Creation time: Tue Feb 24 08:25:45 2026
#  Format:
#  QueryMoleculeId/Cost/SynthesizeId/ReactantId1/ReactantId2/ReactantId3.....
#  Id prefix:
#  Q --- Query Molecule
#  M --- Material
#  R --- Reactant
#
Directory      result/synthesize_HsDHODH/188/DATABASE/
#
Q000000001/4.267643/0000/R000000001
R000000004/1.000000/0000/Guesstimate
R000000005/1.000000/0000/Guesstimate
R000000003/2.222222/0112/R000000004/R000000005
R000000007/1.000000/0000/Guesstimate
R000000006/2.222222/0004/R000000004/R000000007
R000000003/2.469136/0009/R000000006
M000000010/1.000000/0000/Sigma_BB-249436450
R000000009/1.111111/0054/M000000010
R000000008/1.234568/0009/R000000009
M000000011/1.000000/0000/Sigma_BB-28666432
R000000012/1.000000/0000/Guesstimate
R000000008/2.222222/0003/M000000011/R000000012
R000000002/3.840878/0012/R000000003/R000000008
R000000002/3.840878/0285/R000000003/R000000008
R000000001/4.267643/0041/R000000002
R000000016/1.000000/0000/Guesstimate
R000000015/2.222222/0004/R000000004/R000000016
R000000018/1.000000/0000/Guesstimate
R000000017/2.222222/0004/R000000004/R000000018
R000000019/2.469136/0040/R000000003
R000000017/2.743484/0093/R000000019
R000000015/2.469136/0085/R000000017
R000000014/3.580247/0049/R000000015/M000000010
R000000014/3.854596/0003/R000000019/M000000011
R000000020/1.000000/0000/Guesstimate
R000000013/5.089163/0011/R000000014/R000000020
R000000023/1.000000/0000/Guesstimate
R000000022/2.222222/0112/R000000023/M000000011
R000000021/2.469136/0041/R000000022
R000000024/8.200000/0000/Guesstimate
R000000021/9.111111/0082/R000000024
R000000013/5.212621/0049/R000000015/R000000021
R000000001/5.654626/0099/R000000013
Q000000002/4.267643/0000/R000000001
Q000000003/4.159427/0000/R000000025
M000000029/1.000000/0000/Sigma_BB-48709754
R000000030/1.000000/0000/Guesstimate
R000000028/2.222222/0231/M000000029/R000000030
R000000027/2.469136/0294/R000000028
R000000032/1.000000/0000/Guesstimate
R000000031/2.222222/0231/M000000029/R000000032
R000000027/2.469136/0294/R000000031
R000000026/2.743484/0198/R000000027
R000000035/1.000000/0000/Guesstimate
R000000034/2.222222/0231/M000000029/R000000035
R000000033/2.469136/0294/R000000034
R000000037/1.000000/0000/Guesstimate
R000000036/2.222222/0231/M000000029/R000000037
R000000033/2.469136/0294/R000000036
R000000026/2.743484/0198/R000000033
R000000038/1.000000/0000/Guesstimate
R000000025/4.159427/0119/R000000026/R000000038
R000000042/1.000000/0000/Guesstimate
R000000043/1.000000/0000/Guesstimate
R000000041/2.222222/0279/R000000042/R000000043
R000000041/2.222222/0279/R000000042/R000000043
R000000040/3.580247/0119/R000000041/R000000038
R000000045/1.000000/0000/Guesstimate
R000000044/3.580247/0119/R000000041/R000000045
R000000044/3.580247/0276/R000000041/R000000023
R000000040/3.978053/0041/R000000044
R000000048/1.000000/0000/Guesstimate
R000000047/1.111111/0198/R000000048
R000000049/1.000000/0000/Guesstimate
R000000047/1.111111/0198/R000000049
R000000046/2.345679/0003/R000000012/R000000047
R000000050/1.234568/0125/R000000047
R000000050/2.345679/0112/R000000005/R000000047
R000000046/2.482853/0049/R000000016/R000000050
R000000039/6.584363/0159/R000000040/R000000046
R000000025/7.315958/0197/R000000039
Q000000004/4.159427/0000/R000000025
<NEXT>