#
#  Reaction log file
#  Author: LigBuilder V3 User_Diana
#  Creation time: Tue Feb 24 08:24:41 2026
#  Format:
#  QueryMoleculeId/Cost/SynthesizeId/ReactantId1/ReactantId2/ReactantId3.....
#  Id prefix:
#  Q --- Query Molecule
#  M --- Material
#  R --- Reactant
#
Directory      result/synthesize_HsDHODH/161/DATABASE/
#
Q000000001/7.893822/0000/R000000001
R000000003/1.000000/0000/Guesstimate
R000000006/1.000000/0000/Guesstimate
R000000009/1.000000/0000/Guesstimate
R000000010/1.000000/0000/Guesstimate
R000000008/2.222222/0159/R000000009/R000000010
R000000011/2.743484/0197/R000000007
R000000011/8.444445/0287/R000000012
R000000008/9.300000/0125/R000000011
R000000007/2.469136/0040/R000000008
R000000014/1.000000/0000/Guesstimate
R000000015/1.000000/0000/Guesstimate
R000000013/2.222222/0012/R000000014/R000000015
R000000016/1.000000/0000/Guesstimate
R000000017/1.000000/0000/Guesstimate
R000000013/2.222222/0112/R000000016/R000000017
R000000007/3.580247/0159/R000000013/R000000010
R000000005/3.854596/0003/R000000006/R000000007
R000000018/1.000000/0000/Guesstimate
R000000004/5.393995/0112/R000000005/R000000018
R000000021/1.000000/0000/Guesstimate
R000000020/2.222222/0112/R000000006/R000000021
R000000022/1.000000/0000/Guesstimate
R000000023/1.000000/0000/Guesstimate
R000000020/2.222222/0112/R000000022/R000000023
R000000019/2.469136/0024/R000000020
R000000024/2.222222/0112/R000000006/R000000017
R000000025/1.000000/0000/Guesstimate
R000000024/2.222222/0112/R000000025/R000000023
R000000019/2.469136/0040/R000000024
R000000004/5.486969/0003/R000000019/R000000007
R000000002/7.104439/0081/R000000003/R000000004
R000000029/1.000000/0000/Guesstimate
R000000028/2.222222/0112/R000000029/R000000021
R000000030/1.000000/0000/Guesstimate
R000000028/2.222222/0112/R000000022/R000000030
R000000027/3.580247/0210/R000000003/R000000028
R000000026/3.978053/0024/R000000027
R000000026/3.978053/0024/R000000027
R000000002/7.163543/0003/R000000026/R000000007
R000000001/7.893822/0147/R000000002
R000000035/1.000000/0000/Guesstimate
R000000036/1.000000/0000/Guesstimate
R000000034/2.222222/0001/R000000035/R000000036
R000000034/2.222222/0004/R000000022/R000000036
R000000033/3.580247/0081/R000000003/R000000034
R000000038/1.000000/0000/Guesstimate
R000000037/2.222222/0001/R000000035/R000000038
R000000037/2.222222/0004/R000000022/R000000038
R000000033/3.580247/0210/R000000003/R000000037
R000000032/3.978053/0024/R000000033
R000000041/1.000000/0000/Guesstimate
R000000040/2.222222/0112/R000000041/R000000021
R000000042/1.000000/0000/Guesstimate
R000000040/2.222222/0112/R000000022/R000000042
M000000043/1.000000/0000/Sigma_BB-28756674
R000000039/3.580247/0081/R000000040/M000000043
R000000045/1.000000/0000/Guesstimate
R000000044/2.222222/0112/R000000045/R000000021
R000000046/1.000000/0000/Guesstimate
R000000044/2.222222/0112/R000000022/R000000046
R000000039/3.580247/0210/R000000044/M000000043
R000000032/3.978053/0024/R000000039
R000000031/7.468375/0003/R000000032/R000000011
R000000049/3.978053/0093/R000000033
R000000050/1.000000/0000/Guesstimate
R000000049/5.089163/0004/R000000027/R000000050
R000000048/4.420059/0085/R000000049
R000000048/5.089163/0004/R000000027/R000000036
R000000047/4.911177/0024/R000000048
R000000047/5.531170/0004/R000000026/R000000036
R000000031/7.925999/0049/R000000047/R000000008
R000000001/8.298194/0147/R000000031
Q000000002/7.893822/0000/R000000001
Q000000003/7.893822/0000/R000000001
Q000000004/7.893822/0000/R000000001
<NEXT>