#
#  Reaction log file
#  Author: LigBuilder V3 User_Diana
#  Creation time: Tue Feb 24 08:29:12 2026
#  Format:
#  QueryMoleculeId/Cost/SynthesizeId/ReactantId1/ReactantId2/ReactantId3.....
#  Id prefix:
#  Q --- Query Molecule
#  M --- Material
#  R --- Reactant
#
Directory      result/synthesize_HsDHODH/276/DATABASE/
#
Q000000001/4.007011/0000/R000000001
M000000005/1.000000/0000/Sigma_BB-31084845
R000000004/1.111111/0041/M000000005
R000000004/1.111111/0233/M000000005
R000000006/1.000000/0000/Guesstimate
R000000003/2.345679/0169/R000000004/R000000006
R000000007/1.000000/0000/Guesstimate
R000000008/1.000000/0000/Guesstimate
R000000003/3.456790/0225/R000000004/R000000007/R000000008
R000000002/2.606310/0024/R000000003
M000000011/1.000000/0000/Sigma_BB-30529066
R000000010/1.111111/0082/M000000011
M000000012/1.000000/0000/Sigma_BB-27417003
R000000013/1.000000/0000/Guesstimate
R000000010/2.222222/0274/M000000012/R000000013
R000000009/2.345679/0169/R000000010/R000000006
R000000014/2.222222/0169/M000000011/R000000006
R000000014/3.333333/0225/M000000011/R000000007/R000000008
R000000009/2.469136/0082/R000000014
R000000002/2.606310/0040/R000000009
R000000015/1.000000/0000/Guesstimate
R000000001/4.007011/0004/R000000002/R000000015
R000000018/2.222222/0277/M000000005/R000000015
M000000019/1.000000/0000/Sigma_BB-27325035
R000000020/1.000000/0000/Guesstimate
R000000021/1.000000/0000/Guesstimate
R000000018/3.333333/0261/M000000019/R000000020/R000000021
R000000017/2.469136/0041/R000000018
R000000023/1.000000/0000/Guesstimate
R000000022/3.333333/0261/M000000012/R000000023/R000000021
R000000017/3.703704/0041/R000000022
R000000016/3.854596/0169/R000000017/R000000006
R000000016/4.965707/0225/R000000017/R000000007/R000000008
R000000001/4.282884/0024/R000000016
Q000000002/4.007011/0000/R000000001
Q000000003/4.572474/0000/R000000024
R000000028/1.000000/0000/Guesstimate
R000000027/1.111111/0055/R000000028
R000000029/1.000000/0000/Guesstimate
R000000030/1.000000/0000/Guesstimate
R000000027/2.222222/0003/R000000029/R000000030
R000000026/1.234568/0153/R000000027
R000000032/1.000000/0000/Guesstimate
R000000031/2.222222/0112/R000000032/R000000030
R000000026/2.469136/0147/R000000031
R000000025/1.371742/0024/R000000026
R000000033/1.000000/0000/Guesstimate
R000000025/2.222222/0004/R000000033/R000000030
R000000037/1.000000/0000/Guesstimate
R000000038/1.000000/0000/Guesstimate
R000000036/2.222222/0224/R000000037/R000000038
R000000035/2.469136/0082/R000000036
R000000040/1.000000/0000/Guesstimate
R000000039/2.222222/0170/R000000013/R000000040
R000000041/1.000000/0000/Guesstimate
R000000042/1.000000/0000/Guesstimate
R000000039/2.222222/0170/R000000041/R000000042
R000000035/2.469136/0090/R000000039
R000000034/2.743484/0122/R000000035
R000000045/1.000000/0000/Guesstimate
R000000046/1.000000/0000/Guesstimate
R000000044/2.222222/0279/R000000045/R000000046
R000000044/2.222222/0279/R000000045/R000000046
R000000043/2.469136/0285/R000000044
R000000047/9.300000/0000/Guesstimate
R000000043/9.300000/0257/R000000047
R000000034/2.743484/0147/R000000043
R000000024/4.572474/0004/R000000025/R000000034
R000000048/4.159427/0004/R000000033/R000000034
R000000050/4.159427/0112/R000000032/R000000034
R000000049/4.621586/0147/R000000050
R000000051/4.159427/0003/R000000029/R000000034
R000000049/4.621586/0153/R000000051
R000000048/5.135096/0024/R000000049
R000000024/5.732697/0004/R000000048/R000000030
<NEXT>