#
#  Reaction log file
#  Author: LigBuilder V3 User_Diana
#  Creation time: Tue Feb 24 08:18:32 2026
#  Format:
#  QueryMoleculeId/Cost/SynthesizeId/ReactantId1/ReactantId2/ReactantId3.....
#  Id prefix:
#  Q --- Query Molecule
#  M --- Material
#  R --- Reactant
#
Directory      result/synthesize_HsDHODH/96/DATABASE/
#
Q000000001/Analysis Failed
Q000000002/Analysis Failed
Q000000003/Analysis Failed
Q000000004/5.791801/0000/R000000001
R000000005/1.000000/0000/Guesstimate
R000000006/1.000000/0000/Guesstimate
R000000004/2.222222/0112/R000000005/R000000006
R000000007/1.000000/0000/Guesstimate
R000000009/1.000000/0000/Guesstimate
R000000008/2.222222/0004/R000000009/R000000006
R000000004/3.580247/0049/R000000007/R000000008
R000000003/2.469136/0059/R000000004
R000000011/1.000000/0000/Guesstimate
R000000010/2.222222/0004/R000000011/R000000006
R000000012/1.000000/0000/Guesstimate
R000000013/1.000000/0000/Guesstimate
R000000010/3.333333/0225/R000000012/R000000006/R000000013
R000000003/2.469136/0153/R000000010
R000000015/1.000000/0000/Guesstimate
R000000016/1.000000/0000/Guesstimate
R000000014/2.222222/0003/R000000015/R000000016
R000000017/1.000000/0000/Guesstimate
R000000018/1.000000/0000/Guesstimate
R000000014/2.222222/0122/R000000017/R000000018
R000000002/5.212621/0261/R000000003/R000000014
R000000020/1.000000/0000/Guesstimate
R000000019/3.580247/0261/R000000020/R000000014
R000000021/3.333333/0261/R000000020/R000000015/R000000016
R000000019/3.703704/0003/R000000021
R000000002/6.447188/0224/R000000019/R000000004
R000000001/5.791801/0099/R000000002
R000000023/3.978053/0099/R000000019
R000000022/4.420059/0024/R000000023
R000000024/3.978053/0024/R000000019
R000000022/4.420059/0099/R000000024
R000000001/7.654661/0119/R000000022/R000000003
<NEXT>