#
#  Reaction log file
#  Author: LigBuilder V3 User_Diana
#  Creation time: Tue Feb 24 08:27:06 2026
#  Format:
#  QueryMoleculeId/Cost/SynthesizeId/ReactantId1/ReactantId2/ReactantId3.....
#  Id prefix:
#  Q --- Query Molecule
#  M --- Material
#  R --- Reactant
#
Directory      result/synthesize_HsDHODH/221/DATABASE/
#
Q000000001/4.130468/0000/R000000001
R000000005/1.000000/0000/Guesstimate
R000000004/1.111111/0125/R000000005
R000000006/1.000000/0000/Guesstimate
R000000004/2.222222/0112/R000000005/R000000006
R000000007/1.000000/0000/Guesstimate
R000000003/2.345679/0012/R000000004/R000000007
R000000009/1.000000/0000/Guesstimate
R000000008/2.345679/0285/R000000004/R000000009
R000000003/2.606310/0079/R000000008
M000000010/1.000000/0000/Sigma_BB-70380583
R000000002/3.717421/0231/R000000003/M000000010
M000000012/1.000000/0000/Sigma_BB-27944466
R000000011/3.717421/0231/R000000003/M000000012
M000000014/1.000000/0000/Sigma_BB-187814628
R000000013/3.717421/0231/R000000003/M000000014
R000000011/4.130468/0299/R000000013
R000000002/4.130468/0287/R000000011
R000000001/4.130468/0059/R000000002
M000000018/1.000000/0000/Sigma_BB-243755193
R000000017/1.111111/0091/M000000018
M000000019/1.000000/0000/Sigma_BB-326673153
R000000017/1.111111/0299/M000000019
R000000016/2.345679/0112/R000000005/R000000017
R000000020/2.222222/0112/R000000005/M000000019
R000000016/2.469136/0299/R000000020
M000000023/1.000000/0000/Sigma_BB-28516749
R000000022/1.111111/0156/M000000023
R000000024/1.000000/0000/Guesstimate
R000000022/1.111111/0228/R000000024
R000000021/1.234568/0024/R000000022
R000000025/1.000000/0000/Guesstimate
R000000026/1.000000/0000/Guesstimate
R000000021/2.222222/0004/R000000025/R000000026
R000000015/3.978052/0049/R000000016/R000000021
M000000029/1.000000/0000/Sigma_BB-88360669
R000000030/1.000000/0000/Guesstimate
R000000028/3.333333/0225/R000000005/M000000029/R000000030
R000000028/3.333333/0225/R000000005/M000000029/R000000030
R000000027/3.703704/0197/R000000028
R000000031/1.000000/0000/Guesstimate
R000000015/5.226338/0112/R000000027/R000000031
R000000001/4.420058/0099/R000000015
Q000000002/4.130468/0000/R000000032
M000000034/1.000000/0000/Sigma_BB-70738426
R000000033/3.717421/0231/R000000003/M000000034
M000000036/1.000000/0000/Sigma_BB-28760999
R000000035/3.717421/0231/R000000003/M000000036
M000000038/1.000000/0000/Sigma_BB-34437027
R000000037/3.717421/0231/R000000003/M000000038
R000000035/4.130468/0287/R000000037
R000000033/4.130468/0287/R000000035
R000000032/4.130468/0059/R000000033
R000000039/3.840878/0049/R000000020/R000000021
M000000042/1.000000/0000/Sigma_BB-40998892
R000000041/2.222222/0004/R000000005/M000000042
M000000043/1.000000/0000/Sigma_BB-29019709
R000000041/3.333333/0225/R000000005/M000000043/R000000030
R000000040/2.469136/0197/R000000041
R000000039/3.854596/0112/R000000040/R000000031
R000000032/4.267643/0099/R000000039
Q000000003/3.993294/0000/R000000044
R000000046/1.000000/0000/Guesstimate
M000000047/1.000000/0000/Sigma_BB-28825169
R000000045/2.222222/0004/R000000046/M000000047
R000000050/1.000000/0000/Guesstimate
R000000049/2.222222/0112/R000000050/M000000047
R000000048/2.469136/0147/R000000049
R000000052/1.000000/0000/Guesstimate
R000000051/2.222222/0003/R000000052/M000000047
R000000048/2.469136/0153/R000000051
R000000045/2.743484/0024/R000000048
R000000056/1.000000/0000/Guesstimate
R000000055/1.111111/0288/R000000056
R000000054/1.234568/0155/R000000055
R000000058/1.000000/0000/Guesstimate
R000000057/1.111111/0245/R000000058
R000000057/1.111111/0245/R000000058
R000000054/1.234568/0155/R000000057
R000000053/1.371742/0295/R000000054
R000000061/1.000000/0000/Guesstimate
R000000060/1.111111/0288/R000000061
R000000059/1.234568/0155/R000000060
R000000063/1.000000/0000/Guesstimate
R000000062/1.111111/0245/R000000063
R000000062/1.111111/0245/R000000063
R000000059/1.234568/0155/R000000062
R000000053/1.371742/0295/R000000059
R000000044/3.993294/0004/R000000045/R000000053
R000000064/2.635269/0004/R000000046/R000000053
R000000066/2.635269/0112/R000000050/R000000053
R000000065/2.928077/0147/R000000066
R000000067/2.635269/0003/R000000052/R000000053
R000000065/2.928077/0153/R000000067
R000000064/3.253419/0024/R000000065
R000000044/4.039188/0004/R000000064/M000000047
<NEXT>