#
#  Reaction log file
#  Author: LigBuilder V3 User_Diana
#  Creation time: Tue Feb 24 08:17:53 2026
#  Format:
#  QueryMoleculeId/Cost/SynthesizeId/ReactantId1/ReactantId2/ReactantId3.....
#  Id prefix:
#  Q --- Query Molecule
#  M --- Material
#  R --- Reactant
#
Directory      result/synthesize_HsDHODH/89/DATABASE/
#
Q000000001/5.791801/0000/R000000001
M000000005/1.000000/0000/Sigma_BB-28769446
R000000006/1.000000/0000/Guesstimate
R000000004/2.222222/0174/M000000005/R000000006
R000000008/1.000000/0000/Guesstimate
M000000009/1.000000/0000/Sigma_BB-101868410
R000000007/2.222222/0276/R000000008/M000000009
M000000012/1.000000/0000/Sigma_BB-101868449
R000000011/2.222222/0276/R000000008/M000000012
R000000011/2.222222/0278/R000000008/M000000012
R000000010/2.469136/0024/R000000011
R000000014/1.000000/0000/Guesstimate
R000000013/2.222222/0174/M000000005/R000000014
R000000013/2.222222/0289/M000000005/R000000014
R000000010/2.469136/0040/R000000013
R000000007/2.743484/0197/R000000010
R000000004/3.580247/0112/R000000007/R000000006
R000000003/2.469136/0147/R000000004
M000000016/1.000000/0000/Sigma_BB-158319585
R000000015/2.222222/0175/M000000016/R000000006
R000000015/2.222222/0290/M000000016/R000000006
R000000003/2.469136/0153/R000000015
R000000018/1.000000/0000/Guesstimate
R000000019/1.000000/0000/Guesstimate
R000000017/2.222222/0004/R000000018/R000000019
R000000022/1.000000/0000/Guesstimate
R000000021/3.580247/0212/R000000022/R000000017
R000000021/3.580247/0212/R000000022/R000000017
R000000020/3.978053/0040/R000000021
R000000017/4.420059/0100/R000000020
R000000002/5.212621/0003/R000000003/R000000017
R000000024/1.111111/0114/M000000005
R000000025/2.743484/0093/R000000010
R000000026/1.000000/0000/Guesstimate
R000000025/3.580247/0004/R000000007/R000000026
R000000024/3.048316/0197/R000000025
R000000027/1.000000/0000/Guesstimate
R000000023/2.345679/0003/R000000024/R000000027
R000000029/1.000000/0000/Guesstimate
R000000028/3.854596/0004/R000000003/R000000029
M000000030/1.000000/0000/Sigma_BB-28721388
R000000028/4.159427/0212/R000000025/M000000030
R000000023/4.282884/0009/R000000028
R000000032/1.000000/0000/Guesstimate
R000000033/2.469136/0197/R000000017
R000000031/3.854596/0004/R000000032/R000000033
R000000035/1.000000/0000/Guesstimate
R000000034/3.854596/0277/R000000035/R000000033
R000000036/1.000000/0000/Guesstimate
R000000034/3.854596/0301/R000000036/R000000033
R000000031/4.282884/0024/R000000034
R000000002/6.889194/0049/R000000023/R000000031
R000000001/5.791801/0147/R000000002
R000000039/1.000000/0000/Guesstimate
R000000038/3.580247/0212/R000000039/R000000017
R000000038/3.580247/0212/R000000039/R000000017
R000000037/6.721537/0003/R000000010/R000000038
R000000040/3.048316/0085/R000000025
R000000040/3.580247/0004/R000000007/R000000032
M000000043/1.000000/0000/Sigma_BB-28756175
R000000042/3.580247/0212/M000000043/R000000017
R000000042/5.089163/0004/R000000029/R000000038
R000000041/3.978053/0009/R000000042
R000000041/5.089163/0049/R000000032/R000000021
R000000037/7.807077/0049/R000000040/R000000041
R000000001/7.468375/0147/R000000037
Q000000002/Analysis Failed
Q000000003/Analysis Failed
<NEXT>