#
#  Reaction log file
#  Author: LigBuilder V3 User_Diana
#  Creation time: Tue Feb 24 08:28:14 2026
#  Format:
#  QueryMoleculeId/Cost/SynthesizeId/ReactantId1/ReactantId2/ReactantId3.....
#  Id prefix:
#  Q --- Query Molecule
#  M --- Material
#  R --- Reactant
#
Directory      result/synthesize_HsDHODH/250/DATABASE/
#
Q000000001/6.918153/0000/R000000001
R000000005/1.000000/0000/Guesstimate
R000000006/1.000000/0000/Guesstimate
R000000007/1.000000/0000/Guesstimate
R000000004/3.333333/0225/R000000005/R000000006/R000000007
R000000004/3.333333/0225/R000000005/R000000006/R000000007
R000000003/3.703704/0204/R000000004
R000000009/1.000000/0000/Guesstimate
R000000008/4.814815/0212/R000000004/R000000009
R000000008/4.814815/0212/R000000004/R000000009
R000000003/5.349795/0217/R000000008
M000000010/1.000000/0000/Sigma_BB-29038349
R000000002/5.226338/0231/R000000003/M000000010
R000000011/1.000000/0000/Guesstimate
R000000001/6.918153/0122/R000000002/R000000011
R000000001/6.918153/0122/R000000002/R000000011
Q000000002/4.159427/0000/R000000012
R000000013/1.000000/0000/Guesstimate
R000000017/1.000000/0000/Guesstimate
R000000018/1.000000/0000/Guesstimate
R000000016/2.222222/0224/R000000017/R000000018
R000000015/2.469136/0079/R000000016
R000000020/1.000000/0000/Guesstimate
R000000019/2.222222/0224/R000000017/R000000020
R000000015/2.469136/0082/R000000019
R000000014/2.743484/0041/R000000015
R000000023/1.000000/0000/Guesstimate
R000000024/1.000000/0000/Guesstimate
R000000022/2.222222/0081/R000000023/R000000024
R000000025/1.000000/0000/Guesstimate
R000000022/2.222222/0210/R000000023/R000000025
R000000026/1.000000/0000/Guesstimate
R000000021/3.580247/0224/R000000022/R000000026
R000000027/1.000000/0000/Guesstimate
R000000029/1.000000/0000/Guesstimate
M000000030/1.000000/0000/Sigma_BB-28762337
R000000028/2.222222/0001/R000000029/M000000030
R000000028/2.222222/0002/R000000023/R000000024
R000000021/3.580247/0259/R000000027/R000000028
R000000014/3.978053/0197/R000000021
R000000012/4.159427/0004/R000000013/R000000014
R000000032/1.000000/0000/Guesstimate
R000000031/4.159427/0004/R000000032/R000000014
R000000035/1.000000/0000/Guesstimate
R000000034/4.159427/0112/R000000035/R000000014
R000000033/4.621586/0147/R000000034
M000000037/1.000000/0000/Sigma_BB-28524129
R000000036/3.580247/0212/M000000037/R000000028
R000000036/3.580247/0212/M000000037/R000000028
R000000033/5.089163/0259/R000000036/R000000027
R000000031/5.135096/0024/R000000033
R000000038/1.000000/0000/Guesstimate
R000000012/5.732697/0004/R000000031/R000000038
Q000000003/4.282884/0000/R000000039
R000000043/1.000000/0000/Guesstimate
M000000044/1.000000/0000/Sigma_BB-152396216
R000000042/2.222222/0004/R000000043/M000000044
R000000045/1.000000/0000/Guesstimate
R000000042/3.333333/0225/R000000043/R000000045/R000000007
R000000041/2.469136/0204/R000000042
R000000046/2.222222/0002/R000000043/R000000023
R000000046/2.222222/0004/R000000043/R000000023
M000000047/1.000000/0000/Sigma_BB-28507894
R000000041/3.580247/0212/R000000046/M000000047
R000000048/1.000000/0000/Guesstimate
R000000040/3.854596/0122/R000000041/R000000048
R000000040/3.854596/0122/R000000041/R000000048
R000000039/4.282884/0041/R000000040
R000000050/2.469136/0086/R000000042
R000000050/2.469136/0091/R000000042
R000000051/1.000000/0000/Guesstimate
R000000049/3.854596/0112/R000000050/R000000051
R000000053/1.111111/0086/M000000047
R000000053/1.111111/0091/M000000047
R000000052/2.345679/0112/R000000043/R000000053
R000000054/2.222222/0004/R000000043/R000000009
R000000055/1.000000/0000/Guesstimate
R000000052/3.580247/0049/R000000054/R000000055
R000000056/2.222222/0004/R000000009/R000000051
R000000058/1.000000/0000/Guesstimate
R000000057/2.222222/0277/R000000058/R000000051
R000000059/1.000000/0000/Guesstimate
R000000057/2.222222/0301/R000000059/R000000051
R000000056/2.469136/0024/R000000057
R000000049/5.075447/0049/R000000052/R000000056
R000000039/4.282884/0099/R000000049
Q000000004/Analysis Failed
<NEXT>