#
#  Reaction log file
#  Author: LigBuilder V3 User_Diana
#  Creation time: Tue Feb 24 08:18:20 2026
#  Format:
#  QueryMoleculeId/Cost/SynthesizeId/ReactantId1/ReactantId2/ReactantId3.....
#  Id prefix:
#  Q --- Query Molecule
#  M --- Material
#  R --- Reactant
#
Directory      result/synthesize_HsDHODH/103/DATABASE/
#
Q000000001/Analysis Failed
Q000000002/4.282884/0000/R000000001
M000000005/1.000000/0000/Sigma_BB-28769834
R000000006/1.000000/0000/Guesstimate
R000000004/2.222222/0004/M000000005/R000000006
R000000007/1.000000/0000/Guesstimate
M000000008/1.000000/0000/Sigma_BB-337515708
R000000004/2.222222/0276/R000000007/M000000008
R000000003/2.469136/0204/R000000004
M000000010/1.000000/0000/Sigma_BB-28797839
R000000011/1.000000/0000/Guesstimate
R000000009/2.222222/0232/M000000010/R000000011
R000000003/2.469136/0217/R000000009
R000000012/1.000000/0000/Guesstimate
R000000002/3.854596/0175/R000000003/R000000012
R000000015/1.000000/0000/Guesstimate
R000000014/2.222222/0174/M000000010/R000000015
R000000014/2.222222/0289/M000000010/R000000015
R000000013/2.469136/0233/R000000014
R000000013/2.469136/0258/R000000014
R000000016/1.000000/0000/Guesstimate
R000000002/3.854596/0232/R000000013/R000000016
R000000001/4.282884/0041/R000000002
R000000019/2.743484/0287/R000000003
R000000018/3.048316/0041/R000000019
M000000021/1.000000/0000/Sigma_BB-28515735
R000000020/2.222222/0004/M000000021/R000000006
R000000020/3.048316/0040/R000000019
R000000018/3.580247/0212/R000000020/R000000006
R000000017/4.498129/0112/R000000018/R000000012
M000000024/1.000000/0000/Sigma_BB-28508137
R000000025/1.000000/0000/Guesstimate
R000000023/2.222222/0285/M000000024/R000000025
R000000022/2.469136/0204/R000000023
R000000027/1.000000/0000/Guesstimate
R000000028/1.000000/0000/Guesstimate
R000000026/2.222222/0279/R000000027/R000000028
R000000026/2.222222/0279/R000000027/R000000028
R000000022/3.580247/0276/R000000007/R000000026
R000000031/1.000000/0000/Guesstimate
R000000032/1.000000/0000/Guesstimate
R000000030/2.222222/0112/R000000031/R000000032
R000000033/1.000000/0000/Guesstimate
R000000034/1.000000/0000/Guesstimate
R000000030/2.222222/0112/R000000033/R000000034
R000000029/2.469136/0041/R000000030
R000000035/1.000000/0000/Guesstimate
R000000037/1.000000/0000/Guesstimate
R000000038/1.000000/0000/Guesstimate
R000000036/2.222222/0004/R000000037/R000000038
R000000036/2.222222/0277/R000000037/R000000038
R000000029/3.580247/0049/R000000035/R000000036
R000000017/5.486969/0159/R000000022/R000000029
R000000001/4.997921/0147/R000000017
Q000000003/6.435335/0000/R000000039
R000000044/1.000000/0000/Guesstimate
R000000045/1.000000/0000/Guesstimate
R000000043/2.222222/0274/R000000044/R000000045
R000000042/2.469136/0274/R000000043
R000000046/2.222222/0274/R000000044/R000000045
R000000042/2.469136/0274/R000000046
M000000048/1.000000/0000/Sigma_BB-28779295
R000000047/1.111111/0155/M000000048
R000000049/1.000000/0000/Guesstimate
R000000050/1.000000/0000/Guesstimate
R000000047/2.222222/0112/R000000049/R000000050
R000000041/3.978053/0256/R000000042/R000000047
R000000052/1.000000/0000/Guesstimate
R000000051/3.854596/0256/R000000042/R000000052
R000000041/4.282884/0288/R000000051
M000000055/1.000000/0000/Sigma_BB-28761121
R000000054/1.111111/0074/M000000055
R000000054/1.111111/0167/M000000055
R000000053/1.234568/0041/R000000054
R000000053/1.234568/0233/R000000054
R000000040/5.791801/0274/R000000041/R000000053
R000000058/1.000000/0000/Guesstimate
R000000059/1.000000/0000/Guesstimate
R000000057/2.222222/0112/R000000058/R000000059
R000000060/1.000000/0000/Guesstimate
R000000057/2.222222/0112/R000000049/R000000060
R000000056/5.212621/0256/R000000042/R000000057
R000000061/4.938272/0256/R000000046/R000000057
R000000056/5.486969/0274/R000000061
R000000064/1.000000/0000/Guesstimate
R000000063/2.345679/0274/R000000064/R000000054
R000000062/2.606310/0041/R000000063
R000000065/2.482853/0274/R000000059/R000000053
R000000062/2.758726/0155/R000000065
R000000040/8.687701/0301/R000000056/R000000062
R000000039/6.435335/0219/R000000040
R000000039/6.435335/0219/R000000040
<NEXT>