#
#  Reaction log file
#  Author: LigBuilder V3 User_Diana
#  Creation time: Tue Feb 24 08:28:30 2026
#  Format:
#  QueryMoleculeId/Cost/SynthesizeId/ReactantId1/ReactantId2/ReactantId3.....
#  Id prefix:
#  Q --- Query Molecule
#  M --- Material
#  R --- Reactant
#
Directory      result/synthesize_HsDHODH/253/DATABASE/
#
Q000000001/4.452235/0000/R000000001
M000000005/1.000000/0000/Sigma_BB-293329736
R000000004/1.111111/0153/M000000005
R000000006/1.000000/0000/Guesstimate
M000000007/1.000000/0000/Sigma_BB-28416257
R000000004/2.222222/0276/R000000006/M000000007
R000000010/1.000000/0000/Guesstimate
R000000009/1.111111/0118/R000000010
R000000011/1.000000/0000/Guesstimate
R000000009/2.222222/0112/R000000011/R000000010
R000000008/1.234568/0040/R000000009
R000000013/1.000000/0000/Guesstimate
R000000012/2.222222/0301/R000000013/R000000010
R000000012/2.222222/0301/R000000013/R000000010
R000000008/2.469136/0073/R000000012
R000000003/2.606310/0119/R000000004/R000000008
R000000014/2.482853/0119/M000000007/R000000008
R000000014/2.482853/0280/M000000007/R000000008
R000000003/3.869837/0276/R000000006/R000000014
R000000015/1.000000/0000/Guesstimate
R000000002/4.007011/0003/R000000003/R000000015
M000000019/1.000000/0000/Sigma_BB-80015695
R000000018/1.111111/0153/M000000019
M000000020/1.000000/0000/Sigma_BB-28758394
R000000018/2.222222/0276/R000000006/M000000020
R000000017/1.234568/0114/R000000018
R000000022/1.000000/0000/Guesstimate
R000000021/2.345679/0175/R000000018/R000000022
R000000021/2.345679/0290/R000000018/R000000022
R000000017/2.606310/0197/R000000021
R000000023/1.000000/0000/Guesstimate
R000000016/2.482853/0112/R000000017/R000000023
R000000024/1.000000/0000/Guesstimate
R000000016/3.717421/0003/R000000021/R000000024
R000000002/4.130468/0119/R000000016/R000000008
R000000001/4.452235/0099/R000000002
M000000028/1.000000/0000/Sigma_BB-152437451
R000000027/1.111111/0087/M000000028
R000000026/2.469136/0175/R000000018/R000000027
R000000029/2.482853/0004/R000000017/M000000028
R000000029/2.482853/0277/R000000017/M000000028
R000000026/2.758726/0197/R000000029
R000000025/4.115227/0119/R000000026/R000000008
M000000032/1.000000/0000/Sigma_BB-27577759
R000000031/2.222222/0276/R000000006/M000000032
R000000031/2.222222/0278/R000000006/M000000032
R000000030/3.840878/0119/R000000031/R000000008
R000000033/2.482853/0119/M000000032/R000000008
R000000033/2.482853/0280/M000000032/R000000008
R000000030/3.869837/0276/R000000006/R000000033
M000000034/1.000000/0000/Sigma_BB-28799083
R000000025/5.378754/0232/R000000030/M000000034
R000000001/4.572474/0028/R000000025
Q000000002/4.589409/0000/R000000035
R000000038/1.000000/0000/Guesstimate
R000000037/2.482853/0301/R000000017/R000000038
R000000039/1.000000/0000/Guesstimate
R000000037/3.580247/0232/R000000031/R000000039
R000000036/4.130468/0119/R000000037/R000000008
R000000040/2.606310/0119/R000000018/R000000008
R000000041/1.371742/0086/R000000008
R000000041/1.371742/0091/R000000008
R000000040/2.758726/0276/R000000018/R000000041
R000000043/1.000000/0000/Guesstimate
R000000042/1.111111/0087/R000000043
R000000045/1.000000/0000/Guesstimate
R000000044/1.111111/0040/R000000045
R000000046/1.000000/0000/Guesstimate
R000000047/1.000000/0000/Guesstimate
R000000044/2.222222/0004/R000000046/R000000047
R000000042/1.234568/0086/R000000044
R000000036/4.130468/0175/R000000040/R000000042
R000000035/4.589409/0090/R000000036
M000000051/1.000000/0000/Sigma_BB-28764950
R000000050/2.222222/0212/M000000051/R000000046
R000000050/2.222222/0212/M000000051/R000000046
R000000049/2.469136/0087/R000000050
R000000053/1.000000/0000/Guesstimate
R000000052/3.580247/0004/R000000053/R000000050
R000000049/3.978053/0197/R000000052
R000000048/5.639385/0175/R000000040/R000000049
M000000056/1.000000/0000/Sigma_BB-332441958
R000000055/3.580247/0231/R000000031/M000000056
R000000054/3.978053/0228/R000000055
M000000058/1.000000/0000/Sigma_BB-28246243
R000000057/3.580247/0232/R000000031/M000000058
R000000054/3.978053/0228/R000000057
R000000048/5.791801/0119/R000000054/R000000008
R000000035/6.265983/0028/R000000048
Q000000003/Analysis Failed
Q000000004/Analysis Failed
<NEXT>