#
#  Reaction log file
#  Author: LigBuilder V3 User_Diana
#  Creation time: Tue Feb 24 08:28:24 2026
#  Format:
#  QueryMoleculeId/Cost/SynthesizeId/ReactantId1/ReactantId2/ReactantId3.....
#  Id prefix:
#  Q --- Query Molecule
#  M --- Material
#  R --- Reactant
#
Directory      result/synthesize_HsDHODH/258/DATABASE/
#
Q000000001/3.854596/0000/R000000001
M000000004/1.000000/0000/Sigma_BB-28714504
R000000005/1.000000/0000/Guesstimate
R000000003/2.222222/0175/M000000004/R000000005
M000000007/1.000000/0000/Sigma_BB-28715584
R000000008/1.000000/0000/Guesstimate
R000000006/2.222222/0274/M000000007/R000000008
R000000003/2.469136/0039/R000000006
R000000002/2.469136/0024/R000000003
M000000011/1.000000/0000/Sigma_BB-27443068
R000000010/2.222222/0175/M000000011/R000000005
R000000012/1.000000/0000/Guesstimate
R000000010/2.222222/0274/M000000007/R000000012
R000000009/2.469136/0079/R000000010
M000000014/1.000000/0000/Sigma_BB-27258815
R000000013/2.222222/0175/M000000014/R000000005
R000000015/1.000000/0000/Guesstimate
R000000013/2.222222/0274/M000000007/R000000015
R000000009/2.469136/0082/R000000013
R000000002/2.743484/0040/R000000009
R000000016/1.000000/0000/Guesstimate
R000000001/3.854596/0004/R000000002/R000000016
R000000020/1.000000/0000/Guesstimate
R000000019/2.222222/0285/M000000004/R000000020
M000000023/1.000000/0000/Sigma_BB-27737043
R000000022/2.222222/0004/M000000023/R000000016
R000000022/2.222222/0277/M000000023/R000000016
R000000024/1.000000/0000/Guesstimate
R000000021/3.580247/0119/R000000022/R000000024
M000000026/1.000000/0000/Sigma_BB-101355943
R000000027/1.000000/0000/Guesstimate
R000000025/3.333333/0261/M000000026/R000000027/R000000024
R000000021/3.703704/0041/R000000025
R000000019/3.978053/0295/R000000021
R000000018/3.580247/0175/R000000019/R000000005
R000000028/3.854596/0285/R000000002/R000000020
R000000018/5.393995/0119/R000000028/R000000024
R000000017/3.978053/0198/R000000018
R000000017/5.089163/0175/R000000021/R000000005
R000000001/4.420059/0024/R000000017
Q000000002/2.222222/0000/R000000029
M000000030/1.000000/0000/Sigma_BB-28769603
R000000029/2.222222/0004/M000000030/R000000016
M000000033/1.000000/0000/Sigma_BB-28760211
R000000035/1.000000/0000/Guesstimate
R000000034/1.111111/0198/R000000035
R000000036/1.000000/0000/Guesstimate
R000000034/1.111111/0228/R000000036
R000000032/2.345679/0274/M000000033/R000000034
R000000038/1.000000/0000/Guesstimate
R000000037/2.222222/0274/M000000033/R000000038
R000000032/3.580247/0301/R000000037/R000000016
R000000031/2.606310/0039/R000000032
R000000041/1.000000/0000/Guesstimate
R000000040/2.222222/0274/M000000033/R000000041
R000000042/1.000000/0000/Guesstimate
R000000039/3.580247/0112/R000000040/R000000042
R000000044/1.000000/0000/Guesstimate
R000000043/3.333333/0261/M000000033/R000000044/R000000024
R000000039/3.703704/0082/R000000043
R000000031/3.978053/0041/R000000039
R000000029/2.895900/0024/R000000031
Q000000003/2.222222/0000/R000000029
<NEXT>