#
#  Reaction log file
#  Author: LigBuilder V3 User_Diana
#  Creation time: Tue Feb 24 08:30:06 2026
#  Format:
#  QueryMoleculeId/Cost/SynthesizeId/ReactantId1/ReactantId2/ReactantId3.....
#  Id prefix:
#  Q --- Query Molecule
#  M --- Material
#  R --- Reactant
#
Directory      result/synthesize_HsDHODH/299/DATABASE/
#
Q000000001/Analysis Failed
Q000000002/5.349795/0000/R000000001
R000000003/1.000000/0000/Guesstimate
M000000005/1.000000/0000/Sigma_BB-183932618
R000000004/1.111111/0147/M000000005
M000000007/1.000000/0000/Sigma_BB-101363228
R000000006/1.111111/0125/M000000007
R000000008/1.000000/0000/Guesstimate
R000000006/2.222222/0112/M000000007/R000000008
R000000004/1.234568/0059/R000000006
R000000002/2.345679/0004/R000000003/R000000004
R000000011/1.000000/0000/Guesstimate
R000000010/2.345679/0301/R000000011/R000000004
R000000010/2.345679/0301/R000000011/R000000004
R000000009/2.606310/0039/R000000010
R000000013/1.000000/0000/Guesstimate
R000000012/2.345679/0277/R000000013/R000000006
R000000014/1.000000/0000/Guesstimate
R000000012/2.345679/0301/R000000014/R000000006
R000000009/2.606310/0059/R000000012
R000000002/2.895900/0024/R000000009
R000000017/1.000000/0000/Guesstimate
R000000018/1.000000/0000/Guesstimate
R000000016/2.222222/0276/R000000017/R000000018
R000000016/2.222222/0278/R000000017/R000000018
R000000015/2.469136/0153/R000000016
R000000020/1.000000/0000/Guesstimate
R000000019/2.222222/0276/R000000020/R000000018
R000000019/2.469136/0091/R000000016
R000000015/2.469136/0154/R000000019
R000000001/5.349795/0119/R000000002/R000000015
R000000022/2.345679/0004/R000000003/R000000006
R000000022/2.606310/0024/R000000012
R000000021/5.349795/0119/R000000022/R000000015
R000000025/1.000000/0000/Guesstimate
R000000024/2.222222/0004/R000000003/R000000025
R000000026/1.000000/0000/Guesstimate
R000000024/2.222222/0241/R000000003/R000000026
R000000023/5.212621/0119/R000000024/R000000015
R000000027/3.854596/0119/R000000003/R000000015
R000000028/1.000000/0000/Guesstimate
R000000027/3.854596/0276/R000000028/R000000015
R000000023/5.393995/0241/R000000027/R000000026
R000000029/1.000000/0000/Guesstimate
R000000021/6.902912/0159/R000000023/R000000029
R000000001/5.944217/0059/R000000021
Q000000003/Analysis Failed
<NEXT>