#
#  Reaction log file
#  Author: LigBuilder V3 User_Diana
#  Creation time: Tue Feb 24 08:16:12 2026
#  Format:
#  QueryMoleculeId/Cost/SynthesizeId/ReactantId1/ReactantId2/ReactantId3.....
#  Id prefix:
#  Q --- Query Molecule
#  M --- Material
#  R --- Reactant
#
Directory      result/synthesize_HsDHODH/63/DATABASE/
#
Q000000001/5.654626/0000/R000000001
R000000004/1.000000/0000/Guesstimate
R000000006/1.000000/0000/Guesstimate
R000000007/1.000000/0000/Guesstimate
R000000005/2.222222/0003/R000000006/R000000007
R000000008/1.000000/0000/Guesstimate
R000000009/1.000000/0000/Guesstimate
R000000005/2.222222/0122/R000000008/R000000009
R000000003/3.580247/0261/R000000004/R000000005
R000000010/1.000000/0000/Guesstimate
R000000002/5.089163/0122/R000000003/R000000010
R000000002/5.089163/0122/R000000003/R000000010
R000000001/5.654626/0099/R000000002
R000000014/1.000000/0000/Guesstimate
R000000015/1.000000/0000/Guesstimate
R000000013/2.222222/0279/R000000014/R000000015
R000000013/2.222222/0279/R000000014/R000000015
R000000016/1.000000/0000/Guesstimate
R000000012/3.580247/0274/R000000013/R000000016
R000000018/1.000000/0000/Guesstimate
R000000017/3.580247/0274/R000000013/R000000018
R000000019/1.000000/0000/Guesstimate
R000000012/5.089163/0274/R000000017/R000000019
R000000022/1.000000/0000/Guesstimate
R000000023/1.000000/0000/Guesstimate
R000000021/2.222222/0012/R000000022/R000000023
R000000024/1.000000/0000/Guesstimate
R000000021/2.222222/0095/R000000004/R000000024
R000000020/2.469136/0059/R000000021
R000000026/1.000000/0000/Guesstimate
R000000025/2.222222/0003/R000000004/R000000026
R000000027/1.000000/0000/Guesstimate
R000000028/1.000000/0000/Guesstimate
R000000025/2.222222/0112/R000000027/R000000028
R000000020/2.469136/0099/R000000025
R000000011/6.721537/0119/R000000012/R000000020
R000000030/3.580247/0119/R000000013/R000000004
R000000030/3.580247/0280/R000000013/R000000004
R000000029/5.089163/0274/R000000030/R000000016
R000000031/5.089163/0119/R000000017/R000000004
R000000031/5.089163/0274/R000000030/R000000018
R000000029/6.765737/0274/R000000031/R000000019
R000000011/6.765737/0122/R000000029/R000000010
R000000001/7.468375/0122/R000000011
Q000000002/5.654626/0000/R000000001
Q000000003/5.654626/0000/R000000001
Q000000004/5.531170/0000/R000000032
M000000036/1.000000/0000/Sigma_BB-28770086
R000000035/2.222222/0274/M000000036/R000000008
R000000037/1.000000/0000/Guesstimate
R000000038/1.000000/0000/Guesstimate
R000000035/3.333333/0261/R000000037/R000000008/R000000038
R000000034/3.580247/0285/R000000035/R000000018
R000000040/1.000000/0000/Guesstimate
R000000039/3.333333/0261/R000000037/R000000008/R000000040
R000000041/1.000000/0000/Guesstimate
R000000034/4.814815/0122/R000000039/R000000041
R000000033/3.978053/0122/R000000034
R000000044/1.000000/0000/Guesstimate
R000000043/3.580247/0277/R000000005/R000000044
R000000042/5.089163/0261/R000000037/R000000043
R000000045/3.580247/0261/R000000037/R000000005
R000000042/5.089163/0277/R000000045/R000000044
R000000033/5.654626/0099/R000000042
R000000046/1.000000/0000/Guesstimate
R000000032/5.531170/0004/R000000033/R000000046
R000000049/4.420059/0217/R000000033
R000000048/4.911177/0040/R000000049
M000000050/1.000000/0000/Sigma_BB-28776399
R000000047/6.567974/0212/R000000048/M000000050
R000000047/6.567974/0212/R000000048/M000000050
R000000032/7.297749/0024/R000000047
<NEXT>