#
#  Reaction log file
#  Author: LigBuilder V3 User_Diana
#  Creation time: Tue Feb 24 08:26:39 2026
#  Format:
#  QueryMoleculeId/Cost/SynthesizeId/ReactantId1/ReactantId2/ReactantId3.....
#  Id prefix:
#  Q --- Query Molecule
#  M --- Material
#  R --- Reactant
#
Directory      result/synthesize_HsDHODH/203/DATABASE/
#
Q000000001/2.635269/0000/R000000001
R000000005/1.000000/0000/Guesstimate
R000000004/1.111111/0055/R000000005
R000000006/1.000000/0000/Guesstimate
R000000007/1.000000/0000/Guesstimate
R000000004/2.222222/0003/R000000006/R000000007
R000000003/1.234568/0153/R000000004
R000000009/1.000000/0000/Guesstimate
R000000008/2.222222/0112/R000000009/R000000007
R000000010/1.000000/0000/Guesstimate
R000000011/1.000000/0000/Guesstimate
R000000008/2.222222/0112/R000000010/R000000011
R000000003/2.469136/0147/R000000008
R000000002/1.371742/0024/R000000003
R000000012/1.000000/0000/Guesstimate
R000000002/2.222222/0004/R000000012/R000000007
R000000013/1.000000/0000/Guesstimate
R000000001/2.635269/0004/R000000002/R000000013
R000000014/2.222222/0004/R000000012/R000000013
R000000016/2.222222/0112/R000000009/R000000013
R000000015/2.469136/0147/R000000016
R000000017/2.222222/0003/R000000006/R000000013
R000000015/2.469136/0153/R000000017
R000000014/2.743484/0024/R000000015
R000000001/3.580247/0004/R000000014/R000000007
Q000000002/4.267642/0000/R000000018
R000000022/1.000000/0000/Guesstimate
R000000021/1.111111/0288/R000000022
R000000025/7.800000/0000/Guesstimate
R000000024/8.666667/0155/R000000025
R000000026/8.777778/0228/R000000023
R000000026/8.777778/0286/R000000023
R000000024/9.753086/0156/R000000026
R000000023/9.222222/0188/R000000024
R000000028/7.800000/0000/Guesstimate
R000000027/8.666667/0155/R000000028
R000000029/8.777778/0228/R000000023
R000000029/8.777778/0286/R000000023
R000000027/9.753086/0156/R000000029
R000000023/9.222222/0188/R000000027
R000000021/8.777778/0198/R000000023
R000000030/1.000000/0000/Guesstimate
R000000020/2.345679/0301/R000000021/R000000030
R000000020/2.345679/0301/R000000021/R000000030
R000000032/1.000000/0000/Guesstimate
R000000031/1.111111/0040/R000000032
R000000033/1.000000/0000/Guesstimate
R000000034/1.000000/0000/Guesstimate
R000000031/2.222222/0004/R000000033/R000000034
R000000019/3.840878/0003/R000000020/R000000031
R000000037/1.000000/0000/Guesstimate
R000000036/2.345679/0301/R000000021/R000000037
R000000038/1.000000/0000/Guesstimate
R000000036/3.717421/0122/R000000020/R000000038
R000000035/2.606310/0082/R000000036
R000000040/1.000000/0000/Guesstimate
R000000039/2.345679/0301/R000000021/R000000040
R000000039/2.345679/0301/R000000021/R000000040
R000000041/1.000000/0000/Guesstimate
R000000035/3.717421/0003/R000000039/R000000041
R000000043/1.000000/0000/Guesstimate
R000000044/1.000000/0000/Guesstimate
R000000042/2.222222/0004/R000000043/R000000044
R000000046/1.000000/0000/Guesstimate
R000000045/2.222222/0277/R000000046/R000000044
R000000047/1.000000/0000/Guesstimate
R000000045/2.222222/0301/R000000047/R000000044
R000000042/2.469136/0024/R000000045
R000000019/5.365036/0049/R000000035/R000000042
R000000018/4.267642/0295/R000000019
R000000051/1.000000/0000/Guesstimate
R000000050/3.717421/0003/R000000020/R000000051
R000000052/1.000000/0000/Guesstimate
R000000050/3.717421/0277/R000000020/R000000052
R000000049/4.130468/0295/R000000050
R000000048/4.589409/0245/R000000049
R000000048/4.589409/0245/R000000049
R000000018/5.099344/0295/R000000048
Q000000003/4.267642/0000/R000000018
<NEXT>