#
#  Reaction log file
#  Author: LigBuilder V3 User_Diana
#  Creation time: Tue Feb 24 08:26:42 2026
#  Format:
#  QueryMoleculeId/Cost/SynthesizeId/ReactantId1/ReactantId2/ReactantId3.....
#  Id prefix:
#  Q --- Query Molecule
#  M --- Material
#  R --- Reactant
#
Directory      result/synthesize_HsDHODH/211/DATABASE/
#
Q000000001/4.420058/0000/R000000001
M000000005/1.000000/0000/Sigma_BB-100802064
R000000004/1.111111/0287/M000000005
M000000007/1.000000/0000/Sigma_BB-28515735
R000000006/1.111111/0125/M000000007
R000000008/1.000000/0000/Guesstimate
R000000006/2.222222/0112/M000000007/R000000008
R000000004/1.234568/0059/R000000006
R000000009/1.000000/0000/Guesstimate
R000000003/2.345679/0004/R000000004/R000000009
R000000011/1.000000/0000/Guesstimate
R000000010/2.222222/0175/M000000005/R000000011
R000000010/2.222222/0290/M000000005/R000000011
R000000003/2.469136/0024/R000000010
R000000014/1.000000/0000/Guesstimate
R000000013/1.111111/0288/R000000014
R000000012/1.234568/0295/R000000013
R000000015/9.700000/0000/Guesstimate
R000000012/9.700000/0295/R000000015
R000000002/3.978052/0003/R000000003/R000000012
R000000016/1.234568/0125/R000000004
R000000016/2.345679/0112/R000000004/R000000008
M000000019/1.000000/0000/Sigma_BB-28775620
R000000018/2.345679/0301/M000000019/R000000013
R000000018/2.345679/0301/M000000019/R000000013
R000000017/2.606310/0295/R000000018
R000000002/4.267642/0049/R000000016/R000000017
R000000001/4.420058/0099/R000000002
R000000022/1.000000/0000/Guesstimate
R000000021/2.482853/0112/R000000022/R000000012
R000000023/1.000000/0000/Guesstimate
R000000025/1.000000/0000/Guesstimate
R000000024/2.482853/0004/R000000025/R000000012
R000000021/3.869837/0049/R000000023/R000000024
R000000020/4.130468/0012/R000000016/R000000021
R000000027/2.482853/0142/R000000016/R000000009
M000000028/1.000000/0000/Sigma_BB-28247348
R000000027/2.482853/0206/R000000016/M000000028
R000000026/2.758726/0197/R000000027
M000000031/1.000000/0000/Sigma_BB-28797839
R000000030/2.222222/0174/M000000031/R000000008
R000000030/2.222222/0289/M000000031/R000000008
R000000032/1.000000/0000/Guesstimate
R000000029/3.580247/0231/R000000030/R000000032
R000000035/1.000000/0000/Guesstimate
R000000036/1.000000/0000/Guesstimate
R000000034/2.222222/0276/R000000035/R000000036
R000000034/2.222222/0278/R000000035/R000000036
R000000033/2.469136/0125/R000000034
R000000033/3.580247/0112/R000000034/R000000008
R000000037/1.000000/0000/Guesstimate
R000000029/3.854596/0159/R000000033/R000000037
R000000026/3.978053/0059/R000000029
R000000040/1.000000/0000/Guesstimate
R000000039/2.482853/0112/R000000040/R000000012
R000000038/2.758726/0197/R000000039
R000000041/2.758726/0153/R000000024
R000000038/3.065251/0260/R000000041
R000000020/6.130503/0112/R000000026/R000000038
R000000001/4.589409/0147/R000000020
Q000000002/4.420058/0000/R000000001
Q000000003/4.420058/0000/R000000001
Q000000004/4.420058/0000/R000000001
<NEXT>