#
#  Reaction log file
#  Author: LigBuilder V3 User_Diana
#  Creation time: Tue Feb 24 08:27:47 2026
#  Format:
#  QueryMoleculeId/Cost/SynthesizeId/ReactantId1/ReactantId2/ReactantId3.....
#  Id prefix:
#  Q --- Query Molecule
#  M --- Material
#  R --- Reactant
#
Directory      result/synthesize_HsDHODH/243/DATABASE/
#
Q000000001/4.572474/0000/R000000001
R000000005/1.000000/0000/Guesstimate
R000000004/1.111111/0125/R000000005
R000000006/1.000000/0000/Guesstimate
R000000004/2.222222/0112/R000000005/R000000006
R000000003/1.234568/0059/R000000004
R000000008/1.000000/0000/Guesstimate
R000000007/2.222222/0004/R000000005/R000000008
R000000009/1.000000/0000/Guesstimate
R000000010/1.000000/0000/Guesstimate
R000000007/3.333333/0225/R000000005/R000000009/R000000010
R000000003/2.469136/0153/R000000007
M000000013/1.000000/0000/Sigma_BB-234796966
M000000014/1.000000/0000/Sigma_BB-28783060
R000000012/2.222222/0004/M000000013/M000000014
R000000015/1.000000/0000/Guesstimate
R000000012/3.333333/0225/M000000013/R000000015/R000000010
R000000011/2.469136/0204/R000000012
R000000017/1.000000/0000/Guesstimate
R000000016/2.222222/0112/M000000013/R000000017
R000000018/1.000000/0000/Guesstimate
R000000011/3.580247/0049/R000000016/R000000018
R000000002/4.115227/0119/R000000003/R000000011
R000000019/2.743484/0086/R000000011
R000000019/2.743484/0091/R000000011
R000000002/4.420059/0276/R000000003/R000000019
R000000001/4.572474/0041/R000000002
R000000023/1.000000/0000/Guesstimate
R000000022/2.222222/0004/M000000013/R000000023
R000000024/1.000000/0000/Guesstimate
R000000022/3.333333/0225/M000000013/R000000024/R000000010
R000000025/1.000000/0000/Guesstimate
R000000021/3.580247/0003/R000000022/R000000025
R000000027/1.000000/0000/Guesstimate
R000000026/2.222222/0003/M000000013/R000000027
R000000028/1.000000/0000/Guesstimate
R000000021/3.580247/0011/R000000026/R000000028
R000000020/5.349795/0119/R000000003/R000000021
R000000031/1.000000/0000/Guesstimate
R000000030/3.580247/0119/R000000031/R000000022
R000000030/3.580247/0280/R000000031/R000000022
R000000029/5.089163/0003/R000000030/R000000025
R000000032/3.978053/0086/R000000030
R000000032/3.978053/0091/R000000030
R000000033/1.000000/0000/Guesstimate
R000000029/5.531170/0112/R000000032/R000000033
R000000020/6.889194/0224/R000000004/R000000029
R000000001/5.944217/0099/R000000020
Q000000002/8.702943/0000/R000000034
R000000037/1.000000/0000/Guesstimate
R000000039/1.000000/0000/Guesstimate
R000000040/1.000000/0000/Guesstimate
R000000038/2.222222/0112/R000000039/R000000040
R000000036/3.580247/0081/R000000037/R000000038
R000000042/1.000000/0000/Guesstimate
R000000041/2.222222/0112/R000000039/R000000042
R000000041/2.469136/0156/R000000038
R000000036/3.580247/0210/R000000037/R000000041
R000000035/3.978053/0024/R000000036
R000000045/1.000000/0000/Guesstimate
R000000046/1.000000/0000/Guesstimate
R000000044/2.222222/0112/R000000045/R000000046
R000000047/1.000000/0000/Guesstimate
R000000044/2.222222/0112/R000000039/R000000047
R000000049/1.000000/0000/Guesstimate
R000000048/2.222222/0001/R000000008/R000000049
R000000050/1.000000/0000/Guesstimate
R000000048/2.222222/0003/R000000049/R000000050
R000000043/4.938272/0081/R000000044/R000000048
R000000052/1.000000/0000/Guesstimate
R000000051/2.222222/0112/R000000045/R000000052
R000000053/1.000000/0000/Guesstimate
R000000051/2.222222/0112/R000000039/R000000053
R000000043/4.938272/0210/R000000051/R000000048
R000000035/5.486969/0024/R000000043
R000000057/1.000000/0000/Guesstimate
R000000058/1.000000/0000/Guesstimate
R000000056/2.222222/0276/R000000057/R000000058
R000000056/2.222222/0278/R000000057/R000000058
R000000055/2.469136/0275/R000000056
R000000059/2.222222/0275/R000000057/R000000058
R000000055/2.469136/0276/R000000059
R000000054/3.854596/0004/R000000008/R000000055
R000000061/3.854596/0112/R000000039/R000000055
R000000060/4.282884/0147/R000000061
R000000063/1.000000/0000/Guesstimate
R000000062/3.854596/0003/R000000063/R000000055
R000000060/4.282884/0153/R000000062
R000000054/4.758760/0024/R000000060
R000000034/8.702943/0003/R000000035/R000000054
R000000064/5.531170/0004/R000000035/R000000008
R000000065/5.089163/0004/R000000036/R000000008
R000000067/1.000000/0000/Guesstimate
R000000066/5.089163/0003/R000000036/R000000067
R000000065/5.654626/0040/R000000066
R000000064/5.654626/0024/R000000065
R000000034/8.889229/0003/R000000064/R000000055
Q000000003/4.572474/0000/R000000068
M000000072/1.000000/0000/Sigma_BB-120959955
R000000071/1.111111/0040/M000000072
M000000073/1.000000/0000/Sigma_BB-28416063
R000000074/1.000000/0000/Guesstimate
R000000071/2.222222/0274/M000000073/R000000074
R000000070/1.234568/0153/R000000071
M000000076/1.000000/0000/Sigma_BB-29205355
R000000077/1.000000/0000/Guesstimate
R000000075/2.222222/0274/M000000076/R000000077
R000000070/2.469136/0041/R000000075
R000000080/1.000000/0000/Guesstimate
R000000081/1.000000/0000/Guesstimate
R000000079/2.222222/0112/R000000080/R000000081
R000000078/2.469136/0153/R000000079
R000000083/1.000000/0000/Guesstimate
R000000082/2.222222/0112/R000000080/R000000083
R000000082/2.469136/0091/R000000079
R000000078/2.469136/0154/R000000082
R000000069/4.115227/0231/R000000070/R000000078
R000000084/3.854596/0231/M000000076/R000000078
M000000086/1.000000/0000/Sigma_BB-28758610
R000000085/3.854596/0231/M000000086/R000000078
R000000084/4.282884/0287/R000000085
R000000069/5.393995/0274/R000000084/R000000074
R000000068/4.572474/0024/R000000069
R000000088/2.482853/0231/R000000070/R000000080
R000000089/3.580247/0231/R000000075/R000000080
R000000088/3.978053/0041/R000000089
R000000092/1.000000/0000/Guesstimate
R000000091/2.222222/0174/R000000081/R000000092
R000000091/2.222222/0289/R000000081/R000000092
R000000090/2.469136/0197/R000000091
R000000093/7.400000/0000/Guesstimate
R000000090/8.222222/0091/R000000093
R000000087/5.502210/0112/R000000088/R000000090
R000000094/3.854596/0112/R000000080/R000000090
R000000095/2.469136/0197/R000000079
R000000096/9.600000/0000/Guesstimate
R000000095/9.600000/0091/R000000096
R000000097/1.111111/0287/R000000092
R000000094/3.978053/0112/R000000095/R000000097
R000000087/5.654626/0231/R000000070/R000000094
R000000068/6.113567/0025/R000000087
<NEXT>