#
#  Reaction log file
#  Author: LigBuilder V3 User_Diana
#  Creation time: Tue Feb 24 08:14:32 2026
#  Format:
#  QueryMoleculeId/Cost/SynthesizeId/ReactantId1/ReactantId2/ReactantId3.....
#  Id prefix:
#  Q --- Query Molecule
#  M --- Material
#  R --- Reactant
#
Directory      result/synthesize_HsDHODH/24/DATABASE/
#
Q000000001/2.222222/0000/R000000001
M000000002/1.000000/0000/Sigma_BB-28450234
R000000003/1.000000/0000/Guesstimate
R000000001/2.222222/0004/M000000002/R000000003
M000000006/1.000000/0000/Sigma_BB-28251028
R000000007/1.000000/0000/Guesstimate
R000000005/2.222222/0175/M000000006/R000000007
M000000009/1.000000/0000/Sigma_BB-27925058
R000000008/2.222222/0175/M000000009/R000000007
R000000008/2.222222/0290/M000000009/R000000007
R000000010/1.000000/0000/Guesstimate
R000000005/3.580247/0173/R000000008/R000000010
R000000004/2.469136/0039/R000000005
M000000013/1.000000/0000/Sigma_BB-30393366
R000000012/1.111111/0093/M000000013
M000000014/1.000000/0000/Sigma_BB-28769834
R000000012/2.222222/0004/M000000014/R000000003
R000000015/1.000000/0000/Guesstimate
R000000011/2.345679/0119/R000000012/R000000015
R000000011/2.469136/0039/R000000008
R000000004/3.717421/0173/R000000011/R000000010
R000000001/2.743484/0024/R000000004
Q000000002/2.222222/0000/R000000001
Q000000003/2.222222/0000/R000000001
Q000000004/2.222222/0000/R000000001
<NEXT>