#
#  Reaction log file
#  Author: LigBuilder V3 User_Diana
#  Creation time: Tue Feb 24 08:27:23 2026
#  Format:
#  QueryMoleculeId/Cost/SynthesizeId/ReactantId1/ReactantId2/ReactantId3.....
#  Id prefix:
#  Q --- Query Molecule
#  M --- Material
#  R --- Reactant
#
Directory      result/synthesize_HsDHODH/223/DATABASE/
#
Q000000001/7.104439/0000/R000000001
M000000006/1.000000/0000/Sigma_BB-28710871
R000000007/1.000000/0000/Guesstimate
R000000005/2.222222/0285/M000000006/R000000007
R000000004/2.469136/0285/R000000005
R000000008/2.222222/0285/M000000006/R000000007
R000000004/2.469136/0285/R000000008
R000000009/1.000000/0000/Guesstimate
R000000003/3.854596/0122/R000000004/R000000009
R000000011/1.000000/0000/Guesstimate
R000000010/3.854596/0301/R000000004/R000000011
R000000010/3.854596/0301/R000000004/R000000011
R000000003/4.282884/0139/R000000010
M000000012/1.000000/0000/Sigma_BB-28766939
R000000002/5.393995/0279/R000000003/M000000012
M000000015/1.000000/0000/Sigma_BB-30554403
R000000016/1.000000/0000/Guesstimate
R000000014/2.222222/0004/M000000015/R000000016
R000000014/2.222222/0277/M000000015/R000000016
R000000013/2.469136/0009/R000000014
R000000017/2.222222/0122/M000000015/R000000009
R000000013/2.469136/0082/R000000017
R000000002/5.486969/0122/R000000004/R000000013
R000000018/1.000000/0000/Guesstimate
R000000001/7.104439/0119/R000000002/R000000018
R000000019/7.104439/0224/R000000002/R000000009
R000000020/5.393995/0224/R000000003/R000000009
R000000019/7.104439/0279/R000000020/M000000012
R000000021/1.000000/0000/Guesstimate
R000000001/9.004932/0119/R000000019/R000000021
Q000000002/Analysis Failed
Q000000003/Analysis Failed
Q000000004/Analysis Failed
<NEXT>