#
#  Reaction log file
#  Author: LigBuilder V3 User_Diana
#  Creation time: Tue Feb 24 08:15:33 2026
#  Format:
#  QueryMoleculeId/Cost/SynthesizeId/ReactantId1/ReactantId2/ReactantId3.....
#  Id prefix:
#  Q --- Query Molecule
#  M --- Material
#  R --- Reactant
#
Directory      result/synthesize_HsDHODH/53/DATABASE/
#
Q000000001/4.420059/0000/R000000001
R000000004/1.000000/0000/Guesstimate
R000000006/1.000000/0000/Guesstimate
R000000007/1.000000/0000/Guesstimate
R000000005/2.222222/0279/R000000006/R000000007
R000000005/2.222222/0279/R000000006/R000000007
R000000003/3.580247/0261/R000000004/R000000005
R000000009/1.000000/0000/Guesstimate
R000000008/3.580247/0261/R000000009/R000000005
R000000010/1.000000/0000/Guesstimate
R000000003/5.089163/0301/R000000008/R000000010
R000000002/3.978053/0218/R000000003
R000000012/1.000000/0000/Guesstimate
R000000014/1.000000/0000/Guesstimate
R000000015/1.000000/0000/Guesstimate
R000000013/2.222222/0003/R000000014/R000000015
R000000016/1.000000/0000/Guesstimate
R000000017/1.000000/0000/Guesstimate
R000000013/2.222222/0122/R000000016/R000000017
R000000011/3.580247/0261/R000000012/R000000013
R000000018/1.000000/0000/Guesstimate
R000000002/5.089163/0122/R000000011/R000000018
R000000001/4.420059/0099/R000000002
R000000022/1.000000/0000/Guesstimate
R000000023/1.000000/0000/Guesstimate
R000000021/2.222222/0279/R000000022/R000000023
R000000021/2.222222/0279/R000000022/R000000023
R000000024/1.000000/0000/Guesstimate
R000000020/3.580247/0274/R000000021/R000000024
R000000026/1.000000/0000/Guesstimate
R000000025/3.580247/0274/R000000021/R000000026
R000000027/1.000000/0000/Guesstimate
R000000020/5.089163/0274/R000000025/R000000027
R000000019/5.089163/0119/R000000020/R000000004
R000000030/1.000000/0000/Guesstimate
R000000029/3.333333/0261/R000000030/R000000016/R000000017
R000000028/3.703704/0099/R000000029
R000000028/5.089163/0119/R000000020/R000000030
R000000031/1.000000/0000/Guesstimate
R000000019/5.226338/0224/R000000028/R000000031
R000000001/5.654626/0122/R000000019
Q000000002/4.282884/0000/R000000032
M000000036/1.000000/0000/Sigma_BB-28710871
R000000037/1.000000/0000/Guesstimate
R000000035/2.222222/0285/M000000036/R000000037
R000000034/2.469136/0285/R000000035
R000000039/1.000000/0000/Guesstimate
R000000038/4.691358/0261/R000000021/R000000039/R000000030
R000000034/5.212620/0122/R000000038
R000000040/1.000000/0000/Guesstimate
R000000033/3.854596/0119/R000000034/R000000040
R000000042/3.580247/0119/R000000035/R000000030
R000000042/3.580247/0280/R000000035/R000000030
R000000041/3.978053/0285/R000000042
R000000033/5.531170/0224/R000000041/R000000018
R000000032/4.282884/0024/R000000033
R000000046/1.000000/0000/Guesstimate
R000000045/3.333333/0261/R000000040/R000000046/R000000039
R000000044/3.703704/0122/R000000045
R000000047/2.743484/0197/R000000034
R000000044/4.159427/0224/R000000047/R000000018
R000000050/1.000000/0000/Guesstimate
R000000051/1.000000/0000/Guesstimate
R000000049/2.222222/0174/R000000050/R000000051
R000000049/2.222222/0289/R000000050/R000000051
R000000048/2.469136/0197/R000000049
R000000052/7.400000/0000/Guesstimate
R000000048/8.222222/0091/R000000052
R000000043/6.858711/0112/R000000044/R000000048
R000000054/5.226338/0112/R000000044/R000000050
R000000053/5.807042/0197/R000000054
R000000055/1.111111/0287/R000000051
R000000055/8.222222/0197/R000000052
R000000043/7.686837/0112/R000000053/R000000055
R000000032/7.620790/0025/R000000043
Q000000003/4.282884/0000/R000000032
<NEXT>