#
#  Reaction log file
#  Author: LigBuilder V3 User_Diana
#  Creation time: Tue Feb 24 08:25:22 2026
#  Format:
#  QueryMoleculeId/Cost/SynthesizeId/ReactantId1/ReactantId2/ReactantId3.....
#  Id prefix:
#  Q --- Query Molecule
#  M --- Material
#  R --- Reactant
#
Directory      result/synthesize_HsDHODH/182/DATABASE/
#
Q000000001/4.929993/0000/R000000001
M000000007/1.000000/0000/Sigma_BB-28515735
R000000006/1.111111/0125/M000000007
R000000008/1.000000/0000/Guesstimate
R000000006/2.222222/0112/M000000007/R000000008
R000000005/1.234568/0125/R000000006
R000000005/2.345679/0112/R000000006/R000000008
R000000004/1.371742/0059/R000000005
M000000009/1.000000/0000/Sigma_BB-100802064
R000000004/2.222222/0174/M000000009/R000000008
R000000003/1.524158/0040/R000000004
R000000010/1.371742/0040/R000000005
M000000011/1.000000/0000/Sigma_BB-30393366
R000000010/2.222222/0174/M000000011/R000000008
R000000003/1.524158/0059/R000000010
R000000014/1.000000/0000/Guesstimate
R000000015/1.000000/0000/Guesstimate
R000000013/2.222222/0226/R000000014/R000000015
R000000016/1.000000/0000/Guesstimate
R000000013/2.222222/0277/R000000016/R000000015
R000000012/2.469136/0147/R000000013
R000000018/1.000000/0000/Guesstimate
M000000019/1.000000/0000/Sigma_BB-326450255
R000000017/2.222222/0170/R000000018/M000000019
R000000020/1.000000/0000/Guesstimate
M000000021/1.000000/0000/Sigma_BB-182845562
R000000017/2.222222/0170/R000000020/M000000021
R000000012/2.469136/0155/R000000017
R000000002/4.436994/0003/R000000003/R000000012
R000000023/1.234568/0059/R000000006
R000000023/1.693509/0197/R000000003
R000000024/1.000000/0000/Guesstimate
R000000022/2.482853/0004/R000000023/R000000024
R000000025/2.345679/0004/R000000006/R000000024
R000000022/2.606310/0059/R000000025
M000000028/1.000000/0000/Sigma_BB-30407107
R000000027/2.222222/0170/M000000028/M000000019
R000000029/1.000000/0000/Guesstimate
R000000027/3.854596/0004/R000000029/R000000012
R000000026/2.469136/0009/R000000027
R000000031/1.000000/0000/Guesstimate
R000000030/2.222222/0170/R000000031/M000000019
R000000032/1.000000/0000/Guesstimate
R000000030/2.222222/0170/R000000032/M000000021
R000000026/2.469136/0079/R000000030
R000000002/5.502210/0049/R000000022/R000000026
R000000001/4.929993/0099/R000000002
R000000035/1.000000/0000/Guesstimate
R000000034/2.345679/0003/R000000006/R000000035
R000000034/2.482853/0049/R000000005/R000000024
R000000033/5.349795/0122/R000000034/R000000012
R000000033/5.349795/0122/R000000034/R000000012
R000000001/5.944217/0059/R000000033
Q000000002/4.929993/0000/R000000001
Q000000003/4.589409/0000/R000000036
M000000040/1.000000/0000/Sigma_BB-151404697
R000000039/1.111111/0086/M000000040
R000000039/1.111111/0091/M000000040
R000000038/1.234568/0079/R000000039
M000000043/1.000000/0000/Sigma_BB-301065914
R000000042/1.111111/0188/M000000043
R000000041/2.345679/0170/M000000028/R000000042
R000000045/1.000000/0000/Guesstimate
R000000044/2.345679/0170/R000000042/R000000045
R000000044/9.777779/0155/R000000046
R000000041/3.717421/0004/R000000029/R000000044
R000000038/2.606310/0009/R000000041
R000000037/4.130468/0049/R000000022/R000000038
R000000037/4.299819/0003/R000000003/R000000044
R000000036/4.589409/0099/R000000037
R000000047/5.212620/0122/R000000034/R000000044
R000000047/5.212620/0122/R000000034/R000000044
R000000036/5.791800/0059/R000000047
Q000000004/5.371374/0000/R000000048
R000000051/2.804620/0003/R000000003/R000000016
R000000052/1.000000/0000/Guesstimate
R000000051/3.869837/0049/R000000022/R000000052
R000000050/3.116245/0099/R000000051
R000000053/3.717421/0122/R000000034/R000000016
R000000053/3.717421/0122/R000000034/R000000016
R000000050/4.130468/0059/R000000053
M000000056/1.000000/0000/Sigma_BB-30521628
R000000055/1.111111/0188/M000000056
M000000057/1.000000/0000/Sigma_BB-28993057
R000000055/1.111111/0295/M000000057
R000000054/1.234568/0291/R000000055
R000000054/1.234568/0291/R000000055
R000000049/4.834236/0301/R000000050/R000000054
R000000049/4.834236/0301/R000000050/R000000054
R000000048/5.371374/0028/R000000049
R000000061/1.000000/0000/Guesstimate
R000000060/2.222222/0226/R000000014/R000000061
R000000060/2.222222/0277/R000000016/R000000061
R000000059/2.469136/0147/R000000060
R000000062/2.482853/0301/R000000016/R000000054
R000000062/2.482853/0301/R000000016/R000000054
R000000059/2.758726/0028/R000000062
R000000058/5.349795/0122/R000000034/R000000059
R000000058/5.349795/0122/R000000034/R000000059
R000000048/5.944217/0059/R000000058
<NEXT>