#
#  Reaction log file
#  Author: LigBuilder V3 User_Diana
#  Creation time: Tue Feb 24 08:29:58 2026
#  Format:
#  QueryMoleculeId/Cost/SynthesizeId/ReactantId1/ReactantId2/ReactantId3.....
#  Id prefix:
#  Q --- Query Molecule
#  M --- Material
#  R --- Reactant
#
Directory      result/synthesize_HsDHODH/298/DATABASE/
#
Q000000001/4.282884/0000/R000000001
M000000005/1.000000/0000/Sigma_BB-30393366
R000000006/1.000000/0000/Guesstimate
R000000004/2.222222/0003/M000000005/R000000006
M000000007/1.000000/0000/Sigma_BB-28769834
R000000008/1.000000/0000/Guesstimate
R000000004/2.222222/0112/M000000007/R000000008
R000000003/2.469136/0059/R000000004
R000000010/1.000000/0000/Guesstimate
R000000009/2.222222/0004/M000000007/R000000010
R000000011/1.000000/0000/Guesstimate
R000000012/1.000000/0000/Guesstimate
R000000009/3.333333/0225/M000000007/R000000011/R000000012
R000000003/2.469136/0153/R000000009
R000000013/1.000000/0000/Guesstimate
R000000002/3.854596/0175/R000000003/R000000013
R000000014/1.000000/0000/Guesstimate
M000000017/1.000000/0000/Sigma_BB-187233452
R000000018/1.000000/0000/Guesstimate
R000000016/2.222222/0175/M000000017/R000000018
R000000016/2.222222/0290/M000000017/R000000018
R000000015/2.469136/0041/R000000016
M000000020/1.000000/0000/Sigma_BB-34698116
R000000019/2.222222/0174/M000000020/R000000008
M000000021/1.000000/0000/Sigma_BB-28705880
R000000019/2.222222/0175/M000000021/R000000013
R000000015/2.469136/0059/R000000019
R000000002/3.854596/0276/R000000014/R000000015
R000000001/4.282884/0139/R000000002
M000000024/1.000000/0000/Sigma_BB-28760327
R000000026/1.000000/0000/Guesstimate
R000000027/1.000000/0000/Guesstimate
R000000025/2.222222/0012/R000000026/R000000027
R000000028/1.000000/0000/Guesstimate
R000000029/1.000000/0000/Guesstimate
R000000025/2.222222/0279/R000000028/R000000029
R000000023/3.580247/0159/M000000024/R000000025
M000000031/1.000000/0000/Sigma_BB-28766608
R000000030/2.222222/0276/R000000014/M000000031
R000000030/2.222222/0278/R000000014/M000000031
R000000032/1.000000/0000/Guesstimate
R000000023/3.580247/0231/R000000030/R000000032
R000000022/5.089163/0003/R000000023/R000000006
R000000035/1.000000/0000/Guesstimate
R000000034/2.222222/0012/R000000035/R000000027
R000000036/1.000000/0000/Guesstimate
R000000034/2.222222/0279/R000000036/R000000029
R000000033/3.580247/0159/M000000024/R000000034
R000000033/3.978053/0091/R000000023
R000000022/5.089163/0112/R000000033/R000000011
R000000001/5.654626/0059/R000000022
Q000000002/4.282884/0000/R000000001
Q000000003/3.048316/0000/R000000037
M000000041/1.000000/0000/Sigma_BB-27090565
R000000040/1.111111/0074/M000000041
M000000043/1.000000/0000/Sigma_BB-151011721
R000000042/2.222222/0276/R000000014/M000000043
R000000042/2.222222/0278/R000000014/M000000043
R000000044/1.000000/0000/Guesstimate
R000000040/3.580247/0112/R000000042/R000000044
R000000039/1.234568/0040/R000000040
M000000045/1.000000/0000/Sigma_BB-27736991
R000000039/2.222222/0276/R000000014/M000000045
M000000048/1.000000/0000/Sigma_BB-295173673
R000000047/1.111111/0295/M000000048
R000000046/1.234568/0293/R000000047
R000000046/9.200000/0155/R000000049
R000000038/2.743484/0003/R000000039/R000000046
R000000051/1.000000/0000/Guesstimate
R000000050/2.482853/0001/R000000039/R000000051
R000000052/1.000000/0000/Guesstimate
R000000050/2.482853/0003/R000000039/R000000052
R000000055/1.000000/0000/Guesstimate
R000000056/1.000000/0000/Guesstimate
R000000054/2.222222/0004/R000000055/R000000056
R000000057/1.000000/0000/Guesstimate
R000000054/2.222222/0256/R000000055/R000000057
R000000053/2.469136/0169/R000000054
R000000059/1.000000/0000/Guesstimate
R000000058/2.222222/0274/R000000059/R000000057
R000000058/2.222222/0275/R000000055/R000000018
R000000053/2.469136/0256/R000000058
R000000038/5.502210/0042/R000000050/R000000053
R000000037/3.048316/0099/R000000038
R000000062/1.371742/0118/R000000046
R000000062/2.482853/0112/R000000044/R000000046
R000000061/1.524158/0040/R000000062
R000000064/1.000000/0000/Guesstimate
R000000063/2.482853/0301/R000000064/R000000046
R000000063/2.482853/0301/R000000064/R000000046
R000000061/2.758726/0260/R000000063
R000000060/4.162645/0003/R000000042/R000000061
R000000067/1.000000/0000/Guesstimate
R000000066/2.222222/0175/M000000041/R000000067
R000000066/2.222222/0290/M000000041/R000000067
R000000065/2.469136/0024/R000000066
R000000065/3.580247/0004/R000000042/R000000051
M000000070/1.000000/0000/Sigma_BB-28667761
R000000071/1.000000/0000/Guesstimate
R000000069/2.222222/0212/M000000070/R000000071
R000000069/2.222222/0212/M000000070/R000000071
R000000068/2.469136/0274/R000000069
R000000072/8.300000/0000/Guesstimate
R000000068/9.222222/0260/R000000072
R000000060/5.486969/0003/R000000065/R000000068
R000000037/4.625161/0099/R000000060
Q000000004/4.130468/0000/R000000073
R000000075/1.000000/0000/Guesstimate
R000000078/1.000000/0000/Guesstimate
R000000077/1.111111/0218/R000000078
R000000077/1.111111/0283/R000000078
M000000079/1.000000/0000/Sigma_BB-187814628
R000000076/2.345679/0231/R000000077/M000000079
R000000080/2.222222/0231/R000000078/M000000079
R000000076/2.469136/0218/R000000080
R000000074/3.717421/0226/R000000075/R000000076
R000000081/2.345679/0226/R000000075/R000000077
R000000083/1.000000/0000/Guesstimate
R000000082/2.345679/0226/R000000083/R000000077
R000000084/1.000000/0000/Guesstimate
R000000081/3.717421/0112/R000000082/R000000084
R000000074/3.717421/0231/R000000081/M000000079
R000000073/4.130468/0099/R000000074
R000000086/2.606310/0099/R000000082
R000000087/2.606310/0059/R000000082
R000000088/1.000000/0000/Guesstimate
R000000087/3.717421/0224/R000000082/R000000088
R000000086/2.895900/0188/R000000087
R000000085/4.007011/0231/R000000086/M000000079
M000000090/1.000000/0000/Sigma_BB-34437027
R000000089/4.007011/0231/R000000086/M000000090
R000000085/4.452235/0287/R000000089
R000000073/5.563346/0112/R000000085/R000000084
<NEXT>