#
#  Reaction log file
#  Author: LigBuilder V3 User_Diana
#  Creation time: Tue Feb 24 08:23:26 2026
#  Format:
#  QueryMoleculeId/Cost/SynthesizeId/ReactantId1/ReactantId2/ReactantId3.....
#  Id prefix:
#  Q --- Query Molecule
#  M --- Material
#  R --- Reactant
#
Directory      result/synthesize_HsDHODH/140/DATABASE/
#
Q000000001/9.519403/0000/R000000001
R000000007/1.000000/0000/Guesstimate
R000000006/1.111111/0283/R000000007
R000000008/1.000000/0000/Guesstimate
R000000009/1.000000/0000/Guesstimate
R000000006/2.222222/0224/R000000008/R000000009
R000000010/1.000000/0000/Guesstimate
R000000005/2.345679/0285/R000000006/R000000010
R000000012/1.000000/0000/Guesstimate
R000000011/2.345679/0277/R000000006/R000000012
R000000005/2.606310/0295/R000000011
R000000013/1.000000/0000/Guesstimate
R000000004/3.717421/0112/R000000005/R000000013
R000000003/4.130468/0119/R000000004
R000000017/1.000000/0000/Guesstimate
R000000016/2.222222/0285/R000000017/R000000008
R000000018/2.606310/0079/R000000005
R000000019/1.000000/0000/Guesstimate
R000000018/3.717421/0112/R000000005/R000000019
R000000016/2.895900/0091/R000000018
R000000015/2.469136/0276/R000000016
R000000015/2.895900/0119/R000000018
R000000014/3.854596/0256/R000000015/R000000013
R000000003/4.282884/0257/R000000014
R000000022/1.000000/0000/Guesstimate
R000000023/1.000000/0000/Guesstimate
R000000021/2.222222/0004/R000000022/R000000023
M000000024/1.000000/0000/Sigma_BB-28775940
R000000020/3.580247/0212/R000000021/M000000024
R000000026/1.000000/0000/Guesstimate
R000000027/1.000000/0000/Guesstimate
R000000025/3.333333/0225/R000000022/R000000026/R000000027
R000000025/3.333333/0225/R000000022/R000000026/R000000027
R000000020/3.703704/0153/R000000025
R000000002/8.567462/0279/R000000003/R000000020
R000000002/8.567462/0279/R000000003/R000000020
R000000001/9.519403/0279/R000000002
R000000028/8.567462/0279/R000000003/R000000020
R000000028/8.567462/0279/R000000003/R000000020
R000000001/9.519403/0279/R000000028
Q000000002/7.858069/0000/R000000029
R000000032/2.606310/0119/R000000005
R000000033/2.743484/0040/R000000015
R000000032/3.048316/0091/R000000033
R000000035/1.000000/0000/Guesstimate
R000000036/1.000000/0000/Guesstimate
R000000034/2.222222/0210/R000000035/R000000036
R000000031/5.365036/0112/R000000032/R000000034
R000000038/1.000000/0000/Guesstimate
R000000037/4.007011/0112/R000000032/R000000038
R000000031/5.563346/0081/R000000037/R000000035
R000000039/1.000000/0000/Guesstimate
R000000030/7.072262/0003/R000000031/R000000039
R000000041/2.469136/0197/R000000034
R000000040/5.639385/0112/R000000032/R000000041
R000000042/5.349795/0112/R000000005/R000000041
R000000040/5.944217/0119/R000000042
M000000045/1.000000/0000/Sigma_BB-30485142
R000000044/1.111111/0093/M000000045
R000000046/1.000000/0000/Guesstimate
R000000044/2.222222/0004/R000000046/R000000039
R000000043/1.234568/0086/R000000044
M000000048/1.000000/0000/Sigma_BB-28843709
R000000047/1.111111/0293/M000000048
R000000049/1.000000/0000/Guesstimate
R000000050/1.000000/0000/Guesstimate
R000000047/2.222222/0277/R000000049/R000000050
R000000043/1.234568/0090/R000000047
R000000030/7.637726/0112/R000000040/R000000043
R000000029/7.858069/0059/R000000030
R000000053/3.580247/0003/R000000034/R000000050
R000000053/3.978053/0112/R000000041/R000000047
R000000052/3.978053/0059/R000000053
R000000055/1.000000/0000/Guesstimate
R000000054/4.965707/0225/R000000041/R000000055/R000000027
R000000054/4.965707/0225/R000000041/R000000055/R000000027
R000000052/5.517452/0153/R000000054
R000000051/7.315959/0112/R000000032/R000000052
R000000058/7.058546/0279/R000000003/R000000021
R000000058/7.058546/0279/R000000003/R000000021
R000000057/7.842829/0279/R000000058
R000000059/7.058546/0279/R000000003/R000000021
R000000059/7.058546/0279/R000000003/R000000021
R000000057/7.842829/0279/R000000059
R000000056/8.714254/0197/R000000057
R000000051/9.714254/0301/R000000056/R000000055
R000000029/8.128843/0090/R000000051
Q000000003/7.858069/0000/R000000029
Q000000004/9.876920/0000/R000000060
R000000063/3.854596/0004/R000000041/R000000023
M000000065/1.000000/0000/Sigma_BB-152394313
R000000064/1.111111/0085/M000000065
R000000062/5.517452/0212/R000000063/R000000064
R000000062/5.517452/0212/R000000063/R000000064
R000000061/9.026402/0112/R000000032/R000000062
R000000066/1.234568/0197/R000000064
R000000061/9.948822/0301/R000000056/R000000066
R000000060/9.026402/0028/R000000061
R000000069/3.854596/0112/R000000041/R000000049
R000000070/1.000000/0000/Guesstimate
R000000068/5.393995/0012/R000000069/R000000070
R000000072/1.000000/0000/Guesstimate
R000000071/3.854596/0112/R000000041/R000000072
R000000073/1.000000/0000/Guesstimate
R000000071/5.393995/0285/R000000069/R000000073
R000000074/1.000000/0000/Guesstimate
R000000068/5.393995/0095/R000000071/R000000074
R000000067/8.889228/0112/R000000032/R000000068
R000000075/7.178785/0112/R000000032/R000000069
R000000075/7.377094/0112/R000000040/R000000049
R000000067/9.087540/0012/R000000075/R000000070
R000000060/9.876920/0059/R000000067
<NEXT>