#
#  Reaction log file
#  Author: LigBuilder V3 User_Diana
#  Creation time: Tue Feb 24 08:28:41 2026
#  Format:
#  QueryMoleculeId/Cost/SynthesizeId/ReactantId1/ReactantId2/ReactantId3.....
#  Id prefix:
#  Q --- Query Molecule
#  M --- Material
#  R --- Reactant
#
Directory      result/synthesize_HsDHODH/259/DATABASE/
#
Q000000001/2.222222/0000/R000000001
M000000002/1.000000/0000/Sigma_BB-28769603
R000000003/1.000000/0000/Guesstimate
R000000001/2.222222/0004/M000000002/R000000003
M000000006/1.000000/0000/Sigma_BB-28760211
R000000008/1.000000/0000/Guesstimate
R000000007/1.111111/0198/R000000008
R000000009/1.000000/0000/Guesstimate
R000000007/1.111111/0228/R000000009
R000000005/2.345679/0274/M000000006/R000000007
R000000011/1.000000/0000/Guesstimate
R000000010/2.222222/0274/M000000006/R000000011
R000000005/3.580247/0301/R000000010/R000000003
R000000004/2.606310/0039/R000000005
R000000014/1.000000/0000/Guesstimate
R000000013/2.222222/0274/M000000006/R000000014
R000000015/1.000000/0000/Guesstimate
R000000012/3.580247/0112/R000000013/R000000015
R000000017/1.000000/0000/Guesstimate
R000000018/1.000000/0000/Guesstimate
R000000016/3.333333/0261/M000000006/R000000017/R000000018
R000000012/3.703704/0082/R000000016
R000000004/3.978053/0041/R000000012
R000000001/2.895900/0024/R000000004
Q000000002/2.222222/0000/R000000001
Q000000003/3.854596/0000/R000000019
M000000022/1.000000/0000/Sigma_BB-28714504
R000000023/1.000000/0000/Guesstimate
R000000021/2.222222/0175/M000000022/R000000023
M000000025/1.000000/0000/Sigma_BB-28715584
R000000026/1.000000/0000/Guesstimate
R000000024/2.222222/0274/M000000025/R000000026
R000000021/2.469136/0039/R000000024
R000000020/2.469136/0024/R000000021
M000000029/1.000000/0000/Sigma_BB-27443068
R000000028/2.222222/0175/M000000029/R000000023
R000000030/1.000000/0000/Guesstimate
R000000028/2.222222/0274/M000000025/R000000030
R000000027/2.469136/0079/R000000028
M000000032/1.000000/0000/Sigma_BB-27258815
R000000031/2.222222/0175/M000000032/R000000023
R000000033/1.000000/0000/Guesstimate
R000000031/2.222222/0274/M000000025/R000000033
R000000027/2.469136/0082/R000000031
R000000020/2.743484/0040/R000000027
R000000019/3.854596/0004/R000000020/R000000003
R000000037/1.000000/0000/Guesstimate
R000000036/2.222222/0285/M000000022/R000000037
M000000040/1.000000/0000/Sigma_BB-101355943
R000000039/2.345679/0274/M000000040/R000000007
R000000038/2.606310/0039/R000000039
R000000042/1.000000/0000/Guesstimate
R000000041/3.333333/0261/M000000040/R000000042/R000000018
R000000038/3.703704/0041/R000000041
R000000036/2.895900/0295/R000000038
R000000035/3.580247/0175/R000000036/R000000023
R000000043/3.854596/0285/R000000020/R000000037
R000000035/5.393995/0119/R000000043/R000000018
R000000034/3.978053/0198/R000000035
R000000034/4.007011/0175/R000000038/R000000023
R000000019/4.420059/0024/R000000034
Q000000004/3.854596/0000/R000000019
<NEXT>