#
#  Reaction log file
#  Author: LigBuilder V3 User_Diana
#  Creation time: Tue Feb 24 08:17:35 2026
#  Format:
#  QueryMoleculeId/Cost/SynthesizeId/ReactantId1/ReactantId2/ReactantId3.....
#  Id prefix:
#  Q --- Query Molecule
#  M --- Material
#  R --- Reactant
#
Directory      result/synthesize_HsDHODH/81/DATABASE/
#
Q000000001/4.159427/0000/R000000001
M000000005/1.000000/0000/Sigma_BB-28515735
R000000004/1.111111/0125/M000000005
R000000006/1.000000/0000/Guesstimate
R000000004/2.222222/0112/M000000005/R000000006
R000000003/1.234568/0041/R000000004
R000000008/1.000000/0000/Guesstimate
M000000009/1.000000/0000/Sigma_BB-243967605
R000000007/2.222222/0119/R000000008/M000000009
R000000010/1.000000/0000/Guesstimate
R000000007/2.222222/0276/R000000010/M000000009
R000000003/2.469136/0153/R000000007
R000000013/1.000000/0000/Guesstimate
R000000012/1.111111/0283/R000000013
R000000011/1.234568/0024/R000000012
R000000014/1.000000/0000/Guesstimate
R000000015/1.000000/0000/Guesstimate
R000000011/2.222222/0004/R000000014/R000000015
R000000002/2.743484/0169/R000000003/R000000011
R000000016/1.000000/0000/Guesstimate
R000000002/3.593965/0225/R000000003/R000000016/R000000015
R000000001/4.159427/0004/R000000002/R000000014
R000000020/1.000000/0000/Guesstimate
R000000019/2.482853/0112/R000000003/R000000020
R000000018/2.758726/0147/R000000019
R000000021/2.482853/0004/R000000003/R000000014
R000000022/1.000000/0000/Guesstimate
R000000021/3.593965/0225/R000000003/R000000016/R000000022
R000000023/1.000000/0000/Guesstimate
R000000018/3.869837/0119/R000000021/R000000023
R000000017/4.436994/0169/R000000018/R000000011
R000000026/1.000000/0000/Guesstimate
M000000027/1.000000/0000/Sigma_BB-27949720
R000000025/2.222222/0276/R000000026/M000000027
R000000025/2.222222/0278/R000000026/M000000027
R000000024/3.840878/0169/R000000025/R000000011
M000000029/1.000000/0000/Sigma_BB-28958712
R000000028/3.580247/0169/R000000025/M000000029
R000000030/1.000000/0000/Guesstimate
R000000028/4.691358/0225/R000000025/R000000016/R000000030
R000000024/3.978053/0188/R000000028
R000000017/5.378754/0175/R000000024/R000000020
R000000001/4.929993/0024/R000000017
Q000000002/4.159427/0000/R000000001
Q000000003/6.598080/0000/R000000031
M000000034/1.000000/0000/Sigma_BB-27338516
R000000035/1.000000/0000/Guesstimate
R000000033/2.222222/0069/M000000034/R000000035
R000000037/1.000000/0000/Guesstimate
R000000036/2.222222/0069/M000000034/R000000037
R000000033/2.469136/0082/R000000036
R000000039/1.000000/0000/Guesstimate
M000000040/1.000000/0000/Sigma_BB-28517118
R000000038/2.222222/0004/R000000039/M000000040
R000000041/2.222222/0004/R000000014/M000000040
M000000042/1.000000/0000/Sigma_BB-28788599
R000000041/2.222222/0175/R000000010/M000000042
R000000038/2.469136/0085/R000000041
R000000032/4.938272/0049/R000000033/R000000038
R000000044/1.000000/0000/Guesstimate
M000000046/1.000000/0000/Sigma_BB-30442049
R000000045/2.222222/0276/M000000046/R000000026
R000000045/2.469136/0216/R000000041
R000000043/3.580247/0003/R000000044/R000000045
R000000047/1.000000/0000/Guesstimate
R000000049/1.000000/0000/Guesstimate
R000000048/2.222222/0112/R000000049/M000000040
R000000050/1.000000/0000/Guesstimate
R000000048/3.580247/0049/R000000050/R000000038
R000000043/3.580247/0011/R000000047/R000000048
R000000032/5.089163/0069/M000000034/R000000043
R000000051/1.000000/0000/Guesstimate
R000000031/6.598080/0012/R000000032/R000000051
R000000052/5.089163/0012/R000000043/R000000051
R000000055/1.000000/0000/Guesstimate
R000000054/2.222222/0256/R000000047/R000000055
M000000057/1.000000/0000/Sigma_BB-48709754
R000000056/2.222222/0276/M000000057/R000000026
R000000056/2.469136/0153/R000000045
R000000053/4.938272/0231/R000000054/R000000056
R000000058/3.580247/0231/R000000055/R000000056
R000000053/5.089163/0256/R000000047/R000000058
R000000052/5.486969/0082/R000000053
R000000031/6.765737/0069/M000000034/R000000052
Q000000004/6.598080/0000/R000000031
<NEXT>