#
#  Reaction log file
#  Author: LigBuilder V3 User_Diana
#  Creation time: Tue Feb 24 08:22:52 2026
#  Format:
#  QueryMoleculeId/Cost/SynthesizeId/ReactantId1/ReactantId2/ReactantId3.....
#  Id prefix:
#  Q --- Query Molecule
#  M --- Material
#  R --- Reactant
#
Directory      result/synthesize_HsDHODH/129/DATABASE/
#
Q000000001/4.572474/0000/R000000001
M000000005/1.000000/0000/Sigma_BB-28498772
R000000004/1.111111/0125/M000000005
R000000006/1.000000/0000/Guesstimate
R000000004/2.222222/0112/M000000005/R000000006
R000000008/1.000000/0000/Guesstimate
R000000007/1.111111/0283/R000000008
R000000003/2.469136/0285/R000000004/R000000007
R000000002/2.743484/0275/R000000003
R000000011/1.000000/0000/Guesstimate
R000000010/2.222222/0256/M000000005/R000000011
R000000014/1.000000/0000/Guesstimate
R000000013/2.222222/0004/M000000005/R000000014
R000000015/1.000000/0000/Guesstimate
R000000013/2.222222/0256/M000000005/R000000015
R000000012/2.469136/0197/R000000013
R000000016/1.000000/0000/Guesstimate
R000000010/3.854596/0301/R000000012/R000000016
R000000009/2.469136/0219/R000000010
R000000009/2.469136/0219/R000000010
R000000019/1.000000/0000/Guesstimate
R000000018/2.345679/0285/R000000007/R000000019
R000000017/2.606310/0275/R000000018
R000000020/9.000000/0000/Guesstimate
R000000017/10.000000/0260/R000000020
R000000002/5.639385/0279/R000000009/R000000017
M000000024/1.000000/0000/Sigma_BB-28769376
R000000023/1.111111/0164/M000000024
R000000023/2.222222/0174/R000000006/M000000024
R000000022/1.234568/0040/R000000023
M000000026/1.000000/0000/Sigma_BB-28761148
R000000027/1.000000/0000/Guesstimate
R000000025/2.222222/0175/M000000026/R000000027
R000000025/2.222222/0290/M000000026/R000000027
R000000022/2.469136/0024/R000000025
R000000021/1.371742/0091/R000000022
M000000030/1.000000/0000/Sigma_BB-30386853
R000000029/1.111111/0091/M000000030
M000000031/1.000000/0000/Sigma_BB-282547754
R000000029/1.111111/0197/M000000031
R000000028/2.345679/0112/R000000029/R000000027
R000000032/2.222222/0112/M000000030/R000000027
M000000033/1.000000/0000/Sigma_BB-183986327
R000000032/2.222222/0174/M000000033/R000000027
R000000028/2.469136/0091/R000000032
R000000021/2.606310/0147/R000000028
R000000001/4.572474/0112/R000000002/R000000021
R000000036/1.000000/0000/Guesstimate
R000000035/4.159427/0112/R000000002/R000000036
R000000037/3.854596/0112/R000000009/R000000036
R000000035/7.178785/0279/R000000037/R000000017
R000000034/4.621586/0197/R000000035
R000000038/4.282884/0197/R000000037
R000000034/7.654661/0279/R000000038/R000000017
M000000040/1.000000/0000/Sigma_BB-311208906
R000000039/1.111111/0147/M000000040
M000000042/1.000000/0000/Sigma_BB-28426400
R000000043/1.000000/0000/Guesstimate
R000000041/2.222222/0003/M000000042/R000000043
M000000044/1.000000/0000/Sigma_BB-30664943
R000000045/1.000000/0000/Guesstimate
R000000041/2.222222/0049/M000000044/R000000045
R000000039/2.469136/0147/R000000041
R000000001/6.369664/0112/R000000034/R000000039
Q000000002/4.572474/0000/R000000001
Q000000003/4.572474/0000/R000000001
<NEXT>