#
#  Reaction log file
#  Author: LigBuilder V3 User_Diana
#  Creation time: Tue Feb 24 08:14:16 2026
#  Format:
#  QueryMoleculeId/Cost/SynthesizeId/ReactantId1/ReactantId2/ReactantId3.....
#  Id prefix:
#  Q --- Query Molecule
#  M --- Material
#  R --- Reactant
#
Directory      result/synthesize_HsDHODH/12/DATABASE/
#
Q000000001/5.089163/0000/R000000001
M000000004/1.000000/0000/Sigma_BB-28515735
R000000005/1.000000/0000/Guesstimate
R000000003/2.222222/0004/M000000004/R000000005
R000000006/1.000000/0000/Guesstimate
M000000008/1.000000/0000/Sigma_BB-27735042
R000000007/2.222222/0004/M000000008/R000000005
R000000003/3.580247/0276/R000000006/R000000007
R000000009/1.000000/0000/Guesstimate
R000000002/3.580247/0212/R000000003/R000000009
M000000011/1.000000/0000/Sigma_BB-28760327
R000000013/1.000000/0000/Guesstimate
R000000014/1.000000/0000/Guesstimate
R000000012/2.222222/0012/R000000013/R000000014
R000000012/2.222222/0285/R000000013/R000000014
R000000010/3.580247/0159/M000000011/R000000012
R000000016/1.000000/0000/Guesstimate
R000000015/3.580247/0159/R000000016/R000000012
R000000010/5.089163/0276/R000000006/R000000015
R000000002/3.978053/0197/R000000010
R000000001/5.089163/0004/R000000002/R000000009
M000000020/1.000000/0000/Sigma_BB-28769834
R000000019/2.222222/0004/M000000020/R000000005
R000000018/3.580247/0212/R000000019/R000000009
R000000018/3.580247/0212/R000000019/R000000009
R000000021/1.000000/0000/Guesstimate
R000000017/5.089163/0175/R000000018/R000000021
M000000024/1.000000/0000/Sigma_BB-28806272
R000000023/3.580247/0159/R000000012/M000000024
R000000022/3.978053/0153/R000000023
R000000025/7.700000/0000/Guesstimate
R000000022/9.666667/0175/R000000025/R000000021
R000000017/5.531170/0276/R000000006/R000000022
R000000001/5.654626/0024/R000000017
Q000000002/5.089163/0000/R000000001
Q000000003/5.089163/0000/R000000001
Q000000004/5.531170/0000/R000000026
R000000030/1.000000/0000/Guesstimate
R000000029/2.222222/0012/R000000013/R000000030
R000000031/1.000000/0000/Guesstimate
R000000032/1.000000/0000/Guesstimate
R000000029/2.222222/0279/R000000031/R000000032
R000000028/3.580247/0159/M000000011/R000000029
R000000033/3.580247/0159/R000000016/R000000029
R000000028/5.089163/0276/R000000006/R000000033
R000000027/3.978053/0197/R000000028
R000000036/1.000000/0000/Guesstimate
R000000035/3.580247/0159/R000000029/R000000036
R000000034/3.978053/0153/R000000035
R000000037/3.978053/0091/R000000035
R000000034/4.420059/0154/R000000037
R000000027/5.531170/0276/R000000006/R000000034
R000000026/5.531170/0004/R000000027/R000000009
R000000040/5.531170/0112/R000000034/R000000021
R000000041/7.100000/0000/Guesstimate
R000000040/9.000001/0174/R000000041/R000000021
R000000039/6.145744/0147/R000000040
R000000042/5.531170/0004/R000000034/R000000009
R000000043/1.000000/0000/Guesstimate
R000000042/9.000001/0175/R000000041/R000000043
R000000044/1.000000/0000/Guesstimate
R000000039/7.256855/0119/R000000042/R000000044
R000000038/7.939716/0276/R000000006/R000000039
R000000038/7.939716/0278/R000000006/R000000039
R000000026/8.821907/0024/R000000038
<NEXT>