#
#  Reaction log file
#  Author: LigBuilder V3 User_Diana
#  Creation time: Tue Feb 24 08:14:33 2026
#  Format:
#  QueryMoleculeId/Cost/SynthesizeId/ReactantId1/ReactantId2/ReactantId3.....
#  Id prefix:
#  Q --- Query Molecule
#  M --- Material
#  R --- Reactant
#
Directory      result/synthesize_HsDHODH/2/DATABASE/
#
Q000000001/4.282884/0000/R000000001
R000000005/1.000000/0000/Guesstimate
M000000006/1.000000/0000/Sigma_BB-40998892
R000000004/2.222222/0004/R000000005/M000000006
M000000007/1.000000/0000/Sigma_BB-29019709
R000000008/1.000000/0000/Guesstimate
R000000004/3.333333/0225/R000000005/M000000007/R000000008
R000000003/2.469136/0204/R000000004
M000000010/1.000000/0000/Sigma_BB-326673153
R000000009/2.222222/0112/R000000005/M000000010
R000000011/1.000000/0000/Guesstimate
R000000003/3.580247/0049/R000000009/R000000011
R000000012/1.000000/0000/Guesstimate
R000000002/3.854596/0122/R000000003/R000000012
R000000002/3.854596/0122/R000000003/R000000012
R000000001/4.282884/0024/R000000002
M000000016/1.000000/0000/Sigma_BB-28247348
R000000015/3.580247/0206/R000000009/M000000016
R000000015/3.580247/0206/R000000009/M000000016
R000000014/3.978053/0204/R000000015
R000000018/1.000000/0000/Guesstimate
R000000017/3.854596/0122/R000000003/R000000018
R000000017/3.854596/0122/R000000003/R000000018
R000000014/4.282884/0009/R000000017
R000000021/1.000000/0000/Guesstimate
R000000020/1.111111/0287/R000000021
R000000019/2.345679/0004/R000000011/R000000020
R000000022/8.500000/0000/Guesstimate
R000000019/9.444445/0040/R000000022
R000000013/7.026369/0049/R000000014/R000000019
M000000025/1.000000/0000/Sigma_BB-28775620
R000000024/3.580247/0049/R000000009/M000000025
R000000023/3.978053/0099/R000000024
R000000023/3.978053/0099/R000000024
R000000028/1.000000/0000/Guesstimate
R000000027/2.222222/0174/R000000028/R000000021
R000000027/2.345679/0112/R000000028/R000000020
R000000026/2.469136/0197/R000000027
R000000029/7.400000/0000/Guesstimate
R000000026/8.222222/0091/R000000029
R000000013/7.163543/0112/R000000023/R000000026
R000000001/7.807076/0025/R000000013
Q000000002/3.978053/0000/R000000030
R000000032/1.000000/0000/Guesstimate
R000000031/3.580247/0003/R000000004/R000000032
R000000034/1.000000/0000/Guesstimate
R000000033/2.222222/0004/R000000011/R000000034
R000000035/2.222222/0277/R000000012/R000000034
R000000036/1.000000/0000/Guesstimate
R000000035/2.222222/0301/R000000036/R000000034
R000000033/2.469136/0024/R000000035
R000000031/4.938272/0049/R000000009/R000000033
R000000030/3.978053/0099/R000000031
R000000037/5.531170/0049/R000000014/R000000011
R000000038/1.000000/0000/Guesstimate
R000000037/5.531170/0112/R000000023/R000000038
R000000030/6.145744/0059/R000000037
Q000000003/Analysis Failed
<NEXT>