#
#  Reaction log file
#  Author: LigBuilder V3 User_Diana
#  Creation time: Tue Feb 24 08:23:11 2026
#  Format:
#  QueryMoleculeId/Cost/SynthesizeId/ReactantId1/ReactantId2/ReactantId3.....
#  Id prefix:
#  Q --- Query Molecule
#  M --- Material
#  R --- Reactant
#
Directory      result/synthesize_HsDHODH/128/DATABASE/
#
Q000000001/4.130468/0000/R000000001
M000000005/1.000000/0000/Sigma_BB-30393366
R000000004/1.111111/0091/M000000005
R000000006/1.000000/0000/Guesstimate
R000000003/2.345679/0112/R000000004/R000000006
M000000008/1.000000/0000/Sigma_BB-28797839
R000000009/1.000000/0000/Guesstimate
R000000007/2.222222/0231/M000000008/R000000009
R000000003/2.469136/0082/R000000007
R000000010/1.000000/0000/Guesstimate
R000000002/3.717421/0049/R000000003/R000000010
R000000012/2.606310/0233/R000000003
R000000012/2.606310/0258/R000000003
R000000011/2.895900/0155/R000000012
R000000013/1.000000/0000/Guesstimate
R000000002/4.328778/0112/R000000011/R000000013
R000000001/4.130468/0041/R000000002
R000000015/1.000000/0000/Guesstimate
M000000018/1.000000/0000/Sigma_BB-28758302
R000000017/2.222222/0231/M000000018/R000000009
R000000016/2.469136/0198/R000000017
M000000020/1.000000/0000/Sigma_BB-187814628
R000000021/1.000000/0000/Guesstimate
R000000019/2.222222/0004/M000000020/R000000021
M000000022/1.000000/0000/Sigma_BB-28806397
R000000019/2.222222/0004/M000000022/R000000006
R000000023/1.000000/0000/Guesstimate
R000000016/3.580247/0212/R000000019/R000000023
R000000014/3.854596/0119/R000000015/R000000016
R000000024/1.000000/0000/Guesstimate
R000000014/3.854596/0276/R000000024/R000000016
R000000001/4.282884/0153/R000000014
Q000000002/4.130468/0000/R000000001
Q000000003/4.572474/0000/R000000025
M000000029/1.000000/0000/Sigma_BB-28498772
R000000028/1.111111/0125/M000000029
R000000028/2.222222/0112/M000000029/R000000013
R000000031/1.000000/0000/Guesstimate
R000000030/1.111111/0283/R000000031
R000000027/2.469136/0285/R000000028/R000000030
R000000026/2.743484/0275/R000000027
R000000034/1.000000/0000/Guesstimate
R000000033/2.222222/0256/M000000029/R000000034
R000000036/2.222222/0004/M000000029/R000000023
R000000037/1.000000/0000/Guesstimate
R000000036/2.222222/0256/M000000029/R000000037
R000000035/2.469136/0197/R000000036
R000000038/1.000000/0000/Guesstimate
R000000033/3.854596/0301/R000000035/R000000038
R000000032/2.469136/0219/R000000033
R000000032/2.469136/0219/R000000033
R000000041/1.000000/0000/Guesstimate
R000000040/2.345679/0285/R000000030/R000000041
R000000039/2.606310/0275/R000000040
R000000042/9.000000/0000/Guesstimate
R000000039/10.000000/0260/R000000042
R000000026/5.639385/0279/R000000032/R000000039
M000000046/1.000000/0000/Sigma_BB-28769376
R000000045/1.111111/0164/M000000046
R000000045/2.222222/0174/R000000013/M000000046
R000000044/1.234568/0040/R000000045
M000000048/1.000000/0000/Sigma_BB-28761148
R000000049/1.000000/0000/Guesstimate
R000000047/2.222222/0175/M000000048/R000000049
R000000047/2.222222/0290/M000000048/R000000049
R000000044/2.469136/0024/R000000047
R000000043/1.371742/0091/R000000044
M000000052/1.000000/0000/Sigma_BB-30386853
R000000051/1.111111/0091/M000000052
M000000053/1.000000/0000/Sigma_BB-282547754
R000000051/1.111111/0197/M000000053
R000000050/2.345679/0112/R000000051/R000000049
R000000054/2.222222/0112/M000000052/R000000049
M000000055/1.000000/0000/Sigma_BB-183986327
R000000054/2.222222/0174/M000000055/R000000049
R000000050/2.469136/0091/R000000054
R000000043/2.606310/0147/R000000050
R000000025/4.572474/0112/R000000026/R000000043
R000000057/4.159427/0112/R000000026/R000000024
R000000058/3.854596/0112/R000000032/R000000024
R000000057/7.178785/0279/R000000058/R000000039
R000000056/4.621586/0197/R000000057
R000000059/4.282884/0197/R000000058
R000000056/7.654661/0279/R000000059/R000000039
M000000061/1.000000/0000/Sigma_BB-311208906
R000000060/1.111111/0147/M000000061
M000000063/1.000000/0000/Sigma_BB-28426400
R000000064/1.000000/0000/Guesstimate
R000000062/2.222222/0003/M000000063/R000000064
M000000065/1.000000/0000/Sigma_BB-30664943
R000000062/2.222222/0049/M000000065/R000000010
R000000060/2.469136/0147/R000000062
R000000025/6.369664/0112/R000000056/R000000060
Q000000004/4.572474/0000/R000000025
<NEXT>