#
#  Reaction log file
#  Author: LigBuilder V3 User_Diana
#  Creation time: Tue Feb 24 08:27:59 2026
#  Format:
#  QueryMoleculeId/Cost/SynthesizeId/ReactantId1/ReactantId2/ReactantId3.....
#  Id prefix:
#  Q --- Query Molecule
#  M --- Material
#  R --- Reactant
#
Directory      result/synthesize_HsDHODH/236/DATABASE/
#
Q000000001/4.282884/0000/R000000001
R000000003/1.000000/0000/Guesstimate
M000000006/1.000000/0000/Sigma_BB-28769380
R000000007/1.000000/0000/Guesstimate
R000000005/2.222222/0004/M000000006/R000000007
M000000008/1.000000/0000/Sigma_BB-28760249
R000000009/1.000000/0000/Guesstimate
R000000005/3.333333/0225/M000000008/R000000007/R000000009
R000000004/2.469136/0086/R000000005
R000000004/2.469136/0091/R000000005
R000000002/3.854596/0112/R000000003/R000000004
R000000011/1.000000/0000/Guesstimate
R000000010/2.222222/0004/R000000003/R000000011
R000000013/1.000000/0000/Guesstimate
R000000012/2.222222/0004/R000000003/R000000013
R000000014/1.000000/0000/Guesstimate
R000000012/3.333333/0225/R000000003/R000000014/R000000009
R000000010/2.469136/0085/R000000012
M000000017/1.000000/0000/Sigma_BB-28423565
R000000016/1.111111/0091/M000000017
M000000018/1.000000/0000/Sigma_BB-28788714
R000000016/1.111111/0299/M000000018
R000000015/2.345679/0112/R000000016/R000000007
R000000020/1.000000/0000/Guesstimate
M000000021/1.000000/0000/Sigma_BB-27944466
R000000019/2.222222/0231/R000000020/M000000021
R000000015/2.469136/0082/R000000019
R000000002/5.075447/0049/R000000010/R000000015
R000000001/4.282884/0099/R000000002
R000000001/4.282884/0099/R000000002
Q000000002/4.282884/0000/R000000001
Q000000003/4.282884/0000/R000000001
<NEXT>