#
#  Reaction log file
#  Author: LigBuilder V3 User_Diana
#  Creation time: Tue Feb 24 08:15:23 2026
#  Format:
#  QueryMoleculeId/Cost/SynthesizeId/ReactantId1/ReactantId2/ReactantId3.....
#  Id prefix:
#  Q --- Query Molecule
#  M --- Material
#  R --- Reactant
#
Directory      result/synthesize_HsDHODH/54/DATABASE/
#
Q000000001/4.282884/0000/R000000001
M000000005/1.000000/0000/Sigma_BB-28710871
R000000006/1.000000/0000/Guesstimate
R000000004/2.222222/0285/M000000005/R000000006
R000000003/2.469136/0285/R000000004
R000000007/2.222222/0285/M000000005/R000000006
R000000003/2.469136/0285/R000000007
R000000008/1.000000/0000/Guesstimate
R000000002/3.854596/0119/R000000003/R000000008
R000000011/1.000000/0000/Guesstimate
R000000010/3.580247/0119/R000000007/R000000011
R000000010/3.580247/0119/R000000004/R000000011
R000000009/3.978053/0285/R000000010
R000000012/1.000000/0000/Guesstimate
R000000002/5.531170/0224/R000000009/R000000012
R000000001/4.282884/0024/R000000002
R000000016/1.000000/0000/Guesstimate
R000000017/1.000000/0000/Guesstimate
R000000015/3.333333/0261/R000000008/R000000016/R000000017
R000000014/3.703704/0122/R000000015
R000000018/2.743484/0197/R000000003
R000000014/4.159427/0224/R000000018/R000000012
R000000021/1.000000/0000/Guesstimate
R000000022/1.000000/0000/Guesstimate
R000000020/2.222222/0174/R000000021/R000000022
R000000020/2.222222/0289/R000000021/R000000022
R000000019/2.469136/0197/R000000020
R000000023/7.400000/0000/Guesstimate
R000000019/8.222222/0091/R000000023
R000000013/6.858711/0112/R000000014/R000000019
R000000025/5.226338/0112/R000000014/R000000021
R000000024/5.807042/0197/R000000025
R000000026/1.111111/0287/R000000022
R000000026/8.222222/0197/R000000023
R000000013/7.686837/0112/R000000024/R000000026
R000000001/7.620790/0025/R000000013
Q000000002/5.993328/0000/R000000027
R000000030/2.469136/0141/R000000007
R000000031/1.000000/0000/Guesstimate
R000000029/3.854596/0212/R000000030/R000000031
R000000029/3.854596/0212/R000000030/R000000031
R000000028/5.393995/0224/R000000029/R000000012
R000000034/6.452269/0079/R000000024
R000000036/5.226338/0256/R000000014/R000000012
R000000035/5.807042/0295/R000000036
R000000034/6.452269/0082/R000000035
R000000033/7.169188/0198/R000000034
R000000033/7.169188/0298/R000000034
R000000032/7.965765/0257/R000000033
R000000028/8.850850/0041/R000000032
R000000027/5.993328/0099/R000000028
R000000027/7.169188/0041/R000000034
Q000000003/5.993328/0000/R000000027
Q000000004/7.016773/0000/R000000037
R000000040/4.115227/0293/R000000014
R000000040/4.115227/0293/R000000014
R000000041/1.000000/0000/Guesstimate
R000000039/5.683586/0301/R000000040/R000000041
R000000039/5.683586/0301/R000000040/R000000041
R000000038/6.315095/0125/R000000039
R000000042/1.000000/0000/Guesstimate
R000000038/7.426207/0112/R000000039/R000000042
R000000037/7.016773/0041/R000000038
R000000045/4.282884/0024/R000000029
R000000044/5.869872/0277/R000000045/R000000041
R000000046/5.393995/0277/R000000029/R000000041
R000000044/5.993328/0024/R000000046
R000000043/7.633191/0119/R000000044/R000000008
R000000049/1.000000/0000/Guesstimate
R000000048/7.104439/0277/R000000028/R000000049
R000000047/7.893822/0260/R000000048
M000000050/1.000000/0000/Sigma_BB-28769413
R000000043/9.882025/0212/R000000047/M000000050
R000000037/8.481323/0099/R000000043
<NEXT>