#
#  Reaction log file
#  Author: LigBuilder V3 User_Diana
#  Creation time: Tue Feb 24 08:21:53 2026
#  Format:
#  QueryMoleculeId/Cost/SynthesizeId/ReactantId1/ReactantId2/ReactantId3.....
#  Id prefix:
#  Q --- Query Molecule
#  M --- Material
#  R --- Reactant
#
Directory      result/synthesize_HsDHODH/120/DATABASE/
#
Q000000001/4.282884/0000/R000000001
M000000003/1.000000/0000/Sigma_BB-28816861
M000000006/1.000000/0000/Sigma_BB-28765974
R000000007/1.000000/0000/Guesstimate
R000000005/2.222222/0012/M000000006/R000000007
R000000005/2.222222/0285/M000000006/R000000007
R000000004/2.469136/0279/R000000005
R000000004/2.469136/0279/R000000005
R000000002/3.854596/0012/M000000003/R000000004
M000000009/1.000000/0000/Sigma_BB-63170488
R000000008/1.111111/0197/M000000009
M000000010/1.000000/0000/Sigma_BB-29205355
R000000011/1.000000/0000/Guesstimate
R000000008/2.222222/0231/M000000010/R000000011
M000000014/1.000000/0000/Sigma_BB-28843709
R000000013/2.222222/0285/M000000014/R000000007
R000000012/2.469136/0279/R000000013
R000000012/2.469136/0279/R000000013
R000000002/3.978053/0112/R000000008/R000000012
R000000001/4.282884/0059/R000000002
M000000016/1.000000/0000/Sigma_BB-28426400
R000000019/1.000000/0000/Guesstimate
R000000018/3.854596/0112/R000000019/R000000012
M000000020/1.000000/0000/Sigma_BB-28792337
R000000021/9.000000/0000/Guesstimate
R000000018/10.000000/0112/M000000020/R000000021
R000000017/4.282884/0059/R000000018
R000000023/1.000000/0000/Guesstimate
R000000026/1.000000/0000/Guesstimate
R000000025/3.854596/0112/R000000026/R000000012
R000000025/10.000000/0112/R000000019/R000000021
R000000024/4.282884/0059/R000000025
R000000027/1.000000/0000/Guesstimate
R000000024/5.393995/0224/R000000025/R000000027
R000000022/5.869872/0112/R000000023/R000000024
R000000017/6.522080/0197/R000000022
R000000015/5.869872/0112/M000000016/R000000017
M000000029/1.000000/0000/Sigma_BB-28416063
R000000028/1.111111/0091/M000000029
R000000030/2.222222/0112/M000000016/R000000023
M000000031/1.000000/0000/Sigma_BB-28151472
R000000030/2.222222/0174/M000000031/R000000023
R000000028/2.469136/0197/R000000030
R000000015/5.993328/0112/R000000028/R000000024
R000000001/6.522080/0099/R000000015
Q000000002/5.531170/0000/R000000032
M000000035/1.000000/0000/Sigma_BB-70667862
R000000034/1.111111/0009/M000000035
R000000036/1.000000/0000/Guesstimate
R000000034/2.222222/0003/M000000016/R000000036
R000000039/1.000000/0000/Guesstimate
M000000040/1.000000/0000/Sigma_BB-28909567
R000000038/2.222222/0277/R000000039/M000000040
R000000037/2.469136/0099/R000000038
R000000041/8.700000/0000/Guesstimate
R000000037/9.666667/0293/R000000041
R000000033/3.978053/0122/R000000034/R000000037
R000000042/3.703704/0122/R000000034/R000000038
R000000042/3.703704/0122/R000000034/R000000038
R000000033/4.115227/0099/R000000042
R000000043/1.000000/0000/Guesstimate
R000000032/5.531170/0004/R000000033/R000000043
R000000047/1.000000/0000/Guesstimate
R000000046/3.854596/0112/R000000037/R000000047
R000000045/4.282884/0147/R000000046
R000000048/3.854596/0004/R000000037/R000000043
R000000049/1.000000/0000/Guesstimate
R000000050/1.000000/0000/Guesstimate
R000000048/4.965707/0225/R000000037/R000000049/R000000050
R000000045/5.393995/0119/R000000048/R000000027
R000000044/5.993328/0122/R000000034/R000000045
R000000044/5.993328/0122/R000000034/R000000045
R000000032/6.659254/0024/R000000044
Q000000003/5.807042/0000/R000000051
R000000055/1.000000/0000/Guesstimate
R000000056/1.000000/0000/Guesstimate
R000000054/3.333333/0225/R000000055/R000000056/R000000050
R000000054/3.333333/0225/R000000055/R000000056/R000000050
R000000053/3.703704/0204/R000000054
R000000058/1.000000/0000/Guesstimate
R000000057/2.222222/0002/R000000055/R000000058
R000000057/2.222222/0004/R000000055/R000000058
R000000060/1.000000/0000/Guesstimate
R000000059/1.111111/0040/R000000060
R000000061/1.000000/0000/Guesstimate
R000000059/2.222222/0274/R000000036/R000000061
R000000053/3.703704/0212/R000000057/R000000059
M000000062/1.000000/0000/Sigma_BB-29617241
R000000052/5.226338/0122/R000000053/M000000062
R000000052/5.226338/0122/R000000053/M000000062
R000000051/5.807042/0285/R000000052
<NEXT>