#
#  Reaction log file
#  Author: LigBuilder V3 User_Diana
#  Creation time: Tue Feb 24 08:22:09 2026
#  Format:
#  QueryMoleculeId/Cost/SynthesizeId/ReactantId1/ReactantId2/ReactantId3.....
#  Id prefix:
#  Q --- Query Molecule
#  M --- Material
#  R --- Reactant
#
Directory      result/synthesize_HsDHODH/118/DATABASE/
#
Q000000001/2.469136/0000/R000000001
M000000003/1.000000/0000/Sigma_BB-27414140
R000000004/1.000000/0000/Guesstimate
R000000002/2.222222/0175/M000000003/R000000004
M000000007/1.000000/0000/Sigma_BB-70348558
R000000008/1.000000/0000/Guesstimate
R000000006/2.222222/0175/M000000007/R000000008
R000000006/2.222222/0290/M000000007/R000000008
R000000005/2.469136/0039/R000000006
R000000010/1.000000/0000/Guesstimate
R000000009/2.222222/0175/M000000007/R000000010
R000000012/1.000000/0000/Guesstimate
M000000013/1.000000/0000/Sigma_BB-29205355
R000000011/2.222222/0276/R000000012/M000000013
R000000011/2.222222/0278/R000000012/M000000013
R000000014/1.000000/0000/Guesstimate
R000000009/3.580247/0004/R000000011/R000000014
R000000015/1.000000/0000/Guesstimate
R000000005/3.580247/0119/R000000009/R000000015
R000000016/1.000000/0000/Guesstimate
R000000002/3.854596/0274/R000000005/R000000016
R000000001/2.469136/0024/R000000002
R000000019/1.000000/0000/Guesstimate
M000000020/1.000000/0000/Sigma_BB-180925272
R000000018/2.222222/0119/R000000019/M000000020
R000000021/2.222222/0119/R000000019/M000000013
R000000021/2.222222/0276/R000000010/M000000013
R000000018/3.580247/0274/R000000021/R000000016
R000000017/2.469136/0153/R000000018
R000000023/1.000000/0000/Guesstimate
R000000022/3.580247/0274/R000000011/R000000023
R000000024/2.222222/0274/M000000013/R000000023
R000000022/3.580247/0276/R000000012/R000000024
R000000017/3.978053/0147/R000000022
R000000001/3.854596/0004/R000000017/R000000014
Q000000002/4.007011/0000/R000000025
M000000029/1.000000/0000/Sigma_BB-27262752
R000000028/1.111111/0287/M000000029
R000000030/1.000000/0000/Guesstimate
R000000028/2.222222/0274/M000000013/R000000030
R000000027/2.345679/0276/R000000012/R000000028
R000000027/3.580247/0274/R000000011/R000000030
R000000026/2.606310/0153/R000000027
R000000032/1.234568/0153/R000000028
R000000033/1.000000/0000/Guesstimate
R000000032/2.222222/0274/M000000013/R000000033
R000000031/2.482853/0119/R000000019/R000000032
R000000031/3.580247/0274/R000000021/R000000033
R000000026/2.758726/0153/R000000031
R000000034/1.000000/0000/Guesstimate
R000000025/4.007011/0004/R000000026/R000000034
R000000037/2.222222/0274/M000000007/R000000033
R000000036/3.580247/0175/R000000037/R000000004
R000000036/3.854596/0274/R000000005/R000000033
R000000035/3.978053/0024/R000000036
R000000035/4.007011/0004/R000000026/R000000014
R000000038/1.000000/0000/Guesstimate
R000000025/5.531170/0004/R000000035/R000000038
Q000000003/Analysis Failed
<NEXT>