#
#  Reaction log file
#  Author: LigBuilder V3 User_Diana
#  Creation time: Tue Feb 24 08:15:42 2026
#  Format:
#  QueryMoleculeId/Cost/SynthesizeId/ReactantId1/ReactantId2/ReactantId3.....
#  Id prefix:
#  Q --- Query Molecule
#  M --- Material
#  R --- Reactant
#
Directory      result/synthesize_HsDHODH/55/DATABASE/
#
Q000000001/7.178784/0000/R000000001
R000000005/1.000000/0000/Guesstimate
R000000006/1.000000/0000/Guesstimate
R000000007/1.000000/0000/Guesstimate
R000000004/3.333333/0261/R000000005/R000000006/R000000007
R000000008/1.000000/0000/Guesstimate
R000000003/4.814815/0225/R000000004/R000000008
R000000003/4.814815/0225/R000000004/R000000008
M000000009/1.000000/0000/Sigma_BB-28769413
R000000002/6.460906/0212/R000000003/M000000009
R000000002/6.460906/0212/R000000003/M000000009
R000000001/7.178784/0099/R000000002
R000000013/1.000000/0000/Guesstimate
R000000014/1.000000/0000/Guesstimate
R000000012/3.333333/0261/R000000005/R000000013/R000000014
R000000011/3.703704/0041/R000000012
R000000016/1.000000/0000/Guesstimate
R000000015/3.333333/0261/R000000005/R000000016/R000000007
R000000011/3.703704/0079/R000000015
R000000019/1.000000/0000/Guesstimate
R000000020/1.000000/0000/Guesstimate
R000000018/2.222222/0003/R000000019/R000000020
R000000021/1.000000/0000/Guesstimate
R000000018/2.222222/0277/R000000019/R000000021
R000000017/2.469136/0059/R000000018
R000000023/1.000000/0000/Guesstimate
R000000024/1.000000/0000/Guesstimate
R000000022/2.222222/0003/R000000023/R000000024
R000000025/1.000000/0000/Guesstimate
R000000022/2.222222/0112/R000000019/R000000025
R000000017/2.469136/0147/R000000022
R000000010/6.858711/0122/R000000011/R000000017
R000000027/3.333333/0261/R000000005/R000000014/R000000008
R000000026/6.447188/0122/R000000027/R000000017
R000000028/6.172840/0122/R000000027/R000000022
R000000026/6.858711/0147/R000000028
R000000029/1.000000/0000/Guesstimate
R000000010/8.274654/0274/R000000026/R000000029
R000000001/7.620790/0122/R000000010
Q000000002/4.420059/0000/R000000030
R000000034/1.000000/0000/Guesstimate
R000000035/1.000000/0000/Guesstimate
R000000033/2.222222/0003/R000000034/R000000035
R000000036/1.000000/0000/Guesstimate
R000000037/1.000000/0000/Guesstimate
R000000033/2.222222/0095/R000000036/R000000037
R000000032/3.580247/0261/R000000005/R000000033
R000000039/1.000000/0000/Guesstimate
R000000038/3.580247/0261/R000000039/R000000033
R000000040/1.000000/0000/Guesstimate
R000000032/5.089163/0301/R000000038/R000000040
R000000031/3.978053/0099/R000000032
R000000043/1.000000/0000/Guesstimate
R000000042/3.333333/0261/R000000005/R000000043/R000000014
R000000041/3.703704/0122/R000000042
R000000044/1.000000/0000/Guesstimate
R000000031/5.226338/0112/R000000041/R000000044
R000000030/4.420059/0041/R000000031
R000000048/1.000000/0000/Guesstimate
R000000047/3.333333/0261/R000000005/R000000048/R000000014
R000000049/1.000000/0000/Guesstimate
R000000047/4.814815/0274/R000000027/R000000049
R000000046/3.703704/0122/R000000047
R000000050/4.814815/0122/R000000027/R000000049
R000000046/5.349795/0274/R000000050
R000000051/1.000000/0000/Guesstimate
R000000045/5.226338/0277/R000000046/R000000051
M000000054/1.000000/0000/Sigma_BB-30410575
R000000053/4.814815/0122/R000000027/M000000054
R000000052/5.349795/0274/R000000053
R000000045/7.055328/0301/R000000052/R000000051
R000000030/5.807042/0099/R000000045
Q000000003/4.420059/0000/R000000030
<NEXT>