#
#  Reaction log file
#  Author: LigBuilder V3 User_Diana
#  Creation time: Tue Feb 24 08:29:23 2026
#  Format:
#  QueryMoleculeId/Cost/SynthesizeId/ReactantId1/ReactantId2/ReactantId3.....
#  Id prefix:
#  Q --- Query Molecule
#  M --- Material
#  R --- Reactant
#
Directory      result/synthesize_HsDHODH/281/DATABASE/
#
Q000000001/4.159427/0000/R000000001
R000000005/1.000000/0000/Guesstimate
R000000006/1.000000/0000/Guesstimate
R000000004/2.222222/0018/R000000005/R000000006
R000000003/2.469136/0295/R000000004
R000000002/2.743484/0024/R000000003
R000000009/1.000000/0000/Guesstimate
R000000008/2.222222/0018/R000000009/R000000006
R000000007/2.469136/0295/R000000008
R000000002/2.743484/0040/R000000007
R000000010/1.000000/0000/Guesstimate
R000000001/4.159427/0004/R000000002/R000000010
R000000014/1.000000/0000/Guesstimate
R000000013/1.111111/0198/R000000014
R000000013/1.111111/0298/R000000014
R000000012/1.234568/0155/R000000013
R000000015/1.111111/0228/R000000010
R000000015/1.111111/0286/R000000010
R000000012/1.234568/0156/R000000015
R000000011/4.420059/0004/R000000002/R000000012
R000000017/1.000000/0000/Guesstimate
R000000016/4.159427/0004/R000000002/R000000017
R000000019/1.000000/0000/Guesstimate
R000000018/4.159427/0004/R000000002/R000000019
R000000016/4.621586/0024/R000000018
R000000021/1.371742/0118/R000000012
R000000022/1.000000/0000/Guesstimate
R000000021/2.482853/0112/R000000012/R000000022
R000000020/1.524158/0040/R000000021
R000000026/1.000000/0000/Guesstimate
R000000027/1.000000/0000/Guesstimate
R000000025/2.222222/0174/R000000026/R000000027
R000000028/1.111111/0287/R000000027
R000000025/2.345679/0112/R000000026/R000000028
R000000024/2.469136/0197/R000000025
R000000029/7.400000/0000/Guesstimate
R000000024/8.222222/0091/R000000029
R000000023/4.115227/0112/R000000012/R000000024
R000000020/4.572474/0025/R000000023
R000000011/6.315095/0212/R000000016/R000000020
R000000001/4.911177/0188/R000000011
Q000000002/4.159427/0000/R000000001
Q000000003/5.654626/0000/R000000030
R000000033/1.000000/0000/Guesstimate
R000000035/1.000000/0000/Guesstimate
M000000036/1.000000/0000/Sigma_BB-246512779
R000000034/2.222222/0001/R000000035/M000000036
M000000037/1.000000/0000/Sigma_BB-246512842
R000000034/2.222222/0112/R000000022/M000000037
R000000032/3.580247/0012/R000000033/R000000034
R000000039/1.000000/0000/Guesstimate
R000000038/3.580247/0001/R000000034/R000000039
R000000038/3.580247/0141/R000000034/R000000033
R000000032/3.978053/0099/R000000038
R000000040/1.000000/0000/Guesstimate
R000000031/5.089163/0159/R000000032/R000000040
R000000043/1.000000/0000/Guesstimate
R000000044/1.000000/0000/Guesstimate
R000000042/2.222222/0274/R000000043/R000000044
R000000045/1.000000/0000/Guesstimate
R000000046/1.000000/0000/Guesstimate
R000000042/2.222222/0275/R000000045/R000000046
R000000041/2.469136/0082/R000000042
R000000047/1.000000/0000/Guesstimate
R000000048/2.222222/0274/R000000017/R000000044
R000000049/1.000000/0000/Guesstimate
R000000048/2.222222/0275/R000000049/R000000046
R000000041/3.580247/0112/R000000047/R000000048
R000000051/1.000000/0000/Guesstimate
R000000050/2.222222/0012/R000000033/R000000051
R000000053/1.000000/0000/Guesstimate
R000000054/1.000000/0000/Guesstimate
R000000052/2.222222/0279/R000000053/R000000054
R000000052/2.222222/0279/R000000053/R000000054
R000000050/3.580247/0112/R000000052/R000000022
R000000031/5.212621/0159/R000000041/R000000050
R000000030/5.654626/0024/R000000031
M000000058/1.000000/0000/Sigma_BB-156331499
R000000057/2.222222/0274/M000000058/R000000044
M000000059/1.000000/0000/Sigma_BB-28788714
R000000057/2.222222/0275/M000000059/R000000046
R000000060/1.000000/0000/Guesstimate
R000000056/3.580247/0175/R000000057/R000000060
R000000061/2.222222/0175/M000000058/R000000060
R000000061/2.222222/0290/M000000058/R000000060
R000000056/3.580247/0274/R000000061/R000000044
R000000055/6.721537/0112/R000000056/R000000024
R000000063/1.000000/0000/Guesstimate
R000000065/1.000000/0000/Guesstimate
R000000064/3.854596/0004/R000000065/R000000024
R000000064/9.333333/0001/R000000065/R000000029
R000000062/5.393995/0049/R000000063/R000000064
R000000062/10.000000/0082/R000000066
R000000069/1.000000/0000/Guesstimate
R000000068/2.222222/0274/R000000069/R000000044
R000000067/3.580247/0012/R000000051/R000000068
M000000071/1.000000/0000/Sigma_BB-28776642
R000000070/3.580247/0285/M000000071/R000000068
R000000067/3.978053/0204/R000000070
R000000055/9.971380/0159/R000000062/R000000067
R000000030/7.468375/0025/R000000055
<NEXT>