#
#  Reaction log file
#  Author: LigBuilder V3 User_Diana
#  Creation time: Tue Feb 24 08:27:47 2026
#  Format:
#  QueryMoleculeId/Cost/SynthesizeId/ReactantId1/ReactantId2/ReactantId3.....
#  Id prefix:
#  Q --- Query Molecule
#  M --- Material
#  R --- Reactant
#
Directory      result/synthesize_HsDHODH/244/DATABASE/
#
Q000000001/4.572474/0000/R000000001
M000000005/1.000000/0000/Sigma_BB-120959955
R000000004/1.111111/0040/M000000005
M000000006/1.000000/0000/Sigma_BB-28416063
R000000007/1.000000/0000/Guesstimate
R000000004/2.222222/0274/M000000006/R000000007
R000000003/1.234568/0153/R000000004
M000000009/1.000000/0000/Sigma_BB-29205355
R000000010/1.000000/0000/Guesstimate
R000000008/2.222222/0274/M000000009/R000000010
R000000003/2.469136/0041/R000000008
R000000013/1.000000/0000/Guesstimate
R000000014/1.000000/0000/Guesstimate
R000000012/2.222222/0112/R000000013/R000000014
R000000011/2.469136/0153/R000000012
R000000016/1.000000/0000/Guesstimate
R000000015/2.222222/0112/R000000013/R000000016
R000000015/2.469136/0091/R000000012
R000000011/2.469136/0154/R000000015
R000000002/4.115227/0231/R000000003/R000000011
R000000017/3.854596/0231/M000000009/R000000011
M000000019/1.000000/0000/Sigma_BB-28758610
R000000018/3.854596/0231/M000000019/R000000011
R000000017/4.282884/0287/R000000018
R000000002/5.393995/0274/R000000017/R000000007
R000000001/4.572474/0024/R000000002
R000000021/2.482853/0231/R000000003/R000000013
R000000022/3.580247/0231/R000000008/R000000013
R000000021/3.978053/0041/R000000022
R000000025/1.000000/0000/Guesstimate
R000000024/2.222222/0174/R000000014/R000000025
R000000024/2.222222/0289/R000000014/R000000025
R000000023/2.469136/0197/R000000024
R000000026/7.400000/0000/Guesstimate
R000000023/8.222222/0091/R000000026
R000000020/5.502210/0112/R000000021/R000000023
R000000027/3.854596/0112/R000000013/R000000023
R000000028/2.469136/0197/R000000012
R000000029/9.600000/0000/Guesstimate
R000000028/9.600000/0091/R000000029
R000000030/1.111111/0287/R000000025
R000000027/3.978053/0112/R000000028/R000000030
R000000020/5.654626/0231/R000000003/R000000027
R000000001/6.113567/0025/R000000020
Q000000002/4.282884/0000/R000000031
M000000035/1.000000/0000/Sigma_BB-28766388
M000000036/1.000000/0000/Sigma_BB-30924817
R000000034/2.222222/0231/M000000035/M000000036
R000000033/2.469136/0179/R000000034
M000000037/1.000000/0000/Sigma_BB-28785291
R000000039/1.000000/0000/Guesstimate
R000000040/1.000000/0000/Guesstimate
R000000038/2.222222/0279/R000000039/R000000040
R000000038/2.222222/0279/R000000039/R000000040
R000000033/3.580247/0159/M000000037/R000000038
R000000041/1.000000/0000/Guesstimate
R000000032/3.854596/0119/R000000033/R000000041
R000000045/1.000000/0000/Guesstimate
R000000044/2.222222/0279/R000000045/R000000040
R000000044/2.222222/0279/R000000045/R000000040
R000000046/1.000000/0000/Guesstimate
R000000043/3.580247/0224/R000000044/R000000046
R000000042/3.978053/0147/R000000043
R000000048/1.000000/0000/Guesstimate
R000000047/3.580247/0224/R000000044/R000000048
R000000042/3.978053/0188/R000000047
R000000032/5.531170/0159/M000000037/R000000042
R000000031/4.282884/0082/R000000032
M000000052/1.000000/0000/Sigma_BB-28516749
R000000051/1.111111/0156/M000000052
R000000053/1.000000/0000/Guesstimate
R000000051/1.111111/0228/R000000053
R000000050/1.234568/0024/R000000051
R000000054/1.000000/0000/Guesstimate
R000000055/1.000000/0000/Guesstimate
R000000050/2.222222/0004/R000000054/R000000055
R000000049/4.115227/0119/R000000033/R000000050
R000000058/1.000000/0000/Guesstimate
R000000057/2.222222/0001/R000000055/R000000058
R000000059/1.000000/0000/Guesstimate
R000000057/2.222222/0004/R000000055/R000000059
R000000056/4.938272/0224/R000000044/R000000057
R000000060/3.580247/0224/R000000045/R000000057
R000000056/5.089163/0279/R000000060/R000000040
R000000049/6.598080/0159/M000000037/R000000056
R000000061/1.000000/0000/Guesstimate
R000000031/5.683586/0049/R000000049/R000000061
Q000000003/4.282884/0000/R000000031
Q000000004/4.282884/0000/R000000031
<NEXT>