#
#  Reaction log file
#  Author: LigBuilder V3 User_Diana
#  Creation time: Tue Feb 24 08:23:16 2026
#  Format:
#  QueryMoleculeId/Cost/SynthesizeId/ReactantId1/ReactantId2/ReactantId3.....
#  Id prefix:
#  Q --- Query Molecule
#  M --- Material
#  R --- Reactant
#
Directory      result/synthesize_HsDHODH/144/DATABASE/
#
Q000000001/2.222222/0000/R000000001
M000000002/1.000000/0000/Sigma_BB-28518107
R000000003/1.000000/0000/Guesstimate
R000000001/2.222222/0004/M000000002/R000000003
M000000006/1.000000/0000/Sigma_BB-28714504
R000000005/2.222222/0277/M000000006/R000000003
M000000007/1.000000/0000/Sigma_BB-101355943
R000000008/1.000000/0000/Guesstimate
R000000009/1.000000/0000/Guesstimate
R000000005/3.333333/0261/M000000007/R000000008/R000000009
R000000010/1.000000/0000/Guesstimate
R000000004/3.580247/0175/R000000005/R000000010
R000000011/2.469136/0114/R000000005
M000000013/1.000000/0000/Sigma_BB-243340988
R000000014/1.000000/0000/Guesstimate
R000000012/3.333333/0261/M000000013/R000000014/R000000009
R000000011/3.703704/0041/R000000012
R000000015/1.000000/0000/Guesstimate
R000000004/3.854596/0122/R000000011/R000000015
R000000001/3.978053/0024/R000000004
Q000000002/2.222222/0000/R000000001
Q000000003/4.007011/0000/R000000016
R000000019/1.111111/0114/M000000006
R000000020/1.000000/0000/Guesstimate
R000000019/3.333333/0261/M000000013/R000000020/R000000009
R000000021/1.000000/0000/Guesstimate
R000000018/2.345679/0122/R000000019/R000000021
R000000023/1.000000/0000/Guesstimate
R000000022/2.222222/0175/M000000006/R000000023
R000000024/1.000000/0000/Guesstimate
R000000022/2.345679/0003/R000000019/R000000024
R000000025/1.000000/0000/Guesstimate
R000000018/3.580247/0122/R000000022/R000000025
R000000017/2.606310/0024/R000000018
M000000028/1.000000/0000/Sigma_BB-27258815
M000000029/1.000000/0000/Sigma_BB-30487926
R000000027/2.222222/0175/M000000028/M000000029
R000000027/2.222222/0290/M000000028/M000000029
R000000026/2.469136/0082/R000000027
M000000031/1.000000/0000/Sigma_BB-30482986
R000000030/2.222222/0175/M000000031/M000000029
R000000030/2.222222/0290/M000000031/M000000029
R000000032/1.000000/0000/Guesstimate
R000000026/3.580247/0112/R000000030/R000000032
R000000017/2.743484/0040/R000000026
R000000016/4.007011/0004/R000000017/R000000003
R000000033/3.854596/0122/R000000011/R000000021
M000000036/1.000000/0000/Sigma_BB-30669523
R000000035/3.333333/0261/M000000036/R000000014/R000000009
R000000035/4.814815/0003/R000000012/R000000024
R000000034/3.703704/0041/R000000035
R000000034/3.854596/0003/R000000011/R000000024
R000000033/5.226338/0122/R000000034/R000000025
R000000016/4.282884/0024/R000000033
<NEXT>