#
#  Reaction log file
#  Author: LigBuilder V3 User_Diana
#  Creation time: Tue Feb 24 08:22:48 2026
#  Format:
#  QueryMoleculeId/Cost/SynthesizeId/ReactantId1/ReactantId2/ReactantId3.....
#  Id prefix:
#  Q --- Query Molecule
#  M --- Material
#  R --- Reactant
#
Directory      result/synthesize_HsDHODH/134/DATABASE/
#
Q000000001/4.267643/0000/R000000001
R000000004/1.000000/0000/Guesstimate
R000000005/1.000000/0000/Guesstimate
R000000003/2.222222/0112/R000000004/R000000005
M000000007/1.000000/0000/Sigma_BB-28775169
R000000006/1.111111/0091/M000000007
R000000008/1.000000/0000/Guesstimate
R000000003/2.345679/0003/R000000006/R000000008
R000000011/1.000000/0000/Guesstimate
R000000010/1.111111/0245/R000000011
R000000010/1.111111/0245/R000000011
R000000009/1.234568/0295/R000000010
R000000002/3.840878/0112/R000000003/R000000009
R000000014/1.234568/0091/R000000006
R000000013/1.371742/0079/R000000014
R000000015/1.000000/0000/Guesstimate
R000000013/2.482853/0112/R000000014/R000000015
R000000012/2.895900/0112/R000000013/R000000009
R000000016/2.758726/0112/R000000013/R000000010
R000000012/3.065251/0295/R000000016
R000000017/1.000000/0000/Guesstimate
R000000002/4.328778/0138/R000000012/R000000017
R000000001/4.267643/0059/R000000002
R000000020/1.371742/0125/R000000009
R000000021/1.000000/0000/Guesstimate
R000000020/2.482853/0112/R000000021/R000000009
R000000019/1.524158/0040/R000000020
R000000023/1.000000/0000/Guesstimate
R000000022/2.482853/0004/R000000009/R000000023
R000000024/1.000000/0000/Guesstimate
R000000022/3.593965/0225/R000000009/R000000015/R000000024
R000000019/2.758726/0216/R000000022
R000000018/1.693509/0091/R000000019
R000000027/1.000000/0000/Guesstimate
R000000026/2.482853/0112/R000000027/R000000009
R000000025/2.758726/0024/R000000026
R000000029/1.000000/0000/Guesstimate
R000000028/2.482853/0112/R000000029/R000000009
R000000025/2.758726/0040/R000000028
R000000018/3.065251/0197/R000000025
R000000032/1.000000/0000/Guesstimate
R000000031/2.222222/0003/R000000032/R000000008
R000000034/1.000000/0000/Guesstimate
R000000035/1.000000/0000/Guesstimate
R000000033/2.222222/0004/R000000034/R000000035
R000000036/1.000000/0000/Guesstimate
R000000031/3.580247/0049/R000000033/R000000036
R000000030/2.469136/0059/R000000031
R000000038/1.000000/0000/Guesstimate
R000000037/2.222222/0003/R000000038/R000000023
R000000039/1.111111/0118/R000000038
R000000039/2.222222/0112/R000000038/R000000021
R000000040/1.000000/0000/Guesstimate
R000000037/2.345679/0049/R000000039/R000000040
R000000030/2.469136/0147/R000000037
R000000001/4.625162/0112/R000000018/R000000030
Q000000002/2.222222/0000/R000000041
M000000042/1.000000/0000/Sigma_BB-28769624
R000000043/1.000000/0000/Guesstimate
R000000041/2.222222/0004/M000000042/R000000043
M000000046/1.000000/0000/Sigma_BB-28756851
R000000048/1.000000/0000/Guesstimate
R000000047/1.111111/0198/R000000048
R000000049/1.000000/0000/Guesstimate
R000000047/1.111111/0228/R000000049
R000000045/2.345679/0274/M000000046/R000000047
M000000051/1.000000/0000/Sigma_BB-28760249
R000000050/2.345679/0274/M000000051/R000000047
R000000045/2.606310/0299/R000000050
R000000044/2.606310/0039/R000000045
R000000054/1.000000/0000/Guesstimate
R000000053/2.222222/0274/M000000046/R000000054
R000000052/3.580247/0112/R000000053/R000000021
R000000056/1.000000/0000/Guesstimate
R000000057/1.000000/0000/Guesstimate
R000000055/3.333333/0261/M000000046/R000000056/R000000057
R000000052/3.703704/0082/R000000055
R000000044/3.978053/0041/R000000052
R000000041/2.895900/0024/R000000044
Q000000003/2.222222/0000/R000000041
Q000000004/2.222222/0000/R000000058
M000000059/1.000000/0000/Sigma_BB-27737043
R000000058/2.222222/0004/M000000059/R000000043
R000000063/1.000000/0000/Guesstimate
R000000062/2.222222/0004/M000000059/R000000063
R000000064/1.000000/0000/Guesstimate
R000000061/3.580247/0212/R000000062/R000000064
R000000061/3.580247/0212/R000000062/R000000064
R000000060/3.978053/0039/R000000061
M000000067/1.000000/0000/Sigma_BB-101355943
R000000066/3.333333/0261/M000000067/R000000029/R000000057
R000000065/3.703704/0079/R000000066
R000000068/3.333333/0261/M000000067/R000000056/R000000057
R000000065/3.703704/0082/R000000068
R000000060/4.115227/0041/R000000065
R000000058/4.420059/0024/R000000060
<NEXT>