#
#  Reaction log file
#  Author: LigBuilder V3 User_Diana
#  Creation time: Tue Feb 24 08:28:16 2026
#  Format:
#  QueryMoleculeId/Cost/SynthesizeId/ReactantId1/ReactantId2/ReactantId3.....
#  Id prefix:
#  Q --- Query Molecule
#  M --- Material
#  R --- Reactant
#
Directory      result/synthesize_HsDHODH/264/DATABASE/
#
Q000000001/3.048316/0000/R000000001
M000000005/1.000000/0000/Sigma_BB-27090565
R000000004/1.111111/0074/M000000005
R000000007/1.000000/0000/Guesstimate
M000000008/1.000000/0000/Sigma_BB-151011721
R000000006/2.222222/0276/R000000007/M000000008
R000000006/2.222222/0278/R000000007/M000000008
R000000009/1.000000/0000/Guesstimate
R000000004/3.580247/0112/R000000006/R000000009
R000000003/1.234568/0040/R000000004
M000000010/1.000000/0000/Sigma_BB-27736991
R000000003/2.222222/0276/R000000007/M000000010
R000000013/1.000000/0000/Guesstimate
R000000012/1.111111/0293/R000000013
R000000011/1.234568/0090/R000000012
R000000015/1.000000/0000/Guesstimate
R000000016/1.000000/0000/Guesstimate
R000000014/2.222222/0256/R000000015/R000000016
R000000011/2.469136/0155/R000000014
R000000002/2.743484/0003/R000000003/R000000011
R000000020/1.000000/0000/Guesstimate
R000000019/2.345679/0049/R000000004/R000000020
R000000021/1.000000/0000/Guesstimate
R000000019/3.580247/0003/R000000006/R000000021
R000000018/2.606310/0040/R000000019
R000000022/1.000000/0000/Guesstimate
R000000018/3.580247/0004/R000000006/R000000022
R000000017/2.895900/0085/R000000018
R000000017/3.580247/0004/R000000006/R000000020
R000000023/2.222222/0003/R000000021/R000000016
R000000025/1.000000/0000/Guesstimate
R000000024/2.482853/0004/R000000025/R000000011
R000000024/2.482853/0277/R000000025/R000000011
R000000023/2.758726/0009/R000000024
R000000002/5.686803/0049/R000000017/R000000023
R000000001/3.048316/0099/R000000002
R000000026/4.007011/0003/R000000018/R000000016
R000000027/2.222222/0004/R000000022/R000000016
R000000027/2.469136/0040/R000000023
R000000026/4.938272/0003/R000000006/R000000027
R000000001/4.452235/0099/R000000026
Q000000002/3.048316/0000/R000000001
Q000000003/3.048316/0000/R000000001
<NEXT>