#
#  Reaction log file
#  Author: LigBuilder V3 User_Diana
#  Creation time: Tue Feb 24 08:29:25 2026
#  Format:
#  QueryMoleculeId/Cost/SynthesizeId/ReactantId1/ReactantId2/ReactantId3.....
#  Id prefix:
#  Q --- Query Molecule
#  M --- Material
#  R --- Reactant
#
Directory      result/synthesize_HsDHODH/286/DATABASE/
#
Q000000001/Analysis Failed
Q000000002/Analysis Failed
Q000000003/Analysis Failed
Q000000004/6.145744/0000/R000000001
R000000003/1.000000/0000/Guesstimate
R000000006/1.000000/0000/Guesstimate
M000000008/1.000000/0000/Sigma_BB-243372001
R000000009/1.000000/0000/Guesstimate
R000000007/2.222222/0170/M000000008/R000000009
M000000010/1.000000/0000/Sigma_BB-234796966
R000000011/1.000000/0000/Guesstimate
R000000007/2.222222/0212/M000000010/R000000011
R000000005/3.580247/0004/R000000006/R000000007
R000000012/1.000000/0000/Guesstimate
R000000013/1.000000/0000/Guesstimate
R000000005/4.691358/0225/R000000007/R000000012/R000000013
R000000004/3.978053/0086/R000000005
R000000004/3.978053/0091/R000000005
R000000002/5.531170/0112/R000000003/R000000004
R000000015/1.000000/0000/Guesstimate
R000000014/2.222222/0004/R000000003/R000000015
R000000017/1.000000/0000/Guesstimate
R000000016/2.222222/0004/R000000003/R000000017
R000000018/1.000000/0000/Guesstimate
R000000016/3.333333/0225/R000000003/R000000018/R000000013
R000000014/2.469136/0085/R000000016
R000000020/1.000000/0000/Guesstimate
R000000019/3.580247/0112/R000000020/R000000007
R000000022/1.000000/0000/Guesstimate
R000000021/3.580247/0112/R000000022/R000000007
R000000019/3.978053/0041/R000000021
R000000002/6.447188/0049/R000000014/R000000019
R000000001/6.145744/0099/R000000002
R000000025/1.000000/0000/Guesstimate
R000000024/2.222222/0112/R000000003/R000000025
R000000027/1.000000/0000/Guesstimate
R000000026/2.222222/0004/R000000003/R000000027
R000000024/2.469136/0009/R000000026
R000000029/1.000000/0000/Guesstimate
R000000028/3.580247/0003/R000000007/R000000029
R000000030/2.469136/0125/R000000007
R000000030/3.580247/0112/R000000025/R000000007
R000000028/3.854596/0049/R000000030/R000000015
R000000023/6.447188/0012/R000000024/R000000028
R000000023/6.447188/0285/R000000024/R000000028
R000000001/7.163543/0041/R000000023
<NEXT>