#
#  Reaction log file
#  Author: LigBuilder V3 User_Diana
#  Creation time: Tue Feb 24 08:27:52 2026
#  Format:
#  QueryMoleculeId/Cost/SynthesizeId/ReactantId1/ReactantId2/ReactantId3.....
#  Id prefix:
#  Q --- Query Molecule
#  M --- Material
#  R --- Reactant
#
Directory      result/synthesize_HsDHODH/238/DATABASE/
#
Q000000001/Analysis Failed
Q000000002/5.393995/0000/R000000001
M000000003/1.000000/0000/Sigma_BB-28769834
R000000006/1.000000/0000/Guesstimate
R000000007/1.000000/0000/Guesstimate
R000000005/2.222222/0112/R000000006/R000000007
R000000004/2.469136/0197/R000000005
R000000002/3.854596/0175/M000000003/R000000004
R000000009/2.743484/0079/R000000004
R000000010/1.000000/0000/Guesstimate
R000000009/3.854596/0112/R000000004/R000000010
R000000008/4.159427/0224/M000000003/R000000009
R000000011/1.000000/0000/Guesstimate
M000000013/1.000000/0000/Sigma_BB-187814628
R000000012/4.159427/0224/M000000013/R000000009
R000000008/5.732697/0276/R000000011/R000000012
R000000002/4.621586/0192/R000000008
R000000014/1.000000/0000/Guesstimate
R000000001/5.393995/0004/R000000002/R000000014
M000000018/1.000000/0000/Sigma_BB-30393366
R000000017/1.111111/0093/M000000018
R000000017/2.222222/0004/M000000003/R000000014
R000000019/1.000000/0000/Guesstimate
R000000016/2.345679/0119/R000000017/R000000019
M000000021/1.000000/0000/Sigma_BB-27925058
R000000022/1.000000/0000/Guesstimate
R000000020/2.222222/0175/M000000021/R000000022
R000000020/2.222222/0290/M000000021/R000000022
R000000016/2.469136/0039/R000000020
R000000015/5.349795/0175/R000000016/R000000004
R000000024/3.854596/0112/M000000003/R000000004
R000000024/3.854596/0174/M000000021/R000000004
R000000023/4.282884/0147/R000000024
M000000026/1.000000/0000/Sigma_BB-28822556
R000000025/3.854596/0175/M000000026/R000000004
R000000025/3.854596/0290/M000000026/R000000004
R000000023/4.282884/0153/R000000025
R000000027/1.000000/0000/Guesstimate
R000000015/5.869872/0175/R000000023/R000000027
R000000001/5.944217/0024/R000000015
Q000000003/5.393995/0000/R000000001
Q000000004/2.758726/0000/R000000028
M000000032/1.000000/0000/Sigma_BB-27090565
R000000031/1.111111/0074/M000000032
R000000031/1.111111/0165/M000000032
R000000030/1.234568/0040/R000000031
M000000034/1.000000/0000/Sigma_BB-247279222
R000000033/2.222222/0276/R000000011/M000000034
R000000033/2.222222/0278/R000000011/M000000034
R000000030/2.469136/0024/R000000033
R000000035/1.000000/0000/Guesstimate
R000000029/2.482853/0003/R000000030/R000000035
R000000037/1.371742/0197/R000000030
M000000038/1.000000/0000/Sigma_BB-151011721
R000000037/2.222222/0276/R000000011/M000000038
R000000039/1.000000/0000/Guesstimate
R000000036/2.635269/0004/R000000037/R000000039
R000000042/1.000000/0000/Guesstimate
R000000041/2.222222/0175/M000000032/R000000042
R000000041/2.222222/0290/M000000032/R000000042
R000000040/2.469136/0040/R000000041
R000000040/2.635269/0004/R000000037/R000000014
R000000036/2.743484/0085/R000000040
R000000045/1.000000/0000/Guesstimate
R000000044/1.111111/0118/R000000045
R000000046/1.000000/0000/Guesstimate
R000000044/2.222222/0112/R000000046/R000000045
R000000043/1.234568/0041/R000000044
R000000048/1.000000/0000/Guesstimate
R000000047/2.222222/0004/R000000048/R000000035
R000000047/2.222222/0277/R000000048/R000000035
R000000043/2.469136/0009/R000000047
R000000029/4.299819/0049/R000000036/R000000043
R000000028/2.758726/0099/R000000029
R000000051/1.000000/0000/Guesstimate
R000000050/3.580247/0122/R000000041/R000000051
R000000050/3.580247/0122/R000000041/R000000051
R000000049/3.978053/0118/R000000050
R000000049/5.089163/0112/R000000050/R000000046
R000000028/4.420059/0041/R000000049
<NEXT>