#
#  Reaction log file
#  Author: LigBuilder V3 User_Diana
#  Creation time: Tue Feb 24 08:26:24 2026
#  Format:
#  QueryMoleculeId/Cost/SynthesizeId/ReactantId1/ReactantId2/ReactantId3.....
#  Id prefix:
#  Q --- Query Molecule
#  M --- Material
#  R --- Reactant
#
Directory      result/synthesize_HsDHODH/199/DATABASE/
#
Q000000001/5.104405/0000/R000000001
M000000005/1.000000/0000/Sigma_BB-28515735
R000000004/1.111111/0125/M000000005
R000000006/1.000000/0000/Guesstimate
R000000004/2.222222/0112/M000000005/R000000006
R000000003/1.234568/0041/R000000004
R000000008/1.000000/0000/Guesstimate
M000000009/1.000000/0000/Sigma_BB-243967605
R000000007/2.222222/0119/R000000008/M000000009
R000000010/1.000000/0000/Guesstimate
R000000007/2.222222/0276/R000000010/M000000009
R000000003/2.469136/0153/R000000007
R000000011/1.000000/0000/Guesstimate
R000000012/1.000000/0000/Guesstimate
R000000002/3.593965/0225/R000000003/R000000011/R000000012
R000000014/1.000000/0000/Guesstimate
R000000013/2.222222/0004/R000000014/R000000012
R000000016/1.000000/0000/Guesstimate
R000000015/2.222222/0003/R000000016/R000000012
R000000013/2.469136/0040/R000000015
R000000002/3.840878/0169/R000000003/R000000013
R000000017/1.000000/0000/Guesstimate
R000000001/5.104405/0004/R000000002/R000000017
M000000021/1.000000/0000/Sigma_BB-28524129
R000000020/2.482853/0004/R000000003/M000000021
R000000022/1.000000/0000/Guesstimate
R000000023/1.000000/0000/Guesstimate
R000000020/3.593965/0225/R000000003/R000000022/R000000023
R000000019/2.758726/0197/R000000020
R000000024/2.482853/0004/R000000003/R000000017
R000000025/1.000000/0000/Guesstimate
R000000019/3.869837/0119/R000000024/R000000025
R000000018/5.287474/0225/R000000019/R000000011/R000000012
R000000018/5.534387/0169/R000000019/R000000013
R000000001/5.874971/0024/R000000018
Q000000002/4.572474/0000/R000000026
R000000030/1.000000/0000/Guesstimate
R000000029/1.111111/0040/R000000030
R000000031/1.000000/0000/Guesstimate
R000000032/1.000000/0000/Guesstimate
R000000029/2.222222/0285/R000000031/R000000032
R000000034/1.000000/0000/Guesstimate
R000000033/1.111111/0293/R000000034
R000000035/1.000000/0000/Guesstimate
R000000033/1.111111/0293/R000000035
R000000028/2.469136/0279/R000000029/R000000033
R000000028/2.469136/0279/R000000029/R000000033
R000000027/2.743484/0274/R000000028
R000000037/1.234568/0091/R000000029
R000000038/1.000000/0000/Guesstimate
R000000037/2.222222/0285/R000000038/R000000032
R000000040/1.000000/0000/Guesstimate
R000000039/2.222222/0256/R000000040/R000000032
R000000039/2.345679/0274/R000000033/R000000023
R000000036/3.840878/0279/R000000037/R000000039
R000000041/2.482853/0279/R000000037/R000000040
R000000041/2.482853/0279/R000000037/R000000040
R000000036/3.869837/0256/R000000041/R000000032
R000000027/4.267643/0275/R000000036
M000000045/1.000000/0000/Sigma_BB-28775201
R000000044/1.111111/0082/M000000045
M000000049/1.000000/0000/Sigma_BB-89726986
R000000048/1.111111/0197/M000000049
R000000047/1.234568/0104/R000000048
R000000047/1.234568/0104/R000000048
R000000046/1.371742/0160/R000000047
R000000051/7.300000/0000/Guesstimate
R000000050/8.111112/0300/R000000051
R000000052/10.000000/0000/Guesstimate
R000000050/10.000000/0160/R000000052
R000000046/9.012346/0155/R000000050
R000000044/2.635269/0112/R000000006/R000000046
R000000043/1.234568/0054/R000000044
R000000053/1.000000/0000/Guesstimate
M000000054/1.000000/0000/Sigma_BB-28825825
R000000043/2.222222/0004/R000000053/M000000054
R000000042/1.371742/0009/R000000043
R000000042/2.635269/0003/R000000016/R000000046
R000000026/4.572474/0122/R000000027/R000000042
R000000058/1.000000/0000/Guesstimate
R000000059/1.000000/0000/Guesstimate
R000000057/2.222222/0011/R000000058/R000000059
R000000060/1.000000/0000/Guesstimate
R000000061/1.000000/0000/Guesstimate
R000000057/2.222222/0256/R000000060/R000000061
R000000056/3.703704/0279/R000000029/R000000057
R000000056/3.703704/0279/R000000029/R000000057
R000000055/4.115227/0274/R000000056
R000000064/1.000000/0000/Guesstimate
R000000063/2.222222/0011/R000000064/R000000059
R000000065/1.000000/0000/Guesstimate
R000000063/2.222222/0256/R000000065/R000000061
R000000062/3.840878/0279/R000000037/R000000063
R000000062/3.840878/0279/R000000037/R000000063
R000000055/4.267643/0275/R000000062
R000000026/6.096632/0122/R000000055/R000000046
Q000000003/4.282884/0000/R000000066
M000000070/1.000000/0000/Sigma_BB-28797839
R000000071/1.000000/0000/Guesstimate
R000000069/2.222222/0232/M000000070/R000000071
R000000068/2.469136/0156/R000000069
M000000073/1.000000/0000/Sigma_BB-28769834
R000000074/1.000000/0000/Guesstimate
R000000072/2.222222/0112/M000000073/R000000074
M000000075/1.000000/0000/Sigma_BB-27925058
R000000072/2.222222/0174/M000000075/R000000074
R000000068/3.580247/0049/R000000072/R000000017
R000000076/1.000000/0000/Guesstimate
R000000067/3.854596/0175/R000000068/R000000076
R000000078/2.222222/0175/M000000073/R000000076
R000000078/2.222222/0290/M000000073/R000000076
R000000077/3.580247/0003/R000000078/R000000016
R000000079/2.469136/0125/R000000078
R000000079/3.580247/0112/R000000078/R000000006
R000000077/3.854596/0049/R000000079/R000000017
R000000067/5.089163/0226/R000000077/R000000025
R000000066/4.282884/0041/R000000067
R000000080/5.089163/0011/R000000077/R000000032
R000000082/2.222222/0003/M000000073/R000000016
R000000083/1.000000/0000/Guesstimate
R000000082/2.222222/0175/M000000075/R000000083
R000000081/3.580247/0011/R000000082/R000000032
R000000085/1.000000/0000/Guesstimate
R000000084/2.222222/0112/M000000073/R000000085
R000000084/2.222222/0174/M000000075/R000000085
R000000081/3.580247/0049/R000000084/R000000017
R000000080/5.089163/0175/R000000081/R000000076
R000000066/5.654626/0059/R000000080
<NEXT>