#
#  Reaction log file
#  Author: LigBuilder V3 User_Diana
#  Creation time: Tue Feb 24 08:25:07 2026
#  Format:
#  QueryMoleculeId/Cost/SynthesizeId/ReactantId1/ReactantId2/ReactantId3.....
#  Id prefix:
#  Q --- Query Molecule
#  M --- Material
#  R --- Reactant
#
Directory      result/synthesize_HsDHODH/176/DATABASE/
#
Q000000001/7.331201/0000/R000000001
R000000005/1.000000/0000/Guesstimate
R000000006/1.000000/0000/Guesstimate
R000000004/2.222222/0012/R000000005/R000000006
R000000007/1.000000/0000/Guesstimate
R000000008/1.000000/0000/Guesstimate
R000000004/2.222222/0279/R000000007/R000000008
R000000010/1.000000/0000/Guesstimate
R000000011/1.000000/0000/Guesstimate
R000000009/2.222222/0301/R000000010/R000000011
R000000009/2.222222/0301/R000000010/R000000011
R000000003/4.938272/0279/R000000004/R000000009
R000000012/3.580247/0279/R000000008/R000000009
R000000012/3.580247/0279/R000000008/R000000009
R000000003/5.089163/0279/R000000007/R000000012
R000000013/1.000000/0000/Guesstimate
R000000002/6.598080/0159/R000000003/R000000013
R000000016/1.000000/0000/Guesstimate
R000000015/3.580247/0279/R000000016/R000000009
R000000015/3.978053/0147/R000000012
R000000014/3.978053/0082/R000000015
R000000018/1.000000/0000/Guesstimate
R000000019/1.000000/0000/Guesstimate
R000000017/2.222222/0112/R000000018/R000000019
R000000020/1.000000/0000/Guesstimate
R000000021/1.000000/0000/Guesstimate
R000000017/2.222222/0279/R000000020/R000000021
R000000023/1.000000/0000/Guesstimate
M000000024/1.000000/0000/Sigma_BB-30551778
R000000022/2.222222/0212/R000000023/M000000024
R000000022/2.222222/0212/R000000023/M000000024
R000000014/4.938272/0095/R000000017/R000000022
R000000027/1.000000/0000/Guesstimate
M000000028/1.000000/0000/Sigma_BB-30423282
R000000026/2.222222/0279/R000000027/M000000028
R000000026/2.222222/0279/R000000027/M000000028
R000000025/2.469136/0009/R000000026
R000000030/1.000000/0000/Guesstimate
R000000029/2.222222/0279/R000000027/R000000030
R000000029/2.222222/0279/R000000027/R000000030
R000000025/2.469136/0079/R000000029
R000000002/7.163543/0159/R000000014/R000000025
R000000001/7.331201/0024/R000000002
M000000034/1.000000/0000/Sigma_BB-235189059
R000000033/3.580247/0277/M000000034/R000000022
R000000032/3.978053/0099/R000000033
R000000032/3.978053/0099/R000000033
R000000037/1.000000/0000/Guesstimate
R000000038/1.000000/0000/Guesstimate
R000000036/2.222222/0174/R000000037/R000000038
R000000036/2.222222/0289/R000000037/R000000038
R000000035/2.469136/0197/R000000036
R000000039/7.400000/0000/Guesstimate
R000000035/8.222222/0091/R000000039
R000000031/7.163543/0112/R000000032/R000000035
M000000042/1.000000/0000/Sigma_BB-27191867
R000000041/3.580247/0277/M000000042/R000000022
M000000043/1.000000/0000/Sigma_BB-180926319
R000000041/3.580247/0301/M000000043/R000000022
R000000040/3.978053/0099/R000000041
R000000040/3.978053/0099/R000000041
R000000031/7.163543/0174/R000000040/R000000035
R000000001/7.959492/0025/R000000031
Q000000002/4.282884/0000/R000000044
M000000048/1.000000/0000/Sigma_BB-187814628
R000000049/1.000000/0000/Guesstimate
R000000047/2.222222/0231/M000000048/R000000049
M000000050/1.000000/0000/Sigma_BB-68700039
R000000051/1.000000/0000/Guesstimate
R000000047/2.222222/0285/M000000050/R000000051
R000000046/2.469136/0114/R000000047
M000000053/1.000000/0000/Sigma_BB-38275857
R000000052/2.222222/0231/M000000053/R000000049
R000000046/2.469136/0155/R000000052
R000000054/1.000000/0000/Guesstimate
R000000045/3.854596/0170/R000000046/R000000054
M000000057/1.000000/0000/Sigma_BB-243234474
R000000058/1.000000/0000/Guesstimate
R000000056/2.222222/0231/M000000057/R000000058
R000000055/2.469136/0039/R000000056
R000000059/2.743484/0217/R000000046
R000000060/1.000000/0000/Guesstimate
R000000059/3.580247/0174/R000000047/R000000060
R000000055/3.048316/0059/R000000059
R000000061/1.000000/0000/Guesstimate
R000000045/3.854596/0170/R000000055/R000000061
R000000044/4.282884/0024/R000000045
M000000065/1.000000/0000/Sigma_BB-117278975
R000000064/1.111111/0114/M000000065
R000000063/2.345679/0170/R000000064/R000000054
R000000066/1.234568/0156/R000000064
R000000067/1.000000/0000/Guesstimate
R000000066/2.222222/0231/M000000057/R000000067
R000000063/2.482853/0170/R000000066/R000000061
R000000062/5.349795/0112/R000000063/R000000035
R000000069/1.111111/0114/M000000048
R000000069/1.111111/0155/M000000053
R000000068/2.345679/0170/R000000069/R000000054
M000000071/1.000000/0000/Sigma_BB-129567422
R000000070/2.222222/0224/M000000071/R000000054
R000000068/2.469136/0153/R000000070
R000000073/2.222222/0174/R000000018/R000000038
R000000074/1.000000/0000/Guesstimate
R000000073/3.854596/0112/R000000074/R000000035
R000000072/3.580247/0012/R000000051/R000000073
R000000072/8.666667/0082/R000000075
R000000062/6.584363/0231/R000000068/R000000072
R000000044/5.944217/0025/R000000062
Q000000003/Analysis Failed
Q000000004/Analysis Failed
<NEXT>