#
#  Reaction log file
#  Author: LigBuilder V3 User_Diana
#  Creation time: Tue Feb 24 08:23:02 2026
#  Format:
#  QueryMoleculeId/Cost/SynthesizeId/ReactantId1/ReactantId2/ReactantId3.....
#  Id prefix:
#  Q --- Query Molecule
#  M --- Material
#  R --- Reactant
#
Directory      result/synthesize_HsDHODH/133/DATABASE/
#
Q000000001/3.217667/0000/R000000001
R000000006/1.000000/0000/Guesstimate
R000000005/1.111111/0245/R000000006
R000000005/1.111111/0245/R000000006
R000000004/1.234568/0295/R000000005
R000000004/1.234568/0295/R000000005
R000000003/1.371742/0125/R000000004
R000000007/1.000000/0000/Guesstimate
R000000003/2.482853/0112/R000000007/R000000004
R000000010/1.000000/0000/Guesstimate
R000000009/1.111111/0291/R000000010
R000000009/1.111111/0291/R000000010
R000000008/1.234568/0156/R000000009
R000000012/1.000000/0000/Guesstimate
R000000011/1.111111/0228/R000000012
R000000011/1.111111/0286/R000000012
R000000013/1.000000/0000/Guesstimate
R000000008/2.345679/0301/R000000011/R000000013
R000000002/2.895900/0018/R000000003/R000000008
R000000014/2.758726/0018/R000000003/R000000011
R000000015/2.635269/0018/R000000003/R000000012
R000000014/2.928077/0228/R000000015
R000000002/4.176363/0301/R000000014/R000000013
R000000001/3.217667/0257/R000000002
R000000019/1.000000/0000/Guesstimate
R000000020/1.000000/0000/Guesstimate
R000000018/2.222222/0018/R000000019/R000000020
R000000017/2.469136/0155/R000000018
R000000016/4.115227/0112/R000000017/R000000004
R000000001/4.572474/0156/R000000016
Q000000002/5.139069/0000/R000000021
R000000024/1.524158/0040/R000000003
R000000023/1.693509/0091/R000000024
R000000026/1.000000/0000/Guesstimate
R000000025/2.482853/0112/R000000026/R000000004
R000000023/2.758726/0197/R000000025
R000000029/1.000000/0000/Guesstimate
R000000030/1.000000/0000/Guesstimate
R000000028/2.222222/0277/R000000029/R000000030
R000000027/2.469136/0247/R000000028
R000000022/4.625162/0112/R000000023/R000000027
R000000032/3.065251/0257/R000000014
R000000033/1.000000/0000/Guesstimate
R000000031/4.516946/0301/R000000032/R000000033
R000000034/4.176363/0301/R000000014/R000000033
R000000034/4.176363/0301/R000000014/R000000033
R000000031/4.640403/0257/R000000034
R000000022/6.129940/0112/R000000031/R000000007
R000000021/5.139069/0059/R000000022
R000000038/1.000000/0000/Guesstimate
M000000039/1.000000/0000/Sigma_BB-28779625
R000000037/2.222222/0002/R000000038/M000000039
R000000040/1.000000/0000/Guesstimate
R000000036/3.580247/0212/R000000037/R000000040
R000000036/3.580247/0212/R000000037/R000000040
R000000035/3.978053/0147/R000000036
R000000043/1.000000/0000/Guesstimate
R000000042/3.580247/0226/R000000028/R000000043
R000000041/3.978053/0040/R000000042
R000000035/4.420059/0153/R000000041
R000000021/6.301735/0112/R000000023/R000000035
Q000000003/3.405835/0000/R000000044
R000000048/1.000000/0000/Guesstimate
R000000047/1.111111/0293/R000000048
R000000046/1.234568/0082/R000000047
R000000049/1.000000/0000/Guesstimate
R000000046/2.222222/0112/R000000038/R000000049
R000000045/1.371742/0059/R000000046
R000000051/1.000000/0000/Guesstimate
R000000050/2.222222/0004/R000000038/R000000051
R000000052/1.111111/0040/R000000029
R000000053/1.000000/0000/Guesstimate
R000000052/2.222222/0004/R000000038/R000000053
R000000054/1.000000/0000/Guesstimate
R000000050/2.345679/0004/R000000052/R000000054
R000000045/2.469136/0153/R000000050
R000000044/3.405835/0112/R000000023/R000000045
R000000058/1.000000/0000/Guesstimate
R000000057/2.635269/0018/R000000003/R000000058
R000000056/2.928077/0257/R000000057
R000000056/3.116245/0112/R000000023/R000000047
R000000055/3.253419/0082/R000000056
R000000060/1.000000/0000/Guesstimate
R000000059/2.482853/0112/R000000060/R000000004
R000000059/2.992788/0112/R000000023/R000000038
R000000055/3.869837/0112/R000000059/R000000049
R000000044/3.614910/0059/R000000055
<NEXT>