#
#  Reaction log file
#  Author: LigBuilder V3 User_Diana
#  Creation time: Sat Feb 28 19:08:13 2026
#  Format:
#  QueryMoleculeId/Cost/SynthesizeId/ReactantId1/ReactantId2/ReactantId3.....
#  Id prefix:
#  Q --- Query Molecule
#  M --- Material
#  R --- Reactant
#
Directory      result/synthesize_HsDHODH/133/DATABASE/
#
Q000000001/5.486969/0000/R000000001
R000000004/1.000000/0000/Guesstimate
R000000005/1.000000/0000/Guesstimate
R000000003/2.222222/0004/R000000004/R000000005
R000000002/2.469136/0009/R000000003
R000000008/1.000000/0000/Guesstimate
R000000009/1.000000/0000/Guesstimate
R000000007/2.222222/0285/R000000008/R000000009
R000000006/2.469136/0274/R000000007
R000000010/2.469136/0197/R000000003
R000000006/2.743484/0260/R000000010
R000000002/2.743484/0079/R000000006
R000000013/1.000000/0000/Guesstimate
M000000014/1.000000/0000/Sigma_BB-34690448
R000000012/2.222222/0003/R000000013/M000000014
R000000016/1.000000/0000/Guesstimate
R000000017/1.000000/0000/Guesstimate
R000000015/2.222222/0001/R000000016/R000000017
R000000018/1.000000/0000/Guesstimate
R000000015/2.222222/0004/R000000018/R000000017
M000000019/1.000000/0000/Sigma_BB-154017878
R000000012/3.580247/0049/R000000015/M000000019
R000000011/2.469136/0059/R000000012
R000000020/1.000000/0000/Guesstimate
R000000022/1.111111/0054/M000000019
M000000023/1.000000/0000/Sigma_BB-28778979
M000000025/1.000000/0000/Sigma_BB-30201014
R000000024/1.111111/0093/M000000025
R000000024/2.222222/0004/R000000016/M000000014
R000000022/2.345679/0212/M000000023/R000000024
M000000027/1.000000/0000/Sigma_BB-28247348
R000000026/1.111111/0085/M000000027
R000000028/1.000000/0000/Guesstimate
R000000026/2.222222/0004/R000000017/R000000028
R000000021/2.469136/0212/R000000022/R000000026
R000000030/1.000000/0000/Guesstimate
R000000029/2.222222/0004/R000000030/R000000017
R000000031/1.000000/0000/Guesstimate
R000000029/2.222222/0004/R000000005/R000000031
R000000021/3.703704/0212/R000000029/R000000024
R000000011/3.854596/0049/R000000020/R000000021
R000000001/5.486969/0012/R000000002/R000000011
R000000032/5.212621/0012/R000000002/R000000012
R000000033/3.854596/0012/R000000002/R000000013
R000000035/1.000000/0000/Guesstimate
R000000034/3.854596/0012/R000000002/R000000035
R000000034/3.854596/0285/R000000002/R000000035
R000000033/4.282884/0024/R000000034
R000000032/5.393995/0003/R000000033/M000000014
R000000001/5.791801/0059/R000000032
Q000000002/7.163543/0000/R000000036
R000000040/1.000000/0000/Guesstimate
R000000039/2.222222/0274/M000000014/R000000040
M000000042/1.000000/0000/Sigma_BB-34690445
R000000041/2.222222/0274/M000000042/R000000040
R000000039/2.469136/0152/R000000041
R000000038/3.580247/0003/R000000013/R000000039
R000000043/2.469136/0125/R000000039
R000000044/1.000000/0000/Guesstimate
R000000043/3.580247/0112/R000000044/R000000039
R000000038/5.212621/0049/R000000015/R000000043
R000000037/3.978053/0059/R000000038
R000000046/2.345679/0274/R000000024/R000000040
R000000045/5.075447/0212/R000000029/R000000046
R000000045/5.075447/0212/R000000029/R000000046
R000000037/6.750496/0049/R000000020/R000000045
R000000036/7.163543/0012/R000000002/R000000037
R000000047/6.721537/0012/R000000002/R000000038
R000000047/6.752020/0003/R000000033/R000000039
R000000036/7.468375/0059/R000000047
Q000000003/7.332894/0000/R000000048
M000000051/1.000000/0000/Sigma_BB-28779625
R000000053/1.000000/0000/Guesstimate
R000000052/2.345679/0274/R000000024/R000000053
R000000054/1.000000/0000/Guesstimate
R000000052/3.456790/0261/R000000024/R000000020/R000000054
R000000050/3.717421/0212/M000000051/R000000052
R000000050/3.717421/0212/M000000051/R000000052
R000000049/4.130468/0024/R000000050
R000000056/3.580247/0274/R000000012/R000000008
R000000055/3.978053/0059/R000000056
R000000058/1.000000/0000/Guesstimate
R000000057/3.854596/0274/R000000011/R000000058
R000000055/4.282884/0082/R000000057
R000000049/4.420059/0040/R000000055
R000000048/7.332894/0012/R000000002/R000000049
R000000059/6.873953/0012/R000000002/R000000050
R000000062/1.000000/0000/Guesstimate
R000000061/2.222222/0256/R000000004/R000000062
R000000060/2.469136/0219/R000000061
R000000063/3.854596/0206/R000000002/M000000027
R000000063/3.854596/0285/R000000002/R000000016
R000000060/4.282884/0197/R000000063
R000000065/3.717421/0212/M000000023/R000000052
R000000065/3.717421/0212/M000000023/R000000052
R000000064/4.130468/0086/R000000065
R000000064/4.130468/0091/R000000065
R000000059/7.332894/0112/R000000060/R000000064
R000000048/7.637726/0024/R000000059
<NEXT>