#
#  Reaction log file
#  Author: LigBuilder V3 User_Diana
#  Creation time: Sat Feb 28 19:07:16 2026
#  Format:
#  QueryMoleculeId/Cost/SynthesizeId/ReactantId1/ReactantId2/ReactantId3.....
#  Id prefix:
#  Q --- Query Molecule
#  M --- Material
#  R --- Reactant
#
Directory      result/synthesize_HsDHODH/98/DATABASE/
#
Q000000001/Analysis Failed
Q000000002/Analysis Failed
Q000000003/7.331201/0000/R000000001
M000000005/1.000000/0000/Sigma_BB-76854184
R000000006/1.000000/0000/Guesstimate
R000000004/2.222222/0231/M000000005/R000000006
R000000003/2.469136/0294/R000000004
R000000007/2.222222/0231/M000000005/R000000006
R000000003/2.469136/0294/R000000007
R000000002/2.743484/0013/R000000003
R000000009/2.743484/0287/R000000003
R000000008/3.048316/0125/R000000009
R000000010/1.000000/0000/Guesstimate
R000000008/4.159427/0112/R000000009/R000000010
R000000002/3.387018/0041/R000000008
R000000012/1.000000/0000/Guesstimate
R000000015/1.000000/0000/Guesstimate
M000000016/1.000000/0000/Sigma_BB-28968979
R000000014/2.222222/0274/R000000015/M000000016
R000000013/2.469136/0122/R000000014
R000000011/3.854596/0003/R000000012/R000000013
R000000018/2.469136/0125/R000000014
R000000018/3.580247/0112/R000000010/R000000014
R000000017/2.743484/0122/R000000018
R000000017/3.854596/0112/R000000010/R000000013
R000000019/1.000000/0000/Guesstimate
R000000011/4.159427/0049/R000000017/R000000019
R000000001/7.331201/0018/R000000002/R000000011
R000000020/7.669903/0018/R000000008/R000000011
R000000001/8.522115/0041/R000000020
<NEXT>