#
#  Reaction log file
#  Author: LigBuilder V3 User_Diana
#  Creation time: Sat Feb 28 19:11:11 2026
#  Format:
#  QueryMoleculeId/Cost/SynthesizeId/ReactantId1/ReactantId2/ReactantId3.....
#  Id prefix:
#  Q --- Query Molecule
#  M --- Material
#  R --- Reactant
#
Directory      result/synthesize_HsDHODH/258/DATABASE/
#
Q000000001/7.331201/0000/R000000001
R000000005/1.000000/0000/Guesstimate
R000000006/1.000000/0000/Guesstimate
R000000004/2.222222/0112/R000000005/R000000006
R000000008/1.000000/0000/Guesstimate
R000000009/1.000000/0000/Guesstimate
R000000007/2.222222/0279/R000000008/R000000009
R000000007/2.222222/0279/R000000008/R000000009
R000000003/4.938272/0159/R000000004/R000000007
R000000003/4.938272/0159/R000000004/R000000007
M000000010/1.000000/0000/Sigma_BB-30401725
R000000002/6.598080/0003/R000000003/M000000010
R000000013/1.000000/0000/Guesstimate
R000000012/2.222222/0279/R000000013/R000000009
R000000012/2.222222/0279/R000000013/R000000009
R000000011/4.938272/0159/R000000004/R000000012
M000000015/1.000000/0000/Sigma_BB-28804337
R000000014/1.111111/0155/M000000015
M000000017/1.000000/0000/Sigma_BB-28805425
R000000016/1.111111/0255/M000000017
R000000018/1.000000/0000/Guesstimate
R000000019/1.000000/0000/Guesstimate
R000000016/2.222222/0112/R000000018/R000000019
R000000014/1.234568/0147/R000000016
R000000002/6.721537/0112/R000000011/R000000014
R000000001/7.331201/0147/R000000002
R000000021/5.486969/0197/R000000003
R000000023/1.000000/0000/Guesstimate
R000000022/2.222222/0004/R000000023/R000000019
M000000025/1.000000/0000/Sigma_BB-28524129
R000000024/2.222222/0212/M000000025/M000000017
R000000024/2.222222/0212/M000000025/M000000017
R000000022/2.469136/0024/R000000024
R000000020/8.565768/0003/R000000021/R000000022
R000000026/7.207744/0004/R000000021/R000000023
R000000027/1.000000/0000/Guesstimate
R000000028/1.000000/0000/Guesstimate
R000000026/8.318854/0225/R000000021/R000000027/R000000028
R000000020/9.119716/0003/R000000026/R000000019
R000000001/9.517521/0147/R000000020
Q000000002/7.331201/0000/R000000001
Q000000003/7.331201/0000/R000000001
Q000000004/7.331201/0000/R000000029
R000000033/1.000000/0000/Guesstimate
R000000032/2.222222/0279/R000000033/R000000009
R000000032/2.222222/0279/R000000033/R000000009
R000000031/4.938272/0159/R000000004/R000000032
R000000034/1.000000/0000/Guesstimate
R000000030/6.598080/0003/R000000031/R000000034
R000000037/1.000000/0000/Guesstimate
R000000036/2.222222/0279/R000000037/R000000009
R000000036/2.222222/0279/R000000037/R000000009
R000000035/4.938272/0159/R000000004/R000000036
R000000038/1.000000/0000/Guesstimate
R000000030/6.598080/0112/R000000035/R000000038
R000000029/7.331201/0147/R000000030
R000000040/5.486969/0092/R000000035
R000000042/1.000000/0000/Guesstimate
R000000041/2.222222/0001/R000000023/R000000042
R000000043/1.000000/0000/Guesstimate
R000000041/2.222222/0003/R000000042/R000000043
R000000039/8.565768/0212/R000000040/R000000041
R000000039/8.565768/0212/R000000040/R000000041
R000000029/9.517521/0147/R000000039
<NEXT>