#
#  Reaction log file
#  Author: LigBuilder V3 User_Diana
#  Creation time: Sat Feb 28 19:09:57 2026
#  Format:
#  QueryMoleculeId/Cost/SynthesizeId/ReactantId1/ReactantId2/ReactantId3.....
#  Id prefix:
#  Q --- Query Molecule
#  M --- Material
#  R --- Reactant
#
Directory      result/synthesize_HsDHODH/203/DATABASE/
#
Q000000001/2.758726/0000/R000000001
M000000005/1.000000/0000/Sigma_BB-37328316
R000000004/1.111111/0166/M000000005
R000000006/1.000000/0000/Guesstimate
R000000004/2.222222/0174/M000000005/R000000006
R000000003/1.234568/0040/R000000004
R000000008/1.000000/0000/Guesstimate
R000000007/2.222222/0175/M000000005/R000000008
R000000007/2.222222/0290/M000000005/R000000008
R000000003/2.469136/0216/R000000007
R000000009/1.000000/0000/Guesstimate
R000000002/2.482853/0274/R000000003/R000000009
R000000010/1.000000/0000/Guesstimate
R000000002/2.482853/0282/R000000003/R000000010
R000000001/2.758726/0222/R000000002
R000000013/1.000000/0000/Guesstimate
R000000014/1.000000/0000/Guesstimate
R000000012/2.222222/0112/R000000013/R000000014
R000000012/2.222222/0112/R000000013/R000000014
R000000011/3.580247/0225/R000000012/R000000010
R000000016/1.000000/0000/Guesstimate
R000000015/3.580247/0225/R000000012/R000000016
R000000015/3.580247/0225/R000000012/R000000016
R000000011/5.089163/0169/R000000015/R000000010
R000000001/3.978053/0161/R000000011
Q000000002/5.531170/0000/R000000017
R000000020/1.000000/0000/Guesstimate
R000000022/1.000000/0000/Guesstimate
R000000023/1.000000/0000/Guesstimate
R000000021/2.222222/0279/R000000022/R000000023
R000000021/2.222222/0279/R000000022/R000000023
R000000019/3.580247/0159/R000000020/R000000021
R000000025/1.000000/0000/Guesstimate
R000000026/1.000000/0000/Guesstimate
R000000024/2.222222/0279/R000000025/R000000026
R000000024/2.222222/0279/R000000025/R000000026
R000000027/1.000000/0000/Guesstimate
R000000019/3.580247/0159/R000000024/R000000027
R000000018/3.978053/0197/R000000019
R000000030/1.000000/0000/Guesstimate
R000000029/3.580247/0159/R000000024/R000000030
R000000031/8.600000/0000/Guesstimate
R000000029/9.555556/0213/R000000031
R000000028/3.978053/0197/R000000029
R000000028/9.555556/0287/R000000031
R000000018/4.420059/0287/R000000028
R000000032/1.000000/0000/Guesstimate
R000000017/5.531170/0004/R000000018/R000000032
R000000036/1.000000/0000/Guesstimate
R000000035/5.531170/0112/R000000018/R000000036
R000000035/5.531170/0174/R000000028/R000000036
R000000034/6.145744/0233/R000000035
R000000038/1.000000/0000/Guesstimate
R000000037/5.531170/0004/R000000018/R000000038
R000000039/1.000000/0000/Guesstimate
R000000034/7.256855/0119/R000000037/R000000039
R000000033/6.828605/0155/R000000034
R000000042/1.000000/0000/Guesstimate
R000000041/7.256855/0212/R000000037/R000000042
R000000041/7.256855/0212/R000000037/R000000042
R000000040/8.063173/0155/R000000041
R000000043/8.063173/0295/R000000041
R000000040/8.959082/0228/R000000043
R000000033/8.959082/0260/R000000040
R000000017/7.587339/0024/R000000033
Q000000003/5.531170/0000/R000000044
R000000045/1.000000/0000/Guesstimate
R000000044/5.531170/0004/R000000018/R000000045
R000000046/6.145744/0059/R000000035
R000000049/1.000000/0000/Guesstimate
R000000048/5.531170/0112/R000000018/R000000049
R000000048/5.531170/0174/R000000028/R000000049
R000000047/6.145744/0059/R000000048
R000000047/7.256855/0224/R000000048/R000000039
R000000046/6.828605/0039/R000000047
R000000044/6.828605/0024/R000000046
<NEXT>