#
#  Reaction log file
#  Author: LigBuilder V3 User_Diana
#  Creation time: Sat Feb 28 19:07:35 2026
#  Format:
#  QueryMoleculeId/Cost/SynthesizeId/ReactantId1/ReactantId2/ReactantId3.....
#  Id prefix:
#  Q --- Query Molecule
#  M --- Material
#  R --- Reactant
#
Directory      result/synthesize_HsDHODH/125/DATABASE/
#
Q000000001/4.159427/0000/R000000001
M000000002/1.000000/0000/Sigma_BB-28446874
R000000006/1.000000/0000/Guesstimate
M000000007/1.000000/0000/Sigma_BB-28758610
R000000005/2.222222/0231/R000000006/M000000007
R000000004/2.469136/0125/R000000005
R000000008/1.000000/0000/Guesstimate
R000000004/3.580247/0112/R000000008/R000000005
R000000003/2.743484/0059/R000000004
R000000010/1.000000/0000/Guesstimate
R000000012/1.000000/0000/Guesstimate
R000000011/2.222222/0231/R000000012/M000000007
R000000009/3.580247/0226/R000000010/R000000011
R000000013/2.222222/0226/R000000010/R000000012
R000000014/1.000000/0000/Guesstimate
R000000013/2.222222/0277/R000000014/R000000012
R000000009/3.580247/0231/R000000013/M000000007
R000000003/3.978053/0099/R000000009
R000000001/4.159427/0119/M000000002/R000000003
R000000015/5.089163/0119/M000000002/R000000009
R000000016/2.222222/0119/M000000002/R000000010
M000000018/1.000000/0000/Sigma_BB-30420120
R000000019/1.000000/0000/Guesstimate
R000000017/2.222222/0301/M000000018/R000000019
R000000017/2.222222/0301/M000000018/R000000019
R000000016/2.469136/0039/R000000017
R000000021/2.469136/0260/R000000013
R000000021/2.469136/0260/R000000013
R000000020/3.854596/0231/R000000021/M000000007
R000000023/1.000000/0000/Guesstimate
R000000022/3.580247/0277/R000000023/R000000011
R000000020/3.978053/0257/R000000022
R000000015/6.752020/0224/R000000016/R000000020
R000000001/5.654626/0099/R000000015
Q000000002/4.159427/0000/R000000001
Q000000003/4.159427/0000/R000000001
<NEXT>