#
#  Reaction log file
#  Author: LigBuilder V3 User_Diana
#  Creation time: Sat Feb 28 19:10:14 2026
#  Format:
#  QueryMoleculeId/Cost/SynthesizeId/ReactantId1/ReactantId2/ReactantId3.....
#  Id prefix:
#  Q --- Query Molecule
#  M --- Material
#  R --- Reactant
#
Directory      result/synthesize_HsDHODH/217/DATABASE/
#
Q000000001/4.572474/0000/R000000001
R000000005/1.000000/0000/Guesstimate
R000000006/1.000000/0000/Guesstimate
R000000004/2.222222/0279/R000000005/R000000006
R000000004/2.222222/0279/R000000005/R000000006
R000000003/2.469136/0082/R000000004
R000000008/1.000000/0000/Guesstimate
R000000007/2.222222/0279/R000000008/R000000006
R000000007/2.222222/0279/R000000008/R000000006
R000000009/1.000000/0000/Guesstimate
R000000003/3.580247/0112/R000000007/R000000009
M000000012/1.000000/0000/Sigma_BB-54918344
R000000011/1.111111/0239/M000000012
R000000010/1.234568/0009/R000000011
R000000013/1.000000/0000/Guesstimate
R000000014/1.000000/0000/Guesstimate
R000000010/2.222222/0003/R000000013/R000000014
R000000002/4.115227/0159/R000000003/R000000010
R000000017/1.000000/0000/Guesstimate
R000000016/3.854596/0159/R000000003/R000000017
R000000015/4.282884/0153/R000000016
R000000019/1.000000/0000/Guesstimate
R000000018/3.854596/0159/R000000003/R000000019
R000000015/4.282884/0154/R000000018
R000000020/1.000000/0000/Guesstimate
R000000002/5.869872/0231/R000000015/R000000020
R000000001/4.572474/0197/R000000002
R000000021/4.758760/0197/R000000015
R000000021/10.000000/0287/R000000022
R000000001/6.398623/0231/R000000021/R000000020
Q000000002/4.572474/0000/R000000001
Q000000003/6.522080/0000/R000000023
R000000027/1.000000/0000/Guesstimate
R000000026/3.854596/0159/R000000003/R000000027
R000000025/4.282884/0197/R000000026
R000000024/5.869872/0112/R000000025/R000000009
R000000029/1.000000/0000/Guesstimate
R000000028/6.398623/0231/R000000021/R000000029
R000000024/7.109581/0082/R000000028
R000000023/6.522080/0059/R000000024
R000000031/1.000000/0000/Guesstimate
R000000030/5.869872/0004/R000000025/R000000031
R000000032/5.869872/0003/R000000025/R000000013
R000000033/1.000000/0000/Guesstimate
R000000032/7.633191/0049/R000000024/R000000033
R000000030/6.522080/0040/R000000032
R000000023/6.522080/0153/R000000030
<NEXT>