#
#  Reaction log file
#  Author: LigBuilder V3 User_Diana
#  Creation time: Sat Feb 28 19:10:53 2026
#  Format:
#  QueryMoleculeId/Cost/SynthesizeId/ReactantId1/ReactantId2/ReactantId3.....
#  Id prefix:
#  Q --- Query Molecule
#  M --- Material
#  R --- Reactant
#
Directory      result/synthesize_HsDHODH/250/DATABASE/
#
Q000000001/2.758726/0000/R000000001
M000000005/1.000000/0000/Sigma_BB-30557740
R000000004/1.111111/0287/M000000005
R000000003/1.234568/0299/R000000004
R000000006/8.800000/0000/Guesstimate
R000000003/9.777779/0287/R000000006
R000000007/1.000000/0000/Guesstimate
R000000002/2.482853/0274/R000000003/R000000007
R000000010/1.000000/0000/Guesstimate
R000000009/2.482853/0274/R000000003/R000000010
R000000008/2.758726/0188/R000000009
R000000012/1.000000/0000/Guesstimate
R000000011/2.482853/0274/R000000003/R000000012
R000000008/2.758726/0295/R000000011
R000000013/1.000000/0000/Guesstimate
R000000002/4.176363/0279/R000000008/R000000013
R000000001/2.758726/0053/R000000002
R000000016/1.111111/0299/M000000005
R000000015/1.234568/0287/R000000016
R000000017/1.111111/0287/M000000005
R000000017/1.111111/0287/M000000005
R000000015/1.234568/0299/R000000017
R000000014/2.482853/0274/R000000015/R000000007
R000000020/1.000000/0000/Guesstimate
R000000019/2.345679/0274/R000000016/R000000020
R000000018/2.606310/0287/R000000019
R000000021/2.482853/0274/R000000015/R000000010
R000000018/2.758726/0188/R000000021
R000000014/4.007011/0279/R000000018/R000000013
R000000001/2.758726/0053/R000000014
Q000000002/2.758726/0000/R000000001
Q000000003/8.736813/0000/R000000022
R000000025/1.000000/0000/Guesstimate
R000000026/1.000000/0000/Guesstimate
R000000024/2.222222/0004/R000000025/R000000026
R000000023/2.469136/0009/R000000024
R000000028/7.800000/0000/Guesstimate
R000000027/8.666667/0139/R000000028
R000000029/8.800000/0000/Guesstimate
R000000027/9.777779/0099/R000000029
R000000023/8.444445/0082/R000000027
M000000031/1.000000/0000/Sigma_BB-28779625
R000000035/1.000000/0000/Guesstimate
R000000036/1.000000/0000/Guesstimate
R000000034/2.222222/0224/R000000035/R000000036
R000000033/2.469136/0122/R000000034
R000000033/9.300000/0125/R000000037
R000000038/1.000000/0000/Guesstimate
R000000032/3.854596/0012/R000000033/R000000038
R000000040/1.000000/0000/Guesstimate
R000000039/3.854596/0138/R000000033/R000000040
R000000032/4.282884/0099/R000000039
R000000030/5.393995/0042/M000000031/R000000032
R000000041/5.393995/0042/M000000031/R000000039
R000000030/5.993328/0099/R000000041
R000000022/8.736813/0012/R000000023/R000000030
M000000044/1.000000/0000/Sigma_BB-28247348
R000000043/3.854596/0206/R000000023/M000000044
R000000045/1.000000/0000/Guesstimate
R000000043/9.555556/0279/R000000027/R000000045
R000000042/5.393995/0001/R000000043/R000000026
R000000046/4.282884/0091/R000000043
R000000047/1.000000/0000/Guesstimate
R000000046/9.555556/0279/R000000027/R000000047
R000000042/5.869872/0004/R000000046/R000000026
R000000022/9.248590/0042/R000000042/R000000032
<NEXT>