#
#  Reaction log file
#  Author: LigBuilder V3 User_Diana
#  Creation time: Sat Feb 28 19:06:58 2026
#  Format:
#  QueryMoleculeId/Cost/SynthesizeId/ReactantId1/ReactantId2/ReactantId3.....
#  Id prefix:
#  Q --- Query Molecule
#  M --- Material
#  R --- Reactant
#
Directory      result/synthesize_HsDHODH/108/DATABASE/
#
Q000000001/4.267642/0000/R000000001
M000000004/1.000000/0000/Sigma_BB-244168514
R000000003/1.111111/0040/M000000004
M000000007/1.000000/0000/Sigma_BB-28800525
R000000006/1.111111/0114/M000000007
R000000008/1.111111/0041/M000000004
R000000008/1.111111/0233/M000000004
R000000006/1.234568/0155/R000000008
R000000009/1.000000/0000/Guesstimate
R000000005/2.345679/0004/R000000006/R000000009
R000000010/1.000000/0000/Guesstimate
R000000011/1.000000/0000/Guesstimate
R000000005/3.456790/0225/R000000006/R000000010/R000000011
R000000003/2.606310/0073/R000000005
M000000014/1.000000/0000/Sigma_BB-308324471
R000000013/1.111111/0287/M000000014
M000000015/1.000000/0000/Sigma_BB-151011721
R000000013/1.111111/0287/M000000015
R000000016/1.000000/0000/Guesstimate
R000000012/2.345679/0231/R000000013/R000000016
R000000018/1.000000/0000/Guesstimate
R000000017/2.345679/0231/R000000013/R000000018
R000000012/3.717421/0279/R000000017/R000000016
R000000002/3.840878/0003/R000000003/R000000012
M000000020/1.000000/0000/Sigma_BB-28800168
R000000021/1.000000/0000/Guesstimate
R000000019/2.222222/0004/M000000020/R000000021
R000000022/2.222222/0004/M000000020/R000000009
R000000023/1.000000/0000/Guesstimate
R000000022/2.222222/0175/M000000007/R000000023
R000000019/2.469136/0085/R000000022
R000000025/1.000000/0000/Guesstimate
R000000024/3.717421/0112/R000000025/R000000012
R000000027/1.000000/0000/Guesstimate
R000000026/3.717421/0004/R000000027/R000000012
R000000024/4.130468/0009/R000000026
R000000002/6.599605/0049/R000000019/R000000024
R000000001/4.267642/0147/R000000002
R000000029/3.717421/0004/R000000021/R000000012
R000000030/3.717421/0004/R000000009/R000000012
R000000031/4.130468/0040/R000000024
R000000033/1.000000/0000/Guesstimate
R000000034/1.000000/0000/Guesstimate
R000000032/2.222222/0279/R000000033/R000000034
R000000032/2.222222/0279/R000000033/R000000034
R000000036/1.000000/0000/Guesstimate
R000000037/1.000000/0000/Guesstimate
R000000035/2.222222/0112/R000000036/R000000037
R000000038/1.000000/0000/Guesstimate
R000000039/1.000000/0000/Guesstimate
R000000035/2.222222/0112/R000000038/R000000039
R000000031/4.938272/0159/R000000032/R000000035
R000000030/4.589409/0093/R000000031
R000000029/4.130468/0085/R000000030
R000000028/5.241580/0049/M000000004/R000000029
R000000028/5.700521/0003/M000000020/R000000031
R000000001/5.823977/0147/R000000028
Q000000002/4.130468/0000/R000000040
M000000044/1.000000/0000/Sigma_BB-137126040
R000000043/1.111111/0302/M000000044
R000000045/1.000000/0000/Guesstimate
R000000042/2.345679/0231/R000000043/R000000045
R000000046/2.345679/0231/R000000043/R000000018
R000000042/3.717421/0279/R000000046/R000000045
R000000041/3.717421/0112/R000000042/R000000025
M000000049/1.000000/0000/Sigma_BB-28808740
R000000050/1.000000/0000/Guesstimate
R000000048/2.222222/0175/M000000049/R000000050
R000000048/2.222222/0290/M000000049/R000000050
R000000047/3.580247/0174/R000000048/R000000025
R000000052/1.000000/0000/Guesstimate
R000000053/1.000000/0000/Guesstimate
R000000051/2.222222/0181/R000000052/R000000053
R000000051/2.222222/0285/R000000052/R000000053
R000000055/1.000000/0000/Guesstimate
R000000056/1.000000/0000/Guesstimate
R000000054/2.222222/0003/R000000055/R000000056
R000000057/1.000000/0000/Guesstimate
R000000054/2.222222/0003/R000000057/R000000025
R000000047/4.938272/0159/R000000051/R000000054
R000000058/1.000000/0000/Guesstimate
R000000041/5.089163/0122/R000000047/R000000058
R000000040/4.130468/0041/R000000041
M000000062/1.000000/0000/Sigma_BB-247508405
R000000061/2.222222/0174/M000000062/R000000025
R000000061/2.222222/0289/M000000062/R000000025
R000000060/2.469136/0041/R000000061
R000000064/1.000000/0000/Guesstimate
R000000063/3.580247/0159/R000000051/R000000064
R000000060/3.978053/0040/R000000063
R000000059/3.854596/0003/R000000060/R000000058
R000000066/2.469136/0091/R000000061
R000000065/2.743484/0041/R000000066
R000000065/2.743484/0091/R000000060
R000000067/1.000000/0000/Guesstimate
R000000059/4.159427/0112/R000000065/R000000067
R000000040/4.282884/0099/R000000059
Q000000003/4.130468/0000/R000000040
Q000000004/2.469136/0000/R000000068
R000000070/1.000000/0000/Guesstimate
R000000069/2.222222/0003/M000000062/R000000070
R000000071/1.111111/0091/M000000062
R000000073/1.000000/0000/Guesstimate
R000000072/2.222222/0181/R000000073/R000000053
R000000072/2.222222/0285/R000000073/R000000053
R000000074/1.000000/0000/Guesstimate
R000000071/3.580247/0159/R000000072/R000000074
R000000075/1.000000/0000/Guesstimate
R000000069/2.345679/0112/R000000071/R000000075
R000000068/2.469136/0099/R000000069
R000000077/1.234568/0079/R000000071
R000000077/2.345679/0112/R000000071/R000000011
R000000078/1.000000/0000/Guesstimate
R000000076/2.482853/0012/R000000077/R000000078
R000000080/1.111111/0153/M000000062
M000000081/1.000000/0000/Sigma_BB-27087339
R000000080/1.111111/0222/M000000081
R000000082/1.000000/0000/Guesstimate
R000000079/2.345679/0231/R000000080/R000000082
R000000083/2.222222/0231/M000000081/R000000082
R000000079/2.469136/0222/R000000083
R000000076/2.606310/0082/R000000079
R000000068/2.758726/0059/R000000076
<NEXT>