#
#  Reaction log file
#  Author: LigBuilder V3 User_Diana
#  Creation time: Sat Feb 28 19:06:59 2026
#  Format:
#  QueryMoleculeId/Cost/SynthesizeId/ReactantId1/ReactantId2/ReactantId3.....
#  Id prefix:
#  Q --- Query Molecule
#  M --- Material
#  R --- Reactant
#
Directory      result/synthesize_HsDHODH/104/DATABASE/
#
Q000000001/6.096632/0000/R000000001
M000000005/1.000000/0000/Sigma_BB-76854184
R000000006/1.000000/0000/Guesstimate
R000000004/2.222222/0231/M000000005/R000000006
R000000008/1.000000/0000/Guesstimate
R000000007/2.222222/0231/M000000005/R000000008
R000000009/1.000000/0000/Guesstimate
R000000004/3.580247/0279/R000000007/R000000009
R000000003/2.469136/0294/R000000004
R000000012/2.222222/0231/M000000005/R000000008
R000000011/2.469136/0294/R000000012
R000000011/2.469136/0294/R000000007
R000000013/1.000000/0000/Guesstimate
R000000010/3.854596/0018/R000000011/R000000013
R000000015/1.000000/0000/Guesstimate
R000000014/3.854596/0018/R000000011/R000000015
R000000010/4.282884/0024/R000000014
R000000003/4.282884/0197/R000000010
R000000018/1.000000/0000/Guesstimate
R000000019/1.000000/0000/Guesstimate
R000000017/2.222222/0274/R000000018/R000000019
R000000016/2.469136/0122/R000000017
R000000016/9.444445/0090/R000000020
R000000002/5.486969/0301/R000000003/R000000016
R000000002/5.486969/0301/R000000003/R000000016
R000000001/6.096632/0013/R000000002
R000000021/6.096632/0164/R000000002
R000000022/1.000000/0000/Guesstimate
R000000021/7.207744/0174/R000000002/R000000022
R000000001/6.774036/0041/R000000021
Q000000002/6.096632/0000/R000000001
Q000000003/6.096632/0000/R000000001
<NEXT>