#
#  Reaction log file
#  Author: LigBuilder V3 User_Diana
#  Creation time: Sat Feb 28 19:09:24 2026
#  Format:
#  QueryMoleculeId/Cost/SynthesizeId/ReactantId1/ReactantId2/ReactantId3.....
#  Id prefix:
#  Q --- Query Molecule
#  M --- Material
#  R --- Reactant
#
Directory      result/synthesize_HsDHODH/189/DATABASE/
#
Q000000001/5.531170/0000/R000000001
R000000004/1.000000/0000/Guesstimate
R000000006/1.000000/0000/Guesstimate
R000000007/1.000000/0000/Guesstimate
R000000005/2.222222/0279/R000000006/R000000007
R000000005/2.222222/0279/R000000006/R000000007
R000000003/3.580247/0159/R000000004/R000000005
R000000010/1.000000/0000/Guesstimate
R000000011/1.000000/0000/Guesstimate
R000000009/2.222222/0279/R000000010/R000000011
R000000009/2.222222/0279/R000000010/R000000011
R000000008/2.469136/0082/R000000009
R000000013/1.000000/0000/Guesstimate
R000000012/2.222222/0279/R000000013/R000000011
R000000012/2.222222/0279/R000000013/R000000011
R000000014/1.000000/0000/Guesstimate
R000000008/3.580247/0112/R000000012/R000000014
R000000015/1.000000/0000/Guesstimate
R000000003/3.854596/0159/R000000008/R000000015
R000000002/3.978053/0197/R000000003
R000000002/10.000000/0287/R000000016
R000000017/1.000000/0000/Guesstimate
R000000001/5.531170/0231/R000000002/R000000017
R000000018/5.089163/0231/R000000003/R000000017
R000000020/1.000000/0000/Guesstimate
R000000022/1.000000/0000/Guesstimate
R000000021/1.111111/0228/R000000022
R000000021/1.111111/0286/R000000022
R000000019/2.345679/0003/R000000020/R000000021
R000000023/1.000000/0000/Guesstimate
R000000024/1.234568/0125/R000000021
R000000024/2.345679/0112/R000000014/R000000021
R000000019/2.482853/0049/R000000023/R000000024
R000000018/5.349795/0159/R000000008/R000000019
R000000001/5.654626/0197/R000000018
Q000000002/6.145744/0000/R000000025
R000000027/1.000000/0000/Guesstimate
R000000026/5.531170/0231/R000000002/R000000027
R000000025/6.145744/0039/R000000026
R000000029/1.000000/0000/Guesstimate
R000000028/5.531170/0231/R000000002/R000000029
R000000032/1.000000/0000/Guesstimate
R000000031/5.531170/0231/R000000002/R000000032
R000000030/6.145744/0079/R000000031
R000000034/1.000000/0000/Guesstimate
R000000033/5.531170/0231/R000000002/R000000034
R000000030/6.145744/0082/R000000033
R000000028/6.828605/0040/R000000030
R000000035/1.000000/0000/Guesstimate
R000000025/7.256855/0119/R000000028/R000000035
Q000000003/6.145744/0000/R000000025
Q000000004/2.469136/0000/R000000036
M000000038/1.000000/0000/Sigma_BB-244858353
R000000037/2.222222/0003/M000000038/R000000020
R000000039/1.111111/0125/M000000038
R000000039/2.222222/0112/M000000038/R000000014
R000000037/2.345679/0049/R000000039/R000000023
R000000036/2.469136/0059/R000000037
R000000041/1.000000/0000/Guesstimate
R000000040/2.222222/0112/M000000038/R000000041
M000000042/1.000000/0000/Sigma_BB-101873712
R000000040/2.222222/0174/M000000042/R000000041
R000000036/2.469136/0147/R000000040
<NEXT>