#
#  Reaction log file
#  Author: LigBuilder V3 User_Diana
#  Creation time: Sat Feb 28 19:08:17 2026
#  Format:
#  QueryMoleculeId/Cost/SynthesizeId/ReactantId1/ReactantId2/ReactantId3.....
#  Id prefix:
#  Q --- Query Molecule
#  M --- Material
#  R --- Reactant
#
Directory      result/synthesize_HsDHODH/146/DATABASE/
#
Q000000001/1.524158/0000/R000000001
M000000005/1.000000/0000/Sigma_BB-28775503
R000000004/1.111111/0287/M000000005
R000000003/1.234568/0299/R000000004
R000000002/1.371742/0074/R000000003
R000000002/1.371742/0167/R000000003
R000000001/1.524158/0017/R000000002
R000000008/1.111111/0299/M000000005
R000000007/1.234568/0287/R000000008
R000000009/1.111111/0287/M000000005
R000000009/1.111111/0287/M000000005
R000000007/1.234568/0299/R000000009
R000000006/1.371742/0074/R000000007
R000000006/1.371742/0167/R000000007
R000000001/1.524158/0017/R000000006
Q000000002/1.524158/0000/R000000010
M000000014/1.000000/0000/Sigma_BB-30558430
R000000013/1.111111/0299/M000000014
R000000012/1.234568/0287/R000000013
R000000015/1.111111/0287/M000000014
R000000015/1.111111/0287/M000000014
R000000012/1.234568/0299/R000000015
R000000011/1.371742/0074/R000000012
R000000011/1.371742/0167/R000000012
R000000010/1.524158/0017/R000000011
R000000018/1.111111/0287/M000000014
R000000017/1.234568/0299/R000000018
R000000016/1.371742/0074/R000000017
R000000016/1.371742/0167/R000000017
R000000010/1.524158/0017/R000000016
Q000000003/1.693509/0000/R000000019
R000000022/1.234568/0287/R000000008
R000000022/1.234568/0287/R000000008
R000000021/1.371742/0299/R000000022
R000000021/1.371742/0299/R000000007
R000000020/1.524158/0074/R000000021
R000000020/1.524158/0167/R000000021
R000000019/1.693509/0017/R000000020
R000000025/1.234568/0287/R000000008
R000000024/1.371742/0299/R000000025
R000000024/1.371742/0299/R000000003
R000000023/1.524158/0074/R000000024
R000000023/1.524158/0167/R000000024
R000000019/1.693509/0017/R000000023
<NEXT>