#
#  Reaction log file
#  Author: LigBuilder V3 User_Diana
#  Creation time: Sat Feb 28 19:05:30 2026
#  Format:
#  QueryMoleculeId/Cost/SynthesizeId/ReactantId1/ReactantId2/ReactantId3.....
#  Id prefix:
#  Q --- Query Molecule
#  M --- Material
#  R --- Reactant
#
Directory      result/synthesize_HsDHODH/42/DATABASE/
#
Q000000001/4.572474/0000/R000000001
M000000005/1.000000/0000/Sigma_BB-28800168
R000000006/1.000000/0000/Guesstimate
R000000004/2.222222/0004/M000000005/R000000006
M000000008/1.000000/0000/Sigma_BB-27723080
R000000007/2.222222/0004/M000000008/R000000006
R000000004/2.469136/0239/R000000007
R000000003/2.469136/0086/R000000004
R000000003/2.469136/0091/R000000004
M000000011/1.000000/0000/Sigma_BB-30624518
R000000010/1.111111/0287/M000000011
M000000012/1.000000/0000/Sigma_BB-135809836
R000000013/1.000000/0000/Guesstimate
R000000010/2.222222/0274/M000000012/R000000013
R000000009/1.234568/0222/R000000010
R000000014/1.111111/0222/M000000012
M000000015/1.000000/0000/Sigma_BB-244167158
R000000014/1.111111/0299/M000000015
R000000009/2.345679/0274/R000000014/R000000013
R000000002/4.115227/0112/R000000003/R000000009
R000000016/2.469136/0197/R000000004
R000000016/2.469136/0197/R000000004
R000000019/1.000000/0000/Guesstimate
R000000020/1.000000/0000/Guesstimate
R000000018/2.222222/0279/R000000019/R000000020
R000000018/2.222222/0279/R000000019/R000000020
R000000021/1.000000/0000/Guesstimate
R000000017/3.580247/0159/R000000018/R000000021
R000000023/1.000000/0000/Guesstimate
R000000024/1.000000/0000/Guesstimate
R000000022/2.222222/0279/R000000023/R000000024
R000000022/2.222222/0279/R000000023/R000000024
R000000025/1.000000/0000/Guesstimate
R000000017/3.580247/0159/R000000022/R000000025
R000000002/6.721537/0112/R000000016/R000000017
R000000001/4.572474/0147/R000000002
R000000028/1.111111/0104/M000000005
R000000028/1.111111/0104/M000000005
R000000027/1.234568/0257/R000000028
M000000030/1.000000/0000/Sigma_BB-31122963
R000000029/1.111111/0104/M000000030
R000000029/1.111111/0104/M000000030
R000000027/1.234568/0260/R000000029
R000000033/1.000000/0000/Guesstimate
M000000034/1.000000/0000/Sigma_BB-161770208
R000000032/2.222222/0175/R000000033/M000000034
R000000032/2.222222/0290/R000000033/M000000034
R000000031/2.469136/0155/R000000032
R000000036/1.000000/0000/Guesstimate
R000000035/2.482853/0112/R000000036/R000000009
R000000037/1.000000/0000/Guesstimate
R000000035/5.089163/0112/R000000017/R000000037
R000000031/2.758726/0147/R000000035
R000000026/4.115227/0301/R000000027/R000000031
R000000026/4.115227/0301/R000000027/R000000031
R000000001/4.572474/0161/R000000026
Q000000002/4.572474/0000/R000000001
Q000000003/4.572474/0000/R000000001
Q000000004/4.420059/0000/R000000038
M000000041/1.000000/0000/Sigma_BB-182081638
R000000040/1.111111/0079/M000000041
M000000043/1.000000/0000/Sigma_BB-29925747
R000000044/1.000000/0000/Guesstimate
R000000042/2.222222/0004/M000000043/R000000044
M000000045/1.000000/0000/Sigma_BB-28130342
M000000046/1.000000/0000/Sigma_BB-28778979
R000000042/2.222222/0212/M000000045/M000000046
R000000040/2.469136/0009/R000000042
R000000039/3.978053/0175/R000000003/R000000040
R000000048/1.000000/0000/Guesstimate
M000000050/1.000000/0000/Sigma_BB-128464601
R000000049/1.111111/0079/M000000050
R000000051/1.000000/0000/Guesstimate
R000000049/2.222222/0112/M000000050/R000000051
R000000047/2.345679/0004/R000000048/R000000049
R000000053/1.000000/0000/Guesstimate
R000000052/3.580247/0175/R000000053/R000000042
R000000052/3.580247/0290/R000000053/R000000042
R000000047/3.978053/0009/R000000052
R000000039/5.075447/0212/R000000004/R000000047
R000000038/4.420059/0059/R000000039
M000000056/1.000000/0000/Sigma_BB-118635024
R000000055/1.111111/0153/M000000056
R000000055/1.234568/0059/R000000049
R000000054/3.978053/0112/R000000003/R000000055
M000000059/1.000000/0000/Sigma_BB-87980886
R000000058/1.111111/0287/M000000059
M000000060/1.000000/0000/Sigma_BB-243755193
R000000061/1.000000/0000/Guesstimate
R000000058/2.222222/0274/M000000060/R000000061
R000000057/1.234568/0091/R000000058
R000000063/1.000000/0000/Guesstimate
R000000064/1.000000/0000/Guesstimate
R000000062/2.222222/0012/R000000063/R000000064
R000000065/1.000000/0000/Guesstimate
R000000066/1.000000/0000/Guesstimate
R000000062/2.222222/0112/R000000065/R000000066
M000000068/1.000000/0000/Sigma_BB-30414215
R000000067/1.111111/0156/M000000068
R000000069/1.000000/0000/Guesstimate
R000000070/1.000000/0000/Guesstimate
R000000067/2.222222/0169/R000000069/R000000070
R000000057/3.703704/0159/R000000062/R000000067
R000000054/4.115227/0112/R000000016/R000000057
R000000038/4.420059/0147/R000000054
<NEXT>