#
#  Reaction log file
#  Author: LigBuilder V3 User_Diana
#  Creation time: Sat Feb 28 19:12:38 2026
#  Format:
#  QueryMoleculeId/Cost/SynthesizeId/ReactantId1/ReactantId2/ReactantId3.....
#  Id prefix:
#  Q --- Query Molecule
#  M --- Material
#  R --- Reactant
#
Directory      result/synthesize_HsDHODH/287/DATABASE/
#
Q000000001/5.654626/0000/R000000001
M000000004/1.000000/0000/Sigma_BB-28766577
R000000006/1.000000/0000/Guesstimate
R000000007/1.000000/0000/Guesstimate
R000000005/2.222222/0012/R000000006/R000000007
R000000005/2.222222/0285/R000000006/R000000007
R000000003/3.580247/0231/M000000004/R000000005
M000000009/1.000000/0000/Sigma_BB-28753226
R000000008/3.580247/0231/M000000009/R000000005
R000000010/1.000000/0000/Guesstimate
R000000003/5.089163/0276/R000000008/R000000010
R000000011/1.000000/0000/Guesstimate
R000000002/5.089163/0181/R000000003/R000000011
R000000014/1.000000/0000/Guesstimate
R000000015/1.000000/0000/Guesstimate
R000000016/1.000000/0000/Guesstimate
R000000013/3.333333/0225/R000000014/R000000015/R000000016
R000000013/3.333333/0225/R000000014/R000000015/R000000016
R000000012/3.703704/0099/R000000013
R000000012/3.703704/0099/R000000013
R000000002/5.226338/0231/M000000004/R000000012
R000000001/5.654626/0024/R000000002
M000000019/1.000000/0000/Sigma_BB-28756834
R000000021/1.000000/0000/Guesstimate
R000000020/2.222222/0012/R000000006/R000000021
R000000020/3.580247/0119/R000000005/R000000010
R000000018/3.580247/0231/M000000019/R000000020
R000000022/3.580247/0231/M000000009/R000000020
R000000018/5.089163/0275/R000000022/R000000015
R000000017/5.089163/0181/R000000018/R000000011
R000000024/4.814815/0119/R000000013/R000000010
R000000024/4.814815/0280/R000000013/R000000010
R000000023/5.349795/0099/R000000024
R000000023/5.349795/0099/R000000024
R000000017/7.055328/0231/M000000019/R000000023
R000000001/5.654626/0024/R000000017
Q000000002/5.654626/0000/R000000001
Q000000003/5.654626/0000/R000000025
M000000028/1.000000/0000/Sigma_BB-28769716
R000000027/3.580247/0231/M000000028/R000000020
R000000029/3.580247/0231/M000000028/R000000005
R000000027/5.089163/0119/R000000029/R000000010
R000000026/5.089163/0181/R000000027/R000000011
R000000026/7.055328/0231/M000000028/R000000023
R000000025/5.654626/0024/R000000026
R000000031/2.222222/0119/M000000028/R000000010
R000000031/2.222222/0280/M000000028/R000000010
R000000030/6.584363/0231/R000000031/R000000012
R000000032/4.938272/0231/R000000031/R000000005
R000000032/5.089163/0119/R000000029/R000000010
R000000030/6.598080/0181/R000000032/R000000011
R000000025/7.315958/0024/R000000030
<NEXT>