#
#  Reaction log file
#  Author: LigBuilder V3 User_Diana
#  Creation time: Sat Feb 28 19:09:17 2026
#  Format:
#  QueryMoleculeId/Cost/SynthesizeId/ReactantId1/ReactantId2/ReactantId3.....
#  Id prefix:
#  Q --- Query Molecule
#  M --- Material
#  R --- Reactant
#
Directory      result/synthesize_HsDHODH/174/DATABASE/
#
Q000000001/3.978053/0000/R000000001
M000000003/1.000000/0000/Sigma_BB-151014002
R000000005/1.000000/0000/Guesstimate
M000000006/1.000000/0000/Sigma_BB-28769222
R000000004/2.222222/0057/R000000005/M000000006
R000000008/1.000000/0000/Guesstimate
R000000007/2.222222/0057/R000000008/M000000006
R000000004/2.469136/0155/R000000007
R000000002/3.580247/0003/M000000003/R000000004
R000000010/1.111111/0093/M000000003
M000000011/1.000000/0000/Sigma_BB-30438916
R000000012/1.000000/0000/Guesstimate
R000000010/2.222222/0004/M000000011/R000000012
R000000009/1.234568/0085/R000000010
R000000013/1.000000/0000/Guesstimate
R000000009/2.222222/0004/M000000011/R000000013
R000000015/1.000000/0000/Guesstimate
M000000016/1.000000/0000/Sigma_BB-30500893
R000000014/2.222222/0011/R000000015/M000000016
R000000018/1.000000/0000/Guesstimate
R000000017/3.580247/0004/R000000018/R000000004
R000000017/3.580247/0277/R000000018/R000000004
R000000014/3.978053/0009/R000000017
R000000002/3.840878/0049/R000000009/R000000014
R000000001/3.978053/0099/R000000002
M000000022/1.000000/0000/Sigma_BB-243340990
R000000021/2.222222/0012/M000000022/R000000015
M000000025/1.000000/0000/Sigma_BB-30924817
R000000026/1.000000/0000/Guesstimate
R000000024/2.222222/0231/M000000025/R000000026
R000000023/2.469136/0197/R000000024
R000000027/2.222222/0142/M000000022/R000000012
M000000028/1.000000/0000/Sigma_BB-28247348
R000000027/2.222222/0206/M000000022/M000000028
R000000023/2.469136/0197/R000000027
R000000029/1.000000/0000/Guesstimate
R000000021/3.854596/0112/R000000023/R000000029
R000000020/2.469136/0054/R000000021
M000000031/1.000000/0000/Sigma_BB-308324471
R000000032/1.000000/0000/Guesstimate
R000000030/2.222222/0231/M000000031/R000000032
R000000020/3.580247/0004/R000000030/R000000018
R000000019/2.743484/0009/R000000020
R000000033/1.000000/0000/Guesstimate
R000000019/3.854596/0003/R000000023/R000000033
R000000001/4.159427/0057/R000000019/M000000006
Q000000002/3.978053/0000/R000000001
Q000000003/5.531170/0000/R000000034
R000000038/1.000000/0000/Guesstimate
R000000039/1.000000/0000/Guesstimate
R000000037/2.222222/0285/R000000038/R000000039
R000000040/1.000000/0000/Guesstimate
R000000036/3.580247/0159/R000000037/R000000040
R000000041/1.000000/0000/Guesstimate
R000000043/1.000000/0000/Guesstimate
R000000044/1.000000/0000/Guesstimate
R000000042/2.222222/0279/R000000043/R000000044
R000000042/2.222222/0279/R000000043/R000000044
R000000036/3.580247/0159/R000000041/R000000042
R000000035/3.978053/0024/R000000036
R000000047/1.000000/0000/Guesstimate
R000000046/2.222222/0285/R000000038/R000000047
R000000045/3.580247/0159/R000000046/R000000040
R000000049/1.000000/0000/Guesstimate
R000000048/2.222222/0279/R000000043/R000000049
R000000048/2.222222/0279/R000000043/R000000049
R000000045/3.580247/0159/R000000041/R000000048
R000000035/3.978053/0040/R000000045
M000000050/1.000000/0000/Sigma_BB-27944466
R000000034/5.531170/0029/R000000035/M000000050
R000000034/5.531170/0119/R000000035/M000000050
Q000000004/5.531170/0000/R000000034
<NEXT>