#
#  Reaction log file
#  Author: LigBuilder V3 User_Diana
#  Creation time: Sat Feb 28 19:10:31 2026
#  Format:
#  QueryMoleculeId/Cost/SynthesizeId/ReactantId1/ReactantId2/ReactantId3.....
#  Id prefix:
#  Q --- Query Molecule
#  M --- Material
#  R --- Reactant
#
Directory      result/synthesize_HsDHODH/223/DATABASE/
#
Q000000001/2.895900/0000/R000000001
M000000005/1.000000/0000/Sigma_BB-29784774
R000000004/1.111111/0153/M000000005
R000000006/1.000000/0000/Guesstimate
R000000003/2.345679/0224/R000000004/R000000006
M000000008/1.000000/0000/Sigma_BB-28760170
R000000007/1.111111/0153/M000000008
M000000009/1.000000/0000/Sigma_BB-28793005
R000000007/1.111111/0193/M000000009
R000000010/1.000000/0000/Guesstimate
R000000003/2.345679/0231/R000000007/R000000010
R000000002/2.606310/0082/R000000003
R000000012/1.000000/0000/Guesstimate
R000000011/2.345679/0231/R000000007/R000000012
R000000014/1.000000/0000/Guesstimate
R000000013/2.345679/0231/R000000007/R000000014
R000000011/2.606310/0155/R000000013
R000000015/1.000000/0000/Guesstimate
R000000002/3.717421/0112/R000000011/R000000015
R000000001/2.895900/0041/R000000002
M000000019/1.000000/0000/Sigma_BB-27521434
R000000018/1.111111/0197/M000000019
M000000020/1.000000/0000/Sigma_BB-27600086
R000000018/1.111111/0287/M000000020
R000000017/1.234568/0104/R000000018
R000000017/1.234568/0104/R000000018
R000000023/1.000000/0000/Guesstimate
R000000022/1.111111/0118/R000000023
R000000022/2.222222/0112/R000000023/R000000015
R000000021/1.234568/0041/R000000022
R000000025/1.000000/0000/Guesstimate
R000000026/1.000000/0000/Guesstimate
R000000024/2.222222/0004/R000000025/R000000026
M000000027/1.000000/0000/Sigma_BB-27941182
R000000028/1.000000/0000/Guesstimate
R000000024/2.222222/0170/M000000027/R000000028
R000000021/2.469136/0009/R000000024
R000000016/2.743484/0122/R000000017/R000000021
R000000030/1.000000/0000/Guesstimate
R000000029/2.482853/0122/R000000017/R000000030
R000000032/1.000000/0000/Guesstimate
R000000031/2.482853/0122/R000000017/R000000032
R000000033/1.000000/0000/Guesstimate
R000000029/3.869837/0279/R000000031/R000000033
R000000016/2.758726/0198/R000000029
R000000001/3.048316/0160/R000000016
Q000000002/2.895900/0000/R000000034
M000000038/1.000000/0000/Sigma_BB-100802024
R000000037/1.111111/0153/M000000038
M000000039/1.000000/0000/Sigma_BB-29038349
R000000040/1.000000/0000/Guesstimate
R000000037/2.222222/0231/M000000039/R000000040
R000000036/2.345679/0224/R000000037/R000000006
R000000041/2.222222/0231/M000000039/R000000012
M000000043/1.000000/0000/Sigma_BB-101873778
R000000042/1.111111/0295/M000000043
R000000044/1.000000/0000/Guesstimate
R000000042/2.222222/0231/M000000039/R000000044
R000000041/2.345679/0279/R000000042/R000000012
R000000036/3.580247/0122/R000000041/R000000032
R000000035/2.606310/0082/R000000036
R000000035/3.580247/0112/R000000041/R000000015
R000000034/2.895900/0041/R000000035
M000000048/1.000000/0000/Sigma_BB-28778212
R000000047/1.111111/0104/M000000048
R000000047/1.111111/0104/M000000048
R000000046/1.234568/0293/R000000047
R000000046/1.234568/0293/R000000047
R000000045/2.743484/0122/R000000046/R000000021
R000000049/2.482853/0122/R000000046/R000000030
R000000050/2.482853/0122/R000000046/R000000032
R000000049/3.869837/0279/R000000050/R000000033
R000000045/2.758726/0198/R000000049
R000000034/3.048316/0160/R000000045
Q000000003/Analysis Failed
<NEXT>