#
#  Reaction log file
#  Author: LigBuilder V3 User_Diana
#  Creation time: Sat Feb 28 19:06:24 2026
#  Format:
#  QueryMoleculeId/Cost/SynthesizeId/ReactantId1/ReactantId2/ReactantId3.....
#  Id prefix:
#  Q --- Query Molecule
#  M --- Material
#  R --- Reactant
#
Directory      result/synthesize_HsDHODH/91/DATABASE/
#
Q000000001/3.116245/0000/R000000001
M000000003/1.000000/0000/Sigma_BB-28800168
M000000008/1.000000/0000/Sigma_BB-332918949
R000000007/1.111111/0086/M000000008
R000000007/1.111111/0091/M000000008
R000000006/1.234568/0079/R000000007
M000000010/1.000000/0000/Sigma_BB-28778979
R000000009/2.222222/0212/M000000008/M000000010
R000000009/2.222222/0212/M000000008/M000000010
R000000006/2.469136/0009/R000000009
R000000005/1.371742/0213/R000000006
R000000004/1.524158/0041/R000000005
M000000012/1.000000/0000/Sigma_BB-130111993
R000000013/1.000000/0000/Guesstimate
R000000011/2.222222/0274/M000000012/R000000013
R000000004/2.469136/0040/R000000011
R000000002/2.804620/0003/M000000003/R000000004
M000000014/1.000000/0000/Sigma_BB-244168514
R000000016/1.693509/0093/R000000004
R000000017/1.000000/0000/Guesstimate
R000000018/1.693509/0197/R000000004
R000000016/2.992788/0004/R000000017/R000000018
R000000015/1.881677/0085/R000000016
R000000019/1.000000/0000/Guesstimate
R000000015/2.992788/0004/R000000019/R000000018
R000000002/3.201863/0049/M000000014/R000000015
R000000001/3.116245/0147/R000000002
M000000021/1.000000/0000/Sigma_BB-28800525
R000000024/1.000000/0000/Guesstimate
R000000023/2.345679/0175/R000000024/R000000007
R000000023/2.345679/0290/R000000024/R000000007
R000000022/2.606310/0079/R000000023
R000000025/3.580247/0175/R000000024/R000000009
R000000025/3.580247/0290/R000000024/R000000009
R000000022/3.978053/0009/R000000025
R000000020/4.007011/0175/M000000021/R000000022
R000000027/2.222222/0004/M000000003/R000000017
R000000028/1.000000/0000/Guesstimate
R000000027/2.222222/0175/M000000021/R000000028
R000000026/2.469136/0086/R000000027
R000000026/2.469136/0091/R000000027
R000000020/4.115227/0175/R000000026/R000000006
R000000001/4.452235/0041/R000000020
Q000000002/3.116245/0000/R000000001
Q000000003/7.331201/0000/R000000029
R000000033/1.000000/0000/Guesstimate
R000000034/1.000000/0000/Guesstimate
R000000032/2.222222/0279/R000000033/R000000034
R000000032/2.222222/0279/R000000033/R000000034
R000000036/1.000000/0000/Guesstimate
R000000035/2.222222/0169/R000000019/R000000036
R000000037/1.000000/0000/Guesstimate
R000000035/2.222222/0274/R000000019/R000000037
R000000031/4.938272/0159/R000000032/R000000035
R000000038/3.580247/0159/R000000032/R000000019
R000000031/5.089163/0274/R000000038/R000000037
R000000030/6.598080/0003/M000000003/R000000031
R000000039/1.111111/0114/M000000021
R000000040/1.111111/0041/M000000014
R000000040/1.111111/0233/M000000014
R000000039/1.234568/0155/R000000040
R000000043/1.000000/0000/Guesstimate
R000000042/2.222222/0279/R000000043/R000000034
R000000042/2.222222/0279/R000000043/R000000034
R000000041/4.938272/0159/R000000042/R000000035
R000000044/3.580247/0159/R000000042/R000000019
R000000041/5.089163/0274/R000000044/R000000037
R000000030/6.721537/0112/R000000039/R000000041
R000000029/7.331201/0147/R000000030
R000000050/1.000000/0000/Guesstimate
R000000049/2.222222/0279/R000000050/R000000034
R000000049/2.222222/0279/R000000050/R000000034
R000000048/4.938272/0159/R000000049/R000000035
R000000051/3.580247/0159/R000000049/R000000019
R000000048/5.089163/0274/R000000051/R000000037
R000000047/5.486969/0055/R000000048
R000000046/6.096632/0197/R000000047
R000000045/7.885148/0112/M000000003/R000000046
R000000052/2.222222/0004/M000000003/R000000019
R000000052/2.469136/0085/R000000027
R000000045/7.956105/0049/R000000052/R000000048
R000000029/8.761275/0147/R000000045
<NEXT>