#
#  Reaction log file
#  Author: LigBuilder V3 User_Diana
#  Creation time: Sat Feb 28 19:09:19 2026
#  Format:
#  QueryMoleculeId/Cost/SynthesizeId/ReactantId1/ReactantId2/ReactantId3.....
#  Id prefix:
#  Q --- Query Molecule
#  M --- Material
#  R --- Reactant
#
Directory      result/synthesize_HsDHODH/181/DATABASE/
#
Q000000001/5.639385/0000/R000000001
M000000005/1.000000/0000/Sigma_BB-28711612
R000000004/1.111111/0114/M000000005
R000000006/1.000000/0000/Guesstimate
R000000003/2.345679/0003/R000000004/R000000006
M000000008/1.000000/0000/Sigma_BB-129299872
R000000009/1.000000/0000/Guesstimate
R000000007/2.222222/0003/M000000008/R000000009
R000000010/1.000000/0000/Guesstimate
R000000007/2.345679/0112/R000000004/R000000010
M000000011/1.000000/0000/Sigma_BB-28775620
R000000003/3.580247/0049/R000000007/M000000011
R000000013/1.000000/0000/Guesstimate
R000000014/1.000000/0000/Guesstimate
R000000012/2.222222/0012/R000000013/R000000014
R000000016/1.000000/0000/Guesstimate
R000000015/2.222222/0012/R000000016/R000000014
R000000017/1.000000/0000/Guesstimate
R000000018/1.000000/0000/Guesstimate
R000000015/2.222222/0279/R000000017/R000000018
R000000012/2.469136/0041/R000000015
R000000002/5.075447/0159/R000000003/R000000012
R000000021/1.000000/0000/Guesstimate
R000000020/2.345679/0301/R000000004/R000000021
R000000020/2.345679/0301/R000000004/R000000021
R000000022/1.000000/0000/Guesstimate
R000000019/3.717421/0279/R000000020/R000000022
R000000019/3.717421/0279/R000000020/R000000022
R000000023/1.000000/0000/Guesstimate
R000000002/5.241580/0159/R000000019/R000000023
R000000001/5.639385/0024/R000000002
R000000027/1.000000/0000/Guesstimate
M000000028/1.000000/0000/Sigma_BB-28766408
R000000026/2.222222/0175/R000000027/M000000028
R000000026/2.222222/0290/R000000027/M000000028
R000000025/3.580247/0175/M000000005/R000000026
R000000031/1.000000/0000/Guesstimate
R000000030/2.222222/0004/M000000008/R000000031
R000000030/2.469136/0040/R000000007
R000000029/2.469136/0086/R000000030
R000000029/2.469136/0091/R000000030
R000000025/3.854596/0175/R000000029/M000000028
R000000034/1.000000/0000/Guesstimate
R000000035/1.000000/0000/Guesstimate
R000000033/2.222222/0174/R000000034/R000000035
R000000033/2.222222/0289/R000000034/R000000035
R000000032/2.469136/0197/R000000033
R000000036/7.400000/0000/Guesstimate
R000000032/8.222222/0091/R000000036
R000000024/6.721537/0174/R000000025/R000000032
M000000038/1.000000/0000/Sigma_BB-243331318
R000000037/3.854596/0112/M000000038/R000000032
M000000040/1.000000/0000/Sigma_BB-243331317
R000000039/3.854596/0112/M000000040/R000000032
M000000041/1.000000/0000/Sigma_BB-27355816
R000000039/3.854596/0174/M000000041/R000000032
R000000037/4.282884/0041/R000000039
R000000024/7.026369/0175/R000000029/R000000037
R000000001/7.468375/0025/R000000024
Q000000002/5.639385/0000/R000000001
Q000000003/5.639385/0000/R000000001
<NEXT>