#
#  Reaction log file
#  Author: LigBuilder V3 User_Diana
#  Creation time: Sat Feb 28 19:07:22 2026
#  Format:
#  QueryMoleculeId/Cost/SynthesizeId/ReactantId1/ReactantId2/ReactantId3.....
#  Id prefix:
#  Q --- Query Molecule
#  M --- Material
#  R --- Reactant
#
Directory      result/synthesize_HsDHODH/127/DATABASE/
#
Q000000001/Analysis Failed
Q000000002/2.345679/0000/R000000001
M000000003/1.000000/0000/Sigma_BB-34690482
R000000002/1.111111/0091/M000000003
M000000005/1.000000/0000/Sigma_BB-29001097
R000000006/1.000000/0000/Guesstimate
R000000004/2.222222/0112/M000000005/R000000006
R000000002/2.469136/0197/R000000004
R000000007/1.000000/0000/Guesstimate
R000000001/2.345679/0275/R000000002/R000000007
R000000011/1.000000/0000/Guesstimate
R000000010/2.222222/0004/M000000005/R000000011
R000000009/2.469136/0153/R000000010
R000000012/9.000000/0000/Guesstimate
R000000009/10.000000/0155/R000000012
R000000008/3.854596/0274/R000000009/R000000007
R000000001/4.282884/0260/R000000008
Q000000003/2.345679/0000/R000000001
<NEXT>