#
#  Reaction log file
#  Author: LigBuilder V3 User_Diana
#  Creation time: Sat Feb 28 19:08:17 2026
#  Format:
#  QueryMoleculeId/Cost/SynthesizeId/ReactantId1/ReactantId2/ReactantId3.....
#  Id prefix:
#  Q --- Query Molecule
#  M --- Material
#  R --- Reactant
#
Directory      result/synthesize_HsDHODH/136/DATABASE/
#
Q000000001/4.282884/0000/R000000001
M000000003/1.000000/0000/Sigma_BB-244168514
M000000006/1.000000/0000/Sigma_BB-70738426
R000000007/1.000000/0000/Guesstimate
R000000005/2.222222/0276/M000000006/R000000007
R000000005/2.222222/0278/M000000006/R000000007
R000000004/2.469136/0125/R000000005
R000000008/1.000000/0000/Guesstimate
R000000004/3.580247/0112/R000000008/R000000005
R000000002/3.854596/0101/M000000003/R000000004
M000000011/1.000000/0000/Sigma_BB-28800168
R000000012/1.000000/0000/Guesstimate
R000000010/2.222222/0004/M000000011/R000000012
M000000014/1.000000/0000/Sigma_BB-27723080
R000000013/2.222222/0004/M000000014/R000000012
R000000010/2.469136/0239/R000000013
R000000009/2.469136/0197/R000000010
R000000015/9.800000/0000/Guesstimate
R000000009/9.800000/0302/R000000015
M000000018/1.000000/0000/Sigma_BB-240887078
R000000017/2.222222/0276/M000000018/R000000007
R000000017/2.743484/0040/R000000004
R000000016/2.469136/0091/R000000017
R000000020/1.000000/0000/Guesstimate
R000000021/1.000000/0000/Guesstimate
R000000019/2.222222/0012/R000000020/R000000021
R000000022/1.000000/0000/Guesstimate
R000000019/2.222222/0112/R000000022/R000000008
M000000023/1.000000/0000/Sigma_BB-29927921
R000000016/3.580247/0159/R000000019/M000000023
R000000002/5.486969/0112/R000000009/R000000016
R000000001/4.282884/0147/R000000002
R000000025/2.469136/0086/R000000010
R000000025/2.469136/0091/R000000010
M000000026/1.000000/0000/Sigma_BB-37577530
R000000024/3.854596/0175/R000000025/M000000026
R000000028/1.000000/0000/Guesstimate
M000000030/1.000000/0000/Sigma_BB-28469272
R000000029/1.111111/0073/M000000030
R000000031/1.000000/0000/Guesstimate
R000000029/2.222222/0119/M000000006/R000000031
R000000027/2.345679/0004/R000000028/R000000029
R000000033/1.000000/0000/Guesstimate
R000000032/2.222222/0175/R000000033/M000000026
R000000032/2.222222/0290/R000000033/M000000026
R000000027/2.469136/0024/R000000032
R000000024/5.075447/0212/R000000010/R000000027
R000000001/4.282884/0153/R000000024
Q000000002/Analysis Failed
Q000000003/Analysis Failed
<NEXT>