#
#  Reaction log file
#  Author: LigBuilder V3 User_Diana
#  Creation time: Sat Feb 28 19:07:27 2026
#  Format:
#  QueryMoleculeId/Cost/SynthesizeId/ReactantId1/ReactantId2/ReactantId3.....
#  Id prefix:
#  Q --- Query Molecule
#  M --- Material
#  R --- Reactant
#
Directory      result/synthesize_HsDHODH/126/DATABASE/
#
Q000000001/4.420059/0000/R000000001
R000000005/1.000000/0000/Guesstimate
R000000006/1.000000/0000/Guesstimate
R000000004/2.222222/0279/R000000005/R000000006
R000000004/2.222222/0279/R000000005/R000000006
R000000003/2.469136/0082/R000000004
R000000008/1.000000/0000/Guesstimate
R000000007/2.222222/0279/R000000008/R000000006
R000000007/2.222222/0279/R000000008/R000000006
R000000009/1.000000/0000/Guesstimate
R000000003/3.580247/0112/R000000007/R000000009
M000000011/1.000000/0000/Sigma_BB-28806840
R000000010/1.111111/0009/M000000011
M000000013/1.000000/0000/Sigma_BB-28804095
R000000012/1.111111/0086/M000000013
R000000012/1.111111/0091/M000000013
R000000010/1.234568/0079/R000000012
R000000002/3.978053/0159/R000000003/R000000010
R000000014/1.000000/0000/Guesstimate
R000000017/1.000000/0000/Guesstimate
R000000018/1.000000/0000/Guesstimate
R000000016/2.222222/0279/R000000017/R000000018
R000000016/2.222222/0279/R000000017/R000000018
R000000019/1.000000/0000/Guesstimate
R000000015/4.691358/0242/R000000016/R000000019/R000000019
R000000020/3.333333/0242/R000000018/R000000019/R000000019
R000000015/4.814815/0279/R000000017/R000000020
R000000002/6.323731/0159/R000000014/R000000015
R000000001/4.420059/0197/R000000002
R000000022/3.580247/0159/R000000014/R000000016
R000000023/1.000000/0000/Guesstimate
R000000022/3.854596/0159/R000000003/R000000023
R000000021/3.978053/0197/R000000022
R000000026/1.000000/0000/Guesstimate
R000000025/3.854596/0159/R000000003/R000000026
R000000027/8.600000/0000/Guesstimate
R000000025/9.555556/0213/R000000027
R000000024/4.282884/0197/R000000025
R000000024/9.555556/0287/R000000027
R000000021/4.758760/0287/R000000024
R000000001/6.642281/0242/R000000021/R000000019/R000000019
Q000000002/4.420059/0000/R000000001
Q000000003/7.380312/0000/R000000028
R000000030/1.000000/0000/Guesstimate
R000000029/6.642281/0242/R000000021/R000000030/R000000019
R000000029/6.642281/0242/R000000021/R000000030/R000000019
R000000028/7.380312/0147/R000000029
R000000033/4.420059/0104/R000000021
R000000033/4.420059/0104/R000000021
R000000032/4.911177/0257/R000000033
R000000034/1.000000/0000/Guesstimate
R000000031/7.679085/0242/R000000032/R000000034/R000000019
R000000031/7.679085/0242/R000000032/R000000034/R000000019
R000000028/8.532317/0161/R000000031
Q000000004/4.420059/0000/R000000001
<NEXT>