#
#  Reaction log file
#  Author: LigBuilder V3 User_Diana
#  Creation time: Sat Feb 28 19:07:43 2026
#  Format:
#  QueryMoleculeId/Cost/SynthesizeId/ReactantId1/ReactantId2/ReactantId3.....
#  Id prefix:
#  Q --- Query Molecule
#  M --- Material
#  R --- Reactant
#
Directory      result/synthesize_HsDHODH/121/DATABASE/
#
Q000000001/Analysis Failed
Q000000002/2.743484/0000/R000000001
M000000004/1.000000/0000/Sigma_BB-37467573
R000000005/1.000000/0000/Guesstimate
R000000003/2.222222/0256/M000000004/R000000005
M000000007/1.000000/0000/Sigma_BB-27325035
R000000006/2.222222/0256/M000000007/R000000005
R000000003/2.469136/0287/R000000006
R000000002/2.469136/0074/R000000003
R000000002/2.469136/0167/R000000003
R000000001/2.743484/0017/R000000002
M000000010/1.000000/0000/Sigma_BB-30664943
R000000009/2.222222/0256/M000000010/R000000005
M000000012/1.000000/0000/Sigma_BB-326697832
R000000011/2.222222/0112/M000000012/R000000005
R000000009/2.469136/0233/R000000011
R000000008/2.469136/0074/R000000009
R000000008/2.469136/0167/R000000009
R000000001/2.743484/0017/R000000008
Q000000003/2.743484/0000/R000000001
<NEXT>