#
#  Reaction log file
#  Author: LigBuilder V3 User_Diana
#  Creation time: Sat Feb 28 19:07:15 2026
#  Format:
#  QueryMoleculeId/Cost/SynthesizeId/ReactantId1/ReactantId2/ReactantId3.....
#  Id prefix:
#  Q --- Query Molecule
#  M --- Material
#  R --- Reactant
#
Directory      result/synthesize_HsDHODH/107/DATABASE/
#
Q000000001/4.267642/0000/R000000001
M000000004/1.000000/0000/Sigma_BB-244168514
R000000003/1.111111/0040/M000000004
M000000007/1.000000/0000/Sigma_BB-28800525
R000000006/1.111111/0114/M000000007
R000000008/1.111111/0041/M000000004
R000000008/1.111111/0233/M000000004
R000000006/1.234568/0155/R000000008
R000000009/1.000000/0000/Guesstimate
R000000005/2.345679/0004/R000000006/R000000009
R000000010/1.000000/0000/Guesstimate
R000000011/1.000000/0000/Guesstimate
R000000005/3.456790/0225/R000000006/R000000010/R000000011
R000000003/2.606310/0073/R000000005
M000000014/1.000000/0000/Sigma_BB-308324471
R000000013/1.111111/0287/M000000014
M000000015/1.000000/0000/Sigma_BB-151011721
R000000013/1.111111/0287/M000000015
R000000016/1.000000/0000/Guesstimate
R000000012/2.345679/0231/R000000013/R000000016
R000000018/1.000000/0000/Guesstimate
R000000017/2.345679/0231/R000000013/R000000018
R000000012/3.717421/0279/R000000017/R000000016
R000000002/3.840878/0003/R000000003/R000000012
M000000020/1.000000/0000/Sigma_BB-28800168
R000000021/1.000000/0000/Guesstimate
R000000019/2.222222/0004/M000000020/R000000021
R000000022/2.222222/0004/M000000020/R000000009
R000000023/1.000000/0000/Guesstimate
R000000022/2.222222/0175/M000000007/R000000023
R000000019/2.469136/0085/R000000022
R000000025/1.000000/0000/Guesstimate
R000000024/3.717421/0112/R000000025/R000000012
R000000027/1.000000/0000/Guesstimate
R000000026/3.717421/0004/R000000027/R000000012
R000000024/4.130468/0009/R000000026
R000000002/6.599605/0049/R000000019/R000000024
R000000001/4.267642/0147/R000000002
R000000029/3.717421/0004/R000000021/R000000012
R000000030/3.717421/0004/R000000009/R000000012
R000000031/4.130468/0040/R000000024
R000000033/1.000000/0000/Guesstimate
R000000034/1.000000/0000/Guesstimate
R000000032/2.222222/0279/R000000033/R000000034
R000000032/2.222222/0279/R000000033/R000000034
R000000036/1.000000/0000/Guesstimate
R000000037/1.000000/0000/Guesstimate
R000000035/2.222222/0112/R000000036/R000000037
R000000038/1.000000/0000/Guesstimate
R000000039/1.000000/0000/Guesstimate
R000000035/2.222222/0112/R000000038/R000000039
R000000031/4.938272/0159/R000000032/R000000035
R000000030/4.589409/0093/R000000031
R000000029/4.130468/0085/R000000030
R000000028/5.241580/0049/M000000004/R000000029
R000000028/5.700521/0003/M000000020/R000000031
R000000001/5.823977/0147/R000000028
Q000000002/4.267642/0000/R000000001
Q000000003/4.267642/0000/R000000001
<NEXT>