#
#  Reaction log file
#  Author: LigBuilder V3 User_Diana
#  Creation time: Sat Feb 28 19:10:03 2026
#  Format:
#  QueryMoleculeId/Cost/SynthesizeId/ReactantId1/ReactantId2/ReactantId3.....
#  Id prefix:
#  Q --- Query Molecule
#  M --- Material
#  R --- Reactant
#
Directory      result/synthesize_HsDHODH/208/DATABASE/
#
Q000000001/4.420059/0000/R000000001
M000000005/1.000000/0000/Sigma_BB-70314514
R000000006/1.000000/0000/Guesstimate
R000000004/2.222222/0004/M000000005/R000000006
R000000007/1.000000/0000/Guesstimate
R000000003/3.580247/0212/R000000004/R000000007
R000000003/3.580247/0212/R000000004/R000000007
R000000002/3.978053/0213/R000000003
R000000001/4.420059/0153/R000000002
R000000011/1.000000/0000/Guesstimate
R000000012/1.000000/0000/Guesstimate
R000000010/2.222222/0112/R000000011/R000000012
R000000013/1.000000/0000/Guesstimate
R000000009/3.580247/0225/R000000010/R000000013
R000000014/3.333333/0225/R000000011/R000000012/R000000013
R000000014/3.333333/0225/R000000011/R000000012/R000000013
R000000009/3.703704/0112/R000000014
R000000016/1.000000/0000/Guesstimate
R000000015/2.222222/0004/R000000006/R000000016
R000000018/1.000000/0000/Guesstimate
R000000017/2.222222/0277/R000000018/R000000016
R000000019/1.000000/0000/Guesstimate
R000000017/2.222222/0301/R000000019/R000000016
R000000015/2.469136/0024/R000000017
R000000008/6.447188/0212/R000000009/R000000015
R000000008/6.447188/0212/R000000009/R000000015
R000000001/7.163543/0161/R000000008
Q000000002/6.096632/0000/R000000020
R000000024/1.000000/0000/Guesstimate
R000000025/1.000000/0000/Guesstimate
R000000023/2.222222/0279/R000000024/R000000025
R000000023/2.222222/0279/R000000024/R000000025
R000000022/2.469136/0082/R000000023
R000000027/1.000000/0000/Guesstimate
R000000026/2.222222/0279/R000000027/R000000025
R000000026/2.222222/0279/R000000027/R000000025
R000000028/1.000000/0000/Guesstimate
R000000022/3.580247/0112/R000000026/R000000028
R000000031/1.000000/0000/Guesstimate
R000000032/1.000000/0000/Guesstimate
R000000030/2.222222/0112/R000000031/R000000032
R000000029/2.469136/0059/R000000030
M000000034/1.000000/0000/Sigma_BB-28762337
R000000033/2.222222/0004/M000000034/R000000032
R000000035/1.000000/0000/Guesstimate
R000000033/3.333333/0225/R000000035/R000000032/R000000013
R000000029/2.469136/0153/R000000033
R000000021/5.486969/0159/R000000022/R000000029
R000000020/6.096632/0197/R000000021
Q000000003/6.522080/0000/R000000036
R000000039/3.854596/0159/R000000022/R000000035
R000000038/4.282884/0197/R000000039
R000000040/1.000000/0000/Guesstimate
R000000037/5.869872/0112/R000000038/R000000040
R000000044/1.000000/0000/Guesstimate
R000000043/3.854596/0159/R000000022/R000000044
R000000042/4.282884/0197/R000000043
R000000042/4.282884/0197/R000000043
R000000045/1.000000/0000/Guesstimate
R000000041/5.869872/0231/R000000042/R000000045
R000000037/6.522080/0082/R000000041
R000000036/6.522080/0059/R000000037
M000000048/1.000000/0000/Sigma_BB-130314282
R000000047/1.111111/0153/M000000048
R000000049/1.111111/0091/M000000048
R000000050/1.000000/0000/Guesstimate
R000000049/2.222222/0279/R000000050/R000000040
R000000047/1.234568/0154/R000000049
R000000046/5.993328/0232/R000000042/R000000047
R000000053/1.000000/0000/Guesstimate
R000000052/3.854596/0159/R000000022/R000000053
R000000051/4.282884/0197/R000000052
M000000056/1.000000/0000/Sigma_BB-28830366
R000000055/1.111111/0085/M000000056
R000000054/1.234568/0197/R000000055
R000000057/9.200000/0000/Guesstimate
R000000054/9.200000/0155/R000000057
R000000046/6.130503/0301/R000000051/R000000054
R000000036/6.659254/0028/R000000046
<NEXT>