#
#  Reaction log file
#  Author: LigBuilder V3 User_Diana
#  Creation time: Sat Feb 28 19:13:08 2026
#  Format:
#  QueryMoleculeId/Cost/SynthesizeId/ReactantId1/ReactantId2/ReactantId3.....
#  Id prefix:
#  Q --- Query Molecule
#  M --- Material
#  R --- Reactant
#
Directory      result/synthesize_HsDHODH/295/DATABASE/
#
Q000000001/1.111111/0000/R000000001
M000000002/1.000000/0000/Sigma_BB-28792515
R000000001/1.111111/0239/M000000002
M000000005/1.000000/0000/Sigma_BB-70314514
R000000004/1.111111/0239/M000000005
M000000006/1.000000/0000/Sigma_BB-112432168
R000000004/1.111111/0299/M000000006
R000000003/1.234568/0213/R000000004
M000000009/1.000000/0000/Sigma_BB-187212511
R000000008/1.111111/0302/M000000009
R000000007/1.234568/0079/R000000008
R000000010/1.000000/0000/Guesstimate
R000000007/2.345679/0112/R000000008/R000000010
R000000003/1.371742/0040/R000000007
R000000001/1.371742/0197/R000000003
Q000000002/1.111111/0000/R000000001
Q000000003/1.111111/0000/R000000001
<NEXT>