#
#  Reaction log file
#  Author: LigBuilder V3 User_Diana
#  Creation time: Sat Feb 28 19:08:13 2026
#  Format:
#  QueryMoleculeId/Cost/SynthesizeId/ReactantId1/ReactantId2/ReactantId3.....
#  Id prefix:
#  Q --- Query Molecule
#  M --- Material
#  R --- Reactant
#
Directory      result/synthesize_HsDHODH/141/DATABASE/
#
Q000000001/Analysis Failed
Q000000002/2.895900/0000/R000000001
R000000005/1.000000/0000/Guesstimate
R000000004/1.111111/0125/R000000005
R000000006/1.000000/0000/Guesstimate
R000000004/2.222222/0112/R000000005/R000000006
R000000007/1.000000/0000/Guesstimate
R000000003/2.345679/0159/R000000004/R000000007
R000000002/2.606310/0292/R000000003
R000000001/2.895900/0040/R000000002
R000000011/1.000000/0000/Guesstimate
R000000012/1.000000/0000/Guesstimate
R000000010/2.222222/0279/R000000011/R000000012
R000000010/2.222222/0279/R000000011/R000000012
R000000009/3.580247/0159/R000000010/R000000007
R000000008/3.978053/0292/R000000009
R000000001/4.420059/0024/R000000008
Q000000003/2.895900/0000/R000000001
Q000000004/4.572474/0000/R000000013
R000000017/1.000000/0000/Guesstimate
R000000018/1.000000/0000/Guesstimate
R000000016/2.222222/0279/R000000017/R000000018
R000000016/2.222222/0279/R000000017/R000000018
R000000015/2.469136/0082/R000000016
R000000020/1.000000/0000/Guesstimate
R000000019/2.222222/0279/R000000020/R000000018
R000000019/2.222222/0279/R000000020/R000000018
R000000015/3.580247/0112/R000000019/R000000006
R000000023/1.000000/0000/Guesstimate
R000000022/1.111111/0054/R000000023
R000000024/1.000000/0000/Guesstimate
R000000025/1.000000/0000/Guesstimate
R000000022/2.222222/0004/R000000024/R000000025
R000000021/1.234568/0009/R000000022
R000000026/1.000000/0000/Guesstimate
R000000027/1.000000/0000/Guesstimate
R000000021/2.222222/0003/R000000026/R000000027
R000000014/4.115227/0159/R000000015/R000000021
R000000028/1.000000/0000/Guesstimate
R000000031/1.000000/0000/Guesstimate
R000000032/1.000000/0000/Guesstimate
R000000030/2.222222/0279/R000000031/R000000032
R000000030/2.222222/0279/R000000031/R000000032
R000000029/3.580247/0095/R000000030/R000000027
R000000034/1.000000/0000/Guesstimate
R000000033/3.580247/0095/R000000030/R000000034
R000000029/3.978053/0147/R000000033
R000000014/5.089163/0159/R000000028/R000000029
R000000013/4.572474/0197/R000000014
R000000038/1.000000/0000/Guesstimate
R000000037/3.854596/0159/R000000015/R000000038
R000000036/4.282884/0197/R000000037
R000000039/10.000000/0000/Guesstimate
R000000036/10.000000/0287/R000000039
R000000040/1.000000/0000/Guesstimate
R000000035/5.869872/0231/R000000036/R000000040
R000000042/1.000000/0000/Guesstimate
R000000041/5.869872/0231/R000000036/R000000042
R000000035/7.633191/0279/R000000041/R000000040
R000000013/6.522080/0198/R000000035
<NEXT>