#
#  Reaction log file
#  Author: LigBuilder V3 User_Diana
#  Creation time: Sat Feb 28 19:09:25 2026
#  Format:
#  QueryMoleculeId/Cost/SynthesizeId/ReactantId1/ReactantId2/ReactantId3.....
#  Id prefix:
#  Q --- Query Molecule
#  M --- Material
#  R --- Reactant
#
Directory      result/synthesize_HsDHODH/183/DATABASE/
#
Q000000001/5.639385/0000/R000000001
M000000005/1.000000/0000/Sigma_BB-28711612
R000000004/1.111111/0114/M000000005
R000000006/1.000000/0000/Guesstimate
R000000003/2.345679/0003/R000000004/R000000006
M000000008/1.000000/0000/Sigma_BB-129299872
R000000009/1.000000/0000/Guesstimate
R000000007/2.222222/0003/M000000008/R000000009
R000000010/1.000000/0000/Guesstimate
R000000007/2.345679/0112/R000000004/R000000010
M000000011/1.000000/0000/Sigma_BB-28775620
R000000003/3.580247/0049/R000000007/M000000011
R000000013/1.000000/0000/Guesstimate
R000000014/1.000000/0000/Guesstimate
R000000012/2.222222/0012/R000000013/R000000014
R000000016/1.000000/0000/Guesstimate
R000000015/2.222222/0012/R000000016/R000000014
R000000017/1.000000/0000/Guesstimate
R000000018/1.000000/0000/Guesstimate
R000000015/2.222222/0279/R000000017/R000000018
R000000012/2.469136/0041/R000000015
R000000002/5.075447/0159/R000000003/R000000012
R000000021/1.000000/0000/Guesstimate
R000000020/2.345679/0301/R000000004/R000000021
R000000020/2.345679/0301/R000000004/R000000021
R000000022/1.000000/0000/Guesstimate
R000000019/3.717421/0279/R000000020/R000000022
R000000019/3.717421/0279/R000000020/R000000022
R000000023/1.000000/0000/Guesstimate
R000000002/5.241580/0159/R000000019/R000000023
R000000001/5.639385/0024/R000000002
R000000027/1.000000/0000/Guesstimate
M000000028/1.000000/0000/Sigma_BB-28766408
R000000026/2.222222/0175/R000000027/M000000028
R000000026/2.222222/0290/R000000027/M000000028
R000000025/3.580247/0175/M000000005/R000000026
R000000031/1.000000/0000/Guesstimate
R000000030/2.222222/0004/M000000008/R000000031
R000000030/2.469136/0040/R000000007
R000000029/2.469136/0086/R000000030
R000000029/2.469136/0091/R000000030
R000000025/3.854596/0175/R000000029/M000000028
R000000034/1.000000/0000/Guesstimate
R000000035/1.000000/0000/Guesstimate
R000000033/2.222222/0174/R000000034/R000000035
R000000033/2.222222/0289/R000000034/R000000035
R000000032/2.469136/0197/R000000033
R000000036/7.400000/0000/Guesstimate
R000000032/8.222222/0091/R000000036
R000000024/6.721537/0174/R000000025/R000000032
M000000038/1.000000/0000/Sigma_BB-243331318
R000000037/3.854596/0112/M000000038/R000000032
M000000040/1.000000/0000/Sigma_BB-243331317
R000000039/3.854596/0112/M000000040/R000000032
M000000041/1.000000/0000/Sigma_BB-27355816
R000000039/3.854596/0174/M000000041/R000000032
R000000037/4.282884/0041/R000000039
R000000024/7.026369/0175/R000000029/R000000037
R000000001/7.468375/0025/R000000024
Q000000002/5.852937/0000/R000000042
M000000047/1.000000/0000/Sigma_BB-151013965
R000000046/1.111111/0104/M000000047
R000000046/1.111111/0104/M000000047
R000000045/1.234568/0248/R000000046
R000000049/1.000000/0000/Guesstimate
R000000050/1.000000/0000/Guesstimate
R000000048/2.222222/0285/R000000049/R000000050
R000000045/2.469136/0279/R000000048
R000000052/1.000000/0000/Guesstimate
R000000053/1.000000/0000/Guesstimate
R000000051/2.222222/0301/R000000052/R000000053
R000000051/2.222222/0301/R000000052/R000000053
R000000044/3.840878/0018/R000000045/R000000051
R000000056/1.000000/0000/Guesstimate
R000000055/2.222222/0301/R000000052/R000000056
R000000055/2.222222/0301/R000000052/R000000056
R000000054/3.840878/0018/R000000045/R000000055
R000000044/4.267643/0156/R000000054
R000000043/4.267643/0160/R000000044
M000000060/1.000000/0000/Sigma_BB-358980510
R000000059/1.111111/0153/M000000060
M000000061/1.000000/0000/Sigma_BB-30438932
R000000059/1.111111/0222/M000000061
R000000062/1.000000/0000/Guesstimate
R000000058/2.345679/0231/R000000059/R000000062
R000000064/1.000000/0000/Guesstimate
R000000063/2.222222/0301/R000000064/R000000053
R000000063/2.222222/0301/R000000064/R000000053
R000000057/5.075447/0279/R000000058/R000000063
R000000057/5.075447/0279/R000000058/R000000063
R000000043/5.639385/0294/R000000057
R000000065/1.000000/0000/Guesstimate
R000000042/5.852937/0170/R000000043/R000000065
R000000067/3.580247/0170/R000000051/R000000065
R000000068/1.000000/0000/Guesstimate
R000000067/3.580247/0170/R000000055/R000000068
R000000066/5.349795/0018/R000000045/R000000067
R000000066/5.378754/0170/R000000044/R000000065
R000000042/5.944217/0160/R000000066
Q000000003/2.469136/0000/R000000069
M000000071/1.000000/0000/Sigma_BB-28799070
R000000072/1.000000/0000/Guesstimate
R000000070/2.222222/0003/M000000071/R000000072
R000000075/1.111111/0091/M000000071
R000000074/1.234568/0092/R000000075
M000000076/1.000000/0000/Sigma_BB-28792515
R000000074/2.222222/0004/M000000076/R000000031
R000000073/1.371742/0085/R000000074
R000000073/2.222222/0004/M000000076/R000000006
R000000077/1.000000/0000/Guesstimate
R000000070/2.635269/0049/R000000073/R000000077
R000000069/2.469136/0099/R000000070
R000000079/1.234568/0079/R000000075
R000000081/1.000000/0000/Guesstimate
R000000080/2.222222/0004/M000000076/R000000081
R000000079/2.469136/0009/R000000080
R000000082/1.000000/0000/Guesstimate
R000000078/2.482853/0012/R000000079/R000000082
R000000084/1.111111/0153/M000000071
M000000085/1.000000/0000/Sigma_BB-28799270
R000000084/1.111111/0193/M000000085
R000000086/1.000000/0000/Guesstimate
R000000083/2.345679/0231/R000000084/R000000086
R000000087/2.482853/0142/R000000079/R000000031
M000000088/1.000000/0000/Sigma_BB-28247348
R000000087/2.482853/0206/R000000079/M000000088
R000000083/2.758726/0091/R000000087
R000000078/2.606310/0079/R000000083
R000000069/2.758726/0059/R000000078
Q000000004/2.469136/0000/R000000069
<NEXT>