#
#  Reaction log file
#  Author: LigBuilder V3 User_Diana
#  Creation time: Sat Feb 28 19:06:49 2026
#  Format:
#  QueryMoleculeId/Cost/SynthesizeId/ReactantId1/ReactantId2/ReactantId3.....
#  Id prefix:
#  Q --- Query Molecule
#  M --- Material
#  R --- Reactant
#
Directory      result/synthesize_HsDHODH/92/DATABASE/
#
Q000000001/2.928077/0000/R000000001
M000000006/1.000000/0000/Sigma_BB-187833390
R000000005/1.111111/0222/M000000006
R000000004/1.234568/0114/R000000005
R000000003/1.371742/0217/R000000004
R000000007/1.000000/0000/Guesstimate
R000000003/2.345679/0174/R000000005/R000000007
R000000008/1.000000/0000/Guesstimate
R000000002/2.635269/0175/R000000003/R000000008
R000000009/2.345679/0175/R000000005/R000000008
R000000011/1.000000/0000/Guesstimate
R000000012/1.000000/0000/Guesstimate
R000000010/2.222222/0012/R000000011/R000000012
R000000013/1.000000/0000/Guesstimate
R000000010/2.222222/0112/R000000013/R000000007
R000000015/1.000000/0000/Guesstimate
M000000016/1.000000/0000/Sigma_BB-28762899
R000000014/2.222222/0175/R000000015/M000000016
R000000014/2.222222/0290/R000000015/M000000016
R000000009/4.938272/0159/R000000010/R000000014
R000000002/3.717421/0174/R000000009/R000000007
R000000001/2.928077/0041/R000000002
R000000018/1.524158/0041/R000000003
R000000018/1.524158/0233/R000000003
R000000017/1.693509/0114/R000000018
R000000001/2.992788/0122/R000000017/R000000012
Q000000002/2.928077/0000/R000000001
Q000000003/2.928077/0000/R000000001
<NEXT>