#
#  Reaction log file
#  Author: LigBuilder V3 User_Diana
#  Creation time: Sat Feb 28 19:10:53 2026
#  Format:
#  QueryMoleculeId/Cost/SynthesizeId/ReactantId1/ReactantId2/ReactantId3.....
#  Id prefix:
#  Q --- Query Molecule
#  M --- Material
#  R --- Reactant
#
Directory      result/synthesize_HsDHODH/249/DATABASE/
#
Q000000001/Analysis Failed
Q000000002/Analysis Failed
Q000000003/Analysis Failed
Q000000004/5.808735/0000/R000000001
M000000006/1.000000/0000/Sigma_BB-102149145
R000000005/1.111111/0204/M000000006
R000000004/1.234568/0125/R000000005
R000000007/1.000000/0000/Guesstimate
R000000004/2.345679/0112/R000000005/R000000007
R000000008/1.000000/0000/Guesstimate
R000000003/2.482853/0122/R000000004/R000000008
R000000009/2.345679/0122/R000000005/R000000008
R000000011/1.000000/0000/Guesstimate
R000000010/2.345679/0122/R000000005/R000000011
R000000009/2.606310/0153/R000000010
R000000003/3.717421/0112/R000000009/R000000007
R000000013/1.000000/0000/Guesstimate
R000000012/2.222222/0004/R000000011/R000000013
R000000015/1.000000/0000/Guesstimate
R000000014/2.222222/0277/R000000015/R000000013
R000000016/1.000000/0000/Guesstimate
R000000014/2.222222/0301/R000000016/R000000013
R000000012/2.469136/0024/R000000014
R000000002/5.227862/0049/R000000003/R000000012
R000000019/1.000000/0000/Guesstimate
R000000018/2.222222/0004/R000000019/R000000013
R000000020/1.000000/0000/Guesstimate
R000000021/1.000000/0000/Guesstimate
R000000018/3.333333/0225/R000000013/R000000020/R000000021
R000000017/2.469136/0100/R000000018
R000000017/2.469136/0216/R000000018
R000000002/5.349795/0003/R000000009/R000000017
R000000001/5.808735/0099/R000000002
R000000023/2.469136/0086/R000000018
R000000023/2.469136/0091/R000000018
R000000022/5.349795/0112/R000000009/R000000023
R000000026/1.000000/0000/Guesstimate
R000000027/1.000000/0000/Guesstimate
R000000025/2.222222/0301/R000000026/R000000027
R000000025/2.222222/0301/R000000026/R000000027
R000000024/2.469136/0155/R000000025
R000000028/1.000000/0000/Guesstimate
R000000024/3.854596/0212/R000000028/R000000017
R000000022/5.502210/0138/R000000003/R000000024
R000000001/5.944217/0099/R000000022
<NEXT>