#
#  Reaction log file
#  Author: LigBuilder V3 User_Diana
#  Creation time: Sat Feb 28 19:10:48 2026
#  Format:
#  QueryMoleculeId/Cost/SynthesizeId/ReactantId1/ReactantId2/ReactantId3.....
#  Id prefix:
#  Q --- Query Molecule
#  M --- Material
#  R --- Reactant
#
Directory      result/synthesize_HsDHODH/229/DATABASE/
#
Q000000001/3.840878/0000/R000000001
R000000003/1.000000/0000/Guesstimate
R000000002/1.111111/0125/R000000003
R000000004/1.000000/0000/Guesstimate
R000000002/2.222222/0112/R000000003/R000000004
R000000006/1.000000/0000/Guesstimate
M000000008/1.000000/0000/Sigma_BB-28760249
R000000007/1.111111/0114/M000000008
M000000009/1.000000/0000/Sigma_BB-117837577
R000000007/1.111111/0155/M000000009
R000000005/2.345679/0003/R000000006/R000000007
R000000010/1.000000/0000/Guesstimate
M000000013/1.000000/0000/Sigma_BB-37467573
R000000012/1.111111/0054/M000000013
R000000014/1.000000/0000/Guesstimate
R000000012/2.345679/0004/R000000014/R000000007
R000000011/1.234568/0009/R000000012
R000000015/1.000000/0000/Guesstimate
M000000016/1.000000/0000/Sigma_BB-28426400
R000000011/2.222222/0003/R000000015/M000000016
R000000005/2.482853/0049/R000000010/R000000011
R000000001/3.840878/0012/R000000002/R000000005
R000000020/1.000000/0000/Guesstimate
R000000019/2.222222/0003/R000000003/R000000020
R000000018/2.469136/0099/R000000019
R000000022/1.000000/0000/Guesstimate
R000000021/2.222222/0256/R000000003/R000000022
R000000018/2.469136/0237/R000000021
R000000017/2.743484/0024/R000000018
R000000025/1.000000/0000/Guesstimate
R000000026/1.000000/0000/Guesstimate
R000000024/2.222222/0174/R000000025/R000000026
R000000024/2.222222/0289/R000000025/R000000026
R000000023/3.703704/0012/R000000002/R000000024
R000000027/2.345679/0285/R000000002/R000000025
R000000028/1.111111/0287/R000000026
R000000023/3.840878/0112/R000000027/R000000028
R000000017/4.115227/0025/R000000023
R000000001/4.282884/0003/R000000017/R000000007
Q000000002/8.992533/0000/R000000029
R000000033/1.000000/0000/Guesstimate
M000000034/1.000000/0000/Sigma_BB-28835002
R000000032/3.333333/0242/R000000033/R000000033/M000000034
R000000036/3.703704/0040/R000000032
M000000039/1.000000/0000/Sigma_BB-28523366
R000000038/1.111111/0299/M000000039
R000000038/3.333333/0242/R000000033/R000000033/M000000008
R000000037/1.234568/0287/R000000038
M000000040/1.000000/0000/Sigma_BB-30438916
R000000037/3.333333/0242/R000000033/R000000033/M000000040
R000000036/3.703704/0213/R000000037
R000000035/4.115227/0091/R000000036
M000000043/1.000000/0000/Sigma_BB-30391580
R000000042/3.333333/0242/R000000033/R000000033/M000000043
R000000042/4.115227/0197/R000000036
R000000044/1.000000/0000/Guesstimate
R000000041/4.814815/0112/R000000042/R000000044
R000000041/4.814815/0174/R000000037/R000000044
R000000035/5.349795/0197/R000000041
R000000032/4.572474/0079/R000000035
R000000031/4.814815/0142/R000000032/R000000006
M000000045/1.000000/0000/Sigma_BB-28247348
R000000031/4.814815/0206/R000000032/M000000045
R000000030/5.349795/0091/R000000031
R000000047/1.000000/0000/Guesstimate
R000000046/5.226338/0003/R000000036/R000000047
R000000049/4.115227/0093/R000000036
R000000049/4.814815/0004/R000000042/R000000006
R000000048/4.572474/0085/R000000049
R000000050/1.000000/0000/Guesstimate
R000000048/4.814815/0004/R000000042/R000000050
R000000051/1.000000/0000/Guesstimate
R000000046/6.191638/0049/R000000048/R000000051
R000000030/5.807042/0099/R000000046
R000000055/1.000000/0000/Guesstimate
R000000056/1.000000/0000/Guesstimate
R000000054/2.222222/0285/R000000055/R000000056
R000000053/2.469136/0256/R000000054
R000000052/2.743484/0160/R000000053
R000000052/2.743484/0160/R000000053
R000000029/8.992533/0175/R000000030/R000000052
R000000059/4.814815/0003/R000000042/R000000050
M000000060/1.000000/0000/Sigma_BB-28775620
R000000059/4.814815/0049/R000000032/M000000060
R000000058/5.349795/0099/R000000059
R000000062/1.000000/0000/Guesstimate
R000000061/5.226338/0003/R000000036/R000000062
R000000063/1.000000/0000/Guesstimate
R000000061/5.683586/0112/R000000035/R000000063
R000000058/5.807042/0099/R000000061
R000000066/1.000000/0000/Guesstimate
R000000067/1.000000/0000/Guesstimate
R000000065/2.222222/0158/R000000066/R000000067
R000000065/2.222222/0158/R000000066/R000000067
R000000064/2.469136/0188/R000000065
R000000069/1.000000/0000/Guesstimate
R000000068/2.222222/0158/R000000066/R000000069
R000000068/2.222222/0158/R000000066/R000000069
R000000064/2.469136/0188/R000000068
R000000057/8.687701/0301/R000000058/R000000064
R000000057/8.687701/0301/R000000058/R000000064
R000000029/9.653002/0160/R000000057
Q000000003/1.111111/0000/R000000070
M000000071/1.000000/0000/Sigma_BB-28760245
R000000070/1.111111/0013/M000000071
M000000073/1.000000/0000/Sigma_BB-28505852
R000000072/1.111111/0013/M000000073
M000000075/1.000000/0000/Sigma_BB-28799270
R000000074/2.222222/0112/M000000075/R000000004
M000000077/1.000000/0000/Sigma_BB-28799070
R000000076/1.111111/0125/M000000077
R000000076/2.222222/0112/M000000077/R000000004
R000000078/1.000000/0000/Guesstimate
R000000074/2.345679/0119/R000000076/R000000078
R000000072/2.469136/0041/R000000074
R000000070/1.234568/0024/R000000072
<NEXT>