#
#  Reaction log file
#  Author: LigBuilder V3 User_Diana
#  Creation time: Sat Feb 28 19:10:17 2026
#  Format:
#  QueryMoleculeId/Cost/SynthesizeId/ReactantId1/ReactantId2/ReactantId3.....
#  Id prefix:
#  Q --- Query Molecule
#  M --- Material
#  R --- Reactant
#
Directory      result/synthesize_HsDHODH/202/DATABASE/
#
Q000000001/Analysis Failed
Q000000002/Analysis Failed
Q000000003/5.531170/0000/R000000001
R000000005/1.000000/0000/Guesstimate
R000000006/1.000000/0000/Guesstimate
R000000004/2.222222/0112/R000000005/R000000006
R000000007/1.000000/0000/Guesstimate
R000000003/3.580247/0225/R000000004/R000000007
R000000003/3.580247/0225/R000000004/R000000007
R000000002/3.978053/0161/R000000003
R000000010/1.000000/0000/Guesstimate
R000000009/3.580247/0225/R000000004/R000000010
R000000009/3.580247/0225/R000000004/R000000010
R000000008/3.978053/0161/R000000009
R000000002/4.420059/0228/R000000008
R000000011/1.000000/0000/Guesstimate
R000000001/5.531170/0122/R000000002/R000000011
R000000013/1.000000/0000/Guesstimate
R000000012/5.531170/0301/R000000002/R000000013
R000000012/5.531170/0301/R000000002/R000000013
R000000001/6.145744/0139/R000000012
<NEXT>