#
#  Reaction log file
#  Author: LigBuilder V3 User_Diana
#  Creation time: Sat Feb 28 19:09:24 2026
#  Format:
#  QueryMoleculeId/Cost/SynthesizeId/ReactantId1/ReactantId2/ReactantId3.....
#  Id prefix:
#  Q --- Query Molecule
#  M --- Material
#  R --- Reactant
#
Directory      result/synthesize_HsDHODH/190/DATABASE/
#
Q000000001/2.895900/0000/R000000001
M000000004/1.000000/0000/Sigma_BB-48691560
R000000003/1.111111/0197/M000000004
R000000003/1.111111/0197/M000000004
M000000007/1.000000/0000/Sigma_BB-65138243
R000000006/1.111111/0299/M000000007
R000000005/1.234568/0104/R000000006
R000000005/1.234568/0104/R000000006
R000000002/2.606310/0301/R000000003/R000000005
R000000002/2.606310/0301/R000000003/R000000005
R000000001/2.895900/0160/R000000002
M000000011/1.000000/0000/Sigma_BB-308324410
R000000010/1.111111/0104/M000000011
R000000010/1.111111/0104/M000000011
R000000009/1.234568/0024/R000000010
M000000013/1.000000/0000/Sigma_BB-128344305
R000000012/1.111111/0104/M000000013
R000000012/1.111111/0104/M000000013
R000000009/1.234568/0040/R000000012
R000000015/1.000000/0000/Guesstimate
M000000016/1.000000/0000/Sigma_BB-117226966
R000000014/2.222222/0004/R000000015/M000000016
R000000018/1.000000/0000/Guesstimate
R000000017/2.222222/0112/R000000018/M000000016
M000000019/1.000000/0000/Sigma_BB-28784017
R000000017/2.222222/0174/R000000018/M000000019
R000000014/2.469136/0233/R000000017
R000000008/3.840878/0212/R000000009/R000000014
R000000008/3.840878/0212/R000000009/R000000014
R000000001/4.267643/0160/R000000008
Q000000002/5.654626/0000/R000000020
R000000024/1.000000/0000/Guesstimate
R000000025/1.000000/0000/Guesstimate
R000000023/2.222222/0285/R000000024/R000000025
R000000026/1.000000/0000/Guesstimate
R000000022/3.580247/0112/R000000023/R000000026
R000000027/1.000000/0000/Guesstimate
R000000029/1.000000/0000/Guesstimate
R000000030/1.000000/0000/Guesstimate
R000000028/2.222222/0279/R000000029/R000000030
R000000028/2.222222/0279/R000000029/R000000030
R000000022/3.580247/0112/R000000027/R000000028
R000000031/1.000000/0000/Guesstimate
R000000021/5.089163/0225/R000000022/R000000031
R000000021/5.089163/0225/R000000022/R000000031
R000000020/5.654626/0161/R000000021
R000000033/1.000000/0000/Guesstimate
R000000036/1.000000/0000/Guesstimate
R000000037/1.000000/0000/Guesstimate
R000000035/3.333333/0225/R000000036/R000000037/R000000031
R000000035/3.333333/0225/R000000036/R000000037/R000000031
R000000034/3.703704/0099/R000000035
R000000034/3.703704/0099/R000000035
R000000032/5.226338/0159/R000000033/R000000034
R000000040/1.000000/0000/Guesstimate
R000000041/1.000000/0000/Guesstimate
R000000039/2.222222/0279/R000000040/R000000041
R000000039/2.222222/0279/R000000040/R000000041
R000000038/2.469136/0082/R000000039
R000000043/1.000000/0000/Guesstimate
R000000042/2.222222/0279/R000000043/R000000041
R000000042/2.222222/0279/R000000043/R000000041
R000000038/3.580247/0112/R000000042/R000000025
R000000045/1.000000/0000/Guesstimate
R000000047/1.000000/0000/Guesstimate
R000000048/1.000000/0000/Guesstimate
R000000046/2.222222/0122/R000000047/R000000048
R000000049/1.000000/0000/Guesstimate
R000000046/2.222222/0169/R000000049/R000000031
R000000044/3.580247/0001/R000000045/R000000046
R000000051/1.000000/0000/Guesstimate
R000000050/2.222222/0122/R000000051/R000000048
R000000052/1.000000/0000/Guesstimate
R000000053/1.000000/0000/Guesstimate
R000000050/2.222222/0274/R000000052/R000000053
R000000044/3.580247/0003/R000000045/R000000050
R000000032/6.721537/0159/R000000038/R000000044
R000000020/5.807042/0197/R000000032
Q000000003/5.654626/0000/R000000054
R000000056/1.000000/0000/Guesstimate
R000000055/5.089163/0225/R000000022/R000000056
R000000058/5.089163/0004/R000000022/R000000049
R000000059/1.000000/0000/Guesstimate
R000000060/1.000000/0000/Guesstimate
R000000058/6.200274/0225/R000000022/R000000059/R000000060
R000000057/5.654626/0004/R000000058
R000000061/5.089163/0004/R000000022/R000000049
R000000061/6.200274/0225/R000000022/R000000059/R000000060
R000000057/5.654626/0004/R000000061
R000000055/7.394029/0169/R000000057/R000000056
R000000054/5.654626/0161/R000000055
R000000065/1.000000/0000/Guesstimate
R000000064/5.089163/0225/R000000022/R000000065
R000000064/5.089163/0225/R000000022/R000000065
R000000063/5.654626/0161/R000000064
R000000062/6.282918/0118/R000000063
R000000062/7.394029/0112/R000000063/R000000025
R000000054/6.981020/0147/R000000062
<NEXT>