#
#  Reaction log file
#  Author: LigBuilder V3 User_Diana
#  Creation time: Sat Feb 28 19:10:42 2026
#  Format:
#  QueryMoleculeId/Cost/SynthesizeId/ReactantId1/ReactantId2/ReactantId3.....
#  Id prefix:
#  Q --- Query Molecule
#  M --- Material
#  R --- Reactant
#
Directory      result/synthesize_HsDHODH/233/DATABASE/
#
Q000000001/3.978053/0000/R000000001
M000000004/1.000000/0000/Sigma_BB-238520503
R000000005/1.000000/0000/Guesstimate
R000000003/2.222222/0012/M000000004/R000000005
M000000009/1.000000/0000/Sigma_BB-29596028
R000000008/1.111111/0091/M000000009
R000000007/1.234568/0079/R000000008
M000000011/1.000000/0000/Sigma_BB-31123703
R000000012/1.000000/0000/Guesstimate
R000000010/2.222222/0004/M000000011/R000000012
R000000007/2.469136/0009/R000000010
R000000006/2.482853/0012/R000000007/R000000005
R000000006/2.482853/0146/R000000007/R000000005
R000000003/2.758726/0024/R000000006
R000000013/1.000000/0000/Guesstimate
R000000002/3.580247/0181/R000000003/R000000013
M000000014/1.000000/0000/Sigma_BB-28769242
R000000017/1.000000/0000/Guesstimate
R000000018/2.222222/0181/R000000005/R000000013
R000000016/3.580247/0277/R000000017/R000000018
R000000015/3.978053/0150/R000000016
R000000020/1.000000/0000/Guesstimate
R000000022/1.000000/0000/Guesstimate
R000000024/1.000000/0000/Guesstimate
R000000023/1.111111/0239/R000000024
R000000021/2.345679/0004/R000000022/R000000023
R000000021/2.469136/0024/R000000018
R000000019/3.717421/0285/R000000020/R000000021
R000000025/1.000000/0000/Guesstimate
R000000015/5.241580/0119/R000000019/R000000025
R000000002/5.531170/0231/M000000014/R000000015
R000000001/3.978053/0024/R000000002
R000000028/1.000000/0000/Guesstimate
R000000027/2.482853/0012/R000000007/R000000028
R000000027/2.758726/0024/R000000006
R000000026/3.869837/0181/R000000027/R000000013
R000000026/3.978052/0142/R000000007/R000000021
R000000001/4.299819/0024/R000000026
Q000000002/3.978053/0000/R000000001
Q000000003/5.654626/0000/R000000029
M000000032/1.000000/0000/Sigma_BB-28766577
R000000034/1.000000/0000/Guesstimate
R000000033/2.222222/0012/R000000034/R000000028
R000000033/2.222222/0285/R000000034/R000000028
R000000031/3.580247/0231/M000000032/R000000033
M000000036/1.000000/0000/Sigma_BB-28753226
R000000035/3.580247/0231/M000000036/R000000033
R000000031/5.089163/0276/R000000035/R000000025
R000000037/1.000000/0000/Guesstimate
R000000030/5.089163/0181/R000000031/R000000037
R000000040/1.000000/0000/Guesstimate
R000000041/1.000000/0000/Guesstimate
R000000042/1.000000/0000/Guesstimate
R000000039/3.333333/0225/R000000040/R000000041/R000000042
R000000039/3.333333/0225/R000000040/R000000041/R000000042
R000000038/3.703704/0099/R000000039
R000000038/3.703704/0099/R000000039
R000000030/5.226338/0231/M000000032/R000000038
R000000029/5.654626/0024/R000000030
M000000045/1.000000/0000/Sigma_BB-28756834
R000000046/2.222222/0012/R000000034/R000000005
R000000046/3.580247/0119/R000000033/R000000025
R000000044/3.580247/0231/M000000045/R000000046
R000000047/3.580247/0231/M000000036/R000000046
R000000044/5.089163/0275/R000000047/R000000041
R000000043/5.089163/0181/R000000044/R000000037
R000000049/4.814815/0119/R000000039/R000000025
R000000049/4.814815/0280/R000000039/R000000025
R000000048/5.349795/0099/R000000049
R000000048/5.349795/0099/R000000049
R000000043/7.055328/0231/M000000045/R000000048
R000000029/5.654626/0024/R000000043
<NEXT>