#
#  Reaction log file
#  Author: LigBuilder V3 User_Diana
#  Creation time: Sat Feb 28 19:13:20 2026
#  Format:
#  QueryMoleculeId/Cost/SynthesizeId/ReactantId1/ReactantId2/ReactantId3.....
#  Id prefix:
#  Q --- Query Molecule
#  M --- Material
#  R --- Reactant
#
Directory      result/synthesize_HsDHODH/300/DATABASE/
#
Q000000001/4.282884/0000/R000000001
R000000005/1.000000/0000/Guesstimate
M000000006/1.000000/0000/Sigma_BB-27949720
R000000004/2.222222/0231/R000000005/M000000006
R000000003/2.469136/0198/R000000004
R000000007/1.000000/0000/Guesstimate
R000000009/1.000000/0000/Guesstimate
M000000010/1.000000/0000/Sigma_BB-28766408
R000000008/2.222222/0004/R000000009/M000000010
R000000003/3.580247/0212/R000000007/R000000008
R000000011/1.000000/0000/Guesstimate
R000000002/3.854596/0274/R000000003/R000000011
R000000014/1.000000/0000/Guesstimate
R000000013/3.580247/0274/R000000004/R000000014
R000000017/1.000000/0000/Guesstimate
R000000016/2.222222/0274/M000000006/R000000017
R000000015/3.580247/0231/R000000005/R000000016
R000000015/3.580247/0274/R000000004/R000000017
R000000018/1.000000/0000/Guesstimate
R000000013/5.089163/0301/R000000015/R000000018
R000000012/3.978053/0039/R000000013
R000000020/1.000000/0000/Guesstimate
R000000019/5.089163/0004/R000000015/R000000020
R000000021/1.000000/0000/Guesstimate
R000000022/1.000000/0000/Guesstimate
R000000019/6.200274/0225/R000000015/R000000021/R000000022
R000000023/1.000000/0000/Guesstimate
R000000012/6.765737/0119/R000000019/R000000023
R000000002/4.420059/0198/R000000012
R000000001/4.282884/0024/R000000002
M000000027/1.000000/0000/Sigma_BB-37466531
R000000026/1.111111/0197/M000000027
M000000028/1.000000/0000/Sigma_BB-28775340
R000000029/1.000000/0000/Guesstimate
R000000026/2.222222/0274/M000000028/R000000029
R000000025/2.345679/0004/R000000009/R000000026
R000000031/1.000000/0000/Guesstimate
M000000032/1.000000/0000/Sigma_BB-28785952
R000000030/2.222222/0174/R000000031/M000000032
R000000030/2.345679/0112/R000000031/R000000026
R000000025/2.469136/0233/R000000030
R000000024/3.717421/0212/R000000007/R000000025
R000000024/3.978053/0198/R000000015
R000000001/5.241580/0004/R000000024/R000000020
Q000000002/4.282884/0000/R000000001
Q000000003/4.267642/0000/R000000033
M000000037/1.000000/0000/Sigma_BB-27556005
R000000036/1.111111/0280/M000000037
R000000038/1.000000/0000/Guesstimate
R000000036/1.111111/0283/R000000038
R000000039/1.000000/0000/Guesstimate
R000000035/2.345679/0159/R000000036/R000000039
R000000040/8.300000/0000/Guesstimate
R000000035/9.222222/0165/R000000040
R000000034/2.606310/0041/R000000035
M000000043/1.000000/0000/Sigma_BB-37328067
R000000042/1.111111/0091/M000000043
R000000045/1.000000/0000/Guesstimate
R000000046/1.000000/0000/Guesstimate
R000000044/2.222222/0279/R000000045/R000000046
R000000044/2.222222/0279/R000000045/R000000046
R000000042/2.469136/0039/R000000044
R000000041/1.234568/0024/R000000042
R000000048/1.000000/0000/Guesstimate
R000000050/1.000000/0000/Guesstimate
R000000051/1.000000/0000/Guesstimate
R000000049/2.222222/0174/R000000050/R000000051
R000000049/2.222222/0289/R000000050/R000000051
R000000047/3.580247/0012/R000000048/R000000049
R000000052/1.000000/0000/Guesstimate
R000000053/7.900000/0000/Guesstimate
R000000047/9.888888/0112/R000000052/R000000053
R000000041/3.978053/0025/R000000047
R000000033/4.267642/0175/R000000034/R000000041
R000000057/1.000000/0000/Guesstimate
R000000058/1.000000/0000/Guesstimate
R000000056/2.222222/0012/R000000057/R000000058
R000000059/1.000000/0000/Guesstimate
R000000060/1.000000/0000/Guesstimate
R000000056/2.222222/0279/R000000059/R000000060
R000000055/3.703704/0159/R000000036/R000000056
R000000061/1.000000/0000/Guesstimate
R000000054/5.226338/0122/R000000055/R000000061
R000000054/5.226338/0122/R000000055/R000000061
R000000033/5.807042/0041/R000000054
Q000000004/Analysis Failed
<END>