#
#  Reaction log file
#  Author: LigBuilder V3 User_Diana
#  Creation time: Sat Feb 28 19:12:28 2026
#  Format:
#  QueryMoleculeId/Cost/SynthesizeId/ReactantId1/ReactantId2/ReactantId3.....
#  Id prefix:
#  Q --- Query Molecule
#  M --- Material
#  R --- Reactant
#
Directory      result/synthesize_HsDHODH/282/DATABASE/
#
Q000000001/Analysis Failed
Q000000002/2.606310/0000/R000000001
M000000003/1.000000/0000/Sigma_BB-30438916
M000000005/1.000000/0000/Sigma_BB-130314282
R000000004/1.111111/0198/M000000005
R000000006/1.000000/0000/Guesstimate
R000000007/1.000000/0000/Guesstimate
R000000004/2.222222/0004/R000000006/R000000007
R000000002/2.345679/0003/M000000003/R000000004
M000000008/1.000000/0000/Sigma_BB-243340990
R000000010/1.000000/0000/Guesstimate
R000000011/1.234568/0197/R000000004
R000000013/1.000000/0000/Guesstimate
M000000014/1.000000/0000/Sigma_BB-28830366
R000000012/2.222222/0212/R000000013/M000000014
R000000012/2.222222/0212/R000000013/M000000014
R000000011/2.469136/0155/R000000012
R000000009/2.482853/0004/R000000010/R000000011
R000000016/1.000000/0000/Guesstimate
R000000015/2.482853/0277/R000000016/R000000011
R000000017/1.000000/0000/Guesstimate
R000000015/2.482853/0301/R000000017/R000000011
R000000009/2.758726/0024/R000000015
R000000002/3.869837/0049/M000000008/R000000009
R000000001/2.606310/0099/R000000002
M000000019/1.000000/0000/Sigma_BB-151014002
R000000018/2.482853/0003/M000000019/R000000011
M000000022/1.000000/0000/Sigma_BB-70610893
R000000021/1.111111/0299/M000000022
M000000023/1.000000/0000/Sigma_BB-308324471
R000000024/1.000000/0000/Guesstimate
R000000021/2.222222/0231/M000000023/R000000024
R000000020/1.234568/0082/R000000021
R000000025/2.222222/0004/M000000003/R000000010
R000000026/1.000000/0000/Guesstimate
R000000020/3.580247/0049/R000000025/R000000026
R000000028/1.111111/0086/M000000014
R000000028/1.111111/0091/M000000014
R000000027/1.234568/0079/R000000028
R000000030/1.000000/0000/Guesstimate
R000000029/2.222222/0004/R000000030/R000000007
M000000031/1.000000/0000/Sigma_BB-28778979
R000000029/2.222222/0212/M000000031/M000000014
R000000027/2.469136/0009/R000000029
R000000018/2.743484/0011/R000000020/R000000027
R000000001/2.758726/0099/R000000018
Q000000003/Analysis Failed
Q000000004/Analysis Failed
<NEXT>