#
#  Reaction log file
#  Author: LigBuilder V3 User_Diana
#  Creation time: Sat Feb 28 19:07:53 2026
#  Format:
#  QueryMoleculeId/Cost/SynthesizeId/ReactantId1/ReactantId2/ReactantId3.....
#  Id prefix:
#  Q --- Query Molecule
#  M --- Material
#  R --- Reactant
#
Directory      result/synthesize_HsDHODH/149/DATABASE/
#
Q000000001/Analysis Failed
Q000000002/1.524158/0000/R000000001
M000000005/1.000000/0000/Sigma_BB-30558430
R000000004/1.111111/0299/M000000005
R000000003/1.234568/0287/R000000004
R000000006/1.111111/0287/M000000005
R000000006/1.111111/0287/M000000005
R000000003/1.234568/0299/R000000006
R000000002/1.371742/0074/R000000003
R000000002/1.371742/0167/R000000003
R000000001/1.524158/0017/R000000002
R000000009/1.111111/0287/M000000005
R000000008/1.234568/0299/R000000009
R000000007/1.371742/0074/R000000008
R000000007/1.371742/0167/R000000008
R000000001/1.524158/0017/R000000007
Q000000003/Analysis Failed
<NEXT>