#
#  Reaction log file
#  Author: LigBuilder V3 User_Diana
#  Creation time: Sat Feb 28 19:08:44 2026
#  Format:
#  QueryMoleculeId/Cost/SynthesizeId/ReactantId1/ReactantId2/ReactantId3.....
#  Id prefix:
#  Q --- Query Molecule
#  M --- Material
#  R --- Reactant
#
Directory      result/synthesize_HsDHODH/168/DATABASE/
#
Q000000001/7.178785/0000/R000000001
R000000005/1.000000/0000/Guesstimate
R000000006/1.000000/0000/Guesstimate
R000000004/2.222222/0279/R000000005/R000000006
R000000004/2.222222/0279/R000000005/R000000006
R000000007/1.000000/0000/Guesstimate
R000000003/3.580247/0159/R000000004/R000000007
R000000002/3.978053/0197/R000000003
R000000011/1.000000/0000/Guesstimate
R000000010/1.111111/0118/R000000011
R000000012/1.000000/0000/Guesstimate
R000000010/2.222222/0112/R000000011/R000000012
R000000009/1.234568/0041/R000000010
R000000014/1.000000/0000/Guesstimate
R000000013/1.111111/0198/R000000014
R000000015/1.000000/0000/Guesstimate
R000000013/1.111111/0198/R000000015
R000000009/1.234568/0155/R000000013
R000000016/1.000000/0000/Guesstimate
R000000008/2.482853/0004/R000000009/R000000016
R000000019/1.000000/0000/Guesstimate
R000000020/1.000000/0000/Guesstimate
R000000018/2.222222/0301/R000000019/R000000020
R000000018/2.222222/0301/R000000019/R000000020
R000000017/2.469136/0039/R000000018
R000000022/1.000000/0000/Guesstimate
R000000023/1.000000/0000/Guesstimate
R000000021/2.222222/0301/R000000022/R000000023
R000000024/1.000000/0000/Guesstimate
R000000021/2.345679/0277/R000000010/R000000024
R000000017/2.469136/0041/R000000021
R000000008/2.743484/0024/R000000017
R000000001/7.178785/0112/R000000002/R000000008
R000000027/1.000000/0000/Guesstimate
R000000029/1.000000/0000/Guesstimate
R000000030/1.000000/0000/Guesstimate
R000000028/2.222222/0279/R000000029/R000000030
R000000028/2.222222/0279/R000000029/R000000030
R000000026/3.580247/0159/R000000027/R000000028
R000000031/1.000000/0000/Guesstimate
R000000026/3.580247/0159/R000000004/R000000031
R000000025/3.978053/0197/R000000026
R000000033/8.600000/0000/Guesstimate
R000000032/9.555556/0287/R000000033
R000000025/9.555556/0287/R000000032
M000000037/1.000000/0000/Sigma_BB-28799125
R000000036/1.111111/0245/M000000037
R000000036/1.111111/0245/M000000037
R000000035/1.234568/0086/R000000036
R000000035/1.234568/0091/R000000036
R000000034/2.482853/0004/R000000035/R000000016
R000000039/2.345679/0277/R000000036/R000000024
R000000040/1.000000/0000/Guesstimate
R000000039/2.345679/0301/R000000036/R000000040
R000000038/2.606310/0086/R000000039
R000000042/1.000000/0000/Guesstimate
R000000041/2.482853/0301/R000000035/R000000042
R000000041/2.482853/0301/R000000035/R000000042
R000000038/2.758726/0039/R000000041
R000000034/2.895900/0024/R000000038
R000000001/7.178785/0112/R000000025/R000000034
Q000000002/7.959492/0000/R000000043
M000000047/1.000000/0000/Sigma_BB-332441958
R000000046/2.222222/0301/M000000047/R000000020
R000000046/2.222222/0301/M000000047/R000000020
R000000045/2.469136/0228/R000000046
R000000045/2.469136/0286/R000000046
R000000044/7.163543/0112/R000000002/R000000045
R000000050/1.000000/0000/Guesstimate
R000000049/3.854596/0112/R000000045/R000000050
R000000048/4.282884/0197/R000000049
R000000052/1.000000/0000/Guesstimate
R000000051/3.854596/0301/R000000045/R000000052
R000000051/3.854596/0301/R000000045/R000000052
R000000048/4.282884/0260/R000000051
R000000044/9.178819/0112/R000000025/R000000048
R000000043/7.959492/0028/R000000044
M000000056/1.000000/0000/Sigma_BB-152437451
R000000055/2.482853/0004/R000000009/M000000056
R000000055/2.482853/0277/R000000009/M000000056
R000000054/2.758726/0197/R000000055
R000000057/2.222222/0004/R000000016/R000000020
R000000057/2.758726/0100/R000000008
R000000058/1.111111/0085/M000000056
R000000054/3.703704/0212/R000000057/R000000058
R000000053/7.485310/0112/R000000002/R000000054
R000000060/2.482853/0004/R000000035/M000000056
R000000060/2.482853/0277/R000000035/M000000056
R000000059/2.758726/0197/R000000060
R000000061/4.176363/0112/R000000054/R000000050
R000000059/4.640403/0197/R000000061
R000000053/7.485310/0112/R000000025/R000000059
R000000043/8.317012/0028/R000000053
Q000000003/7.959492/0000/R000000062
M000000066/1.000000/0000/Sigma_BB-130314282
R000000065/1.111111/0228/M000000066
R000000065/1.111111/0286/M000000066
M000000068/1.000000/0000/Sigma_BB-28760650
R000000067/1.111111/0085/M000000068
R000000067/2.758726/0073/R000000008
R000000064/2.469136/0212/R000000065/R000000067
M000000070/1.000000/0000/Sigma_BB-28830366
R000000069/2.482853/0004/R000000009/M000000070
R000000069/2.482853/0277/R000000009/M000000070
R000000064/2.758726/0197/R000000069
R000000063/7.163543/0112/R000000002/R000000064
R000000072/2.482853/0004/R000000035/M000000070
R000000072/2.482853/0277/R000000035/M000000070
R000000071/2.758726/0197/R000000072
R000000073/3.854596/0112/R000000064/R000000050
R000000071/4.282884/0197/R000000073
R000000063/7.485310/0112/R000000025/R000000071
R000000062/7.959492/0028/R000000063
M000000078/1.000000/0000/Sigma_BB-28764950
R000000077/1.111111/0197/M000000078
R000000076/2.606310/0301/R000000035/R000000077
R000000076/2.606310/0301/R000000035/R000000077
R000000075/2.895900/0197/R000000076
R000000080/3.703704/0212/R000000057/R000000077
R000000081/3.580247/0212/R000000057/M000000078
R000000081/3.580247/0212/R000000057/M000000078
R000000080/3.978053/0197/R000000081
R000000079/5.226338/0112/R000000080/R000000050
R000000075/5.807042/0197/R000000079
R000000074/7.637726/0112/R000000025/R000000075
R000000074/8.535285/0112/R000000002/R000000080
R000000062/8.486362/0028/R000000074
Q000000004/7.959492/0000/R000000062
<NEXT>