#
#  Reaction log file
#  Author: LigBuilder V3 User_Diana
#  Creation time: Sat Feb 28 19:09:16 2026
#  Format:
#  QueryMoleculeId/Cost/SynthesizeId/ReactantId1/ReactantId2/ReactantId3.....
#  Id prefix:
#  Q --- Query Molecule
#  M --- Material
#  R --- Reactant
#
Directory      result/synthesize_HsDHODH/175/DATABASE/
#
Q000000001/5.531170/0000/R000000001
R000000005/1.000000/0000/Guesstimate
R000000006/1.000000/0000/Guesstimate
R000000004/2.222222/0285/R000000005/R000000006
R000000007/1.000000/0000/Guesstimate
R000000003/3.580247/0159/R000000004/R000000007
R000000008/1.000000/0000/Guesstimate
R000000010/1.000000/0000/Guesstimate
R000000011/1.000000/0000/Guesstimate
R000000009/2.222222/0279/R000000010/R000000011
R000000009/2.222222/0279/R000000010/R000000011
R000000003/3.580247/0159/R000000008/R000000009
R000000002/3.978053/0024/R000000003
R000000014/1.000000/0000/Guesstimate
R000000013/2.222222/0285/R000000005/R000000014
R000000012/3.580247/0159/R000000013/R000000007
R000000016/1.000000/0000/Guesstimate
R000000015/2.222222/0279/R000000010/R000000016
R000000015/2.222222/0279/R000000010/R000000016
R000000012/3.580247/0159/R000000008/R000000015
R000000002/3.978053/0040/R000000012
M000000017/1.000000/0000/Sigma_BB-27944466
R000000001/5.531170/0029/R000000002/M000000017
R000000001/5.531170/0119/R000000002/M000000017
Q000000002/5.531170/0000/R000000001
Q000000003/4.420059/0000/R000000018
M000000021/1.000000/0000/Sigma_BB-247508405
R000000020/1.111111/0153/M000000021
M000000023/1.000000/0000/Sigma_BB-30432580
R000000022/1.111111/0302/M000000023
R000000020/1.234568/0193/R000000022
R000000026/1.000000/0000/Guesstimate
R000000027/1.000000/0000/Guesstimate
R000000025/2.222222/0112/R000000026/R000000027
R000000028/1.000000/0000/Guesstimate
R000000029/1.000000/0000/Guesstimate
R000000025/2.222222/0112/R000000028/R000000029
R000000024/2.469136/0147/R000000025
R000000031/1.000000/0000/Guesstimate
R000000032/1.000000/0000/Guesstimate
R000000030/2.222222/0301/R000000031/R000000032
R000000030/2.222222/0301/R000000031/R000000032
R000000024/2.469136/0188/R000000030
R000000019/3.978053/0231/R000000020/R000000024
M000000035/1.000000/0000/Sigma_BB-184570616
R000000034/3.580247/0231/M000000035/R000000025
R000000033/3.978053/0147/R000000034
M000000037/1.000000/0000/Sigma_BB-28416257
R000000036/3.854596/0231/M000000037/R000000024
R000000033/4.282884/0222/R000000036
R000000019/4.420059/0239/R000000033
R000000018/4.420059/0039/R000000019
R000000039/1.111111/0197/M000000021
M000000040/1.000000/0000/Sigma_BB-27114063
R000000039/1.111111/0222/M000000040
R000000043/1.000000/0000/Guesstimate
R000000042/2.222222/0277/R000000043/R000000032
R000000044/1.000000/0000/Guesstimate
R000000042/2.222222/0301/R000000044/R000000032
R000000041/2.469136/0039/R000000042
R000000046/1.000000/0000/Guesstimate
R000000047/1.000000/0000/Guesstimate
R000000045/2.222222/0003/R000000046/R000000047
R000000048/1.000000/0000/Guesstimate
R000000049/1.000000/0000/Guesstimate
R000000045/2.222222/0112/R000000048/R000000049
R000000041/2.469136/0059/R000000045
R000000038/3.978053/0112/R000000039/R000000041
R000000052/1.000000/0000/Guesstimate
R000000053/1.000000/0000/Guesstimate
R000000051/2.222222/0181/R000000052/R000000053
R000000051/2.222222/0285/R000000052/R000000053
R000000054/1.000000/0000/Guesstimate
R000000050/3.580247/0159/R000000051/R000000054
R000000056/1.000000/0000/Guesstimate
R000000057/1.000000/0000/Guesstimate
R000000055/2.222222/0279/R000000056/R000000057
R000000055/2.222222/0279/R000000056/R000000057
R000000058/1.000000/0000/Guesstimate
R000000050/3.580247/0159/R000000055/R000000058
R000000061/1.000000/0000/Guesstimate
R000000060/1.111111/0228/R000000061
R000000060/1.111111/0286/R000000061
R000000059/1.234568/0039/R000000060
R000000063/1.000000/0000/Guesstimate
R000000062/1.111111/0040/R000000063
R000000064/1.000000/0000/Guesstimate
R000000065/1.000000/0000/Guesstimate
R000000062/2.222222/0004/R000000064/R000000065
R000000066/1.000000/0000/Guesstimate
R000000059/2.345679/0119/R000000062/R000000066
R000000038/5.349795/0112/R000000050/R000000059
R000000018/4.420059/0099/R000000038
<NEXT>