#
#  Reaction log file
#  Author: LigBuilder V3 User_Diana
#  Creation time: Sat Feb 28 19:10:51 2026
#  Format:
#  QueryMoleculeId/Cost/SynthesizeId/ReactantId1/ReactantId2/ReactantId3.....
#  Id prefix:
#  Q --- Query Molecule
#  M --- Material
#  R --- Reactant
#
Directory      result/synthesize_HsDHODH/238/DATABASE/
#
Q000000001/3.978053/0000/R000000001
M000000003/1.000000/0000/Sigma_BB-28766596
R000000005/1.000000/0000/Guesstimate
R000000006/1.000000/0000/Guesstimate
R000000004/2.222222/0004/R000000005/R000000006
R000000008/1.000000/0000/Guesstimate
R000000009/1.000000/0000/Guesstimate
R000000007/2.222222/0122/R000000008/R000000009
R000000010/1.000000/0000/Guesstimate
R000000011/1.000000/0000/Guesstimate
R000000007/2.222222/0181/R000000010/R000000011
R000000004/2.469136/0024/R000000007
R000000002/3.580247/0142/M000000003/R000000004
R000000013/1.000000/0000/Guesstimate
R000000012/2.222222/0012/M000000003/R000000013
R000000014/2.222222/0012/M000000003/R000000010
R000000014/2.222222/0146/M000000003/R000000010
R000000012/2.469136/0024/R000000014
R000000002/3.580247/0181/R000000012/R000000011
R000000001/3.978053/0024/R000000002
M000000017/1.000000/0000/Sigma_BB-28198806
R000000016/2.222222/0012/M000000017/R000000010
R000000016/2.469136/0024/R000000014
R000000015/3.580247/0181/R000000016/R000000011
M000000018/1.000000/0000/Sigma_BB-28756834
R000000021/1.000000/0000/Guesstimate
R000000020/3.580247/0277/R000000021/R000000007
R000000019/3.978053/0150/R000000020
R000000023/1.000000/0000/Guesstimate
R000000022/3.580247/0285/R000000023/R000000004
R000000024/1.000000/0000/Guesstimate
R000000019/5.089163/0119/R000000022/R000000024
R000000015/5.531170/0231/M000000018/R000000019
R000000001/3.978053/0024/R000000015
Q000000002/3.978053/0000/R000000001
Q000000003/4.130468/0000/R000000025
M000000029/1.000000/0000/Sigma_BB-28836672
R000000028/1.111111/0009/M000000029
M000000031/1.000000/0000/Sigma_BB-28521633
R000000032/1.000000/0000/Guesstimate
R000000030/2.222222/0112/M000000031/R000000032
R000000034/1.000000/0000/Guesstimate
R000000033/2.222222/0004/M000000031/R000000034
R000000030/2.469136/0009/R000000033
R000000028/2.469136/0024/R000000030
R000000027/2.345679/0012/R000000028/R000000010
R000000035/3.580247/0012/R000000030/R000000010
R000000035/3.580247/0146/R000000030/R000000010
R000000027/3.978053/0024/R000000035
R000000026/3.717421/0181/R000000027/R000000011
M000000038/1.000000/0000/Sigma_BB-27340854
R000000037/2.222222/0012/M000000038/R000000010
R000000037/2.222222/0146/M000000038/R000000010
R000000036/3.580247/0181/R000000037/R000000011
R000000039/3.580247/0142/M000000038/R000000004
M000000040/1.000000/0000/Sigma_BB-27944466
R000000039/5.089163/0231/M000000040/R000000022
R000000036/5.089163/0119/R000000039/R000000024
R000000026/3.978053/0213/R000000036
R000000025/4.130468/0024/R000000026
R000000041/4.938272/0142/R000000030/R000000004
R000000042/3.580247/0012/R000000030/R000000013
R000000042/3.978053/0024/R000000035
R000000041/5.089163/0181/R000000042/R000000011
R000000025/5.486969/0024/R000000041
<NEXT>