#
#  Reaction log file
#  Author: LigBuilder V3 User_Diana
#  Creation time: Sat Feb 28 19:09:54 2026
#  Format:
#  QueryMoleculeId/Cost/SynthesizeId/ReactantId1/ReactantId2/ReactantId3.....
#  Id prefix:
#  Q --- Query Molecule
#  M --- Material
#  R --- Reactant
#
Directory      result/synthesize_HsDHODH/218/DATABASE/
#
Q000000001/4.572474/0000/R000000001
R000000005/1.000000/0000/Guesstimate
R000000006/1.000000/0000/Guesstimate
R000000004/2.222222/0279/R000000005/R000000006
R000000004/2.222222/0279/R000000005/R000000006
R000000003/2.469136/0082/R000000004
R000000008/1.000000/0000/Guesstimate
R000000007/2.222222/0279/R000000008/R000000006
R000000007/2.222222/0279/R000000008/R000000006
R000000009/1.000000/0000/Guesstimate
R000000003/3.580247/0112/R000000007/R000000009
M000000012/1.000000/0000/Sigma_BB-54918344
R000000011/1.111111/0239/M000000012
R000000010/1.234568/0009/R000000011
R000000013/1.000000/0000/Guesstimate
R000000014/1.000000/0000/Guesstimate
R000000010/2.222222/0003/R000000013/R000000014
R000000002/4.115227/0159/R000000003/R000000010
R000000017/1.000000/0000/Guesstimate
R000000016/3.854596/0159/R000000003/R000000017
R000000015/4.282884/0153/R000000016
R000000019/1.000000/0000/Guesstimate
R000000018/3.854596/0159/R000000003/R000000019
R000000015/4.282884/0154/R000000018
R000000020/1.000000/0000/Guesstimate
R000000002/5.869872/0231/R000000015/R000000020
R000000001/4.572474/0197/R000000002
R000000021/4.758760/0197/R000000015
R000000021/10.000000/0287/R000000022
R000000001/6.398623/0231/R000000021/R000000020
Q000000002/4.572474/0000/R000000001
Q000000003/8.128843/0000/R000000023
R000000027/1.000000/0000/Guesstimate
R000000028/1.000000/0000/Guesstimate
R000000026/2.222222/0003/R000000027/R000000028
R000000030/1.000000/0000/Guesstimate
R000000029/2.222222/0004/R000000027/R000000030
R000000031/1.000000/0000/Guesstimate
R000000032/1.000000/0000/Guesstimate
R000000029/3.333333/0225/R000000027/R000000031/R000000032
R000000033/1.000000/0000/Guesstimate
R000000026/3.580247/0003/R000000029/R000000033
R000000025/2.469136/0099/R000000026
R000000036/1.000000/0000/Guesstimate
R000000035/1.111111/0293/R000000036
R000000035/2.469136/0197/R000000029
R000000037/1.000000/0000/Guesstimate
R000000034/2.345679/0095/R000000035/R000000037
R000000038/1.000000/0000/Guesstimate
R000000034/2.345679/0122/R000000035/R000000038
R000000025/2.606310/0059/R000000034
M000000042/1.000000/0000/Sigma_BB-28764950
R000000041/1.111111/0085/M000000042
R000000044/1.000000/0000/Guesstimate
M000000045/1.000000/0000/Sigma_BB-187184384
R000000043/2.222222/0004/R000000044/M000000045
R000000040/3.703704/0212/R000000041/R000000043
R000000040/3.703704/0212/R000000041/R000000043
R000000039/4.115227/0197/R000000040
R000000024/7.315959/0170/R000000025/R000000039
R000000047/1.000000/0000/Guesstimate
R000000046/2.345679/0122/R000000035/R000000047
R000000049/2.345679/0003/R000000035/R000000013
M000000051/1.000000/0000/Sigma_BB-28721388
R000000050/3.580247/0212/R000000029/M000000051
R000000050/3.580247/0212/R000000029/M000000051
R000000049/3.978053/0009/R000000050
R000000048/2.606310/0041/R000000049
R000000052/1.000000/0000/Guesstimate
R000000048/3.580247/0212/R000000029/R000000052
R000000046/2.895900/0139/R000000048
R000000054/1.000000/0000/Guesstimate
R000000055/4.115227/0153/R000000040
R000000053/5.683586/0170/R000000054/R000000055
R000000056/1.000000/0000/Guesstimate
R000000053/5.683586/0170/R000000056/R000000039
R000000024/8.921405/0279/R000000046/R000000053
R000000023/8.128843/0028/R000000024
R000000058/3.703704/0212/R000000029/R000000041
R000000058/3.703704/0212/R000000029/R000000041
M000000061/1.000000/0000/Sigma_BB-28838980
R000000060/1.111111/0082/M000000061
R000000062/1.000000/0000/Guesstimate
R000000063/1.000000/0000/Guesstimate
R000000060/2.222222/0170/R000000062/R000000063
R000000064/2.469136/0197/R000000043
R000000065/7.900000/0000/Guesstimate
R000000064/8.777778/0155/R000000065
R000000059/3.978053/0122/R000000060/R000000064
R000000059/9.511110/0122/R000000060/R000000064
R000000057/8.535285/0212/R000000058/R000000059
R000000066/5.349795/0212/R000000058/R000000060
R000000066/5.349795/0212/R000000058/R000000060
R000000057/8.687701/0122/R000000066/R000000064
R000000023/9.483650/0028/R000000057
<NEXT>