#
#  Reaction log file
#  Author: LigBuilder V3 User_Diana
#  Creation time: Sat Feb 28 19:07:16 2026
#  Format:
#  QueryMoleculeId/Cost/SynthesizeId/ReactantId1/ReactantId2/ReactantId3.....
#  Id prefix:
#  Q --- Query Molecule
#  M --- Material
#  R --- Reactant
#
Directory      result/synthesize_HsDHODH/109/DATABASE/
#
Q000000001/2.469136/0000/R000000001
M000000003/1.000000/0000/Sigma_BB-247508405
R000000004/1.000000/0000/Guesstimate
R000000002/2.222222/0003/M000000003/R000000004
R000000005/1.111111/0091/M000000003
R000000007/1.000000/0000/Guesstimate
R000000008/1.000000/0000/Guesstimate
R000000006/2.222222/0181/R000000007/R000000008
R000000006/2.222222/0285/R000000007/R000000008
R000000009/1.000000/0000/Guesstimate
R000000005/3.580247/0159/R000000006/R000000009
R000000010/1.000000/0000/Guesstimate
R000000002/2.345679/0112/R000000005/R000000010
R000000001/2.469136/0099/R000000002
R000000012/1.234568/0079/R000000005
R000000013/1.000000/0000/Guesstimate
R000000012/2.345679/0112/R000000005/R000000013
R000000014/1.000000/0000/Guesstimate
R000000011/2.482853/0012/R000000012/R000000014
R000000016/1.111111/0153/M000000003
M000000017/1.000000/0000/Sigma_BB-27087339
R000000016/1.111111/0222/M000000017
R000000018/1.000000/0000/Guesstimate
R000000015/2.345679/0231/R000000016/R000000018
R000000019/2.222222/0231/M000000017/R000000018
R000000015/2.469136/0222/R000000019
R000000011/2.606310/0082/R000000015
R000000001/2.758726/0059/R000000011
Q000000002/4.130468/0000/R000000020
M000000024/1.000000/0000/Sigma_BB-137126040
R000000023/1.111111/0302/M000000024
R000000023/1.234568/0287/R000000016
R000000025/1.000000/0000/Guesstimate
R000000022/2.345679/0231/R000000023/R000000025
R000000026/2.758726/0287/R000000011
R000000022/3.065251/0147/R000000026
R000000027/1.000000/0000/Guesstimate
R000000021/3.717421/0112/R000000022/R000000027
R000000029/1.371742/0287/R000000012
R000000030/1.000000/0000/Guesstimate
R000000028/2.635269/0003/R000000029/R000000030
R000000031/2.482853/0174/R000000012/R000000027
R000000031/2.482853/0289/R000000012/R000000027
R000000032/1.000000/0000/Guesstimate
R000000028/3.869837/0049/R000000031/R000000032
R000000033/1.000000/0000/Guesstimate
R000000021/4.039188/0122/R000000028/R000000033
R000000020/4.130468/0041/R000000021
R000000036/2.222222/0174/M000000003/R000000027
R000000036/2.758726/0040/R000000031
R000000035/2.469136/0041/R000000036
R000000037/2.758726/0041/R000000031
R000000037/2.758726/0233/R000000031
R000000035/3.065251/0040/R000000037
R000000034/3.854596/0003/R000000035/R000000033
R000000039/2.469136/0091/R000000036
R000000040/1.000000/0000/Guesstimate
R000000039/3.580247/0159/R000000006/R000000040
R000000038/2.743484/0041/R000000039
R000000038/2.743484/0091/R000000035
R000000041/1.000000/0000/Guesstimate
R000000034/4.159427/0112/R000000038/R000000041
R000000020/4.282884/0099/R000000034
Q000000003/1.371742/0000/R000000042
R000000042/1.371742/0041/R000000012
M000000046/1.000000/0000/Sigma_BB-28847164
R000000045/1.111111/0302/M000000046
R000000044/1.234568/0013/R000000045
R000000047/1.234568/0114/R000000045
R000000048/1.000000/0000/Guesstimate
R000000044/2.482853/0274/R000000047/R000000048
R000000043/1.371742/0104/R000000044
R000000043/1.371742/0104/R000000044
R000000042/1.524158/0160/R000000043
<NEXT>