#
#  Reaction log file
#  Author: LigBuilder V3 User_Diana
#  Creation time: Sat Feb 28 19:12:02 2026
#  Format:
#  QueryMoleculeId/Cost/SynthesizeId/ReactantId1/ReactantId2/ReactantId3.....
#  Id prefix:
#  Q --- Query Molecule
#  M --- Material
#  R --- Reactant
#
Directory      result/synthesize_HsDHODH/273/DATABASE/
#
Q000000001/5.791801/0000/R000000001
R000000005/1.000000/0000/Guesstimate
R000000006/1.000000/0000/Guesstimate
R000000004/2.222222/0279/R000000005/R000000006
R000000004/2.222222/0279/R000000005/R000000006
M000000007/1.000000/0000/Sigma_BB-28762337
R000000003/3.580247/0159/R000000004/M000000007
R000000002/3.978053/0197/R000000003
R000000010/1.000000/0000/Guesstimate
R000000009/1.111111/0125/R000000010
R000000011/1.000000/0000/Guesstimate
R000000009/2.222222/0112/R000000011/R000000010
R000000008/1.234568/0041/R000000009
R000000008/1.234568/0233/R000000009
R000000001/5.791801/0169/R000000002/R000000008
R000000015/1.000000/0000/Guesstimate
R000000016/1.000000/0000/Guesstimate
R000000014/2.222222/0158/R000000015/R000000016
R000000014/2.222222/0158/R000000015/R000000016
R000000013/2.469136/0188/R000000014
R000000018/1.000000/0000/Guesstimate
R000000017/2.222222/0158/R000000018/R000000016
R000000017/2.222222/0158/R000000018/R000000016
R000000013/2.469136/0188/R000000017
R000000012/2.743484/0160/R000000013
R000000021/1.000000/0000/Guesstimate
R000000022/1.000000/0000/Guesstimate
R000000020/2.222222/0159/R000000021/R000000022
R000000023/8.600000/0000/Guesstimate
R000000020/9.555556/0164/R000000023
R000000019/2.469136/0040/R000000020
R000000025/1.000000/0000/Guesstimate
R000000026/1.000000/0000/Guesstimate
R000000024/2.222222/0012/R000000025/R000000026
R000000027/1.000000/0000/Guesstimate
R000000024/2.222222/0112/R000000011/R000000027
R000000019/3.580247/0159/R000000021/R000000024
R000000012/2.743484/0197/R000000019
R000000031/1.000000/0000/Guesstimate
R000000030/2.482853/0275/R000000031/R000000008
R000000032/1.000000/0000/Guesstimate
R000000030/2.482853/0282/R000000032/R000000008
R000000029/2.758726/0024/R000000030
R000000034/1.000000/0000/Guesstimate
R000000033/2.482853/0275/R000000034/R000000008
R000000035/1.000000/0000/Guesstimate
R000000033/2.482853/0282/R000000035/R000000008
R000000029/2.758726/0040/R000000033
R000000028/3.065251/0091/R000000029
M000000038/1.000000/0000/Sigma_BB-28427694
R000000037/1.111111/0065/M000000038
M000000039/1.000000/0000/Sigma_BB-27739247
R000000037/1.111111/0073/M000000039
R000000040/1.371742/0155/R000000008
R000000036/2.758726/0274/R000000037/R000000040
R000000042/1.000000/0000/Guesstimate
R000000041/2.482853/0275/R000000042/R000000008
R000000041/3.065251/0197/R000000029
R000000043/1.000000/0000/Guesstimate
R000000036/3.869837/0112/R000000041/R000000043
R000000028/3.065251/0197/R000000036
R000000001/6.454151/0175/R000000012/R000000028
Q000000002/5.791801/0000/R000000001
Q000000003/5.791801/0000/R000000001
Q000000004/5.791801/0000/R000000001
<NEXT>