#
#  Reaction log file
#  Author: LigBuilder V3 User_Diana
#  Creation time: Sat Feb 28 19:09:30 2026
#  Format:
#  QueryMoleculeId/Cost/SynthesizeId/ReactantId1/ReactantId2/ReactantId3.....
#  Id prefix:
#  Q --- Query Molecule
#  M --- Material
#  R --- Reactant
#
Directory      result/synthesize_HsDHODH/186/DATABASE/
#
Q000000001/2.469136/0000/R000000001
M000000003/1.000000/0000/Sigma_BB-28799070
R000000004/1.000000/0000/Guesstimate
R000000002/2.222222/0003/M000000003/R000000004
R000000006/1.111111/0093/M000000003
M000000007/1.000000/0000/Sigma_BB-28792515
R000000008/1.000000/0000/Guesstimate
R000000006/2.222222/0004/M000000007/R000000008
R000000005/1.234568/0085/R000000006
R000000009/1.000000/0000/Guesstimate
R000000005/2.222222/0004/M000000007/R000000009
R000000010/1.000000/0000/Guesstimate
R000000002/2.482853/0049/R000000005/R000000010
R000000001/2.469136/0099/R000000002
R000000012/1.000000/0000/Guesstimate
R000000011/2.345679/0003/R000000006/R000000012
R000000013/2.222222/0004/R000000008/R000000012
M000000015/1.000000/0000/Sigma_BB-28524129
R000000016/1.000000/0000/Guesstimate
R000000014/2.222222/0212/M000000015/R000000016
R000000014/2.222222/0212/M000000015/R000000016
R000000013/2.469136/0024/R000000014
R000000011/3.580247/0003/M000000007/R000000013
R000000001/2.606310/0099/R000000011
Q000000002/2.469136/0000/R000000001
Q000000003/Analysis Failed
Q000000004/Analysis Failed
<NEXT>