#
#  Reaction log file
#  Author: LigBuilder V3 User_Diana
#  Creation time: Sat Feb 28 19:08:27 2026
#  Format:
#  QueryMoleculeId/Cost/SynthesizeId/ReactantId1/ReactantId2/ReactantId3.....
#  Id prefix:
#  Q --- Query Molecule
#  M --- Material
#  R --- Reactant
#
Directory      result/synthesize_HsDHODH/167/DATABASE/
#
Q000000001/6.096632/0000/R000000001
R000000005/1.000000/0000/Guesstimate
R000000006/1.000000/0000/Guesstimate
R000000004/2.222222/0158/R000000005/R000000006
R000000004/2.222222/0158/R000000005/R000000006
R000000003/2.469136/0188/R000000004
R000000008/1.000000/0000/Guesstimate
R000000007/2.222222/0158/R000000008/R000000006
R000000007/2.222222/0158/R000000008/R000000006
R000000003/2.469136/0188/R000000007
R000000002/2.743484/0160/R000000003
R000000011/1.000000/0000/Guesstimate
R000000012/1.000000/0000/Guesstimate
R000000010/2.222222/0159/R000000011/R000000012
R000000013/8.600000/0000/Guesstimate
R000000010/9.555556/0164/R000000013
R000000009/2.469136/0040/R000000010
R000000015/1.000000/0000/Guesstimate
R000000016/1.000000/0000/Guesstimate
R000000014/2.222222/0012/R000000015/R000000016
R000000017/1.000000/0000/Guesstimate
R000000018/1.000000/0000/Guesstimate
R000000014/2.222222/0112/R000000017/R000000018
R000000009/3.580247/0159/R000000011/R000000014
R000000002/2.743484/0197/R000000009
R000000022/1.000000/0000/Guesstimate
R000000021/1.111111/0291/R000000022
M000000024/1.000000/0000/Sigma_BB-130314282
R000000023/1.111111/0228/M000000024
R000000023/1.111111/0286/M000000024
R000000021/1.234568/0197/R000000023
M000000026/1.000000/0000/Sigma_BB-28760650
R000000025/1.111111/0087/M000000026
R000000027/1.000000/0000/Guesstimate
R000000025/1.111111/0245/R000000027
R000000020/2.469136/0301/R000000021/R000000025
R000000020/2.469136/0301/R000000021/R000000025
R000000019/2.743484/0028/R000000020
M000000030/1.000000/0000/Sigma_BB-30582398
R000000031/1.000000/0000/Guesstimate
R000000029/2.222222/0001/M000000030/R000000031
R000000032/1.000000/0000/Guesstimate
R000000029/2.222222/0141/M000000030/R000000032
R000000028/2.469136/0086/R000000029
R000000028/2.469136/0091/R000000029
R000000019/2.743484/0041/R000000028
R000000001/6.096632/0174/R000000002/R000000019
R000000036/1.000000/0000/Guesstimate
R000000035/2.345679/0003/R000000025/R000000036
R000000037/1.000000/0000/Guesstimate
R000000035/2.345679/0301/R000000037/R000000025
R000000034/2.606310/0059/R000000035
R000000039/1.000000/0000/Guesstimate
R000000038/2.345679/0112/R000000039/R000000025
R000000034/2.606310/0147/R000000038
R000000033/5.944216/0174/R000000002/R000000034
R000000033/5.944216/0289/R000000002/R000000034
R000000001/6.604685/0188/R000000033
Q000000002/7.150372/0000/R000000040
R000000043/2.743484/0287/R000000009
R000000042/3.048316/0197/R000000043
R000000042/3.048316/0287/R000000002
M000000047/1.000000/0000/Sigma_BB-28764950
R000000046/1.111111/0197/M000000047
R000000045/2.469136/0003/R000000025/R000000046
R000000044/2.743484/0147/R000000045
R000000051/1.234568/0092/R000000025
R000000052/1.000000/0000/Guesstimate
R000000051/2.222222/0004/R000000036/R000000052
R000000050/1.371742/0093/R000000051
M000000053/1.000000/0000/Sigma_BB-28247348
R000000050/2.482853/0212/R000000051/M000000053
R000000049/2.758726/0212/R000000050/R000000046
R000000049/2.758726/0212/R000000050/R000000046
R000000054/1.000000/0000/Guesstimate
R000000048/4.176363/0112/R000000049/R000000054
R000000044/4.640403/0197/R000000048
R000000041/6.435334/0112/R000000042/R000000044
R000000056/4.159427/0174/R000000002/R000000054
R000000056/4.159427/0289/R000000002/R000000054
R000000055/4.621586/0197/R000000056
R000000041/8.200347/0112/R000000055/R000000049
R000000040/7.150372/0028/R000000041
R000000059/2.345679/0004/R000000036/R000000025
R000000060/1.000000/0000/Guesstimate
R000000061/1.000000/0000/Guesstimate
R000000059/3.456790/0225/R000000025/R000000060/R000000061
R000000058/3.840878/0212/R000000059/R000000023
R000000065/1.000000/0000/Guesstimate
R000000064/2.345679/0122/R000000065/R000000021
R000000063/2.606310/0198/R000000064
R000000066/2.469136/0112/R000000025/R000000021
R000000063/2.743484/0147/R000000066
R000000062/4.007011/0112/R000000063/R000000054
R000000058/4.452235/0197/R000000062
R000000057/7.654661/0112/R000000042/R000000058
R000000057/8.030995/0112/R000000055/R000000063
R000000040/8.505178/0028/R000000057
Q000000003/7.547615/0000/R000000067
R000000072/1.234568/0085/R000000046
R000000071/1.371742/0156/R000000072
R000000070/2.758726/0003/R000000025/R000000071
R000000069/3.065251/0147/R000000070
R000000074/2.606310/0093/R000000059
R000000074/3.717421/0212/R000000059/M000000053
R000000073/4.267642/0212/R000000074/R000000072
R000000073/4.267642/0212/R000000074/R000000072
R000000069/4.741825/0156/R000000073
R000000068/6.792853/0112/R000000042/R000000069
R000000075/3.048316/0212/R000000050/R000000071
R000000076/2.895900/0212/R000000050/R000000072
R000000076/2.895900/0212/R000000050/R000000072
R000000075/3.217667/0156/R000000076
R000000068/8.522114/0112/R000000055/R000000075
R000000067/7.547615/0028/R000000068
R000000079/2.895900/0197/R000000074
R000000080/1.000000/0000/Guesstimate
R000000079/3.717421/0212/R000000059/R000000080
R000000078/6.604685/0112/R000000042/R000000079
R000000081/1.524158/0197/R000000050
R000000081/2.482853/0212/R000000051/R000000080
R000000078/6.828604/0112/R000000055/R000000081
R000000082/1.371742/0153/R000000072
R000000083/1.234568/0087/R000000046
R000000083/1.371742/0086/R000000072
R000000082/1.371742/0154/R000000083
R000000077/8.862698/0301/R000000078/R000000082
R000000077/8.862698/0301/R000000078/R000000082
R000000067/9.847442/0028/R000000077
<NEXT>