#
#  Reaction log file
#  Author: LigBuilder V3 User_Diana
#  Creation time: Sat Feb 28 19:11:52 2026
#  Format:
#  QueryMoleculeId/Cost/SynthesizeId/ReactantId1/ReactantId2/ReactantId3.....
#  Id prefix:
#  Q --- Query Molecule
#  M --- Material
#  R --- Reactant
#
Directory      result/synthesize_HsDHODH/274/DATABASE/
#
Q000000001/5.791801/0000/R000000001
R000000005/1.000000/0000/Guesstimate
R000000006/1.000000/0000/Guesstimate
R000000004/2.222222/0279/R000000005/R000000006
R000000004/2.222222/0279/R000000005/R000000006
M000000007/1.000000/0000/Sigma_BB-28762337
R000000003/3.580247/0159/R000000004/M000000007
R000000002/3.978053/0197/R000000003
R000000010/1.000000/0000/Guesstimate
R000000009/1.111111/0125/R000000010
R000000011/1.000000/0000/Guesstimate
R000000009/2.222222/0112/R000000011/R000000010
R000000008/1.234568/0041/R000000009
R000000008/1.234568/0233/R000000009
R000000001/5.791801/0169/R000000002/R000000008
R000000015/1.000000/0000/Guesstimate
R000000016/1.000000/0000/Guesstimate
R000000014/2.222222/0158/R000000015/R000000016
R000000014/2.222222/0158/R000000015/R000000016
R000000013/2.469136/0188/R000000014
R000000018/1.000000/0000/Guesstimate
R000000017/2.222222/0158/R000000018/R000000016
R000000017/2.222222/0158/R000000018/R000000016
R000000013/2.469136/0188/R000000017
R000000012/2.743484/0160/R000000013
R000000021/1.000000/0000/Guesstimate
R000000022/1.000000/0000/Guesstimate
R000000020/2.222222/0159/R000000021/R000000022
R000000023/8.600000/0000/Guesstimate
R000000020/9.555556/0164/R000000023
R000000019/2.469136/0040/R000000020
R000000025/1.000000/0000/Guesstimate
R000000026/1.000000/0000/Guesstimate
R000000024/2.222222/0012/R000000025/R000000026
R000000027/1.000000/0000/Guesstimate
R000000024/2.222222/0112/R000000011/R000000027
R000000019/3.580247/0159/R000000021/R000000024
R000000012/2.743484/0197/R000000019
R000000031/1.000000/0000/Guesstimate
R000000030/2.482853/0275/R000000031/R000000008
R000000032/1.000000/0000/Guesstimate
R000000030/2.482853/0282/R000000032/R000000008
R000000029/2.758726/0024/R000000030
R000000034/1.000000/0000/Guesstimate
R000000033/2.482853/0275/R000000034/R000000008
R000000035/1.000000/0000/Guesstimate
R000000033/2.482853/0282/R000000035/R000000008
R000000029/2.758726/0040/R000000033
R000000028/3.065251/0091/R000000029
M000000038/1.000000/0000/Sigma_BB-28427694
R000000037/1.111111/0065/M000000038
M000000039/1.000000/0000/Sigma_BB-27739247
R000000037/1.111111/0073/M000000039
R000000040/1.371742/0155/R000000008
R000000036/2.758726/0274/R000000037/R000000040
R000000042/1.000000/0000/Guesstimate
R000000041/2.482853/0275/R000000042/R000000008
R000000041/3.065251/0197/R000000029
R000000043/1.000000/0000/Guesstimate
R000000036/3.869837/0112/R000000041/R000000043
R000000028/3.065251/0197/R000000036
R000000001/6.454151/0175/R000000012/R000000028
Q000000002/5.791801/0000/R000000001
Q000000003/6.149319/0000/R000000044
M000000050/1.000000/0000/Sigma_BB-154631898
R000000049/1.111111/0082/M000000050
M000000051/1.000000/0000/Sigma_BB-28760999
R000000049/2.222222/0119/M000000051/R000000035
R000000048/1.234568/0041/R000000049
R000000052/1.000000/0000/Guesstimate
R000000048/2.222222/0119/M000000051/R000000052
R000000047/1.371742/0114/R000000048
R000000053/1.000000/0000/Guesstimate
R000000046/2.635269/0004/R000000047/R000000053
R000000055/1.000000/0000/Guesstimate
R000000054/2.635269/0277/R000000047/R000000055
R000000056/1.000000/0000/Guesstimate
R000000054/2.635269/0301/R000000047/R000000056
R000000046/2.928077/0024/R000000054
M000000059/1.000000/0000/Sigma_BB-28764950
R000000058/1.111111/0085/M000000059
R000000060/1.000000/0000/Guesstimate
R000000057/2.345679/0212/R000000058/R000000060
R000000062/1.000000/0000/Guesstimate
R000000061/2.222222/0004/M000000059/R000000062
R000000061/2.222222/0277/M000000059/R000000062
R000000057/2.469136/0197/R000000061
R000000045/5.534387/0212/R000000046/R000000057
R000000064/2.482853/0175/R000000048/R000000031
R000000064/2.482853/0290/R000000048/R000000031
R000000063/2.758726/0024/R000000064
M000000066/1.000000/0000/Sigma_BB-28426396
R000000065/2.222222/0119/M000000066/R000000052
R000000067/1.000000/0000/Guesstimate
R000000068/1.000000/0000/Guesstimate
R000000065/3.333333/0261/M000000066/R000000067/R000000068
R000000069/1.000000/0000/Guesstimate
R000000063/3.580247/0004/R000000065/R000000069
M000000072/1.000000/0000/Sigma_BB-28701636
R000000071/1.111111/0100/M000000072
R000000073/1.000000/0000/Guesstimate
R000000071/2.222222/0004/R000000053/R000000073
R000000070/3.840878/0212/R000000057/R000000071
R000000070/3.840878/0212/R000000057/R000000071
R000000045/7.332894/0212/R000000063/R000000070
R000000044/6.149319/0028/R000000045
R000000075/2.345679/0212/R000000058/R000000060
R000000075/2.345679/0212/R000000058/R000000060
R000000074/5.534387/0212/R000000046/R000000075
R000000077/2.222222/0004/R000000042/R000000053
R000000076/5.075447/0212/R000000077/R000000075
R000000078/3.703704/0212/R000000077/R000000058
R000000078/3.703704/0212/R000000077/R000000058
R000000076/5.226338/0212/R000000078/R000000060
R000000074/7.011127/0175/R000000048/R000000076
R000000044/6.149319/0028/R000000074
<NEXT>