#
#  Reaction log file
#  Author: LigBuilder V3 User_Diana
#  Creation time: Sat Feb 28 19:11:30 2026
#  Format:
#  QueryMoleculeId/Cost/SynthesizeId/ReactantId1/ReactantId2/ReactantId3.....
#  Id prefix:
#  Q --- Query Molecule
#  M --- Material
#  R --- Reactant
#
Directory      result/synthesize_HsDHODH/262/DATABASE/
#
Q000000001/5.654626/0000/R000000001
R000000004/1.000000/0000/Guesstimate
M000000006/1.000000/0000/Sigma_BB-28777622
R000000005/1.111111/0091/M000000006
R000000007/1.000000/0000/Guesstimate
R000000008/1.000000/0000/Guesstimate
R000000005/2.222222/0112/R000000007/R000000008
R000000003/2.345679/0081/R000000004/R000000005
R000000009/2.222222/0081/M000000006/R000000004
R000000003/2.469136/0091/R000000009
R000000010/1.000000/0000/Guesstimate
R000000002/3.717421/0003/R000000003/R000000010
R000000012/2.606310/0197/R000000003
R000000012/2.606310/0197/R000000003
R000000013/1.000000/0000/Guesstimate
R000000011/4.007011/0004/R000000012/R000000013
R000000014/1.000000/0000/Guesstimate
R000000002/5.563346/0049/R000000011/R000000014
R000000018/1.000000/0000/Guesstimate
R000000017/1.111111/0288/R000000018
R000000016/1.234568/0295/R000000017
R000000015/1.371742/0239/R000000016
R000000019/1.234568/0239/R000000017
R000000015/1.371742/0295/R000000019
R000000001/5.654626/0112/R000000002/R000000015
M000000023/1.000000/0000/Sigma_BB-27581147
R000000022/2.222222/0081/M000000023/R000000004
R000000024/2.469136/0197/R000000009
R000000025/1.000000/0000/Guesstimate
R000000024/4.007011/0275/R000000012/R000000025
R000000022/3.854596/0112/R000000024/R000000007
R000000021/2.469136/0091/R000000022
R000000021/4.007011/0112/R000000012/R000000007
R000000020/4.267642/0112/R000000021/R000000015
R000000026/4.115227/0112/R000000021/R000000016
R000000020/4.572474/0239/R000000026
R000000027/1.000000/0000/Guesstimate
R000000001/5.852936/0122/R000000020/R000000027
Q000000002/5.654626/0000/R000000001
Q000000003/5.654626/0000/R000000001
<NEXT>