#
#  Reaction log file
#  Author: LigBuilder V3 User_Diana
#  Creation time: Sat Feb 28 19:09:40 2026
#  Format:
#  QueryMoleculeId/Cost/SynthesizeId/ReactantId1/ReactantId2/ReactantId3.....
#  Id prefix:
#  Q --- Query Molecule
#  M --- Material
#  R --- Reactant
#
Directory      result/synthesize_HsDHODH/185/DATABASE/
#
Q000000001/2.469136/0000/R000000001
M000000003/1.000000/0000/Sigma_BB-28799070
R000000004/1.000000/0000/Guesstimate
R000000002/2.222222/0003/M000000003/R000000004
R000000007/1.111111/0091/M000000003
R000000006/1.234568/0092/R000000007
M000000008/1.000000/0000/Sigma_BB-28792515
R000000009/1.000000/0000/Guesstimate
R000000006/2.222222/0004/M000000008/R000000009
R000000005/1.371742/0085/R000000006
R000000010/1.000000/0000/Guesstimate
R000000005/2.222222/0004/M000000008/R000000010
R000000011/1.000000/0000/Guesstimate
R000000002/2.635269/0049/R000000005/R000000011
R000000001/2.469136/0099/R000000002
R000000013/1.234568/0079/R000000007
R000000015/1.000000/0000/Guesstimate
R000000014/2.222222/0004/M000000008/R000000015
R000000013/2.469136/0009/R000000014
R000000016/1.000000/0000/Guesstimate
R000000012/2.482853/0012/R000000013/R000000016
R000000018/1.111111/0153/M000000003
M000000019/1.000000/0000/Sigma_BB-28799270
R000000018/1.111111/0193/M000000019
R000000020/1.000000/0000/Guesstimate
R000000017/2.345679/0231/R000000018/R000000020
R000000021/2.482853/0142/R000000013/R000000009
M000000022/1.000000/0000/Sigma_BB-28247348
R000000021/2.482853/0206/R000000013/M000000022
R000000017/2.758726/0091/R000000021
R000000012/2.606310/0079/R000000017
R000000001/2.758726/0059/R000000012
Q000000002/2.469136/0000/R000000001
Q000000003/2.469136/0000/R000000023
R000000025/1.000000/0000/Guesstimate
R000000024/2.222222/0003/M000000003/R000000025
R000000026/1.000000/0000/Guesstimate
R000000024/2.635269/0049/R000000005/R000000026
R000000023/2.469136/0099/R000000024
R000000028/1.000000/0000/Guesstimate
R000000027/2.482853/0003/R000000006/R000000028
R000000029/2.222222/0004/R000000009/R000000028
M000000031/1.000000/0000/Sigma_BB-28524129
R000000032/1.000000/0000/Guesstimate
R000000030/2.222222/0212/M000000031/R000000032
R000000030/2.222222/0212/M000000031/R000000032
R000000029/2.469136/0024/R000000030
R000000027/3.580247/0003/M000000008/R000000029
R000000023/2.758726/0099/R000000027
<NEXT>