#
#  Reaction log file
#  Author: LigBuilder V3 User_Diana
#  Creation time: Sat Feb 28 19:11:58 2026
#  Format:
#  QueryMoleculeId/Cost/SynthesizeId/ReactantId1/ReactantId2/ReactantId3.....
#  Id prefix:
#  Q --- Query Molecule
#  M --- Material
#  R --- Reactant
#
Directory      result/synthesize_HsDHODH/275/DATABASE/
#
Q000000001/4.130468/0000/R000000001
M000000005/1.000000/0000/Sigma_BB-154631898
R000000004/1.111111/0082/M000000005
M000000006/1.000000/0000/Sigma_BB-28760999
R000000007/1.000000/0000/Guesstimate
R000000004/2.222222/0119/M000000006/R000000007
R000000008/1.000000/0000/Guesstimate
R000000003/2.345679/0175/R000000004/R000000008
R000000003/2.345679/0290/R000000004/R000000008
R000000009/1.000000/0000/Guesstimate
R000000002/3.717421/0122/R000000003/R000000009
R000000012/2.222222/0175/M000000006/R000000008
M000000013/1.000000/0000/Sigma_BB-243601375
R000000014/1.000000/0000/Guesstimate
R000000012/2.222222/0212/M000000013/R000000014
R000000015/1.000000/0000/Guesstimate
R000000011/3.580247/0095/R000000012/R000000015
R000000016/1.000000/0000/Guesstimate
R000000011/3.580247/0122/R000000012/R000000016
R000000010/3.978053/0041/R000000011
R000000018/1.000000/0000/Guesstimate
R000000017/3.580247/0112/R000000012/R000000018
R000000010/3.978053/0099/R000000017
R000000002/5.531170/0119/R000000010/R000000007
R000000001/4.130468/0041/R000000002
R000000020/2.606310/0041/R000000003
R000000021/1.000000/0000/Guesstimate
R000000020/3.580247/0119/R000000012/R000000021
R000000019/4.007011/0095/R000000020/R000000015
R000000023/2.606310/0118/R000000003
R000000024/1.000000/0000/Guesstimate
R000000023/3.717421/0112/R000000003/R000000024
R000000022/2.895900/0041/R000000023
R000000027/1.234568/0114/R000000004
R000000026/1.371742/0041/R000000027
R000000028/1.234568/0041/R000000004
R000000028/2.222222/0119/M000000006/R000000021
R000000026/1.371742/0114/R000000028
R000000029/1.000000/0000/Guesstimate
R000000025/2.635269/0301/R000000026/R000000029
R000000030/1.000000/0000/Guesstimate
R000000025/4.007011/0122/R000000020/R000000030
R000000022/2.928077/0082/R000000025
R000000019/4.328778/0012/R000000022/R000000030
R000000001/4.452235/0041/R000000019
Q000000002/4.130468/0000/R000000001
Q000000003/4.130468/0000/R000000001
<NEXT>