#
#  Reaction log file
#  Author: LigBuilder V3 User_Diana
#  Creation time: Sat Feb 28 19:11:34 2026
#  Format:
#  QueryMoleculeId/Cost/SynthesizeId/ReactantId1/ReactantId2/ReactantId3.....
#  Id prefix:
#  Q --- Query Molecule
#  M --- Material
#  R --- Reactant
#
Directory      result/synthesize_HsDHODH/266/DATABASE/
#
Q000000001/6.096632/0000/R000000001
R000000005/1.000000/0000/Guesstimate
R000000006/1.000000/0000/Guesstimate
R000000004/2.222222/0004/R000000005/R000000006
R000000007/1.000000/0000/Guesstimate
M000000008/1.000000/0000/Sigma_BB-28775379
R000000004/2.222222/0274/R000000007/M000000008
M000000010/1.000000/0000/Sigma_BB-28764950
R000000009/1.111111/0197/M000000010
R000000003/3.703704/0212/R000000004/R000000009
R000000003/3.703704/0212/R000000004/R000000009
M000000013/1.000000/0000/Sigma_BB-28807315
R000000012/1.111111/0125/M000000013
R000000014/1.000000/0000/Guesstimate
R000000012/2.222222/0112/R000000014/M000000013
R000000011/1.234568/0041/R000000012
M000000016/1.000000/0000/Sigma_BB-28766408
R000000017/1.000000/0000/Guesstimate
R000000015/2.222222/0003/M000000016/R000000017
M000000018/1.000000/0000/Sigma_BB-154401696
R000000015/2.222222/0112/M000000018/R000000014
R000000011/2.469136/0041/R000000015
R000000002/5.486969/0169/R000000003/R000000011
R000000020/1.234568/0197/R000000009
R000000019/2.482853/0004/R000000005/R000000020
R000000022/1.000000/0000/Guesstimate
R000000021/2.482853/0277/R000000022/R000000020
R000000019/2.758726/0024/R000000021
M000000025/1.000000/0000/Sigma_BB-28524129
R000000024/2.482853/0169/M000000025/R000000011
R000000026/1.000000/0000/Guesstimate
R000000027/1.000000/0000/Guesstimate
R000000024/3.593965/0225/R000000011/R000000026/R000000027
R000000023/2.758726/0024/R000000024
M000000029/1.000000/0000/Sigma_BB-28758672
R000000030/1.000000/0000/Guesstimate
R000000028/2.222222/0175/M000000029/R000000030
R000000031/1.000000/0000/Guesstimate
R000000028/2.482853/0275/R000000031/R000000011
R000000032/1.000000/0000/Guesstimate
R000000023/3.580247/0004/R000000028/R000000032
R000000002/5.823977/0212/R000000019/R000000023
R000000001/6.096632/0028/R000000002
M000000036/1.000000/0000/Sigma_BB-28830366
R000000035/1.111111/0085/M000000036
R000000034/3.703704/0212/R000000004/R000000035
R000000034/3.703704/0212/R000000004/R000000035
R000000033/5.486969/0169/R000000034/R000000011
R000000038/1.234568/0197/R000000035
R000000037/2.482853/0004/R000000005/R000000038
R000000039/2.482853/0277/R000000022/R000000038
R000000037/2.758726/0024/R000000039
R000000033/5.823977/0212/R000000037/R000000023
R000000001/6.096632/0028/R000000033
Q000000002/Analysis Failed
Q000000003/8.535286/0000/R000000040
R000000043/1.000000/0000/Guesstimate
R000000044/1.000000/0000/Guesstimate
R000000042/2.222222/0004/R000000043/R000000044
R000000041/2.469136/0009/R000000042
R000000047/1.000000/0000/Guesstimate
R000000048/1.000000/0000/Guesstimate
R000000046/2.222222/0285/R000000047/R000000048
R000000045/2.469136/0274/R000000046
R000000049/2.469136/0197/R000000042
R000000045/2.743484/0260/R000000049
R000000041/2.743484/0079/R000000045
R000000052/1.000000/0000/Guesstimate
R000000053/1.000000/0000/Guesstimate
R000000051/2.222222/0112/R000000052/R000000053
R000000054/2.222222/0001/R000000032/R000000006
R000000054/2.222222/0004/R000000052/R000000006
R000000055/1.000000/0000/Guesstimate
R000000051/3.580247/0042/R000000054/R000000055
R000000058/1.000000/0000/Guesstimate
R000000059/1.000000/0000/Guesstimate
R000000057/2.222222/0224/R000000058/R000000059
R000000056/2.469136/0122/R000000057
R000000060/9.100000/0198/R000000056
R000000060/9.100000/0298/R000000056
R000000056/9.300000/0139/R000000060
R000000050/5.212621/0279/R000000051/R000000056
R000000061/4.938272/0279/R000000051/R000000057
R000000064/1.000000/0000/Guesstimate
R000000063/2.222222/0003/R000000064/R000000017
M000000065/1.000000/0000/Sigma_BB-28968979
R000000063/2.222222/0049/M000000065/R000000006
R000000066/1.000000/0000/Guesstimate
R000000062/3.580247/0012/R000000063/R000000066
R000000062/3.580247/0279/R000000051/R000000058
R000000061/5.089163/0224/R000000062/R000000059
R000000050/5.486969/0122/R000000061
R000000040/8.535286/0012/R000000041/R000000050
M000000069/1.000000/0000/Sigma_BB-28247348
R000000068/3.854596/0206/R000000041/M000000069
R000000068/3.854596/0285/R000000041/R000000032
R000000067/5.393995/0001/R000000068/R000000006
R000000070/3.854596/0285/R000000041/R000000052
R000000070/4.282884/0091/R000000068
R000000067/5.393995/0004/R000000070/R000000006
R000000073/1.000000/0000/Guesstimate
M000000075/1.000000/0000/Sigma_BB-332390233
R000000074/1.111111/0260/M000000075
R000000076/1.000000/0000/Guesstimate
R000000074/1.111111/0283/R000000076
R000000072/2.345679/0277/R000000073/R000000074
R000000078/1.000000/0000/Guesstimate
R000000077/2.345679/0277/R000000078/R000000074
R000000072/2.606310/0295/R000000077
R000000071/2.606310/0099/R000000072
R000000081/1.000000/0000/Guesstimate
R000000080/3.854596/0279/R000000081/R000000056
R000000080/3.854596/0279/R000000081/R000000056
R000000079/4.282884/0288/R000000080
R000000082/1.371742/0118/R000000038
R000000082/2.482853/0112/R000000038/R000000014
R000000079/9.971743/0256/R000000082/R000000083
R000000071/4.758760/0028/R000000079
R000000040/8.889228/0042/R000000067/R000000071
<NEXT>