#
#  Reaction log file
#  Author: LigBuilder V3 User_Diana
#  Creation time: Sat Feb 28 19:05:40 2026
#  Format:
#  QueryMoleculeId/Cost/SynthesizeId/ReactantId1/ReactantId2/ReactantId3.....
#  Id prefix:
#  Q --- Query Molecule
#  M --- Material
#  R --- Reactant
#
Directory      result/synthesize_HsDHODH/38/DATABASE/
#
Q000000001/5.654626/0000/R000000001
M000000005/1.000000/0000/Sigma_BB-243714563
R000000006/1.000000/0000/Guesstimate
R000000004/2.222222/0274/M000000005/R000000006
R000000007/1.000000/0000/Guesstimate
R000000003/3.580247/0004/R000000004/R000000007
R000000008/2.222222/0004/R000000006/R000000007
R000000003/3.580247/0274/M000000005/R000000008
M000000009/1.000000/0000/Sigma_BB-28910948
R000000002/5.089163/0212/R000000003/M000000009
R000000002/5.089163/0212/R000000003/M000000009
R000000001/5.654626/0099/R000000002
M000000011/1.000000/0000/Sigma_BB-37467573
R000000013/3.580247/0212/R000000008/M000000009
R000000013/3.580247/0212/R000000008/M000000009
R000000012/3.978053/0099/R000000013
R000000012/3.978053/0099/R000000013
R000000010/5.531170/0274/M000000011/R000000012
R000000001/6.145744/0059/R000000010
Q000000002/1.234568/0000/R000000014
M000000016/1.000000/0000/Sigma_BB-27089270
R000000015/1.111111/0222/M000000016
M000000019/1.000000/0000/Sigma_BB-27586287
R000000018/1.111111/0222/M000000019
M000000020/1.000000/0000/Sigma_BB-27738265
R000000018/1.111111/0287/M000000020
R000000017/1.234568/0153/R000000018
M000000022/1.000000/0000/Sigma_BB-187212536
R000000021/1.111111/0287/M000000022
R000000021/1.234568/0091/R000000018
R000000017/1.234568/0154/R000000021
R000000015/1.371742/0239/R000000017
R000000014/1.234568/0222/R000000015
R000000026/1.000000/0000/Guesstimate
R000000027/1.000000/0000/Guesstimate
R000000025/2.222222/0158/R000000026/R000000027
R000000025/2.222222/0158/R000000026/R000000027
R000000024/2.469136/0188/R000000025
R000000029/1.000000/0000/Guesstimate
R000000028/2.222222/0158/R000000029/R000000027
R000000028/2.222222/0158/R000000029/R000000027
R000000024/2.469136/0188/R000000028
R000000023/2.743484/0239/R000000024
R000000031/2.743484/0155/R000000024
R000000030/3.048316/0239/R000000031
R000000032/1.000000/0000/Guesstimate
R000000023/4.498129/0274/R000000030/R000000032
R000000014/3.048316/0160/R000000023
Q000000003/1.234568/0000/R000000014
<NEXT>