#
#  Reaction log file
#  Author: LigBuilder V3 User_Diana
#  Creation time: Sat Feb 28 19:08:17 2026
#  Format:
#  QueryMoleculeId/Cost/SynthesizeId/ReactantId1/ReactantId2/ReactantId3.....
#  Id prefix:
#  Q --- Query Molecule
#  M --- Material
#  R --- Reactant
#
Directory      result/synthesize_HsDHODH/144/DATABASE/
#
Q000000001/Analysis Failed
Q000000002/3.048316/0000/R000000001
M000000005/1.000000/0000/Sigma_BB-28953385
R000000006/1.000000/0000/Guesstimate
R000000004/2.222222/0274/M000000005/R000000006
R000000003/2.469136/0144/R000000004
R000000002/2.743484/0082/R000000003
R000000008/1.111111/0287/M000000005
M000000009/1.000000/0000/Sigma_BB-28805551
R000000008/1.111111/0299/M000000009
R000000010/1.000000/0000/Guesstimate
R000000007/2.345679/0112/R000000008/R000000010
R000000012/1.000000/0000/Guesstimate
R000000011/2.222222/0174/M000000005/R000000012
R000000011/2.345679/0112/R000000008/R000000012
R000000007/2.469136/0147/R000000011
R000000013/1.000000/0000/Guesstimate
R000000002/3.717421/0049/R000000007/R000000013
R000000001/3.048316/0099/R000000002
R000000001/3.048316/0099/R000000002
Q000000003/3.048316/0000/R000000001
Q000000004/2.606310/0000/R000000014
M000000017/1.000000/0000/Sigma_BB-28840797
R000000016/1.111111/0299/M000000017
R000000016/1.111111/0299/M000000017
R000000018/1.000000/0000/Guesstimate
R000000015/2.345679/0231/R000000016/R000000018
R000000020/1.000000/0000/Guesstimate
R000000019/2.345679/0231/R000000016/R000000020
M000000022/1.000000/0000/Sigma_BB-187192930
R000000023/1.000000/0000/Guesstimate
R000000021/2.222222/0003/M000000022/R000000023
R000000021/2.222222/0175/M000000005/R000000012
R000000024/1.000000/0000/Guesstimate
R000000019/3.580247/0012/R000000021/R000000024
R000000015/2.606310/0147/R000000019
R000000014/2.606310/0082/R000000015
R000000026/1.000000/0000/Guesstimate
R000000025/2.222222/0004/M000000022/R000000026
R000000028/1.000000/0000/Guesstimate
R000000027/2.222222/0004/M000000022/R000000028
R000000030/1.000000/0000/Guesstimate
R000000029/2.222222/0175/M000000005/R000000030
R000000029/2.222222/0290/M000000005/R000000030
R000000027/2.469136/0024/R000000029
R000000025/2.469136/0085/R000000027
R000000014/3.580247/0049/R000000025/R000000024
<NEXT>