#
#  Reaction log file
#  Author: LigBuilder V3 User_Diana
#  Creation time: Sat Feb 28 19:10:42 2026
#  Format:
#  QueryMoleculeId/Cost/SynthesizeId/ReactantId1/ReactantId2/ReactantId3.....
#  Id prefix:
#  Q --- Query Molecule
#  M --- Material
#  R --- Reactant
#
Directory      result/synthesize_HsDHODH/228/DATABASE/
#
Q000000001/Analysis Failed
Q000000002/Analysis Failed
Q000000003/3.840878/0000/R000000001
R000000003/1.000000/0000/Guesstimate
R000000002/1.111111/0125/R000000003
R000000004/1.000000/0000/Guesstimate
R000000002/2.222222/0112/R000000003/R000000004
R000000006/1.000000/0000/Guesstimate
M000000008/1.000000/0000/Sigma_BB-28760249
R000000007/1.111111/0114/M000000008
M000000009/1.000000/0000/Sigma_BB-117837577
R000000007/1.111111/0155/M000000009
R000000005/2.345679/0003/R000000006/R000000007
R000000010/1.000000/0000/Guesstimate
M000000013/1.000000/0000/Sigma_BB-37467573
R000000012/1.111111/0054/M000000013
R000000014/1.000000/0000/Guesstimate
R000000012/2.345679/0004/R000000014/R000000007
R000000011/1.234568/0009/R000000012
R000000015/1.000000/0000/Guesstimate
M000000016/1.000000/0000/Sigma_BB-28426400
R000000011/2.222222/0003/R000000015/M000000016
R000000005/2.482853/0049/R000000010/R000000011
R000000001/3.840878/0012/R000000002/R000000005
R000000020/1.000000/0000/Guesstimate
R000000019/2.222222/0003/R000000003/R000000020
R000000018/2.469136/0099/R000000019
R000000022/1.000000/0000/Guesstimate
R000000021/2.222222/0256/R000000003/R000000022
R000000018/2.469136/0237/R000000021
R000000017/2.743484/0024/R000000018
R000000025/1.000000/0000/Guesstimate
R000000026/1.000000/0000/Guesstimate
R000000024/2.222222/0174/R000000025/R000000026
R000000024/2.222222/0289/R000000025/R000000026
R000000023/3.703704/0012/R000000002/R000000024
R000000027/2.345679/0285/R000000002/R000000025
R000000028/1.111111/0287/R000000026
R000000023/3.840878/0112/R000000027/R000000028
R000000017/4.115227/0025/R000000023
R000000001/4.282884/0003/R000000017/R000000007
Q000000004/3.840878/0000/R000000001
<NEXT>