#
#  Reaction log file
#  Author: LigBuilder V3 User_Diana
#  Creation time: Sat Feb 28 19:09:50 2026
#  Format:
#  QueryMoleculeId/Cost/SynthesizeId/ReactantId1/ReactantId2/ReactantId3.....
#  Id prefix:
#  Q --- Query Molecule
#  M --- Material
#  R --- Reactant
#
Directory      result/synthesize_HsDHODH/200/DATABASE/
#
Q000000001/7.517486/0000/R000000001
R000000006/1.000000/0000/Guesstimate
R000000007/1.000000/0000/Guesstimate
R000000005/2.222222/0012/R000000006/R000000007
R000000008/1.000000/0000/Guesstimate
R000000009/1.000000/0000/Guesstimate
R000000005/2.222222/0279/R000000008/R000000009
R000000010/1.000000/0000/Guesstimate
R000000004/3.580247/0159/R000000005/R000000010
R000000011/1.000000/0000/Guesstimate
R000000003/5.089163/0231/R000000004/R000000011
R000000003/5.089163/0231/R000000004/R000000011
R000000012/1.000000/0000/Guesstimate
R000000002/6.765737/0003/R000000003/R000000012
R000000016/1.000000/0000/Guesstimate
R000000015/2.222222/0012/R000000006/R000000016
R000000017/1.000000/0000/Guesstimate
R000000015/2.222222/0279/R000000008/R000000017
R000000014/3.580247/0159/R000000015/R000000010
R000000013/5.089163/0231/R000000014/R000000011
R000000018/1.000000/0000/Guesstimate
R000000002/6.765737/0112/R000000013/R000000018
R000000001/7.517486/0099/R000000002
R000000020/5.654626/0197/R000000003
R000000021/1.000000/0000/Guesstimate
R000000019/7.394029/0003/R000000020/R000000021
R000000023/1.000000/0000/Guesstimate
R000000022/6.765737/0112/R000000013/R000000023
R000000024/1.000000/0000/Guesstimate
R000000022/7.394029/0112/R000000020/R000000024
R000000026/1.000000/0000/Guesstimate
R000000025/2.222222/0004/R000000026/R000000012
M000000028/1.000000/0000/Sigma_BB-28516749
R000000029/1.000000/0000/Guesstimate
R000000027/2.222222/0170/M000000028/R000000029
R000000030/1.000000/0000/Guesstimate
R000000027/2.222222/0277/R000000030/R000000012
R000000025/2.469136/0024/R000000027
R000000019/9.986621/0049/R000000022/R000000025
R000000001/8.215589/0099/R000000019
Q000000002/2.743484/0000/R000000031
M000000034/1.000000/0000/Sigma_BB-184570616
R000000033/2.222222/0231/M000000034/R000000011
M000000036/1.000000/0000/Sigma_BB-28416257
R000000035/2.222222/0231/M000000036/R000000011
R000000033/2.469136/0222/R000000035
R000000032/2.469136/0125/R000000033
R000000032/3.580247/0112/R000000033/R000000024
R000000031/2.743484/0041/R000000032
R000000039/2.222222/0112/M000000034/R000000024
R000000040/8.500000/0000/Guesstimate
R000000039/9.444445/0082/R000000040
R000000038/2.469136/0041/R000000039
R000000042/1.000000/0000/Guesstimate
R000000041/3.580247/0159/R000000005/R000000042
R000000038/3.978053/0153/R000000041
R000000045/1.000000/0000/Guesstimate
R000000044/1.111111/0125/R000000045
R000000044/2.222222/0112/R000000045/R000000024
R000000043/1.234568/0040/R000000044
R000000047/1.000000/0000/Guesstimate
R000000046/2.222222/0004/R000000045/R000000047
R000000048/1.000000/0000/Guesstimate
R000000046/3.333333/0225/R000000045/R000000023/R000000048
R000000043/2.469136/0216/R000000046
R000000037/4.115227/0231/R000000038/R000000043
R000000031/4.572474/0153/R000000037
Q000000003/2.743484/0000/R000000031
<NEXT>