#
#  Reaction log file
#  Author: LigBuilder V3 User_Diana
#  Creation time: Sat Feb 28 19:09:21 2026
#  Format:
#  QueryMoleculeId/Cost/SynthesizeId/ReactantId1/ReactantId2/ReactantId3.....
#  Id prefix:
#  Q --- Query Molecule
#  M --- Material
#  R --- Reactant
#
Directory      result/synthesize_HsDHODH/201/DATABASE/
#
Q000000001/2.743484/0000/R000000001
M000000004/1.000000/0000/Sigma_BB-184570616
R000000005/1.000000/0000/Guesstimate
R000000003/2.222222/0231/M000000004/R000000005
M000000007/1.000000/0000/Sigma_BB-28416257
R000000006/2.222222/0231/M000000007/R000000005
R000000003/2.469136/0222/R000000006
R000000002/2.469136/0125/R000000003
R000000008/1.000000/0000/Guesstimate
R000000002/3.580247/0112/R000000003/R000000008
R000000001/2.743484/0041/R000000002
R000000011/2.222222/0112/M000000004/R000000008
R000000012/8.500000/0000/Guesstimate
R000000011/9.444445/0082/R000000012
R000000010/2.469136/0041/R000000011
R000000013/7.000000/0000/Guesstimate
R000000010/7.777778/0222/R000000013
R000000016/1.000000/0000/Guesstimate
R000000015/1.111111/0125/R000000016
R000000015/2.222222/0112/R000000016/R000000008
R000000014/1.234568/0040/R000000015
R000000018/1.000000/0000/Guesstimate
R000000017/2.222222/0004/R000000016/R000000018
R000000019/1.000000/0000/Guesstimate
R000000020/1.000000/0000/Guesstimate
R000000017/3.333333/0225/R000000016/R000000019/R000000020
R000000014/2.469136/0216/R000000017
R000000009/4.115227/0231/R000000010/R000000014
R000000001/4.572474/0153/R000000009
Q000000002/6.369664/0000/R000000021
R000000024/2.743484/0287/R000000002
R000000025/1.000000/0000/Guesstimate
R000000023/4.159427/0003/R000000024/R000000025
R000000026/3.854596/0174/R000000002/R000000008
R000000026/3.854596/0289/R000000002/R000000008
R000000027/1.000000/0000/Guesstimate
R000000023/5.393995/0049/R000000026/R000000027
R000000028/1.000000/0000/Guesstimate
R000000022/5.732697/0122/R000000023/R000000028
R000000022/5.732697/0122/R000000023/R000000028
R000000021/6.369664/0041/R000000022
R000000031/4.159427/0174/R000000001/R000000008
R000000031/4.282884/0041/R000000026
R000000030/4.621586/0040/R000000031
R000000032/4.282884/0040/R000000026
R000000030/4.758760/0041/R000000032
R000000029/6.246207/0003/R000000030/R000000028
R000000036/1.000000/0000/Guesstimate
R000000037/1.000000/0000/Guesstimate
R000000035/2.222222/0012/R000000036/R000000037
R000000038/1.000000/0000/Guesstimate
R000000039/1.000000/0000/Guesstimate
R000000035/2.222222/0279/R000000038/R000000039
R000000040/1.000000/0000/Guesstimate
R000000034/3.580247/0159/R000000035/R000000040
R000000033/5.089163/0231/R000000034/R000000005
R000000033/5.135096/0091/R000000030
R000000041/1.000000/0000/Guesstimate
R000000029/6.765737/0112/R000000033/R000000041
R000000021/6.940230/0099/R000000029
Q000000003/Analysis Failed
Q000000004/Analysis Failed
<NEXT>