#
#  Reaction log file
#  Author: LigBuilder V3 User_Diana
#  Creation time: Sat Feb 28 19:11:28 2026
#  Format:
#  QueryMoleculeId/Cost/SynthesizeId/ReactantId1/ReactantId2/ReactantId3.....
#  Id prefix:
#  Q --- Query Molecule
#  M --- Material
#  R --- Reactant
#
Directory      result/synthesize_HsDHODH/263/DATABASE/
#
Q000000001/6.145744/0000/R000000001
R000000006/1.000000/0000/Guesstimate
R000000007/1.000000/0000/Guesstimate
R000000005/2.222222/0012/R000000006/R000000007
R000000008/1.000000/0000/Guesstimate
R000000009/1.000000/0000/Guesstimate
R000000005/2.222222/0112/R000000008/R000000009
M000000010/1.000000/0000/Sigma_BB-239634287
R000000004/3.580247/0159/R000000005/M000000010
R000000003/3.978053/0222/R000000004
M000000012/1.000000/0000/Sigma_BB-28798587
R000000013/1.000000/0000/Guesstimate
R000000011/2.222222/0112/M000000012/R000000013
R000000014/1.000000/0000/Guesstimate
M000000015/1.000000/0000/Sigma_BB-28445293
R000000011/2.222222/0112/R000000014/M000000015
R000000003/4.938272/0159/R000000005/R000000011
R000000016/1.000000/0000/Guesstimate
R000000002/5.531170/0175/R000000003/R000000016
R000000002/5.531170/0290/R000000003/R000000016
R000000001/6.145744/0139/R000000002
M000000018/1.000000/0000/Sigma_BB-48767194
R000000017/5.531170/0175/R000000003/M000000018
R000000017/5.531170/0290/R000000003/M000000018
R000000001/6.145744/0150/R000000017
Q000000002/4.282884/0000/R000000019
R000000021/1.000000/0000/Guesstimate
R000000024/1.000000/0000/Guesstimate
M000000025/1.000000/0000/Sigma_BB-28758245
R000000023/2.222222/0224/R000000024/M000000025
R000000022/2.469136/0041/R000000023
R000000027/1.000000/0000/Guesstimate
R000000026/2.222222/0226/R000000024/R000000027
R000000022/2.469136/0147/R000000026
R000000020/3.854596/0159/R000000021/R000000022
R000000028/3.580247/0159/R000000021/R000000023
R000000029/2.222222/0159/R000000021/R000000024
R000000030/8.100000/0000/Guesstimate
R000000029/9.000001/0125/R000000030
R000000028/3.580247/0224/R000000029/M000000025
R000000020/3.978053/0041/R000000028
R000000019/4.282884/0040/R000000020
R000000033/1.000000/0000/Guesstimate
R000000032/2.222222/0012/R000000006/R000000033
R000000035/1.000000/0000/Guesstimate
R000000036/1.000000/0000/Guesstimate
R000000034/2.222222/0004/R000000035/R000000036
R000000037/1.000000/0000/Guesstimate
R000000038/1.000000/0000/Guesstimate
R000000034/2.222222/0122/R000000037/R000000038
R000000032/2.469136/0009/R000000034
R000000031/5.212621/0159/R000000032/R000000022
R000000041/1.000000/0000/Guesstimate
R000000040/2.222222/0224/R000000024/R000000041
R000000040/2.743484/0139/R000000022
R000000039/4.938272/0159/R000000032/R000000040
R000000042/3.580247/0159/R000000032/R000000024
R000000039/5.089163/0224/R000000042/R000000041
R000000031/5.486969/0198/R000000039
R000000019/5.791801/0024/R000000031
Q000000003/7.500552/0000/R000000043
R000000048/1.000000/0000/Guesstimate
R000000047/1.111111/0125/R000000048
R000000047/2.222222/0112/R000000048/R000000009
M000000049/1.000000/0000/Sigma_BB-29925614
R000000046/2.345679/0159/R000000047/M000000049
R000000051/1.000000/0000/Guesstimate
R000000052/1.000000/0000/Guesstimate
R000000050/2.222222/0112/R000000051/R000000052
R000000045/5.075447/0208/R000000046/R000000050
R000000045/5.075447/0209/R000000046/R000000050
R000000053/1.000000/0000/Guesstimate
R000000044/6.750496/0142/R000000045/R000000053
M000000054/1.000000/0000/Sigma_BB-27510527
R000000044/6.750496/0206/R000000045/M000000054
R000000043/7.500552/0059/R000000044
R000000057/2.606310/0040/R000000046
R000000059/1.000000/0000/Guesstimate
R000000060/1.000000/0000/Guesstimate
R000000058/2.222222/0279/R000000059/R000000060
R000000058/2.222222/0279/R000000059/R000000060
R000000057/3.580247/0159/R000000058/M000000049
R000000062/1.000000/0000/Guesstimate
R000000061/2.222222/0112/R000000062/R000000052
R000000061/2.469136/0059/R000000050
R000000056/5.365036/0208/R000000057/R000000061
R000000056/5.365036/0209/R000000057/R000000061
R000000055/7.072262/0001/R000000056/R000000053
R000000063/1.000000/0000/Guesstimate
R000000055/7.072262/0003/R000000056/R000000063
R000000043/7.858069/0099/R000000055
<NEXT>