#
#  Reaction log file
#  Author: LigBuilder V3 User_Diana
#  Creation time: Sat Feb 28 19:10:08 2026
#  Format:
#  QueryMoleculeId/Cost/SynthesizeId/ReactantId1/ReactantId2/ReactantId3.....
#  Id prefix:
#  Q --- Query Molecule
#  M --- Material
#  R --- Reactant
#
Directory      result/synthesize_HsDHODH/216/DATABASE/
#
Q000000001/Analysis Failed
Q000000002/Analysis Failed
Q000000003/Analysis Failed
Q000000004/6.642281/0000/R000000001
R000000004/1.000000/0000/Guesstimate
R000000006/1.000000/0000/Guesstimate
R000000007/1.000000/0000/Guesstimate
R000000005/2.222222/0279/R000000006/R000000007
R000000005/2.222222/0279/R000000006/R000000007
R000000003/3.580247/0159/R000000004/R000000005
R000000010/1.000000/0000/Guesstimate
R000000009/2.222222/0279/R000000010/R000000007
R000000009/2.222222/0279/R000000010/R000000007
R000000008/2.469136/0082/R000000009
R000000012/1.000000/0000/Guesstimate
R000000011/2.222222/0279/R000000012/R000000007
R000000011/2.222222/0279/R000000012/R000000007
R000000013/1.000000/0000/Guesstimate
R000000008/3.580247/0112/R000000011/R000000013
R000000014/1.000000/0000/Guesstimate
R000000003/3.854596/0159/R000000008/R000000014
R000000002/3.978053/0197/R000000003
R000000002/9.800000/0287/R000000015
R000000016/1.000000/0000/Guesstimate
R000000017/1.000000/0000/Guesstimate
R000000001/6.642281/0225/R000000002/R000000016/R000000017
R000000019/4.691358/0225/R000000005/R000000016/R000000017
R000000019/4.691358/0225/R000000005/R000000016/R000000017
R000000018/6.323731/0159/R000000004/R000000019
M000000022/1.000000/0000/Sigma_BB-28782701
R000000021/3.333333/0225/M000000022/R000000016/R000000017
R000000021/3.333333/0225/M000000022/R000000016/R000000017
R000000020/3.703704/0009/R000000021
R000000024/1.000000/0000/Guesstimate
R000000023/3.333333/0225/R000000024/R000000016/R000000017
R000000023/3.333333/0225/R000000024/R000000016/R000000017
R000000020/3.703704/0079/R000000023
R000000018/6.858711/0159/R000000008/R000000020
R000000001/7.026369/0197/R000000018
<NEXT>