#
#  Reaction log file
#  Author: LigBuilder V3 User_Diana
#  Creation time: Sat Feb 28 19:12:27 2026
#  Format:
#  QueryMoleculeId/Cost/SynthesizeId/ReactantId1/ReactantId2/ReactantId3.....
#  Id prefix:
#  Q --- Query Molecule
#  M --- Material
#  R --- Reactant
#
Directory      result/synthesize_HsDHODH/279/DATABASE/
#
Q000000001/5.639385/0000/R000000001
R000000004/1.000000/0000/Guesstimate
R000000005/1.000000/0000/Guesstimate
R000000003/2.222222/0004/R000000004/R000000005
R000000007/1.000000/0000/Guesstimate
R000000006/2.222222/0112/R000000004/R000000007
R000000003/2.469136/0233/R000000006
M000000009/1.000000/0000/Sigma_BB-31058715
M000000011/1.000000/0000/Sigma_BB-28764950
R000000010/1.111111/0085/M000000011
R000000008/2.345679/0212/M000000009/R000000010
R000000013/1.000000/0000/Guesstimate
R000000012/2.222222/0004/R000000013/M000000011
R000000012/2.222222/0277/R000000013/M000000011
R000000008/2.469136/0197/R000000012
R000000002/5.075447/0212/R000000003/R000000008
R000000002/5.075447/0212/R000000003/R000000008
R000000001/5.639385/0028/R000000002
R000000016/2.222222/0212/M000000009/M000000011
R000000016/2.222222/0212/M000000009/M000000011
R000000015/2.469136/0085/R000000016
R000000018/1.000000/0000/Guesstimate
R000000017/3.580247/0004/R000000016/R000000018
R000000015/3.978053/0197/R000000017
R000000014/5.212621/0212/R000000003/R000000015
R000000014/5.212621/0212/R000000003/R000000015
R000000001/5.791801/0028/R000000014
Q000000002/5.639385/0000/R000000001
Q000000003/5.639385/0000/R000000001
Q000000004/Analysis Failed
<NEXT>