#
#  Reaction log file
#  Author: LigBuilder V3 User_Diana
#  Creation time: Sat Feb 28 19:12:17 2026
#  Format:
#  QueryMoleculeId/Cost/SynthesizeId/ReactantId1/ReactantId2/ReactantId3.....
#  Id prefix:
#  Q --- Query Molecule
#  M --- Material
#  R --- Reactant
#
Directory      result/synthesize_HsDHODH/269/DATABASE/
#
Q000000001/Analysis Failed
Q000000002/4.130468/0000/R000000001
M000000005/1.000000/0000/Sigma_BB-243976471
R000000004/1.111111/0299/M000000005
R000000006/1.000000/0000/Guesstimate
R000000003/2.345679/0212/R000000004/R000000006
R000000003/2.345679/0212/R000000004/R000000006
R000000007/1.000000/0000/Guesstimate
R000000002/3.717421/0175/R000000003/R000000007
R000000002/3.717421/0290/R000000003/R000000007
R000000001/4.130468/0039/R000000002
R000000010/1.234568/0287/R000000004
R000000009/2.482853/0212/R000000010/R000000006
R000000009/2.482853/0212/R000000010/R000000006
R000000011/1.000000/0000/Guesstimate
R000000008/3.869837/0004/R000000009/R000000011
R000000013/1.000000/0000/Guesstimate
R000000012/3.869837/0003/R000000009/R000000013
R000000014/2.758726/0125/R000000009
R000000015/1.000000/0000/Guesstimate
R000000014/3.869837/0112/R000000009/R000000015
R000000016/1.000000/0000/Guesstimate
R000000012/4.176363/0049/R000000014/R000000016
R000000008/4.299819/0040/R000000012
R000000017/1.000000/0000/Guesstimate
R000000001/5.410931/0119/R000000008/R000000017
Q000000003/Analysis Failed
<NEXT>