#
#  Reaction log file
#  Author: LigBuilder V3 User_Diana
#  Creation time: Sat Feb 28 19:09:47 2026
#  Format:
#  QueryMoleculeId/Cost/SynthesizeId/ReactantId1/ReactantId2/ReactantId3.....
#  Id prefix:
#  Q --- Query Molecule
#  M --- Material
#  R --- Reactant
#
Directory      result/synthesize_HsDHODH/195/DATABASE/
#
Q000000001/Analysis Failed
Q000000002/4.130468/0000/R000000001
M000000005/1.000000/0000/Sigma_BB-137126040
R000000004/1.111111/0302/M000000005
R000000006/1.000000/0000/Guesstimate
R000000003/2.345679/0231/R000000004/R000000006
R000000008/1.000000/0000/Guesstimate
R000000007/2.345679/0231/R000000004/R000000008
R000000003/3.717421/0279/R000000007/R000000006
R000000009/1.000000/0000/Guesstimate
R000000002/3.717421/0004/R000000003/R000000009
R000000011/2.222222/0231/M000000005/R000000006
R000000010/3.580247/0004/R000000011/R000000009
R000000012/2.222222/0004/M000000005/R000000009
R000000010/3.580247/0231/R000000012/R000000006
R000000002/3.978053/0302/R000000010
R000000001/4.130468/0153/R000000002
R000000016/1.000000/0000/Guesstimate
R000000018/1.000000/0000/Guesstimate
R000000019/1.000000/0000/Guesstimate
R000000017/2.222222/0112/R000000018/R000000019
R000000020/1.000000/0000/Guesstimate
R000000021/1.000000/0000/Guesstimate
R000000017/2.222222/0112/R000000020/R000000021
R000000015/3.580247/0159/R000000016/R000000017
R000000014/3.978053/0302/R000000015
R000000023/1.000000/0000/Guesstimate
R000000024/1.000000/0000/Guesstimate
R000000022/2.222222/0181/R000000023/R000000024
R000000022/2.222222/0285/R000000023/R000000024
R000000014/4.938272/0159/R000000022/R000000017
R000000025/1.000000/0000/Guesstimate
R000000013/5.531170/0142/R000000014/R000000025
M000000026/1.000000/0000/Sigma_BB-28247348
R000000013/5.531170/0206/R000000014/M000000026
R000000001/6.145744/0153/R000000013
Q000000003/5.791801/0000/R000000027
M000000030/1.000000/0000/Sigma_BB-28446874
R000000031/1.000000/0000/Guesstimate
R000000029/2.222222/0119/M000000030/R000000031
M000000033/1.000000/0000/Sigma_BB-30420120
R000000034/1.000000/0000/Guesstimate
R000000032/2.222222/0301/M000000033/R000000034
R000000032/2.222222/0301/M000000033/R000000034
R000000029/2.469136/0039/R000000032
M000000037/1.000000/0000/Sigma_BB-27733356
R000000038/1.000000/0000/Guesstimate
R000000036/2.222222/0003/M000000037/R000000038
R000000035/2.469136/0285/R000000036
R000000028/5.212621/0226/R000000029/R000000035
R000000040/1.000000/0000/Guesstimate
R000000039/3.854596/0226/R000000040/R000000035
R000000042/1.000000/0000/Guesstimate
R000000041/3.854596/0226/R000000042/R000000035
R000000043/1.000000/0000/Guesstimate
R000000041/3.854596/0277/R000000043/R000000035
R000000039/4.282884/0260/R000000041
R000000028/5.393995/0277/M000000033/R000000039
R000000027/5.791801/0099/R000000028
M000000045/1.000000/0000/Sigma_BB-27338516
R000000048/1.000000/0000/Guesstimate
R000000047/3.854596/0226/R000000048/R000000035
R000000046/4.282884/0099/R000000047
R000000044/5.869872/0138/M000000045/R000000046
R000000027/6.522080/0147/R000000044
Q000000004/5.791801/0000/R000000027
<NEXT>