#
#  Reaction log file
#  Author: LigBuilder V3 User_Diana
#  Creation time: Sat Feb 28 19:06:04 2026
#  Format:
#  QueryMoleculeId/Cost/SynthesizeId/ReactantId1/ReactantId2/ReactantId3.....
#  Id prefix:
#  Q --- Query Molecule
#  M --- Material
#  R --- Reactant
#
Directory      result/synthesize_HsDHODH/65/DATABASE/
#
Q000000001/Analysis Failed
Q000000002/2.743484/0000/R000000001
M000000004/1.000000/0000/Sigma_BB-27725171
R000000005/1.000000/0000/Guesstimate
R000000003/2.222222/0119/M000000004/R000000005
R000000006/8.400000/0000/Guesstimate
R000000003/9.333333/0260/R000000006
R000000002/2.469136/0222/R000000003
R000000008/1.111111/0091/M000000004
R000000007/1.234568/0222/R000000008
M000000010/1.000000/0000/Sigma_BB-129040694
R000000009/1.111111/0091/M000000010
R000000007/1.234568/0299/R000000009
R000000002/2.482853/0276/R000000007/R000000005
R000000001/2.743484/0024/R000000002
R000000013/1.000000/0000/Guesstimate
R000000012/1.111111/0287/R000000013
R000000014/7.400000/0000/Guesstimate
R000000012/8.222222/0197/R000000014
R000000011/2.606310/0112/R000000007/R000000012
M000000016/1.000000/0000/Sigma_BB-136290300
R000000015/1.111111/0222/M000000016
M000000017/1.000000/0000/Sigma_BB-28847164
R000000015/1.111111/0287/M000000017
R000000020/1.000000/0000/Guesstimate
R000000019/2.222222/0174/R000000020/R000000013
R000000019/2.345679/0112/R000000020/R000000012
R000000018/2.469136/0197/R000000019
R000000018/8.222222/0091/R000000014
R000000011/3.978053/0112/R000000015/R000000018
R000000001/2.895900/0025/R000000011
Q000000003/2.743484/0000/R000000001
<NEXT>