#
#  Reaction log file
#  Author: LigBuilder V3 User_Diana
#  Creation time: Sat Feb 28 19:09:39 2026
#  Format:
#  QueryMoleculeId/Cost/SynthesizeId/ReactantId1/ReactantId2/ReactantId3.....
#  Id prefix:
#  Q --- Query Molecule
#  M --- Material
#  R --- Reactant
#
Directory      result/synthesize_HsDHODH/198/DATABASE/
#
Q000000001/5.791801/0000/R000000001
M000000004/1.000000/0000/Sigma_BB-28446874
R000000005/1.000000/0000/Guesstimate
R000000003/2.222222/0119/M000000004/R000000005
M000000007/1.000000/0000/Sigma_BB-30420120
R000000008/1.000000/0000/Guesstimate
R000000006/2.222222/0301/M000000007/R000000008
R000000006/2.222222/0301/M000000007/R000000008
R000000003/2.469136/0039/R000000006
M000000011/1.000000/0000/Sigma_BB-27733356
R000000012/1.000000/0000/Guesstimate
R000000010/2.222222/0003/M000000011/R000000012
R000000009/2.469136/0285/R000000010
R000000002/5.212621/0226/R000000003/R000000009
R000000014/1.000000/0000/Guesstimate
R000000013/3.854596/0226/R000000014/R000000009
R000000016/1.000000/0000/Guesstimate
R000000015/3.854596/0226/R000000016/R000000009
R000000017/1.000000/0000/Guesstimate
R000000015/3.854596/0277/R000000017/R000000009
R000000013/4.282884/0260/R000000015
R000000002/5.393995/0277/M000000007/R000000013
R000000001/5.791801/0099/R000000002
M000000019/1.000000/0000/Sigma_BB-27338516
R000000022/1.000000/0000/Guesstimate
R000000021/3.854596/0226/R000000022/R000000009
R000000020/4.282884/0099/R000000021
R000000018/5.869872/0138/M000000019/R000000020
R000000001/6.522080/0147/R000000018
Q000000002/5.791801/0000/R000000023
R000000027/1.000000/0000/Guesstimate
R000000026/2.222222/0003/M000000011/R000000027
R000000025/2.469136/0285/R000000026
R000000024/5.212621/0226/R000000003/R000000025
R000000028/3.854596/0226/R000000014/R000000025
R000000029/3.854596/0226/R000000016/R000000025
R000000029/3.854596/0277/R000000017/R000000025
R000000028/4.282884/0260/R000000029
R000000024/5.393995/0277/M000000007/R000000028
R000000023/5.791801/0099/R000000024
R000000032/3.854596/0226/R000000022/R000000025
R000000031/4.282884/0099/R000000032
R000000030/5.869872/0138/M000000019/R000000031
R000000023/6.522080/0147/R000000030
Q000000003/5.791801/0000/R000000023
Q000000004/5.791801/0000/R000000001
<NEXT>