#
#  Reaction log file
#  Author: LigBuilder V3 User_Diana
#  Creation time: Sat Feb 28 19:10:41 2026
#  Format:
#  QueryMoleculeId/Cost/SynthesizeId/ReactantId1/ReactantId2/ReactantId3.....
#  Id prefix:
#  Q --- Query Molecule
#  M --- Material
#  R --- Reactant
#
Directory      result/synthesize_HsDHODH/235/DATABASE/
#
Q000000001/3.978053/0000/R000000001
M000000004/1.000000/0000/Sigma_BB-28766596
R000000005/1.000000/0000/Guesstimate
R000000003/2.222222/0012/M000000004/R000000005
R000000007/1.000000/0000/Guesstimate
R000000006/2.222222/0012/M000000004/R000000007
R000000006/2.222222/0146/M000000004/R000000007
R000000003/2.469136/0024/R000000006
R000000008/1.000000/0000/Guesstimate
R000000002/3.580247/0181/R000000003/R000000008
R000000010/1.000000/0000/Guesstimate
R000000012/1.000000/0000/Guesstimate
R000000011/1.111111/0239/R000000012
R000000013/1.000000/0000/Guesstimate
R000000014/1.000000/0000/Guesstimate
R000000011/2.222222/0279/R000000013/R000000014
R000000009/2.345679/0004/R000000010/R000000011
R000000015/2.222222/0181/R000000007/R000000008
R000000016/1.000000/0000/Guesstimate
R000000015/2.222222/0279/R000000016/R000000014
R000000009/2.469136/0024/R000000015
R000000002/3.717421/0142/M000000004/R000000009
R000000001/3.978053/0024/R000000002
M000000019/1.000000/0000/Sigma_BB-28198806
R000000018/2.222222/0012/M000000019/R000000007
R000000018/2.469136/0024/R000000006
R000000017/3.580247/0181/R000000018/R000000008
M000000020/1.000000/0000/Sigma_BB-28756834
R000000023/1.000000/0000/Guesstimate
R000000022/3.580247/0277/R000000023/R000000015
R000000021/3.978053/0150/R000000022
R000000025/1.000000/0000/Guesstimate
R000000024/3.717421/0285/R000000025/R000000009
R000000026/1.000000/0000/Guesstimate
R000000021/5.241580/0119/R000000024/R000000026
R000000017/5.531170/0231/M000000020/R000000021
R000000001/3.978053/0024/R000000017
Q000000002/3.978053/0000/R000000027
M000000030/1.000000/0000/Sigma_BB-238520503
R000000029/2.222222/0012/M000000030/R000000007
M000000034/1.000000/0000/Sigma_BB-29596028
R000000033/1.111111/0091/M000000034
R000000032/1.234568/0079/R000000033
M000000036/1.000000/0000/Sigma_BB-31123703
R000000037/1.000000/0000/Guesstimate
R000000035/2.222222/0004/M000000036/R000000037
R000000032/2.469136/0009/R000000035
R000000031/2.482853/0012/R000000032/R000000007
R000000031/2.482853/0146/R000000032/R000000007
R000000029/2.758726/0024/R000000031
R000000038/1.000000/0000/Guesstimate
R000000028/3.580247/0181/R000000029/R000000038
M000000039/1.000000/0000/Sigma_BB-28769242
R000000043/1.000000/0000/Guesstimate
R000000044/1.000000/0000/Guesstimate
R000000042/2.222222/0122/R000000043/R000000044
R000000042/2.222222/0181/R000000007/R000000038
R000000041/3.580247/0277/R000000023/R000000042
R000000040/3.978053/0150/R000000041
R000000047/1.000000/0000/Guesstimate
R000000046/2.222222/0004/R000000010/R000000047
R000000046/2.469136/0024/R000000042
R000000045/3.580247/0285/R000000025/R000000046
R000000040/5.089163/0119/R000000045/R000000026
R000000028/5.531170/0231/M000000039/R000000040
R000000027/3.978053/0024/R000000028
R000000048/3.840878/0142/R000000032/R000000046
R000000049/2.482853/0012/R000000032/R000000005
R000000049/2.758726/0024/R000000031
R000000048/3.869837/0181/R000000049/R000000038
R000000027/4.267643/0024/R000000048
Q000000003/3.978053/0000/R000000001
<NEXT>