#
#  Reaction log file
#  Author: LigBuilder V3 User_Diana
#  Creation time: Sat Feb 28 19:05:27 2026
#  Format:
#  QueryMoleculeId/Cost/SynthesizeId/ReactantId1/ReactantId2/ReactantId3.....
#  Id prefix:
#  Q --- Query Molecule
#  M --- Material
#  R --- Reactant
#
Directory      result/synthesize_HsDHODH/44/DATABASE/
#
Q000000001/4.572474/0000/R000000001
M000000005/1.000000/0000/Sigma_BB-28800168
R000000006/1.000000/0000/Guesstimate
R000000004/2.222222/0004/M000000005/R000000006
M000000008/1.000000/0000/Sigma_BB-27723080
R000000007/2.222222/0004/M000000008/R000000006
R000000004/2.469136/0239/R000000007
R000000003/2.469136/0086/R000000004
R000000003/2.469136/0091/R000000004
M000000011/1.000000/0000/Sigma_BB-30624518
R000000010/1.111111/0287/M000000011
M000000012/1.000000/0000/Sigma_BB-135809836
R000000013/1.000000/0000/Guesstimate
R000000010/2.222222/0274/M000000012/R000000013
R000000009/1.234568/0222/R000000010
R000000014/1.111111/0222/M000000012
M000000015/1.000000/0000/Sigma_BB-244167158
R000000014/1.111111/0299/M000000015
R000000009/2.345679/0274/R000000014/R000000013
R000000002/4.115227/0112/R000000003/R000000009
R000000016/2.469136/0197/R000000004
R000000016/2.469136/0197/R000000004
R000000019/1.000000/0000/Guesstimate
R000000020/1.000000/0000/Guesstimate
R000000018/2.222222/0279/R000000019/R000000020
R000000018/2.222222/0279/R000000019/R000000020
R000000021/1.000000/0000/Guesstimate
R000000017/3.580247/0159/R000000018/R000000021
R000000023/1.000000/0000/Guesstimate
R000000024/1.000000/0000/Guesstimate
R000000022/2.222222/0279/R000000023/R000000024
R000000022/2.222222/0279/R000000023/R000000024
R000000025/1.000000/0000/Guesstimate
R000000017/3.580247/0159/R000000022/R000000025
R000000002/6.721537/0112/R000000016/R000000017
R000000001/4.572474/0147/R000000002
R000000028/1.111111/0104/M000000005
R000000028/1.111111/0104/M000000005
R000000027/1.234568/0257/R000000028
M000000030/1.000000/0000/Sigma_BB-31122963
R000000029/1.111111/0104/M000000030
R000000029/1.111111/0104/M000000030
R000000027/1.234568/0260/R000000029
R000000033/1.000000/0000/Guesstimate
M000000034/1.000000/0000/Sigma_BB-161770208
R000000032/2.222222/0175/R000000033/M000000034
R000000032/2.222222/0290/R000000033/M000000034
R000000031/2.469136/0155/R000000032
R000000036/1.000000/0000/Guesstimate
R000000035/2.482853/0112/R000000036/R000000009
R000000037/1.000000/0000/Guesstimate
R000000035/5.089163/0112/R000000017/R000000037
R000000031/2.758726/0147/R000000035
R000000026/4.115227/0301/R000000027/R000000031
R000000026/4.115227/0301/R000000027/R000000031
R000000001/4.572474/0161/R000000026
Q000000002/4.572474/0000/R000000001
Q000000003/4.572474/0000/R000000038
M000000042/1.000000/0000/Sigma_BB-30388150
R000000041/1.111111/0213/M000000042
M000000043/1.000000/0000/Sigma_BB-28776102
R000000041/1.111111/0287/M000000043
R000000040/1.234568/0091/R000000041
R000000044/1.000000/0000/Guesstimate
R000000040/3.580247/0159/R000000018/R000000044
R000000039/4.115227/0112/R000000016/R000000040
R000000045/1.234568/0197/R000000041
M000000047/1.000000/0000/Sigma_BB-28959460
R000000046/1.111111/0017/M000000047
M000000048/1.000000/0000/Sigma_BB-88360669
R000000046/1.111111/0053/M000000048
R000000045/2.345679/0274/R000000046/R000000013
R000000039/4.115227/0112/R000000003/R000000045
R000000038/4.572474/0147/R000000039
R000000051/2.482853/0004/R000000027/R000000006
R000000051/2.482853/0277/R000000027/R000000006
R000000050/2.758726/0086/R000000051
R000000050/2.758726/0091/R000000051
R000000049/4.176363/0175/R000000050/M000000042
R000000053/1.371742/0118/R000000027
R000000054/1.000000/0000/Guesstimate
R000000053/2.482853/0112/R000000027/R000000054
R000000052/1.524158/0040/R000000053
R000000056/1.000000/0000/Guesstimate
R000000055/2.482853/0301/R000000027/R000000056
R000000055/2.482853/0301/R000000027/R000000056
R000000052/2.758726/0073/R000000055
R000000058/1.111111/0114/M000000042
R000000057/2.345679/0004/R000000058/R000000006
R000000060/1.000000/0000/Guesstimate
R000000059/2.345679/0277/R000000058/R000000060
R000000061/1.000000/0000/Guesstimate
R000000059/2.345679/0301/R000000058/R000000061
R000000057/2.606310/0024/R000000059
R000000049/4.299819/0212/R000000052/R000000057
R000000038/4.640403/0161/R000000049
<NEXT>