#
#  Reaction log file
#  Author: LigBuilder V3 User_Diana
#  Creation time: Sat Feb 28 19:11:37 2026
#  Format:
#  QueryMoleculeId/Cost/SynthesizeId/ReactantId1/ReactantId2/ReactantId3.....
#  Id prefix:
#  Q --- Query Molecule
#  M --- Material
#  R --- Reactant
#
Directory      result/synthesize_HsDHODH/265/DATABASE/
#
Q000000001/Analysis Failed
Q000000002/Analysis Failed
Q000000003/3.048316/0000/R000000001
M000000005/1.000000/0000/Sigma_BB-70610893
R000000004/1.111111/0299/M000000005
M000000006/1.000000/0000/Sigma_BB-308324471
R000000007/1.000000/0000/Guesstimate
R000000004/2.222222/0231/M000000006/R000000007
R000000003/1.234568/0082/R000000004
M000000009/1.000000/0000/Sigma_BB-30438916
R000000010/1.000000/0000/Guesstimate
R000000008/2.222222/0004/M000000009/R000000010
R000000011/1.000000/0000/Guesstimate
R000000003/3.580247/0049/R000000008/R000000011
M000000014/1.000000/0000/Sigma_BB-30428689
R000000013/1.111111/0086/M000000014
R000000013/1.111111/0091/M000000014
R000000012/1.234568/0079/R000000013
R000000016/1.000000/0000/Guesstimate
R000000017/1.000000/0000/Guesstimate
R000000015/2.222222/0004/R000000016/R000000017
M000000018/1.000000/0000/Sigma_BB-28778979
R000000015/2.222222/0212/M000000018/M000000014
R000000012/2.469136/0009/R000000015
R000000002/2.743484/0011/R000000003/R000000012
M000000019/1.000000/0000/Sigma_BB-151014002
R000000022/1.000000/0000/Guesstimate
R000000023/1.000000/0000/Guesstimate
R000000021/2.222222/0274/R000000022/R000000023
R000000024/1.000000/0000/Guesstimate
R000000025/1.000000/0000/Guesstimate
R000000021/2.222222/0274/R000000024/R000000025
R000000020/2.469136/0147/R000000021
R000000027/1.000000/0000/Guesstimate
R000000026/2.222222/0274/R000000024/R000000027
R000000028/1.000000/0000/Guesstimate
R000000026/2.222222/0274/R000000022/R000000028
R000000020/2.469136/0147/R000000026
R000000002/3.854596/0003/M000000019/R000000020
R000000001/3.048316/0099/R000000002
R000000031/1.000000/0000/Guesstimate
R000000030/2.222222/0004/R000000031/R000000017
R000000033/1.000000/0000/Guesstimate
R000000032/2.222222/0277/R000000033/R000000017
R000000034/1.000000/0000/Guesstimate
R000000035/1.000000/0000/Guesstimate
R000000032/3.593965/0261/R000000012/R000000034/R000000035
R000000030/2.469136/0024/R000000032
R000000029/3.580247/0003/M000000009/R000000030
M000000036/1.000000/0000/Sigma_BB-243340990
R000000037/3.854596/0004/R000000010/R000000020
R000000039/1.000000/0000/Guesstimate
R000000038/3.854596/0277/R000000039/R000000020
R000000040/1.000000/0000/Guesstimate
R000000038/3.854596/0301/R000000040/R000000020
R000000037/4.282884/0024/R000000038
R000000029/5.393995/0049/M000000036/R000000037
R000000001/3.978053/0099/R000000029
<NEXT>