#
#  Reaction log file
#  Author: LigBuilder V3 User_Diana
#  Creation time: Sat Feb 28 19:12:32 2026
#  Format:
#  QueryMoleculeId/Cost/SynthesizeId/ReactantId1/ReactantId2/ReactantId3.....
#  Id prefix:
#  Q --- Query Molecule
#  M --- Material
#  R --- Reactant
#
Directory      result/synthesize_HsDHODH/288/DATABASE/
#
Q000000001/3.978053/0000/R000000001
M000000004/1.000000/0000/Sigma_BB-30438094
R000000005/1.000000/0000/Guesstimate
R000000003/2.222222/0012/M000000004/R000000005
M000000008/1.000000/0000/Sigma_BB-183975848
R000000009/1.000000/0000/Guesstimate
R000000007/2.222222/0112/M000000008/R000000009
R000000011/1.000000/0000/Guesstimate
R000000010/2.222222/0004/M000000008/R000000011
R000000007/2.469136/0009/R000000010
R000000006/3.580247/0012/R000000007/R000000005
R000000006/3.580247/0146/R000000007/R000000005
R000000003/3.978053/0024/R000000006
R000000012/1.000000/0000/Guesstimate
R000000002/3.580247/0181/R000000003/R000000012
M000000013/1.000000/0000/Sigma_BB-28769716
R000000016/1.000000/0000/Guesstimate
R000000018/1.000000/0000/Guesstimate
R000000019/1.000000/0000/Guesstimate
R000000017/2.222222/0122/R000000018/R000000019
R000000017/2.222222/0181/R000000005/R000000012
R000000015/3.580247/0277/R000000016/R000000017
R000000014/3.978053/0150/R000000015
R000000021/1.000000/0000/Guesstimate
R000000023/1.000000/0000/Guesstimate
R000000024/1.000000/0000/Guesstimate
R000000022/2.222222/0004/R000000023/R000000024
R000000022/2.469136/0024/R000000017
R000000020/3.580247/0285/R000000021/R000000022
R000000025/1.000000/0000/Guesstimate
R000000014/5.089163/0119/R000000020/R000000025
R000000002/5.531170/0231/M000000013/R000000014
R000000001/3.978053/0024/R000000002
R000000026/4.938272/0142/R000000007/R000000022
R000000028/1.000000/0000/Guesstimate
R000000027/3.580247/0012/R000000007/R000000028
R000000027/3.978053/0024/R000000006
R000000026/5.089163/0181/R000000027/R000000012
R000000001/5.486969/0024/R000000026
Q000000002/3.978053/0000/R000000001
Q000000003/5.654626/0000/R000000029
R000000033/1.000000/0000/Guesstimate
R000000034/1.000000/0000/Guesstimate
R000000032/2.222222/0158/R000000033/R000000034
R000000032/2.222222/0158/R000000033/R000000034
R000000031/2.469136/0188/R000000032
R000000036/1.000000/0000/Guesstimate
R000000035/2.222222/0158/R000000036/R000000034
R000000035/2.222222/0158/R000000036/R000000034
R000000031/2.469136/0188/R000000035
R000000030/2.743484/0160/R000000031
R000000039/1.000000/0000/Guesstimate
R000000040/1.000000/0000/Guesstimate
R000000038/2.222222/0159/R000000039/R000000040
R000000041/8.600000/0000/Guesstimate
R000000038/9.555556/0164/R000000041
R000000037/2.469136/0040/R000000038
R000000043/1.000000/0000/Guesstimate
R000000044/1.000000/0000/Guesstimate
R000000042/2.222222/0012/R000000043/R000000044
R000000045/1.000000/0000/Guesstimate
R000000042/2.222222/0112/R000000009/R000000045
R000000037/3.580247/0159/R000000039/R000000042
R000000030/2.743484/0197/R000000037
M000000048/1.000000/0000/Sigma_BB-28842249
R000000047/1.111111/0082/M000000048
R000000049/1.000000/0000/Guesstimate
R000000050/1.000000/0000/Guesstimate
R000000047/2.222222/0274/R000000049/R000000050
R000000051/1.000000/0000/Guesstimate
R000000046/2.345679/0069/R000000047/R000000051
R000000053/1.000000/0000/Guesstimate
R000000055/1.000000/0000/Guesstimate
R000000054/1.111111/0293/R000000055
R000000054/2.222222/0069/R000000050/R000000051
R000000052/2.345679/0274/R000000053/R000000054
R000000056/2.222222/0274/R000000053/R000000050
R000000057/1.000000/0000/Guesstimate
R000000056/2.222222/0275/R000000049/R000000057
R000000052/3.580247/0069/R000000056/R000000051
R000000046/2.606310/0091/R000000052
R000000029/5.654626/0175/R000000030/R000000046
R000000061/1.234568/0040/R000000047
R000000062/1.000000/0000/Guesstimate
R000000061/2.222222/0274/R000000049/R000000062
R000000060/1.371742/0197/R000000061
R000000063/1.000000/0000/Guesstimate
R000000060/2.222222/0274/R000000049/R000000063
R000000065/1.000000/0000/Guesstimate
R000000064/1.111111/0228/R000000065
R000000064/1.111111/0286/R000000065
R000000059/2.758726/0301/R000000060/R000000064
R000000066/2.606310/0228/R000000046
R000000066/2.606310/0286/R000000046
R000000059/2.895900/0156/R000000066
R000000058/6.113567/0175/R000000030/R000000059
R000000058/6.113567/0290/R000000030/R000000059
R000000029/6.792853/0188/R000000058
Q000000004/5.654626/0000/R000000029
<NEXT>