#
#  Reaction log file
#  Author: LigBuilder V3 User_Diana
#  Creation time: Sat Feb 28 19:10:29 2026
#  Format:
#  QueryMoleculeId/Cost/SynthesizeId/ReactantId1/ReactantId2/ReactantId3.....
#  Id prefix:
#  Q --- Query Molecule
#  M --- Material
#  R --- Reactant
#
Directory      result/synthesize_HsDHODH/236/DATABASE/
#
Q000000001/4.130468/0000/R000000001
M000000005/1.000000/0000/Sigma_BB-28836672
R000000004/1.111111/0009/M000000005
M000000007/1.000000/0000/Sigma_BB-28521633
R000000008/1.000000/0000/Guesstimate
R000000006/2.222222/0112/M000000007/R000000008
R000000010/1.000000/0000/Guesstimate
R000000009/2.222222/0004/M000000007/R000000010
R000000006/2.469136/0009/R000000009
R000000004/2.469136/0024/R000000006
R000000011/1.000000/0000/Guesstimate
R000000003/2.345679/0012/R000000004/R000000011
R000000012/3.580247/0012/R000000006/R000000011
R000000012/3.580247/0146/R000000006/R000000011
R000000003/3.978053/0024/R000000012
R000000013/1.000000/0000/Guesstimate
R000000002/3.717421/0181/R000000003/R000000013
M000000016/1.000000/0000/Sigma_BB-27340854
R000000015/2.222222/0012/M000000016/R000000011
R000000015/2.222222/0146/M000000016/R000000011
R000000014/3.580247/0181/R000000015/R000000013
R000000019/1.000000/0000/Guesstimate
R000000020/1.000000/0000/Guesstimate
R000000018/2.222222/0004/R000000019/R000000020
R000000022/1.000000/0000/Guesstimate
R000000023/1.000000/0000/Guesstimate
R000000021/2.222222/0122/R000000022/R000000023
R000000021/2.222222/0181/R000000011/R000000013
R000000018/2.469136/0024/R000000021
R000000017/3.580247/0142/M000000016/R000000018
R000000017/3.580247/0285/M000000016/R000000018
R000000024/1.000000/0000/Guesstimate
R000000014/5.089163/0119/R000000017/R000000024
R000000002/3.978053/0213/R000000014
R000000001/4.130468/0024/R000000002
R000000025/4.938272/0142/R000000006/R000000018
R000000027/1.000000/0000/Guesstimate
R000000026/3.580247/0012/R000000006/R000000027
R000000026/3.978053/0024/R000000012
R000000025/5.089163/0181/R000000026/R000000013
R000000001/5.486969/0024/R000000025
Q000000002/6.774036/0000/R000000028
R000000033/1.000000/0000/Guesstimate
R000000034/1.000000/0000/Guesstimate
R000000032/2.222222/0159/R000000033/R000000034
M000000035/1.000000/0000/Sigma_BB-234543041
R000000032/2.222222/0174/M000000035/R000000008
R000000031/4.938272/0142/R000000032/R000000018
R000000036/3.580247/0012/R000000032/R000000027
R000000036/3.580247/0142/R000000032/R000000027
R000000031/5.089163/0181/R000000036/R000000013
R000000030/5.486969/0287/R000000031
R000000029/6.096632/0125/R000000030
R000000029/7.207744/0112/R000000030/R000000008
R000000028/6.774036/0040/R000000029
M000000040/1.000000/0000/Sigma_BB-28811948
R000000039/1.111111/0193/M000000040
R000000043/1.000000/0000/Guesstimate
R000000044/1.000000/0000/Guesstimate
R000000042/2.222222/0174/R000000043/R000000044
R000000042/2.222222/0289/R000000043/R000000044
R000000041/2.469136/0197/R000000042
R000000045/7.400000/0000/Guesstimate
R000000041/8.222222/0091/R000000045
R000000038/3.978053/0174/R000000039/R000000041
R000000046/3.854596/0174/M000000040/R000000041
R000000046/3.854596/0289/M000000040/R000000041
R000000038/4.282884/0193/R000000046
R000000049/1.000000/0000/Guesstimate
R000000048/2.222222/0181/R000000049/R000000013
R000000050/1.000000/0000/Guesstimate
R000000051/1.000000/0000/Guesstimate
R000000048/2.222222/0279/R000000050/R000000051
R000000047/2.469136/0040/R000000048
R000000053/1.000000/0000/Guesstimate
R000000052/3.580247/0285/R000000053/R000000021
R000000047/3.978053/0024/R000000052
R000000037/7.163543/0231/R000000038/R000000047
R000000037/8.230453/0174/R000000031/R000000041
R000000028/7.959492/0025/R000000037
Q000000003/4.130468/0000/R000000001
<NEXT>