#
#  Reaction log file
#  Author: LigBuilder V3 User_Diana
#  Creation time: Sat Feb 28 19:12:30 2026
#  Format:
#  QueryMoleculeId/Cost/SynthesizeId/ReactantId1/ReactantId2/ReactantId3.....
#  Id prefix:
#  Q --- Query Molecule
#  M --- Material
#  R --- Reactant
#
Directory      result/synthesize_HsDHODH/293/DATABASE/
#
Q000000001/7.468375/0000/R000000001
R000000005/1.000000/0000/Guesstimate
R000000006/1.000000/0000/Guesstimate
R000000004/2.222222/0279/R000000005/R000000006
R000000004/2.222222/0279/R000000005/R000000006
R000000007/1.000000/0000/Guesstimate
R000000003/3.580247/0159/R000000004/R000000007
R000000009/1.000000/0000/Guesstimate
R000000008/3.580247/0159/R000000004/R000000009
R000000003/3.978053/0283/R000000008
R000000012/1.000000/0000/Guesstimate
R000000013/1.000000/0000/Guesstimate
R000000011/2.222222/0003/R000000012/R000000013
R000000010/2.469136/0099/R000000011
R000000015/1.000000/0000/Guesstimate
R000000014/2.222222/0112/R000000015/R000000013
R000000010/2.469136/0099/R000000014
R000000002/6.721537/0122/R000000003/R000000010
R000000018/1.000000/0000/Guesstimate
R000000019/1.000000/0000/Guesstimate
R000000017/2.222222/0003/R000000018/R000000019
R000000020/1.000000/0000/Guesstimate
R000000017/2.222222/0049/R000000012/R000000020
R000000016/4.938272/0159/R000000004/R000000017
R000000021/2.222222/0003/R000000018/R000000013
R000000022/1.111111/0125/R000000013
R000000023/1.000000/0000/Guesstimate
R000000022/2.222222/0112/R000000023/R000000013
R000000021/2.345679/0049/R000000022/R000000012
R000000002/7.956105/0122/R000000016/R000000021
R000000001/7.468375/0197/R000000002
R000000026/1.000000/0000/Guesstimate
R000000025/3.580247/0159/R000000004/R000000026
R000000027/1.000000/0000/Guesstimate
R000000029/1.000000/0000/Guesstimate
R000000030/1.000000/0000/Guesstimate
R000000028/2.222222/0279/R000000029/R000000030
R000000028/2.222222/0279/R000000029/R000000030
R000000025/3.580247/0159/R000000027/R000000028
R000000024/3.978053/0197/R000000025
R000000024/10.000000/0287/R000000031
R000000035/1.000000/0000/Guesstimate
R000000034/1.111111/0291/R000000035
R000000034/1.111111/0291/R000000035
R000000033/3.703704/0122/R000000034/R000000021
R000000033/3.703704/0122/R000000034/R000000021
R000000032/4.115227/0028/R000000033
M000000038/1.000000/0000/Sigma_BB-28764950
R000000037/1.111111/0197/M000000038
R000000039/3.580247/0122/R000000021/R000000012
R000000039/3.580247/0122/R000000021/R000000012
R000000036/5.212621/0212/R000000037/R000000039
R000000036/5.212621/0212/R000000037/R000000039
R000000032/5.791801/0028/R000000036
R000000001/8.992533/0231/R000000024/R000000032
Q000000002/7.959492/0000/R000000040
R000000044/1.000000/0000/Guesstimate
R000000043/3.580247/0159/R000000004/R000000044
R000000042/3.978053/0197/R000000043
R000000042/3.978053/0197/R000000043
R000000047/1.000000/0000/Guesstimate
R000000046/2.222222/0003/R000000012/R000000047
R000000045/2.469136/0099/R000000046
R000000048/2.222222/0112/R000000015/R000000047
R000000045/2.469136/0099/R000000048
R000000041/7.163543/0003/R000000042/R000000045
R000000050/1.000000/0000/Guesstimate
R000000049/5.531170/0001/R000000042/R000000050
R000000051/1.000000/0000/Guesstimate
R000000049/5.531170/0003/R000000042/R000000051
R000000054/1.000000/0000/Guesstimate
R000000053/2.222222/0256/R000000054/R000000047
R000000052/2.469136/0139/R000000053
M000000056/1.000000/0000/Sigma_BB-30751649
R000000055/2.222222/0256/M000000056/R000000047
R000000052/2.469136/0150/R000000055
R000000041/8.889229/0042/R000000049/R000000052
R000000040/7.959492/0099/R000000041
R000000058/4.420059/0093/R000000042
R000000061/1.000000/0000/Guesstimate
R000000060/2.222222/0256/R000000061/R000000047
R000000059/2.469136/0219/R000000060
R000000063/2.345679/0004/R000000037/R000000047
R000000062/2.606310/0197/R000000063
R000000059/2.895900/0028/R000000062
R000000057/7.654661/0003/R000000058/R000000059
R000000066/1.000000/0000/Guesstimate
R000000065/3.580247/0159/R000000004/R000000066
R000000064/3.978053/0197/R000000065
R000000064/4.420059/0197/R000000042
R000000068/2.743484/0118/R000000045
R000000068/3.854596/0112/R000000045/R000000023
R000000067/3.048316/0040/R000000068
R000000070/1.000000/0000/Guesstimate
R000000069/3.854596/0301/R000000045/R000000070
R000000069/3.854596/0301/R000000045/R000000070
R000000067/4.282884/0073/R000000069
R000000057/7.807077/0003/R000000064/R000000067
R000000040/8.505178/0099/R000000057
Q000000003/7.468375/0000/R000000001
<NEXT>