#
#  Reaction log file
#  Author: LigBuilder V3 User_Diana
#  Creation time: Sat Feb 28 19:07:03 2026
#  Format:
#  QueryMoleculeId/Cost/SynthesizeId/ReactantId1/ReactantId2/ReactantId3.....
#  Id prefix:
#  Q --- Query Molecule
#  M --- Material
#  R --- Reactant
#
Directory      result/synthesize_HsDHODH/96/DATABASE/
#
Q000000001/4.130468/0000/R000000001
M000000005/1.000000/0000/Sigma_BB-187833390
R000000004/1.111111/0222/M000000005
R000000006/1.000000/0000/Guesstimate
R000000003/2.345679/0173/R000000004/R000000006
R000000008/1.000000/0000/Guesstimate
R000000009/1.000000/0000/Guesstimate
R000000007/2.222222/0012/R000000008/R000000009
R000000010/1.000000/0000/Guesstimate
R000000011/1.000000/0000/Guesstimate
R000000007/2.222222/0112/R000000010/R000000011
R000000013/1.000000/0000/Guesstimate
M000000014/1.000000/0000/Sigma_BB-28757021
R000000012/2.222222/0175/R000000013/M000000014
R000000012/2.222222/0290/R000000013/M000000014
R000000003/4.938272/0159/R000000007/R000000012
R000000002/3.717421/0174/R000000003/R000000011
R000000002/3.717421/0289/R000000003/R000000011
R000000001/4.130468/0041/R000000002
R000000001/4.130468/0233/R000000002
Q000000002/5.654626/0000/R000000015
R000000018/1.000000/0000/Guesstimate
R000000020/1.000000/0000/Guesstimate
R000000021/1.000000/0000/Guesstimate
R000000019/2.222222/0279/R000000020/R000000021
R000000019/2.222222/0279/R000000020/R000000021
R000000017/3.580247/0159/R000000018/R000000019
R000000023/1.000000/0000/Guesstimate
R000000022/3.580247/0159/R000000023/R000000019
R000000017/3.978053/0299/R000000022
R000000024/1.000000/0000/Guesstimate
R000000016/5.089163/0285/R000000017/R000000024
R000000015/5.654626/0041/R000000016
R000000028/1.000000/0000/Guesstimate
R000000027/5.089163/0277/R000000017/R000000028
R000000026/5.654626/0257/R000000027
R000000030/1.000000/0000/Guesstimate
R000000029/5.089163/0277/R000000017/R000000030
R000000026/5.654626/0260/R000000029
R000000031/1.000000/0000/Guesstimate
R000000025/7.394029/0277/R000000026/R000000031
R000000015/8.215589/0099/R000000025
Q000000003/5.654626/0000/R000000015
Q000000004/5.654626/0000/R000000015
<NEXT>