#
#  Reaction log file
#  Author: LigBuilder V3 User_Diana
#  Creation time: Sat Feb 28 19:10:47 2026
#  Format:
#  QueryMoleculeId/Cost/SynthesizeId/ReactantId1/ReactantId2/ReactantId3.....
#  Id prefix:
#  Q --- Query Molecule
#  M --- Material
#  R --- Reactant
#
Directory      result/synthesize_HsDHODH/222/DATABASE/
#
Q000000001/6.096632/0000/R000000001
M000000005/1.000000/0000/Sigma_BB-258735918
R000000006/1.000000/0000/Guesstimate
R000000004/2.222222/0112/M000000005/R000000006
R000000003/2.469136/0153/R000000004
R000000008/1.000000/0000/Guesstimate
R000000007/2.222222/0112/M000000005/R000000008
R000000003/2.469136/0154/R000000007
R000000011/1.000000/0000/Guesstimate
R000000012/1.000000/0000/Guesstimate
R000000010/2.222222/0003/R000000011/R000000012
R000000013/1.000000/0000/Guesstimate
R000000014/1.000000/0000/Guesstimate
R000000010/2.222222/0112/R000000013/R000000014
R000000009/2.469136/0147/R000000010
R000000016/1.000000/0000/Guesstimate
R000000017/1.000000/0000/Guesstimate
R000000015/2.222222/0277/R000000016/R000000017
R000000018/1.000000/0000/Guesstimate
R000000015/2.222222/0301/R000000016/R000000018
R000000009/2.469136/0147/R000000015
R000000002/5.486969/0274/R000000003/R000000009
R000000021/1.000000/0000/Guesstimate
R000000020/3.854596/0274/R000000003/R000000021
R000000019/4.282884/0147/R000000020
R000000023/1.000000/0000/Guesstimate
R000000022/3.854596/0274/R000000003/R000000023
R000000019/4.282884/0155/R000000022
R000000024/1.000000/0000/Guesstimate
R000000002/5.869872/0301/R000000019/R000000024
R000000001/6.096632/0024/R000000002
R000000029/1.000000/0000/Guesstimate
R000000028/2.222222/0174/R000000006/R000000029
R000000028/2.222222/0289/R000000006/R000000029
R000000027/2.469136/0197/R000000028
R000000030/7.400000/0000/Guesstimate
R000000027/8.222222/0091/R000000030
R000000026/3.854596/0112/M000000005/R000000027
R000000031/2.469136/0197/R000000004
R000000032/9.400000/0000/Guesstimate
R000000031/9.400000/0091/R000000032
R000000033/1.111111/0287/R000000029
R000000026/3.978053/0112/R000000031/R000000033
R000000025/7.026369/0274/R000000026/R000000009
R000000035/3.580247/0274/M000000005/R000000010
R000000034/3.978053/0147/R000000035
R000000036/3.580247/0274/M000000005/R000000015
R000000034/3.978053/0147/R000000036
R000000025/7.163543/0112/R000000034/R000000027
R000000001/7.807076/0025/R000000025
Q000000002/6.096632/0000/R000000001
Q000000003/2.895900/0000/R000000037
M000000041/1.000000/0000/Sigma_BB-29784774
R000000040/1.111111/0153/M000000041
R000000042/1.000000/0000/Guesstimate
R000000039/2.345679/0224/R000000040/R000000042
M000000044/1.000000/0000/Sigma_BB-28760170
R000000043/1.111111/0153/M000000044
M000000045/1.000000/0000/Sigma_BB-28793005
R000000043/1.111111/0193/M000000045
R000000046/1.000000/0000/Guesstimate
R000000039/2.345679/0231/R000000043/R000000046
R000000038/2.606310/0082/R000000039
R000000048/1.000000/0000/Guesstimate
R000000047/2.345679/0231/R000000043/R000000048
R000000050/1.000000/0000/Guesstimate
R000000049/2.345679/0231/R000000043/R000000050
R000000047/2.606310/0155/R000000049
R000000051/1.000000/0000/Guesstimate
R000000038/3.717421/0112/R000000047/R000000051
R000000037/2.895900/0041/R000000038
M000000055/1.000000/0000/Sigma_BB-27521434
R000000054/1.111111/0197/M000000055
M000000056/1.000000/0000/Sigma_BB-27600086
R000000054/1.111111/0287/M000000056
R000000053/1.234568/0104/R000000054
R000000053/1.234568/0104/R000000054
R000000059/1.000000/0000/Guesstimate
R000000058/1.111111/0118/R000000059
R000000058/2.222222/0112/R000000059/R000000051
R000000057/1.234568/0041/R000000058
R000000061/1.000000/0000/Guesstimate
R000000062/1.000000/0000/Guesstimate
R000000060/2.222222/0004/R000000061/R000000062
M000000063/1.000000/0000/Sigma_BB-27941182
R000000064/1.000000/0000/Guesstimate
R000000060/2.222222/0170/M000000063/R000000064
R000000057/2.469136/0009/R000000060
R000000052/2.743484/0122/R000000053/R000000057
R000000066/1.000000/0000/Guesstimate
R000000065/2.482853/0122/R000000053/R000000066
R000000068/1.000000/0000/Guesstimate
R000000067/2.482853/0122/R000000053/R000000068
R000000069/1.000000/0000/Guesstimate
R000000065/3.869837/0279/R000000067/R000000069
R000000052/2.758726/0198/R000000065
R000000037/3.048316/0160/R000000052
Q000000004/2.895900/0000/R000000037
<NEXT>