#
#  Reaction log file
#  Author: LigBuilder V3 User_Diana
#  Creation time: Sat Feb 28 19:05:12 2026
#  Format:
#  QueryMoleculeId/Cost/SynthesizeId/ReactantId1/ReactantId2/ReactantId3.....
#  Id prefix:
#  Q --- Query Molecule
#  M --- Material
#  R --- Reactant
#
Directory      result/synthesize_HsDHODH/1/DATABASE/
#
Q000000001/2.606310/0000/R000000001
M000000004/1.000000/0000/Sigma_BB-28418127
R000000003/1.111111/0222/M000000004
M000000006/1.000000/0000/Sigma_BB-30477134
R000000005/1.111111/0222/M000000006
M000000007/1.000000/0000/Sigma_BB-292614903
R000000005/1.111111/0299/M000000007
R000000003/1.234568/0136/R000000005
R000000008/1.000000/0000/Guesstimate
R000000002/2.345679/0231/R000000003/R000000008
M000000011/1.000000/0000/Sigma_BB-28760221
R000000012/1.000000/0000/Guesstimate
R000000010/2.222222/0175/M000000011/R000000012
R000000010/2.222222/0290/M000000011/R000000012
R000000009/2.469136/0139/R000000010
R000000014/1.000000/0000/Guesstimate
R000000013/2.222222/0231/M000000004/R000000014
R000000009/2.469136/0222/R000000013
R000000002/3.854596/0279/R000000009/R000000008
R000000001/2.606310/0024/R000000002
R000000018/1.000000/0000/Guesstimate
R000000017/2.345679/0232/R000000003/R000000018
R000000016/2.606310/0219/R000000017
R000000016/2.606310/0219/R000000017
R000000021/1.000000/0000/Guesstimate
R000000022/1.000000/0000/Guesstimate
R000000020/2.222222/0174/R000000021/R000000022
R000000020/2.222222/0289/R000000021/R000000022
R000000019/2.469136/0197/R000000020
R000000023/7.400000/0000/Guesstimate
R000000019/8.222222/0091/R000000023
R000000015/5.639385/0112/R000000016/R000000019
R000000026/1.000000/0000/Guesstimate
R000000025/2.222222/0004/M000000007/R000000026
R000000024/2.469136/0009/R000000025
R000000024/2.743484/0082/R000000009
R000000027/6.888889/0082/R000000028
R000000029/1.000000/0000/Guesstimate
R000000027/9.888888/0112/R000000029/R000000019
R000000015/9.358025/0012/R000000024/R000000027
R000000001/6.265983/0025/R000000015
Q000000002/2.606310/0000/R000000001
Q000000003/2.606310/0000/R000000001
<NEXT>