#
#  Reaction log file
#  Author: LigBuilder V3 User_Diana
#  Creation time: Sat Feb 28 19:11:53 2026
#  Format:
#  QueryMoleculeId/Cost/SynthesizeId/ReactantId1/ReactantId2/ReactantId3.....
#  Id prefix:
#  Q --- Query Molecule
#  M --- Material
#  R --- Reactant
#
Directory      result/synthesize_HsDHODH/277/DATABASE/
#
Q000000001/5.486969/0000/R000000001
M000000004/1.000000/0000/Sigma_BB-238951080
R000000005/1.000000/0000/Guesstimate
R000000003/2.222222/0112/M000000004/R000000005
R000000007/1.000000/0000/Guesstimate
R000000006/2.222222/0004/M000000004/R000000007
R000000003/2.469136/0009/R000000006
R000000009/1.000000/0000/Guesstimate
R000000010/1.000000/0000/Guesstimate
R000000008/2.222222/0004/R000000009/R000000010
R000000012/1.000000/0000/Guesstimate
R000000013/1.000000/0000/Guesstimate
R000000011/2.222222/0122/R000000012/R000000013
R000000014/1.000000/0000/Guesstimate
R000000015/1.000000/0000/Guesstimate
R000000011/2.222222/0181/R000000014/R000000015
R000000008/2.469136/0024/R000000011
R000000002/4.938272/0142/R000000003/R000000008
R000000017/1.000000/0000/Guesstimate
R000000016/3.580247/0012/R000000003/R000000017
R000000018/3.580247/0012/R000000003/R000000014
R000000018/3.580247/0146/R000000003/R000000014
R000000016/3.978053/0024/R000000018
R000000002/5.089163/0181/R000000016/R000000015
R000000001/5.486969/0024/R000000002
M000000022/1.000000/0000/Sigma_BB-116553129
R000000021/2.222222/0112/M000000022/R000000005
R000000021/2.469136/0024/R000000003
R000000020/3.580247/0012/R000000021/R000000014
R000000020/3.978053/0024/R000000018
R000000019/5.089163/0181/R000000020/R000000015
M000000023/1.000000/0000/Sigma_BB-27644303
R000000026/1.000000/0000/Guesstimate
R000000025/3.580247/0277/R000000026/R000000011
R000000024/3.978053/0150/R000000025
R000000028/1.000000/0000/Guesstimate
R000000027/3.580247/0285/R000000028/R000000008
R000000029/1.000000/0000/Guesstimate
R000000024/5.089163/0119/R000000027/R000000029
R000000019/5.531170/0231/M000000023/R000000024
R000000001/5.654626/0024/R000000019
Q000000002/4.130468/0000/R000000030
M000000034/1.000000/0000/Sigma_BB-28458044
R000000033/1.111111/0125/M000000034
R000000033/2.222222/0112/M000000034/R000000005
R000000032/2.345679/0012/R000000033/R000000014
R000000036/2.345679/0119/R000000033/R000000029
R000000037/2.222222/0119/M000000034/R000000029
M000000038/1.000000/0000/Sigma_BB-28521633
R000000039/1.000000/0000/Guesstimate
R000000037/2.222222/0275/M000000038/R000000039
R000000036/3.580247/0112/R000000037/R000000005
R000000035/3.717421/0012/R000000036/R000000014
R000000035/3.717421/0146/R000000036/R000000014
R000000032/4.130468/0024/R000000035
R000000040/1.000000/0000/Guesstimate
R000000031/3.717421/0181/R000000032/R000000040
M000000043/1.000000/0000/Sigma_BB-27725171
R000000044/1.000000/0000/Guesstimate
R000000042/2.222222/0275/M000000043/R000000044
R000000041/2.469136/0147/R000000042
M000000046/1.000000/0000/Sigma_BB-29018150
R000000045/2.222222/0275/M000000046/R000000039
R000000041/2.469136/0153/R000000045
R000000049/2.222222/0181/R000000014/R000000040
R000000048/3.580247/0277/R000000026/R000000049
R000000047/3.978053/0150/R000000048
R000000053/1.000000/0000/Guesstimate
R000000052/1.111111/0239/R000000053
R000000051/2.345679/0004/R000000009/R000000052
R000000051/2.469136/0024/R000000049
R000000050/3.717421/0285/R000000028/R000000051
R000000047/5.241580/0119/R000000050/R000000029
R000000031/7.163543/0231/R000000041/R000000047
R000000030/4.130468/0024/R000000031
R000000054/5.212620/0142/R000000036/R000000051
R000000055/3.717421/0012/R000000036/R000000017
R000000055/4.130468/0024/R000000035
R000000054/5.241580/0181/R000000055/R000000040
R000000030/5.791800/0024/R000000054
Q000000003/3.978053/0000/R000000056
M000000058/1.000000/0000/Sigma_BB-151014002
R000000060/1.000000/0000/Guesstimate
R000000061/1.000000/0000/Guesstimate
R000000059/2.222222/0018/R000000060/R000000061
R000000063/1.000000/0000/Guesstimate
R000000062/2.222222/0018/R000000060/R000000063
R000000059/2.469136/0147/R000000062
R000000057/3.580247/0003/M000000058/R000000059
R000000064/2.222222/0003/M000000058/R000000060
M000000066/1.000000/0000/Sigma_BB-30438916
R000000067/1.000000/0000/Guesstimate
R000000065/2.222222/0112/M000000066/R000000067
M000000068/1.000000/0000/Sigma_BB-28760249
R000000065/2.222222/0174/M000000068/R000000067
R000000069/1.000000/0000/Guesstimate
R000000064/3.580247/0003/R000000065/R000000069
R000000057/3.580247/0018/R000000064/R000000061
R000000056/3.978053/0099/R000000057
M000000073/1.000000/0000/Sigma_BB-243340990
R000000074/1.000000/0000/Guesstimate
R000000072/2.222222/0012/M000000073/R000000074
M000000077/1.000000/0000/Sigma_BB-30924817
R000000078/1.000000/0000/Guesstimate
R000000076/2.222222/0231/M000000077/R000000078
R000000075/2.469136/0197/R000000076
R000000079/2.222222/0142/M000000073/R000000009
M000000080/1.000000/0000/Sigma_BB-28247348
R000000079/2.222222/0206/M000000073/M000000080
R000000075/2.469136/0197/R000000079
R000000072/3.854596/0112/R000000075/R000000005
R000000071/2.469136/0054/R000000072
M000000082/1.000000/0000/Sigma_BB-308324471
R000000083/1.000000/0000/Guesstimate
R000000081/2.222222/0231/M000000082/R000000083
R000000071/3.580247/0004/R000000081/R000000007
R000000070/2.743484/0009/R000000071
R000000070/3.854596/0003/R000000075/R000000069
R000000056/4.159427/0018/R000000070/R000000061
<NEXT>