#
#  Reaction log file
#  Author: LigBuilder V3 User_Diana
#  Creation time: Sat Feb 28 19:10:43 2026
#  Format:
#  QueryMoleculeId/Cost/SynthesizeId/ReactantId1/ReactantId2/ReactantId3.....
#  Id prefix:
#  Q --- Query Molecule
#  M --- Material
#  R --- Reactant
#
Directory      result/synthesize_HsDHODH/232/DATABASE/
#
Q000000001/3.978053/0000/R000000001
M000000004/1.000000/0000/Sigma_BB-28766596
R000000005/1.000000/0000/Guesstimate
R000000003/2.222222/0012/M000000004/R000000005
R000000007/1.000000/0000/Guesstimate
R000000006/2.222222/0012/M000000004/R000000007
R000000006/2.222222/0146/M000000004/R000000007
R000000003/2.469136/0024/R000000006
R000000008/1.000000/0000/Guesstimate
R000000002/3.580247/0181/R000000003/R000000008
R000000010/1.000000/0000/Guesstimate
R000000012/1.000000/0000/Guesstimate
R000000011/1.111111/0239/R000000012
R000000013/1.000000/0000/Guesstimate
R000000014/1.000000/0000/Guesstimate
R000000011/2.222222/0279/R000000013/R000000014
R000000009/2.345679/0004/R000000010/R000000011
R000000015/2.222222/0181/R000000007/R000000008
R000000016/1.000000/0000/Guesstimate
R000000015/2.222222/0279/R000000016/R000000014
R000000009/2.469136/0024/R000000015
R000000002/3.717421/0142/M000000004/R000000009
R000000001/3.978053/0024/R000000002
M000000019/1.000000/0000/Sigma_BB-28198806
R000000018/2.222222/0012/M000000019/R000000007
R000000018/2.469136/0024/R000000006
R000000017/3.580247/0181/R000000018/R000000008
M000000020/1.000000/0000/Sigma_BB-28756834
R000000023/1.000000/0000/Guesstimate
R000000022/3.580247/0277/R000000023/R000000015
R000000021/3.978053/0150/R000000022
R000000025/1.000000/0000/Guesstimate
R000000024/3.717421/0285/R000000025/R000000009
R000000026/1.000000/0000/Guesstimate
R000000021/5.241580/0119/R000000024/R000000026
R000000017/5.531170/0231/M000000020/R000000021
R000000001/3.978053/0024/R000000017
Q000000002/5.654626/0000/R000000027
M000000030/1.000000/0000/Sigma_BB-28766577
R000000032/1.000000/0000/Guesstimate
R000000031/2.222222/0012/R000000032/R000000005
R000000031/2.222222/0285/R000000032/R000000005
R000000029/3.580247/0231/M000000030/R000000031
M000000034/1.000000/0000/Sigma_BB-28753226
R000000033/3.580247/0231/M000000034/R000000031
R000000029/5.089163/0276/R000000033/R000000026
R000000028/5.089163/0181/R000000029/R000000008
R000000037/1.000000/0000/Guesstimate
R000000036/5.241580/0279/R000000037/R000000024
R000000036/5.241580/0279/R000000037/R000000024
R000000035/5.823977/0041/R000000036
R000000039/1.000000/0000/Guesstimate
R000000038/5.531170/0279/R000000039/R000000021
R000000038/5.531170/0279/R000000039/R000000021
R000000035/6.145744/0024/R000000038
R000000028/7.582197/0231/M000000030/R000000035
R000000027/5.654626/0024/R000000028
R000000042/2.222222/0012/R000000032/R000000007
R000000042/3.580247/0119/R000000031/R000000026
R000000041/3.580247/0231/M000000020/R000000042
R000000043/3.580247/0231/M000000034/R000000042
R000000044/1.000000/0000/Guesstimate
R000000041/5.089163/0275/R000000043/R000000044
R000000040/5.089163/0181/R000000041/R000000008
R000000040/7.256855/0231/M000000020/R000000038
R000000027/5.654626/0024/R000000040
Q000000003/3.978053/0000/R000000045
M000000048/1.000000/0000/Sigma_BB-238520503
R000000047/2.222222/0012/M000000048/R000000007
M000000052/1.000000/0000/Sigma_BB-29596028
R000000051/1.111111/0091/M000000052
R000000050/1.234568/0079/R000000051
M000000054/1.000000/0000/Sigma_BB-31123703
R000000055/1.000000/0000/Guesstimate
R000000053/2.222222/0004/M000000054/R000000055
R000000050/2.469136/0009/R000000053
R000000049/2.482853/0012/R000000050/R000000007
R000000049/2.482853/0146/R000000050/R000000007
R000000047/2.758726/0024/R000000049
R000000056/1.000000/0000/Guesstimate
R000000046/3.580247/0181/R000000047/R000000056
M000000057/1.000000/0000/Sigma_BB-28769242
R000000060/2.222222/0181/R000000007/R000000056
R000000059/3.580247/0277/R000000023/R000000060
R000000058/3.978053/0150/R000000059
R000000064/1.000000/0000/Guesstimate
R000000063/1.111111/0239/R000000064
R000000062/2.345679/0004/R000000010/R000000063
R000000062/2.469136/0024/R000000060
R000000061/3.717421/0285/R000000025/R000000062
R000000058/5.241580/0119/R000000061/R000000026
R000000046/5.531170/0231/M000000057/R000000058
R000000045/3.978053/0024/R000000046
R000000066/2.482853/0012/R000000050/R000000005
R000000066/2.758726/0024/R000000049
R000000065/3.869837/0181/R000000066/R000000056
R000000065/3.978052/0142/R000000050/R000000062
R000000045/4.299819/0024/R000000065
<NEXT>