#
#  Reaction log file
#  Author: LigBuilder V3 User_Diana
#  Creation time: Sat Feb 28 19:09:52 2026
#  Format:
#  QueryMoleculeId/Cost/SynthesizeId/ReactantId1/ReactantId2/ReactantId3.....
#  Id prefix:
#  Q --- Query Molecule
#  M --- Material
#  R --- Reactant
#
Directory      result/synthesize_HsDHODH/209/DATABASE/
#
Q000000001/6.096632/0000/R000000001
R000000005/1.000000/0000/Guesstimate
R000000006/1.000000/0000/Guesstimate
R000000004/2.222222/0279/R000000005/R000000006
R000000004/2.222222/0279/R000000005/R000000006
R000000003/2.469136/0082/R000000004
R000000008/1.000000/0000/Guesstimate
R000000007/2.222222/0279/R000000008/R000000006
R000000007/2.222222/0279/R000000008/R000000006
R000000009/1.000000/0000/Guesstimate
R000000003/3.580247/0112/R000000007/R000000009
R000000012/1.000000/0000/Guesstimate
R000000013/1.000000/0000/Guesstimate
R000000011/2.222222/0112/R000000012/R000000013
R000000010/2.469136/0059/R000000011
M000000015/1.000000/0000/Sigma_BB-28762337
R000000014/2.222222/0004/M000000015/R000000013
R000000016/1.000000/0000/Guesstimate
R000000017/1.000000/0000/Guesstimate
R000000014/3.333333/0225/R000000016/R000000013/R000000017
R000000010/2.469136/0153/R000000014
R000000002/5.486969/0159/R000000003/R000000010
R000000001/6.096632/0197/R000000002
Q000000002/6.096632/0000/R000000001
Q000000003/6.522080/0000/R000000018
M000000020/1.000000/0000/Sigma_BB-27340260
R000000025/1.000000/0000/Guesstimate
R000000026/1.000000/0000/Guesstimate
R000000024/2.222222/0004/R000000025/R000000026
R000000027/1.000000/0000/Guesstimate
R000000024/3.333333/0225/R000000025/R000000027/R000000017
R000000023/2.469136/0197/R000000024
M000000028/1.000000/0000/Sigma_BB-28103333
R000000022/3.854596/0277/R000000023/M000000028
R000000021/4.282884/0099/R000000022
R000000021/4.282884/0099/R000000022
R000000019/5.869872/0175/M000000020/R000000021
R000000019/5.869872/0290/M000000020/R000000021
R000000018/6.522080/0041/R000000019
M000000032/1.000000/0000/Sigma_BB-28416101
R000000031/2.222222/0175/M000000032/R000000025
R000000031/2.222222/0290/M000000032/R000000025
R000000030/3.580247/0004/R000000031/R000000026
R000000034/1.000000/0000/Guesstimate
R000000033/3.580247/0003/R000000031/R000000034
R000000030/3.978053/0040/R000000033
M000000037/1.000000/0000/Sigma_BB-152437451
M000000038/1.000000/0000/Sigma_BB-28438493
R000000036/2.222222/0004/M000000037/M000000038
R000000035/2.469136/0085/R000000036
R000000039/2.469136/0087/R000000036
R000000035/3.854596/0275/R000000039/R000000017
R000000029/6.721537/0212/R000000030/R000000035
R000000029/6.721537/0212/R000000030/R000000035
R000000018/7.468375/0028/R000000029
<NEXT>