#
#  Reaction log file
#  Author: LigBuilder V3 User_Diana
#  Creation time: Sat Feb 28 19:09:28 2026
#  Format:
#  QueryMoleculeId/Cost/SynthesizeId/ReactantId1/ReactantId2/ReactantId3.....
#  Id prefix:
#  Q --- Query Molecule
#  M --- Material
#  R --- Reactant
#
Directory      result/synthesize_HsDHODH/192/DATABASE/
#
Q000000001/4.007011/0000/R000000001
R000000004/1.000000/0000/Guesstimate
R000000006/1.000000/0000/Guesstimate
R000000005/1.111111/0125/R000000006
R000000007/1.000000/0000/Guesstimate
R000000005/2.222222/0112/R000000007/R000000006
R000000003/2.345679/0159/R000000004/R000000005
R000000009/1.000000/0000/Guesstimate
R000000010/1.000000/0000/Guesstimate
R000000008/2.222222/0279/R000000009/R000000010
R000000008/2.222222/0279/R000000009/R000000010
R000000011/1.000000/0000/Guesstimate
R000000003/3.580247/0159/R000000008/R000000011
R000000002/2.606310/0040/R000000003
R000000014/1.000000/0000/Guesstimate
R000000013/2.222222/0279/R000000014/R000000010
R000000013/2.222222/0279/R000000014/R000000010
R000000012/3.580247/0159/R000000013/R000000011
R000000016/1.000000/0000/Guesstimate
R000000017/1.000000/0000/Guesstimate
R000000015/2.222222/0279/R000000016/R000000017
R000000015/2.222222/0279/R000000016/R000000017
R000000012/3.580247/0159/R000000004/R000000015
R000000002/3.978053/0024/R000000012
M000000018/1.000000/0000/Sigma_BB-187814628
R000000001/4.007011/0119/R000000002/M000000018
R000000022/1.000000/0000/Guesstimate
M000000023/1.000000/0000/Sigma_BB-29035685
R000000021/2.222222/0285/R000000022/M000000023
R000000020/2.469136/0294/R000000021
R000000024/2.469136/0228/R000000021
R000000024/2.469136/0286/R000000021
R000000020/2.743484/0296/R000000024
R000000025/1.000000/0000/Guesstimate
R000000019/3.854596/0285/R000000020/R000000025
R000000028/1.000000/0000/Guesstimate
R000000027/2.222222/0279/R000000028/R000000010
R000000027/2.222222/0279/R000000028/R000000010
M000000030/1.000000/0000/Sigma_BB-156127296
R000000029/1.111111/0295/M000000030
R000000026/3.703704/0279/R000000027/R000000029
R000000026/3.703704/0279/R000000027/R000000029
R000000019/4.115227/0294/R000000026
R000000001/5.393995/0159/R000000019/R000000011
Q000000002/4.007011/0000/R000000001
Q000000003/4.007011/0000/R000000001
Q000000004/4.007011/0000/R000000001
<NEXT>