#
#  Reaction log file
#  Author: LigBuilder V3 User_Diana
#  Creation time: Sat Feb 28 19:06:19 2026
#  Format:
#  QueryMoleculeId/Cost/SynthesizeId/ReactantId1/ReactantId2/ReactantId3.....
#  Id prefix:
#  Q --- Query Molecule
#  M --- Material
#  R --- Reactant
#
Directory      result/synthesize_HsDHODH/66/DATABASE/
#
Q000000001/7.315958/0000/R000000001
R000000005/1.000000/0000/Guesstimate
R000000006/1.000000/0000/Guesstimate
R000000004/2.222222/0276/R000000005/R000000006
R000000004/2.222222/0278/R000000005/R000000006
R000000007/1.000000/0000/Guesstimate
R000000003/3.580247/0004/R000000004/R000000007
R000000009/1.000000/0000/Guesstimate
R000000008/3.580247/0002/R000000004/R000000009
R000000008/3.580247/0004/R000000004/R000000009
R000000003/3.978053/0147/R000000008
M000000012/1.000000/0000/Sigma_BB-28764950
R000000011/1.111111/0085/M000000012
R000000013/1.000000/0000/Guesstimate
R000000010/2.345679/0212/R000000011/R000000013
R000000015/1.000000/0000/Guesstimate
R000000014/2.222222/0004/M000000012/R000000015
R000000014/2.222222/0277/M000000012/R000000015
R000000010/2.469136/0197/R000000014
R000000002/6.584363/0212/R000000003/R000000010
R000000002/6.584363/0212/R000000003/R000000010
R000000001/7.315958/0028/R000000002
R000000018/2.222222/0212/M000000012/R000000013
R000000018/2.222222/0212/M000000012/R000000013
R000000017/2.469136/0085/R000000018
R000000019/3.580247/0004/R000000018/R000000006
R000000017/3.978053/0197/R000000019
R000000016/6.721537/0212/R000000003/R000000017
R000000016/6.721537/0212/R000000003/R000000017
R000000001/7.468375/0028/R000000016
Q000000002/Analysis Failed
Q000000003/Analysis Failed
Q000000004/Analysis Failed
<NEXT>