#
#  Reaction log file
#  Author: LigBuilder V3 User_Diana
#  Creation time: Sat Feb 28 19:05:29 2026
#  Format:
#  QueryMoleculeId/Cost/SynthesizeId/ReactantId1/ReactantId2/ReactantId3.....
#  Id prefix:
#  Q --- Query Molecule
#  M --- Material
#  R --- Reactant
#
Directory      result/synthesize_HsDHODH/35/DATABASE/
#
Q000000001/Analysis Failed
Q000000002/4.741825/0000/R000000001
M000000006/1.000000/0000/Sigma_BB-136985511
R000000005/1.111111/0222/M000000006
R000000008/1.000000/0000/Guesstimate
R000000009/1.000000/0000/Guesstimate
R000000007/2.222222/0012/R000000008/R000000009
R000000010/1.000000/0000/Guesstimate
R000000011/1.000000/0000/Guesstimate
R000000007/2.222222/0112/R000000010/R000000011
R000000012/1.000000/0000/Guesstimate
R000000005/3.580247/0159/R000000007/R000000012
R000000004/1.234568/0287/R000000005
R000000003/1.371742/0125/R000000004
R000000003/2.482853/0112/R000000004/R000000011
R000000015/1.000000/0000/Guesstimate
R000000016/1.000000/0000/Guesstimate
R000000014/2.222222/0224/R000000015/R000000016
R000000013/2.469136/0197/R000000014
R000000002/4.267642/0231/R000000003/R000000013
R000000001/4.741825/0041/R000000002
R000000019/1.524158/0041/R000000003
R000000022/1.000000/0000/Guesstimate
R000000023/1.000000/0000/Guesstimate
R000000021/2.222222/0012/R000000022/R000000023
R000000021/2.222222/0285/R000000022/R000000023
R000000020/2.469136/0041/R000000021
R000000025/1.000000/0000/Guesstimate
R000000026/1.000000/0000/Guesstimate
R000000024/2.222222/0279/R000000025/R000000026
R000000024/2.222222/0279/R000000025/R000000026
R000000027/1.000000/0000/Guesstimate
R000000020/3.580247/0095/R000000024/R000000027
R000000019/3.854596/0159/R000000020/R000000012
R000000018/1.693509/0024/R000000019
R000000031/1.000000/0000/Guesstimate
R000000030/2.222222/0012/R000000031/R000000023
R000000030/2.222222/0285/R000000031/R000000023
R000000029/2.469136/0041/R000000030
R000000033/1.000000/0000/Guesstimate
R000000032/2.222222/0279/R000000033/R000000026
R000000032/2.222222/0279/R000000033/R000000026
R000000029/3.580247/0095/R000000032/R000000027
R000000035/1.000000/0000/Guesstimate
R000000034/1.111111/0040/R000000035
R000000036/1.000000/0000/Guesstimate
R000000037/1.000000/0000/Guesstimate
R000000034/2.222222/0004/R000000036/R000000037
R000000028/3.978053/0159/R000000029/R000000034
R000000018/4.420059/0153/R000000028
R000000017/4.625162/0231/R000000018/R000000013
R000000038/1.000000/0000/Guesstimate
R000000001/6.250180/0119/R000000017/R000000038
Q000000003/3.065251/0000/R000000039
R000000041/2.482853/0231/R000000004/R000000015
R000000042/2.345679/0231/R000000005/R000000015
R000000041/2.606310/0287/R000000042
R000000040/2.758726/0125/R000000041
R000000040/3.869837/0112/R000000041/R000000011
R000000039/3.065251/0041/R000000040
R000000043/2.992788/0231/R000000018/R000000015
R000000045/1.881677/0204/R000000018
R000000047/1.000000/0000/Guesstimate
R000000046/2.222222/0279/R000000047/R000000026
R000000046/2.222222/0279/R000000047/R000000026
R000000045/3.580247/0159/R000000046/R000000012
R000000044/3.201863/0231/R000000045/R000000015
R000000043/3.557626/0040/R000000044
R000000039/4.436431/0119/R000000043/R000000038
<NEXT>