#
#  Reaction log file
#  Author: LigBuilder V3 User_Diana
#  Creation time: Sat Feb 28 19:06:26 2026
#  Format:
#  QueryMoleculeId/Cost/SynthesizeId/ReactantId1/ReactantId2/ReactantId3.....
#  Id prefix:
#  Q --- Query Molecule
#  M --- Material
#  R --- Reactant
#
Directory      result/synthesize_HsDHODH/95/DATABASE/
#
Q000000001/2.928077/0000/R000000001
M000000006/1.000000/0000/Sigma_BB-187833390
R000000005/1.111111/0222/M000000006
R000000004/1.234568/0114/R000000005
R000000003/1.371742/0217/R000000004
R000000007/1.000000/0000/Guesstimate
R000000003/2.345679/0174/R000000005/R000000007
R000000008/1.000000/0000/Guesstimate
R000000002/2.635269/0175/R000000003/R000000008
R000000002/2.635269/0290/R000000003/R000000008
R000000001/2.928077/0041/R000000002
R000000010/1.524158/0041/R000000003
R000000010/1.524158/0233/R000000003
R000000011/1.000000/0000/Guesstimate
R000000009/2.804620/0175/R000000010/R000000011
R000000009/2.804620/0290/R000000010/R000000011
R000000012/1.000000/0000/Guesstimate
R000000001/4.227355/0170/R000000009/R000000012
Q000000002/2.804620/0000/R000000013
R000000013/2.804620/0173/R000000010/R000000012
R000000015/2.345679/0173/R000000005/R000000012
R000000017/1.000000/0000/Guesstimate
R000000018/1.000000/0000/Guesstimate
R000000016/2.222222/0012/R000000017/R000000018
R000000019/1.000000/0000/Guesstimate
R000000016/2.222222/0112/R000000019/R000000007
R000000021/1.000000/0000/Guesstimate
M000000022/1.000000/0000/Sigma_BB-28757021
R000000020/2.222222/0175/R000000021/M000000022
R000000020/2.222222/0290/R000000021/M000000022
R000000015/4.938272/0159/R000000016/R000000020
R000000014/3.717421/0174/R000000015/R000000007
R000000014/3.717421/0289/R000000015/R000000007
R000000013/4.130468/0041/R000000014
Q000000003/4.929368/0000/R000000023
R000000026/1.693509/0204/R000000010
R000000027/1.000000/0000/Guesstimate
R000000025/2.992788/0175/R000000026/R000000027
R000000029/1.000000/0000/Guesstimate
R000000028/2.992788/0175/R000000026/R000000029
R000000028/2.992788/0290/R000000026/R000000029
R000000030/1.000000/0000/Guesstimate
R000000025/4.436431/0274/R000000028/R000000030
R000000031/1.000000/0000/Guesstimate
R000000024/4.436431/0169/R000000025/R000000031
R000000034/1.000000/0000/Guesstimate
R000000033/2.222222/0169/R000000034/R000000031
R000000035/1.000000/0000/Guesstimate
R000000033/3.333333/0225/R000000034/R000000012/R000000035
R000000032/2.469136/0086/R000000033
R000000032/2.469136/0091/R000000033
R000000024/4.625162/0175/R000000026/R000000032
R000000023/4.929368/0040/R000000024
R000000038/2.804620/0175/R000000010/R000000027
R000000038/2.804620/0290/R000000010/R000000027
R000000039/1.000000/0000/Guesstimate
R000000037/4.227355/0119/R000000038/R000000039
R000000040/2.804620/0119/R000000010/R000000039
R000000040/2.804620/0280/R000000010/R000000039
R000000037/4.227355/0175/R000000040/R000000027
R000000036/5.808173/0169/R000000037/R000000031
R000000036/5.859729/0175/R000000040/R000000032
R000000023/6.453526/0024/R000000036
<NEXT>