#
#  Reaction log file
#  Author: LigBuilder V3 User_Diana
#  Creation time: Sat Feb 28 19:12:49 2026
#  Format:
#  QueryMoleculeId/Cost/SynthesizeId/ReactantId1/ReactantId2/ReactantId3.....
#  Id prefix:
#  Q --- Query Molecule
#  M --- Material
#  R --- Reactant
#
Directory      result/synthesize_HsDHODH/283/DATABASE/
#
Q000000001/4.572474/0000/R000000001
M000000005/1.000000/0000/Sigma_BB-35362955
R000000004/1.111111/0287/M000000005
R000000003/1.234568/0125/R000000004
R000000006/1.000000/0000/Guesstimate
R000000003/2.345679/0112/R000000004/R000000006
R000000009/1.000000/0000/Guesstimate
R000000010/1.000000/0000/Guesstimate
R000000008/2.222222/0112/R000000009/R000000010
R000000007/2.469136/0197/R000000008
R000000002/4.115227/0175/R000000003/R000000007
R000000002/4.115227/0290/R000000003/R000000007
R000000001/4.572474/0041/R000000002
R000000012/1.371742/0041/R000000003
R000000013/8.400000/0000/Guesstimate
R000000012/9.333333/0222/R000000013
R000000011/4.267642/0174/R000000012/R000000007
R000000015/1.371742/0287/R000000003
R000000014/1.524158/0041/R000000015
R000000014/1.524158/0233/R000000015
R000000011/4.436994/0112/R000000014/R000000007
R000000001/4.741825/0147/R000000011
Q000000002/4.572474/0000/R000000001
Q000000003/5.944217/0000/R000000016
M000000020/1.000000/0000/Sigma_BB-188506138
R000000021/1.000000/0000/Guesstimate
R000000019/2.222222/0175/M000000020/R000000021
M000000022/1.000000/0000/Sigma_BB-28416095
R000000023/1.000000/0000/Guesstimate
R000000024/1.000000/0000/Guesstimate
R000000019/3.333333/0261/M000000022/R000000023/R000000024
R000000018/2.469136/0024/R000000019
R000000026/1.000000/0000/Guesstimate
R000000025/2.222222/0274/M000000022/R000000026
R000000018/2.469136/0040/R000000025
M000000029/1.000000/0000/Sigma_BB-130314282
R000000028/1.111111/0288/M000000029
R000000030/1.000000/0000/Guesstimate
R000000027/2.345679/0169/R000000028/R000000030
M000000032/1.000000/0000/Sigma_BB-28830366
R000000031/1.111111/0085/M000000032
M000000034/1.000000/0000/Sigma_BB-28427694
R000000033/2.222222/0169/M000000034/R000000030
R000000035/1.000000/0000/Guesstimate
R000000033/2.222222/0275/M000000034/R000000035
R000000027/3.703704/0212/R000000031/R000000033
R000000017/5.349795/0212/R000000018/R000000027
R000000017/5.349795/0212/R000000018/R000000027
R000000016/5.944217/0028/R000000017
M000000039/1.000000/0000/Sigma_BB-28764950
R000000038/1.111111/0197/M000000039
R000000037/3.703704/0212/R000000038/R000000033
R000000037/3.703704/0212/R000000038/R000000033
R000000036/6.858711/0212/R000000018/R000000037
R000000036/6.858711/0212/R000000018/R000000037
R000000016/7.620790/0028/R000000036
<NEXT>