#
#  Reaction log file
#  Author: LigBuilder V3 User_Diana
#  Creation time: Sat Feb 28 19:12:43 2026
#  Format:
#  QueryMoleculeId/Cost/SynthesizeId/ReactantId1/ReactantId2/ReactantId3.....
#  Id prefix:
#  Q --- Query Molecule
#  M --- Material
#  R --- Reactant
#
Directory      result/synthesize_HsDHODH/281/DATABASE/
#
Q000000001/Analysis Failed
Q000000002/Analysis Failed
Q000000003/7.468375/0000/R000000001
R000000004/1.000000/0000/Guesstimate
R000000006/1.000000/0000/Guesstimate
R000000007/1.000000/0000/Guesstimate
R000000005/2.222222/0279/R000000006/R000000007
R000000005/2.222222/0279/R000000006/R000000007
R000000003/3.580247/0159/R000000004/R000000005
R000000009/1.000000/0000/Guesstimate
R000000010/1.000000/0000/Guesstimate
R000000008/2.222222/0279/R000000009/R000000010
R000000008/2.222222/0279/R000000009/R000000010
R000000011/1.000000/0000/Guesstimate
R000000003/3.580247/0159/R000000008/R000000011
R000000002/3.978053/0197/R000000003
R000000014/1.000000/0000/Guesstimate
R000000013/3.580247/0159/R000000008/R000000014
R000000015/8.600000/0000/Guesstimate
R000000013/9.555556/0213/R000000015
R000000012/3.978053/0197/R000000013
R000000012/9.555556/0287/R000000015
R000000002/4.420059/0287/R000000012
R000000019/1.000000/0000/Guesstimate
R000000020/1.000000/0000/Guesstimate
R000000018/2.222222/0170/R000000019/R000000020
R000000021/1.000000/0000/Guesstimate
R000000022/1.000000/0000/Guesstimate
R000000018/2.222222/0170/R000000021/R000000022
R000000017/2.469136/0170/R000000018
R000000017/9.777779/0040/R000000023
R000000016/2.743484/0086/R000000017
R000000016/2.743484/0091/R000000017
R000000001/7.468375/0112/R000000002/R000000016
R000000025/2.469136/0086/R000000018
R000000025/2.469136/0091/R000000018
R000000024/7.163543/0112/R000000002/R000000025
R000000027/1.000000/0000/Guesstimate
R000000026/5.531170/0112/R000000002/R000000027
R000000029/1.000000/0000/Guesstimate
R000000028/5.531170/0112/R000000002/R000000029
R000000028/5.531170/0174/R000000012/R000000029
R000000026/6.145744/0156/R000000028
R000000024/7.256855/0170/R000000026/R000000020
R000000001/7.959492/0170/R000000024
<NEXT>