#
#  Reaction log file
#  Author: LigBuilder V3 User_Diana
#  Creation time: Sat Feb 28 19:10:06 2026
#  Format:
#  QueryMoleculeId/Cost/SynthesizeId/ReactantId1/ReactantId2/ReactantId3.....
#  Id prefix:
#  Q --- Query Molecule
#  M --- Material
#  R --- Reactant
#
Directory      result/synthesize_HsDHODH/210/DATABASE/
#
Q000000001/Analysis Failed
Q000000002/Analysis Failed
Q000000003/4.420059/0000/R000000001
M000000004/1.000000/0000/Sigma_BB-247508405
R000000003/1.111111/0091/M000000004
R000000006/1.000000/0000/Guesstimate
R000000007/1.000000/0000/Guesstimate
R000000005/2.222222/0181/R000000006/R000000007
R000000005/2.222222/0285/R000000006/R000000007
R000000008/1.000000/0000/Guesstimate
R000000003/3.580247/0159/R000000005/R000000008
R000000011/1.000000/0000/Guesstimate
R000000012/1.000000/0000/Guesstimate
R000000010/2.222222/0112/R000000011/R000000012
R000000009/2.469136/0224/R000000010
R000000009/9.900000/0228/R000000013
R000000002/3.978053/0112/R000000003/R000000009
R000000015/1.111111/0093/M000000004
R000000016/1.111111/0197/M000000004
M000000017/1.000000/0000/Sigma_BB-27114063
R000000016/1.111111/0222/M000000017
R000000018/1.000000/0000/Guesstimate
R000000015/2.345679/0004/R000000016/R000000018
R000000014/1.234568/0085/R000000015
R000000019/1.000000/0000/Guesstimate
R000000014/2.345679/0004/R000000016/R000000019
R000000022/1.000000/0000/Guesstimate
R000000021/2.222222/0112/R000000022/R000000012
R000000020/2.469136/0224/R000000021
R000000020/2.469136/0224/R000000021
R000000002/4.115227/0049/R000000014/R000000020
R000000001/4.420059/0099/R000000002
R000000024/2.743484/0040/R000000020
R000000023/4.282884/0003/R000000016/R000000024
R000000025/1.234568/0079/R000000003
R000000027/1.000000/0000/Guesstimate
R000000026/2.345679/0004/R000000016/R000000027
R000000025/2.606310/0009/R000000026
M000000030/1.000000/0000/Sigma_BB-28247348
R000000029/1.111111/0085/M000000030
R000000031/1.000000/0000/Guesstimate
R000000029/2.222222/0004/R000000019/R000000031
R000000028/4.282884/0212/R000000029/R000000024
R000000028/4.282884/0212/R000000029/R000000024
R000000023/6.130503/0049/R000000025/R000000028
R000000001/4.758760/0099/R000000023
Q000000004/2.758726/0000/R000000032
M000000036/1.000000/0000/Sigma_BB-128688258
R000000035/1.111111/0299/M000000036
R000000034/1.234568/0079/R000000035
R000000037/1.000000/0000/Guesstimate
R000000034/2.345679/0112/R000000035/R000000037
R000000038/1.000000/0000/Guesstimate
R000000033/2.482853/0012/R000000034/R000000038
M000000041/1.000000/0000/Sigma_BB-151011721
R000000040/1.111111/0287/M000000041
M000000042/1.000000/0000/Sigma_BB-308324471
R000000040/1.111111/0287/M000000042
R000000043/1.000000/0000/Guesstimate
R000000039/2.345679/0231/R000000040/R000000043
R000000044/2.482853/0142/R000000034/R000000018
R000000044/2.482853/0206/R000000034/M000000030
R000000039/2.758726/0091/R000000044
R000000033/2.606310/0079/R000000039
R000000032/2.758726/0041/R000000033
R000000046/1.371742/0040/R000000034
R000000048/1.000000/0000/Guesstimate
R000000047/2.345679/0276/R000000035/R000000048
R000000047/2.345679/0278/R000000035/R000000048
R000000046/2.606310/0024/R000000047
R000000049/1.000000/0000/Guesstimate
R000000045/2.635269/0003/R000000046/R000000049
R000000051/1.000000/0000/Guesstimate
R000000050/2.345679/0112/R000000035/R000000051
R000000053/1.000000/0000/Guesstimate
R000000052/2.345679/0231/R000000040/R000000053
R000000050/2.606310/0082/R000000052
R000000054/1.000000/0000/Guesstimate
R000000045/3.717421/0011/R000000050/R000000054
R000000032/2.928077/0099/R000000045
<NEXT>