#
#  Reaction log file
#  Author: LigBuilder V3 User_Diana
#  Creation time: Sat Feb 28 19:12:27 2026
#  Format:
#  QueryMoleculeId/Cost/SynthesizeId/ReactantId1/ReactantId2/ReactantId3.....
#  Id prefix:
#  Q --- Query Molecule
#  M --- Material
#  R --- Reactant
#
Directory      result/synthesize_HsDHODH/284/DATABASE/
#
Q000000001/Analysis Failed
Q000000002/2.758726/0000/R000000001
M000000005/1.000000/0000/Sigma_BB-30558430
R000000004/1.111111/0299/M000000005
R000000003/1.234568/0287/R000000004
R000000006/1.111111/0287/M000000005
R000000006/1.111111/0287/M000000005
R000000003/1.234568/0299/R000000006
R000000007/1.000000/0000/Guesstimate
R000000002/2.482853/0175/R000000003/R000000007
R000000008/2.345679/0175/R000000004/R000000007
R000000008/2.345679/0290/R000000004/R000000007
R000000002/2.606310/0287/R000000008
R000000001/2.758726/0053/R000000002
R000000011/1.111111/0287/M000000005
R000000010/1.234568/0299/R000000011
R000000009/2.482853/0175/R000000010/R000000007
R000000009/2.482853/0290/R000000010/R000000007
R000000001/2.758726/0053/R000000009
Q000000003/3.116245/0000/R000000012
R000000015/1.371742/0287/R000000003
R000000014/1.524158/0299/R000000015
R000000016/1.000000/0000/Guesstimate
R000000013/2.804620/0175/R000000014/R000000016
R000000013/2.804620/0290/R000000014/R000000016
R000000012/3.116245/0053/R000000013
R000000018/1.693509/0053/R000000014
R000000017/2.992788/0174/R000000018/R000000016
R000000017/2.992788/0289/R000000018/R000000016
R000000012/3.325320/0147/R000000017
<NEXT>