#
#  Reaction log file
#  Author: LigBuilder V3 User_Diana
#  Creation time: Sat Feb 28 19:05:35 2026
#  Format:
#  QueryMoleculeId/Cost/SynthesizeId/ReactantId1/ReactantId2/ReactantId3.....
#  Id prefix:
#  Q --- Query Molecule
#  M --- Material
#  R --- Reactant
#
Directory      result/synthesize_HsDHODH/52/DATABASE/
#
Q000000001/4.572474/0000/R000000001
M000000005/1.000000/0000/Sigma_BB-27556005
R000000004/1.111111/0280/M000000005
R000000006/1.000000/0000/Guesstimate
R000000004/1.111111/0283/R000000006
R000000008/1.000000/0000/Guesstimate
R000000009/1.000000/0000/Guesstimate
R000000007/2.222222/0279/R000000008/R000000009
R000000007/2.222222/0279/R000000008/R000000009
R000000003/3.703704/0159/R000000004/R000000007
R000000013/4.572474/0299/R000000002
R000000012/5.080527/0104/R000000013
R000000012/5.080527/0104/R000000013
R000000011/5.645030/0160/R000000012
R000000014/9.222222/0114/R000000015
R000000011/9.222222/0300/R000000014
R000000010/9.888888/0165/R000000011
R000000016/1.000000/0000/Guesstimate
R000000010/9.900000/0174/R000000011/R000000016
R000000003/9.888888/0040/R000000010
R000000002/4.115227/0197/R000000003
R000000019/1.000000/0000/Guesstimate
R000000018/9.300000/0224/R000000015/R000000019
R000000017/9.888888/0287/R000000018
R000000002/9.888888/0192/R000000017
R000000001/4.572474/0239/R000000002
R000000001/6.272256/0302/R000000011
Q000000002/Analysis Failed
Q000000003/Analysis Failed
<NEXT>