#
#  Reaction log file
#  Author: LigBuilder V3 User_Diana
#  Creation time: Sat Feb 28 19:10:37 2026
#  Format:
#  QueryMoleculeId/Cost/SynthesizeId/ReactantId1/ReactantId2/ReactantId3.....
#  Id prefix:
#  Q --- Query Molecule
#  M --- Material
#  R --- Reactant
#
Directory      result/synthesize_HsDHODH/226/DATABASE/
#
Q000000001/2.758726/0000/R000000001
M000000005/1.000000/0000/Sigma_BB-244162382
R000000004/1.111111/0299/M000000005
R000000003/1.234568/0299/R000000004
R000000006/8.800000/0000/Guesstimate
R000000003/9.777779/0287/R000000006
M000000007/1.000000/0000/Sigma_BB-28522532
R000000002/2.482853/0004/R000000003/M000000007
R000000009/1.000000/0000/Guesstimate
R000000008/2.482853/0004/R000000003/R000000009
R000000010/1.000000/0000/Guesstimate
R000000011/1.000000/0000/Guesstimate
R000000008/3.593965/0225/R000000003/R000000010/R000000011
R000000012/1.000000/0000/Guesstimate
R000000002/3.869837/0004/R000000008/R000000012
R000000001/2.758726/0153/R000000002
M000000015/1.000000/0000/Sigma_BB-30434100
R000000014/1.111111/0086/M000000015
R000000017/1.000000/0000/Guesstimate
R000000018/1.000000/0000/Guesstimate
R000000016/2.222222/0170/R000000017/R000000018
R000000019/1.000000/0000/Guesstimate
R000000020/1.000000/0000/Guesstimate
R000000016/2.222222/0170/R000000019/R000000020
R000000014/2.469136/0041/R000000016
R000000013/2.606310/0112/R000000003/R000000014
R000000021/2.482853/0112/R000000003/R000000019
R000000023/1.000000/0000/Guesstimate
R000000022/2.482853/0112/R000000003/R000000023
R000000022/9.800000/0174/R000000006/R000000023
R000000021/2.758726/0155/R000000022
R000000024/1.000000/0000/Guesstimate
R000000013/3.869837/0170/R000000021/R000000024
R000000001/2.895900/0059/R000000013
Q000000002/7.026369/0000/R000000025
R000000028/1.000000/0000/Guesstimate
R000000029/1.000000/0000/Guesstimate
R000000027/2.222222/0004/R000000028/R000000029
R000000026/2.469136/0009/R000000027
R000000032/1.000000/0000/Guesstimate
R000000031/2.222222/0285/R000000018/R000000032
R000000030/2.469136/0274/R000000031
R000000033/2.469136/0197/R000000027
R000000030/2.743484/0260/R000000033
R000000026/2.743484/0079/R000000030
R000000035/1.000000/0000/Guesstimate
M000000038/1.000000/0000/Sigma_BB-28105749
R000000037/1.111111/0086/M000000038
R000000039/1.000000/0000/Guesstimate
R000000040/1.000000/0000/Guesstimate
R000000037/2.222222/0004/R000000039/R000000040
M000000042/1.000000/0000/Sigma_BB-249487202
R000000041/1.111111/0153/M000000042
M000000043/1.000000/0000/Sigma_BB-28758567
R000000044/1.000000/0000/Guesstimate
R000000041/2.222222/0276/M000000043/R000000044
R000000036/2.469136/0175/R000000037/R000000041
M000000046/1.000000/0000/Sigma_BB-35299811
R000000045/2.222222/0276/M000000046/R000000044
R000000047/1.000000/0000/Guesstimate
R000000045/2.345679/0175/R000000047/R000000041
R000000036/3.580247/0212/M000000038/R000000045
R000000034/3.854596/0049/R000000035/R000000036
R000000050/1.000000/0000/Guesstimate
R000000049/2.222222/0004/R000000050/R000000040
R000000048/4.938272/0212/R000000049/R000000045
R000000048/4.938272/0212/R000000049/R000000045
R000000034/5.486969/0082/R000000048
R000000025/7.026369/0012/R000000026/R000000034
R000000054/1.000000/0000/Guesstimate
R000000053/3.854596/0112/R000000030/R000000054
R000000052/4.282884/0099/R000000053
R000000057/1.000000/0000/Guesstimate
R000000056/2.222222/0004/R000000057/R000000040
R000000055/5.212621/0049/R000000026/R000000056
R000000052/5.791801/0099/R000000055
M000000060/1.000000/0000/Sigma_BB-27088078
R000000059/2.222222/0276/M000000060/R000000044
R000000059/2.222222/0278/M000000060/R000000044
R000000058/2.469136/0153/R000000059
M000000062/1.000000/0000/Sigma_BB-28823129
R000000063/1.000000/0000/Guesstimate
R000000061/2.222222/0119/M000000062/R000000063
R000000061/2.222222/0276/M000000062/R000000047
R000000058/2.469136/0153/R000000061
R000000051/7.502244/0232/R000000052/R000000058
R000000064/5.869872/0232/R000000052/M000000062
R000000065/5.869872/0231/R000000052/M000000062
R000000064/6.522080/0228/R000000065
R000000051/7.633191/0276/R000000064/R000000044
R000000025/8.335828/0082/R000000051
Q000000003/7.026369/0000/R000000025
<NEXT>