#
#  Reaction log file
#  Author: LigBuilder V3 User_Diana
#  Creation time: Sat Feb 28 19:13:04 2026
#  Format:
#  QueryMoleculeId/Cost/SynthesizeId/ReactantId1/ReactantId2/ReactantId3.....
#  Id prefix:
#  Q --- Query Molecule
#  M --- Material
#  R --- Reactant
#
Directory      result/synthesize_HsDHODH/296/DATABASE/
#
Q000000001/7.637726/0000/R000000001
R000000006/1.000000/0000/Guesstimate
R000000005/1.111111/0293/R000000006
R000000007/1.000000/0000/Guesstimate
R000000004/2.345679/0122/R000000005/R000000007
R000000009/1.000000/0000/Guesstimate
R000000010/1.000000/0000/Guesstimate
R000000008/2.222222/0279/R000000009/R000000010
R000000012/1.000000/0000/Guesstimate
R000000011/2.222222/0279/R000000009/R000000012
R000000011/2.222222/0279/R000000009/R000000012
R000000008/2.469136/0155/R000000011
R000000004/2.469136/0090/R000000008
R000000013/1.000000/0000/Guesstimate
R000000003/3.717421/0002/R000000004/R000000013
R000000015/3.580247/0042/R000000011/R000000013
R000000017/1.000000/0000/Guesstimate
R000000016/2.345679/0003/R000000005/R000000017
R000000018/1.000000/0000/Guesstimate
R000000016/2.345679/0301/R000000005/R000000018
R000000015/3.717421/0122/R000000016/R000000007
R000000014/3.978053/0040/R000000015
R000000014/3.978053/0040/R000000015
R000000003/5.531170/0001/R000000014/R000000017
M000000021/1.000000/0000/Sigma_BB-70405203
R000000022/1.000000/0000/Guesstimate
R000000020/2.222222/0277/M000000021/R000000022
R000000019/2.469136/0099/R000000020
R000000024/1.000000/0000/Guesstimate
R000000025/1.000000/0000/Guesstimate
R000000023/2.222222/0003/R000000024/R000000025
R000000026/1.000000/0000/Guesstimate
R000000023/2.222222/0277/R000000024/R000000026
R000000019/2.469136/0122/R000000023
R000000002/6.873953/0122/R000000003/R000000019
R000000002/6.873953/0122/R000000003/R000000019
R000000001/7.637726/0099/R000000002
M000000030/1.000000/0000/Sigma_BB-30441135
R000000029/3.717421/0004/R000000004/M000000030
R000000031/1.000000/0000/Guesstimate
R000000029/5.241580/0224/R000000003/R000000031
R000000028/4.130468/0150/R000000029
R000000034/1.000000/0000/Guesstimate
R000000035/1.000000/0000/Guesstimate
R000000033/2.222222/0012/R000000034/R000000035
R000000033/2.222222/0285/R000000034/R000000035
R000000032/2.469136/0279/R000000033
R000000037/9.500000/0000/Guesstimate
R000000036/9.500000/0156/R000000037
R000000032/9.200000/0260/R000000036
R000000027/7.332894/0279/R000000028/R000000032
R000000027/7.332894/0279/R000000028/R000000032
R000000001/8.147660/0041/R000000027
Q000000002/Analysis Failed
Q000000003/Analysis Failed
<NEXT>