#
#  Reaction log file
#  Author: LigBuilder V3 User_Diana
#  Creation time: Sat Feb 28 19:11:30 2026
#  Format:
#  QueryMoleculeId/Cost/SynthesizeId/ReactantId1/ReactantId2/ReactantId3.....
#  Id prefix:
#  Q --- Query Molecule
#  M --- Material
#  R --- Reactant
#
Directory      result/synthesize_HsDHODH/260/DATABASE/
#
Q000000001/4.267642/0000/R000000001
M000000004/1.000000/0000/Sigma_BB-137889452
R000000005/1.000000/0000/Guesstimate
R000000003/2.222222/0081/M000000004/R000000005
R000000007/1.000000/0000/Guesstimate
R000000006/2.222222/0081/R000000007/R000000005
R000000008/1.000000/0000/Guesstimate
R000000006/2.222222/0210/R000000008/R000000005
R000000003/2.469136/0283/R000000006
R000000002/2.469136/0091/R000000003
R000000002/2.469136/0091/R000000003
R000000012/1.000000/0000/Guesstimate
R000000011/1.111111/0288/R000000012
R000000010/1.234568/0295/R000000011
R000000009/1.371742/0239/R000000010
R000000013/1.234568/0239/R000000011
R000000009/1.371742/0295/R000000013
R000000001/4.267642/0112/R000000002/R000000009
R000000014/2.469136/0197/R000000003
R000000017/1.000000/0000/Guesstimate
R000000018/1.000000/0000/Guesstimate
R000000016/2.222222/0279/R000000017/R000000018
R000000016/2.222222/0279/R000000017/R000000018
R000000015/2.469136/0279/R000000016
R000000015/2.469136/0279/R000000016
R000000019/1.000000/0000/Guesstimate
R000000014/3.854596/0112/R000000015/R000000019
R000000022/1.000000/0000/Guesstimate
R000000021/2.635269/0112/R000000022/R000000009
R000000024/1.000000/0000/Guesstimate
R000000023/2.635269/0112/R000000024/R000000009
R000000021/2.928077/0040/R000000023
R000000020/2.928077/0197/R000000021
R000000026/2.482853/0112/R000000022/R000000010
R000000025/2.758726/0197/R000000026
R000000020/3.065251/0239/R000000025
R000000001/5.996903/0112/R000000014/R000000020
Q000000002/4.267642/0000/R000000001
Q000000003/4.267642/0000/R000000001
<NEXT>