#
#  Reaction log file
#  Author: LigBuilder V3 User_Diana
#  Creation time: Sat Feb 28 19:07:32 2026
#  Format:
#  QueryMoleculeId/Cost/SynthesizeId/ReactantId1/ReactantId2/ReactantId3.....
#  Id prefix:
#  Q --- Query Molecule
#  M --- Material
#  R --- Reactant
#
Directory      result/synthesize_HsDHODH/122/DATABASE/
#
Q000000001/2.743484/0000/R000000001
M000000004/1.000000/0000/Sigma_BB-37467573
R000000005/1.000000/0000/Guesstimate
R000000003/2.222222/0256/M000000004/R000000005
M000000007/1.000000/0000/Sigma_BB-27325035
R000000006/2.222222/0256/M000000007/R000000005
R000000003/2.469136/0287/R000000006
R000000002/2.469136/0074/R000000003
R000000002/2.469136/0167/R000000003
R000000001/2.743484/0017/R000000002
M000000010/1.000000/0000/Sigma_BB-30664943
R000000009/2.222222/0256/M000000010/R000000005
M000000012/1.000000/0000/Sigma_BB-326697832
R000000011/2.222222/0112/M000000012/R000000005
R000000009/2.469136/0233/R000000011
R000000008/2.469136/0074/R000000009
R000000008/2.469136/0167/R000000009
R000000001/2.743484/0017/R000000008
Q000000002/2.743484/0000/R000000001
Q000000003/5.791801/0000/R000000013
M000000016/1.000000/0000/Sigma_BB-28934503
R000000017/1.000000/0000/Guesstimate
R000000015/2.222222/0119/M000000016/R000000017
M000000019/1.000000/0000/Sigma_BB-244177564
R000000018/2.222222/0119/M000000019/R000000017
R000000020/1.000000/0000/Guesstimate
R000000018/2.222222/0276/M000000019/R000000020
R000000015/2.469136/0147/R000000018
M000000023/1.000000/0000/Sigma_BB-28764950
R000000022/1.111111/0087/M000000023
R000000025/1.000000/0000/Guesstimate
R000000024/1.111111/0040/R000000025
R000000026/1.000000/0000/Guesstimate
R000000027/1.000000/0000/Guesstimate
R000000024/2.222222/0004/R000000026/R000000027
R000000021/2.469136/0212/R000000022/R000000024
R000000021/2.469136/0212/R000000022/R000000024
R000000014/5.212621/0175/R000000015/R000000021
M000000030/1.000000/0000/Sigma_BB-28666010
R000000029/2.222222/0119/M000000030/R000000017
R000000029/2.222222/0276/M000000030/R000000020
R000000028/3.580247/0004/R000000029/R000000026
R000000032/1.000000/0000/Guesstimate
R000000031/3.580247/0175/R000000015/R000000032
R000000031/3.580247/0290/R000000015/R000000032
R000000028/3.978053/0024/R000000031
R000000034/2.743484/0079/R000000021
R000000035/1.000000/0000/Guesstimate
R000000034/3.854596/0112/R000000021/R000000035
R000000033/3.048316/0040/R000000034
R000000037/1.000000/0000/Guesstimate
R000000036/3.854596/0276/R000000021/R000000037
R000000036/3.854596/0278/R000000021/R000000037
R000000033/4.282884/0024/R000000036
R000000014/7.365071/0212/R000000028/R000000033
R000000013/5.791801/0028/R000000014
R000000040/1.111111/0085/M000000023
R000000039/2.469136/0212/R000000040/R000000024
R000000041/2.345679/0112/R000000022/R000000027
R000000039/2.606310/0147/R000000041
R000000038/6.721537/0212/R000000028/R000000039
R000000038/6.721537/0212/R000000028/R000000039
R000000013/7.468375/0028/R000000038
<NEXT>