#
#  Reaction log file
#  Author: LigBuilder V3 User_Diana
#  Creation time: Sat Feb 28 19:05:43 2026
#  Format:
#  QueryMoleculeId/Cost/SynthesizeId/ReactantId1/ReactantId2/ReactantId3.....
#  Id prefix:
#  Q --- Query Molecule
#  M --- Material
#  R --- Reactant
#
Directory      result/synthesize_HsDHODH/37/DATABASE/
#
Q000000001/5.654626/0000/R000000001
M000000005/1.000000/0000/Sigma_BB-243714563
R000000006/1.000000/0000/Guesstimate
R000000004/2.222222/0274/M000000005/R000000006
R000000007/1.000000/0000/Guesstimate
R000000003/3.580247/0004/R000000004/R000000007
R000000008/2.222222/0004/R000000006/R000000007
R000000003/3.580247/0274/M000000005/R000000008
M000000009/1.000000/0000/Sigma_BB-28910948
R000000002/5.089163/0212/R000000003/M000000009
R000000002/5.089163/0212/R000000003/M000000009
R000000001/5.654626/0099/R000000002
M000000011/1.000000/0000/Sigma_BB-37467573
R000000013/3.580247/0212/R000000008/M000000009
R000000013/3.580247/0212/R000000008/M000000009
R000000012/3.978053/0099/R000000013
R000000012/3.978053/0099/R000000013
R000000010/5.531170/0274/M000000011/R000000012
R000000001/6.145744/0059/R000000010
Q000000002/5.654626/0000/R000000001
Q000000003/5.654626/0000/R000000001
<NEXT>