#
#  Reaction log file
#  Author: LigBuilder V3 User_Diana
#  Creation time: Sat Feb 28 19:08:28 2026
#  Format:
#  QueryMoleculeId/Cost/SynthesizeId/ReactantId1/ReactantId2/ReactantId3.....
#  Id prefix:
#  Q --- Query Molecule
#  M --- Material
#  R --- Reactant
#
Directory      result/synthesize_HsDHODH/161/DATABASE/
#
Q000000001/Analysis Failed
Q000000002/Analysis Failed
Q000000003/1.111111/0000/R000000001
M000000002/1.000000/0000/Sigma_BB-27597001
R000000001/1.111111/0059/M000000002
M000000005/1.000000/0000/Sigma_BB-306926428
R000000004/1.111111/0197/M000000005
M000000006/1.000000/0000/Sigma_BB-27942235
R000000007/1.000000/0000/Guesstimate
R000000004/2.222222/0274/M000000006/R000000007
R000000008/1.000000/0000/Guesstimate
R000000003/2.345679/0004/R000000004/R000000008
R000000010/1.000000/0000/Guesstimate
R000000009/2.222222/0049/M000000002/R000000010
R000000011/1.000000/0000/Guesstimate
R000000009/2.345679/0003/R000000004/R000000011
R000000003/2.469136/0040/R000000009
R000000001/2.606310/0153/R000000003
<NEXT>