#
#  Reaction log file
#  Author: LigBuilder V3 User_Diana
#  Creation time: Sat Feb 28 19:10:14 2026
#  Format:
#  QueryMoleculeId/Cost/SynthesizeId/ReactantId1/ReactantId2/ReactantId3.....
#  Id prefix:
#  Q --- Query Molecule
#  M --- Material
#  R --- Reactant
#
Directory      result/synthesize_HsDHODH/206/DATABASE/
#
Q000000001/4.572474/0000/R000000001
R000000005/1.000000/0000/Guesstimate
R000000006/1.000000/0000/Guesstimate
R000000004/2.222222/0276/R000000005/R000000006
R000000004/2.222222/0278/R000000005/R000000006
R000000003/2.469136/0155/R000000004
R000000009/1.000000/0000/Guesstimate
R000000008/2.222222/0276/R000000005/R000000009
R000000008/2.222222/0278/R000000005/R000000009
R000000010/1.000000/0000/Guesstimate
R000000007/3.580247/0004/R000000008/R000000010
R000000012/1.000000/0000/Guesstimate
R000000011/3.580247/0112/R000000008/R000000012
R000000007/3.978053/0233/R000000011
R000000003/3.978053/0197/R000000007
M000000015/1.000000/0000/Sigma_BB-28246511
R000000014/1.111111/0074/M000000015
R000000014/1.111111/0167/M000000015
R000000013/1.234568/0040/R000000014
M000000017/1.000000/0000/Sigma_BB-35299811
R000000016/1.111111/0222/M000000017
R000000016/2.222222/0175/M000000015/R000000012
R000000013/1.234568/0216/R000000016
R000000002/4.115227/0003/R000000003/R000000013
R000000018/2.469136/0125/R000000008
R000000019/1.000000/0000/Guesstimate
R000000018/3.580247/0112/R000000008/R000000019
R000000021/1.234568/0085/R000000016
R000000022/1.000000/0000/Guesstimate
R000000020/2.482853/0049/R000000021/R000000022
R000000023/8.900000/0000/Guesstimate
R000000020/9.888888/0082/R000000023
R000000002/5.502210/0011/R000000018/R000000020
R000000001/4.572474/0099/R000000002
M000000026/1.000000/0000/Sigma_BB-29038349
R000000025/1.111111/0222/M000000026
R000000025/1.371742/0197/R000000013
R000000024/5.212621/0003/R000000007/R000000025
R000000028/1.000000/0000/Guesstimate
R000000027/3.854596/0004/R000000003/R000000028
R000000030/1.000000/0000/Guesstimate
R000000029/3.854596/0277/R000000003/R000000030
R000000031/2.743484/0041/R000000018
R000000031/2.743484/0233/R000000018
R000000032/1.000000/0000/Guesstimate
R000000029/4.159427/0277/R000000031/R000000032
R000000027/4.282884/0024/R000000029
R000000024/5.517452/0049/R000000027/R000000014
R000000001/5.791801/0099/R000000024
Q000000002/4.159427/0000/R000000033
M000000037/1.000000/0000/Sigma_BB-76854184
R000000038/1.000000/0000/Guesstimate
R000000036/2.222222/0231/M000000037/R000000038
R000000035/2.469136/0294/R000000036
R000000039/2.222222/0231/M000000037/R000000038
R000000035/2.469136/0294/R000000039
R000000034/2.743484/0013/R000000035
R000000041/2.743484/0287/R000000035
R000000040/3.048316/0125/R000000041
R000000040/4.159427/0112/R000000041/R000000019
R000000034/3.387018/0041/R000000040
R000000042/1.000000/0000/Guesstimate
R000000033/4.159427/0018/R000000034/R000000042
R000000043/3.854596/0018/R000000035/R000000042
R000000045/1.000000/0000/Guesstimate
R000000044/3.854596/0018/R000000035/R000000045
R000000047/1.000000/0000/Guesstimate
R000000046/3.854596/0018/R000000035/R000000047
R000000048/1.000000/0000/Guesstimate
R000000044/5.393995/0003/R000000046/R000000048
R000000043/4.282884/0041/R000000044
R000000033/4.282884/0013/R000000043
Q000000003/4.159427/0000/R000000033
<NEXT>