#
#  Reaction log file
#  Author: LigBuilder V3 User_Diana
#  Creation time: Sat Feb 28 19:10:37 2026
#  Format:
#  QueryMoleculeId/Cost/SynthesizeId/ReactantId1/ReactantId2/ReactantId3.....
#  Id prefix:
#  Q --- Query Molecule
#  M --- Material
#  R --- Reactant
#
Directory      result/synthesize_HsDHODH/221/DATABASE/
#
Q000000001/5.791800/0000/R000000001
R000000004/1.000000/0000/Guesstimate
M000000006/1.000000/0000/Sigma_BB-29038349
R000000007/1.000000/0000/Guesstimate
R000000005/2.222222/0232/M000000006/R000000007
R000000003/4.691358/0242/R000000004/R000000004/R000000005
R000000008/3.333333/0242/R000000004/R000000004/M000000006
R000000003/4.814815/0232/R000000008/R000000007
R000000002/5.212620/0118/R000000003
R000000009/1.000000/0000/Guesstimate
R000000002/6.323731/0112/R000000003/R000000009
R000000001/5.791800/0147/R000000002
R000000013/1.000000/0000/Guesstimate
R000000012/2.222222/0232/M000000006/R000000013
R000000014/1.000000/0000/Guesstimate
R000000011/3.580247/0049/R000000012/R000000014
R000000010/6.200274/0242/R000000004/R000000004/R000000011
R000000001/6.889194/0147/R000000010
Q000000002/Analysis Failed
Q000000003/5.807042/0000/R000000015
R000000019/1.000000/0000/Guesstimate
R000000020/1.000000/0000/Guesstimate
R000000018/2.222222/0004/R000000019/R000000020
M000000022/1.000000/0000/Sigma_BB-28764950
R000000021/1.111111/0087/M000000022
R000000017/3.703704/0212/R000000018/R000000021
R000000017/3.703704/0212/R000000018/R000000021
M000000023/1.000000/0000/Sigma_BB-28760156
R000000016/5.226338/0175/R000000017/M000000023
R000000025/1.111111/0085/M000000022
R000000024/3.703704/0212/R000000018/R000000025
R000000024/3.703704/0212/R000000018/R000000025
M000000027/1.000000/0000/Sigma_BB-39026897
R000000028/1.000000/0000/Guesstimate
R000000026/2.222222/0004/M000000027/R000000028
R000000030/1.000000/0000/Guesstimate
M000000031/1.000000/0000/Sigma_BB-151008369
R000000029/2.222222/0174/R000000030/M000000031
R000000032/1.000000/0000/Guesstimate
R000000029/2.222222/0175/M000000023/R000000032
R000000026/2.469136/0024/R000000029
R000000016/6.584363/0212/R000000024/R000000026
R000000015/5.807042/0028/R000000016
R000000035/3.703704/0212/R000000018/R000000025
R000000035/3.703704/0212/R000000018/R000000025
R000000034/4.115227/0086/R000000035
R000000034/4.115227/0091/R000000035
R000000033/5.683586/0175/R000000034/M000000023
R000000033/6.584363/0212/R000000035/R000000026
R000000015/6.315095/0028/R000000033
<NEXT>