#
#  Reaction log file
#  Author: LigBuilder V3 User_Diana
#  Creation time: Sat Feb 28 19:08:35 2026
#  Format:
#  QueryMoleculeId/Cost/SynthesizeId/ReactantId1/ReactantId2/ReactantId3.....
#  Id prefix:
#  Q --- Query Molecule
#  M --- Material
#  R --- Reactant
#
Directory      result/synthesize_HsDHODH/159/DATABASE/
#
Q000000001/Analysis Failed
Q000000002/5.683586/0000/R000000001
R000000002/1.000000/0000/Guesstimate
R000000006/1.000000/0000/Guesstimate
R000000007/1.000000/0000/Guesstimate
R000000005/2.222222/0018/R000000006/R000000007
R000000004/2.469136/0295/R000000005
R000000004/2.469136/0295/R000000005
M000000010/1.000000/0000/Sigma_BB-28760241
R000000009/1.111111/0287/M000000010
R000000008/1.234568/0153/R000000009
R000000011/1.234568/0091/R000000009
R000000008/1.371742/0154/R000000011
R000000003/4.115227/0231/R000000004/R000000008
M000000013/1.000000/0000/Sigma_BB-29509312
R000000012/3.854596/0231/R000000004/M000000013
M000000015/1.000000/0000/Sigma_BB-136290300
R000000014/3.854596/0231/R000000004/M000000015
R000000012/4.282884/0299/R000000014
R000000003/4.282884/0287/R000000012
R000000001/5.683586/0012/R000000002/R000000003
R000000018/1.000000/0000/Guesstimate
R000000017/3.854596/0012/R000000004/R000000018
M000000020/1.000000/0000/Sigma_BB-28779625
R000000019/3.854596/0012/R000000004/M000000020
R000000019/3.854596/0285/R000000004/M000000020
R000000017/4.282884/0009/R000000019
R000000016/5.654626/0231/R000000017/R000000008
R000000016/5.683586/0012/R000000003/R000000018
R000000001/6.282918/0041/R000000016
Q000000003/Analysis Failed
Q000000004/Analysis Failed
<NEXT>