#
#  Reaction log file
#  Author: LigBuilder V3 User_Diana
#  Creation time: Sat Feb 28 19:10:21 2026
#  Format:
#  QueryMoleculeId/Cost/SynthesizeId/ReactantId1/ReactantId2/ReactantId3.....
#  Id prefix:
#  Q --- Query Molecule
#  M --- Material
#  R --- Reactant
#
Directory      result/synthesize_HsDHODH/227/DATABASE/
#
Q000000001/7.026369/0000/R000000001
R000000004/1.000000/0000/Guesstimate
R000000005/1.000000/0000/Guesstimate
R000000003/2.222222/0004/R000000004/R000000005
R000000002/2.469136/0009/R000000003
R000000008/1.000000/0000/Guesstimate
R000000009/1.000000/0000/Guesstimate
R000000007/2.222222/0285/R000000008/R000000009
R000000006/2.469136/0274/R000000007
R000000010/2.469136/0197/R000000003
R000000006/2.743484/0260/R000000010
R000000002/2.743484/0079/R000000006
R000000012/1.000000/0000/Guesstimate
M000000015/1.000000/0000/Sigma_BB-28105749
R000000014/1.111111/0086/M000000015
R000000016/1.000000/0000/Guesstimate
R000000017/1.000000/0000/Guesstimate
R000000014/2.222222/0004/R000000016/R000000017
M000000019/1.000000/0000/Sigma_BB-249487202
R000000018/1.111111/0153/M000000019
M000000020/1.000000/0000/Sigma_BB-28758567
R000000021/1.000000/0000/Guesstimate
R000000018/2.222222/0276/M000000020/R000000021
R000000013/2.469136/0175/R000000014/R000000018
M000000023/1.000000/0000/Sigma_BB-35299811
R000000022/2.222222/0276/M000000023/R000000021
R000000024/1.000000/0000/Guesstimate
R000000022/2.345679/0175/R000000024/R000000018
R000000013/3.580247/0212/M000000015/R000000022
R000000011/3.854596/0049/R000000012/R000000013
R000000027/1.000000/0000/Guesstimate
R000000026/2.222222/0004/R000000027/R000000017
R000000025/4.938272/0212/R000000026/R000000022
R000000025/4.938272/0212/R000000026/R000000022
R000000011/5.486969/0082/R000000025
R000000001/7.026369/0012/R000000002/R000000011
R000000031/1.000000/0000/Guesstimate
R000000030/3.854596/0112/R000000006/R000000031
R000000029/4.282884/0099/R000000030
R000000034/1.000000/0000/Guesstimate
R000000033/2.222222/0004/R000000034/R000000017
R000000032/5.212621/0049/R000000002/R000000033
R000000029/5.791801/0099/R000000032
M000000037/1.000000/0000/Sigma_BB-27088078
R000000036/2.222222/0276/M000000037/R000000021
R000000036/2.222222/0278/M000000037/R000000021
R000000035/2.469136/0153/R000000036
M000000039/1.000000/0000/Sigma_BB-28823129
R000000040/1.000000/0000/Guesstimate
R000000038/2.222222/0119/M000000039/R000000040
R000000038/2.222222/0276/M000000039/R000000024
R000000035/2.469136/0153/R000000038
R000000028/7.502244/0232/R000000029/R000000035
R000000041/5.869872/0232/R000000029/M000000039
R000000042/5.869872/0231/R000000029/M000000039
R000000041/6.522080/0228/R000000042
R000000028/7.633191/0276/R000000041/R000000021
R000000001/8.335828/0082/R000000028
Q000000002/Analysis Failed
Q000000003/Analysis Failed
<NEXT>