#
#  Reaction log file
#  Author: LigBuilder V3 User_Diana
#  Creation time: Sat Feb 28 19:09:10 2026
#  Format:
#  QueryMoleculeId/Cost/SynthesizeId/ReactantId1/ReactantId2/ReactantId3.....
#  Id prefix:
#  Q --- Query Molecule
#  M --- Material
#  R --- Reactant
#
Directory      result/synthesize_HsDHODH/179/DATABASE/
#
Q000000001/Analysis Failed
Q000000002/5.944217/0000/R000000001
M000000005/1.000000/0000/Sigma_BB-27097456
R000000004/1.111111/0114/M000000005
R000000003/1.234568/0001/R000000004
R000000006/1.111111/0001/M000000005
R000000003/1.234568/0114/R000000006
R000000009/1.000000/0000/Guesstimate
R000000010/1.000000/0000/Guesstimate
R000000008/2.222222/0277/R000000009/R000000010
R000000011/1.000000/0000/Guesstimate
R000000007/3.580247/0170/R000000008/R000000011
R000000014/1.000000/0000/Guesstimate
R000000015/1.000000/0000/Guesstimate
R000000013/2.222222/0112/R000000014/R000000015
R000000016/1.000000/0000/Guesstimate
R000000013/2.222222/0170/R000000016/R000000011
R000000012/3.580247/0277/R000000013/R000000010
R000000007/3.978053/0041/R000000012
R000000002/5.349795/0212/R000000003/R000000007
R000000002/5.349795/0212/R000000003/R000000007
R000000001/5.944217/0099/R000000002
R000000020/1.371742/0233/R000000003
R000000020/1.371742/0258/R000000003
R000000019/1.524158/0197/R000000020
R000000022/1.000000/0000/Guesstimate
R000000021/2.222222/0170/R000000022/R000000011
R000000023/1.000000/0000/Guesstimate
R000000024/1.000000/0000/Guesstimate
R000000021/2.222222/0170/R000000023/R000000024
R000000018/4.162645/0301/R000000019/R000000021
R000000018/4.162645/0301/R000000019/R000000021
R000000017/4.625161/0295/R000000018
R000000025/1.000000/0000/Guesstimate
R000000001/6.250179/0112/R000000017/R000000025
Q000000003/Analysis Failed
<NEXT>