#
#  Reaction log file
#  Author: LigBuilder V3 User_Diana
#  Creation time: Sat Feb 28 19:09:09 2026
#  Format:
#  QueryMoleculeId/Cost/SynthesizeId/ReactantId1/ReactantId2/ReactantId3.....
#  Id prefix:
#  Q --- Query Molecule
#  M --- Material
#  R --- Reactant
#
Directory      result/synthesize_HsDHODH/180/DATABASE/
#
Q000000001/4.572474/0000/R000000001
M000000005/1.000000/0000/Sigma_BB-28510504
R000000006/1.000000/0000/Guesstimate
R000000004/2.222222/0112/M000000005/R000000006
M000000007/1.000000/0000/Sigma_BB-30386555
R000000004/2.222222/0174/M000000007/R000000006
R000000003/2.469136/0153/R000000004
R000000009/1.000000/0000/Guesstimate
R000000008/2.222222/0112/M000000005/R000000009
R000000008/2.222222/0174/M000000007/R000000009
R000000003/2.469136/0154/R000000008
R000000012/1.000000/0000/Guesstimate
R000000011/1.111111/0040/R000000012
M000000013/1.000000/0000/Sigma_BB-28760789
R000000011/1.111111/0153/M000000013
R000000010/1.234568/0086/R000000011
R000000010/1.234568/0091/R000000011
R000000002/4.115227/0175/R000000003/R000000010
R000000015/2.743484/0287/R000000003
R000000016/1.000000/0000/Guesstimate
R000000014/4.159427/0004/R000000015/R000000016
R000000017/1.000000/0000/Guesstimate
R000000018/1.000000/0000/Guesstimate
R000000014/5.270538/0225/R000000015/R000000017/R000000018
R000000002/5.856154/0212/R000000014/R000000011
R000000001/4.572474/0024/R000000002
M000000022/1.000000/0000/Sigma_BB-30058493
R000000021/2.482853/0175/M000000022/R000000010
R000000021/2.482853/0290/M000000022/R000000010
R000000020/2.758726/0147/R000000021
M000000024/1.000000/0000/Sigma_BB-326453585
R000000023/2.482853/0175/M000000024/R000000010
R000000023/2.482853/0290/M000000024/R000000010
R000000020/2.758726/0147/R000000023
R000000027/1.000000/0000/Guesstimate
R000000026/2.222222/0174/R000000006/R000000027
R000000026/2.222222/0289/R000000006/R000000027
R000000025/2.469136/0197/R000000026
R000000028/7.400000/0000/Guesstimate
R000000025/8.222222/0091/R000000028
R000000019/5.808736/0112/R000000020/R000000025
M000000031/1.000000/0000/Sigma_BB-28793992
R000000030/2.482853/0175/M000000031/R000000010
R000000030/2.482853/0290/M000000031/R000000010
R000000029/2.758726/0147/R000000030
M000000033/1.000000/0000/Sigma_BB-26890260
R000000032/2.482853/0175/M000000033/R000000010
R000000032/2.482853/0290/M000000033/R000000010
R000000029/2.758726/0147/R000000032
R000000019/5.808736/0174/R000000029/R000000025
R000000001/6.454152/0025/R000000019
Q000000002/5.639385/0000/R000000034
M000000038/1.000000/0000/Sigma_BB-28711612
R000000037/1.111111/0114/M000000038
R000000039/1.000000/0000/Guesstimate
R000000036/2.345679/0003/R000000037/R000000039
M000000041/1.000000/0000/Sigma_BB-129299872
R000000042/1.000000/0000/Guesstimate
R000000040/2.222222/0003/M000000041/R000000042
R000000043/1.000000/0000/Guesstimate
R000000040/2.345679/0112/R000000037/R000000043
M000000044/1.000000/0000/Sigma_BB-28775620
R000000036/3.580247/0049/R000000040/M000000044
R000000046/1.000000/0000/Guesstimate
R000000047/1.000000/0000/Guesstimate
R000000045/2.222222/0012/R000000046/R000000047
R000000049/1.000000/0000/Guesstimate
R000000048/2.222222/0012/R000000049/R000000047
R000000050/1.000000/0000/Guesstimate
R000000051/1.000000/0000/Guesstimate
R000000048/2.222222/0279/R000000050/R000000051
R000000045/2.469136/0041/R000000048
R000000035/5.075447/0159/R000000036/R000000045
R000000054/1.000000/0000/Guesstimate
R000000053/2.345679/0301/R000000037/R000000054
R000000053/2.345679/0301/R000000037/R000000054
R000000055/1.000000/0000/Guesstimate
R000000052/3.717421/0279/R000000053/R000000055
R000000052/3.717421/0279/R000000053/R000000055
R000000056/1.000000/0000/Guesstimate
R000000035/5.241580/0159/R000000052/R000000056
R000000034/5.639385/0024/R000000035
M000000060/1.000000/0000/Sigma_BB-28766408
R000000059/2.222222/0175/R000000009/M000000060
R000000059/2.222222/0290/R000000009/M000000060
R000000058/3.580247/0175/M000000038/R000000059
R000000062/2.222222/0004/M000000041/R000000016
R000000062/2.469136/0040/R000000040
R000000061/2.469136/0086/R000000062
R000000061/2.469136/0091/R000000062
R000000058/3.854596/0175/R000000061/M000000060
R000000057/6.721537/0174/R000000058/R000000025
M000000064/1.000000/0000/Sigma_BB-243331318
R000000063/3.854596/0112/M000000064/R000000025
M000000066/1.000000/0000/Sigma_BB-243331317
R000000065/3.854596/0112/M000000066/R000000025
M000000067/1.000000/0000/Sigma_BB-27355816
R000000065/3.854596/0174/M000000067/R000000025
R000000063/4.282884/0041/R000000065
R000000057/7.026369/0175/R000000061/R000000063
R000000034/7.468375/0025/R000000057
Q000000003/5.639385/0000/R000000034
Q000000004/5.639385/0000/R000000034
<NEXT>