#
#  Reaction log file
#  Author: LigBuilder V3 User_Diana
#  Creation time: Sat Feb 28 19:11:54 2026
#  Format:
#  QueryMoleculeId/Cost/SynthesizeId/ReactantId1/ReactantId2/ReactantId3.....
#  Id prefix:
#  Q --- Query Molecule
#  M --- Material
#  R --- Reactant
#
Directory      result/synthesize_HsDHODH/276/DATABASE/
#
Q000000001/4.130468/0000/R000000001
M000000005/1.000000/0000/Sigma_BB-154631898
R000000004/1.111111/0082/M000000005
M000000006/1.000000/0000/Sigma_BB-28760999
R000000007/1.000000/0000/Guesstimate
R000000004/2.222222/0119/M000000006/R000000007
R000000008/1.000000/0000/Guesstimate
R000000003/2.345679/0175/R000000004/R000000008
R000000003/2.345679/0290/R000000004/R000000008
R000000009/1.000000/0000/Guesstimate
R000000002/3.717421/0122/R000000003/R000000009
R000000012/2.222222/0175/M000000006/R000000008
M000000013/1.000000/0000/Sigma_BB-243601375
R000000014/1.000000/0000/Guesstimate
R000000012/2.222222/0212/M000000013/R000000014
R000000015/1.000000/0000/Guesstimate
R000000011/3.580247/0095/R000000012/R000000015
R000000016/1.000000/0000/Guesstimate
R000000011/3.580247/0122/R000000012/R000000016
R000000010/3.978053/0041/R000000011
R000000018/1.000000/0000/Guesstimate
R000000017/3.580247/0112/R000000012/R000000018
R000000010/3.978053/0099/R000000017
R000000002/5.531170/0119/R000000010/R000000007
R000000001/4.130468/0041/R000000002
R000000020/2.606310/0041/R000000003
R000000021/1.000000/0000/Guesstimate
R000000020/3.580247/0119/R000000012/R000000021
R000000019/4.007011/0095/R000000020/R000000015
R000000023/2.606310/0118/R000000003
R000000024/1.000000/0000/Guesstimate
R000000023/3.717421/0112/R000000003/R000000024
R000000022/2.895900/0041/R000000023
R000000027/1.234568/0114/R000000004
R000000026/1.371742/0041/R000000027
R000000028/1.234568/0041/R000000004
R000000028/2.222222/0119/M000000006/R000000021
R000000026/1.371742/0114/R000000028
R000000029/1.000000/0000/Guesstimate
R000000025/2.635269/0301/R000000026/R000000029
R000000030/1.000000/0000/Guesstimate
R000000025/4.007011/0122/R000000020/R000000030
R000000022/2.928077/0082/R000000025
R000000019/4.328778/0012/R000000022/R000000030
R000000001/4.452235/0041/R000000019
Q000000002/4.159427/0000/R000000031
M000000035/1.000000/0000/Sigma_BB-37328316
R000000034/1.111111/0222/M000000035
R000000037/1.000000/0000/Guesstimate
R000000036/1.111111/0040/R000000037
R000000038/1.000000/0000/Guesstimate
R000000039/1.000000/0000/Guesstimate
R000000036/2.222222/0004/R000000038/R000000039
R000000033/2.469136/0175/R000000034/R000000036
R000000041/1.000000/0000/Guesstimate
R000000040/2.345679/0175/R000000034/R000000041
R000000040/2.345679/0290/R000000034/R000000041
R000000033/2.606310/0283/R000000040
R000000032/2.743484/0073/R000000033
R000000043/7.900000/0000/Guesstimate
R000000042/8.777778/0168/R000000043
R000000044/9.500000/0000/Guesstimate
R000000042/9.500000/0082/R000000044
R000000032/9.753086/0040/R000000042
R000000045/1.000000/0000/Guesstimate
R000000031/4.159427/0003/R000000032/R000000045
R000000048/1.111111/0287/M000000035
R000000047/1.234568/0222/R000000048
R000000047/1.234568/0287/R000000034
R000000049/1.000000/0000/Guesstimate
R000000046/2.482853/0004/R000000047/R000000049
R000000052/1.000000/0000/Guesstimate
R000000051/2.345679/0175/R000000034/R000000052
R000000051/2.345679/0290/R000000034/R000000052
R000000050/2.606310/0024/R000000051
R000000054/1.000000/0000/Guesstimate
R000000053/2.345679/0175/R000000034/R000000054
R000000055/1.000000/0000/Guesstimate
R000000053/2.482853/0003/R000000047/R000000055
R000000050/2.606310/0040/R000000053
R000000046/2.895900/0085/R000000050
R000000058/1.000000/0000/Guesstimate
R000000057/2.222222/0004/R000000058/R000000045
R000000056/2.469136/0009/R000000057
R000000060/2.469136/0197/R000000057
R000000059/2.743484/0260/R000000060
R000000056/3.048316/0079/R000000059
R000000031/5.502210/0049/R000000046/R000000056
Q000000003/4.929993/0000/R000000061
M000000067/1.000000/0000/Sigma_BB-28760952
R000000066/1.111111/0182/M000000067
R000000065/1.234568/0114/R000000066
R000000069/1.000000/0000/Guesstimate
R000000070/1.000000/0000/Guesstimate
R000000068/2.222222/0279/R000000069/R000000070
R000000068/2.222222/0279/R000000069/R000000070
R000000071/1.000000/0000/Guesstimate
R000000065/3.580247/0159/R000000068/R000000071
R000000072/1.000000/0000/Guesstimate
R000000064/2.482853/0285/R000000065/R000000072
R000000063/2.758726/0233/R000000064
R000000063/2.758726/0258/R000000064
M000000075/1.000000/0000/Sigma_BB-183987797
R000000074/1.111111/0295/M000000075
R000000073/1.234568/0257/R000000074
R000000076/1.111111/0257/M000000075
R000000073/1.234568/0295/R000000076
R000000062/4.436994/0042/R000000063/R000000073
R000000061/4.929993/0099/R000000062
Q000000004/4.130468/0000/R000000077
M000000081/1.000000/0000/Sigma_BB-28458044
R000000080/1.111111/0125/M000000081
R000000080/2.222222/0112/M000000081/R000000024
R000000082/1.000000/0000/Guesstimate
R000000079/2.345679/0012/R000000080/R000000082
R000000085/1.000000/0000/Guesstimate
R000000084/2.345679/0119/R000000080/R000000085
R000000086/2.222222/0119/M000000081/R000000085
M000000087/1.000000/0000/Sigma_BB-28521633
R000000088/1.000000/0000/Guesstimate
R000000086/2.222222/0275/M000000087/R000000088
R000000084/3.580247/0112/R000000086/R000000024
R000000083/3.717421/0012/R000000084/R000000082
R000000083/3.717421/0146/R000000084/R000000082
R000000079/4.130468/0024/R000000083
R000000089/1.000000/0000/Guesstimate
R000000078/3.717421/0181/R000000079/R000000089
M000000092/1.000000/0000/Sigma_BB-27725171
R000000091/2.222222/0275/M000000092/R000000054
R000000090/2.469136/0147/R000000091
M000000094/1.000000/0000/Sigma_BB-29018150
R000000093/2.222222/0275/M000000094/R000000088
R000000090/2.469136/0153/R000000093
R000000097/1.000000/0000/Guesstimate
R000000098/2.222222/0181/R000000082/R000000089
R000000096/3.580247/0277/R000000097/R000000098
R000000095/3.978053/0150/R000000096
R000000100/1.000000/0000/Guesstimate
R000000103/1.000000/0000/Guesstimate
R000000102/1.111111/0239/R000000103
R000000101/2.345679/0004/R000000038/R000000102
R000000101/2.469136/0024/R000000098
R000000099/3.717421/0285/R000000100/R000000101
R000000095/5.241580/0119/R000000099/R000000085
R000000078/7.163543/0231/R000000090/R000000095
R000000077/4.130468/0024/R000000078
R000000104/5.212620/0142/R000000084/R000000101
R000000106/1.000000/0000/Guesstimate
R000000105/3.717421/0012/R000000084/R000000106
R000000105/4.130468/0024/R000000083
R000000104/5.241580/0181/R000000105/R000000089
R000000077/5.791800/0024/R000000104
<NEXT>