#
#  Reaction log file
#  Author: LigBuilder V3 User_Diana
#  Creation time: Sat Feb 28 19:09:18 2026
#  Format:
#  QueryMoleculeId/Cost/SynthesizeId/ReactantId1/ReactantId2/ReactantId3.....
#  Id prefix:
#  Q --- Query Molecule
#  M --- Material
#  R --- Reactant
#
Directory      result/synthesize_HsDHODH/176/DATABASE/
#
Q000000001/7.163543/0000/R000000001
R000000004/1.000000/0000/Guesstimate
R000000005/1.000000/0000/Guesstimate
R000000003/2.222222/0012/R000000004/R000000005
R000000007/1.000000/0000/Guesstimate
R000000006/2.222222/0012/R000000005/R000000007
R000000008/1.000000/0000/Guesstimate
R000000009/1.000000/0000/Guesstimate
R000000006/2.222222/0112/R000000008/R000000009
R000000003/2.469136/0041/R000000006
M000000012/1.000000/0000/Sigma_BB-37328316
R000000013/1.000000/0000/Guesstimate
R000000011/2.222222/0174/M000000012/R000000013
R000000011/2.222222/0289/M000000012/R000000013
R000000014/1.000000/0000/Guesstimate
R000000010/3.580247/0214/R000000011/R000000014
R000000016/1.000000/0000/Guesstimate
R000000015/3.580247/0275/R000000011/R000000016
R000000010/3.978053/0285/R000000015
R000000002/6.447188/0231/R000000003/R000000010
R000000019/1.000000/0000/Guesstimate
R000000018/3.580247/0231/R000000019/R000000011
R000000017/5.089163/0214/R000000018/R000000014
R000000017/5.089163/0231/R000000019/R000000010
R000000002/8.123762/0279/R000000003/R000000017
R000000001/7.163543/0294/R000000002
R000000022/1.000000/0000/Guesstimate
R000000021/2.222222/0012/R000000004/R000000022
R000000023/2.222222/0012/R000000022/R000000007
R000000024/1.000000/0000/Guesstimate
R000000023/2.222222/0112/R000000024/R000000009
R000000021/2.469136/0041/R000000023
R000000020/6.447188/0231/R000000021/R000000010
R000000026/1.000000/0000/Guesstimate
R000000025/2.222222/0012/R000000004/R000000026
R000000027/2.222222/0012/R000000026/R000000007
R000000028/1.000000/0000/Guesstimate
R000000027/2.222222/0112/R000000028/R000000009
R000000025/2.469136/0041/R000000027
R000000031/1.000000/0000/Guesstimate
R000000030/3.580247/0231/R000000031/R000000011
R000000029/5.089163/0214/R000000030/R000000014
R000000029/5.089163/0231/R000000031/R000000010
R000000020/8.123762/0279/R000000025/R000000029
R000000001/7.163543/0294/R000000020
Q000000002/5.486969/0000/R000000032
R000000035/1.000000/0000/Guesstimate
R000000036/1.000000/0000/Guesstimate
R000000034/2.222222/0004/R000000035/R000000036
R000000033/2.469136/0009/R000000034
R000000039/1.000000/0000/Guesstimate
R000000040/1.000000/0000/Guesstimate
R000000038/2.222222/0285/R000000039/R000000040
R000000037/2.469136/0274/R000000038
R000000041/2.469136/0197/R000000034
R000000037/2.743484/0260/R000000041
R000000033/2.743484/0079/R000000037
R000000044/1.000000/0000/Guesstimate
R000000045/1.000000/0000/Guesstimate
R000000043/2.222222/0003/R000000044/R000000045
R000000047/1.000000/0000/Guesstimate
R000000048/1.000000/0000/Guesstimate
R000000046/2.222222/0001/R000000047/R000000048
R000000046/2.222222/0004/R000000013/R000000048
R000000049/1.111111/0125/R000000045
R000000049/2.222222/0112/R000000016/R000000045
R000000043/3.703704/0049/R000000046/R000000049
R000000042/2.469136/0059/R000000043
R000000050/1.000000/0000/Guesstimate
R000000053/1.000000/0000/Guesstimate
R000000052/2.222222/0004/R000000053/R000000048
R000000054/1.000000/0000/Guesstimate
R000000052/2.222222/0004/R000000036/R000000054
R000000055/2.222222/0004/R000000047/R000000045
R000000056/1.000000/0000/Guesstimate
R000000057/1.000000/0000/Guesstimate
R000000055/3.333333/0225/R000000056/R000000045/R000000057
R000000051/4.938272/0212/R000000052/R000000055
M000000059/1.000000/0000/Sigma_BB-28778979
R000000058/3.580247/0212/M000000059/R000000055
R000000058/3.580247/0212/M000000059/R000000055
M000000061/1.000000/0000/Sigma_BB-28247348
R000000060/1.111111/0085/M000000061
R000000062/1.000000/0000/Guesstimate
R000000060/2.222222/0004/R000000048/R000000062
R000000051/5.212621/0212/R000000058/R000000060
R000000042/6.598080/0049/R000000050/R000000051
R000000032/5.486969/0012/R000000033/R000000042
R000000063/5.212621/0012/R000000033/R000000043
R000000064/3.854596/0012/R000000033/R000000044
R000000066/1.000000/0000/Guesstimate
R000000065/3.854596/0012/R000000033/R000000066
R000000065/3.854596/0285/R000000033/R000000066
R000000064/4.282884/0024/R000000065
R000000063/5.393995/0003/R000000064/R000000045
R000000032/5.791801/0059/R000000063
Q000000003/5.486969/0000/R000000032
<NEXT>