#
#  Reaction log file
#  Author: LigBuilder V3 User_Diana
#  Creation time: Sat Feb 28 19:11:30 2026
#  Format:
#  QueryMoleculeId/Cost/SynthesizeId/ReactantId1/ReactantId2/ReactantId3.....
#  Id prefix:
#  Q --- Query Molecule
#  M --- Material
#  R --- Reactant
#
Directory      result/synthesize_HsDHODH/267/DATABASE/
#
Q000000001/5.944217/0000/R000000001
M000000005/1.000000/0000/Sigma_BB-151013965
R000000004/1.111111/0104/M000000005
R000000004/1.111111/0104/M000000005
R000000003/1.234568/0248/R000000004
R000000007/1.000000/0000/Guesstimate
R000000008/1.000000/0000/Guesstimate
R000000006/2.222222/0285/R000000007/R000000008
R000000003/2.469136/0279/R000000006
R000000011/1.000000/0000/Guesstimate
M000000012/1.000000/0000/Sigma_BB-28805425
R000000010/2.222222/0004/R000000011/M000000012
M000000013/1.000000/0000/Sigma_BB-28484450
R000000009/3.580247/0212/R000000010/M000000013
R000000009/3.580247/0212/R000000010/M000000013
R000000002/5.349795/0018/R000000003/R000000009
R000000001/5.944217/0160/R000000002
M000000017/1.000000/0000/Sigma_BB-29051423
R000000018/1.000000/0000/Guesstimate
R000000016/2.222222/0002/M000000017/R000000018
R000000016/2.222222/0004/M000000017/R000000018
R000000015/2.469136/0197/R000000016
R000000020/1.000000/0000/Guesstimate
R000000019/2.222222/0004/M000000017/R000000020
R000000015/2.469136/0204/R000000019
M000000023/1.000000/0000/Sigma_BB-28806446
R000000022/1.111111/0197/M000000023
R000000024/1.000000/0000/Guesstimate
R000000021/2.345679/0212/R000000022/R000000024
R000000026/1.000000/0000/Guesstimate
R000000025/2.222222/0004/M000000012/R000000026
R000000025/2.222222/0212/M000000023/R000000024
R000000021/2.469136/0197/R000000025
R000000014/5.349795/0122/R000000015/R000000021
M000000028/1.000000/0000/Sigma_BB-358980510
R000000027/1.111111/0153/M000000028
R000000029/1.111111/0091/M000000028
M000000030/1.000000/0000/Sigma_BB-187212536
R000000029/1.111111/0287/M000000030
R000000027/1.234568/0154/R000000029
R000000032/1.000000/0000/Guesstimate
R000000031/3.717421/0122/R000000032/R000000021
M000000034/1.000000/0000/Sigma_BB-30407107
R000000033/3.580247/0212/M000000034/R000000025
R000000033/3.580247/0212/M000000034/R000000025
R000000031/3.978053/0188/R000000033
R000000014/5.365036/0231/R000000027/R000000031
R000000001/5.944217/0294/R000000014
Q000000002/4.282884/0000/R000000035
R000000039/1.000000/0000/Guesstimate
R000000040/1.000000/0000/Guesstimate
R000000038/2.222222/0158/R000000039/R000000040
R000000038/2.222222/0158/R000000039/R000000040
R000000037/2.469136/0188/R000000038
R000000042/1.000000/0000/Guesstimate
R000000041/2.222222/0158/R000000042/R000000040
R000000041/2.222222/0158/R000000042/R000000040
R000000037/2.469136/0188/R000000041
R000000036/2.743484/0160/R000000037
R000000045/1.000000/0000/Guesstimate
R000000046/1.000000/0000/Guesstimate
R000000044/2.222222/0159/R000000045/R000000046
R000000047/8.600000/0000/Guesstimate
R000000044/9.555556/0164/R000000047
R000000043/2.469136/0040/R000000044
R000000049/1.000000/0000/Guesstimate
R000000050/1.000000/0000/Guesstimate
R000000048/2.222222/0012/R000000049/R000000050
R000000051/1.000000/0000/Guesstimate
R000000052/1.000000/0000/Guesstimate
R000000048/2.222222/0112/R000000051/R000000052
R000000043/3.580247/0159/R000000045/R000000048
R000000036/2.743484/0197/R000000043
M000000054/1.000000/0000/Sigma_BB-29589217
R000000053/1.111111/0086/M000000054
R000000053/1.111111/0091/M000000054
R000000035/4.282884/0174/R000000036/R000000053
M000000057/1.000000/0000/Sigma_BB-27195523
R000000056/1.111111/0086/M000000057
R000000059/1.000000/0000/Guesstimate
R000000060/1.000000/0000/Guesstimate
R000000058/2.222222/0003/R000000059/R000000060
R000000061/1.000000/0000/Guesstimate
R000000058/2.222222/0277/R000000061/R000000032
R000000056/2.469136/0059/R000000058
R000000055/4.282884/0174/R000000036/R000000056
R000000062/4.159427/0174/R000000036/R000000061
R000000064/1.000000/0000/Guesstimate
R000000063/4.159427/0174/R000000036/R000000064
R000000063/4.159427/0289/R000000036/R000000064
R000000062/4.621586/0147/R000000063
R000000065/1.000000/0000/Guesstimate
R000000055/5.732697/0277/R000000062/R000000065
R000000035/4.758760/0189/R000000055
Q000000003/2.743484/0000/R000000066
M000000069/1.000000/0000/Sigma_BB-326697832
R000000068/1.111111/0074/M000000069
M000000071/1.000000/0000/Sigma_BB-72504043
R000000070/1.111111/0074/M000000071
M000000072/1.000000/0000/Sigma_BB-371180382
R000000070/2.222222/0112/M000000072/R000000051
R000000068/1.234568/0091/R000000070
R000000074/1.000000/0000/Guesstimate
R000000073/1.111111/0239/R000000074
R000000067/2.469136/0276/R000000068/R000000073
R000000067/2.469136/0278/R000000068/R000000073
R000000066/2.743484/0017/R000000067
M000000078/1.000000/0000/Sigma_BB-30386853
R000000077/1.111111/0091/M000000078
M000000079/1.000000/0000/Sigma_BB-282547754
R000000077/1.111111/0197/M000000079
R000000076/1.234568/0074/R000000077
R000000080/1.111111/0074/M000000078
M000000081/1.000000/0000/Sigma_BB-128224821
R000000080/2.222222/0112/M000000081/R000000051
R000000076/1.234568/0091/R000000080
R000000075/2.606310/0276/R000000076/R000000073
R000000075/2.606310/0278/R000000076/R000000073
R000000066/2.895900/0017/R000000075
Q000000004/Analysis Failed
<NEXT>