#
#  Reaction log file
#  Author: LigBuilder V3 User_Diana
#  Creation time: Sat Feb 28 19:05:48 2026
#  Format:
#  QueryMoleculeId/Cost/SynthesizeId/ReactantId1/ReactantId2/ReactantId3.....
#  Id prefix:
#  Q --- Query Molecule
#  M --- Material
#  R --- Reactant
#
Directory      result/synthesize_HsDHODH/39/DATABASE/
#
Q000000001/1.234568/0000/R000000001
M000000003/1.000000/0000/Sigma_BB-27089270
R000000002/1.111111/0222/M000000003
M000000006/1.000000/0000/Sigma_BB-27586287
R000000005/1.111111/0222/M000000006
M000000007/1.000000/0000/Sigma_BB-27738265
R000000005/1.111111/0287/M000000007
R000000004/1.234568/0153/R000000005
M000000009/1.000000/0000/Sigma_BB-187212536
R000000008/1.111111/0287/M000000009
R000000008/1.234568/0091/R000000005
R000000004/1.234568/0154/R000000008
R000000002/1.371742/0239/R000000004
R000000001/1.234568/0222/R000000002
R000000013/1.000000/0000/Guesstimate
R000000014/1.000000/0000/Guesstimate
R000000012/2.222222/0158/R000000013/R000000014
R000000012/2.222222/0158/R000000013/R000000014
R000000011/2.469136/0188/R000000012
R000000016/1.000000/0000/Guesstimate
R000000015/2.222222/0158/R000000016/R000000014
R000000015/2.222222/0158/R000000016/R000000014
R000000011/2.469136/0188/R000000015
R000000010/2.743484/0239/R000000011
R000000018/2.743484/0155/R000000011
R000000017/3.048316/0239/R000000018
R000000019/1.000000/0000/Guesstimate
R000000010/4.498129/0274/R000000017/R000000019
R000000001/3.048316/0160/R000000010
Q000000002/1.234568/0000/R000000001
Q000000003/1.234568/0000/R000000001
Q000000004/1.234568/0000/R000000001
<NEXT>