#
#  Reaction log file
#  Author: LigBuilder V3 User_Diana
#  Creation time: Sat Feb 28 19:10:53 2026
#  Format:
#  QueryMoleculeId/Cost/SynthesizeId/ReactantId1/ReactantId2/ReactantId3.....
#  Id prefix:
#  Q --- Query Molecule
#  M --- Material
#  R --- Reactant
#
Directory      result/synthesize_HsDHODH/251/DATABASE/
#
Q000000001/8.736813/0000/R000000001
R000000004/1.000000/0000/Guesstimate
R000000005/1.000000/0000/Guesstimate
R000000003/2.222222/0004/R000000004/R000000005
R000000002/2.469136/0009/R000000003
R000000007/7.800000/0000/Guesstimate
R000000006/8.666667/0139/R000000007
R000000008/8.800000/0000/Guesstimate
R000000006/9.777779/0099/R000000008
R000000002/8.444445/0082/R000000006
M000000010/1.000000/0000/Sigma_BB-28779625
R000000014/1.000000/0000/Guesstimate
R000000015/1.000000/0000/Guesstimate
R000000013/2.222222/0224/R000000014/R000000015
R000000012/2.469136/0122/R000000013
R000000012/9.300000/0125/R000000016
R000000017/1.000000/0000/Guesstimate
R000000011/3.854596/0012/R000000012/R000000017
R000000019/1.000000/0000/Guesstimate
R000000018/3.854596/0138/R000000012/R000000019
R000000011/4.282884/0099/R000000018
R000000009/5.393995/0042/M000000010/R000000011
R000000020/5.393995/0042/M000000010/R000000018
R000000009/5.993328/0099/R000000020
R000000001/8.736813/0012/R000000002/R000000009
M000000023/1.000000/0000/Sigma_BB-28247348
R000000022/3.854596/0206/R000000002/M000000023
R000000024/1.000000/0000/Guesstimate
R000000022/9.555556/0279/R000000006/R000000024
R000000021/5.393995/0001/R000000022/R000000005
R000000025/4.282884/0091/R000000022
R000000026/1.000000/0000/Guesstimate
R000000025/9.555556/0279/R000000006/R000000026
R000000021/5.869872/0004/R000000025/R000000005
R000000001/9.248590/0042/R000000021/R000000011
Q000000002/8.736813/0000/R000000001
Q000000003/8.736813/0000/R000000001
<NEXT>