#
#  Reaction log file
#  Author: LigBuilder V3 User_Diana
#  Creation time: Sat Feb 28 19:12:36 2026
#  Format:
#  QueryMoleculeId/Cost/SynthesizeId/ReactantId1/ReactantId2/ReactantId3.....
#  Id prefix:
#  Q --- Query Molecule
#  M --- Material
#  R --- Reactant
#
Directory      result/synthesize_HsDHODH/290/DATABASE/
#
Q000000001/5.654626/0000/R000000001
R000000005/1.000000/0000/Guesstimate
R000000006/1.000000/0000/Guesstimate
R000000004/2.222222/0158/R000000005/R000000006
R000000004/2.222222/0158/R000000005/R000000006
R000000003/2.469136/0188/R000000004
R000000008/1.000000/0000/Guesstimate
R000000007/2.222222/0158/R000000008/R000000006
R000000007/2.222222/0158/R000000008/R000000006
R000000003/2.469136/0188/R000000007
R000000002/2.743484/0160/R000000003
R000000011/1.000000/0000/Guesstimate
R000000012/1.000000/0000/Guesstimate
R000000010/2.222222/0159/R000000011/R000000012
R000000013/8.600000/0000/Guesstimate
R000000010/9.555556/0164/R000000013
R000000009/2.469136/0040/R000000010
R000000015/1.000000/0000/Guesstimate
R000000016/1.000000/0000/Guesstimate
R000000014/2.222222/0012/R000000015/R000000016
R000000017/1.000000/0000/Guesstimate
R000000018/1.000000/0000/Guesstimate
R000000014/2.222222/0112/R000000017/R000000018
R000000009/3.580247/0159/R000000011/R000000014
R000000002/2.743484/0197/R000000009
M000000021/1.000000/0000/Sigma_BB-28842249
R000000020/1.111111/0082/M000000021
R000000022/1.000000/0000/Guesstimate
R000000023/1.000000/0000/Guesstimate
R000000020/2.222222/0274/R000000022/R000000023
R000000024/1.000000/0000/Guesstimate
R000000019/2.345679/0069/R000000020/R000000024
R000000026/1.000000/0000/Guesstimate
R000000028/1.000000/0000/Guesstimate
R000000027/1.111111/0293/R000000028
R000000027/2.222222/0069/R000000023/R000000024
R000000025/2.345679/0274/R000000026/R000000027
R000000029/2.222222/0274/R000000026/R000000023
R000000030/1.000000/0000/Guesstimate
R000000029/2.222222/0275/R000000022/R000000030
R000000025/3.580247/0069/R000000029/R000000024
R000000019/2.606310/0091/R000000025
R000000001/5.654626/0175/R000000002/R000000019
R000000034/1.234568/0040/R000000020
R000000035/1.000000/0000/Guesstimate
R000000034/2.222222/0274/R000000022/R000000035
R000000033/1.371742/0197/R000000034
R000000036/1.000000/0000/Guesstimate
R000000033/2.222222/0274/R000000022/R000000036
R000000038/1.000000/0000/Guesstimate
R000000037/1.111111/0228/R000000038
R000000037/1.111111/0286/R000000038
R000000032/2.758726/0301/R000000033/R000000037
R000000039/2.606310/0228/R000000019
R000000039/2.606310/0286/R000000019
R000000032/2.895900/0156/R000000039
R000000031/6.113567/0175/R000000002/R000000032
R000000031/6.113567/0290/R000000002/R000000032
R000000001/6.792853/0188/R000000031
Q000000002/5.654626/0000/R000000001
Q000000003/5.654626/0000/R000000001
<NEXT>