#
#  Reaction log file
#  Author: LigBuilder V3 User_Diana
#  Creation time: Sat Feb 28 19:13:07 2026
#  Format:
#  QueryMoleculeId/Cost/SynthesizeId/ReactantId1/ReactantId2/ReactantId3.....
#  Id prefix:
#  Q --- Query Molecule
#  M --- Material
#  R --- Reactant
#
Directory      result/synthesize_HsDHODH/294/DATABASE/
#
Q000000001/7.468375/0000/R000000001
R000000005/1.000000/0000/Guesstimate
R000000006/1.000000/0000/Guesstimate
R000000004/2.222222/0279/R000000005/R000000006
R000000004/2.222222/0279/R000000005/R000000006
R000000007/1.000000/0000/Guesstimate
R000000003/3.580247/0159/R000000004/R000000007
R000000009/1.000000/0000/Guesstimate
R000000008/3.580247/0159/R000000004/R000000009
R000000003/3.978053/0283/R000000008
R000000012/1.000000/0000/Guesstimate
R000000013/1.000000/0000/Guesstimate
R000000011/2.222222/0003/R000000012/R000000013
R000000010/2.469136/0099/R000000011
R000000015/1.000000/0000/Guesstimate
R000000014/2.222222/0112/R000000015/R000000013
R000000010/2.469136/0099/R000000014
R000000002/6.721537/0122/R000000003/R000000010
R000000018/1.000000/0000/Guesstimate
R000000019/1.000000/0000/Guesstimate
R000000017/2.222222/0003/R000000018/R000000019
R000000020/1.000000/0000/Guesstimate
R000000017/2.222222/0049/R000000012/R000000020
R000000016/4.938272/0159/R000000004/R000000017
R000000021/2.222222/0003/R000000018/R000000013
R000000022/1.111111/0125/R000000013
R000000023/1.000000/0000/Guesstimate
R000000022/2.222222/0112/R000000023/R000000013
R000000021/2.345679/0049/R000000022/R000000012
R000000002/7.956105/0122/R000000016/R000000021
R000000001/7.468375/0197/R000000002
R000000026/5.089163/0122/R000000003/R000000019
R000000026/5.089163/0122/R000000003/R000000019
R000000025/5.654626/0197/R000000026
R000000029/1.000000/0000/Guesstimate
R000000028/1.111111/0198/R000000029
R000000030/1.000000/0000/Guesstimate
R000000028/1.111111/0198/R000000030
R000000027/1.234568/0257/R000000028
R000000031/9.000000/0000/Guesstimate
R000000027/10.000000/0082/R000000031
R000000024/7.654660/0256/R000000025/R000000027
R000000001/8.505178/0219/R000000024
Q000000002/7.380312/0000/R000000032
R000000036/1.000000/0000/Guesstimate
R000000035/3.580247/0159/R000000004/R000000036
R000000034/3.978053/0197/R000000035
R000000034/3.978053/0197/R000000035
R000000037/1.000000/0000/Guesstimate
R000000033/5.531170/0004/R000000034/R000000037
R000000038/5.531170/0003/R000000034/R000000018
R000000039/4.420059/0125/R000000034
R000000039/5.531170/0112/R000000034/R000000023
R000000038/6.022288/0049/R000000039/R000000012
R000000033/6.145744/0040/R000000038
R000000041/1.000000/0000/Guesstimate
R000000040/1.111111/0198/R000000041
R000000043/1.000000/0000/Guesstimate
R000000042/2.222222/0112/R000000023/R000000043
R000000045/1.000000/0000/Guesstimate
R000000044/2.222222/0122/R000000045/R000000043
R000000042/2.469136/0082/R000000044
R000000040/2.469136/0041/R000000042
R000000032/7.380312/0169/R000000033/R000000040
R000000049/1.000000/0000/Guesstimate
R000000048/3.580247/0159/R000000004/R000000049
R000000047/3.978053/0197/R000000048
R000000051/1.000000/0000/Guesstimate
R000000052/1.111111/0228/R000000041
R000000052/1.111111/0286/R000000041
R000000050/2.345679/0274/R000000051/R000000052
R000000054/1.000000/0000/Guesstimate
R000000053/2.222222/0301/R000000054/R000000043
R000000053/2.222222/0301/R000000054/R000000043
R000000050/2.469136/0091/R000000053
R000000046/7.026369/0112/R000000047/R000000050
R000000057/1.000000/0000/Guesstimate
R000000056/2.345679/0274/R000000057/R000000052
R000000055/2.606310/0260/R000000056
R000000059/1.000000/0000/Guesstimate
R000000058/3.717421/0112/R000000050/R000000059
R000000055/4.130468/0197/R000000058
R000000046/7.315959/0112/R000000034/R000000055
R000000032/7.807076/0147/R000000046
Q000000003/7.380312/0000/R000000032
Q000000004/7.380312/0000/R000000032
<NEXT>