#
#  Reaction log file
#  Author: LigBuilder V3 User_Diana
#  Creation time: Sat Feb 28 19:09:53 2026
#  Format:
#  QueryMoleculeId/Cost/SynthesizeId/ReactantId1/ReactantId2/ReactantId3.....
#  Id prefix:
#  Q --- Query Molecule
#  M --- Material
#  R --- Reactant
#
Directory      result/synthesize_HsDHODH/204/DATABASE/
#
Q000000001/4.452235/0000/R000000001
M000000006/1.000000/0000/Sigma_BB-30558430
R000000005/1.111111/0299/M000000006
R000000007/1.000000/0000/Guesstimate
R000000004/2.345679/0175/R000000005/R000000007
R000000004/2.345679/0290/R000000005/R000000007
R000000003/2.606310/0287/R000000004
R000000008/1.000000/0000/Guesstimate
R000000002/4.007011/0279/R000000003/R000000008
R000000009/1.234568/0287/R000000005
R000000010/1.111111/0287/M000000006
R000000010/1.111111/0287/M000000006
R000000009/1.234568/0299/R000000010
R000000013/1.000000/0000/Guesstimate
M000000014/1.000000/0000/Sigma_BB-28247348
R000000012/2.222222/0206/R000000013/M000000014
R000000012/2.222222/0206/R000000013/M000000014
R000000011/2.469136/0091/R000000012
R000000016/1.000000/0000/Guesstimate
R000000017/1.000000/0000/Guesstimate
R000000015/2.222222/0112/R000000016/R000000017
R000000011/2.469136/0099/R000000015
R000000002/4.115227/0175/R000000009/R000000011
R000000001/4.452235/0053/R000000002
R000000020/1.111111/0287/M000000006
R000000019/1.234568/0299/R000000020
R000000018/4.115227/0175/R000000019/R000000011
R000000018/4.115227/0290/R000000019/R000000011
R000000001/4.572474/0053/R000000018
Q000000002/2.928077/0000/R000000021
R000000023/1.371742/0074/R000000009
R000000024/1.371742/0287/R000000009
R000000025/1.000000/0000/Guesstimate
R000000023/2.635269/0112/R000000024/R000000025
R000000022/2.635269/0175/R000000023/R000000007
R000000022/2.635269/0290/R000000023/R000000007
R000000021/2.928077/0017/R000000022
R000000027/1.371742/0074/R000000019
R000000027/1.371742/0167/R000000019
R000000026/2.635269/0175/R000000027/R000000007
R000000026/2.635269/0290/R000000027/R000000007
R000000021/2.928077/0017/R000000026
Q000000003/4.572474/0000/R000000028
R000000032/1.000000/0000/Guesstimate
R000000033/1.000000/0000/Guesstimate
R000000031/2.222222/0276/R000000032/R000000033
R000000031/2.222222/0278/R000000032/R000000033
R000000030/2.469136/0155/R000000031
R000000036/1.000000/0000/Guesstimate
R000000035/2.222222/0276/R000000032/R000000036
R000000035/2.222222/0278/R000000032/R000000036
R000000037/1.000000/0000/Guesstimate
R000000034/3.580247/0004/R000000035/R000000037
R000000039/1.000000/0000/Guesstimate
R000000038/3.580247/0112/R000000035/R000000039
R000000034/3.978053/0233/R000000038
R000000030/3.978053/0197/R000000034
M000000042/1.000000/0000/Sigma_BB-28246511
R000000041/1.111111/0074/M000000042
R000000041/1.111111/0167/M000000042
R000000040/1.234568/0040/R000000041
M000000044/1.000000/0000/Sigma_BB-35299811
R000000043/1.111111/0222/M000000044
R000000043/2.222222/0175/M000000042/R000000039
R000000040/1.234568/0216/R000000043
R000000029/4.115227/0003/R000000030/R000000040
R000000045/2.469136/0125/R000000035
R000000045/3.580247/0112/R000000035/R000000025
R000000047/1.234568/0085/R000000043
R000000048/1.000000/0000/Guesstimate
R000000046/2.482853/0049/R000000047/R000000048
R000000049/8.900000/0000/Guesstimate
R000000046/9.888888/0082/R000000049
R000000029/5.502210/0011/R000000045/R000000046
R000000028/4.572474/0099/R000000029
M000000052/1.000000/0000/Sigma_BB-29038349
R000000051/1.111111/0222/M000000052
R000000051/1.371742/0197/R000000040
R000000050/5.212621/0003/R000000034/R000000051
R000000054/1.000000/0000/Guesstimate
R000000053/3.854596/0004/R000000030/R000000054
R000000056/1.000000/0000/Guesstimate
R000000055/3.854596/0277/R000000030/R000000056
R000000057/2.743484/0041/R000000045
R000000057/2.743484/0233/R000000045
R000000058/1.000000/0000/Guesstimate
R000000055/4.159427/0277/R000000057/R000000058
R000000053/4.282884/0024/R000000055
R000000050/5.517452/0049/R000000053/R000000041
R000000028/5.791801/0099/R000000050
Q000000004/4.282884/0000/R000000059
M000000061/1.000000/0000/Sigma_BB-337514366
R000000060/3.854596/0011/R000000045/M000000061
M000000064/1.000000/0000/Sigma_BB-28760211
R000000063/1.111111/0074/M000000064
M000000065/1.000000/0000/Sigma_BB-70578739
R000000063/2.222222/0112/M000000065/R000000025
R000000062/1.234568/0040/R000000063
M000000067/1.000000/0000/Sigma_BB-28766580
R000000068/1.000000/0000/Guesstimate
R000000066/2.222222/0175/M000000067/R000000068
R000000066/2.222222/0290/M000000067/R000000068
R000000062/2.469136/0024/R000000066
R000000060/4.115227/0003/R000000030/R000000062
R000000059/4.282884/0099/R000000060
M000000072/1.000000/0000/Sigma_BB-28764950
R000000071/2.222222/0004/M000000065/M000000072
R000000070/2.469136/0197/R000000071
R000000069/6.721537/0212/R000000034/R000000070
R000000069/6.721537/0212/R000000034/R000000070
R000000059/7.468375/0028/R000000069
<NEXT>