#
#  Reaction log file
#  Author: LigBuilder V3 User_Diana
#  Creation time: Sat Feb 28 19:05:45 2026
#  Format:
#  QueryMoleculeId/Cost/SynthesizeId/ReactantId1/ReactantId2/ReactantId3.....
#  Id prefix:
#  Q --- Query Molecule
#  M --- Material
#  R --- Reactant
#
Directory      result/synthesize_HsDHODH/41/DATABASE/
#
Q000000001/1.234568/0000/R000000001
M000000003/1.000000/0000/Sigma_BB-27089270
R000000002/1.111111/0222/M000000003
M000000006/1.000000/0000/Sigma_BB-27586287
R000000005/1.111111/0222/M000000006
M000000007/1.000000/0000/Sigma_BB-27738265
R000000005/1.111111/0287/M000000007
R000000004/1.234568/0153/R000000005
M000000009/1.000000/0000/Sigma_BB-187212536
R000000008/1.111111/0287/M000000009
R000000008/1.234568/0091/R000000005
R000000004/1.234568/0154/R000000008
R000000002/1.371742/0239/R000000004
R000000001/1.234568/0222/R000000002
R000000013/1.000000/0000/Guesstimate
R000000014/1.000000/0000/Guesstimate
R000000012/2.222222/0158/R000000013/R000000014
R000000012/2.222222/0158/R000000013/R000000014
R000000011/2.469136/0188/R000000012
R000000016/1.000000/0000/Guesstimate
R000000015/2.222222/0158/R000000016/R000000014
R000000015/2.222222/0158/R000000016/R000000014
R000000011/2.469136/0188/R000000015
R000000010/2.743484/0239/R000000011
R000000018/2.743484/0155/R000000011
R000000017/3.048316/0239/R000000018
R000000019/1.000000/0000/Guesstimate
R000000010/4.498129/0274/R000000017/R000000019
R000000001/3.048316/0160/R000000010
Q000000002/4.911177/0000/R000000020
M000000025/1.000000/0000/Sigma_BB-28785149
R000000026/1.000000/0000/Guesstimate
R000000024/2.222222/0174/M000000025/R000000026
R000000024/2.222222/0289/M000000025/R000000026
R000000023/2.469136/0114/R000000024
R000000022/2.743484/0040/R000000023
R000000027/2.469136/0040/R000000024
R000000022/2.743484/0114/R000000027
M000000030/1.000000/0000/Sigma_BB-28830366
R000000029/1.111111/0085/M000000030
R000000028/1.234568/0153/R000000029
R000000031/1.111111/0087/M000000030
R000000031/1.234568/0086/R000000029
R000000028/1.234568/0154/R000000031
R000000021/4.420059/0170/R000000022/R000000028
R000000034/1.000000/0000/Guesstimate
R000000033/3.854596/0175/R000000027/R000000034
R000000033/3.854596/0290/R000000027/R000000034
R000000032/4.282884/0153/R000000033
R000000036/1.000000/0000/Guesstimate
R000000035/3.854596/0175/R000000027/R000000036
R000000035/3.854596/0290/R000000027/R000000036
R000000032/4.282884/0154/R000000035
R000000037/1.234568/0197/R000000029
R000000038/9.200000/0000/Guesstimate
R000000037/9.200000/0155/R000000038
R000000021/6.130503/0170/R000000032/R000000037
R000000020/4.911177/0028/R000000021
R000000041/1.000000/0000/Guesstimate
R000000040/3.580247/0224/R000000024/R000000041
R000000043/1.000000/0000/Guesstimate
R000000042/3.580247/0224/R000000024/R000000043
R000000040/3.978053/0295/R000000042
R000000046/1.000000/0000/Guesstimate
R000000045/2.222222/0174/R000000034/R000000046
R000000045/2.222222/0289/R000000034/R000000046
R000000044/2.469136/0197/R000000045
R000000047/7.400000/0000/Guesstimate
R000000044/8.222222/0091/R000000047
R000000039/6.721537/0174/R000000040/R000000044
R000000039/6.721537/0289/R000000040/R000000044
R000000020/7.468375/0025/R000000039
Q000000003/4.911177/0000/R000000020
<NEXT>