#
#  Reaction log file
#  Author: LigBuilder V3 User_Diana
#  Creation time: Sat Feb 28 19:06:55 2026
#  Format:
#  QueryMoleculeId/Cost/SynthesizeId/ReactantId1/ReactantId2/ReactantId3.....
#  Id prefix:
#  Q --- Query Molecule
#  M --- Material
#  R --- Reactant
#
Directory      result/synthesize_HsDHODH/111/DATABASE/
#
Q000000001/5.654626/0000/R000000001
M000000003/1.000000/0000/Sigma_BB-28800168
R000000006/1.000000/0000/Guesstimate
R000000007/1.000000/0000/Guesstimate
R000000005/2.222222/0279/R000000006/R000000007
R000000005/2.222222/0279/R000000006/R000000007
R000000008/1.000000/0000/Guesstimate
R000000004/3.580247/0159/R000000005/R000000008
R000000010/1.000000/0000/Guesstimate
R000000009/3.580247/0159/R000000005/R000000010
R000000004/3.978053/0300/R000000009
R000000002/5.089163/0003/M000000003/R000000004
M000000011/1.000000/0000/Sigma_BB-244168514
R000000015/1.000000/0000/Guesstimate
M000000018/1.000000/0000/Sigma_BB-234543041
R000000017/1.111111/0287/M000000018
R000000019/1.000000/0000/Guesstimate
R000000016/2.345679/0174/R000000017/R000000019
R000000020/8.900000/0000/Guesstimate
R000000016/9.888888/0168/R000000020
R000000014/3.717421/0175/R000000015/R000000016
R000000014/3.717421/0290/R000000015/R000000016
R000000013/4.130468/0085/R000000014
R000000012/4.589409/0059/R000000013
R000000021/1.000000/0000/Guesstimate
R000000022/3.978053/0197/R000000004
R000000012/5.531170/0004/R000000021/R000000022
R000000002/6.210455/0049/M000000011/R000000012
R000000001/5.654626/0147/R000000002
R000000026/1.000000/0000/Guesstimate
R000000025/2.222222/0004/M000000003/R000000026
M000000027/1.000000/0000/Sigma_BB-28800525
R000000025/2.222222/0175/M000000027/R000000015
R000000024/2.469136/0086/R000000025
R000000024/2.469136/0091/R000000025
R000000023/5.349795/0175/R000000024/R000000016
R000000028/4.130468/0086/R000000014
R000000028/4.130468/0091/R000000014
R000000023/5.700521/0175/M000000027/R000000028
R000000001/5.944217/0059/R000000023
Q000000002/5.654626/0000/R000000001
Q000000003/5.654626/0000/R000000029
R000000032/1.000000/0000/Guesstimate
R000000031/3.580247/0159/R000000005/R000000032
R000000031/3.978053/0156/R000000009
R000000030/5.089163/0003/M000000003/R000000031
R000000034/3.978053/0093/R000000031
R000000035/3.978053/0197/R000000031
R000000035/3.978053/0197/R000000031
R000000034/5.531170/0004/R000000026/R000000035
R000000033/4.420059/0085/R000000034
R000000033/5.531170/0004/R000000021/R000000035
R000000030/6.022288/0049/M000000011/R000000033
R000000029/5.654626/0147/R000000030
R000000037/1.111111/0040/M000000011
R000000037/2.469136/0216/R000000025
R000000036/5.654626/0003/R000000037/R000000035
R000000038/2.222222/0004/M000000003/R000000021
R000000038/2.469136/0085/R000000025
R000000039/4.420059/0125/R000000035
R000000039/5.531170/0112/R000000019/R000000035
R000000036/7.380312/0049/R000000038/R000000039
R000000029/6.282918/0147/R000000036
Q000000004/7.468375/0000/R000000040
M000000044/1.000000/0000/Sigma_BB-243316911
R000000043/1.111111/0299/M000000044
R000000045/1.000000/0000/Guesstimate
R000000042/2.345679/0231/R000000043/R000000045
R000000047/1.000000/0000/Guesstimate
R000000046/2.345679/0231/R000000043/R000000047
R000000042/2.606310/0274/R000000046
R000000050/1.000000/0000/Guesstimate
R000000049/2.222222/0004/R000000050/R000000026
R000000051/1.000000/0000/Guesstimate
R000000052/1.000000/0000/Guesstimate
R000000049/3.333333/0225/R000000050/R000000051/R000000052
M000000054/1.000000/0000/Sigma_BB-152437451
R000000053/1.111111/0085/M000000054
R000000048/3.703704/0212/R000000049/R000000053
R000000056/2.469136/0197/R000000049
R000000055/3.854596/0004/R000000056/M000000054
R000000055/3.854596/0277/R000000056/M000000054
R000000048/4.282884/0197/R000000055
R000000041/6.721537/0175/R000000042/R000000048
R000000041/6.721537/0290/R000000042/R000000048
R000000040/7.468375/0028/R000000041
M000000060/1.000000/0000/Sigma_BB-27944466
R000000059/2.222222/0231/M000000060/R000000045
R000000062/1.000000/0000/Guesstimate
R000000061/3.854596/0122/R000000056/R000000062
R000000061/4.115227/0028/R000000048
R000000058/6.752020/0175/R000000059/R000000061
R000000063/5.393995/0175/M000000060/R000000061
R000000063/5.393995/0290/M000000060/R000000061
R000000058/7.104439/0231/R000000063/R000000045
R000000057/7.502245/0074/R000000058
R000000057/7.502245/0167/R000000058
R000000040/8.335828/0041/R000000057
<NEXT>