#
#  Reaction log file
#  Author: LigBuilder V3 User_Diana
#  Creation time: Sat Feb 28 19:11:19 2026
#  Format:
#  QueryMoleculeId/Cost/SynthesizeId/ReactantId1/ReactantId2/ReactantId3.....
#  Id prefix:
#  Q --- Query Molecule
#  M --- Material
#  R --- Reactant
#
Directory      result/synthesize_HsDHODH/253/DATABASE/
#
Q000000001/Analysis Failed
Q000000002/8.992533/0000/R000000001
R000000005/1.000000/0000/Guesstimate
M000000006/1.000000/0000/Sigma_BB-316197305
R000000004/3.333333/0242/R000000005/R000000005/M000000006
R000000007/1.000000/0000/Guesstimate
R000000003/4.814815/0003/R000000004/R000000007
R000000008/3.703704/0125/R000000004
R000000009/1.000000/0000/Guesstimate
R000000008/4.814815/0112/R000000004/R000000009
R000000010/1.000000/0000/Guesstimate
R000000003/5.226338/0049/R000000008/R000000010
M000000013/1.000000/0000/Sigma_BB-332441958
R000000014/1.000000/0000/Guesstimate
R000000012/2.222222/0279/M000000013/R000000014
R000000012/2.222222/0279/M000000013/R000000014
R000000011/2.469136/0228/R000000012
R000000011/2.469136/0286/R000000012
R000000002/8.093279/0122/R000000003/R000000011
R000000002/8.093279/0122/R000000003/R000000011
R000000001/8.992533/0028/R000000002
M000000018/1.000000/0000/Sigma_BB-40568856
R000000017/3.333333/0242/R000000005/R000000005/M000000018
R000000016/3.703704/0153/R000000017
R000000019/4.115227/0040/R000000008
R000000016/4.572474/0153/R000000019
M000000022/1.000000/0000/Sigma_BB-31286382
M000000025/1.000000/0000/Sigma_BB-28764950
R000000024/1.111111/0085/M000000025
R000000026/1.000000/0000/Guesstimate
R000000023/2.345679/0212/R000000024/R000000026
R000000027/2.222222/0212/M000000025/R000000026
R000000027/2.222222/0212/M000000025/R000000026
R000000023/2.469136/0085/R000000027
R000000021/3.717421/0212/M000000022/R000000023
R000000021/3.717421/0212/M000000022/R000000023
R000000020/4.130468/0139/R000000021
R000000028/1.000000/0000/Guesstimate
R000000029/3.717421/0212/R000000023/R000000010
R000000029/3.717421/0212/R000000023/R000000010
R000000020/5.241580/0122/R000000028/R000000029
R000000015/8.704636/0231/R000000016/R000000020
R000000032/1.000000/0000/Guesstimate
R000000031/6.460906/0122/R000000003/R000000032
R000000031/6.460906/0122/R000000003/R000000032
R000000030/7.178784/0024/R000000031
R000000034/1.000000/0000/Guesstimate
R000000033/6.460906/0122/R000000003/R000000034
R000000033/6.460906/0122/R000000003/R000000034
R000000030/7.178784/0040/R000000033
R000000015/9.524464/0212/R000000030/R000000023
R000000001/9.671818/0028/R000000015
Q000000003/5.791800/0000/R000000035
R000000039/1.000000/0000/Guesstimate
R000000038/1.111111/0228/R000000039
R000000040/1.000000/0000/Guesstimate
R000000041/1.000000/0000/Guesstimate
R000000038/2.222222/0122/R000000040/R000000041
R000000037/1.234568/0090/R000000038
M000000044/1.000000/0000/Sigma_BB-152437451
R000000045/1.000000/0000/Guesstimate
R000000043/2.222222/0004/M000000044/R000000045
R000000043/2.222222/0277/M000000044/R000000045
R000000042/2.469136/0197/R000000043
R000000046/1.111111/0085/M000000044
R000000048/1.000000/0000/Guesstimate
R000000047/1.111111/0040/R000000048
R000000047/1.111111/0085/R000000026
R000000042/2.469136/0212/R000000046/R000000047
R000000037/2.743484/0028/R000000042
R000000036/5.212620/0003/R000000019/R000000037
R000000050/1.000000/0000/Guesstimate
R000000049/4.951989/0001/R000000019/R000000050
R000000051/1.000000/0000/Guesstimate
R000000049/4.951989/0003/R000000019/R000000051
R000000053/1.000000/0000/Guesstimate
R000000052/2.222222/0122/R000000040/R000000053
R000000055/1.000000/0000/Guesstimate
R000000054/2.222222/0122/R000000040/R000000055
R000000056/1.000000/0000/Guesstimate
R000000057/1.000000/0000/Guesstimate
R000000054/2.222222/0256/R000000056/R000000057
R000000052/2.469136/0147/R000000054
R000000036/7.971346/0042/R000000049/R000000052
R000000035/5.791800/0099/R000000036
R000000058/8.093279/0122/R000000003/R000000042
R000000058/8.093279/0122/R000000003/R000000042
R000000035/8.992533/0028/R000000058
<NEXT>