#
#  Reaction log file
#  Author: LigBuilder V3 User_Diana
#  Creation time: Sat Feb 28 19:11:36 2026
#  Format:
#  QueryMoleculeId/Cost/SynthesizeId/ReactantId1/ReactantId2/ReactantId3.....
#  Id prefix:
#  Q --- Query Molecule
#  M --- Material
#  R --- Reactant
#
Directory      result/synthesize_HsDHODH/264/DATABASE/
#
Q000000001/2.895900/0000/R000000001
M000000004/1.000000/0000/Sigma_BB-243713493
M000000006/1.000000/0000/Sigma_BB-28968979
R000000005/1.111111/0247/M000000006
R000000007/1.000000/0000/Guesstimate
R000000008/1.000000/0000/Guesstimate
R000000005/2.222222/0112/R000000007/R000000008
R000000003/2.345679/0208/M000000004/R000000005
R000000003/2.345679/0209/M000000004/R000000005
R000000002/2.606310/0074/R000000003
R000000010/1.111111/0287/M000000004
M000000011/1.000000/0000/Sigma_BB-28396508
R000000010/1.111111/0299/M000000011
R000000009/2.469136/0208/R000000010/R000000005
R000000009/2.469136/0209/R000000010/R000000005
R000000012/1.000000/0000/Guesstimate
R000000002/3.854596/0112/R000000009/R000000012
R000000001/2.895900/0041/R000000002
R000000015/1.111111/0074/M000000004
R000000015/2.345679/0112/R000000010/R000000012
R000000014/1.234568/0041/R000000015
R000000016/8.200000/0000/Guesstimate
R000000014/9.111111/0191/R000000016
R000000019/1.000000/0000/Guesstimate
R000000020/1.000000/0000/Guesstimate
R000000018/2.222222/0277/R000000019/R000000020
R000000017/2.469136/0009/R000000018
R000000023/1.000000/0000/Guesstimate
R000000022/1.111111/0087/R000000023
R000000024/1.000000/0000/Guesstimate
R000000022/2.222222/0112/R000000024/R000000012
R000000025/1.000000/0000/Guesstimate
R000000021/2.345679/0004/R000000022/R000000025
R000000021/2.345679/0112/R000000022/R000000020
R000000017/2.606310/0009/R000000021
R000000013/4.115227/0208/R000000014/R000000017
R000000013/4.115227/0209/R000000014/R000000017
R000000001/4.572474/0059/R000000013
Q000000002/2.895900/0000/R000000001
Q000000003/4.130468/0000/R000000026
M000000030/1.000000/0000/Sigma_BB-187824318
R000000029/1.111111/0091/M000000030
M000000031/1.000000/0000/Sigma_BB-28792557
R000000029/1.111111/0287/M000000031
R000000032/1.000000/0000/Guesstimate
R000000028/2.345679/0276/R000000029/R000000032
R000000028/2.345679/0278/R000000029/R000000032
R000000033/1.000000/0000/Guesstimate
R000000027/3.717421/0112/R000000028/R000000033
R000000034/2.606310/0125/R000000028
R000000034/3.717421/0112/R000000028/R000000012
R000000035/1.000000/0000/Guesstimate
R000000027/4.007011/0138/R000000034/R000000035
R000000026/4.130468/0099/R000000027
R000000037/1.000000/0000/Guesstimate
R000000036/3.717421/0003/R000000028/R000000037
R000000038/1.000000/0000/Guesstimate
R000000036/4.007011/0049/R000000034/R000000038
R000000026/4.130468/0099/R000000036
Q000000004/Analysis Failed
<NEXT>