#
#  Reaction log file
#  Author: LigBuilder V3 User_Diana
#  Creation time: Sat Feb 28 19:11:20 2026
#  Format:
#  QueryMoleculeId/Cost/SynthesizeId/ReactantId1/ReactantId2/ReactantId3.....
#  Id prefix:
#  Q --- Query Molecule
#  M --- Material
#  R --- Reactant
#
Directory      result/synthesize_HsDHODH/248/DATABASE/
#
Q000000001/4.282884/0000/R000000001
M000000003/1.000000/0000/Sigma_BB-28800525
R000000006/1.000000/0000/Guesstimate
M000000007/1.000000/0000/Sigma_BB-244317404
R000000005/2.222222/0004/R000000006/M000000007
R000000008/1.000000/0000/Guesstimate
M000000009/1.000000/0000/Sigma_BB-28706556
R000000005/2.222222/0175/R000000008/M000000009
R000000004/2.469136/0086/R000000005
R000000004/2.469136/0091/R000000005
R000000002/3.854596/0175/M000000003/R000000004
R000000011/1.111111/0114/M000000003
R000000012/1.000000/0000/Guesstimate
R000000010/2.345679/0003/R000000011/R000000012
M000000014/1.000000/0000/Sigma_BB-28800168
R000000015/1.000000/0000/Guesstimate
R000000013/2.222222/0003/M000000014/R000000015
M000000016/1.000000/0000/Sigma_BB-244168514
R000000013/2.222222/0049/M000000016/R000000012
M000000017/1.000000/0000/Sigma_BB-28775620
R000000010/3.580247/0049/R000000013/M000000017
R000000019/1.000000/0000/Guesstimate
R000000020/1.000000/0000/Guesstimate
R000000018/2.222222/0012/R000000019/R000000020
R000000022/1.000000/0000/Guesstimate
R000000023/1.000000/0000/Guesstimate
R000000021/2.222222/0004/R000000022/R000000023
R000000024/1.000000/0000/Guesstimate
R000000025/1.000000/0000/Guesstimate
R000000021/2.222222/0122/R000000024/R000000025
R000000018/2.469136/0009/R000000021
R000000002/5.075447/0159/R000000010/R000000018
R000000001/4.282884/0024/R000000002
R000000028/2.222222/0004/M000000014/R000000006
R000000028/2.469136/0040/R000000013
R000000027/2.469136/0086/R000000028
R000000027/2.469136/0091/R000000028
M000000030/1.000000/0000/Sigma_BB-28706553
R000000032/1.000000/0000/Guesstimate
R000000031/1.111111/0287/R000000032
R000000029/2.345679/0112/M000000030/R000000031
M000000033/1.000000/0000/Sigma_BB-28758545
R000000035/2.222222/0174/R000000008/R000000032
R000000035/2.222222/0289/R000000008/R000000032
R000000034/2.469136/0197/R000000035
R000000036/7.400000/0000/Guesstimate
R000000034/8.222222/0091/R000000036
R000000029/3.854596/0112/M000000033/R000000034
R000000026/5.349795/0175/R000000027/R000000029
M000000039/1.000000/0000/Sigma_BB-34436839
R000000038/2.222222/0112/M000000014/M000000039
R000000038/2.222222/0174/M000000003/M000000039
R000000037/2.469136/0147/R000000038
M000000041/1.000000/0000/Sigma_BB-187814651
R000000040/2.222222/0003/M000000014/M000000041
M000000042/1.000000/0000/Sigma_BB-28929755
R000000040/2.222222/0049/M000000016/M000000042
R000000037/2.469136/0147/R000000040
R000000026/5.486969/0174/R000000037/R000000034
R000000001/5.944217/0025/R000000026
Q000000002/Analysis Failed
Q000000003/Analysis Failed
<NEXT>