#
#  Reaction log file
#  Author: LigBuilder V3 User_Diana
#  Creation time: Sat Feb 28 19:09:49 2026
#  Format:
#  QueryMoleculeId/Cost/SynthesizeId/ReactantId1/ReactantId2/ReactantId3.....
#  Id prefix:
#  Q --- Query Molecule
#  M --- Material
#  R --- Reactant
#
Directory      result/synthesize_HsDHODH/188/DATABASE/
#
Q000000001/5.807042/0000/R000000001
R000000005/1.000000/0000/Guesstimate
M000000006/1.000000/0000/Sigma_BB-28835002
R000000004/3.333333/0242/R000000005/R000000005/M000000006
M000000008/1.000000/0000/Sigma_BB-30391580
R000000007/3.333333/0242/R000000005/R000000005/M000000008
R000000007/4.115227/0197/R000000003
R000000004/3.703704/0125/R000000007
R000000003/3.703704/0040/R000000004
M000000010/1.000000/0000/Sigma_BB-30438916
R000000009/3.333333/0242/R000000005/R000000005/M000000010
R000000003/3.703704/0213/R000000009
R000000011/1.000000/0000/Guesstimate
R000000002/5.226338/0003/R000000003/R000000011
R000000013/4.115227/0093/R000000003
R000000014/1.000000/0000/Guesstimate
R000000013/4.814815/0004/R000000007/R000000014
R000000012/4.572474/0085/R000000013
R000000015/1.000000/0000/Guesstimate
R000000012/4.814815/0004/R000000007/R000000015
R000000018/1.000000/0000/Guesstimate
R000000017/2.222222/0004/R000000018/R000000011
M000000019/1.000000/0000/Sigma_BB-27941182
R000000020/1.000000/0000/Guesstimate
R000000017/2.222222/0170/M000000019/R000000020
R000000016/2.469136/0009/R000000017
R000000022/1.000000/0000/Guesstimate
R000000023/1.000000/0000/Guesstimate
R000000021/2.222222/0170/R000000022/R000000023
R000000024/1.000000/0000/Guesstimate
R000000021/2.222222/0170/R000000024/R000000020
R000000016/2.469136/0079/R000000021
R000000002/7.824012/0049/R000000012/R000000016
R000000001/5.807042/0099/R000000002
R000000026/2.222222/0004/R000000015/R000000011
M000000028/1.000000/0000/Sigma_BB-28516749
R000000027/2.222222/0170/M000000028/R000000023
R000000029/1.000000/0000/Guesstimate
R000000027/2.222222/0277/R000000029/R000000011
R000000026/2.469136/0024/R000000027
R000000025/6.172840/0049/R000000004/R000000026
R000000031/2.222222/0170/R000000029/R000000023
R000000032/1.000000/0000/Guesstimate
R000000031/2.222222/0170/R000000032/R000000020
R000000030/2.469136/0024/R000000031
R000000034/1.000000/0000/Guesstimate
R000000033/3.580247/0174/R000000021/R000000034
R000000033/3.580247/0289/R000000021/R000000034
R000000030/3.978053/0025/R000000033
R000000025/6.447188/0003/R000000007/R000000030
R000000001/6.858711/0099/R000000025
Q000000002/6.265983/0000/R000000035
R000000040/1.000000/0000/Guesstimate
R000000039/1.111111/0054/R000000040
R000000041/1.000000/0000/Guesstimate
R000000039/2.222222/0004/R000000041/R000000018
R000000038/1.234568/0009/R000000039
R000000042/1.000000/0000/Guesstimate
R000000043/1.000000/0000/Guesstimate
R000000038/2.222222/0003/R000000042/R000000043
R000000037/1.371742/0041/R000000038
R000000045/1.000000/0000/Guesstimate
R000000044/2.222222/0112/R000000042/R000000045
R000000046/1.000000/0000/Guesstimate
R000000047/1.000000/0000/Guesstimate
R000000044/2.222222/0170/R000000046/R000000047
R000000037/2.469136/0147/R000000044
R000000036/5.639385/0003/R000000003/R000000037
R000000050/1.000000/0000/Guesstimate
R000000049/2.222222/0170/M000000019/R000000050
R000000049/2.635269/0004/R000000018/R000000037
R000000048/2.469136/0009/R000000049
R000000051/2.222222/0003/R000000040/R000000043
R000000052/1.000000/0000/Guesstimate
R000000051/2.482853/0112/R000000052/R000000038
R000000048/2.469136/0041/R000000051
R000000036/7.824012/0049/R000000012/R000000048
R000000035/6.265983/0099/R000000036
R000000054/4.814815/0003/R000000007/R000000043
R000000054/4.814815/0049/R000000004/R000000015
R000000053/6.721537/0122/R000000054/R000000038
R000000055/6.460906/0122/R000000054/R000000042
R000000055/6.460906/0122/R000000054/R000000042
R000000053/8.289895/0003/R000000055/R000000043
R000000035/7.468375/0041/R000000053
Q000000003/6.265983/0000/R000000035
<NEXT>