#
#  Reaction log file
#  Author: LigBuilder V3 User_Diana
#  Creation time: Sat Feb 28 19:10:37 2026
#  Format:
#  QueryMoleculeId/Cost/SynthesizeId/ReactantId1/ReactantId2/ReactantId3.....
#  Id prefix:
#  Q --- Query Molecule
#  M --- Material
#  R --- Reactant
#
Directory      result/synthesize_HsDHODH/237/DATABASE/
#
Q000000001/3.978053/0000/R000000001
M000000004/1.000000/0000/Sigma_BB-28766596
R000000005/1.000000/0000/Guesstimate
R000000003/2.222222/0012/M000000004/R000000005
R000000007/1.000000/0000/Guesstimate
R000000006/2.222222/0012/M000000004/R000000007
R000000006/2.222222/0146/M000000004/R000000007
R000000003/2.469136/0024/R000000006
R000000008/1.000000/0000/Guesstimate
R000000002/3.580247/0181/R000000003/R000000008
R000000010/1.000000/0000/Guesstimate
R000000012/1.000000/0000/Guesstimate
R000000011/1.111111/0239/R000000012
R000000013/1.000000/0000/Guesstimate
R000000014/1.000000/0000/Guesstimate
R000000011/2.222222/0279/R000000013/R000000014
R000000009/2.345679/0004/R000000010/R000000011
R000000015/2.222222/0181/R000000007/R000000008
R000000016/1.000000/0000/Guesstimate
R000000015/2.222222/0279/R000000016/R000000014
R000000009/2.469136/0024/R000000015
R000000002/3.717421/0142/M000000004/R000000009
R000000001/3.978053/0024/R000000002
M000000019/1.000000/0000/Sigma_BB-28198806
R000000018/2.222222/0012/M000000019/R000000007
R000000018/2.469136/0024/R000000006
R000000017/3.580247/0181/R000000018/R000000008
M000000020/1.000000/0000/Sigma_BB-28756834
R000000023/1.000000/0000/Guesstimate
R000000022/3.580247/0277/R000000023/R000000015
R000000021/3.978053/0150/R000000022
R000000025/1.000000/0000/Guesstimate
R000000024/3.717421/0285/R000000025/R000000009
R000000026/1.000000/0000/Guesstimate
R000000021/5.241580/0119/R000000024/R000000026
R000000017/5.531170/0231/M000000020/R000000021
R000000001/3.978053/0024/R000000017
Q000000002/4.130468/0000/R000000027
M000000031/1.000000/0000/Sigma_BB-68213329
R000000030/1.111111/0125/M000000031
R000000032/1.000000/0000/Guesstimate
R000000030/2.222222/0112/M000000031/R000000032
R000000029/2.345679/0012/R000000030/R000000007
R000000034/2.345679/0119/R000000030/R000000026
R000000035/2.222222/0119/M000000031/R000000026
M000000036/1.000000/0000/Sigma_BB-339151272
R000000035/2.222222/0276/M000000036/R000000026
R000000034/3.580247/0112/R000000035/R000000032
R000000033/3.717421/0012/R000000034/R000000007
R000000033/3.717421/0146/R000000034/R000000007
R000000029/4.130468/0024/R000000033
R000000037/1.000000/0000/Guesstimate
R000000028/3.717421/0181/R000000029/R000000037
M000000038/1.000000/0000/Sigma_BB-34690381
R000000042/1.000000/0000/Guesstimate
R000000043/1.000000/0000/Guesstimate
R000000041/2.222222/0122/R000000042/R000000043
R000000041/2.222222/0181/R000000007/R000000037
R000000040/3.580247/0277/R000000023/R000000041
R000000039/3.978053/0150/R000000040
R000000046/1.000000/0000/Guesstimate
R000000045/2.222222/0004/R000000010/R000000046
R000000045/2.469136/0024/R000000041
R000000044/3.580247/0285/R000000025/R000000045
R000000039/5.089163/0119/R000000044/R000000026
R000000028/5.531170/0231/M000000038/R000000039
R000000027/4.130468/0024/R000000028
R000000047/5.075447/0142/R000000034/R000000045
R000000048/3.717421/0012/R000000034/R000000005
R000000048/4.130468/0024/R000000033
R000000047/5.241580/0181/R000000048/R000000037
R000000027/5.639385/0024/R000000047
Q000000003/4.130468/0000/R000000049
M000000053/1.000000/0000/Sigma_BB-28836672
R000000052/1.111111/0009/M000000053
M000000055/1.000000/0000/Sigma_BB-28521633
R000000054/2.222222/0112/M000000055/R000000032
R000000057/1.000000/0000/Guesstimate
R000000056/2.222222/0004/M000000055/R000000057
R000000054/2.469136/0009/R000000056
R000000052/2.469136/0024/R000000054
R000000051/2.345679/0012/R000000052/R000000007
R000000058/3.580247/0012/R000000054/R000000007
R000000058/3.580247/0146/R000000054/R000000007
R000000051/3.978053/0024/R000000058
R000000050/3.717421/0181/R000000051/R000000037
M000000061/1.000000/0000/Sigma_BB-27340854
R000000060/2.222222/0012/M000000061/R000000007
R000000060/2.222222/0146/M000000061/R000000007
R000000059/3.580247/0181/R000000060/R000000037
R000000062/3.580247/0142/M000000061/R000000045
M000000063/1.000000/0000/Sigma_BB-27944466
R000000062/5.089163/0231/M000000063/R000000044
R000000059/5.089163/0119/R000000062/R000000026
R000000050/3.978053/0213/R000000059
R000000049/4.130468/0024/R000000050
R000000064/4.938272/0142/R000000054/R000000045
R000000065/3.580247/0012/R000000054/R000000005
R000000065/3.978053/0024/R000000058
R000000064/5.089163/0181/R000000065/R000000037
R000000049/5.486969/0024/R000000064
Q000000004/4.130468/0000/R000000049
<NEXT>