#
#  Reaction log file
#  Author: LigBuilder V3 User_Diana
#  Creation time: Sat Feb 28 19:09:55 2026
#  Format:
#  QueryMoleculeId/Cost/SynthesizeId/ReactantId1/ReactantId2/ReactantId3.....
#  Id prefix:
#  Q --- Query Molecule
#  M --- Material
#  R --- Reactant
#
Directory      result/synthesize_HsDHODH/207/DATABASE/
#
Q000000001/4.159427/0000/R000000001
M000000005/1.000000/0000/Sigma_BB-76854184
R000000006/1.000000/0000/Guesstimate
R000000004/2.222222/0231/M000000005/R000000006
R000000003/2.469136/0294/R000000004
R000000007/2.222222/0231/M000000005/R000000006
R000000003/2.469136/0294/R000000007
R000000002/2.743484/0013/R000000003
R000000009/2.743484/0287/R000000003
R000000008/3.048316/0125/R000000009
R000000010/1.000000/0000/Guesstimate
R000000008/4.159427/0112/R000000009/R000000010
R000000002/3.387018/0041/R000000008
R000000011/1.000000/0000/Guesstimate
R000000001/4.159427/0018/R000000002/R000000011
R000000012/3.854596/0018/R000000003/R000000011
R000000014/1.000000/0000/Guesstimate
R000000013/3.854596/0018/R000000003/R000000014
R000000016/1.000000/0000/Guesstimate
R000000015/3.854596/0018/R000000003/R000000016
R000000017/1.000000/0000/Guesstimate
R000000013/5.393995/0003/R000000015/R000000017
R000000012/4.282884/0041/R000000013
R000000001/4.282884/0013/R000000012
Q000000002/5.791801/0000/R000000018
R000000021/1.000000/0000/Guesstimate
R000000022/1.000000/0000/Guesstimate
R000000020/2.222222/0224/R000000021/R000000022
R000000019/2.469136/0079/R000000020
R000000024/1.000000/0000/Guesstimate
R000000023/2.222222/0224/R000000024/R000000022
R000000019/2.469136/0082/R000000023
R000000018/5.791801/0018/R000000002/R000000019
R000000025/5.486969/0018/R000000003/R000000019
R000000027/1.000000/0000/Guesstimate
R000000026/3.854596/0018/R000000003/R000000027
R000000029/1.000000/0000/Guesstimate
R000000028/3.854596/0018/R000000003/R000000029
R000000026/4.282884/0024/R000000028
R000000031/2.222222/0224/R000000029/R000000022
R000000032/1.000000/0000/Guesstimate
R000000031/3.580247/0276/R000000020/R000000032
R000000030/2.469136/0024/R000000031
R000000034/1.000000/0000/Guesstimate
R000000033/3.580247/0174/R000000020/R000000034
R000000033/3.580247/0289/R000000020/R000000034
R000000030/3.978053/0025/R000000033
R000000025/7.026369/0212/R000000026/R000000030
R000000018/6.096632/0013/R000000025
Q000000003/5.791801/0000/R000000018
Q000000004/5.791801/0000/R000000018
<NEXT>