#
#  Reaction log file
#  Author: LigBuilder V3 User_Diana
#  Creation time: Sat Feb 28 19:10:32 2026
#  Format:
#  QueryMoleculeId/Cost/SynthesizeId/ReactantId1/ReactantId2/ReactantId3.....
#  Id prefix:
#  Q --- Query Molecule
#  M --- Material
#  R --- Reactant
#
Directory      result/synthesize_HsDHODH/220/DATABASE/
#
Q000000001/8.128843/0000/R000000001
R000000005/1.000000/0000/Guesstimate
R000000006/1.000000/0000/Guesstimate
R000000004/2.222222/0003/R000000005/R000000006
R000000008/1.000000/0000/Guesstimate
R000000007/2.222222/0004/R000000005/R000000008
R000000009/1.000000/0000/Guesstimate
R000000010/1.000000/0000/Guesstimate
R000000007/3.333333/0225/R000000005/R000000009/R000000010
R000000011/1.000000/0000/Guesstimate
R000000004/3.580247/0003/R000000007/R000000011
R000000003/2.469136/0099/R000000004
R000000014/1.000000/0000/Guesstimate
R000000013/1.111111/0293/R000000014
R000000013/2.469136/0197/R000000007
R000000015/1.000000/0000/Guesstimate
R000000012/2.345679/0095/R000000013/R000000015
R000000016/1.000000/0000/Guesstimate
R000000012/2.345679/0122/R000000013/R000000016
R000000003/2.606310/0059/R000000012
M000000020/1.000000/0000/Sigma_BB-28764950
R000000019/1.111111/0085/M000000020
R000000022/1.000000/0000/Guesstimate
M000000023/1.000000/0000/Sigma_BB-187184384
R000000021/2.222222/0004/R000000022/M000000023
R000000018/3.703704/0212/R000000019/R000000021
R000000018/3.703704/0212/R000000019/R000000021
R000000017/4.115227/0197/R000000018
R000000002/7.315959/0170/R000000003/R000000017
R000000025/1.000000/0000/Guesstimate
R000000024/2.345679/0122/R000000013/R000000025
R000000028/1.000000/0000/Guesstimate
R000000027/2.345679/0003/R000000013/R000000028
M000000030/1.000000/0000/Sigma_BB-28721388
R000000029/3.580247/0212/R000000007/M000000030
R000000029/3.580247/0212/R000000007/M000000030
R000000027/3.978053/0009/R000000029
R000000026/2.606310/0041/R000000027
R000000031/1.000000/0000/Guesstimate
R000000026/3.580247/0212/R000000007/R000000031
R000000024/2.895900/0139/R000000026
R000000033/1.000000/0000/Guesstimate
R000000034/4.115227/0153/R000000018
R000000032/5.683586/0170/R000000033/R000000034
R000000035/1.000000/0000/Guesstimate
R000000032/5.683586/0170/R000000035/R000000017
R000000002/8.921405/0279/R000000024/R000000032
R000000001/8.128843/0028/R000000002
R000000037/3.703704/0212/R000000007/R000000019
R000000037/3.703704/0212/R000000007/R000000019
M000000040/1.000000/0000/Sigma_BB-28838980
R000000039/1.111111/0082/M000000040
R000000041/1.000000/0000/Guesstimate
R000000042/1.000000/0000/Guesstimate
R000000039/2.222222/0170/R000000041/R000000042
R000000043/2.469136/0197/R000000021
R000000044/7.900000/0000/Guesstimate
R000000043/8.777778/0155/R000000044
R000000038/3.978053/0122/R000000039/R000000043
R000000038/9.511110/0122/R000000039/R000000043
R000000036/8.535285/0212/R000000037/R000000038
R000000045/5.349795/0212/R000000037/R000000039
R000000045/5.349795/0212/R000000037/R000000039
R000000036/8.687701/0122/R000000045/R000000043
R000000001/9.483650/0028/R000000036
Q000000002/Analysis Failed
Q000000003/5.791800/0000/R000000046
M000000050/1.000000/0000/Sigma_BB-29038349
R000000051/1.000000/0000/Guesstimate
R000000049/2.222222/0232/M000000050/R000000051
R000000048/4.691358/0242/R000000010/R000000010/R000000049
R000000052/3.333333/0242/R000000010/R000000010/M000000050
R000000048/4.814815/0232/R000000052/R000000051
R000000047/5.212620/0118/R000000048
R000000053/1.000000/0000/Guesstimate
R000000047/6.323731/0112/R000000048/R000000053
R000000046/5.791800/0147/R000000047
R000000057/1.000000/0000/Guesstimate
R000000056/2.222222/0232/M000000050/R000000057
R000000058/1.000000/0000/Guesstimate
R000000055/3.580247/0049/R000000056/R000000058
R000000054/6.200274/0242/R000000010/R000000010/R000000055
R000000046/6.889194/0147/R000000054
<NEXT>