#
#  Reaction log file
#  Author: LigBuilder V3 User_Diana
#  Creation time: Sat Feb 28 19:05:31 2026
#  Format:
#  QueryMoleculeId/Cost/SynthesizeId/ReactantId1/ReactantId2/ReactantId3.....
#  Id prefix:
#  Q --- Query Molecule
#  M --- Material
#  R --- Reactant
#
Directory      result/synthesize_HsDHODH/47/DATABASE/
#
Q000000001/Analysis Failed
Q000000002/4.572474/0000/R000000001
M000000005/1.000000/0000/Sigma_BB-70610893
R000000004/1.111111/0299/M000000005
M000000006/1.000000/0000/Sigma_BB-308324471
R000000007/1.000000/0000/Guesstimate
R000000004/2.222222/0231/M000000006/R000000007
R000000003/1.234568/0082/R000000004
M000000010/1.000000/0000/Sigma_BB-151014002
R000000009/1.111111/0093/M000000010
M000000011/1.000000/0000/Sigma_BB-30438916
R000000012/1.000000/0000/Guesstimate
R000000009/2.222222/0004/M000000011/R000000012
R000000008/1.234568/0085/R000000009
M000000014/1.000000/0000/Sigma_BB-28769380
R000000013/1.111111/0085/M000000014
M000000015/1.000000/0000/Sigma_BB-28760249
R000000016/1.000000/0000/Guesstimate
R000000013/2.222222/0004/M000000015/R000000016
R000000008/1.234568/0287/R000000013
R000000017/1.000000/0000/Guesstimate
R000000003/3.580247/0049/R000000008/R000000017
R000000020/1.000000/0000/Guesstimate
R000000021/1.000000/0000/Guesstimate
R000000019/2.222222/0276/R000000020/R000000021
R000000019/2.222222/0278/R000000020/R000000021
R000000018/2.469136/0275/R000000019
R000000022/2.222222/0275/R000000020/R000000021
R000000018/2.469136/0276/R000000022
R000000002/4.115227/0011/R000000003/R000000018
R000000025/1.000000/0000/Guesstimate
R000000024/3.854596/0256/R000000025/R000000018
R000000023/4.282884/0082/R000000024
R000000027/1.000000/0000/Guesstimate
R000000026/3.854596/0180/R000000027/R000000018
R000000023/4.282884/0248/R000000026
R000000002/6.130503/0049/R000000008/R000000023
R000000001/4.572474/0099/R000000002
M000000029/1.000000/0000/Sigma_BB-243340990
R000000031/3.854596/0285/R000000016/R000000018
R000000030/4.282884/0198/R000000031
R000000032/4.758760/0203/R000000023
R000000030/5.287512/0155/R000000032
R000000028/5.869872/0049/M000000029/R000000030
R000000035/1.000000/0000/Guesstimate
R000000034/3.854596/0256/R000000035/R000000018
R000000033/4.282884/0082/R000000034
R000000036/5.287512/0065/R000000032
R000000036/5.287512/0257/R000000032
R000000033/5.875013/0091/R000000036
R000000028/5.869872/0175/M000000015/R000000033
R000000001/6.522080/0099/R000000028
Q000000003/4.420059/0000/R000000037
M000000040/1.000000/0000/Sigma_BB-28516620
R000000039/1.111111/0222/M000000040
M000000041/1.000000/0000/Sigma_BB-35362955
R000000039/1.111111/0302/M000000041
R000000044/1.000000/0000/Guesstimate
R000000045/1.000000/0000/Guesstimate
R000000043/2.222222/0174/R000000044/R000000045
R000000043/2.222222/0289/R000000044/R000000045
R000000042/2.469136/0197/R000000043
R000000046/7.400000/0000/Guesstimate
R000000042/8.222222/0091/R000000046
R000000038/3.978053/0174/R000000039/R000000042
R000000048/1.111111/0287/M000000040
M000000049/1.000000/0000/Sigma_BB-30429058
R000000048/1.111111/0302/M000000049
R000000047/1.234568/0222/R000000048
R000000047/1.234568/0287/R000000039
R000000038/4.115227/0112/R000000047/R000000042
R000000037/4.420059/0025/R000000038
M000000053/1.000000/0000/Sigma_BB-247508405
R000000052/1.111111/0091/M000000053
R000000054/1.000000/0000/Guesstimate
R000000051/2.345679/0112/R000000052/R000000054
R000000055/1.111111/0197/M000000053
M000000056/1.000000/0000/Sigma_BB-27114063
R000000055/1.111111/0222/M000000056
R000000057/1.000000/0000/Guesstimate
R000000051/2.345679/0112/R000000055/R000000057
R000000059/1.000000/0000/Guesstimate
R000000060/1.000000/0000/Guesstimate
R000000058/2.222222/0012/R000000059/R000000060
R000000062/1.000000/0000/Guesstimate
R000000063/1.000000/0000/Guesstimate
R000000061/2.222222/0004/R000000062/R000000063
R000000064/1.000000/0000/Guesstimate
R000000065/1.000000/0000/Guesstimate
R000000061/2.222222/0122/R000000064/R000000065
R000000058/2.469136/0009/R000000061
R000000050/5.075447/0159/R000000051/R000000058
M000000068/1.000000/0000/Sigma_BB-28808740
R000000069/1.000000/0000/Guesstimate
R000000067/2.222222/0175/M000000068/R000000069
R000000070/1.000000/0000/Guesstimate
R000000067/2.345679/0003/R000000055/R000000070
R000000066/3.580247/0012/R000000067/R000000060
M000000072/1.000000/0000/Sigma_BB-27087339
R000000071/3.580247/0231/M000000072/R000000058
R000000066/3.978053/0222/R000000071
R000000050/5.089163/0159/R000000066/R000000059
R000000037/5.639385/0024/R000000050
<NEXT>