#
#  Reaction log file
#  Author: LigBuilder V3 User_Diana
#  Creation time: Sat Feb 28 19:07:58 2026
#  Format:
#  QueryMoleculeId/Cost/SynthesizeId/ReactantId1/ReactantId2/ReactantId3.....
#  Id prefix:
#  Q --- Query Molecule
#  M --- Material
#  R --- Reactant
#
Directory      result/synthesize_HsDHODH/132/DATABASE/
#
Q000000001/Analysis Failed
Q000000002/6.113567/0000/R000000001
R000000005/1.000000/0000/Guesstimate
R000000006/1.000000/0000/Guesstimate
R000000004/2.222222/0004/R000000005/R000000006
R000000003/2.469136/0009/R000000004
R000000009/1.000000/0000/Guesstimate
R000000010/1.000000/0000/Guesstimate
R000000008/2.222222/0285/R000000009/R000000010
R000000007/2.469136/0274/R000000008
R000000011/2.469136/0197/R000000004
R000000007/2.743484/0260/R000000011
R000000003/2.743484/0079/R000000007
R000000013/1.000000/0000/Guesstimate
M000000016/1.000000/0000/Sigma_BB-249438122
R000000015/1.111111/0041/M000000016
R000000015/1.111111/0233/M000000016
R000000014/1.234568/0155/R000000015
R000000014/8.777778/0152/R000000017
R000000012/2.482853/0003/R000000013/R000000014
R000000012/9.200000/0003/R000000013/R000000014
R000000002/5.502210/0012/R000000003/R000000012
R000000018/3.854596/0012/R000000003/R000000013
R000000020/1.000000/0000/Guesstimate
R000000019/3.854596/0012/R000000003/R000000020
R000000019/3.854596/0285/R000000003/R000000020
R000000018/4.282884/0024/R000000019
R000000002/5.654626/0003/R000000018/R000000014
R000000001/6.113567/0059/R000000002
R000000024/1.000000/0000/Guesstimate
R000000025/1.000000/0000/Guesstimate
R000000023/2.222222/0277/R000000024/R000000025
R000000022/2.469136/0009/R000000023
R000000026/8.800000/0000/Guesstimate
R000000022/9.777779/0082/R000000026
R000000027/2.758726/0059/R000000012
R000000028/1.000000/0000/Guesstimate
R000000031/1.000000/0000/Guesstimate
R000000030/9.800000/0274/R000000029/R000000031
R000000029/9.222222/0155/R000000030
R000000033/9.111111/0125/R000000014
R000000034/1.000000/0000/Guesstimate
R000000033/9.200000/0112/R000000034/R000000014
R000000032/9.111111/0041/R000000033
R000000032/9.111111/0233/R000000033
R000000029/9.222222/0155/R000000032
R000000027/9.800000/0301/R000000028/R000000029
R000000021/5.808736/0285/R000000022/R000000027
R000000001/6.454152/0099/R000000021
Q000000003/5.486969/0000/R000000035
M000000038/1.000000/0000/Sigma_BB-34690448
R000000037/2.222222/0003/R000000013/M000000038
R000000040/1.000000/0000/Guesstimate
R000000041/1.000000/0000/Guesstimate
R000000039/2.222222/0001/R000000040/R000000041
R000000042/1.000000/0000/Guesstimate
R000000039/2.222222/0004/R000000042/R000000041
M000000043/1.000000/0000/Sigma_BB-154017878
R000000037/3.580247/0049/R000000039/M000000043
R000000036/2.469136/0059/R000000037
R000000044/1.000000/0000/Guesstimate
R000000046/1.111111/0054/M000000043
M000000047/1.000000/0000/Sigma_BB-28778979
M000000049/1.000000/0000/Sigma_BB-30201014
R000000048/1.111111/0093/M000000049
R000000048/2.222222/0004/R000000040/M000000038
R000000046/2.345679/0212/M000000047/R000000048
M000000051/1.000000/0000/Sigma_BB-28247348
R000000050/1.111111/0085/M000000051
R000000052/1.000000/0000/Guesstimate
R000000050/2.222222/0004/R000000041/R000000052
R000000045/2.469136/0212/R000000046/R000000050
R000000053/2.222222/0004/R000000025/R000000041
R000000054/1.000000/0000/Guesstimate
R000000053/2.222222/0004/R000000006/R000000054
R000000045/3.703704/0212/R000000053/R000000048
R000000036/3.854596/0049/R000000044/R000000045
R000000035/5.486969/0012/R000000003/R000000036
R000000055/5.212621/0012/R000000003/R000000037
R000000055/5.393995/0003/R000000018/M000000038
R000000035/5.791801/0059/R000000055
Q000000004/5.791801/0000/R000000056
R000000060/1.000000/0000/Guesstimate
R000000061/1.000000/0000/Guesstimate
R000000059/2.222222/0279/R000000060/R000000061
R000000059/2.222222/0279/R000000060/R000000061
R000000058/2.469136/0274/R000000059
R000000062/2.222222/0274/R000000060/R000000061
R000000058/2.469136/0279/R000000062
R000000057/2.743484/0082/R000000058
R000000065/1.000000/0000/Guesstimate
R000000066/1.000000/0000/Guesstimate
R000000064/2.222222/0279/R000000065/R000000066
R000000064/2.222222/0279/R000000065/R000000066
R000000067/1.000000/0000/Guesstimate
R000000063/3.580247/0274/R000000064/R000000067
R000000068/2.222222/0274/R000000066/R000000067
R000000063/3.580247/0279/R000000065/R000000068
R000000057/3.978053/0095/R000000063
R000000056/5.791801/0012/R000000057/R000000036
R000000069/5.517452/0012/R000000057/R000000037
R000000070/4.159427/0012/R000000057/R000000013
R000000071/4.159427/0012/R000000057/R000000020
R000000071/4.159427/0285/R000000057/R000000020
R000000070/4.621586/0024/R000000071
R000000069/5.732697/0003/R000000070/M000000038
R000000056/6.130503/0059/R000000069
<NEXT>