#
#  Reaction log file
#  Author: LigBuilder V3 User_Diana
#  Creation time: Sat Feb 28 19:05:31 2026
#  Format:
#  QueryMoleculeId/Cost/SynthesizeId/ReactantId1/ReactantId2/ReactantId3.....
#  Id prefix:
#  Q --- Query Molecule
#  M --- Material
#  R --- Reactant
#
Directory      result/synthesize_HsDHODH/48/DATABASE/
#
Q000000001/4.420059/0000/R000000001
M000000004/1.000000/0000/Sigma_BB-28516620
R000000003/1.111111/0222/M000000004
M000000005/1.000000/0000/Sigma_BB-35362955
R000000003/1.111111/0302/M000000005
R000000008/1.000000/0000/Guesstimate
R000000009/1.000000/0000/Guesstimate
R000000007/2.222222/0174/R000000008/R000000009
R000000007/2.222222/0289/R000000008/R000000009
R000000006/2.469136/0197/R000000007
R000000010/7.400000/0000/Guesstimate
R000000006/8.222222/0091/R000000010
R000000002/3.978053/0174/R000000003/R000000006
R000000012/1.111111/0287/M000000004
M000000013/1.000000/0000/Sigma_BB-30429058
R000000012/1.111111/0302/M000000013
R000000011/1.234568/0222/R000000012
R000000011/1.234568/0287/R000000003
R000000002/4.115227/0112/R000000011/R000000006
R000000001/4.420059/0025/R000000002
M000000017/1.000000/0000/Sigma_BB-247508405
R000000016/1.111111/0091/M000000017
R000000018/1.000000/0000/Guesstimate
R000000015/2.345679/0112/R000000016/R000000018
R000000019/1.111111/0197/M000000017
M000000020/1.000000/0000/Sigma_BB-27114063
R000000019/1.111111/0222/M000000020
R000000021/1.000000/0000/Guesstimate
R000000015/2.345679/0112/R000000019/R000000021
R000000023/1.000000/0000/Guesstimate
R000000024/1.000000/0000/Guesstimate
R000000022/2.222222/0012/R000000023/R000000024
R000000026/1.000000/0000/Guesstimate
R000000027/1.000000/0000/Guesstimate
R000000025/2.222222/0004/R000000026/R000000027
R000000028/1.000000/0000/Guesstimate
R000000029/1.000000/0000/Guesstimate
R000000025/2.222222/0122/R000000028/R000000029
R000000022/2.469136/0009/R000000025
R000000014/5.075447/0159/R000000015/R000000022
M000000032/1.000000/0000/Sigma_BB-28808740
R000000033/1.000000/0000/Guesstimate
R000000031/2.222222/0175/M000000032/R000000033
R000000034/1.000000/0000/Guesstimate
R000000031/2.345679/0003/R000000019/R000000034
R000000030/3.580247/0012/R000000031/R000000024
M000000036/1.000000/0000/Sigma_BB-27087339
R000000035/3.580247/0231/M000000036/R000000022
R000000030/3.978053/0222/R000000035
R000000014/5.089163/0159/R000000030/R000000023
R000000001/5.639385/0024/R000000014
Q000000002/4.572474/0000/R000000037
M000000041/1.000000/0000/Sigma_BB-66456436
R000000040/1.111111/0302/M000000041
R000000039/1.234568/0222/R000000040
R000000042/1.111111/0222/M000000041
R000000039/1.234568/0302/R000000042
R000000038/4.115227/0174/R000000039/R000000006
R000000038/4.115227/0289/R000000039/R000000006
R000000037/4.572474/0025/R000000038
R000000045/1.000000/0000/Guesstimate
R000000044/2.345679/0112/R000000016/R000000045
R000000046/1.000000/0000/Guesstimate
R000000044/2.345679/0112/R000000019/R000000046
R000000043/5.075447/0159/R000000044/R000000022
R000000048/1.111111/0153/M000000017
R000000048/1.111111/0222/M000000036
R000000050/1.000000/0000/Guesstimate
R000000051/1.000000/0000/Guesstimate
R000000049/2.222222/0279/R000000050/R000000051
R000000049/2.222222/0279/R000000050/R000000051
R000000047/3.703704/0231/R000000048/R000000049
M000000053/1.000000/0000/Sigma_BB-184570616
R000000052/3.580247/0231/M000000053/R000000049
R000000047/3.978053/0239/R000000052
R000000043/5.226338/0159/R000000047/R000000023
R000000037/5.639385/0024/R000000043
Q000000003/4.420059/0000/R000000054
M000000057/1.000000/0000/Sigma_BB-28806395
R000000056/1.111111/0222/M000000057
R000000056/1.371742/0239/R000000011
R000000055/3.978053/0174/R000000056/R000000006
R000000055/3.978053/0289/R000000056/R000000006
R000000054/4.420059/0025/R000000055
R000000059/1.000000/0000/Guesstimate
R000000058/5.089163/0159/R000000030/R000000059
R000000061/1.000000/0000/Guesstimate
R000000063/1.000000/0000/Guesstimate
R000000062/1.111111/0239/R000000063
R000000060/2.345679/0181/R000000061/R000000062
R000000065/1.000000/0000/Guesstimate
R000000064/2.345679/0181/R000000065/R000000062
R000000060/2.606310/0204/R000000064
R000000058/5.212620/0159/R000000015/R000000060
R000000054/5.654626/0024/R000000058
Q000000004/4.572474/0000/R000000066
R000000068/1.234568/0114/R000000003
R000000069/2.345679/0175/R000000003/R000000008
R000000069/2.345679/0290/R000000003/R000000008
R000000068/2.606310/0197/R000000069
R000000067/4.115227/0174/R000000068/R000000006
R000000070/1.371742/0114/R000000011
R000000071/2.482853/0175/R000000011/R000000008
R000000071/2.482853/0290/R000000011/R000000008
R000000070/2.758726/0197/R000000071
R000000067/4.267642/0112/R000000070/R000000006
R000000066/4.572474/0025/R000000067
R000000074/1.234568/0114/R000000016
R000000073/2.482853/0112/R000000074/R000000018
R000000075/1.234568/0114/R000000019
R000000073/2.482853/0112/R000000075/R000000021
R000000072/5.227862/0159/R000000073/R000000022
R000000072/5.639385/0114/R000000014
R000000066/5.808735/0024/R000000072
<NEXT>