#
#  Reaction log file
#  Author: LigBuilder V3 User_Diana
#  Creation time: Sat Feb 28 19:08:50 2026
#  Format:
#  QueryMoleculeId/Cost/SynthesizeId/ReactantId1/ReactantId2/ReactantId3.....
#  Id prefix:
#  Q --- Query Molecule
#  M --- Material
#  R --- Reactant
#
Directory      result/synthesize_HsDHODH/164/DATABASE/
#
Q000000001/4.420058/0000/R000000001
R000000005/1.000000/0000/Guesstimate
R000000004/1.111111/0125/R000000005
R000000006/1.000000/0000/Guesstimate
R000000004/2.222222/0112/R000000005/R000000006
R000000007/1.000000/0000/Guesstimate
R000000003/2.345679/0285/R000000004/R000000007
R000000009/1.000000/0000/Guesstimate
R000000010/1.000000/0000/Guesstimate
R000000008/2.222222/0018/R000000009/R000000010
R000000003/2.469136/0295/R000000008
M000000013/1.000000/0000/Sigma_BB-28764950
R000000012/1.111111/0197/M000000013
R000000011/1.234568/0093/R000000012
M000000015/1.000000/0000/Sigma_BB-28457967
R000000014/2.345679/0212/M000000015/R000000012
R000000014/2.345679/0212/M000000015/R000000012
R000000011/2.606310/0100/R000000014
R000000002/3.978052/0159/R000000003/R000000011
R000000001/4.420058/0028/R000000002
M000000019/1.000000/0000/Sigma_BB-28830366
R000000018/1.111111/0087/M000000019
R000000017/1.234568/0092/R000000018
R000000020/1.111111/0085/M000000019
R000000021/1.000000/0000/Guesstimate
R000000020/2.345679/0275/R000000018/R000000021
R000000017/1.234568/0093/R000000020
R000000016/3.978052/0159/R000000003/R000000017
R000000001/4.420058/0028/R000000016
Q000000002/Analysis Failed
Q000000003/Analysis Failed
<NEXT>