#
#  Reaction log file
#  Author: LigBuilder V3 User_Diana
#  Creation time: Sat Feb 28 19:08:22 2026
#  Format:
#  QueryMoleculeId/Cost/SynthesizeId/ReactantId1/ReactantId2/ReactantId3.....
#  Id prefix:
#  Q --- Query Molecule
#  M --- Material
#  R --- Reactant
#
Directory      result/synthesize_HsDHODH/170/DATABASE/
#
Q000000001/6.096632/0000/R000000001
R000000005/1.000000/0000/Guesstimate
R000000006/1.000000/0000/Guesstimate
R000000004/2.222222/0158/R000000005/R000000006
R000000004/2.222222/0158/R000000005/R000000006
R000000003/2.469136/0188/R000000004
R000000008/1.000000/0000/Guesstimate
R000000007/2.222222/0158/R000000008/R000000006
R000000007/2.222222/0158/R000000008/R000000006
R000000003/2.469136/0188/R000000007
R000000002/2.743484/0160/R000000003
R000000011/1.000000/0000/Guesstimate
R000000012/1.000000/0000/Guesstimate
R000000010/2.222222/0159/R000000011/R000000012
R000000013/8.600000/0000/Guesstimate
R000000010/9.555556/0164/R000000013
R000000009/2.469136/0040/R000000010
R000000015/1.000000/0000/Guesstimate
R000000016/1.000000/0000/Guesstimate
R000000014/2.222222/0012/R000000015/R000000016
R000000017/1.000000/0000/Guesstimate
R000000018/1.000000/0000/Guesstimate
R000000014/2.222222/0112/R000000017/R000000018
R000000009/3.580247/0159/R000000011/R000000014
R000000002/2.743484/0197/R000000009
R000000022/1.000000/0000/Guesstimate
R000000023/1.000000/0000/Guesstimate
R000000021/2.222222/0012/R000000022/R000000023
R000000021/2.222222/0285/R000000022/R000000023
R000000020/2.469136/0198/R000000021
R000000020/2.469136/0298/R000000021
R000000019/2.743484/0041/R000000020
R000000026/1.000000/0000/Guesstimate
M000000027/1.000000/0000/Sigma_BB-28760650
R000000025/2.222222/0001/R000000026/M000000027
R000000025/2.222222/0141/R000000022/M000000027
R000000024/2.469136/0147/R000000025
R000000029/1.000000/0000/Guesstimate
R000000028/2.222222/0285/R000000022/R000000029
R000000024/2.469136/0198/R000000028
R000000019/2.743484/0086/R000000024
R000000001/6.096632/0174/R000000002/R000000019
R000000033/1.000000/0000/Guesstimate
R000000034/1.000000/0000/Guesstimate
R000000032/2.222222/0285/R000000033/R000000034
R000000031/2.469136/0198/R000000032
R000000035/3.048316/0228/R000000019
R000000035/3.048316/0286/R000000019
R000000031/3.387018/0156/R000000035
R000000030/5.791801/0174/R000000002/R000000031
R000000030/5.791801/0289/R000000002/R000000031
R000000001/6.435335/0188/R000000030
Q000000002/6.981020/0000/R000000036
R000000039/2.743484/0287/R000000009
R000000038/3.048316/0197/R000000039
R000000038/3.048316/0287/R000000002
M000000043/1.000000/0000/Sigma_BB-30582398
R000000042/1.111111/0087/M000000043
R000000044/1.000000/0000/Guesstimate
R000000041/2.345679/0004/R000000042/R000000044
R000000045/1.000000/0000/Guesstimate
R000000041/2.345679/0301/R000000042/R000000045
R000000040/2.606310/0009/R000000041
R000000046/2.345679/0122/R000000042/R000000015
R000000040/2.606310/0082/R000000046
R000000037/6.282918/0112/R000000038/R000000040
R000000049/1.000000/0000/Guesstimate
R000000048/4.159427/0174/R000000002/R000000049
R000000048/4.159427/0289/R000000002/R000000049
R000000047/4.621586/0197/R000000048
R000000047/4.621586/0197/R000000048
R000000050/1.234568/0079/R000000042
R000000051/1.000000/0000/Guesstimate
R000000053/1.000000/0000/Guesstimate
R000000054/1.000000/0000/Guesstimate
R000000052/2.222222/0001/R000000053/R000000054
R000000055/1.000000/0000/Guesstimate
R000000052/2.222222/0141/R000000053/R000000055
R000000050/3.580247/0042/R000000051/R000000052
R000000037/6.506838/0112/R000000047/R000000050
R000000036/6.981020/0041/R000000037
M000000059/1.000000/0000/Sigma_BB-130314282
R000000058/1.111111/0228/M000000059
R000000058/1.111111/0286/M000000059
R000000060/1.111111/0085/M000000027
R000000062/1.000000/0000/Guesstimate
R000000063/1.000000/0000/Guesstimate
R000000061/2.222222/0004/R000000062/R000000063
R000000064/1.000000/0000/Guesstimate
R000000065/1.000000/0000/Guesstimate
R000000061/3.333333/0225/R000000063/R000000064/R000000065
R000000060/2.469136/0100/R000000061
R000000057/2.469136/0212/R000000058/R000000060
R000000057/2.469136/0212/R000000058/R000000060
R000000056/7.878580/0112/R000000047/R000000057
R000000067/3.854596/0112/R000000057/R000000049
R000000066/4.282884/0197/R000000067
R000000069/1.000000/0000/Guesstimate
R000000068/3.854596/0301/R000000057/R000000069
R000000068/3.854596/0301/R000000057/R000000069
R000000066/4.282884/0260/R000000068
R000000056/8.145779/0112/R000000038/R000000066
R000000036/8.753978/0028/R000000056
Q000000003/8.674530/0000/R000000070
R000000074/1.000000/0000/Guesstimate
R000000073/3.580247/0301/R000000074/R000000052
R000000073/3.580247/0301/R000000074/R000000052
R000000072/3.978053/0086/R000000073
R000000072/3.978053/0091/R000000073
R000000071/7.807077/0112/R000000038/R000000072
R000000077/1.000000/0000/Guesstimate
R000000076/2.222222/0301/R000000074/R000000077
R000000076/2.222222/0301/R000000074/R000000077
R000000075/2.469136/0082/R000000076
R000000079/1.000000/0000/Guesstimate
R000000080/1.000000/0000/Guesstimate
R000000078/2.222222/0301/R000000079/R000000080
R000000081/1.000000/0000/Guesstimate
R000000078/2.222222/0301/R000000074/R000000081
R000000075/3.580247/0112/R000000078/R000000017
R000000071/7.878580/0112/R000000047/R000000075
R000000070/8.674530/0041/R000000071
R000000083/5.135096/0154/R000000047
R000000084/6.246207/0275/R000000047/R000000065
R000000083/6.940230/0153/R000000084
R000000086/2.469136/0118/R000000076
R000000086/3.580247/0112/R000000076/R000000017
R000000085/2.743484/0041/R000000086
R000000089/1.000000/0000/Guesstimate
R000000088/2.345679/0212/R000000089/R000000060
M000000091/1.000000/0000/Sigma_BB-28457967
R000000090/2.345679/0212/M000000091/R000000060
R000000090/2.469136/0093/R000000061
R000000088/2.606310/0197/R000000090
R000000087/3.717421/0122/R000000088/R000000015
R000000092/1.000000/0000/Guesstimate
R000000085/5.241580/0122/R000000087/R000000092
R000000082/8.753978/0231/R000000083/R000000085
R000000095/1.000000/0000/Guesstimate
R000000094/6.816773/0231/R000000083/R000000095
R000000093/8.685304/0301/R000000094/R000000080
R000000096/3.048316/0219/R000000085
R000000096/3.048316/0219/R000000085
R000000093/9.092680/0231/R000000083/R000000096
R000000082/9.650337/0245/R000000093
R000000070/9.726643/0082/R000000082
<NEXT>