#
#  Reaction log file
#  Author: LigBuilder V3 User_Diana
#  Creation time: Sat Feb 28 19:07:48 2026
#  Format:
#  QueryMoleculeId/Cost/SynthesizeId/ReactantId1/ReactantId2/ReactantId3.....
#  Id prefix:
#  Q --- Query Molecule
#  M --- Material
#  R --- Reactant
#
Directory      result/synthesize_HsDHODH/113/DATABASE/
#
Q000000001/Analysis Failed
Q000000002/2.804620/0000/R000000001
M000000006/1.000000/0000/Sigma_BB-187833390
R000000005/1.111111/0222/M000000006
R000000004/1.234568/0114/R000000005
R000000003/1.371742/0217/R000000004
R000000007/1.000000/0000/Guesstimate
R000000003/2.345679/0174/R000000005/R000000007
R000000002/1.524158/0041/R000000003
R000000002/1.524158/0233/R000000003
M000000008/1.000000/0000/Sigma_BB-29589192
R000000001/2.804620/0175/R000000002/M000000008
R000000009/2.635269/0175/R000000003/M000000008
R000000009/2.635269/0290/R000000003/M000000008
R000000001/2.928077/0041/R000000009
Q000000003/2.804620/0000/R000000001
<NEXT>