#
#  Reaction log file
#  Author: LigBuilder V3 User_Diana
#  Creation time: Sat Feb 28 19:07:42 2026
#  Format:
#  QueryMoleculeId/Cost/SynthesizeId/ReactantId1/ReactantId2/ReactantId3.....
#  Id prefix:
#  Q --- Query Molecule
#  M --- Material
#  R --- Reactant
#
Directory      result/synthesize_HsDHODH/128/DATABASE/
#
Q000000001/5.486969/0000/R000000001
R000000004/1.000000/0000/Guesstimate
R000000005/1.000000/0000/Guesstimate
R000000003/2.222222/0004/R000000004/R000000005
R000000002/2.469136/0009/R000000003
R000000008/1.000000/0000/Guesstimate
R000000009/1.000000/0000/Guesstimate
R000000007/2.222222/0285/R000000008/R000000009
R000000006/2.469136/0274/R000000007
R000000010/2.469136/0197/R000000003
R000000006/2.743484/0260/R000000010
R000000002/2.743484/0079/R000000006
R000000013/1.000000/0000/Guesstimate
R000000014/1.000000/0000/Guesstimate
R000000012/2.222222/0003/R000000013/R000000014
R000000016/1.000000/0000/Guesstimate
R000000017/1.000000/0000/Guesstimate
R000000015/2.222222/0001/R000000016/R000000017
R000000018/1.000000/0000/Guesstimate
R000000015/2.222222/0004/R000000018/R000000017
R000000019/1.111111/0125/R000000014
R000000020/1.000000/0000/Guesstimate
R000000019/2.222222/0112/R000000020/R000000014
R000000012/3.703704/0049/R000000015/R000000019
R000000011/2.469136/0059/R000000012
R000000021/1.000000/0000/Guesstimate
R000000024/1.000000/0000/Guesstimate
R000000023/2.222222/0004/R000000024/R000000017
R000000025/1.000000/0000/Guesstimate
R000000023/2.222222/0004/R000000005/R000000025
R000000026/2.222222/0004/R000000016/R000000014
R000000027/1.000000/0000/Guesstimate
R000000028/1.000000/0000/Guesstimate
R000000026/3.333333/0225/R000000027/R000000014/R000000028
R000000022/4.938272/0212/R000000023/R000000026
M000000030/1.000000/0000/Sigma_BB-28778979
R000000029/3.580247/0212/M000000030/R000000026
R000000029/3.580247/0212/M000000030/R000000026
M000000032/1.000000/0000/Sigma_BB-28247348
R000000031/1.111111/0085/M000000032
R000000033/1.000000/0000/Guesstimate
R000000031/2.222222/0004/R000000017/R000000033
R000000022/5.212621/0212/R000000029/R000000031
R000000011/6.598080/0049/R000000021/R000000022
R000000001/5.486969/0012/R000000002/R000000011
R000000034/5.212621/0012/R000000002/R000000012
R000000035/3.854596/0012/R000000002/R000000013
R000000037/1.000000/0000/Guesstimate
R000000036/3.854596/0012/R000000002/R000000037
M000000040/1.000000/0000/Sigma_BB-28792337
R000000039/2.222222/0112/R000000004/M000000040
R000000041/1.000000/0000/Guesstimate
R000000039/3.854596/0112/R000000006/R000000041
R000000038/2.469136/0099/R000000039
R000000042/3.854596/0206/R000000002/M000000032
R000000042/3.854596/0285/R000000002/R000000016
R000000038/4.282884/0091/R000000042
R000000043/1.000000/0000/Guesstimate
R000000036/3.854596/0112/R000000038/R000000043
R000000035/4.282884/0024/R000000036
R000000034/5.393995/0003/R000000035/R000000014
R000000001/5.791801/0059/R000000034
Q000000002/5.486969/0000/R000000001
Q000000003/5.486969/0000/R000000001
<NEXT>