#
#  Reaction log file
#  Author: LigBuilder V3 User_Diana
#  Creation time: Sat Feb 28 19:12:26 2026
#  Format:
#  QueryMoleculeId/Cost/SynthesizeId/ReactantId1/ReactantId2/ReactantId3.....
#  Id prefix:
#  Q --- Query Molecule
#  M --- Material
#  R --- Reactant
#
Directory      result/synthesize_HsDHODH/280/DATABASE/
#
Q000000001/5.531170/0000/R000000001
M000000004/1.000000/0000/Sigma_BB-28760999
R000000006/1.000000/0000/Guesstimate
R000000007/1.000000/0000/Guesstimate
R000000005/2.222222/0112/R000000006/R000000007
R000000003/3.580247/0224/M000000004/R000000005
M000000009/1.000000/0000/Sigma_BB-34437027
R000000008/3.580247/0224/M000000009/R000000005
R000000003/3.978053/0287/R000000008
R000000002/3.978053/0192/R000000003
R000000012/1.000000/0000/Guesstimate
R000000013/1.000000/0000/Guesstimate
R000000011/2.222222/0279/R000000012/R000000013
R000000011/2.222222/0279/R000000012/R000000013
R000000015/1.000000/0000/Guesstimate
R000000014/3.580247/0049/R000000015/R000000005
R000000010/6.447188/0159/R000000011/R000000014
R000000002/7.163543/0197/R000000010
R000000016/1.000000/0000/Guesstimate
R000000001/5.531170/0119/R000000002/R000000016
M000000020/1.000000/0000/Sigma_BB-28426396
R000000019/2.222222/0119/M000000020/R000000016
R000000021/1.000000/0000/Guesstimate
R000000022/1.000000/0000/Guesstimate
R000000019/3.333333/0261/M000000020/R000000021/R000000022
R000000023/1.000000/0000/Guesstimate
R000000018/3.580247/0004/R000000019/R000000023
M000000025/1.000000/0000/Sigma_BB-243601375
R000000024/2.222222/0119/M000000025/R000000016
R000000026/1.000000/0000/Guesstimate
R000000024/3.580247/0004/R000000019/R000000026
R000000027/1.000000/0000/Guesstimate
R000000018/3.580247/0004/R000000024/R000000027
R000000030/1.000000/0000/Guesstimate
R000000031/1.000000/0000/Guesstimate
R000000029/2.222222/0277/R000000030/R000000031
R000000028/2.469136/0073/R000000029
R000000032/2.469136/0100/R000000029
R000000032/2.469136/0216/R000000029
R000000028/2.743484/0100/R000000032
R000000017/6.721537/0212/R000000018/R000000028
R000000017/6.721537/0212/R000000018/R000000028
R000000001/7.468375/0099/R000000017
Q000000002/5.531170/0000/R000000001
Q000000003/5.531170/0000/R000000033
R000000037/1.000000/0000/Guesstimate
R000000038/1.000000/0000/Guesstimate
R000000036/2.222222/0279/R000000037/R000000038
R000000036/2.222222/0279/R000000037/R000000038
R000000039/1.000000/0000/Guesstimate
R000000035/3.580247/0159/R000000036/R000000039
R000000034/3.978053/0197/R000000035
M000000040/1.000000/0000/Sigma_BB-129708965
R000000033/5.531170/0112/R000000034/M000000040
R000000044/1.000000/0000/Guesstimate
R000000043/3.580247/0159/R000000044/R000000011
R000000042/3.978053/0197/R000000043
R000000042/10.000000/0287/R000000045
M000000048/1.000000/0000/Sigma_BB-70383556
R000000049/1.000000/0000/Guesstimate
R000000047/2.222222/0301/M000000048/R000000049
R000000047/2.222222/0301/M000000048/R000000049
R000000046/2.469136/0139/R000000047
R000000051/1.000000/0000/Guesstimate
R000000050/2.222222/0301/M000000048/R000000051
R000000050/2.222222/0301/M000000048/R000000051
R000000046/2.469136/0150/R000000050
R000000041/7.163543/0231/R000000042/R000000046
R000000033/7.959492/0082/R000000041
<NEXT>