#
#  Reaction log file
#  Author: LigBuilder V3 User_Diana
#  Creation time: Sat Feb 28 19:07:14 2026
#  Format:
#  QueryMoleculeId/Cost/SynthesizeId/ReactantId1/ReactantId2/ReactantId3.....
#  Id prefix:
#  Q --- Query Molecule
#  M --- Material
#  R --- Reactant
#
Directory      result/synthesize_HsDHODH/106/DATABASE/
#
Q000000001/6.096632/0000/R000000001
M000000005/1.000000/0000/Sigma_BB-76854184
R000000006/1.000000/0000/Guesstimate
R000000004/2.222222/0231/M000000005/R000000006
R000000008/1.000000/0000/Guesstimate
R000000007/2.222222/0231/M000000005/R000000008
R000000009/1.000000/0000/Guesstimate
R000000004/3.580247/0279/R000000007/R000000009
R000000003/2.469136/0294/R000000004
R000000012/2.222222/0231/M000000005/R000000008
R000000011/2.469136/0294/R000000012
R000000011/2.469136/0294/R000000007
R000000013/1.000000/0000/Guesstimate
R000000010/3.854596/0018/R000000011/R000000013
R000000015/1.000000/0000/Guesstimate
R000000014/3.854596/0018/R000000011/R000000015
R000000010/4.282884/0024/R000000014
R000000003/4.282884/0197/R000000010
R000000018/1.000000/0000/Guesstimate
R000000019/1.000000/0000/Guesstimate
R000000017/2.222222/0274/R000000018/R000000019
R000000016/2.469136/0122/R000000017
R000000016/9.444445/0090/R000000020
R000000002/5.486969/0301/R000000003/R000000016
R000000002/5.486969/0301/R000000003/R000000016
R000000001/6.096632/0013/R000000002
R000000021/6.096632/0164/R000000002
R000000022/1.000000/0000/Guesstimate
R000000021/7.207744/0174/R000000002/R000000022
R000000001/6.774036/0041/R000000021
Q000000002/6.096632/0000/R000000001
Q000000003/4.267642/0000/R000000023
M000000026/1.000000/0000/Sigma_BB-244168514
R000000025/1.111111/0040/M000000026
M000000029/1.000000/0000/Sigma_BB-28800525
R000000028/1.111111/0114/M000000029
R000000030/1.111111/0041/M000000026
R000000030/1.111111/0233/M000000026
R000000028/1.234568/0155/R000000030
R000000031/1.000000/0000/Guesstimate
R000000027/2.345679/0004/R000000028/R000000031
R000000032/1.000000/0000/Guesstimate
R000000033/1.000000/0000/Guesstimate
R000000027/3.456790/0225/R000000028/R000000032/R000000033
R000000025/2.606310/0073/R000000027
M000000036/1.000000/0000/Sigma_BB-308324471
R000000035/1.111111/0287/M000000036
M000000037/1.000000/0000/Sigma_BB-151011721
R000000035/1.111111/0287/M000000037
R000000038/1.000000/0000/Guesstimate
R000000034/2.345679/0231/R000000035/R000000038
R000000040/1.000000/0000/Guesstimate
R000000039/2.345679/0231/R000000035/R000000040
R000000034/3.717421/0279/R000000039/R000000038
R000000024/3.840878/0003/R000000025/R000000034
M000000042/1.000000/0000/Sigma_BB-28800168
R000000043/1.000000/0000/Guesstimate
R000000041/2.222222/0004/M000000042/R000000043
R000000044/2.222222/0004/M000000042/R000000031
R000000045/1.000000/0000/Guesstimate
R000000044/2.222222/0175/M000000029/R000000045
R000000041/2.469136/0085/R000000044
R000000046/3.717421/0112/R000000022/R000000034
R000000048/1.000000/0000/Guesstimate
R000000047/3.717421/0004/R000000048/R000000034
R000000046/4.130468/0009/R000000047
R000000024/6.599605/0049/R000000041/R000000046
R000000023/4.267642/0147/R000000024
R000000050/3.717421/0004/R000000043/R000000034
R000000051/3.717421/0004/R000000031/R000000034
R000000052/4.130468/0040/R000000046
R000000054/1.000000/0000/Guesstimate
R000000055/1.000000/0000/Guesstimate
R000000053/2.222222/0279/R000000054/R000000055
R000000053/2.222222/0279/R000000054/R000000055
R000000057/1.000000/0000/Guesstimate
R000000058/1.000000/0000/Guesstimate
R000000056/2.222222/0112/R000000057/R000000058
R000000059/1.000000/0000/Guesstimate
R000000060/1.000000/0000/Guesstimate
R000000056/2.222222/0112/R000000059/R000000060
R000000052/4.938272/0159/R000000053/R000000056
R000000051/4.589409/0093/R000000052
R000000050/4.130468/0085/R000000051
R000000049/5.241580/0049/M000000026/R000000050
R000000049/5.700521/0003/M000000042/R000000052
R000000023/5.823977/0147/R000000049
<NEXT>