#
#  Reaction log file
#  Author: LigBuilder V3 User_Diana
#  Creation time: Sat Feb 28 19:11:16 2026
#  Format:
#  QueryMoleculeId/Cost/SynthesizeId/ReactantId1/ReactantId2/ReactantId3.....
#  Id prefix:
#  Q --- Query Molecule
#  M --- Material
#  R --- Reactant
#
Directory      result/synthesize_HsDHODH/239/DATABASE/
#
Q000000001/4.130468/0000/R000000001
M000000005/1.000000/0000/Sigma_BB-28836672
R000000004/1.111111/0009/M000000005
M000000007/1.000000/0000/Sigma_BB-28521633
R000000008/1.000000/0000/Guesstimate
R000000006/2.222222/0112/M000000007/R000000008
R000000010/1.000000/0000/Guesstimate
R000000009/2.222222/0004/M000000007/R000000010
R000000006/2.469136/0009/R000000009
R000000004/2.469136/0024/R000000006
R000000011/1.000000/0000/Guesstimate
R000000003/2.345679/0012/R000000004/R000000011
R000000012/3.580247/0012/R000000006/R000000011
R000000012/3.580247/0146/R000000006/R000000011
R000000003/3.978053/0024/R000000012
R000000013/1.000000/0000/Guesstimate
R000000002/3.717421/0181/R000000003/R000000013
M000000016/1.000000/0000/Sigma_BB-27340854
R000000015/2.222222/0012/M000000016/R000000011
R000000015/2.222222/0146/M000000016/R000000011
R000000014/3.580247/0181/R000000015/R000000013
R000000019/1.000000/0000/Guesstimate
R000000020/1.000000/0000/Guesstimate
R000000018/2.222222/0004/R000000019/R000000020
R000000022/1.000000/0000/Guesstimate
R000000023/1.000000/0000/Guesstimate
R000000021/2.222222/0122/R000000022/R000000023
R000000021/2.222222/0181/R000000011/R000000013
R000000018/2.469136/0024/R000000021
R000000017/3.580247/0142/M000000016/R000000018
R000000017/3.580247/0285/M000000016/R000000018
R000000024/1.000000/0000/Guesstimate
R000000014/5.089163/0119/R000000017/R000000024
R000000002/3.978053/0213/R000000014
R000000001/4.130468/0024/R000000002
R000000025/4.938272/0142/R000000006/R000000018
R000000027/1.000000/0000/Guesstimate
R000000026/3.580247/0012/R000000006/R000000027
R000000026/3.978053/0024/R000000012
R000000025/5.089163/0181/R000000026/R000000013
R000000001/5.486969/0024/R000000025
Q000000002/8.840117/0000/R000000028
R000000032/1.000000/0000/Guesstimate
R000000033/1.000000/0000/Guesstimate
R000000031/2.222222/0112/R000000032/R000000033
R000000035/1.000000/0000/Guesstimate
R000000036/1.000000/0000/Guesstimate
R000000034/2.222222/0279/R000000035/R000000036
R000000034/2.222222/0279/R000000035/R000000036
R000000030/4.938272/0159/R000000031/R000000034
R000000029/5.486969/0147/R000000030
R000000042/1.000000/0000/Guesstimate
R000000041/2.222222/0279/R000000042/R000000036
R000000041/2.222222/0279/R000000042/R000000036
R000000040/4.938272/0159/R000000031/R000000041
R000000045/1.000000/0000/Guesstimate
R000000044/2.222222/0279/R000000045/R000000036
R000000044/2.222222/0279/R000000045/R000000036
R000000043/4.938272/0159/R000000031/R000000044
R000000040/5.486969/0091/R000000043
R000000039/5.486969/0079/R000000040
R000000046/1.000000/0000/Guesstimate
R000000039/6.598080/0112/R000000040/R000000046
R000000047/1.000000/0000/Guesstimate
R000000038/7.207744/0049/R000000039/R000000047
R000000037/8.008604/0041/R000000038
R000000037/8.008604/0233/R000000038
R000000029/8.898449/0155/R000000037
R000000050/1.000000/0000/Guesstimate
R000000051/1.000000/0000/Guesstimate
R000000049/2.222222/0112/R000000050/R000000051
R000000048/2.469136/0147/R000000049
R000000052/2.222222/0004/R000000019/R000000051
R000000053/1.000000/0000/Guesstimate
R000000052/3.333333/0225/R000000046/R000000051/R000000053
R000000048/3.580247/0212/R000000047/R000000052
R000000028/8.840117/0301/R000000029/R000000048
R000000054/8.230453/0003/R000000043/R000000048
R000000057/1.000000/0000/Guesstimate
R000000056/2.222222/0112/R000000057/R000000051
R000000058/1.000000/0000/Guesstimate
R000000056/3.580247/0301/R000000058/R000000049
R000000055/2.469136/0147/R000000056
R000000059/2.222222/0003/R000000047/R000000051
R000000059/2.469136/0255/R000000052
R000000055/2.469136/0147/R000000059
R000000054/8.230453/0112/R000000040/R000000055
R000000028/9.144949/0147/R000000054
Q000000003/8.840117/0000/R000000028
<NEXT>