#
#  Reaction log file
#  Author: LigBuilder V3 User_Diana
#  Creation time: Sat Feb 28 19:12:23 2026
#  Format:
#  QueryMoleculeId/Cost/SynthesizeId/ReactantId1/ReactantId2/ReactantId3.....
#  Id prefix:
#  Q --- Query Molecule
#  M --- Material
#  R --- Reactant
#
Directory      result/synthesize_HsDHODH/278/DATABASE/
#
Q000000001/3.978053/0000/R000000001
M000000003/1.000000/0000/Sigma_BB-151014002
R000000005/1.000000/0000/Guesstimate
R000000006/1.000000/0000/Guesstimate
R000000004/2.222222/0018/R000000005/R000000006
R000000008/1.000000/0000/Guesstimate
R000000007/2.222222/0018/R000000005/R000000008
R000000004/2.469136/0147/R000000007
R000000002/3.580247/0003/M000000003/R000000004
R000000009/2.222222/0003/M000000003/R000000005
M000000011/1.000000/0000/Sigma_BB-30438916
R000000012/1.000000/0000/Guesstimate
R000000010/2.222222/0112/M000000011/R000000012
M000000013/1.000000/0000/Sigma_BB-28760249
R000000010/2.222222/0174/M000000013/R000000012
R000000014/1.000000/0000/Guesstimate
R000000009/3.580247/0003/R000000010/R000000014
R000000002/3.580247/0018/R000000009/R000000006
R000000001/3.978053/0099/R000000002
M000000018/1.000000/0000/Sigma_BB-243340990
R000000019/1.000000/0000/Guesstimate
R000000017/2.222222/0012/M000000018/R000000019
M000000022/1.000000/0000/Sigma_BB-30924817
R000000023/1.000000/0000/Guesstimate
R000000021/2.222222/0231/M000000022/R000000023
R000000020/2.469136/0197/R000000021
R000000025/1.000000/0000/Guesstimate
R000000024/2.222222/0142/M000000018/R000000025
M000000026/1.000000/0000/Sigma_BB-28247348
R000000024/2.222222/0206/M000000018/M000000026
R000000020/2.469136/0197/R000000024
R000000027/1.000000/0000/Guesstimate
R000000017/3.854596/0112/R000000020/R000000027
R000000016/2.469136/0054/R000000017
M000000029/1.000000/0000/Sigma_BB-308324471
R000000030/1.000000/0000/Guesstimate
R000000028/2.222222/0231/M000000029/R000000030
R000000031/1.000000/0000/Guesstimate
R000000016/3.580247/0004/R000000028/R000000031
R000000015/2.743484/0009/R000000016
R000000015/3.854596/0003/R000000020/R000000014
R000000001/4.159427/0018/R000000015/R000000006
Q000000002/Analysis Failed
Q000000003/Analysis Failed
<NEXT>