#
#  Reaction log file
#  Author: LigBuilder V3 User_Diana
#  Creation time: Sat Feb 28 19:06:35 2026
#  Format:
#  QueryMoleculeId/Cost/SynthesizeId/ReactantId1/ReactantId2/ReactantId3.....
#  Id prefix:
#  Q --- Query Molecule
#  M --- Material
#  R --- Reactant
#
Directory      result/synthesize_HsDHODH/90/DATABASE/
#
Q000000001/2.758726/0000/R000000001
M000000005/1.000000/0000/Sigma_BB-27725306
R000000004/1.111111/0222/M000000005
R000000003/1.234568/0125/R000000004
R000000006/1.000000/0000/Guesstimate
R000000003/2.345679/0112/R000000004/R000000006
R000000007/1.000000/0000/Guesstimate
R000000002/2.482853/0142/R000000003/R000000007
M000000008/1.000000/0000/Sigma_BB-28247348
R000000002/2.482853/0206/R000000003/M000000008
R000000001/2.758726/0153/R000000002
M000000012/1.000000/0000/Sigma_BB-247508405
R000000011/1.111111/0302/M000000012
R000000010/1.234568/0153/R000000011
M000000014/1.000000/0000/Sigma_BB-183988659
R000000013/1.111111/0239/M000000014
M000000015/1.000000/0000/Sigma_BB-27102994
R000000013/1.111111/0302/M000000015
R000000010/1.234568/0222/R000000013
R000000016/1.000000/0000/Guesstimate
R000000009/2.482853/0231/R000000010/R000000016
R000000018/1.000000/0000/Guesstimate
R000000017/2.482853/0231/R000000010/R000000018
R000000019/2.345679/0231/R000000013/R000000018
R000000017/2.606310/0222/R000000019
R000000009/3.869837/0279/R000000017/R000000016
R000000001/2.758726/0154/R000000009
Q000000002/7.331201/0000/R000000020
M000000022/1.000000/0000/Sigma_BB-28800168
R000000025/1.000000/0000/Guesstimate
R000000026/1.000000/0000/Guesstimate
R000000024/2.222222/0279/R000000025/R000000026
R000000024/2.222222/0279/R000000025/R000000026
R000000028/1.000000/0000/Guesstimate
R000000029/1.000000/0000/Guesstimate
R000000027/2.222222/0169/R000000028/R000000029
R000000030/1.000000/0000/Guesstimate
R000000027/2.222222/0274/R000000028/R000000030
R000000023/4.938272/0159/R000000024/R000000027
R000000031/3.580247/0159/R000000024/R000000028
R000000023/5.089163/0274/R000000031/R000000030
R000000021/6.598080/0003/M000000022/R000000023
M000000032/1.000000/0000/Sigma_BB-244168514
R000000034/5.486969/0093/R000000023
R000000033/6.096632/0085/R000000034
R000000021/7.885148/0049/M000000032/R000000033
R000000020/7.331201/0147/R000000021
R000000036/2.222222/0004/M000000022/R000000028
R000000037/2.222222/0004/M000000022/R000000007
M000000038/1.000000/0000/Sigma_BB-28800525
R000000039/1.000000/0000/Guesstimate
R000000037/2.222222/0175/M000000038/R000000039
R000000036/2.469136/0085/R000000037
R000000042/1.000000/0000/Guesstimate
R000000041/2.222222/0279/R000000042/R000000026
R000000041/2.222222/0279/R000000042/R000000026
R000000040/4.938272/0159/R000000041/R000000027
R000000043/3.580247/0159/R000000041/R000000028
R000000040/5.089163/0274/R000000043/R000000030
R000000035/7.956105/0049/R000000036/R000000040
R000000020/8.840117/0147/R000000035
Q000000003/3.116245/0000/R000000044
M000000050/1.000000/0000/Sigma_BB-332918949
R000000049/1.111111/0086/M000000050
R000000049/1.111111/0091/M000000050
R000000048/1.234568/0079/R000000049
M000000052/1.000000/0000/Sigma_BB-28778979
R000000051/2.222222/0212/M000000050/M000000052
R000000051/2.222222/0212/M000000050/M000000052
R000000048/2.469136/0009/R000000051
R000000047/1.371742/0213/R000000048
R000000046/1.524158/0041/R000000047
M000000054/1.000000/0000/Sigma_BB-130111993
R000000055/1.000000/0000/Guesstimate
R000000053/2.222222/0274/M000000054/R000000055
R000000046/2.469136/0040/R000000053
R000000045/2.804620/0003/M000000022/R000000046
R000000057/1.693509/0093/R000000046
R000000058/1.693509/0197/R000000046
R000000057/2.992788/0004/R000000007/R000000058
R000000056/1.881677/0085/R000000057
R000000056/2.992788/0004/R000000028/R000000058
R000000045/3.201863/0049/M000000032/R000000056
R000000044/3.116245/0147/R000000045
R000000062/1.000000/0000/Guesstimate
R000000061/2.345679/0175/R000000062/R000000049
R000000061/2.345679/0290/R000000062/R000000049
R000000060/2.606310/0079/R000000061
R000000063/3.580247/0175/R000000062/R000000051
R000000063/3.580247/0290/R000000062/R000000051
R000000060/3.978053/0009/R000000063
R000000059/4.007011/0175/M000000038/R000000060
R000000064/2.469136/0086/R000000037
R000000064/2.469136/0091/R000000037
R000000059/4.115227/0175/R000000064/R000000048
R000000044/4.452235/0041/R000000059
Q000000004/3.116245/0000/R000000044
<NEXT>