#
#  Reaction log file
#  Author: LigBuilder V3 User_Diana
#  Creation time: Sat Feb 28 19:09:30 2026
#  Format:
#  QueryMoleculeId/Cost/SynthesizeId/ReactantId1/ReactantId2/ReactantId3.....
#  Id prefix:
#  Q --- Query Molecule
#  M --- Material
#  R --- Reactant
#
Directory      result/synthesize_HsDHODH/187/DATABASE/
#
Q000000001/Analysis Failed
Q000000002/7.315958/0000/R000000001
R000000005/1.000000/0000/Guesstimate
M000000006/1.000000/0000/Sigma_BB-316197305
R000000004/3.333333/0242/R000000005/R000000005/M000000006
R000000003/3.703704/0125/R000000004
R000000007/1.000000/0000/Guesstimate
R000000003/4.814815/0112/R000000004/R000000007
R000000009/1.000000/0000/Guesstimate
R000000010/1.000000/0000/Guesstimate
R000000008/2.222222/0112/R000000009/R000000010
R000000011/1.000000/0000/Guesstimate
R000000013/1.000000/0000/Guesstimate
R000000012/2.222222/0004/R000000013/R000000010
R000000008/3.580247/0049/R000000011/R000000012
R000000002/6.584363/0012/R000000003/R000000008
M000000017/1.000000/0000/Sigma_BB-40568856
R000000016/3.333333/0242/R000000005/R000000005/M000000017
R000000018/1.000000/0000/Guesstimate
R000000015/4.814815/0231/R000000016/R000000018
R000000014/5.349795/0153/R000000015
R000000020/1.000000/0000/Guesstimate
R000000019/5.226338/0142/R000000003/R000000020
M000000021/1.000000/0000/Sigma_BB-28247348
R000000019/5.226338/0206/R000000003/M000000021
R000000014/5.807042/0197/R000000019
R000000024/1.000000/0000/Guesstimate
R000000023/2.222222/0112/R000000024/R000000010
R000000022/2.469136/0197/R000000023
R000000025/2.469136/0153/R000000012
R000000026/2.469136/0086/R000000012
R000000026/2.469136/0091/R000000012
R000000025/2.743484/0154/R000000026
R000000022/2.743484/0260/R000000025
R000000002/8.687701/0112/R000000014/R000000022
R000000001/7.315958/0059/R000000002
M000000030/1.000000/0000/Sigma_BB-26891777
R000000029/1.111111/0287/M000000030
R000000028/3.456790/0242/R000000005/R000000005/R000000029
R000000028/4.115227/0040/R000000003
R000000027/6.584363/0003/R000000028/R000000025
R000000031/4.814815/0004/R000000004/R000000013
R000000032/4.814815/0004/R000000004/R000000020
R000000034/1.000000/0000/Guesstimate
R000000033/4.814815/0003/R000000004/R000000034
R000000033/5.226338/0049/R000000003/R000000013
R000000032/5.349795/0040/R000000033
R000000031/5.349795/0085/R000000032
R000000037/1.000000/0000/Guesstimate
R000000036/2.222222/0004/R000000037/R000000010
R000000036/2.469136/0059/R000000023
R000000035/2.469136/0010/R000000036
R000000038/3.854596/0004/R000000037/R000000025
R000000038/3.854596/0277/R000000037/R000000025
R000000035/4.282884/0009/R000000038
R000000027/8.093279/0049/R000000031/R000000035
R000000001/7.315958/0099/R000000027
Q000000003/5.807042/0000/R000000039
M000000043/1.000000/0000/Sigma_BB-28835002
R000000042/3.333333/0242/R000000005/R000000005/M000000043
M000000045/1.000000/0000/Sigma_BB-30391580
R000000044/3.333333/0242/R000000005/R000000005/M000000045
R000000044/4.115227/0197/R000000041
R000000042/3.703704/0125/R000000044
R000000041/3.703704/0040/R000000042
M000000047/1.000000/0000/Sigma_BB-30438916
R000000046/3.333333/0242/R000000005/R000000005/M000000047
R000000041/3.703704/0213/R000000046
R000000048/1.000000/0000/Guesstimate
R000000040/5.226338/0003/R000000041/R000000048
R000000050/4.115227/0093/R000000041
R000000050/4.814815/0004/R000000044/R000000020
R000000049/4.572474/0085/R000000050
R000000049/4.814815/0004/R000000044/R000000013
R000000052/2.222222/0004/R000000037/R000000048
M000000053/1.000000/0000/Sigma_BB-27941182
R000000054/1.000000/0000/Guesstimate
R000000052/2.222222/0170/M000000053/R000000054
R000000051/2.469136/0009/R000000052
R000000056/1.000000/0000/Guesstimate
R000000057/1.000000/0000/Guesstimate
R000000055/2.222222/0170/R000000056/R000000057
R000000058/1.000000/0000/Guesstimate
R000000055/2.222222/0170/R000000058/R000000054
R000000051/2.469136/0079/R000000055
R000000040/7.824012/0049/R000000049/R000000051
R000000039/5.807042/0099/R000000040
R000000060/2.222222/0004/R000000013/R000000048
M000000062/1.000000/0000/Sigma_BB-28516749
R000000061/2.222222/0170/M000000062/R000000057
R000000063/1.000000/0000/Guesstimate
R000000061/2.222222/0277/R000000063/R000000048
R000000060/2.469136/0024/R000000061
R000000059/6.172840/0049/R000000042/R000000060
R000000065/2.222222/0170/R000000063/R000000057
R000000066/1.000000/0000/Guesstimate
R000000065/2.222222/0170/R000000066/R000000054
R000000064/2.469136/0024/R000000065
R000000068/1.000000/0000/Guesstimate
R000000067/3.580247/0174/R000000055/R000000068
R000000067/3.580247/0289/R000000055/R000000068
R000000064/3.978053/0025/R000000067
R000000059/6.447188/0003/R000000044/R000000064
R000000039/6.858711/0099/R000000059
<NEXT>