#
#  Reaction log file
#  Author: LigBuilder V3 User_Diana
#  Creation time: Sat Feb 28 19:12:33 2026
#  Format:
#  QueryMoleculeId/Cost/SynthesizeId/ReactantId1/ReactantId2/ReactantId3.....
#  Id prefix:
#  Q --- Query Molecule
#  M --- Material
#  R --- Reactant
#
Directory      result/synthesize_HsDHODH/291/DATABASE/
#
Q000000001/5.654626/0000/R000000001
R000000005/1.000000/0000/Guesstimate
R000000006/1.000000/0000/Guesstimate
R000000004/2.222222/0158/R000000005/R000000006
R000000004/2.222222/0158/R000000005/R000000006
R000000003/2.469136/0188/R000000004
R000000008/1.000000/0000/Guesstimate
R000000007/2.222222/0158/R000000008/R000000006
R000000007/2.222222/0158/R000000008/R000000006
R000000003/2.469136/0188/R000000007
R000000002/2.743484/0160/R000000003
R000000011/1.000000/0000/Guesstimate
R000000012/1.000000/0000/Guesstimate
R000000010/2.222222/0159/R000000011/R000000012
R000000013/8.600000/0000/Guesstimate
R000000010/9.555556/0164/R000000013
R000000009/2.469136/0040/R000000010
R000000015/1.000000/0000/Guesstimate
R000000016/1.000000/0000/Guesstimate
R000000014/2.222222/0012/R000000015/R000000016
R000000017/1.000000/0000/Guesstimate
R000000018/1.000000/0000/Guesstimate
R000000014/2.222222/0112/R000000017/R000000018
R000000009/3.580247/0159/R000000011/R000000014
R000000002/2.743484/0197/R000000009
M000000021/1.000000/0000/Sigma_BB-28842249
R000000020/1.111111/0082/M000000021
R000000022/1.000000/0000/Guesstimate
R000000023/1.000000/0000/Guesstimate
R000000020/2.222222/0274/R000000022/R000000023
R000000024/1.000000/0000/Guesstimate
R000000019/2.345679/0069/R000000020/R000000024
R000000026/1.000000/0000/Guesstimate
R000000028/1.000000/0000/Guesstimate
R000000027/1.111111/0293/R000000028
R000000027/2.222222/0069/R000000023/R000000024
R000000025/2.345679/0274/R000000026/R000000027
R000000029/2.222222/0274/R000000026/R000000023
R000000030/1.000000/0000/Guesstimate
R000000029/2.222222/0275/R000000022/R000000030
R000000025/3.580247/0069/R000000029/R000000024
R000000019/2.606310/0091/R000000025
R000000001/5.654626/0175/R000000002/R000000019
R000000034/1.234568/0040/R000000020
R000000035/1.000000/0000/Guesstimate
R000000034/2.222222/0274/R000000022/R000000035
R000000033/1.371742/0197/R000000034
R000000036/1.000000/0000/Guesstimate
R000000033/2.222222/0274/R000000022/R000000036
R000000038/1.000000/0000/Guesstimate
R000000037/1.111111/0228/R000000038
R000000037/1.111111/0286/R000000038
R000000032/2.758726/0301/R000000033/R000000037
R000000039/2.606310/0228/R000000019
R000000039/2.606310/0286/R000000019
R000000032/2.895900/0156/R000000039
R000000031/6.113567/0175/R000000002/R000000032
R000000031/6.113567/0290/R000000002/R000000032
R000000001/6.792853/0188/R000000031
Q000000002/7.526707/0000/R000000040
R000000042/3.048316/0287/R000000002
R000000043/2.743484/0287/R000000009
R000000042/3.048316/0197/R000000043
R000000048/1.000000/0000/Guesstimate
R000000047/2.222222/0003/R000000035/R000000048
R000000046/2.469136/0099/R000000047
R000000050/1.000000/0000/Guesstimate
R000000049/2.222222/0112/R000000050/R000000048
R000000046/2.469136/0099/R000000049
R000000045/2.743484/0118/R000000046
R000000045/3.854596/0112/R000000046/R000000017
R000000044/3.048316/0040/R000000045
R000000052/1.000000/0000/Guesstimate
R000000051/3.854596/0301/R000000046/R000000052
R000000051/3.854596/0301/R000000046/R000000052
R000000044/4.282884/0073/R000000051
R000000041/6.774036/0003/R000000042/R000000044
R000000054/1.000000/0000/Guesstimate
R000000053/4.498129/0004/R000000042/R000000054
R000000056/1.000000/0000/Guesstimate
R000000055/4.159427/0175/R000000002/R000000056
R000000055/4.159427/0290/R000000002/R000000056
R000000053/4.621586/0024/R000000055
R000000059/1.111111/0125/R000000048
R000000059/2.222222/0112/R000000017/R000000048
M000000060/1.000000/0000/Sigma_BB-28247348
R000000058/2.345679/0206/R000000059/M000000060
R000000058/2.345679/0285/R000000059/R000000054
R000000057/2.606310/0197/R000000058
R000000041/7.893821/0003/R000000053/R000000057
R000000040/7.526707/0099/R000000041
R000000063/3.387018/0125/R000000042
R000000063/4.498129/0112/R000000042/R000000017
R000000062/3.763354/0040/R000000063
R000000061/6.924989/0003/R000000062/R000000046
R000000064/5.292615/0001/R000000062/R000000054
R000000065/1.000000/0000/Guesstimate
R000000064/5.292615/0003/R000000062/R000000065
R000000067/1.000000/0000/Guesstimate
R000000066/2.345679/0256/R000000059/R000000067
R000000069/1.000000/0000/Guesstimate
R000000068/2.222222/0112/R000000069/R000000048
R000000066/2.469136/0233/R000000068
R000000061/8.486994/0042/R000000064/R000000066
R000000040/7.694432/0099/R000000061
Q000000003/7.526707/0000/R000000070
R000000076/1.000000/0000/Guesstimate
R000000075/2.222222/0003/R000000035/R000000076
R000000074/2.469136/0099/R000000075
R000000077/2.222222/0112/R000000050/R000000076
R000000074/2.469136/0099/R000000077
R000000073/2.743484/0118/R000000074
R000000073/3.854596/0112/R000000074/R000000017
R000000072/3.048316/0040/R000000073
R000000078/3.854596/0301/R000000074/R000000052
R000000078/3.854596/0301/R000000074/R000000052
R000000072/4.282884/0073/R000000078
R000000071/6.774036/0003/R000000042/R000000072
R000000081/1.000000/0000/Guesstimate
R000000080/2.222222/0256/R000000081/R000000076
R000000079/2.469136/0219/R000000080
R000000079/2.469136/0219/R000000080
R000000071/7.741406/0003/R000000053/R000000079
R000000070/7.526707/0099/R000000071
R000000082/6.924989/0003/R000000062/R000000074
R000000085/1.000000/0000/Guesstimate
R000000084/2.222222/0256/R000000085/R000000076
R000000083/2.469136/0139/R000000084
M000000087/1.000000/0000/Sigma_BB-30751649
R000000086/2.222222/0256/M000000087/R000000076
R000000083/2.469136/0150/R000000086
R000000082/8.624168/0042/R000000064/R000000083
R000000070/7.694432/0099/R000000082
Q000000004/7.526707/0000/R000000040
<NEXT>