#
#  Reaction log file
#  Author: LigBuilder V3 User_Diana
#  Creation time: Sat Feb 28 19:10:28 2026
#  Format:
#  QueryMoleculeId/Cost/SynthesizeId/ReactantId1/ReactantId2/ReactantId3.....
#  Id prefix:
#  Q --- Query Molecule
#  M --- Material
#  R --- Reactant
#
Directory      result/synthesize_HsDHODH/231/DATABASE/
#
Q000000001/1.111111/0000/R000000001
M000000002/1.000000/0000/Sigma_BB-28760245
R000000001/1.111111/0013/M000000002
M000000004/1.000000/0000/Sigma_BB-28505852
R000000003/1.111111/0013/M000000004
M000000006/1.000000/0000/Sigma_BB-28799270
R000000007/1.000000/0000/Guesstimate
R000000005/2.222222/0112/M000000006/R000000007
M000000009/1.000000/0000/Sigma_BB-28799070
R000000008/1.111111/0125/M000000009
R000000008/2.222222/0112/M000000009/R000000007
R000000010/1.000000/0000/Guesstimate
R000000005/2.345679/0119/R000000008/R000000010
R000000003/2.469136/0041/R000000005
R000000001/1.234568/0024/R000000003
Q000000002/1.111111/0000/R000000001
Q000000003/1.111111/0000/R000000001
Q000000004/1.111111/0000/R000000001
<NEXT>