#
#  Reaction log file
#  Author: LigBuilder V3 User_Diana
#  Creation time: Sat Feb 28 19:09:04 2026
#  Format:
#  QueryMoleculeId/Cost/SynthesizeId/ReactantId1/ReactantId2/ReactantId3.....
#  Id prefix:
#  Q --- Query Molecule
#  M --- Material
#  R --- Reactant
#
Directory      result/synthesize_HsDHODH/172/DATABASE/
#
Q000000001/9.144949/0000/R000000001
R000000005/1.000000/0000/Guesstimate
R000000006/1.000000/0000/Guesstimate
R000000004/2.222222/0112/R000000005/R000000006
R000000008/1.000000/0000/Guesstimate
R000000009/1.000000/0000/Guesstimate
R000000007/2.222222/0279/R000000008/R000000009
R000000007/2.222222/0279/R000000008/R000000009
R000000003/4.938272/0159/R000000004/R000000007
R000000012/1.000000/0000/Guesstimate
R000000013/1.000000/0000/Guesstimate
R000000011/2.222222/0224/R000000012/R000000013
R000000010/2.469136/0155/R000000011
R000000015/1.000000/0000/Guesstimate
R000000014/2.222222/0224/R000000015/R000000013
R000000016/1.000000/0000/Guesstimate
R000000018/2.469136/0100/R000000014
R000000021/1.000000/0000/Guesstimate
R000000020/2.222222/0224/R000000021/R000000013
R000000019/2.469136/0079/R000000020
R000000023/1.000000/0000/Guesstimate
R000000022/2.222222/0224/R000000023/R000000013
R000000025/1.000000/0000/Guesstimate
R000000024/3.580247/0212/R000000025/R000000014
R000000024/3.580247/0212/R000000025/R000000014
R000000022/3.978053/0139/R000000024
R000000019/2.469136/0082/R000000022
R000000018/2.743484/0040/R000000019
R000000017/2.743484/0197/R000000018
R000000026/7.700000/0000/Guesstimate
R000000017/8.555555/0155/R000000026
R000000014/4.159427/0004/R000000016/R000000017
R000000010/2.469136/0197/R000000014
R000000002/8.230453/0003/R000000003/R000000010
R000000029/1.000000/0000/Guesstimate
R000000028/2.222222/0279/R000000029/R000000009
R000000028/2.222222/0279/R000000029/R000000009
R000000027/4.938272/0159/R000000004/R000000028
R000000027/5.486969/0091/R000000003
R000000032/1.000000/0000/Guesstimate
R000000031/2.222222/0224/R000000032/R000000013
R000000030/2.469136/0147/R000000031
R000000030/3.978053/0155/R000000024
R000000002/8.230453/0112/R000000027/R000000030
R000000001/9.144949/0147/R000000002
R000000034/5.486969/0197/R000000003
R000000033/8.565768/0003/R000000034/R000000014
R000000035/5.486969/0092/R000000027
R000000035/5.486969/0093/R000000003
R000000033/9.144949/0003/R000000035/R000000017
R000000001/9.517521/0147/R000000033
Q000000002/9.144949/0000/R000000001
Q000000003/9.144949/0000/R000000001
<NEXT>