#
#  Reaction log file
#  Author: LigBuilder V3 User_Diana
#  Creation time: Sat Feb 28 19:07:51 2026
#  Format:
#  QueryMoleculeId/Cost/SynthesizeId/ReactantId1/ReactantId2/ReactantId3.....
#  Id prefix:
#  Q --- Query Molecule
#  M --- Material
#  R --- Reactant
#
Directory      result/synthesize_HsDHODH/131/DATABASE/
#
Q000000001/5.654626/0000/R000000001
R000000005/1.000000/0000/Guesstimate
R000000006/1.000000/0000/Guesstimate
R000000004/2.222222/0279/R000000005/R000000006
R000000004/2.222222/0279/R000000005/R000000006
R000000007/1.000000/0000/Guesstimate
R000000003/3.580247/0159/R000000004/R000000007
R000000010/9.100000/0000/Guesstimate
R000000009/9.100000/0299/R000000010
R000000008/9.555556/0114/R000000009
R000000003/9.555556/0213/R000000008
R000000011/1.000000/0000/Guesstimate
R000000002/5.089163/0122/R000000003/R000000011
R000000002/5.089163/0122/R000000003/R000000011
R000000001/5.654626/0197/R000000002
Q000000002/5.654626/0000/R000000001
Q000000003/Analysis Failed
<NEXT>