#
#  Reaction log file
#  Author: LigBuilder V3 User_Diana
#  Creation time: Sat Feb 28 19:09:14 2026
#  Format:
#  QueryMoleculeId/Cost/SynthesizeId/ReactantId1/ReactantId2/ReactantId3.....
#  Id prefix:
#  Q --- Query Molecule
#  M --- Material
#  R --- Reactant
#
Directory      result/synthesize_HsDHODH/171/DATABASE/
#
Q000000001/6.096632/0000/R000000001
R000000005/1.000000/0000/Guesstimate
R000000006/1.000000/0000/Guesstimate
R000000004/2.222222/0158/R000000005/R000000006
R000000004/2.222222/0158/R000000005/R000000006
R000000003/2.469136/0188/R000000004
R000000008/1.000000/0000/Guesstimate
R000000007/2.222222/0158/R000000008/R000000006
R000000007/2.222222/0158/R000000008/R000000006
R000000003/2.469136/0188/R000000007
R000000002/2.743484/0160/R000000003
R000000011/1.000000/0000/Guesstimate
R000000012/1.000000/0000/Guesstimate
R000000010/2.222222/0159/R000000011/R000000012
R000000013/8.600000/0000/Guesstimate
R000000010/9.555556/0164/R000000013
R000000009/2.469136/0040/R000000010
R000000015/1.000000/0000/Guesstimate
R000000016/1.000000/0000/Guesstimate
R000000014/2.222222/0012/R000000015/R000000016
R000000017/1.000000/0000/Guesstimate
R000000018/1.000000/0000/Guesstimate
R000000014/2.222222/0112/R000000017/R000000018
R000000009/3.580247/0159/R000000011/R000000014
R000000002/2.743484/0197/R000000009
R000000022/1.000000/0000/Guesstimate
R000000023/1.000000/0000/Guesstimate
R000000021/2.222222/0012/R000000022/R000000023
R000000021/2.222222/0285/R000000022/R000000023
R000000020/2.469136/0198/R000000021
R000000020/2.469136/0298/R000000021
R000000019/2.743484/0041/R000000020
M000000026/1.000000/0000/Sigma_BB-28760650
R000000025/2.222222/0141/R000000022/M000000026
R000000024/2.469136/0147/R000000025
R000000028/1.000000/0000/Guesstimate
R000000027/2.222222/0285/R000000022/R000000028
R000000024/2.469136/0198/R000000027
R000000019/2.743484/0086/R000000024
R000000001/6.096632/0174/R000000002/R000000019
M000000032/1.000000/0000/Sigma_BB-332392057
R000000031/1.111111/0155/M000000032
M000000034/1.000000/0000/Sigma_BB-28778881
R000000033/1.111111/0059/M000000034
R000000035/1.000000/0000/Guesstimate
R000000036/1.000000/0000/Guesstimate
R000000033/2.222222/0004/R000000035/R000000036
R000000031/1.234568/0197/R000000033
R000000037/1.111111/0087/M000000026
R000000038/1.000000/0000/Guesstimate
R000000037/1.111111/0245/R000000038
R000000030/2.469136/0301/R000000031/R000000037
R000000039/3.048316/0228/R000000019
R000000039/3.048316/0286/R000000019
R000000030/3.387018/0156/R000000039
R000000029/5.791801/0174/R000000002/R000000030
R000000029/5.791801/0289/R000000002/R000000030
R000000001/6.435335/0188/R000000029
Q000000002/9.144949/0000/R000000040
R000000044/1.000000/0000/Guesstimate
R000000045/1.000000/0000/Guesstimate
R000000043/2.222222/0112/R000000044/R000000045
R000000047/1.000000/0000/Guesstimate
R000000048/1.000000/0000/Guesstimate
R000000046/2.222222/0279/R000000047/R000000048
R000000046/2.222222/0279/R000000047/R000000048
R000000042/4.938272/0159/R000000043/R000000046
R000000051/1.000000/0000/Guesstimate
R000000052/1.000000/0000/Guesstimate
R000000050/2.222222/0224/R000000051/R000000052
R000000049/2.469136/0155/R000000050
R000000054/1.000000/0000/Guesstimate
R000000053/2.222222/0224/R000000054/R000000052
R000000056/2.469136/0100/R000000053
R000000059/1.000000/0000/Guesstimate
R000000058/2.222222/0224/R000000059/R000000052
R000000057/2.469136/0079/R000000058
R000000061/1.000000/0000/Guesstimate
R000000060/2.222222/0224/R000000061/R000000052
R000000063/1.000000/0000/Guesstimate
R000000062/3.580247/0212/R000000063/R000000053
R000000062/3.580247/0212/R000000063/R000000053
R000000060/3.978053/0139/R000000062
R000000057/2.469136/0082/R000000060
R000000056/2.743484/0040/R000000057
R000000055/2.743484/0197/R000000056
R000000064/7.700000/0000/Guesstimate
R000000055/8.555555/0155/R000000064
R000000053/4.159427/0004/R000000035/R000000055
R000000049/2.469136/0197/R000000053
R000000041/8.230453/0003/R000000042/R000000049
R000000067/1.000000/0000/Guesstimate
R000000066/2.222222/0279/R000000067/R000000048
R000000066/2.222222/0279/R000000067/R000000048
R000000065/4.938272/0159/R000000043/R000000066
R000000065/5.486969/0091/R000000042
R000000070/1.000000/0000/Guesstimate
R000000069/2.222222/0224/R000000070/R000000052
R000000068/2.469136/0147/R000000069
R000000068/3.978053/0155/R000000062
R000000041/8.230453/0112/R000000065/R000000068
R000000040/9.144949/0147/R000000041
R000000072/5.486969/0197/R000000042
R000000071/8.565768/0003/R000000072/R000000053
R000000073/5.486969/0092/R000000065
R000000073/5.486969/0093/R000000042
R000000071/9.144949/0003/R000000073/R000000055
R000000040/9.517521/0147/R000000071
Q000000003/9.144949/0000/R000000040
Q000000004/9.144949/0000/R000000040
<NEXT>