#
#  Reaction log file
#  Author: LigBuilder V3 User_Diana
#  Creation time: Sat Feb 28 19:08:16 2026
#  Format:
#  QueryMoleculeId/Cost/SynthesizeId/ReactantId1/ReactantId2/ReactantId3.....
#  Id prefix:
#  Q --- Query Molecule
#  M --- Material
#  R --- Reactant
#
Directory      result/synthesize_HsDHODH/142/DATABASE/
#
Q000000001/4.572474/0000/R000000001
R000000005/1.000000/0000/Guesstimate
R000000006/1.000000/0000/Guesstimate
R000000004/2.222222/0279/R000000005/R000000006
R000000004/2.222222/0279/R000000005/R000000006
R000000003/2.469136/0082/R000000004
R000000008/1.000000/0000/Guesstimate
R000000007/2.222222/0279/R000000008/R000000006
R000000007/2.222222/0279/R000000008/R000000006
R000000009/1.000000/0000/Guesstimate
R000000003/3.580247/0112/R000000007/R000000009
R000000012/1.000000/0000/Guesstimate
R000000011/1.111111/0054/R000000012
R000000013/1.000000/0000/Guesstimate
R000000014/1.000000/0000/Guesstimate
R000000011/2.222222/0004/R000000013/R000000014
R000000010/1.234568/0009/R000000011
R000000015/1.000000/0000/Guesstimate
R000000016/1.000000/0000/Guesstimate
R000000010/2.222222/0003/R000000015/R000000016
R000000002/4.115227/0159/R000000003/R000000010
R000000017/1.000000/0000/Guesstimate
R000000020/1.000000/0000/Guesstimate
R000000021/1.000000/0000/Guesstimate
R000000019/2.222222/0279/R000000020/R000000021
R000000019/2.222222/0279/R000000020/R000000021
R000000018/3.580247/0095/R000000019/R000000016
R000000023/1.000000/0000/Guesstimate
R000000022/3.580247/0095/R000000019/R000000023
R000000018/3.978053/0147/R000000022
R000000002/5.089163/0159/R000000017/R000000018
R000000001/4.572474/0197/R000000002
R000000027/1.000000/0000/Guesstimate
R000000026/3.854596/0159/R000000003/R000000027
R000000025/4.282884/0197/R000000026
R000000028/10.000000/0000/Guesstimate
R000000025/10.000000/0287/R000000028
R000000029/1.000000/0000/Guesstimate
R000000024/5.869872/0231/R000000025/R000000029
R000000031/1.000000/0000/Guesstimate
R000000030/5.869872/0231/R000000025/R000000031
R000000024/7.633191/0279/R000000030/R000000029
R000000001/6.522080/0198/R000000024
Q000000002/4.572474/0000/R000000001
Q000000003/4.420059/0000/R000000032
R000000036/1.000000/0000/Guesstimate
R000000037/1.000000/0000/Guesstimate
R000000035/2.222222/0112/R000000036/R000000037
R000000038/1.000000/0000/Guesstimate
R000000034/3.580247/0095/R000000035/R000000038
R000000040/1.000000/0000/Guesstimate
R000000039/3.580247/0095/R000000035/R000000040
R000000034/5.089163/0112/R000000039/R000000009
R000000033/3.978053/0285/R000000034
R000000043/1.000000/0000/Guesstimate
R000000044/1.000000/0000/Guesstimate
R000000042/2.222222/0112/R000000043/R000000044
R000000041/3.580247/0095/R000000042/R000000038
R000000045/3.580247/0095/R000000042/R000000040
R000000041/5.089163/0112/R000000045/R000000009
R000000033/3.978053/0285/R000000041
R000000032/4.420059/0161/R000000033
R000000049/1.000000/0000/Guesstimate
R000000048/3.854596/0159/R000000003/R000000049
R000000047/4.282884/0197/R000000048
R000000046/5.869872/0112/R000000047/R000000009
R000000046/6.522080/0082/R000000030
R000000032/6.522080/0041/R000000046
<NEXT>