#
#  Reaction log file
#  Author: LigBuilder V3 User_Diana
#  Creation time: Sat Feb 28 19:05:27 2026
#  Format:
#  QueryMoleculeId/Cost/SynthesizeId/ReactantId1/ReactantId2/ReactantId3.....
#  Id prefix:
#  Q --- Query Molecule
#  M --- Material
#  R --- Reactant
#
Directory      result/synthesize_HsDHODH/36/DATABASE/
#
Q000000001/6.282918/0000/R000000001
R000000006/1.000000/0000/Guesstimate
R000000007/1.000000/0000/Guesstimate
R000000005/2.222222/0279/R000000006/R000000007
R000000005/2.222222/0279/R000000006/R000000007
R000000008/1.000000/0000/Guesstimate
R000000004/3.580247/0159/R000000005/R000000008
R000000009/1.000000/0000/Guesstimate
R000000003/5.089163/0231/R000000004/R000000009
R000000002/5.654626/0125/R000000003
R000000010/1.000000/0000/Guesstimate
R000000002/6.765737/0112/R000000003/R000000010
R000000001/6.282918/0041/R000000002
R000000015/1.000000/0000/Guesstimate
R000000014/2.222222/0279/R000000015/R000000007
R000000014/2.222222/0279/R000000015/R000000007
R000000013/3.580247/0159/R000000014/R000000008
R000000012/3.978053/0040/R000000013
R000000019/1.000000/0000/Guesstimate
R000000020/1.000000/0000/Guesstimate
R000000018/2.222222/0012/R000000019/R000000020
R000000018/2.222222/0285/R000000019/R000000020
R000000017/2.469136/0041/R000000018
R000000022/1.000000/0000/Guesstimate
R000000021/2.222222/0279/R000000022/R000000007
R000000021/2.222222/0279/R000000022/R000000007
R000000023/1.000000/0000/Guesstimate
R000000017/3.580247/0095/R000000021/R000000023
R000000016/3.854596/0159/R000000017/R000000008
R000000012/4.282884/0024/R000000016
R000000011/5.531170/0231/R000000012/R000000009
R000000024/5.089163/0231/R000000013/R000000009
R000000011/5.654626/0040/R000000024
R000000025/1.000000/0000/Guesstimate
R000000001/7.256855/0119/R000000011/R000000025
Q000000002/4.452235/0000/R000000026
M000000031/1.000000/0000/Sigma_BB-28953385
R000000030/1.111111/0213/M000000031
M000000032/1.000000/0000/Sigma_BB-161790922
R000000030/1.111111/0299/M000000032
R000000029/1.234568/0153/R000000030
R000000033/1.234568/0091/R000000030
R000000029/1.371742/0154/R000000033
R000000035/1.000000/0000/Guesstimate
R000000034/1.111111/0239/R000000035
R000000036/1.000000/0000/Guesstimate
R000000037/1.000000/0000/Guesstimate
R000000034/2.222222/0274/R000000036/R000000037
R000000028/2.606310/0231/R000000029/R000000034
R000000038/2.482853/0231/R000000029/R000000035
R000000028/2.758726/0239/R000000038
R000000039/1.000000/0000/Guesstimate
R000000027/4.007011/0112/R000000028/R000000039
R000000042/1.000000/0000/Guesstimate
R000000041/2.222222/0274/R000000042/R000000037
R000000043/1.000000/0000/Guesstimate
R000000041/2.345679/0112/R000000034/R000000043
R000000044/1.000000/0000/Guesstimate
R000000040/3.580247/0012/R000000041/R000000044
R000000046/1.000000/0000/Guesstimate
R000000045/2.222222/0274/R000000046/R000000037
R000000047/1.000000/0000/Guesstimate
R000000040/3.580247/0112/R000000045/R000000047
R000000027/5.349795/0231/R000000029/R000000040
R000000026/4.452235/0181/R000000027
R000000051/1.000000/0000/Guesstimate
R000000050/3.580247/0112/R000000045/R000000051
R000000050/3.978053/0245/R000000040
R000000049/3.978053/0181/R000000050
R000000052/3.978053/0180/R000000050
R000000049/4.420059/0295/R000000052
R000000048/5.791801/0231/R000000029/R000000049
R000000026/6.435335/0219/R000000048
Q000000003/3.048316/0000/R000000053
R000000057/1.000000/0000/Guesstimate
R000000056/1.111111/0245/R000000057
R000000056/1.111111/0245/R000000057
R000000055/1.234568/0239/R000000056
R000000059/1.000000/0000/Guesstimate
R000000060/1.000000/0000/Guesstimate
R000000058/2.222222/0274/R000000059/R000000060
R000000055/2.469136/0180/R000000058
R000000054/2.743484/0231/R000000029/R000000055
R000000053/3.048316/0219/R000000054
R000000062/2.758726/0125/R000000038
R000000062/3.869837/0112/R000000038/R000000010
R000000061/3.065251/0239/R000000062
R000000063/2.469136/0079/R000000045
R000000065/1.000000/0000/Guesstimate
R000000064/2.345679/0004/R000000034/R000000065
R000000063/2.606310/0009/R000000064
R000000061/4.115227/0231/R000000029/R000000063
R000000053/3.405835/0181/R000000061
Q000000004/3.048316/0000/R000000053
<NEXT>