#
#  Reaction log file
#  Author: LigBuilder V3 User_Diana
#  Creation time: Sat Feb 28 19:07:35 2026
#  Format:
#  QueryMoleculeId/Cost/SynthesizeId/ReactantId1/ReactantId2/ReactantId3.....
#  Id prefix:
#  Q --- Query Molecule
#  M --- Material
#  R --- Reactant
#
Directory      result/synthesize_HsDHODH/123/DATABASE/
#
Q000000001/5.791801/0000/R000000001
M000000004/1.000000/0000/Sigma_BB-28934503
R000000005/1.000000/0000/Guesstimate
R000000003/2.222222/0119/M000000004/R000000005
M000000007/1.000000/0000/Sigma_BB-244177564
R000000006/2.222222/0119/M000000007/R000000005
R000000008/1.000000/0000/Guesstimate
R000000006/2.222222/0276/M000000007/R000000008
R000000003/2.469136/0147/R000000006
M000000011/1.000000/0000/Sigma_BB-28764950
R000000010/1.111111/0087/M000000011
R000000013/1.000000/0000/Guesstimate
R000000012/1.111111/0040/R000000013
R000000014/1.000000/0000/Guesstimate
R000000015/1.000000/0000/Guesstimate
R000000012/2.222222/0004/R000000014/R000000015
R000000009/2.469136/0212/R000000010/R000000012
R000000009/2.469136/0212/R000000010/R000000012
R000000002/5.212621/0175/R000000003/R000000009
M000000018/1.000000/0000/Sigma_BB-28666010
R000000017/2.222222/0119/M000000018/R000000005
R000000017/2.222222/0276/M000000018/R000000008
R000000016/3.580247/0004/R000000017/R000000014
R000000020/1.000000/0000/Guesstimate
R000000019/3.580247/0175/R000000003/R000000020
R000000019/3.580247/0290/R000000003/R000000020
R000000016/3.978053/0024/R000000019
R000000022/2.743484/0079/R000000009
R000000023/1.000000/0000/Guesstimate
R000000022/3.854596/0112/R000000009/R000000023
R000000021/3.048316/0040/R000000022
R000000025/1.000000/0000/Guesstimate
R000000024/3.854596/0276/R000000009/R000000025
R000000024/3.854596/0278/R000000009/R000000025
R000000021/4.282884/0024/R000000024
R000000002/7.365071/0212/R000000016/R000000021
R000000001/5.791801/0028/R000000002
R000000028/1.111111/0085/M000000011
R000000027/2.469136/0212/R000000028/R000000012
R000000029/2.345679/0112/R000000010/R000000015
R000000027/2.606310/0147/R000000029
R000000026/6.721537/0212/R000000016/R000000027
R000000026/6.721537/0212/R000000016/R000000027
R000000001/7.468375/0028/R000000026
Q000000002/5.791801/0000/R000000001
Q000000003/5.791801/0000/R000000001
Q000000004/4.159427/0000/R000000030
M000000031/1.000000/0000/Sigma_BB-28446874
R000000035/1.000000/0000/Guesstimate
M000000036/1.000000/0000/Sigma_BB-28757820
R000000034/2.222222/0231/R000000035/M000000036
R000000033/2.469136/0125/R000000034
R000000037/1.000000/0000/Guesstimate
R000000033/3.580247/0112/R000000037/R000000034
R000000032/2.743484/0059/R000000033
R000000040/1.000000/0000/Guesstimate
R000000039/2.222222/0231/R000000040/M000000036
R000000038/3.580247/0226/R000000025/R000000039
R000000041/2.222222/0226/R000000025/R000000040
R000000042/1.000000/0000/Guesstimate
R000000041/2.222222/0277/R000000042/R000000040
R000000038/3.580247/0231/R000000041/M000000036
R000000032/3.978053/0099/R000000038
R000000030/4.159427/0119/M000000031/R000000032
R000000043/5.089163/0119/M000000031/R000000038
R000000044/2.222222/0119/M000000031/R000000025
M000000046/1.000000/0000/Sigma_BB-30420120
R000000047/1.000000/0000/Guesstimate
R000000045/2.222222/0301/M000000046/R000000047
R000000045/2.222222/0301/M000000046/R000000047
R000000044/2.469136/0039/R000000045
R000000049/2.469136/0260/R000000041
R000000049/2.469136/0260/R000000041
R000000048/3.854596/0231/R000000049/M000000036
M000000051/1.000000/0000/Sigma_BB-29205355
R000000050/3.854596/0231/R000000049/M000000051
R000000048/4.282884/0239/R000000050
R000000043/6.752020/0224/R000000044/R000000048
R000000030/5.654626/0099/R000000043
<NEXT>