#
#  Reaction log file
#  Author: LigBuilder V3 User_Diana
#  Creation time: Sat Feb 28 19:07:05 2026
#  Format:
#  QueryMoleculeId/Cost/SynthesizeId/ReactantId1/ReactantId2/ReactantId3.....
#  Id prefix:
#  Q --- Query Molecule
#  M --- Material
#  R --- Reactant
#
Directory      result/synthesize_HsDHODH/97/DATABASE/
#
Q000000001/5.654626/0000/R000000001
R000000004/1.000000/0000/Guesstimate
R000000006/1.000000/0000/Guesstimate
R000000007/1.000000/0000/Guesstimate
R000000005/2.222222/0279/R000000006/R000000007
R000000005/2.222222/0279/R000000006/R000000007
R000000003/3.580247/0159/R000000004/R000000005
R000000009/1.000000/0000/Guesstimate
R000000008/3.580247/0159/R000000009/R000000005
R000000003/3.978053/0299/R000000008
R000000010/1.000000/0000/Guesstimate
R000000002/5.089163/0285/R000000003/R000000010
R000000001/5.654626/0041/R000000002
R000000014/1.000000/0000/Guesstimate
R000000013/5.089163/0277/R000000003/R000000014
R000000012/5.654626/0257/R000000013
R000000016/1.000000/0000/Guesstimate
R000000015/5.089163/0277/R000000003/R000000016
R000000012/5.654626/0260/R000000015
R000000017/1.000000/0000/Guesstimate
R000000011/7.394029/0277/R000000012/R000000017
R000000001/8.215589/0099/R000000011
Q000000002/Analysis Failed
Q000000003/Analysis Failed
<NEXT>