#
#  Reaction log file
#  Author: LigBuilder V3 User_Diana
#  Creation time: Sat Feb 28 19:11:00 2026
#  Format:
#  QueryMoleculeId/Cost/SynthesizeId/ReactantId1/ReactantId2/ReactantId3.....
#  Id prefix:
#  Q --- Query Molecule
#  M --- Material
#  R --- Reactant
#
Directory      result/synthesize_HsDHODH/243/DATABASE/
#
Q000000001/8.840117/0000/R000000001
R000000005/1.000000/0000/Guesstimate
R000000006/1.000000/0000/Guesstimate
R000000004/2.222222/0112/R000000005/R000000006
R000000008/1.000000/0000/Guesstimate
R000000009/1.000000/0000/Guesstimate
R000000007/2.222222/0279/R000000008/R000000009
R000000007/2.222222/0279/R000000008/R000000009
R000000003/4.938272/0159/R000000004/R000000007
R000000002/5.486969/0147/R000000003
R000000015/1.000000/0000/Guesstimate
R000000014/2.222222/0279/R000000015/R000000009
R000000014/2.222222/0279/R000000015/R000000009
R000000013/4.938272/0159/R000000004/R000000014
R000000018/1.000000/0000/Guesstimate
R000000017/2.222222/0279/R000000018/R000000009
R000000017/2.222222/0279/R000000018/R000000009
R000000016/4.938272/0159/R000000004/R000000017
R000000013/5.486969/0091/R000000016
R000000012/5.486969/0079/R000000013
R000000019/1.000000/0000/Guesstimate
R000000012/6.598080/0112/R000000013/R000000019
R000000020/1.000000/0000/Guesstimate
R000000011/7.207744/0049/R000000012/R000000020
R000000010/8.008604/0041/R000000011
R000000010/8.008604/0233/R000000011
R000000002/8.898449/0155/R000000010
R000000023/1.000000/0000/Guesstimate
R000000024/1.000000/0000/Guesstimate
R000000022/2.222222/0112/R000000023/R000000024
R000000021/2.469136/0147/R000000022
R000000026/1.000000/0000/Guesstimate
R000000025/2.222222/0004/R000000026/R000000024
R000000027/1.000000/0000/Guesstimate
R000000025/3.333333/0225/R000000019/R000000024/R000000027
R000000021/3.580247/0212/R000000020/R000000025
R000000001/8.840117/0301/R000000002/R000000021
R000000028/8.230453/0003/R000000016/R000000021
R000000031/1.000000/0000/Guesstimate
R000000030/2.222222/0112/R000000031/R000000024
R000000032/1.000000/0000/Guesstimate
R000000030/3.580247/0301/R000000032/R000000022
R000000029/2.469136/0147/R000000030
R000000033/2.222222/0003/R000000020/R000000024
R000000033/2.469136/0255/R000000025
R000000029/2.469136/0147/R000000033
R000000028/8.230453/0112/R000000013/R000000029
R000000001/9.144949/0147/R000000028
Q000000002/8.840117/0000/R000000001
Q000000003/8.840117/0000/R000000001
Q000000004/8.840117/0000/R000000001
<NEXT>