#
#  Reaction log file
#  Author: LigBuilder V3 User_Diana
#  Creation time: Sat Feb 28 19:07:11 2026
#  Format:
#  QueryMoleculeId/Cost/SynthesizeId/ReactantId1/ReactantId2/ReactantId3.....
#  Id prefix:
#  Q --- Query Molecule
#  M --- Material
#  R --- Reactant
#
Directory      result/synthesize_HsDHODH/102/DATABASE/
#
Q000000001/7.468375/0000/R000000001
M000000005/1.000000/0000/Sigma_BB-76854184
R000000006/1.000000/0000/Guesstimate
R000000004/2.222222/0231/M000000005/R000000006
R000000003/2.469136/0294/R000000004
R000000007/2.222222/0231/M000000005/R000000006
R000000003/2.469136/0294/R000000007
R000000002/2.743484/0013/R000000003
R000000009/2.743484/0287/R000000003
R000000008/3.048316/0125/R000000009
R000000010/1.000000/0000/Guesstimate
R000000008/4.159427/0112/R000000009/R000000010
R000000002/3.387018/0041/R000000008
R000000013/1.000000/0000/Guesstimate
R000000015/1.000000/0000/Guesstimate
R000000016/1.000000/0000/Guesstimate
R000000014/2.222222/0279/R000000015/R000000016
R000000018/1.000000/0000/Guesstimate
R000000017/1.111111/0118/R000000018
R000000017/2.222222/0112/R000000010/R000000018
R000000019/1.000000/0000/Guesstimate
R000000014/2.345679/0122/R000000017/R000000019
R000000012/3.580247/0003/R000000013/R000000014
R000000021/1.000000/0000/Guesstimate
R000000020/2.345679/0122/R000000021/R000000017
R000000020/3.580247/0112/R000000010/R000000014
R000000022/1.000000/0000/Guesstimate
R000000012/3.717421/0049/R000000020/R000000022
R000000011/3.978053/0279/R000000012
R000000024/2.222222/0003/R000000013/R000000019
R000000024/2.222222/0049/R000000021/R000000022
R000000023/3.703704/0279/R000000024/R000000017
R000000023/3.703704/0279/R000000024/R000000017
R000000011/4.115227/0122/R000000023
R000000001/7.468375/0018/R000000002/R000000011
R000000025/7.807077/0018/R000000008/R000000011
R000000001/8.674530/0041/R000000025
Q000000002/7.620790/0000/R000000026
R000000030/1.000000/0000/Guesstimate
R000000029/2.222222/0003/R000000013/R000000030
R000000031/1.000000/0000/Guesstimate
R000000032/1.000000/0000/Guesstimate
R000000029/2.222222/0279/R000000031/R000000032
R000000034/1.000000/0000/Guesstimate
R000000033/1.111111/0118/R000000034
R000000033/2.222222/0112/R000000034/R000000010
R000000028/3.703704/0274/R000000029/R000000033
R000000036/1.000000/0000/Guesstimate
R000000035/3.580247/0274/R000000029/R000000036
R000000037/1.000000/0000/Guesstimate
R000000028/5.089163/0277/R000000035/R000000037
R000000027/4.115227/0122/R000000028
R000000040/1.000000/0000/Guesstimate
R000000039/2.222222/0003/R000000013/R000000040
R000000041/1.000000/0000/Guesstimate
R000000039/2.222222/0049/R000000041/R000000022
R000000043/1.000000/0000/Guesstimate
R000000042/2.222222/0279/R000000043/R000000032
R000000042/2.222222/0279/R000000043/R000000032
R000000038/4.938272/0274/R000000039/R000000042
R000000044/3.580247/0274/R000000042/R000000036
R000000038/5.089163/0277/R000000036/R000000044
R000000027/5.486969/0122/R000000038
R000000026/7.620790/0018/R000000002/R000000027
R000000045/7.959492/0018/R000000008/R000000027
R000000026/8.843881/0041/R000000045
Q000000003/6.096632/0000/R000000046
R000000050/1.000000/0000/Guesstimate
R000000049/2.222222/0231/M000000005/R000000050
R000000051/1.000000/0000/Guesstimate
R000000049/3.580247/0279/R000000007/R000000051
R000000048/2.469136/0294/R000000049
R000000053/1.000000/0000/Guesstimate
R000000052/3.854596/0018/R000000003/R000000053
R000000055/1.000000/0000/Guesstimate
R000000054/3.854596/0018/R000000003/R000000055
R000000052/4.282884/0024/R000000054
R000000048/4.282884/0197/R000000052
R000000058/1.000000/0000/Guesstimate
R000000059/1.000000/0000/Guesstimate
R000000057/2.222222/0274/R000000058/R000000059
R000000056/2.469136/0122/R000000057
R000000056/9.444445/0090/R000000060
R000000047/5.486969/0301/R000000048/R000000056
R000000047/5.486969/0301/R000000048/R000000056
R000000046/6.096632/0013/R000000047
R000000061/6.096632/0164/R000000047
R000000061/7.207744/0174/R000000047/R000000010
R000000046/6.774036/0041/R000000061
Q000000004/6.096632/0000/R000000046
<NEXT>