#
#  Reaction log file
#  Author: LigBuilder V3 User_Diana
#  Creation time: Sat Feb 28 19:06:37 2026
#  Format:
#  QueryMoleculeId/Cost/SynthesizeId/ReactantId1/ReactantId2/ReactantId3.....
#  Id prefix:
#  Q --- Query Molecule
#  M --- Material
#  R --- Reactant
#
Directory      result/synthesize_HsDHODH/89/DATABASE/
#
Q000000001/Analysis Failed
Q000000002/Analysis Failed
Q000000003/2.895900/0000/R000000001
M000000005/1.000000/0000/Sigma_BB-34700680
R000000004/1.111111/0222/M000000005
M000000006/1.000000/0000/Sigma_BB-184570616
R000000004/1.111111/0302/M000000006
R000000007/1.000000/0000/Guesstimate
R000000003/2.345679/0231/R000000004/R000000007
R000000008/2.222222/0231/M000000005/R000000007
R000000003/2.469136/0222/R000000008
R000000002/2.606310/0125/R000000003
R000000009/1.000000/0000/Guesstimate
R000000002/3.717421/0112/R000000003/R000000009
R000000001/2.895900/0041/R000000002
M000000014/1.000000/0000/Sigma_BB-238950995
R000000013/1.111111/0222/M000000014
M000000015/1.000000/0000/Sigma_BB-28958610
R000000013/1.111111/0302/M000000015
R000000012/1.234568/0114/R000000013
R000000011/1.371742/0217/R000000012
R000000011/2.345679/0174/R000000013/R000000009
R000000016/1.000000/0000/Guesstimate
R000000010/2.635269/0142/R000000011/R000000016
M000000017/1.000000/0000/Sigma_BB-28247348
R000000010/2.635269/0206/R000000011/M000000017
R000000001/2.928077/0153/R000000010
<NEXT>