#
#  Reaction log file
#  Author: LigBuilder V3 User_Diana
#  Creation time: Sat Feb 28 19:06:54 2026
#  Format:
#  QueryMoleculeId/Cost/SynthesizeId/ReactantId1/ReactantId2/ReactantId3.....
#  Id prefix:
#  Q --- Query Molecule
#  M --- Material
#  R --- Reactant
#
Directory      result/synthesize_HsDHODH/99/DATABASE/
#
Q000000001/7.331201/0000/R000000001
M000000005/1.000000/0000/Sigma_BB-76854184
R000000006/1.000000/0000/Guesstimate
R000000004/2.222222/0231/M000000005/R000000006
R000000003/2.469136/0294/R000000004
R000000007/2.222222/0231/M000000005/R000000006
R000000003/2.469136/0294/R000000007
R000000002/2.743484/0013/R000000003
R000000009/2.743484/0287/R000000003
R000000008/3.048316/0125/R000000009
R000000010/1.000000/0000/Guesstimate
R000000008/4.159427/0112/R000000009/R000000010
R000000002/3.387018/0041/R000000008
R000000012/1.000000/0000/Guesstimate
R000000015/1.000000/0000/Guesstimate
M000000016/1.000000/0000/Sigma_BB-28968979
R000000014/2.222222/0274/R000000015/M000000016
R000000013/2.469136/0122/R000000014
R000000011/3.854596/0003/R000000012/R000000013
R000000018/2.469136/0125/R000000014
R000000018/3.580247/0112/R000000010/R000000014
R000000017/2.743484/0122/R000000018
R000000017/3.854596/0112/R000000010/R000000013
R000000019/1.000000/0000/Guesstimate
R000000011/4.159427/0049/R000000017/R000000019
R000000001/7.331201/0018/R000000002/R000000011
R000000020/7.669903/0018/R000000008/R000000011
R000000001/8.522115/0041/R000000020
Q000000002/8.183412/0000/R000000021
R000000024/1.000000/0000/Guesstimate
R000000023/4.159427/0018/R000000002/R000000024
R000000025/3.854596/0018/R000000003/R000000024
R000000027/1.000000/0000/Guesstimate
R000000026/3.854596/0018/R000000003/R000000027
R000000029/1.000000/0000/Guesstimate
R000000028/3.854596/0018/R000000003/R000000029
R000000026/4.282884/0024/R000000028
R000000025/5.393995/0212/R000000026/R000000019
R000000023/4.282884/0013/R000000025
M000000032/1.000000/0000/Sigma_BB-28908986
R000000033/1.000000/0000/Guesstimate
R000000031/2.222222/0277/M000000032/R000000033
R000000030/2.469136/0099/R000000031
R000000034/8.600000/0000/Guesstimate
R000000030/9.555556/0082/R000000034
R000000022/7.365070/0277/R000000023/R000000030
R000000038/1.000000/0000/Guesstimate
R000000037/2.222222/0231/M000000005/R000000038
R000000039/1.000000/0000/Guesstimate
R000000037/3.580247/0279/R000000007/R000000039
R000000036/2.469136/0294/R000000037
R000000036/4.282884/0197/R000000026
R000000035/2.743484/0013/R000000036
R000000040/2.743484/0164/R000000036
R000000040/3.854596/0174/R000000036/R000000010
R000000035/3.048316/0041/R000000040
R000000043/1.000000/0000/Guesstimate
R000000042/3.854596/0277/R000000043/R000000030
R000000041/4.282884/0155/R000000042
R000000045/1.000000/0000/Guesstimate
R000000044/3.854596/0285/R000000045/R000000030
R000000041/4.282884/0228/R000000044
R000000022/7.807076/0301/R000000035/R000000041
R000000021/8.183412/0099/R000000022
R000000050/1.000000/0000/Guesstimate
R000000049/3.854596/0277/R000000013/R000000050
R000000048/4.282884/0147/R000000049
R000000051/9.900000/0000/Guesstimate
R000000048/9.900000/0295/R000000051
R000000047/5.869872/0003/R000000012/R000000048
R000000052/5.393995/0277/R000000011/R000000050
R000000047/5.993328/0147/R000000052
R000000046/9.402739/0018/R000000003/R000000047
R000000021/9.402739/0013/R000000046
Q000000003/8.335828/0000/R000000053
R000000055/4.282884/0233/R000000011
R000000055/4.282884/0258/R000000011
R000000054/4.758760/0295/R000000055
R000000057/1.000000/0000/Guesstimate
R000000056/5.393995/0224/R000000011/R000000057
R000000054/5.993328/0150/R000000056
R000000053/8.335828/0018/R000000002/R000000054
R000000058/8.030996/0018/R000000003/R000000054
R000000053/8.923329/0013/R000000058
Q000000004/8.183412/0000/R000000021
<NEXT>