#
#  Reaction log file
#  Author: LigBuilder V3 User_Diana
#  Creation time: Sat Feb 28 19:08:45 2026
#  Format:
#  QueryMoleculeId/Cost/SynthesizeId/ReactantId1/ReactantId2/ReactantId3.....
#  Id prefix:
#  Q --- Query Molecule
#  M --- Material
#  R --- Reactant
#
Directory      result/synthesize_HsDHODH/166/DATABASE/
#
Q000000001/Analysis Failed
Q000000002/Analysis Failed
Q000000003/6.096632/0000/R000000001
R000000005/1.000000/0000/Guesstimate
R000000006/1.000000/0000/Guesstimate
R000000004/2.222222/0158/R000000005/R000000006
R000000004/2.222222/0158/R000000005/R000000006
R000000003/2.469136/0188/R000000004
R000000008/1.000000/0000/Guesstimate
R000000007/2.222222/0158/R000000008/R000000006
R000000007/2.222222/0158/R000000008/R000000006
R000000003/2.469136/0188/R000000007
R000000002/2.743484/0160/R000000003
R000000011/1.000000/0000/Guesstimate
R000000012/1.000000/0000/Guesstimate
R000000010/2.222222/0159/R000000011/R000000012
R000000013/8.600000/0000/Guesstimate
R000000010/9.555556/0164/R000000013
R000000009/2.469136/0040/R000000010
R000000015/1.000000/0000/Guesstimate
R000000016/1.000000/0000/Guesstimate
R000000014/2.222222/0012/R000000015/R000000016
R000000017/1.000000/0000/Guesstimate
R000000018/1.000000/0000/Guesstimate
R000000014/2.222222/0112/R000000017/R000000018
R000000009/3.580247/0159/R000000011/R000000014
R000000002/2.743484/0197/R000000009
M000000022/1.000000/0000/Sigma_BB-332441958
R000000021/1.111111/0228/M000000022
R000000021/1.111111/0286/M000000022
M000000024/1.000000/0000/Sigma_BB-28760650
R000000023/1.111111/0087/M000000024
R000000025/1.000000/0000/Guesstimate
R000000023/1.111111/0245/R000000025
R000000020/2.469136/0301/R000000021/R000000023
R000000020/2.469136/0301/R000000021/R000000023
R000000019/2.743484/0028/R000000020
M000000028/1.000000/0000/Sigma_BB-28799083
R000000027/1.111111/0291/M000000028
R000000027/1.111111/0291/M000000028
R000000026/2.469136/0301/R000000027/R000000023
R000000026/2.469136/0301/R000000027/R000000023
R000000019/2.743484/0028/R000000026
R000000001/6.096632/0174/R000000002/R000000019
R000000032/1.000000/0000/Guesstimate
R000000031/2.345679/0003/R000000023/R000000032
R000000033/1.000000/0000/Guesstimate
R000000031/2.345679/0301/R000000033/R000000023
R000000030/2.606310/0059/R000000031
R000000034/3.048316/0228/R000000019
R000000034/3.048316/0286/R000000019
R000000030/3.387018/0156/R000000034
R000000029/5.944216/0174/R000000002/R000000030
R000000029/5.944216/0289/R000000002/R000000030
R000000001/6.604685/0188/R000000029
<NEXT>