#
#  Reaction log file
#  Author: LigBuilder V3 User_Diana
#  Creation time: Sat Feb 28 19:11:14 2026
#  Format:
#  QueryMoleculeId/Cost/SynthesizeId/ReactantId1/ReactantId2/ReactantId3.....
#  Id prefix:
#  Q --- Query Molecule
#  M --- Material
#  R --- Reactant
#
Directory      result/synthesize_HsDHODH/255/DATABASE/
#
Q000000001/7.331201/0000/R000000001
R000000003/1.000000/0000/Guesstimate
R000000006/1.000000/0000/Guesstimate
R000000007/1.000000/0000/Guesstimate
R000000005/2.222222/0279/R000000006/R000000007
R000000005/2.222222/0279/R000000006/R000000007
M000000009/1.000000/0000/Sigma_BB-129766830
M000000010/1.000000/0000/Sigma_BB-30551778
R000000008/2.222222/0212/M000000009/M000000010
R000000008/2.222222/0212/M000000009/M000000010
R000000004/4.938272/0095/R000000005/R000000008
R000000011/3.580247/0095/R000000005/M000000009
R000000004/5.089163/0212/R000000011/M000000010
R000000002/6.598080/0159/R000000003/R000000004
R000000014/1.000000/0000/Guesstimate
R000000015/1.000000/0000/Guesstimate
R000000013/2.222222/0279/R000000014/R000000015
R000000013/2.222222/0279/R000000014/R000000015
R000000012/2.469136/0082/R000000013
R000000017/1.000000/0000/Guesstimate
R000000016/2.222222/0279/R000000017/R000000015
R000000016/2.222222/0279/R000000017/R000000015
R000000018/1.000000/0000/Guesstimate
R000000012/3.580247/0112/R000000016/R000000018
R000000020/1.000000/0000/Guesstimate
R000000019/3.580247/0003/R000000020/R000000008
M000000022/1.000000/0000/Sigma_BB-30407107
R000000021/3.580247/0301/M000000022/R000000008
R000000021/3.580247/0301/M000000022/R000000008
R000000019/3.978053/0009/R000000021
R000000002/6.721537/0159/R000000012/R000000019
R000000001/7.331201/0197/R000000002
R000000026/1.000000/0000/Guesstimate
R000000025/3.580247/0095/R000000005/R000000026
R000000024/5.089163/0159/R000000003/R000000025
R000000027/2.222222/0003/R000000020/R000000026
M000000028/1.000000/0000/Sigma_BB-29658746
R000000027/2.222222/0112/R000000018/M000000028
R000000024/5.212621/0159/R000000012/R000000027
R000000023/5.654626/0197/R000000024
R000000030/1.111111/0086/M000000010
R000000030/1.111111/0091/M000000010
R000000029/1.234568/0079/R000000030
R000000032/1.000000/0000/Guesstimate
R000000033/1.000000/0000/Guesstimate
R000000031/2.222222/0004/R000000032/R000000033
R000000035/1.000000/0000/Guesstimate
R000000034/2.222222/0277/R000000035/R000000033
R000000036/1.000000/0000/Guesstimate
R000000034/2.222222/0301/R000000036/R000000033
R000000031/2.469136/0040/R000000034
R000000029/2.469136/0009/R000000031
R000000001/7.654660/0224/R000000023/R000000029
Q000000002/Analysis Failed
Q000000003/5.852937/0000/R000000037
M000000042/1.000000/0000/Sigma_BB-151013965
R000000041/1.111111/0104/M000000042
R000000041/1.111111/0104/M000000042
R000000040/1.234568/0248/R000000041
R000000044/1.000000/0000/Guesstimate
R000000045/1.000000/0000/Guesstimate
R000000043/2.222222/0285/R000000044/R000000045
R000000040/2.469136/0279/R000000043
R000000047/1.000000/0000/Guesstimate
R000000048/1.000000/0000/Guesstimate
R000000046/2.222222/0301/R000000047/R000000048
R000000046/2.222222/0301/R000000047/R000000048
R000000039/3.840878/0018/R000000040/R000000046
R000000051/1.000000/0000/Guesstimate
R000000050/2.222222/0301/R000000047/R000000051
R000000050/2.222222/0301/R000000047/R000000051
R000000049/3.840878/0018/R000000040/R000000050
R000000039/4.267643/0156/R000000049
R000000038/4.267643/0160/R000000039
M000000055/1.000000/0000/Sigma_BB-358980510
R000000054/1.111111/0153/M000000055
M000000056/1.000000/0000/Sigma_BB-30438932
R000000054/1.111111/0222/M000000056
R000000057/1.000000/0000/Guesstimate
R000000053/2.345679/0231/R000000054/R000000057
R000000059/1.000000/0000/Guesstimate
R000000058/2.222222/0301/R000000059/R000000048
R000000058/2.222222/0301/R000000059/R000000048
R000000052/5.075447/0279/R000000053/R000000058
R000000052/5.075447/0279/R000000053/R000000058
R000000038/5.639385/0294/R000000052
R000000060/1.000000/0000/Guesstimate
R000000037/5.852937/0170/R000000038/R000000060
R000000062/3.580247/0170/R000000046/R000000060
R000000063/1.000000/0000/Guesstimate
R000000062/3.580247/0170/R000000050/R000000063
R000000061/5.349795/0018/R000000040/R000000062
R000000061/5.378754/0170/R000000039/R000000060
R000000037/5.944217/0160/R000000061
Q000000004/4.115227/0000/R000000064
M000000067/1.000000/0000/Sigma_BB-28777384
R000000066/1.111111/0287/M000000067
M000000070/1.000000/0000/Sigma_BB-89756530
R000000069/1.111111/0164/M000000070
R000000069/2.222222/0174/M000000070/R000000018
R000000068/1.234568/0040/R000000069
M000000072/1.000000/0000/Sigma_BB-128618902
R000000071/1.111111/0213/M000000072
R000000068/1.234568/0197/R000000071
R000000066/1.371742/0197/R000000068
M000000074/1.000000/0000/Sigma_BB-27468255
M000000075/1.000000/0000/Sigma_BB-28804095
R000000073/2.222222/0212/M000000074/M000000075
R000000073/2.222222/0212/M000000074/M000000075
R000000065/3.703704/0003/R000000066/R000000073
R000000077/1.000000/0000/Guesstimate
M000000080/1.000000/0000/Sigma_BB-28465837
R000000081/1.000000/0000/Guesstimate
R000000079/2.222222/0274/M000000080/R000000081
R000000082/1.000000/0000/Guesstimate
R000000083/1.000000/0000/Guesstimate
R000000079/3.333333/0242/R000000082/R000000083/R000000083
R000000078/2.469136/0155/R000000079
R000000078/2.469136/0197/R000000073
R000000076/3.854596/0004/R000000077/R000000078
R000000085/1.000000/0000/Guesstimate
R000000084/3.854596/0277/R000000085/R000000078
R000000086/1.000000/0000/Guesstimate
R000000084/3.854596/0301/R000000086/R000000078
R000000076/4.282884/0024/R000000084
R000000065/5.517452/0049/R000000069/R000000076
R000000064/4.115227/0099/R000000065
R000000087/4.115227/0003/R000000068/R000000078
R000000089/1.371742/0093/R000000068
R000000090/1.000000/0000/Guesstimate
R000000089/2.345679/0004/R000000066/R000000090
R000000088/1.524158/0085/R000000089
R000000088/2.345679/0004/R000000066/R000000077
R000000092/2.469136/0086/R000000073
R000000092/2.469136/0091/R000000073
R000000091/2.743484/0079/R000000092
M000000094/1.000000/0000/Sigma_BB-28778979
R000000093/3.580247/0212/M000000094/R000000073
R000000093/3.854596/0004/R000000032/R000000078
R000000091/3.978053/0009/R000000093
R000000087/4.741825/0049/R000000088/R000000091
R000000064/4.572474/0099/R000000087
<NEXT>