#
#  Reaction log file
#  Author: LigBuilder V3 User_Diana
#  Creation time: Sat Feb 28 19:12:21 2026
#  Format:
#  QueryMoleculeId/Cost/SynthesizeId/ReactantId1/ReactantId2/ReactantId3.....
#  Id prefix:
#  Q --- Query Molecule
#  M --- Material
#  R --- Reactant
#
Directory      result/synthesize_HsDHODH/286/DATABASE/
#
Q000000001/5.531170/0000/R000000001
R000000005/1.000000/0000/Guesstimate
M000000006/1.000000/0000/Sigma_BB-28829658
R000000004/2.222222/0001/R000000005/M000000006
R000000007/1.000000/0000/Guesstimate
R000000004/2.222222/0004/R000000007/M000000006
R000000008/1.000000/0000/Guesstimate
R000000003/3.580247/0081/R000000004/R000000008
R000000010/1.000000/0000/Guesstimate
R000000009/2.222222/0001/R000000010/M000000006
R000000011/1.000000/0000/Guesstimate
R000000009/2.222222/0004/R000000011/M000000006
R000000003/3.580247/0210/R000000009/R000000008
R000000002/3.978053/0091/R000000003
R000000014/1.000000/0000/Guesstimate
R000000013/5.089163/0212/R000000003/R000000014
R000000013/5.089163/0212/R000000003/R000000014
R000000012/5.654626/0091/R000000013
R000000002/6.282918/0260/R000000012
R000000015/1.000000/0000/Guesstimate
R000000001/5.531170/0112/R000000002/R000000015
M000000019/1.000000/0000/Sigma_BB-28762337
R000000020/1.000000/0000/Guesstimate
R000000018/2.222222/0285/M000000019/R000000020
R000000021/2.222222/0004/R000000005/R000000015
R000000017/4.938272/0049/R000000018/R000000021
R000000016/5.486969/0285/R000000017
R000000022/1.000000/0000/Guesstimate
R000000001/7.207744/0004/R000000016/R000000022
Q000000002/5.654626/0000/R000000023
M000000026/1.000000/0000/Sigma_BB-28769716
R000000028/1.000000/0000/Guesstimate
R000000029/1.000000/0000/Guesstimate
R000000027/2.222222/0012/R000000028/R000000029
R000000030/2.222222/0012/R000000028/R000000008
R000000030/2.222222/0285/R000000028/R000000008
R000000031/1.000000/0000/Guesstimate
R000000027/3.580247/0119/R000000030/R000000031
R000000025/3.580247/0231/M000000026/R000000027
R000000033/1.000000/0000/Guesstimate
R000000032/2.222222/0231/M000000026/R000000033
R000000035/1.000000/0000/Guesstimate
R000000034/2.222222/0012/R000000029/R000000035
R000000036/1.000000/0000/Guesstimate
R000000037/1.000000/0000/Guesstimate
R000000034/2.222222/0112/R000000036/R000000037
R000000025/4.938272/0279/R000000032/R000000034
R000000038/1.000000/0000/Guesstimate
R000000024/5.089163/0181/R000000025/R000000038
R000000042/1.000000/0000/Guesstimate
R000000043/1.000000/0000/Guesstimate
R000000044/1.000000/0000/Guesstimate
R000000041/3.333333/0225/R000000042/R000000043/R000000044
R000000041/3.333333/0225/R000000042/R000000043/R000000044
R000000040/4.814815/0119/R000000041/R000000031
R000000040/4.814815/0280/R000000041/R000000031
R000000039/5.349795/0099/R000000040
R000000039/5.349795/0099/R000000040
R000000024/7.055328/0231/M000000026/R000000039
R000000023/5.654626/0024/R000000024
R000000046/2.222222/0119/M000000026/R000000031
R000000046/2.222222/0280/M000000026/R000000031
R000000047/3.703704/0099/R000000041
R000000047/3.703704/0099/R000000041
R000000045/6.584363/0231/R000000046/R000000047
R000000048/4.938272/0231/R000000046/R000000030
R000000049/3.580247/0231/R000000046/R000000033
R000000051/1.000000/0000/Guesstimate
R000000050/1.111111/0040/R000000051
R000000050/2.222222/0012/R000000008/R000000035
R000000048/5.212621/0279/R000000049/R000000050
R000000045/6.598080/0181/R000000048/R000000038
R000000023/7.315958/0024/R000000045
Q000000003/5.807042/0000/R000000052
M000000054/1.000000/0000/Sigma_BB-28766577
R000000053/5.226338/0231/M000000054/R000000047
R000000056/3.580247/0231/M000000054/R000000027
R000000055/3.978053/0024/R000000056
M000000058/1.000000/0000/Sigma_BB-28756834
R000000057/3.580247/0231/M000000058/R000000030
R000000055/5.089163/0119/R000000057/R000000031
R000000053/5.531170/0181/R000000055/R000000038
R000000052/5.807042/0024/R000000053
R000000060/3.978053/0024/R000000056
M000000062/1.000000/0000/Sigma_BB-28421609
R000000061/3.580247/0231/M000000062/R000000027
R000000060/3.978053/0040/R000000061
R000000059/5.531170/0181/R000000060/R000000038
R000000059/7.055328/0231/M000000058/R000000039
R000000052/6.145744/0024/R000000059
<NEXT>