#
#  Reaction log file
#  Author: LigBuilder V3 User_Diana
#  Creation time: Sat Feb 28 19:11:01 2026
#  Format:
#  QueryMoleculeId/Cost/SynthesizeId/ReactantId1/ReactantId2/ReactantId3.....
#  Id prefix:
#  Q --- Query Molecule
#  M --- Material
#  R --- Reactant
#
Directory      result/synthesize_HsDHODH/246/DATABASE/
#
Q000000001/7.315958/0000/R000000001
M000000005/1.000000/0000/Sigma_BB-28426396
R000000006/1.000000/0000/Guesstimate
R000000004/2.222222/0119/M000000005/R000000006
R000000007/1.000000/0000/Guesstimate
R000000008/1.000000/0000/Guesstimate
R000000004/3.333333/0261/M000000005/R000000007/R000000008
R000000009/1.000000/0000/Guesstimate
R000000003/3.580247/0004/R000000004/R000000009
M000000011/1.000000/0000/Sigma_BB-243601375
R000000010/2.222222/0119/M000000011/R000000006
R000000012/1.000000/0000/Guesstimate
R000000010/3.580247/0004/R000000004/R000000012
R000000013/1.000000/0000/Guesstimate
R000000003/3.580247/0004/R000000010/R000000013
M000000016/1.000000/0000/Sigma_BB-28764950
R000000015/1.111111/0085/M000000016
R000000017/1.000000/0000/Guesstimate
R000000014/2.345679/0212/R000000015/R000000017
R000000019/1.000000/0000/Guesstimate
R000000018/2.222222/0004/M000000016/R000000019
R000000018/2.222222/0277/M000000016/R000000019
R000000014/2.469136/0197/R000000018
R000000002/6.584363/0212/R000000003/R000000014
R000000002/6.584363/0212/R000000003/R000000014
R000000001/7.315958/0028/R000000002
R000000022/2.222222/0212/M000000016/R000000017
R000000022/2.222222/0212/M000000016/R000000017
R000000021/2.469136/0085/R000000022
R000000024/1.000000/0000/Guesstimate
R000000023/2.345679/0212/R000000015/R000000024
R000000023/2.345679/0212/R000000015/R000000024
R000000021/2.606310/0041/R000000023
R000000020/6.721537/0212/R000000003/R000000021
R000000020/6.721537/0212/R000000003/R000000021
R000000001/7.468375/0028/R000000020
Q000000002/7.468375/0000/R000000025
M000000029/1.000000/0000/Sigma_BB-76854184
R000000030/1.000000/0000/Guesstimate
R000000028/2.222222/0231/M000000029/R000000030
R000000027/2.469136/0294/R000000028
R000000032/1.000000/0000/Guesstimate
R000000031/2.222222/0231/M000000029/R000000032
R000000027/2.469136/0294/R000000031
R000000035/1.000000/0000/Guesstimate
R000000036/1.000000/0000/Guesstimate
R000000034/2.222222/0224/R000000035/R000000036
R000000037/1.000000/0000/Guesstimate
R000000033/3.580247/0285/R000000034/R000000037
R000000026/6.721537/0301/R000000027/R000000033
R000000039/3.854596/0301/R000000027/R000000035
R000000039/3.854596/0301/R000000027/R000000035
R000000038/5.393995/0224/R000000039/R000000036
R000000041/1.000000/0000/Guesstimate
R000000040/5.393995/0224/R000000039/R000000041
R000000038/5.993328/0260/R000000040
R000000026/7.104439/0285/R000000038/R000000037
R000000025/7.468375/0279/R000000026
R000000025/7.468375/0279/R000000026
Q000000003/7.468375/0000/R000000025
Q000000004/Analysis Failed
<NEXT>