#
#  Reaction log file
#  Author: LigBuilder V3 User_Diana
#  Creation time: Sat Feb 28 19:07:33 2026
#  Format:
#  QueryMoleculeId/Cost/SynthesizeId/ReactantId1/ReactantId2/ReactantId3.....
#  Id prefix:
#  Q --- Query Molecule
#  M --- Material
#  R --- Reactant
#
Directory      result/synthesize_HsDHODH/130/DATABASE/
#
Q000000001/5.791801/0000/R000000001
R000000004/1.000000/0000/Guesstimate
R000000005/1.000000/0000/Guesstimate
R000000003/2.222222/0004/R000000004/R000000005
R000000002/2.469136/0009/R000000003
R000000008/1.000000/0000/Guesstimate
R000000009/1.000000/0000/Guesstimate
R000000007/2.222222/0285/R000000008/R000000009
R000000006/2.469136/0274/R000000007
R000000010/2.469136/0197/R000000003
R000000006/2.743484/0260/R000000010
R000000002/2.743484/0079/R000000006
R000000014/1.000000/0000/Guesstimate
M000000015/1.000000/0000/Sigma_BB-35361165
R000000013/2.222222/0122/R000000014/M000000015
R000000013/2.222222/0122/R000000014/M000000015
R000000012/2.469136/0198/R000000013
R000000012/2.469136/0298/R000000013
R000000011/2.743484/0295/R000000012
R000000016/1.000000/0000/Guesstimate
R000000017/8.888889/0293/R000000018
R000000019/9.400000/0295/R000000020
R000000017/9.200000/0155/R000000019
R000000011/9.888889/0277/R000000016/R000000017
R000000001/5.791801/0012/R000000002/R000000011
R000000024/1.000000/0000/Guesstimate
R000000023/2.222222/0256/R000000004/R000000024
R000000022/2.469136/0219/R000000023
M000000026/1.000000/0000/Sigma_BB-28247348
R000000025/3.854596/0206/R000000002/M000000026
R000000027/1.000000/0000/Guesstimate
R000000025/3.854596/0285/R000000002/R000000027
R000000022/4.282884/0197/R000000025
R000000029/1.111111/0087/M000000026
R000000030/1.000000/0000/Guesstimate
R000000031/1.000000/0000/Guesstimate
R000000029/2.222222/0004/R000000030/R000000031
R000000033/1.111111/0247/M000000015
R000000034/9.500000/0000/Guesstimate
R000000033/9.500000/0125/R000000034
R000000032/1.234568/0188/R000000033
R000000036/9.300000/0000/Guesstimate
R000000035/9.300000/0295/R000000036
R000000037/9.100000/0198/R000000035
R000000037/9.100000/0298/R000000035
R000000035/9.300000/0295/R000000037
R000000032/9.100000/0125/R000000035
R000000028/2.606310/0049/R000000029/R000000032
M000000040/1.000000/0000/Sigma_BB-28105749
R000000039/1.111111/0153/M000000040
R000000041/1.000000/0000/Guesstimate
R000000039/2.222222/0004/R000000041/R000000030
R000000038/2.606310/0049/R000000039/R000000032
R000000042/1.000000/0000/Guesstimate
R000000038/9.888889/0112/R000000042/R000000017
R000000028/2.895900/0260/R000000038
R000000021/5.639385/0112/R000000022/R000000028
M000000046/1.000000/0000/Sigma_BB-28792337
R000000045/2.222222/0112/R000000004/M000000046
R000000047/1.000000/0000/Guesstimate
R000000045/3.854596/0112/R000000006/R000000047
R000000044/2.469136/0099/R000000045
R000000044/4.282884/0091/R000000025
R000000043/3.854596/0004/R000000044/R000000030
R000000043/5.393995/0001/R000000025/R000000030
R000000021/5.654626/0049/R000000043/R000000032
R000000001/6.265983/0059/R000000021
Q000000002/5.791801/0000/R000000001
Q000000003/Analysis Failed
<NEXT>