#
#  Reaction log file
#  Author: LigBuilder V3 User_Diana
#  Creation time: Sat Feb 28 19:05:42 2026
#  Format:
#  QueryMoleculeId/Cost/SynthesizeId/ReactantId1/ReactantId2/ReactantId3.....
#  Id prefix:
#  Q --- Query Molecule
#  M --- Material
#  R --- Reactant
#
Directory      result/synthesize_HsDHODH/45/DATABASE/
#
Q000000001/4.420059/0000/R000000001
M000000005/1.000000/0000/Sigma_BB-28800168
R000000006/1.000000/0000/Guesstimate
R000000004/2.222222/0004/M000000005/R000000006
M000000008/1.000000/0000/Sigma_BB-27723080
R000000007/2.222222/0004/M000000008/R000000006
R000000004/2.469136/0239/R000000007
R000000003/2.469136/0086/R000000004
R000000003/2.469136/0091/R000000004
M000000010/1.000000/0000/Sigma_BB-182081638
R000000009/1.111111/0079/M000000010
M000000012/1.000000/0000/Sigma_BB-29925747
R000000013/1.000000/0000/Guesstimate
R000000011/2.222222/0004/M000000012/R000000013
M000000014/1.000000/0000/Sigma_BB-28130342
M000000015/1.000000/0000/Sigma_BB-28778979
R000000011/2.222222/0212/M000000014/M000000015
R000000009/2.469136/0009/R000000011
R000000002/3.978053/0175/R000000003/R000000009
R000000017/1.000000/0000/Guesstimate
M000000019/1.000000/0000/Sigma_BB-128464601
R000000018/1.111111/0079/M000000019
R000000020/1.000000/0000/Guesstimate
R000000018/2.222222/0112/M000000019/R000000020
R000000016/2.345679/0004/R000000017/R000000018
R000000022/1.000000/0000/Guesstimate
R000000021/3.580247/0175/R000000022/R000000011
R000000021/3.580247/0290/R000000022/R000000011
R000000016/3.978053/0009/R000000021
R000000002/5.075447/0212/R000000004/R000000016
R000000001/4.420059/0059/R000000002
M000000025/1.000000/0000/Sigma_BB-118635024
R000000024/1.111111/0153/M000000025
R000000024/1.234568/0059/R000000018
R000000023/3.978053/0112/R000000003/R000000024
R000000026/2.469136/0197/R000000004
M000000029/1.000000/0000/Sigma_BB-87980886
R000000028/1.111111/0287/M000000029
M000000030/1.000000/0000/Sigma_BB-243755193
R000000031/1.000000/0000/Guesstimate
R000000028/2.222222/0274/M000000030/R000000031
R000000027/1.234568/0091/R000000028
R000000033/1.000000/0000/Guesstimate
R000000034/1.000000/0000/Guesstimate
R000000032/2.222222/0012/R000000033/R000000034
R000000035/1.000000/0000/Guesstimate
R000000036/1.000000/0000/Guesstimate
R000000032/2.222222/0112/R000000035/R000000036
M000000038/1.000000/0000/Sigma_BB-30414215
R000000037/1.111111/0156/M000000038
R000000039/1.000000/0000/Guesstimate
R000000040/1.000000/0000/Guesstimate
R000000037/2.222222/0169/R000000039/R000000040
R000000027/3.703704/0159/R000000032/R000000037
R000000023/4.115227/0112/R000000026/R000000027
R000000001/4.420059/0147/R000000023
Q000000002/4.420059/0000/R000000001
Q000000003/4.572474/0000/R000000041
M000000045/1.000000/0000/Sigma_BB-30388150
R000000044/1.111111/0213/M000000045
M000000046/1.000000/0000/Sigma_BB-28776102
R000000044/1.111111/0287/M000000046
R000000043/1.234568/0091/R000000044
R000000048/1.000000/0000/Guesstimate
R000000049/1.000000/0000/Guesstimate
R000000047/2.222222/0279/R000000048/R000000049
R000000047/2.222222/0279/R000000048/R000000049
R000000050/1.000000/0000/Guesstimate
R000000043/3.580247/0159/R000000047/R000000050
R000000042/4.115227/0112/R000000026/R000000043
R000000051/1.234568/0197/R000000044
M000000053/1.000000/0000/Sigma_BB-28959460
R000000052/1.111111/0017/M000000053
M000000054/1.000000/0000/Sigma_BB-88360669
R000000052/1.111111/0053/M000000054
R000000055/1.000000/0000/Guesstimate
R000000051/2.345679/0274/R000000052/R000000055
R000000042/4.115227/0112/R000000003/R000000051
R000000041/4.572474/0147/R000000042
R000000058/1.111111/0104/M000000005
R000000058/1.111111/0104/M000000005
R000000057/1.234568/0257/R000000058
M000000060/1.000000/0000/Sigma_BB-31122963
R000000059/1.111111/0104/M000000060
R000000059/1.111111/0104/M000000060
R000000057/1.234568/0260/R000000059
R000000063/1.000000/0000/Guesstimate
R000000062/2.222222/0175/R000000063/M000000045
R000000062/2.222222/0290/R000000063/M000000045
R000000061/2.469136/0155/R000000062
R000000065/1.000000/0000/Guesstimate
R000000064/2.482853/0112/R000000043/R000000065
R000000066/1.000000/0000/Guesstimate
R000000064/2.482853/0112/R000000066/R000000051
R000000061/2.758726/0147/R000000064
R000000056/4.115227/0301/R000000057/R000000061
R000000056/4.115227/0301/R000000057/R000000061
R000000041/4.572474/0161/R000000056
Q000000004/4.572474/0000/R000000041
<NEXT>