#
#  Reaction log file
#  Author: LigBuilder V3 User_Diana
#  Creation time: Sat Feb 28 19:07:05 2026
#  Format:
#  QueryMoleculeId/Cost/SynthesizeId/ReactantId1/ReactantId2/ReactantId3.....
#  Id prefix:
#  Q --- Query Molecule
#  M --- Material
#  R --- Reactant
#
Directory      result/synthesize_HsDHODH/110/DATABASE/
#
Q000000001/1.371742/0000/R000000001
M000000004/1.000000/0000/Sigma_BB-247508405
R000000003/1.111111/0091/M000000004
R000000006/1.000000/0000/Guesstimate
R000000007/1.000000/0000/Guesstimate
R000000005/2.222222/0181/R000000006/R000000007
R000000005/2.222222/0285/R000000006/R000000007
R000000008/1.000000/0000/Guesstimate
R000000003/3.580247/0159/R000000005/R000000008
R000000002/1.234568/0079/R000000003
M000000011/1.000000/0000/Sigma_BB-28766562
R000000010/1.111111/0302/M000000011
M000000012/1.000000/0000/Sigma_BB-27087339
R000000013/1.000000/0000/Guesstimate
R000000010/2.222222/0231/M000000012/R000000013
R000000009/1.234568/0222/R000000010
M000000015/1.000000/0000/Sigma_BB-28808740
R000000016/1.000000/0000/Guesstimate
R000000014/2.222222/0175/M000000015/R000000016
R000000014/2.222222/0290/M000000015/R000000016
R000000009/2.469136/0139/R000000014
R000000002/1.371742/0082/R000000009
R000000001/1.371742/0041/R000000002
M000000020/1.000000/0000/Sigma_BB-28847164
R000000019/1.111111/0302/M000000020
R000000018/1.234568/0013/R000000019
R000000021/1.234568/0114/R000000019
R000000022/1.000000/0000/Guesstimate
R000000018/2.482853/0274/R000000021/R000000022
R000000017/1.371742/0104/R000000018
R000000017/1.371742/0104/R000000018
R000000001/1.524158/0160/R000000017
Q000000002/5.654626/0000/R000000023
M000000025/1.000000/0000/Sigma_BB-28800168
R000000028/1.000000/0000/Guesstimate
R000000029/1.000000/0000/Guesstimate
R000000027/2.222222/0279/R000000028/R000000029
R000000027/2.222222/0279/R000000028/R000000029
R000000030/1.000000/0000/Guesstimate
R000000026/3.580247/0159/R000000027/R000000030
R000000032/1.000000/0000/Guesstimate
R000000031/3.580247/0159/R000000027/R000000032
R000000026/3.978053/0300/R000000031
R000000024/5.089163/0003/M000000025/R000000026
M000000033/1.000000/0000/Sigma_BB-244168514
R000000037/1.000000/0000/Guesstimate
M000000040/1.000000/0000/Sigma_BB-234543041
R000000039/1.111111/0287/M000000040
R000000041/1.000000/0000/Guesstimate
R000000038/2.345679/0174/R000000039/R000000041
R000000042/8.900000/0000/Guesstimate
R000000038/9.888888/0168/R000000042
R000000036/3.717421/0175/R000000037/R000000038
R000000036/3.717421/0290/R000000037/R000000038
R000000035/4.130468/0085/R000000036
R000000034/4.589409/0059/R000000035
R000000043/1.000000/0000/Guesstimate
R000000044/3.978053/0197/R000000026
R000000034/5.531170/0004/R000000043/R000000044
R000000024/6.210455/0049/M000000033/R000000034
R000000023/5.654626/0147/R000000024
R000000048/1.000000/0000/Guesstimate
R000000047/2.222222/0004/M000000025/R000000048
M000000049/1.000000/0000/Sigma_BB-28800525
R000000047/2.222222/0175/M000000049/R000000037
R000000046/2.469136/0086/R000000047
R000000046/2.469136/0091/R000000047
R000000045/5.349795/0175/R000000046/R000000038
R000000050/4.130468/0086/R000000036
R000000050/4.130468/0091/R000000036
R000000045/5.700521/0175/M000000049/R000000050
R000000023/5.944217/0059/R000000045
Q000000003/5.654626/0000/R000000023
<NEXT>