#
#  Reaction log file
#  Author: LigBuilder V3 User_Diana
#  Creation time: Wed Feb 25 12:21:21 2026
#  Format:
#  QueryMoleculeId/Cost/SynthesizeId/ReactantId1/ReactantId2/ReactantId3.....
#  Id prefix:
#  Q --- Query Molecule
#  M --- Material
#  R --- Reactant
#
Directory      result/synthesize_HsDHODH/126/DATABASE/
#
Q000000001/4.516946/0000/R000000001
M000000002/1.000000/0000/Sigma_BB-70380583
R000000006/1.000000/0000/Guesstimate
R000000009/1.000000/0000/Guesstimate
R000000008/1.111111/0125/R000000009
R000000010/1.000000/0000/Guesstimate
R000000008/2.222222/0112/R000000010/R000000009
R000000007/1.234568/0040/R000000008
R000000012/1.000000/0000/Guesstimate
R000000011/2.222222/0004/R000000009/R000000012
R000000013/1.000000/0000/Guesstimate
R000000014/1.000000/0000/Guesstimate
R000000011/3.333333/0225/R000000009/R000000013/R000000014
R000000007/2.469136/0216/R000000011
R000000005/2.482853/0003/R000000006/R000000007
R000000015/1.000000/0000/Guesstimate
R000000017/1.000000/0000/Guesstimate
R000000016/2.222222/0004/R000000017/R000000009
R000000016/2.469136/0085/R000000011
R000000005/3.580247/0049/R000000015/R000000016
R000000004/2.758726/0059/R000000005
R000000019/1.000000/0000/Guesstimate
R000000020/2.469136/0153/R000000016
R000000021/2.469136/0086/R000000016
R000000021/2.469136/0087/R000000011
R000000020/2.743484/0154/R000000021
R000000018/3.854596/0301/R000000019/R000000020
R000000018/3.854596/0301/R000000019/R000000020
R000000004/4.282884/0039/R000000018
R000000003/3.065251/0024/R000000004
R000000003/3.854596/0004/R000000012/R000000020
R000000001/4.516946/0119/M000000002/R000000003
R000000025/1.000000/0000/Guesstimate
R000000024/2.222222/0276/M000000002/R000000025
R000000024/2.222222/0278/M000000002/R000000025
R000000023/2.469136/0091/R000000024
M000000027/1.000000/0000/Sigma_BB-187234791
R000000028/1.000000/0000/Guesstimate
R000000026/2.222222/0276/M000000027/R000000028
R000000026/2.222222/0278/M000000027/R000000028
R000000023/2.469136/0197/R000000026
R000000022/4.115227/0003/R000000023/R000000007
M000000031/1.000000/0000/Sigma_BB-28778979
R000000030/2.222222/0119/M000000002/M000000031
R000000032/1.000000/0000/Guesstimate
R000000030/3.854596/0004/R000000023/R000000032
R000000029/2.469136/0009/R000000030
R000000034/1.000000/0000/Guesstimate
R000000033/2.222222/0119/M000000002/R000000034
R000000035/1.000000/0000/Guesstimate
R000000033/2.222222/0276/M000000002/R000000035
R000000029/2.469136/0079/R000000033
R000000022/5.212621/0049/R000000029/R000000016
R000000001/4.572474/0059/R000000022
Q000000002/4.741826/0000/R000000036
M000000041/1.000000/0000/Sigma_BB-152386739
R000000040/1.111111/0093/M000000041
M000000042/1.000000/0000/Sigma_BB-152386740
R000000040/2.222222/0004/M000000042/R000000012
R000000039/1.234568/0093/R000000040
M000000043/1.000000/0000/Sigma_BB-28247348
R000000039/2.345679/0212/R000000040/M000000043
R000000045/1.000000/0000/Guesstimate
R000000044/2.222222/0004/R000000012/R000000045
R000000044/3.333333/0225/R000000013/R000000045/R000000014
R000000038/3.840878/0212/R000000039/R000000044
R000000038/3.840878/0212/R000000039/R000000044
R000000037/4.267643/0125/R000000038
R000000037/5.378754/0112/R000000038/R000000010
R000000036/4.741826/0040/R000000037
R000000049/1.000000/0000/Guesstimate
R000000048/2.222222/0174/R000000034/R000000049
R000000048/2.222222/0289/R000000034/R000000049
R000000047/2.469136/0197/R000000048
R000000050/7.400000/0000/Guesstimate
R000000047/8.222222/0091/R000000050
R000000046/7.011127/0112/R000000038/R000000047
R000000052/1.234568/0197/R000000040
R000000051/4.115227/0112/R000000052/R000000047
R000000053/3.978053/0112/R000000040/R000000047
R000000051/4.420059/0197/R000000053
R000000056/1.000000/0000/Guesstimate
R000000055/2.222222/0112/R000000056/R000000045
R000000054/2.469136/0147/R000000055
R000000058/1.000000/0000/Guesstimate
R000000057/3.580247/0212/R000000044/R000000058
R000000057/3.580247/0212/R000000044/R000000058
R000000054/3.978053/0155/R000000057
R000000046/7.315959/0301/R000000051/R000000054
R000000036/7.790142/0025/R000000046
Q000000003/4.741826/0000/R000000036
Q000000004/4.741826/0000/R000000036
<NEXT>