#
#  Reaction log file
#  Author: LigBuilder V3 User_Diana
#  Creation time: Wed Feb 25 12:26:22 2026
#  Format:
#  QueryMoleculeId/Cost/SynthesizeId/ReactantId1/ReactantId2/ReactantId3.....
#  Id prefix:
#  Q --- Query Molecule
#  M --- Material
#  R --- Reactant
#
Directory      result/synthesize_HsDHODH/272/DATABASE/
#
Q000000001/Analysis Failed
Q000000002/Analysis Failed
Q000000003/3.048316/0000/R000000001
M000000005/1.000000/0000/Sigma_BB-309663930
R000000004/1.111111/0125/M000000005
R000000006/1.000000/0000/Guesstimate
R000000004/2.222222/0112/M000000005/R000000006
R000000003/1.234568/0059/R000000004
M000000008/1.000000/0000/Sigma_BB-28505792
R000000007/1.111111/0114/M000000008
M000000009/1.000000/0000/Sigma_BB-70370696
R000000007/1.111111/0287/M000000009
R000000003/1.234568/0156/R000000007
R000000002/1.371742/0024/R000000003
M000000012/1.000000/0000/Sigma_BB-114105091
R000000011/2.222222/0112/M000000012/R000000006
M000000013/1.000000/0000/Sigma_BB-243331317
R000000011/2.222222/0112/M000000013/R000000006
R000000010/2.469136/0059/R000000011
R000000014/8.300000/0000/Guesstimate
R000000010/9.222222/0082/R000000014
R000000002/2.743484/0040/R000000010
R000000018/1.000000/0000/Guesstimate
R000000017/1.111111/0125/R000000018
R000000017/2.222222/0112/R000000006/R000000018
R000000016/1.234568/0041/R000000017
R000000016/8.444445/0188/R000000019
R000000015/1.371742/0155/R000000016
R000000024/1.000000/0000/Guesstimate
R000000023/1.111111/0288/R000000024
R000000022/1.234568/0156/R000000023
R000000026/1.000000/0000/Guesstimate
R000000027/1.000000/0000/Guesstimate
R000000025/2.222222/0301/R000000026/R000000027
R000000025/2.222222/0301/R000000026/R000000027
R000000022/2.469136/0274/R000000025
R000000021/1.371742/0188/R000000022
R000000021/1.371742/0188/R000000022
R000000020/8.000000/0155/R000000021
R000000020/9.000001/0188/R000000028
R000000015/8.888889/0090/R000000020
R000000001/3.048316/0003/R000000002/R000000015
R000000030/1.000000/0000/Guesstimate
R000000029/2.635269/0001/R000000002/R000000030
R000000031/1.000000/0000/Guesstimate
R000000029/2.635269/0003/R000000002/R000000031
R000000001/4.452235/0042/R000000029/R000000021
<NEXT>