#
#  Reaction log file
#  Author: LigBuilder V3 User_Diana
#  Creation time: Wed Feb 25 12:27:30 2026
#  Format:
#  QueryMoleculeId/Cost/SynthesizeId/ReactantId1/ReactantId2/ReactantId3.....
#  Id prefix:
#  Q --- Query Molecule
#  M --- Material
#  R --- Reactant
#
Directory      result/synthesize_HsDHODH/283/DATABASE/
#
Q000000001/5.365036/0000/R000000001
M000000003/1.000000/0000/Sigma_BB-187619457
R000000004/1.000000/0000/Guesstimate
R000000007/1.000000/0000/Guesstimate
R000000006/1.111111/0283/R000000007
R000000008/1.000000/0000/Guesstimate
R000000005/2.345679/0277/R000000006/R000000008
R000000010/1.000000/0000/Guesstimate
R000000009/2.345679/0277/R000000006/R000000010
R000000005/2.606310/0300/R000000009
R000000002/4.828533/0225/M000000003/R000000004/R000000005
R000000012/1.000000/0000/Guesstimate
R000000011/2.222222/0004/M000000003/R000000012
R000000015/1.000000/0000/Guesstimate
R000000014/2.222222/0112/M000000003/R000000015
R000000013/2.469136/0147/R000000014
R000000016/9.400000/0000/Guesstimate
R000000013/9.400000/0260/R000000016
R000000011/2.743484/0024/R000000013
R000000002/5.075447/0004/R000000011/R000000005
R000000001/5.365036/0099/R000000002
R000000019/2.606310/0247/R000000005
R000000018/2.895900/0147/R000000019
R000000017/5.439889/0225/M000000003/R000000004/R000000018
R000000017/5.686803/0004/R000000011/R000000018
R000000001/6.044322/0188/R000000017
Q000000002/Analysis Failed
Q000000003/Analysis Failed
<NEXT>