#
#  Reaction log file
#  Author: LigBuilder V3 User_Diana
#  Creation time: Wed Feb 25 12:20:04 2026
#  Format:
#  QueryMoleculeId/Cost/SynthesizeId/ReactantId1/ReactantId2/ReactantId3.....
#  Id prefix:
#  Q --- Query Molecule
#  M --- Material
#  R --- Reactant
#
Directory      result/synthesize_HsDHODH/101/DATABASE/
#
Q000000001/4.420059/0000/R000000001
M000000005/1.000000/0000/Sigma_BB-152386740
R000000006/1.000000/0000/Guesstimate
R000000004/2.222222/0004/M000000005/R000000006
R000000007/1.000000/0000/Guesstimate
R000000003/3.580247/0212/R000000004/R000000007
R000000003/3.580247/0212/R000000004/R000000007
R000000002/3.978053/0125/R000000003
R000000008/1.000000/0000/Guesstimate
R000000002/5.089163/0112/R000000003/R000000008
R000000001/4.420059/0040/R000000002
R000000012/1.000000/0000/Guesstimate
R000000013/1.000000/0000/Guesstimate
R000000011/2.222222/0174/R000000012/R000000013
R000000011/2.222222/0289/R000000012/R000000013
R000000010/2.469136/0197/R000000011
R000000014/7.400000/0000/Guesstimate
R000000010/8.222222/0091/R000000014
R000000009/6.721537/0112/R000000003/R000000010
R000000001/7.468375/0025/R000000009
Q000000002/3.048316/0000/R000000015
M000000019/1.000000/0000/Sigma_BB-152386739
M000000020/1.000000/0000/Sigma_BB-28918288
R000000018/2.222222/0003/M000000019/M000000020
R000000017/2.469136/0147/R000000018
M000000022/1.000000/0000/Sigma_BB-28823202
R000000021/2.222222/0003/M000000005/M000000022
R000000017/2.469136/0147/R000000021
R000000016/2.743484/0125/R000000017
R000000016/3.854596/0112/R000000017/R000000008
R000000015/3.048316/0040/R000000016
R000000023/5.486969/0112/R000000017/R000000010
R000000015/6.096632/0025/R000000023
Q000000003/4.911177/0000/R000000024
R000000028/1.000000/0000/Guesstimate
R000000027/3.580247/0003/R000000004/R000000028
R000000026/3.978053/0147/R000000027
M000000030/1.000000/0000/Sigma_BB-28762337
R000000029/3.580247/0212/R000000004/M000000030
R000000029/3.580247/0212/R000000004/M000000030
R000000026/3.978053/0147/R000000029
R000000025/4.420059/0125/R000000026
R000000025/5.531170/0112/R000000026/R000000008
R000000024/4.911177/0040/R000000025
R000000031/7.163543/0112/R000000026/R000000010
R000000024/7.959492/0025/R000000031
<NEXT>