#
#  Reaction log file
#  Author: LigBuilder V3 User_Diana
#  Creation time: Wed Feb 25 12:23:00 2026
#  Format:
#  QueryMoleculeId/Cost/SynthesizeId/ReactantId1/ReactantId2/ReactantId3.....
#  Id prefix:
#  Q --- Query Molecule
#  M --- Material
#  R --- Reactant
#
Directory      result/synthesize_HsDHODH/167/DATABASE/
#
Q000000001/2.222222/0000/R000000001
M000000002/1.000000/0000/Sigma_BB-28513998
R000000003/1.000000/0000/Guesstimate
R000000001/2.222222/0004/M000000002/R000000003
M000000007/1.000000/0000/Sigma_BB-244317393
R000000008/1.000000/0000/Guesstimate
R000000006/2.222222/0112/M000000007/R000000008
R000000009/1.000000/0000/Guesstimate
R000000006/2.222222/0112/M000000002/R000000009
R000000005/2.469136/0233/R000000006
R000000005/2.469136/0258/R000000006
R000000004/2.743484/0039/R000000005
M000000012/1.000000/0000/Sigma_BB-28959460
R000000013/1.000000/0000/Guesstimate
R000000014/1.000000/0000/Guesstimate
R000000011/3.333333/0261/M000000012/R000000013/R000000014
R000000010/3.703704/0104/R000000011
R000000010/3.703704/0104/R000000011
R000000004/4.115227/0160/R000000010
R000000001/3.048316/0024/R000000004
Q000000002/2.222222/0000/R000000001
Q000000003/2.222222/0000/R000000001
<NEXT>