#
#  Reaction log file
#  Author: LigBuilder V3 User_Diana
#  Creation time: Wed Feb 25 12:13:40 2026
#  Format:
#  QueryMoleculeId/Cost/SynthesizeId/ReactantId1/ReactantId2/ReactantId3.....
#  Id prefix:
#  Q --- Query Molecule
#  M --- Material
#  R --- Reactant
#
Directory      result/synthesize_HsDHODH/1/DATABASE/
#
Q000000001/4.267643/0000/R000000001
M000000005/1.000000/0000/Sigma_BB-152386740
R000000004/1.111111/0125/M000000005
R000000006/1.000000/0000/Guesstimate
R000000004/2.222222/0112/M000000005/R000000006
R000000003/1.234568/0040/R000000004
R000000008/1.000000/0000/Guesstimate
R000000007/2.222222/0004/M000000005/R000000008
R000000009/1.000000/0000/Guesstimate
R000000010/1.000000/0000/Guesstimate
R000000007/3.333333/0225/M000000005/R000000009/R000000010
R000000003/2.469136/0216/R000000007
M000000012/1.000000/0000/Sigma_BB-60756076
R000000011/2.222222/0004/R000000008/M000000012
R000000014/1.000000/0000/Guesstimate
R000000013/2.222222/0003/R000000014/M000000012
R000000015/1.000000/0000/Guesstimate
R000000016/1.111111/0125/M000000012
R000000016/2.222222/0112/R000000006/M000000012
R000000013/2.345679/0049/R000000015/R000000016
R000000011/2.469136/0040/R000000013
R000000002/3.840878/0003/R000000003/R000000011
M000000018/1.000000/0000/Sigma_BB-30085674
R000000017/1.111111/0168/M000000018
R000000019/1.234568/0125/R000000004
R000000019/2.345679/0112/R000000004/R000000006
R000000017/1.371742/0040/R000000019
R000000021/2.469136/0093/R000000011
M000000022/1.000000/0000/Sigma_BB-28247348
R000000021/3.580247/0212/M000000022/R000000011
R000000020/2.743484/0085/R000000021
M000000024/1.000000/0000/Sigma_BB-28775379
R000000023/3.580247/0212/M000000024/R000000011
R000000023/3.580247/0212/M000000024/R000000011
R000000020/3.978053/0100/R000000023
R000000002/4.282884/0049/R000000017/R000000020
R000000001/4.267643/0099/R000000002
R000000028/1.000000/0000/Guesstimate
R000000027/2.345679/0138/R000000017/R000000028
R000000026/2.606310/0147/R000000027
R000000025/4.007011/0112/R000000026/M000000012
R000000029/2.345679/0049/R000000017/R000000015
R000000032/7.700000/0000/Guesstimate
R000000031/8.555555/0168/R000000032
R000000033/9.300000/0000/Guesstimate
R000000031/9.300000/0082/R000000033
R000000030/9.506173/0118/R000000031
R000000030/9.506173/0125/R000000031
R000000029/9.506173/0040/R000000030
R000000034/2.222222/0004/R000000015/M000000012
R000000034/2.469136/0085/R000000011
R000000025/5.075447/0049/R000000029/R000000034
R000000001/4.452235/0099/R000000025
Q000000002/4.436994/0000/R000000035
R000000038/1.000000/0000/Guesstimate
R000000041/1.000000/0000/Guesstimate
R000000040/1.111111/0288/R000000041
R000000039/1.234568/0295/R000000040
R000000037/2.482853/0112/R000000038/R000000039
R000000042/2.482853/0004/R000000015/R000000039
R000000044/1.000000/0000/Guesstimate
R000000043/2.482853/0004/R000000044/R000000039
R000000042/2.758726/0155/R000000043
R000000045/1.000000/0000/Guesstimate
R000000037/3.869837/0049/R000000042/R000000045
R000000036/3.993294/0011/R000000017/R000000037
R000000050/1.000000/0000/Guesstimate
R000000049/2.345679/0256/R000000017/R000000050
R000000052/1.000000/0000/Guesstimate
R000000051/2.482853/0112/R000000003/R000000052
R000000055/1.000000/0000/Guesstimate
R000000054/2.482853/0119/R000000003/R000000055
R000000054/2.482853/0280/R000000003/R000000055
R000000053/3.869837/0112/R000000054/R000000052
R000000051/4.299819/0024/R000000053
R000000049/2.758726/0233/R000000051
R000000048/3.717421/0119/R000000049/R000000055
R000000048/4.299819/0233/R000000053
R000000047/4.130468/0082/R000000048
R000000046/4.589409/0024/R000000047
R000000058/2.482853/0004/R000000003/R000000044
R000000059/3.456790/0261/R000000017/R000000010/R000000055
R000000058/3.840878/0024/R000000059
R000000057/2.758726/0197/R000000058
R000000063/2.345679/0004/R000000004/R000000044
R000000062/2.606310/0197/R000000063
R000000064/8.900000/0000/Guesstimate
R000000062/9.888888/0168/R000000064
R000000061/2.895900/0055/R000000062
R000000060/3.217667/0147/R000000061
R000000066/1.000000/0000/Guesstimate
R000000065/4.007011/0138/R000000062/R000000066
R000000065/4.007011/0141/R000000062/R000000008
R000000060/4.452235/0147/R000000065
R000000057/3.575186/0073/R000000060
R000000067/1.000000/0000/Guesstimate
R000000056/4.176363/0004/R000000057/R000000067
R000000056/4.176363/0277/R000000057/R000000067
R000000046/4.640403/0009/R000000056
R000000036/7.858070/0049/R000000046/R000000042
R000000035/4.436994/0099/R000000036
R000000068/4.130468/0003/R000000058/R000000039
R000000069/4.176363/0004/R000000057/R000000015
R000000071/1.000000/0000/Guesstimate
R000000070/4.176363/0277/R000000057/R000000071
R000000072/1.000000/0000/Guesstimate
R000000070/4.176363/0301/R000000057/R000000072
R000000069/4.640403/0024/R000000070
R000000073/2.482853/0112/R000000006/R000000039
R000000074/2.482853/0004/R000000067/R000000039
R000000073/2.758726/0009/R000000074
R000000068/7.399129/0049/R000000069/R000000073
R000000035/4.589409/0099/R000000068
Q000000003/4.436994/0000/R000000035
<NEXT>