#
#  Reaction log file
#  Author: LigBuilder V3 User_Diana
#  Creation time: Wed Feb 25 12:24:53 2026
#  Format:
#  QueryMoleculeId/Cost/SynthesizeId/ReactantId1/ReactantId2/ReactantId3.....
#  Id prefix:
#  Q --- Query Molecule
#  M --- Material
#  R --- Reactant
#
Directory      result/synthesize_HsDHODH/231/DATABASE/
#
Q000000001/2.895900/0000/R000000001
M000000005/1.000000/0000/Sigma_BB-235311397
R000000004/1.111111/0125/M000000005
R000000006/1.000000/0000/Guesstimate
R000000004/2.222222/0112/M000000005/R000000006
R000000003/1.234568/0040/R000000004
M000000008/1.000000/0000/Sigma_BB-28599874
R000000009/1.000000/0000/Guesstimate
R000000007/2.222222/0003/M000000008/R000000009
R000000003/2.469136/0059/R000000007
R000000011/1.000000/0000/Guesstimate
R000000010/1.111111/0293/R000000011
R000000013/1.000000/0000/Guesstimate
R000000012/1.111111/0293/R000000013
R000000010/1.234568/0090/R000000012
R000000002/2.606310/0003/R000000003/R000000010
R000000015/1.000000/0000/Guesstimate
R000000014/2.482853/0001/R000000003/R000000015
R000000016/1.000000/0000/Guesstimate
R000000014/2.482853/0003/R000000003/R000000016
R000000019/1.000000/0000/Guesstimate
R000000020/1.000000/0000/Guesstimate
R000000018/2.222222/0119/R000000019/R000000020
R000000021/1.000000/0000/Guesstimate
R000000022/1.000000/0000/Guesstimate
R000000018/2.222222/0224/R000000021/R000000022
R000000017/2.469136/0122/R000000018
R000000023/8.600000/0000/Guesstimate
R000000017/9.555556/0188/R000000023
R000000002/5.502210/0042/R000000014/R000000017
R000000001/2.895900/0099/R000000002
M000000027/1.000000/0000/Sigma_BB-28665883
R000000026/2.222222/0003/M000000027/R000000009
M000000028/1.000000/0000/Sigma_BB-244167114
R000000029/1.000000/0000/Guesstimate
R000000026/2.222222/0049/M000000028/R000000029
R000000025/3.703704/0122/R000000026/R000000010
R000000025/3.703704/0122/R000000026/R000000010
R000000024/5.226338/0003/R000000025/R000000009
M000000032/1.000000/0000/Sigma_BB-184773838
R000000031/2.222222/0003/M000000032/R000000009
R000000031/3.580247/0112/R000000026/R000000006
R000000030/3.703704/0122/R000000031/R000000010
R000000030/5.226338/0112/R000000025/R000000006
R000000024/5.226338/0049/R000000030/R000000029
R000000001/5.807042/0059/R000000024
Q000000002/4.741825/0000/R000000033
R000000036/1.234568/0054/R000000004
R000000035/1.371742/0009/R000000036
R000000035/2.222222/0003/M000000005/R000000009
R000000039/1.000000/0000/Guesstimate
R000000040/1.000000/0000/Guesstimate
R000000038/2.222222/0012/R000000039/R000000040
R000000038/2.222222/0285/R000000039/R000000040
R000000037/2.469136/0276/R000000038
R000000037/2.469136/0278/R000000038
R000000034/4.267642/0122/R000000035/R000000037
R000000034/4.267642/0122/R000000035/R000000037
R000000033/4.741825/0059/R000000034
R000000044/1.000000/0000/Guesstimate
R000000043/2.222222/0256/R000000039/R000000044
R000000042/2.469136/0276/R000000043
R000000042/2.469136/0278/R000000043
R000000041/5.502210/0042/R000000014/R000000042
R000000045/2.222222/0004/M000000005/R000000029
R000000047/2.222222/0003/M000000027/R000000009
R000000047/2.222222/0049/M000000032/R000000029
R000000046/3.580247/0004/R000000047/R000000029
R000000045/3.978053/0059/R000000046
R000000049/2.743484/0118/R000000037
R000000049/3.854596/0112/R000000006/R000000037
R000000048/3.048316/0059/R000000049
R000000050/1.000000/0000/Guesstimate
R000000048/4.159427/0224/R000000049/R000000050
R000000041/5.856154/0049/R000000045/R000000048
R000000033/6.113567/0099/R000000041
Q000000003/4.911176/0000/R000000051
R000000056/1.000000/0000/Guesstimate
R000000055/2.222222/0256/R000000039/R000000056
R000000054/2.469136/0276/R000000055
R000000054/2.469136/0278/R000000055
R000000053/2.743484/0155/R000000054
R000000057/2.469136/0155/R000000055
R000000053/2.743484/0276/R000000057
R000000052/3.048316/0090/R000000053
R000000059/2.743484/0198/R000000054
R000000059/2.743484/0298/R000000054
R000000058/3.048316/0295/R000000059
R000000052/3.387018/0155/R000000058
R000000051/4.911176/0122/R000000035/R000000052
R000000060/5.502210/0042/R000000014/R000000054
M000000063/1.000000/0000/Sigma_BB-28756674
R000000062/3.854596/0042/M000000063/R000000054
R000000061/4.282884/0197/R000000062
R000000060/5.869872/0112/M000000005/R000000061
R000000051/6.113567/0099/R000000060
Q000000004/2.895900/0000/R000000001
<NEXT>