#
#  Reaction log file
#  Author: LigBuilder V3 User_Diana
#  Creation time: Wed Feb 25 12:20:43 2026
#  Format:
#  QueryMoleculeId/Cost/SynthesizeId/ReactantId1/ReactantId2/ReactantId3.....
#  Id prefix:
#  Q --- Query Molecule
#  M --- Material
#  R --- Reactant
#
Directory      result/synthesize_HsDHODH/112/DATABASE/
#
Q000000001/5.502210/0000/R000000001
M000000004/1.000000/0000/Sigma_BB-243035298
R000000005/1.000000/0000/Guesstimate
R000000003/2.222222/0122/M000000004/R000000005
R000000003/2.222222/0122/M000000004/R000000005
R000000006/1.000000/0000/Guesstimate
R000000002/3.580247/0004/R000000003/R000000006
R000000009/1.000000/0000/Guesstimate
M000000010/1.000000/0000/Sigma_BB-28516749
R000000008/2.222222/0170/R000000009/M000000010
R000000011/1.000000/0000/Guesstimate
R000000008/2.222222/0277/R000000005/R000000011
R000000007/3.580247/0122/M000000004/R000000008
R000000007/3.580247/0122/M000000004/R000000008
R000000002/3.978053/0024/R000000007
M000000015/1.000000/0000/Sigma_BB-28505131
R000000014/1.111111/0299/M000000015
M000000016/1.000000/0000/Sigma_BB-28760245
R000000017/1.000000/0000/Guesstimate
R000000014/2.222222/0274/M000000016/R000000017
R000000013/1.234568/0091/R000000014
R000000019/1.000000/0000/Guesstimate
R000000020/1.000000/0000/Guesstimate
R000000018/2.222222/0279/R000000019/R000000020
R000000018/2.222222/0279/R000000019/R000000020
R000000021/1.000000/0000/Guesstimate
R000000013/3.580247/0159/R000000018/R000000021
R000000012/1.371742/0079/R000000013
R000000023/1.000000/0000/Guesstimate
M000000024/1.000000/0000/Sigma_BB-244495193
R000000022/2.222222/0004/R000000023/M000000024
R000000012/2.469136/0009/R000000022
R000000001/5.502210/0049/R000000002/R000000012
R000000028/1.000000/0000/Guesstimate
R000000029/1.000000/0000/Guesstimate
R000000027/2.222222/0170/R000000028/R000000029
R000000027/2.222222/0170/R000000009/R000000011
R000000026/3.580247/0122/M000000004/R000000027
R000000026/3.580247/0122/M000000004/R000000027
R000000025/3.978053/0024/R000000026
M000000031/1.000000/0000/Sigma_BB-129355849
R000000033/1.000000/0000/Guesstimate
R000000034/1.000000/0000/Guesstimate
R000000032/2.222222/0174/R000000033/R000000034
R000000035/7.900000/0000/Guesstimate
R000000032/9.888888/0112/R000000009/R000000035
R000000030/3.580247/0170/M000000031/R000000032
R000000036/2.222222/0122/M000000004/R000000009
R000000036/2.222222/0122/M000000004/R000000009
R000000038/1.000000/0000/Guesstimate
R000000037/2.222222/0174/R000000038/R000000034
R000000037/9.888888/0112/R000000028/R000000035
R000000030/4.938272/0170/R000000036/R000000037
R000000025/3.978053/0025/R000000030
R000000001/5.531170/0003/R000000025/M000000024
Q000000002/5.531170/0000/R000000039
M000000040/1.000000/0000/Sigma_BB-117837577
R000000039/5.531170/0003/R000000025/M000000040
M000000042/1.000000/0000/Sigma_BB-27340854
R000000041/5.089163/0049/R000000002/M000000042
M000000043/1.000000/0000/Sigma_BB-28760249
R000000041/5.531170/0003/R000000025/M000000043
R000000039/5.654626/0013/R000000041
Q000000003/5.531170/0000/R000000039
<NEXT>