#
#  Reaction log file
#  Author: LigBuilder V3 User_Diana
#  Creation time: Wed Feb 25 12:26:30 2026
#  Format:
#  QueryMoleculeId/Cost/SynthesizeId/ReactantId1/ReactantId2/ReactantId3.....
#  Id prefix:
#  Q --- Query Molecule
#  M --- Material
#  R --- Reactant
#
Directory      result/synthesize_HsDHODH/271/DATABASE/
#
Q000000001/7.620790/0000/R000000001
M000000005/1.000000/0000/Sigma_BB-28864134
R000000004/1.111111/0054/M000000005
M000000006/1.000000/0000/Sigma_BB-129539509
R000000007/1.000000/0000/Guesstimate
R000000004/2.222222/0004/M000000006/R000000007
R000000003/1.234568/0009/R000000004
M000000008/1.000000/0000/Sigma_BB-28667589
R000000009/1.000000/0000/Guesstimate
R000000003/2.222222/0003/M000000008/R000000009
R000000012/1.000000/0000/Guesstimate
R000000011/2.222222/0001/R000000012/R000000009
R000000013/1.000000/0000/Guesstimate
R000000011/2.222222/0004/R000000012/R000000013
R000000015/1.000000/0000/Guesstimate
R000000016/1.000000/0000/Guesstimate
R000000014/2.222222/0170/R000000015/R000000016
R000000017/1.000000/0000/Guesstimate
R000000018/1.000000/0000/Guesstimate
R000000014/2.222222/0170/R000000017/R000000018
R000000010/4.938272/0122/R000000011/R000000014
R000000002/6.858711/0122/R000000003/R000000010
M000000021/1.000000/0000/Sigma_BB-27190735
R000000020/3.580247/0003/M000000021/R000000014
M000000022/1.000000/0000/Sigma_BB-28668201
R000000020/3.580247/0277/M000000022/R000000014
R000000019/3.978053/0099/R000000020
M000000025/1.000000/0000/Sigma_BB-27726099
R000000024/1.111111/0086/M000000025
R000000024/1.111111/0091/M000000025
R000000023/3.703704/0112/R000000024/R000000014
R000000019/4.115227/0099/R000000023
R000000002/6.889194/0122/R000000019/R000000011
R000000001/7.620790/0122/R000000002
R000000001/7.620790/0122/R000000002
Q000000002/7.620790/0000/R000000001
Q000000003/Analysis Failed
<NEXT>