#
#  Reaction log file
#  Author: LigBuilder V3 User_Diana
#  Creation time: Wed Feb 25 12:24:14 2026
#  Format:
#  QueryMoleculeId/Cost/SynthesizeId/ReactantId1/ReactantId2/ReactantId3.....
#  Id prefix:
#  Q --- Query Molecule
#  M --- Material
#  R --- Reactant
#
Directory      result/synthesize_HsDHODH/215/DATABASE/
#
Q000000001/4.572474/0000/R000000001
M000000005/1.000000/0000/Sigma_BB-37367002
R000000004/1.111111/0009/M000000005
M000000006/1.000000/0000/Sigma_BB-28760999
R000000007/1.000000/0000/Guesstimate
R000000004/2.222222/0003/M000000006/R000000007
R000000009/1.000000/0000/Guesstimate
R000000010/1.000000/0000/Guesstimate
R000000008/2.222222/0170/R000000009/R000000010
R000000011/1.000000/0000/Guesstimate
R000000012/1.000000/0000/Guesstimate
R000000008/2.222222/0170/R000000011/R000000012
R000000003/3.703704/0122/R000000004/R000000008
R000000003/3.703704/0122/R000000004/R000000008
R000000002/4.115227/0114/R000000003
M000000015/1.000000/0000/Sigma_BB-28758394
R000000014/1.111111/0114/M000000015
R000000017/1.000000/0000/Guesstimate
R000000018/1.000000/0000/Guesstimate
R000000016/2.222222/0170/R000000017/R000000018
R000000019/1.000000/0000/Guesstimate
R000000020/1.000000/0000/Guesstimate
R000000016/2.222222/0170/R000000019/R000000020
R000000013/3.703704/0231/R000000014/R000000016
M000000022/1.000000/0000/Sigma_BB-28766562
R000000021/1.111111/0114/M000000022
R000000023/1.000000/0000/Guesstimate
R000000021/2.345679/0231/R000000014/R000000023
R000000013/3.703704/0279/R000000021/R000000016
R000000024/1.000000/0000/Guesstimate
R000000002/5.226338/0112/R000000013/R000000024
R000000001/4.572474/0041/R000000002
R000000028/1.000000/0000/Guesstimate
R000000029/1.000000/0000/Guesstimate
R000000027/2.222222/0170/R000000028/R000000029
R000000030/1.000000/0000/Guesstimate
R000000031/1.000000/0000/Guesstimate
R000000027/2.222222/0170/R000000030/R000000031
R000000026/3.703704/0122/R000000004/R000000027
R000000026/3.703704/0122/R000000004/R000000027
R000000025/4.115227/0114/R000000026
R000000034/1.000000/0000/Guesstimate
R000000033/2.345679/0231/R000000014/R000000034
R000000033/2.345679/0279/R000000021/R000000034
R000000032/3.717421/0170/R000000033/R000000029
R000000036/1.000000/0000/Guesstimate
R000000035/2.345679/0231/R000000014/R000000036
R000000035/2.606310/0156/R000000033
R000000032/3.717421/0170/R000000035/R000000031
R000000025/5.241580/0112/R000000032/R000000024
R000000001/4.572474/0059/R000000025
Q000000002/Analysis Failed
Q000000003/Analysis Failed
<NEXT>