#
#  Reaction log file
#  Author: LigBuilder V3 User_Diana
#  Creation time: Wed Feb 25 12:28:13 2026
#  Format:
#  QueryMoleculeId/Cost/SynthesizeId/ReactantId1/ReactantId2/ReactantId3.....
#  Id prefix:
#  Q --- Query Molecule
#  M --- Material
#  R --- Reactant
#
Directory      result/synthesize_HsDHODH/291/DATABASE/
#
Q000000001/Analysis Failed
Q000000002/4.007011/0000/R000000001
M000000005/1.000000/0000/Sigma_BB-28668162
R000000004/1.111111/0168/M000000005
R000000006/1.000000/0000/Guesstimate
R000000003/2.345679/0285/R000000004/R000000006
R000000002/2.606310/0294/R000000003
R000000007/1.000000/0000/Guesstimate
R000000001/4.007011/0119/R000000002/R000000007
R000000009/1.000000/0000/Guesstimate
R000000008/4.007011/0119/R000000002/R000000009
R000000008/4.007011/0280/R000000002/R000000009
R000000001/4.452235/0147/R000000008
Q000000003/Analysis Failed
Q000000004/Analysis Failed
<NEXT>