#
#  Reaction log file
#  Author: LigBuilder V3 User_Diana
#  Creation time: Wed Feb 25 12:13:26 2026
#  Format:
#  QueryMoleculeId/Cost/SynthesizeId/ReactantId1/ReactantId2/ReactantId3.....
#  Id prefix:
#  Q --- Query Molecule
#  M --- Material
#  R --- Reactant
#
Directory      result/synthesize_HsDHODH/17/DATABASE/
#
Q000000001/3.048316/0000/R000000001
M000000005/1.000000/0000/Sigma_BB-152386739
R000000006/1.000000/0000/Guesstimate
R000000004/2.222222/0003/M000000005/R000000006
M000000007/1.000000/0000/Sigma_BB-152386740
R000000008/1.000000/0000/Guesstimate
R000000004/2.222222/0112/M000000007/R000000008
R000000003/2.469136/0147/R000000004
R000000010/1.000000/0000/Guesstimate
R000000009/2.222222/0003/M000000007/R000000010
R000000003/2.469136/0147/R000000009
R000000002/2.743484/0125/R000000003
R000000011/1.000000/0000/Guesstimate
R000000002/3.854596/0112/R000000003/R000000011
R000000001/3.048316/0040/R000000002
R000000015/1.000000/0000/Guesstimate
R000000016/1.000000/0000/Guesstimate
R000000014/2.222222/0174/R000000015/R000000016
R000000014/2.222222/0289/R000000015/R000000016
R000000013/2.469136/0197/R000000014
R000000017/7.400000/0000/Guesstimate
R000000013/8.222222/0091/R000000017
R000000012/5.486969/0112/R000000003/R000000013
R000000001/6.096632/0025/R000000012
Q000000002/2.895900/0000/R000000018
R000000021/1.111111/0093/M000000005
R000000022/1.000000/0000/Guesstimate
R000000021/2.222222/0004/M000000007/R000000022
M000000023/1.000000/0000/Sigma_BB-28775570
R000000020/2.345679/0212/R000000021/M000000023
M000000025/1.000000/0000/Sigma_BB-28784619
R000000024/2.222222/0112/M000000007/M000000025
R000000026/1.000000/0000/Guesstimate
R000000024/2.222222/0252/M000000005/R000000026
R000000020/2.469136/0147/R000000024
R000000019/2.606310/0125/R000000020
R000000019/3.717421/0112/R000000020/R000000011
R000000018/2.895900/0040/R000000019
R000000027/5.349795/0112/R000000020/R000000013
R000000018/5.944217/0025/R000000027
Q000000003/7.790142/0000/R000000028
R000000031/1.234568/0093/R000000021
M000000032/1.000000/0000/Sigma_BB-28247348
R000000031/2.345679/0212/R000000021/M000000032
R000000034/1.000000/0000/Guesstimate
R000000035/1.000000/0000/Guesstimate
R000000033/2.222222/0274/R000000034/R000000035
R000000036/1.000000/0000/Guesstimate
R000000037/1.000000/0000/Guesstimate
R000000033/2.222222/0275/R000000036/R000000037
R000000030/3.840878/0212/R000000031/R000000033
R000000038/2.469136/0093/R000000033
R000000038/3.580247/0212/R000000033/M000000032
R000000030/3.978053/0212/R000000021/R000000038
R000000029/7.011127/0112/R000000030/R000000013
R000000040/1.234568/0197/R000000021
R000000039/4.115227/0112/R000000040/R000000013
R000000041/3.978053/0112/R000000021/R000000013
R000000039/4.420059/0197/R000000041
R000000044/1.000000/0000/Guesstimate
R000000043/2.222222/0274/R000000044/R000000035
R000000045/1.000000/0000/Guesstimate
R000000043/2.222222/0275/R000000045/R000000037
R000000042/2.469136/0147/R000000043
R000000047/1.000000/0000/Guesstimate
R000000046/3.580247/0212/R000000033/R000000047
R000000046/3.580247/0212/R000000033/R000000047
R000000042/3.978053/0155/R000000046
R000000029/7.315959/0301/R000000039/R000000042
R000000028/7.790142/0025/R000000029
R000000050/4.498129/0301/R000000001/R000000006
R000000050/4.498129/0301/R000000001/R000000006
R000000051/1.000000/0000/Guesstimate
R000000049/6.109032/0119/R000000050/R000000051
R000000052/4.997921/0091/R000000050
R000000049/6.664357/0276/R000000052/R000000051
R000000048/7.898925/0274/R000000049/R000000035
R000000055/1.000000/0000/Guesstimate
R000000054/4.498129/0301/R000000001/R000000055
R000000056/1.000000/0000/Guesstimate
R000000054/6.109032/0274/R000000050/R000000056
R000000053/6.109032/0119/R000000054/R000000051
R000000057/4.997921/0091/R000000054
R000000057/6.664357/0274/R000000052/R000000056
R000000053/6.664357/0276/R000000057/R000000051
R000000048/7.898925/0275/R000000053/R000000037
R000000028/8.776584/0024/R000000048
<NEXT>