#
#  Reaction log file
#  Author: LigBuilder V3 User_Diana
#  Creation time: Wed Feb 25 12:26:55 2026
#  Format:
#  QueryMoleculeId/Cost/SynthesizeId/ReactantId1/ReactantId2/ReactantId3.....
#  Id prefix:
#  Q --- Query Molecule
#  M --- Material
#  R --- Reactant
#
Directory      result/synthesize_HsDHODH/275/DATABASE/
#
Q000000001/Analysis Failed
Q000000002/Analysis Failed
Q000000003/4.282884/0000/R000000001
M000000005/1.000000/0000/Sigma_BB-28826597
R000000006/1.000000/0000/Guesstimate
R000000004/2.222222/0231/M000000005/R000000006
R000000003/2.469136/0153/R000000004
R000000008/1.000000/0000/Guesstimate
R000000009/1.000000/0000/Guesstimate
R000000007/2.222222/0112/R000000008/R000000009
R000000011/1.000000/0000/Guesstimate
R000000012/1.000000/0000/Guesstimate
R000000010/2.222222/0279/R000000011/R000000012
R000000010/2.222222/0279/R000000011/R000000012
R000000003/4.938272/0159/R000000007/R000000010
R000000013/1.000000/0000/Guesstimate
R000000002/3.854596/0003/R000000003/R000000013
M000000016/1.000000/0000/Sigma_BB-48709754
R000000015/2.222222/0231/M000000016/R000000006
R000000017/1.000000/0000/Guesstimate
R000000014/3.580247/0004/R000000015/R000000017
R000000019/1.000000/0000/Guesstimate
R000000018/3.580247/0004/R000000015/R000000019
R000000021/1.000000/0000/Guesstimate
R000000020/3.580247/0003/R000000015/R000000021
R000000023/1.000000/0000/Guesstimate
R000000022/3.580247/0112/R000000015/R000000023
R000000020/3.978053/0147/R000000022
R000000018/3.978053/0040/R000000020
R000000014/3.978053/0085/R000000018
R000000026/1.000000/0000/Guesstimate
R000000025/1.111111/0118/R000000026
R000000027/1.000000/0000/Guesstimate
R000000025/2.222222/0112/R000000026/R000000027
R000000024/1.234568/0041/R000000025
R000000029/1.000000/0000/Guesstimate
R000000028/2.222222/0004/R000000029/R000000013
M000000030/1.000000/0000/Sigma_BB-27941182
R000000031/1.000000/0000/Guesstimate
R000000028/2.222222/0170/M000000030/R000000031
R000000024/2.469136/0009/R000000028
R000000002/5.349795/0049/R000000014/R000000024
R000000001/4.282884/0099/R000000002
R000000032/5.089163/0122/R000000020/R000000026
R000000032/5.089163/0122/R000000020/R000000026
R000000001/5.654626/0041/R000000032
<NEXT>