#
#  Reaction log file
#  Author: LigBuilder V3 User_Diana
#  Creation time: Wed Feb 25 12:23:24 2026
#  Format:
#  QueryMoleculeId/Cost/SynthesizeId/ReactantId1/ReactantId2/ReactantId3.....
#  Id prefix:
#  Q --- Query Molecule
#  M --- Material
#  R --- Reactant
#
Directory      result/synthesize_HsDHODH/177/DATABASE/
#
Q000000001/7.331201/0000/R000000001
M000000005/1.000000/0000/Sigma_BB-188062324
R000000006/1.000000/0000/Guesstimate
R000000004/2.222222/0285/M000000005/R000000006
R000000003/2.469136/0294/R000000004
R000000007/2.469136/0228/R000000004
R000000007/2.469136/0286/R000000004
R000000003/2.743484/0296/R000000007
R000000010/1.000000/0000/Guesstimate
R000000009/2.222222/0274/R000000010/R000000006
R000000008/2.469136/0285/R000000009
R000000011/1.000000/0000/Guesstimate
R000000002/6.598080/0225/R000000003/R000000008/R000000011
R000000013/1.000000/0000/Guesstimate
R000000012/3.854596/0004/R000000003/R000000013
R000000015/1.000000/0000/Guesstimate
R000000014/3.854596/0003/R000000003/R000000015
R000000012/4.282884/0040/R000000014
R000000002/7.026369/0004/R000000012/R000000008
R000000001/7.331201/0153/R000000002
R000000019/1.000000/0000/Guesstimate
R000000018/4.965707/0225/R000000003/R000000019/R000000011
R000000018/5.393995/0004/R000000012/R000000019
R000000017/5.517452/0153/R000000018
R000000022/1.000000/0000/Guesstimate
R000000021/1.111111/0125/R000000022
R000000023/1.000000/0000/Guesstimate
R000000021/2.222222/0112/R000000022/R000000023
R000000020/1.234568/0040/R000000021
R000000024/2.222222/0004/R000000022/R000000013
R000000025/1.000000/0000/Guesstimate
R000000024/3.333333/0225/R000000022/R000000025/R000000011
R000000020/2.469136/0216/R000000024
R000000016/7.502245/0279/R000000017/R000000020
R000000016/7.502245/0279/R000000017/R000000020
R000000001/8.335828/0279/R000000016
Q000000002/6.096632/0000/R000000026
R000000030/1.000000/0000/Guesstimate
R000000031/1.000000/0000/Guesstimate
R000000029/2.222222/0063/R000000030/R000000031
R000000032/1.000000/0000/Guesstimate
R000000029/2.222222/0064/R000000030/R000000032
R000000028/2.469136/0093/R000000029
R000000027/5.486969/0004/R000000003/R000000028
R000000033/2.469136/0197/R000000029
R000000034/9.300000/0000/Guesstimate
R000000033/9.300000/0295/R000000034
R000000027/7.026369/0004/R000000012/R000000033
R000000026/6.096632/0153/R000000027
R000000037/4.282884/0216/R000000012
R000000036/5.869872/0003/R000000037/R000000023
R000000040/3.854596/0004/R000000003/R000000006
R000000039/4.282884/0153/R000000040
R000000042/1.000000/0000/Guesstimate
R000000041/3.854596/0004/R000000003/R000000042
R000000043/4.282884/0247/R000000014
R000000041/4.758760/0040/R000000043
R000000039/4.282884/0197/R000000041
R000000038/4.758760/0260/R000000039
R000000036/6.398623/0003/R000000038/R000000015
R000000035/7.633191/0061/R000000036/R000000031
R000000035/7.633191/0062/R000000036/R000000032
R000000026/8.481323/0059/R000000035
Q000000003/6.096632/0000/R000000026
Q000000004/7.331201/0000/R000000001
<NEXT>