#
#  Reaction log file
#  Author: LigBuilder V3 User_Diana
#  Creation time: Wed Feb 25 12:19:22 2026
#  Format:
#  QueryMoleculeId/Cost/SynthesizeId/ReactantId1/ReactantId2/ReactantId3.....
#  Id prefix:
#  Q --- Query Molecule
#  M --- Material
#  R --- Reactant
#
Directory      result/synthesize_HsDHODH/98/DATABASE/
#
Q000000001/Analysis Failed
Q000000002/Analysis Failed
Q000000003/5.807042/0000/R000000001
R000000005/1.000000/0000/Guesstimate
R000000006/1.000000/0000/Guesstimate
R000000007/1.000000/0000/Guesstimate
R000000004/3.333333/0225/R000000005/R000000006/R000000007
R000000004/3.333333/0225/R000000005/R000000006/R000000007
R000000003/3.703704/0197/R000000004
R000000008/1.000000/0000/Guesstimate
R000000002/5.226338/0081/R000000003/R000000008
R000000009/3.703704/0153/R000000004
R000000009/4.115227/0156/R000000003
R000000002/5.226338/0210/R000000009/R000000008
R000000001/5.807042/0024/R000000002
R000000013/1.000000/0000/Guesstimate
R000000012/2.222222/0112/R000000013/R000000006
R000000011/2.469136/0040/R000000012
R000000014/1.000000/0000/Guesstimate
R000000016/1.000000/0000/Guesstimate
R000000015/2.222222/0004/R000000016/R000000006
R000000011/3.580247/0049/R000000014/R000000015
R000000019/1.000000/0000/Guesstimate
R000000020/1.000000/0000/Guesstimate
R000000018/2.222222/0112/R000000019/R000000020
R000000021/1.000000/0000/Guesstimate
R000000022/1.000000/0000/Guesstimate
R000000018/2.222222/0112/R000000021/R000000022
R000000017/2.469136/0039/R000000018
M000000024/1.000000/0000/Sigma_BB-28799125
R000000025/1.000000/0000/Guesstimate
R000000023/2.222222/0119/M000000024/R000000025
R000000023/2.222222/0280/M000000024/R000000025
R000000017/2.469136/0082/R000000023
R000000010/5.486969/0081/R000000011/R000000017
R000000028/1.000000/0000/Guesstimate
R000000027/2.222222/0112/R000000028/R000000020
R000000029/1.000000/0000/Guesstimate
R000000027/2.222222/0112/R000000029/R000000022
R000000026/2.469136/0039/R000000027
R000000031/1.000000/0000/Guesstimate
R000000030/2.222222/0112/R000000031/R000000005
R000000032/1.000000/0000/Guesstimate
R000000033/1.000000/0000/Guesstimate
R000000030/2.222222/0112/R000000032/R000000033
R000000026/2.469136/0059/R000000030
R000000010/5.486969/0210/R000000011/R000000026
R000000001/6.096632/0024/R000000010
<NEXT>