#
#  Reaction log file
#  Author: LigBuilder V3 User_Diana
#  Creation time: Wed Feb 25 12:22:40 2026
#  Format:
#  QueryMoleculeId/Cost/SynthesizeId/ReactantId1/ReactantId2/ReactantId3.....
#  Id prefix:
#  Q --- Query Molecule
#  M --- Material
#  R --- Reactant
#
Directory      result/synthesize_HsDHODH/166/DATABASE/
#
Q000000001/4.420059/0000/R000000001
M000000005/1.000000/0000/Sigma_BB-152386740
R000000006/1.000000/0000/Guesstimate
R000000004/2.222222/0004/M000000005/R000000006
R000000007/1.000000/0000/Guesstimate
R000000008/1.000000/0000/Guesstimate
R000000004/3.333333/0225/M000000005/R000000007/R000000008
R000000009/1.000000/0000/Guesstimate
R000000003/3.580247/0212/R000000004/R000000009
M000000011/1.000000/0000/Sigma_BB-28776642
R000000010/2.222222/0004/M000000005/M000000011
R000000012/1.000000/0000/Guesstimate
R000000010/3.333333/0225/M000000005/R000000012/R000000008
R000000013/1.000000/0000/Guesstimate
R000000003/3.580247/0212/R000000010/R000000013
R000000002/3.978053/0125/R000000003
R000000014/1.000000/0000/Guesstimate
R000000002/5.089163/0112/R000000003/R000000014
R000000001/4.420059/0040/R000000002
R000000018/1.000000/0000/Guesstimate
R000000019/1.000000/0000/Guesstimate
R000000017/2.222222/0174/R000000018/R000000019
R000000017/2.222222/0289/R000000018/R000000019
R000000016/2.469136/0197/R000000017
R000000020/7.400000/0000/Guesstimate
R000000016/8.222222/0091/R000000020
R000000015/6.721537/0112/R000000003/R000000016
R000000001/7.468375/0025/R000000015
Q000000002/4.572474/0000/R000000021
R000000025/1.000000/0000/Guesstimate
R000000024/2.222222/0004/M000000005/R000000025
R000000027/1.000000/0000/Guesstimate
R000000026/1.111111/0040/R000000027
R000000028/1.000000/0000/Guesstimate
R000000026/2.222222/0004/R000000028/R000000013
R000000023/3.703704/0212/R000000024/R000000026
R000000023/3.703704/0212/R000000024/R000000026
R000000022/4.115227/0125/R000000023
R000000022/5.226338/0112/R000000023/R000000014
R000000021/4.572474/0040/R000000022
R000000029/6.858711/0112/R000000023/R000000016
R000000021/7.620790/0025/R000000029
Q000000003/4.420059/0000/R000000001
<NEXT>