#
#  Reaction log file
#  Author: LigBuilder V3 User_Diana
#  Creation time: Wed Feb 25 12:26:46 2026
#  Format:
#  QueryMoleculeId/Cost/SynthesizeId/ReactantId1/ReactantId2/ReactantId3.....
#  Id prefix:
#  Q --- Query Molecule
#  M --- Material
#  R --- Reactant
#
Directory      result/synthesize_HsDHODH/276/DATABASE/
#
Q000000001/4.420058/0000/R000000001
M000000005/1.000000/0000/Sigma_BB-28864134
R000000004/1.111111/0054/M000000005
M000000006/1.000000/0000/Sigma_BB-129539509
R000000007/1.000000/0000/Guesstimate
R000000004/2.222222/0004/M000000006/R000000007
R000000003/1.234568/0009/R000000004
M000000008/1.000000/0000/Sigma_BB-28667589
R000000009/1.000000/0000/Guesstimate
R000000003/2.222222/0003/M000000008/R000000009
R000000012/1.000000/0000/Guesstimate
R000000011/1.111111/0288/R000000012
R000000013/1.000000/0000/Guesstimate
R000000011/1.111111/0291/R000000013
R000000014/1.000000/0000/Guesstimate
R000000010/2.345679/0301/R000000011/R000000014
R000000010/2.345679/0301/R000000011/R000000014
R000000002/3.978052/0122/R000000003/R000000010
R000000002/3.978052/0122/R000000003/R000000010
R000000001/4.420058/0237/R000000002
M000000018/1.000000/0000/Sigma_BB-29303682
R000000017/2.222222/0003/M000000018/R000000014
R000000019/1.000000/0000/Guesstimate
R000000016/3.580247/0012/R000000017/R000000019
R000000021/1.000000/0000/Guesstimate
R000000022/1.000000/0000/Guesstimate
R000000020/2.222222/0112/R000000021/R000000022
R000000016/3.580247/0012/M000000005/R000000020
R000000023/1.000000/0000/Guesstimate
R000000015/5.089163/0224/R000000016/R000000023
M000000024/1.000000/0000/Sigma_BB-316038152
R000000027/1.000000/0000/Guesstimate
R000000026/2.222222/0112/R000000027/R000000022
R000000026/3.580247/0012/R000000020/R000000019
R000000025/3.580247/0224/R000000026/R000000023
R000000029/1.000000/0000/Guesstimate
R000000028/3.580247/0224/R000000026/R000000029
R000000025/3.978053/0237/R000000028
R000000015/5.089163/0279/M000000024/R000000025
R000000001/5.654626/0279/R000000015
Q000000002/4.621586/0000/R000000030
R000000033/1.234568/0237/R000000011
R000000032/2.743484/0122/R000000003/R000000033
R000000032/2.743484/0122/R000000003/R000000033
R000000031/4.159427/0003/R000000032/R000000009
R000000035/1.371742/0125/R000000033
R000000036/1.000000/0000/Guesstimate
R000000035/2.482853/0112/R000000033/R000000036
R000000034/2.895900/0122/R000000003/R000000035
R000000034/4.159427/0112/R000000032/R000000036
R000000037/1.000000/0000/Guesstimate
R000000031/4.328778/0049/R000000034/R000000037
R000000030/4.621586/0041/R000000031
M000000042/1.000000/0000/Sigma_BB-28764950
R000000041/2.222222/0004/M000000008/M000000042
R000000040/2.469136/0197/R000000041
R000000039/2.743484/0197/R000000040
R000000045/1.000000/0000/Guesstimate
R000000044/2.345679/0301/R000000011/R000000045
R000000044/2.345679/0301/R000000011/R000000045
R000000043/2.606310/0237/R000000044
R000000046/2.606310/0283/R000000044
R000000043/2.895900/0295/R000000046
R000000038/5.944216/0301/R000000039/R000000043
R000000038/5.944216/0301/R000000039/R000000043
R000000030/6.604685/0028/R000000038
Q000000003/4.420058/0000/R000000001
Q000000004/4.282884/0000/R000000047
M000000051/1.000000/0000/Sigma_BB-136381607
R000000052/1.000000/0000/Guesstimate
R000000050/2.222222/0112/M000000051/R000000052
R000000049/2.469136/0059/R000000050
M000000054/1.000000/0000/Sigma_BB-28484450
R000000053/2.222222/0004/M000000051/M000000054
R000000055/1.000000/0000/Guesstimate
R000000053/3.333333/0225/M000000051/R000000014/R000000055
R000000049/2.469136/0153/R000000053
R000000056/1.000000/0000/Guesstimate
R000000048/3.854596/0095/R000000049/R000000056
R000000058/2.469136/0118/R000000050
R000000058/3.580247/0112/R000000050/R000000036
R000000057/2.743484/0059/R000000058
R000000059/2.743484/0217/R000000049
R000000057/4.159427/0049/R000000059/R000000037
R000000060/1.000000/0000/Guesstimate
R000000048/4.159427/0012/R000000057/R000000060
R000000047/4.282884/0041/R000000048
M000000064/1.000000/0000/Sigma_BB-65722999
R000000065/1.000000/0000/Guesstimate
R000000063/2.222222/0003/M000000064/R000000065
R000000062/2.469136/0099/R000000063
R000000066/1.000000/0000/Guesstimate
R000000061/3.854596/0003/R000000062/R000000066
R000000068/2.222222/0095/M000000051/R000000056
R000000069/1.000000/0000/Guesstimate
R000000068/2.222222/0122/M000000051/R000000069
R000000067/2.469136/0041/R000000068
M000000071/1.000000/0000/Sigma_BB-28665883
R000000070/2.222222/0003/M000000071/R000000065
R000000072/1.000000/0000/Guesstimate
R000000070/2.222222/0112/M000000051/R000000072
R000000067/2.469136/0099/R000000070
R000000061/3.854596/0112/R000000067/R000000052
R000000047/4.282884/0059/R000000061
<NEXT>