#
#  Reaction log file
#  Author: LigBuilder V3 User_Diana
#  Creation time: Wed Feb 25 12:24:22 2026
#  Format:
#  QueryMoleculeId/Cost/SynthesizeId/ReactantId1/ReactantId2/ReactantId3.....
#  Id prefix:
#  Q --- Query Molecule
#  M --- Material
#  R --- Reactant
#
Directory      result/synthesize_HsDHODH/214/DATABASE/
#
Q000000001/6.096632/0000/R000000001
M000000005/1.000000/0000/Sigma_BB-27114062
R000000006/1.000000/0000/Guesstimate
R000000004/2.222222/0003/M000000005/R000000006
M000000007/1.000000/0000/Sigma_BB-28756870
R000000008/1.000000/0000/Guesstimate
R000000004/2.222222/0175/M000000007/R000000008
R000000010/1.000000/0000/Guesstimate
R000000011/1.000000/0000/Guesstimate
R000000009/2.222222/0170/R000000010/R000000011
R000000012/1.000000/0000/Guesstimate
R000000013/1.000000/0000/Guesstimate
R000000009/2.222222/0170/R000000012/R000000013
R000000003/4.938272/0122/R000000004/R000000009
R000000003/4.938272/0122/R000000004/R000000009
R000000002/5.486969/0118/R000000003
R000000014/1.000000/0000/Guesstimate
R000000002/6.598080/0112/R000000003/R000000014
R000000001/6.096632/0041/R000000002
R000000018/1.000000/0000/Guesstimate
R000000019/1.000000/0000/Guesstimate
R000000017/2.222222/0170/R000000018/R000000019
R000000020/1.000000/0000/Guesstimate
R000000021/1.000000/0000/Guesstimate
R000000017/2.222222/0170/R000000020/R000000021
R000000016/4.938272/0122/R000000004/R000000017
R000000016/4.938272/0122/R000000004/R000000017
R000000015/5.486969/0118/R000000016
R000000015/6.598080/0112/R000000016/R000000014
R000000001/6.096632/0059/R000000015
Q000000002/6.096632/0000/R000000001
Q000000003/4.911177/0000/R000000022
M000000026/1.000000/0000/Sigma_BB-37367002
R000000025/1.111111/0009/M000000026
M000000027/1.000000/0000/Sigma_BB-28760999
R000000025/2.222222/0003/M000000027/R000000006
R000000028/2.469136/0118/R000000009
R000000028/3.580247/0112/R000000009/R000000014
R000000024/3.978053/0122/R000000025/R000000028
R000000024/3.978053/0122/R000000025/R000000028
R000000023/4.420059/0114/R000000024
M000000031/1.000000/0000/Sigma_BB-28758394
R000000030/1.111111/0114/M000000031
R000000033/1.000000/0000/Guesstimate
R000000032/2.222222/0170/R000000033/R000000011
R000000034/1.000000/0000/Guesstimate
R000000032/3.580247/0122/R000000034/R000000009
R000000029/3.703704/0231/R000000030/R000000032
M000000036/1.000000/0000/Sigma_BB-28766562
R000000035/1.111111/0114/M000000036
R000000037/1.000000/0000/Guesstimate
R000000035/2.345679/0231/R000000030/R000000037
R000000029/3.703704/0279/R000000035/R000000032
R000000023/5.226338/0112/R000000029/R000000014
R000000022/4.911177/0041/R000000023
R000000041/1.000000/0000/Guesstimate
R000000040/2.345679/0231/R000000030/R000000041
R000000040/2.345679/0279/R000000035/R000000041
R000000039/3.717421/0170/R000000040/R000000019
R000000042/3.703704/0122/R000000025/R000000017
R000000042/3.703704/0122/R000000025/R000000017
R000000039/4.115227/0114/R000000042
R000000038/5.241580/0112/R000000039/R000000014
R000000043/5.226338/0112/R000000042/R000000014
R000000044/5.226338/0122/R000000042/R000000034
R000000043/5.807042/0082/R000000044
R000000038/5.807042/0114/R000000043
R000000022/5.823977/0059/R000000038
<NEXT>