#
#  Reaction log file
#  Author: LigBuilder V3 User_Diana
#  Creation time: Wed Feb 25 12:22:25 2026
#  Format:
#  QueryMoleculeId/Cost/SynthesizeId/ReactantId1/ReactantId2/ReactantId3.....
#  Id prefix:
#  Q --- Query Molecule
#  M --- Material
#  R --- Reactant
#
Directory      result/synthesize_HsDHODH/143/DATABASE/
#
Q000000001/7.331201/0000/R000000001
R000000005/1.000000/0000/Guesstimate
R000000006/1.000000/0000/Guesstimate
R000000004/2.222222/0279/R000000005/R000000006
R000000004/2.222222/0279/R000000005/R000000006
R000000008/1.000000/0000/Guesstimate
R000000009/1.000000/0000/Guesstimate
R000000007/2.222222/0112/R000000008/R000000009
R000000003/4.938272/0159/R000000004/R000000007
R000000010/1.000000/0000/Guesstimate
R000000002/6.598080/0003/R000000003/R000000010
R000000013/1.000000/0000/Guesstimate
R000000012/2.222222/0279/R000000005/R000000013
R000000012/2.222222/0279/R000000005/R000000013
R000000011/4.938272/0159/R000000012/R000000007
R000000014/1.000000/0000/Guesstimate
R000000002/6.598080/0112/R000000011/R000000014
R000000001/7.331201/0147/R000000002
R000000016/5.486969/0092/R000000011
R000000018/1.000000/0000/Guesstimate
R000000019/1.000000/0000/Guesstimate
R000000017/2.222222/0001/R000000018/R000000019
R000000020/1.000000/0000/Guesstimate
R000000017/2.222222/0003/R000000019/R000000020
R000000015/8.565768/0212/R000000016/R000000017
R000000015/8.565768/0212/R000000016/R000000017
R000000001/9.517521/0147/R000000015
Q000000002/5.791801/0000/R000000021
R000000025/1.000000/0000/Guesstimate
R000000026/1.000000/0000/Guesstimate
R000000024/2.222222/0279/R000000025/R000000026
R000000024/2.222222/0279/R000000025/R000000026
R000000023/2.469136/0079/R000000024
R000000028/1.000000/0000/Guesstimate
R000000027/2.222222/0279/R000000028/R000000026
R000000027/2.222222/0279/R000000028/R000000026
R000000023/2.469136/0082/R000000027
R000000022/5.212621/0159/R000000023/R000000007
R000000029/5.486969/0197/R000000003
R000000022/7.207744/0112/R000000029/R000000008
R000000021/5.791801/0147/R000000022
R000000031/1.000000/0000/Guesstimate
R000000030/7.207744/0003/R000000029/R000000031
R000000032/5.486969/0079/R000000011
R000000033/1.000000/0000/Guesstimate
R000000032/6.598080/0112/R000000011/R000000033
R000000034/1.000000/0000/Guesstimate
R000000030/7.207744/0049/R000000032/R000000034
R000000021/8.008604/0147/R000000030
Q000000003/5.791801/0000/R000000021
<NEXT>