#
#  Reaction log file
#  Author: LigBuilder V3 User_Diana
#  Creation time: Wed Feb 25 12:28:58 2026
#  Format:
#  QueryMoleculeId/Cost/SynthesizeId/ReactantId1/ReactantId2/ReactantId3.....
#  Id prefix:
#  Q --- Query Molecule
#  M --- Material
#  R --- Reactant
#
Directory      result/synthesize_HsDHODH/300/DATABASE/
#
Q000000001/Analysis Failed
Q000000002/3.978053/0000/R000000001
M000000004/1.000000/0000/Sigma_BB-243331317
M000000005/1.000000/0000/Sigma_BB-28762337
R000000003/2.222222/0012/M000000004/M000000005
R000000007/1.000000/0000/Guesstimate
R000000006/2.222222/0146/M000000004/R000000007
M000000008/1.000000/0000/Sigma_BB-28715089
R000000009/1.000000/0000/Guesstimate
R000000006/2.222222/0231/M000000008/R000000009
R000000010/1.000000/0000/Guesstimate
R000000003/3.580247/0004/R000000006/R000000010
R000000011/1.000000/0000/Guesstimate
R000000002/3.580247/0119/R000000003/R000000011
M000000014/1.000000/0000/Sigma_BB-28756175
R000000013/2.222222/0119/M000000014/R000000011
M000000015/1.000000/0000/Sigma_BB-28511256
R000000016/1.000000/0000/Guesstimate
R000000013/2.222222/0224/M000000015/R000000016
R000000012/2.469136/0009/R000000013
R000000018/1.000000/0000/Guesstimate
R000000017/2.222222/0119/R000000018/R000000011
M000000019/1.000000/0000/Sigma_BB-28247921
R000000020/1.000000/0000/Guesstimate
R000000017/2.222222/0212/M000000019/R000000020
R000000021/1.000000/0000/Guesstimate
R000000012/3.580247/0003/R000000017/R000000021
R000000002/3.854596/0012/M000000004/R000000012
R000000001/3.978053/0059/R000000002
R000000025/1.000000/0000/Guesstimate
R000000024/2.222222/0231/M000000008/R000000025
M000000026/1.000000/0000/Sigma_BB-28786839
R000000024/2.222222/0279/M000000026/R000000025
R000000023/3.580247/0004/R000000024/R000000010
R000000027/3.580247/0003/R000000024/R000000021
R000000023/3.978053/0040/R000000027
R000000028/1.000000/0000/Guesstimate
R000000022/5.089163/0119/R000000023/R000000028
R000000030/2.222222/0004/R000000025/R000000010
R000000030/9.555556/0024/R000000031
R000000029/3.580247/0119/R000000030/R000000028
R000000033/1.000000/0000/Guesstimate
R000000032/3.580247/0119/R000000030/R000000033
R000000032/3.580247/0280/R000000030/R000000033
R000000029/3.978053/0204/R000000032
R000000022/5.089163/0231/M000000008/R000000029
R000000001/5.654626/0041/R000000022
Q000000003/Analysis Failed
Q000000004/Analysis Failed
<END>