#
#  Reaction log file
#  Author: LigBuilder V3 User_Diana
#  Creation time: Wed Feb 25 12:13:40 2026
#  Format:
#  QueryMoleculeId/Cost/SynthesizeId/ReactantId1/ReactantId2/ReactantId3.....
#  Id prefix:
#  Q --- Query Molecule
#  M --- Material
#  R --- Reactant
#
Directory      result/synthesize_HsDHODH/11/DATABASE/
#
Q000000001/4.115227/0000/R000000001
M000000004/1.000000/0000/Sigma_BB-30085674
R000000003/1.111111/0168/M000000004
M000000007/1.000000/0000/Sigma_BB-152386740
R000000006/1.111111/0125/M000000007
R000000008/1.000000/0000/Guesstimate
R000000006/2.222222/0112/M000000007/R000000008
R000000005/1.234568/0125/R000000006
R000000005/2.345679/0112/R000000006/R000000008
R000000003/1.371742/0040/R000000005
R000000010/1.000000/0000/Guesstimate
R000000011/1.000000/0000/Guesstimate
R000000009/2.222222/0004/R000000010/R000000011
R000000013/1.000000/0000/Guesstimate
R000000012/2.222222/0277/R000000013/R000000011
M000000014/1.000000/0000/Sigma_BB-28516749
R000000015/1.000000/0000/Guesstimate
R000000012/2.222222/0301/M000000014/R000000015
R000000009/2.469136/0024/R000000012
R000000002/3.703704/0049/R000000003/R000000009
R000000016/1.234568/0040/R000000006
R000000018/1.000000/0000/Guesstimate
R000000017/2.222222/0004/M000000007/R000000018
R000000019/1.000000/0000/Guesstimate
R000000020/1.000000/0000/Guesstimate
R000000017/3.333333/0225/M000000007/R000000019/R000000020
R000000016/2.469136/0216/R000000017
R000000021/2.222222/0004/R000000018/R000000015
R000000023/1.000000/0000/Guesstimate
R000000022/2.222222/0277/R000000023/R000000015
R000000024/2.222222/0277/R000000013/R000000015
R000000025/1.000000/0000/Guesstimate
R000000024/2.222222/0301/R000000025/R000000015
R000000022/2.469136/0300/R000000024
R000000021/2.469136/0024/R000000022
R000000002/3.840878/0003/R000000016/R000000021
R000000001/4.115227/0099/R000000002
R000000027/2.345679/0049/R000000003/R000000010
R000000030/7.700000/0000/Guesstimate
R000000029/8.555555/0168/R000000030
R000000031/9.300000/0000/Guesstimate
R000000029/9.300000/0082/R000000031
R000000028/9.506173/0118/R000000029
R000000028/9.506173/0125/R000000029
R000000027/9.506173/0040/R000000028
R000000032/2.222222/0004/R000000010/R000000015
R000000032/2.469136/0024/R000000024
R000000026/5.075447/0049/R000000027/R000000032
R000000001/5.639385/0099/R000000026
Q000000002/6.096632/0000/R000000033
M000000037/1.000000/0000/Sigma_BB-48839434
R000000036/2.222222/0003/M000000007/M000000037
R000000035/2.469136/0099/R000000036
R000000040/1.000000/0000/Guesstimate
R000000041/1.000000/0000/Guesstimate
R000000039/2.222222/0174/R000000040/R000000041
R000000039/2.222222/0289/R000000040/R000000041
R000000038/2.469136/0197/R000000039
R000000042/7.400000/0000/Guesstimate
R000000038/8.222222/0091/R000000042
R000000034/5.486969/0112/R000000035/R000000038
R000000033/6.096632/0025/R000000034
R000000044/2.482853/0004/R000000016/R000000018
R000000045/2.345679/0004/R000000006/R000000018
R000000045/3.456790/0225/R000000006/R000000019/R000000020
R000000044/2.606310/0040/R000000045
M000000048/1.000000/0000/Sigma_BB-28764950
M000000049/1.000000/0000/Sigma_BB-187184384
R000000047/2.222222/0004/M000000048/M000000049
R000000046/2.469136/0197/R000000047
R000000043/5.502210/0212/R000000044/R000000046
R000000043/5.502210/0212/R000000044/R000000046
R000000033/6.113567/0028/R000000043
Q000000003/4.115227/0000/R000000001
<NEXT>