#
#  Reaction log file
#  Author: LigBuilder V3 User_Diana
#  Creation time: Wed Feb 25 12:22:05 2026
#  Format:
#  QueryMoleculeId/Cost/SynthesizeId/ReactantId1/ReactantId2/ReactantId3.....
#  Id prefix:
#  Q --- Query Molecule
#  M --- Material
#  R --- Reactant
#
Directory      result/synthesize_HsDHODH/128/DATABASE/
#
Q000000001/4.282884/0000/R000000001
M000000005/1.000000/0000/Sigma_BB-30423282
R000000006/1.000000/0000/Guesstimate
R000000004/2.222222/0279/M000000005/R000000006
R000000004/2.222222/0279/M000000005/R000000006
R000000003/2.469136/0009/R000000004
R000000008/1.000000/0000/Guesstimate
R000000007/2.222222/0279/R000000008/R000000006
R000000007/2.222222/0279/R000000008/R000000006
R000000003/2.469136/0079/R000000007
R000000009/1.000000/0000/Guesstimate
R000000002/3.854596/0159/R000000003/R000000009
R000000012/1.000000/0000/Guesstimate
R000000013/1.000000/0000/Guesstimate
R000000011/2.222222/0119/R000000012/R000000013
R000000014/1.000000/0000/Guesstimate
R000000015/1.000000/0000/Guesstimate
R000000011/3.333333/0261/R000000014/R000000013/R000000015
R000000010/5.212621/0159/R000000003/R000000011
R000000002/5.791801/0274/R000000010
R000000001/4.282884/0024/R000000002
R000000019/1.000000/0000/Guesstimate
R000000020/1.000000/0000/Guesstimate
R000000018/2.222222/0279/R000000019/R000000020
R000000018/2.222222/0279/R000000019/R000000020
R000000017/3.580247/0159/R000000018/R000000009
R000000021/1.000000/0000/Guesstimate
R000000016/5.089163/0174/R000000017/R000000021
R000000022/1.111111/0287/R000000021
R000000023/7.400000/0000/Guesstimate
R000000022/8.222222/0197/R000000023
R000000016/5.212621/0112/R000000017/R000000022
R000000001/5.654626/0025/R000000016
Q000000002/4.282884/0000/R000000001
Q000000003/4.282884/0000/R000000001
<NEXT>