#
#  Reaction log file
#  Author: LigBuilder V3 User_Diana
#  Creation time: Wed Feb 25 12:25:21 2026
#  Format:
#  QueryMoleculeId/Cost/SynthesizeId/ReactantId1/ReactantId2/ReactantId3.....
#  Id prefix:
#  Q --- Query Molecule
#  M --- Material
#  R --- Reactant
#
Directory      result/synthesize_HsDHODH/249/DATABASE/
#
Q000000001/4.572474/0000/R000000001
R000000005/1.000000/0000/Guesstimate
R000000004/1.111111/0125/R000000005
R000000006/1.000000/0000/Guesstimate
R000000004/2.222222/0112/R000000006/R000000005
R000000008/1.000000/0000/Guesstimate
R000000009/1.000000/0000/Guesstimate
R000000007/2.222222/0112/R000000008/R000000009
R000000003/3.703704/0159/R000000004/R000000007
R000000002/4.115227/0041/R000000003
R000000002/4.115227/0233/R000000003
R000000001/4.572474/0155/R000000002
Q000000002/Analysis Failed
Q000000003/6.282918/0000/R000000010
R000000014/1.000000/0000/Guesstimate
R000000013/3.580247/0012/R000000014/R000000007
R000000013/3.580247/0285/R000000014/R000000007
R000000015/1.000000/0000/Guesstimate
R000000012/5.089163/0049/R000000013/R000000015
R000000011/5.654626/0285/R000000012
R000000010/6.282918/0161/R000000011
R000000018/6.282918/0125/R000000011
R000000018/7.394029/0112/R000000011/R000000006
R000000017/6.981020/0161/R000000018
R000000016/7.756689/0040/R000000017
R000000010/8.618544/0197/R000000016
Q000000004/6.282918/0000/R000000010
<NEXT>