#
#  Reaction log file
#  Author: LigBuilder V3 User_Diana
#  Creation time: Wed Feb 25 12:25:59 2026
#  Format:
#  QueryMoleculeId/Cost/SynthesizeId/ReactantId1/ReactantId2/ReactantId3.....
#  Id prefix:
#  Q --- Query Molecule
#  M --- Material
#  R --- Reactant
#
Directory      result/synthesize_HsDHODH/255/DATABASE/
#
Q000000001/4.809754/0000/R000000001
M000000007/1.000000/0000/Sigma_BB-30085674
R000000006/1.111111/0168/M000000007
R000000008/1.000000/0000/Guesstimate
R000000005/2.345679/0256/R000000006/R000000008
R000000004/2.606310/0082/R000000005
R000000003/2.895900/0040/R000000004
R000000010/1.000000/0000/Guesstimate
R000000011/1.000000/0000/Guesstimate
R000000009/3.456790/0261/R000000006/R000000010/R000000011
R000000003/3.840878/0024/R000000009
R000000012/1.000000/0000/Guesstimate
R000000002/4.328778/0003/R000000003/R000000012
R000000014/3.217667/0197/R000000003
R000000015/1.000000/0000/Guesstimate
R000000013/4.686297/0004/R000000014/R000000015
R000000017/1.000000/0000/Guesstimate
R000000016/4.686297/0277/R000000014/R000000017
R000000018/1.000000/0000/Guesstimate
R000000016/4.686297/0301/R000000014/R000000018
R000000013/5.206997/0024/R000000016
R000000020/1.000000/0000/Guesstimate
R000000019/2.222222/0112/R000000020/R000000012
R000000022/1.000000/0000/Guesstimate
R000000021/2.222222/0004/R000000022/R000000012
R000000019/2.469136/0009/R000000021
R000000002/7.676133/0049/R000000013/R000000019
R000000001/4.809754/0099/R000000002
M000000026/1.000000/0000/Sigma_BB-28764950
R000000025/2.222222/0004/M000000026/R000000012
R000000024/2.469136/0197/R000000025
R000000023/5.961151/0212/R000000003/R000000024
R000000023/5.961151/0212/R000000003/R000000024
R000000001/6.623501/0028/R000000023
Q000000002/Analysis Failed
Q000000003/5.807042/0000/R000000027
R000000031/1.000000/0000/Guesstimate
R000000032/1.000000/0000/Guesstimate
R000000033/1.000000/0000/Guesstimate
R000000030/3.333333/0261/R000000031/R000000032/R000000033
R000000029/3.703704/0003/R000000030
R000000035/1.000000/0000/Guesstimate
R000000036/1.000000/0000/Guesstimate
R000000034/3.333333/0261/R000000035/R000000036/R000000033
R000000029/3.703704/0122/R000000034
R000000037/1.000000/0000/Guesstimate
R000000028/5.226338/0122/R000000029/R000000037
R000000040/1.000000/0000/Guesstimate
R000000039/3.333333/0261/R000000031/R000000032/R000000040
R000000038/3.703704/0003/R000000039
R000000041/1.000000/0000/Guesstimate
R000000038/5.226338/0122/R000000029/R000000041
R000000042/1.000000/0000/Guesstimate
R000000028/5.226338/0170/R000000038/R000000042
R000000027/5.807042/0099/R000000028
R000000046/1.000000/0000/Guesstimate
R000000047/1.000000/0000/Guesstimate
R000000045/2.222222/0279/R000000046/R000000047
R000000045/2.222222/0279/R000000046/R000000047
R000000048/1.000000/0000/Guesstimate
R000000044/3.580247/0274/R000000045/R000000048
R000000050/1.000000/0000/Guesstimate
R000000049/3.580247/0274/R000000045/R000000050
R000000051/1.000000/0000/Guesstimate
R000000044/5.089163/0277/R000000049/R000000051
R000000043/3.978053/0122/R000000044
R000000054/1.000000/0000/Guesstimate
R000000053/2.222222/0001/R000000015/R000000054
R000000053/2.222222/0004/R000000015/R000000020
R000000055/2.222222/0122/R000000036/R000000042
R000000056/1.000000/0000/Guesstimate
R000000057/1.000000/0000/Guesstimate
R000000055/2.222222/0256/R000000056/R000000057
R000000052/4.938272/0274/R000000053/R000000055
R000000059/1.000000/0000/Guesstimate
R000000058/3.580247/0274/R000000053/R000000059
R000000052/5.089163/0279/R000000058/R000000047
R000000043/5.486969/0122/R000000052
R000000060/2.222222/0122/R000000033/R000000037
R000000063/1.000000/0000/Guesstimate
R000000062/2.222222/0122/R000000063/R000000037
R000000062/2.222222/0122/R000000063/R000000037
R000000061/2.469136/0024/R000000062
R000000065/1.000000/0000/Guesstimate
R000000066/1.000000/0000/Guesstimate
R000000064/2.222222/0012/R000000065/R000000066
R000000067/1.000000/0000/Guesstimate
R000000064/2.222222/0095/R000000067/R000000037
R000000061/2.469136/0040/R000000064
R000000060/2.743484/0153/R000000061
R000000027/6.889194/0119/R000000043/R000000060
Q000000004/5.807042/0000/R000000027
<NEXT>