#
#  Reaction log file
#  Author: LigBuilder V3 User_Diana
#  Creation time: Wed Feb 25 12:26:43 2026
#  Format:
#  QueryMoleculeId/Cost/SynthesizeId/ReactantId1/ReactantId2/ReactantId3.....
#  Id prefix:
#  Q --- Query Molecule
#  M --- Material
#  R --- Reactant
#
Directory      result/synthesize_HsDHODH/277/DATABASE/
#
Q000000001/4.282884/0000/R000000001
M000000005/1.000000/0000/Sigma_BB-136381607
R000000006/1.000000/0000/Guesstimate
R000000004/2.222222/0112/M000000005/R000000006
R000000003/2.469136/0059/R000000004
M000000008/1.000000/0000/Sigma_BB-28484450
R000000007/2.222222/0004/M000000005/M000000008
R000000009/1.000000/0000/Guesstimate
R000000010/1.000000/0000/Guesstimate
R000000007/3.333333/0225/M000000005/R000000009/R000000010
R000000003/2.469136/0153/R000000007
R000000011/1.000000/0000/Guesstimate
R000000002/3.854596/0095/R000000003/R000000011
R000000013/2.469136/0118/R000000004
R000000014/1.000000/0000/Guesstimate
R000000013/3.580247/0112/R000000004/R000000014
R000000012/2.743484/0059/R000000013
R000000015/2.743484/0217/R000000003
R000000016/1.000000/0000/Guesstimate
R000000012/4.159427/0049/R000000015/R000000016
R000000017/1.000000/0000/Guesstimate
R000000002/4.159427/0012/R000000012/R000000017
R000000001/4.282884/0041/R000000002
M000000021/1.000000/0000/Sigma_BB-65722999
R000000022/1.000000/0000/Guesstimate
R000000020/2.222222/0003/M000000021/R000000022
R000000019/2.469136/0099/R000000020
R000000023/1.000000/0000/Guesstimate
R000000018/3.854596/0003/R000000019/R000000023
R000000025/2.222222/0095/M000000005/R000000011
R000000026/1.000000/0000/Guesstimate
R000000025/2.222222/0122/M000000005/R000000026
R000000024/2.469136/0041/R000000025
M000000028/1.000000/0000/Sigma_BB-28665883
R000000027/2.222222/0003/M000000028/R000000022
R000000029/1.000000/0000/Guesstimate
R000000027/2.222222/0112/M000000005/R000000029
R000000024/2.469136/0099/R000000027
R000000018/3.854596/0112/R000000024/R000000006
R000000001/4.282884/0059/R000000018
Q000000002/3.869837/0000/R000000030
M000000034/1.000000/0000/Sigma_BB-249442583
R000000033/1.111111/0125/M000000034
R000000033/2.222222/0112/M000000034/R000000014
R000000032/1.234568/0091/R000000033
R000000035/1.111111/0091/M000000034
R000000032/2.345679/0112/R000000035/R000000014
M000000036/1.000000/0000/Sigma_BB-187814712
R000000031/2.482853/0224/R000000032/M000000036
R000000037/1.000000/0000/Guesstimate
R000000030/3.869837/0112/R000000031/R000000037
M000000041/1.000000/0000/Sigma_BB-182112188
R000000040/1.111111/0125/M000000041
R000000040/2.222222/0112/M000000041/R000000014
R000000039/2.345679/0224/R000000040/M000000036
M000000043/1.000000/0000/Sigma_BB-296684557
R000000042/2.345679/0224/R000000040/M000000043
R000000045/9.300000/0000/Guesstimate
R000000044/9.300000/0156/R000000045
M000000046/1.000000/0000/Sigma_BB-28827073
R000000042/10.000000/0170/R000000044/M000000046
R000000039/2.606310/0300/R000000042
R000000047/1.000000/0000/Guesstimate
R000000038/3.717421/0112/R000000039/R000000047
R000000049/2.345679/0112/R000000040/R000000047
R000000048/2.606310/0059/R000000049
R000000050/1.000000/0000/Guesstimate
R000000048/3.717421/0224/R000000049/R000000050
M000000051/1.000000/0000/Sigma_BB-28764946
R000000038/4.007011/0170/R000000048/M000000051
R000000030/4.130468/0041/R000000038
Q000000003/3.869837/0000/R000000030
<NEXT>