#
#  Reaction log file
#  Author: LigBuilder V3 User_Diana
#  Creation time: Wed Feb 25 12:25:30 2026
#  Format:
#  QueryMoleculeId/Cost/SynthesizeId/ReactantId1/ReactantId2/ReactantId3.....
#  Id prefix:
#  Q --- Query Molecule
#  M --- Material
#  R --- Reactant
#
Directory      result/synthesize_HsDHODH/247/DATABASE/
#
Q000000001/8.748837/0000/R000000001
M000000006/1.000000/0000/Sigma_BB-29303682
R000000005/1.111111/0197/M000000006
M000000007/1.000000/0000/Sigma_BB-316038152
R000000008/1.000000/0000/Guesstimate
R000000005/2.222222/0279/M000000007/R000000008
R000000009/1.000000/0000/Guesstimate
R000000004/2.345679/0056/R000000005/R000000009
R000000010/2.222222/0056/M000000007/R000000009
M000000014/1.000000/0000/Sigma_BB-184773838
R000000015/1.000000/0000/Guesstimate
R000000013/2.222222/0003/M000000014/R000000015
R000000017/1.000000/0000/Guesstimate
R000000016/2.222222/0112/M000000014/R000000017
M000000018/1.000000/0000/Sigma_BB-244167114
R000000016/2.222222/0112/M000000018/R000000017
R000000019/1.000000/0000/Guesstimate
R000000013/3.580247/0049/R000000016/R000000019
R000000012/2.469136/0041/R000000013
R000000012/2.469136/0233/R000000013
R000000011/2.743484/0139/R000000012
R000000020/9.100000/0000/Guesstimate
R000000011/9.100000/0082/R000000020
R000000010/3.048316/0041/R000000011
R000000004/3.580247/0279/R000000010/R000000008
R000000021/1.000000/0000/Guesstimate
R000000003/3.717421/0004/R000000004/R000000021
M000000024/1.000000/0000/Sigma_BB-243424637
R000000023/2.222222/0003/M000000024/R000000015
M000000027/1.000000/0000/Sigma_BB-28864134
R000000026/1.111111/0054/M000000027
M000000028/1.000000/0000/Sigma_BB-129539509
R000000029/1.000000/0000/Guesstimate
R000000026/2.222222/0004/M000000028/R000000029
R000000025/2.345679/0056/R000000026/R000000009
R000000030/2.222222/0056/M000000027/R000000009
R000000030/2.469136/0041/R000000016
R000000025/2.469136/0054/R000000030
R000000023/2.606310/0009/R000000025
R000000031/1.000000/0000/Guesstimate
R000000022/3.580247/0122/R000000023/R000000031
R000000022/3.580247/0122/R000000023/R000000031
R000000003/3.978053/0024/R000000022
R000000034/1.000000/0000/Guesstimate
R000000035/1.000000/0000/Guesstimate
R000000033/2.222222/0276/R000000034/R000000035
R000000033/2.222222/0278/R000000034/R000000035
R000000032/2.469136/0275/R000000033
R000000036/2.222222/0275/R000000034/R000000035
R000000032/2.469136/0276/R000000036
R000000002/6.873953/0004/R000000003/R000000032
R000000038/3.580247/0004/R000000021/R000000033
R000000039/1.000000/0000/Guesstimate
R000000040/1.000000/0000/Guesstimate
R000000038/4.691358/0225/R000000033/R000000039/R000000040
R000000037/3.978053/0275/R000000038
R000000042/1.000000/0000/Guesstimate
R000000041/3.854596/0112/R000000042/R000000032
R000000037/4.282884/0147/R000000041
R000000002/7.026369/0004/R000000004/R000000037
M000000043/1.000000/0000/Sigma_BB-28484450
R000000001/8.748837/0212/R000000002/M000000043
R000000001/8.748837/0212/R000000002/M000000043
Q000000002/4.572474/0000/R000000044
M000000048/1.000000/0000/Sigma_BB-152386739
R000000047/1.111111/0093/M000000048
M000000049/1.000000/0000/Sigma_BB-152386740
R000000047/2.222222/0004/M000000049/R000000021
M000000051/1.000000/0000/Sigma_BB-28777079
R000000050/2.222222/0285/M000000051/R000000009
R000000046/3.703704/0212/R000000047/R000000050
R000000046/3.703704/0212/R000000047/R000000050
R000000045/4.115227/0125/R000000046
R000000045/5.226338/0112/R000000046/R000000017
R000000044/4.572474/0040/R000000045
R000000055/1.000000/0000/Guesstimate
R000000054/2.222222/0174/R000000042/R000000055
R000000054/2.222222/0289/R000000042/R000000055
R000000053/2.469136/0197/R000000054
R000000056/7.400000/0000/Guesstimate
R000000053/8.222222/0091/R000000056
R000000052/6.858711/0112/R000000046/R000000053
R000000058/1.234568/0197/R000000047
R000000057/4.115227/0112/R000000058/R000000053
R000000059/3.978053/0112/R000000047/R000000053
R000000057/4.420059/0197/R000000059
R000000060/2.469136/0197/R000000050
R000000061/9.500000/0000/Guesstimate
R000000060/9.500000/0188/R000000061
R000000052/7.315959/0301/R000000057/R000000060
R000000044/7.620790/0025/R000000052
Q000000003/2.758726/0000/R000000062
R000000064/1.000000/0000/Guesstimate
M000000067/1.000000/0000/Sigma_BB-151396801
R000000066/1.111111/0125/M000000067
R000000066/2.222222/0112/R000000017/M000000067
R000000065/1.234568/0040/R000000066
R000000068/2.222222/0004/M000000067/R000000021
R000000068/3.333333/0225/M000000067/R000000040/R000000039
R000000065/2.469136/0216/R000000068
R000000063/2.482853/0119/R000000064/R000000065
R000000069/1.000000/0000/Guesstimate
R000000071/1.000000/0000/Guesstimate
R000000072/1.371742/0091/R000000065
R000000070/2.635269/0276/R000000071/R000000072
R000000070/2.635269/0278/R000000071/R000000072
R000000063/4.039188/0224/R000000069/R000000070
R000000062/2.758726/0041/R000000063
R000000074/1.000000/0000/Guesstimate
R000000073/2.482853/0119/R000000074/R000000065
R000000075/1.000000/0000/Guesstimate
R000000073/4.039188/0224/R000000075/R000000070
R000000062/3.869837/0018/R000000073/R000000009
<NEXT>