#
#  Reaction log file
#  Author: LigBuilder V3 User_Diana
#  Creation time: Wed Feb 25 12:21:14 2026
#  Format:
#  QueryMoleculeId/Cost/SynthesizeId/ReactantId1/ReactantId2/ReactantId3.....
#  Id prefix:
#  Q --- Query Molecule
#  M --- Material
#  R --- Reactant
#
Directory      result/synthesize_HsDHODH/122/DATABASE/
#
Q000000001/Analysis Failed
Q000000002/7.163543/0000/R000000001
M000000005/1.000000/0000/Sigma_BB-35361926
R000000006/1.000000/0000/Guesstimate
R000000004/2.222222/0112/M000000005/R000000006
R000000007/1.000000/0000/Guesstimate
R000000003/3.580247/0012/R000000004/R000000007
M000000010/1.000000/0000/Sigma_BB-28760174
R000000011/1.000000/0000/Guesstimate
R000000009/2.222222/0231/M000000010/R000000011
R000000009/2.222222/0285/M000000005/R000000007
R000000012/1.000000/0000/Guesstimate
R000000008/3.580247/0112/R000000009/R000000012
R000000003/3.978053/0082/R000000008
R000000014/1.000000/0000/Guesstimate
M000000015/1.000000/0000/Sigma_BB-28760789
R000000013/2.222222/0003/R000000014/M000000015
R000000017/1.000000/0000/Guesstimate
R000000016/2.222222/0170/R000000017/R000000014
R000000018/1.000000/0000/Guesstimate
R000000019/1.000000/0000/Guesstimate
R000000016/2.222222/0170/R000000018/R000000019
R000000020/1.000000/0000/Guesstimate
R000000013/3.580247/0004/R000000016/R000000020
R000000002/6.447188/0012/R000000003/R000000013
R000000023/1.000000/0000/Guesstimate
R000000022/5.089163/0279/R000000008/R000000023
R000000022/5.089163/0279/R000000008/R000000023
R000000021/5.654626/0040/R000000022
R000000025/1.000000/0000/Guesstimate
R000000024/5.089163/0279/R000000008/R000000025
R000000024/5.089163/0279/R000000008/R000000025
R000000021/5.654626/0092/R000000024
R000000028/1.000000/0000/Guesstimate
R000000029/1.000000/0000/Guesstimate
R000000027/2.222222/0170/R000000028/R000000029
R000000030/1.000000/0000/Guesstimate
R000000031/1.000000/0000/Guesstimate
R000000027/2.222222/0170/R000000030/R000000031
R000000026/2.469136/0024/R000000027
R000000033/1.000000/0000/Guesstimate
R000000032/2.222222/0170/R000000028/R000000033
R000000034/1.000000/0000/Guesstimate
R000000032/2.222222/0170/R000000030/R000000034
R000000026/2.469136/0040/R000000032
R000000002/9.026402/0112/R000000021/R000000026
R000000001/7.163543/0004/R000000002
M000000038/1.000000/0000/Sigma_BB-120898145
R000000037/1.111111/0288/M000000038
R000000036/1.234568/0295/R000000037
R000000039/1.000000/0000/Guesstimate
R000000036/2.222222/0231/M000000010/R000000039
R000000042/1.000000/0000/Guesstimate
R000000043/1.000000/0000/Guesstimate
R000000041/2.222222/0012/R000000042/R000000043
R000000045/1.000000/0000/Guesstimate
R000000044/2.222222/0285/R000000045/R000000043
R000000041/2.469136/0082/R000000044
R000000040/4.938272/0285/R000000041/R000000016
R000000046/3.580247/0285/R000000042/R000000016
R000000040/5.089163/0285/R000000046/R000000043
R000000035/6.858711/0112/R000000036/R000000040
R000000048/3.580247/0285/R000000006/R000000016
R000000047/5.089163/0004/R000000048/R000000020
R000000050/1.000000/0000/Guesstimate
R000000049/3.580247/0285/R000000050/R000000016
R000000047/5.089163/0122/R000000049/R000000014
R000000035/8.123762/0112/R000000009/R000000047
R000000001/7.620790/0004/R000000035
Q000000003/7.163543/0000/R000000001
<NEXT>