#
#  Reaction log file
#  Author: LigBuilder V3 User_Diana
#  Creation time: Wed Feb 25 12:13:40 2026
#  Format:
#  QueryMoleculeId/Cost/SynthesizeId/ReactantId1/ReactantId2/ReactantId3.....
#  Id prefix:
#  Q --- Query Molecule
#  M --- Material
#  R --- Reactant
#
Directory      result/synthesize_HsDHODH/10/DATABASE/
#
Q000000001/4.267643/0000/R000000001
M000000005/1.000000/0000/Sigma_BB-152386740
R000000004/1.111111/0125/M000000005
R000000006/1.000000/0000/Guesstimate
R000000004/2.222222/0112/M000000005/R000000006
R000000003/1.234568/0040/R000000004
R000000008/1.000000/0000/Guesstimate
R000000007/2.222222/0004/M000000005/R000000008
R000000009/1.000000/0000/Guesstimate
R000000010/1.000000/0000/Guesstimate
R000000007/3.333333/0225/M000000005/R000000009/R000000010
R000000003/2.469136/0216/R000000007
R000000012/1.000000/0000/Guesstimate
R000000011/2.222222/0004/R000000008/R000000012
R000000014/1.000000/0000/Guesstimate
R000000013/2.222222/0003/R000000014/R000000012
R000000015/1.000000/0000/Guesstimate
R000000016/1.111111/0125/R000000012
R000000016/2.222222/0112/R000000006/R000000012
R000000013/2.345679/0049/R000000015/R000000016
R000000011/2.469136/0040/R000000013
R000000002/3.840878/0003/R000000003/R000000011
R000000019/1.000000/0000/Guesstimate
R000000018/2.482853/0112/R000000003/R000000019
R000000017/2.758726/0147/R000000018
R000000020/3.580247/0004/R000000007/R000000008
R000000020/4.691358/0225/R000000007/R000000009/R000000010
R000000017/3.978053/0216/R000000020
R000000002/4.176363/0003/R000000017/R000000012
R000000001/4.267643/0099/R000000002
R000000022/2.482853/0003/R000000003/R000000014
R000000023/2.345679/0003/R000000004/R000000014
R000000025/7.700000/0000/Guesstimate
R000000024/8.555555/0168/R000000025
R000000026/9.300000/0000/Guesstimate
R000000024/9.300000/0082/R000000026
R000000023/9.506173/0118/R000000024
R000000022/2.606310/0040/R000000023
R000000027/2.222222/0004/R000000015/R000000012
R000000028/2.469136/0293/R000000013
R000000027/2.743484/0040/R000000028
R000000021/5.227862/0049/R000000022/R000000027
R000000031/1.000000/0000/Guesstimate
R000000030/1.111111/0040/R000000031
R000000032/1.000000/0000/Guesstimate
R000000030/2.222222/0004/R000000008/R000000032
R000000029/4.299819/0212/R000000017/R000000030
R000000029/4.299819/0212/R000000017/R000000030
R000000021/5.888689/0112/R000000029/R000000012
R000000001/5.808735/0099/R000000021
Q000000002/6.301735/0000/R000000033
R000000036/1.371742/0125/R000000003
R000000036/2.482853/0112/R000000003/R000000006
R000000037/1.000000/0000/Guesstimate
R000000035/2.635269/0119/R000000036/R000000037
R000000038/2.482853/0119/R000000003/R000000037
R000000038/2.482853/0280/R000000003/R000000037
R000000035/3.869837/0112/R000000038/R000000006
R000000041/1.000000/0000/Guesstimate
R000000042/1.000000/0000/Guesstimate
R000000040/2.222222/0256/R000000041/R000000042
R000000039/2.469136/0219/R000000040
R000000039/2.469136/0219/R000000040
R000000034/5.671562/0256/R000000035/R000000039
R000000045/1.000000/0000/Guesstimate
R000000044/2.635269/0256/R000000036/R000000045
R000000043/4.039188/0119/R000000044/R000000037
R000000047/1.000000/0000/Guesstimate
R000000046/3.869837/0112/R000000038/R000000047
R000000043/4.299819/0233/R000000046
R000000050/1.000000/0000/Guesstimate
R000000049/2.222222/0256/R000000050/R000000042
R000000048/2.469136/0219/R000000049
R000000048/2.469136/0219/R000000049
R000000034/7.231471/0279/R000000043/R000000048
R000000033/6.301735/0024/R000000034
R000000053/1.524158/0091/R000000036
R000000055/1.000000/0000/Guesstimate
R000000054/1.111111/0287/R000000055
R000000052/2.928077/0112/R000000053/R000000054
R000000056/1.111111/0125/M000000005
R000000056/2.222222/0112/M000000005/R000000006
R000000058/2.222222/0174/R000000019/R000000055
R000000058/2.222222/0289/R000000019/R000000055
R000000057/2.469136/0197/R000000058
R000000059/7.400000/0000/Guesstimate
R000000057/8.222222/0091/R000000059
R000000052/3.978053/0112/R000000056/R000000057
R000000051/5.996903/0256/R000000052/R000000039
R000000060/3.978053/0256/R000000056/R000000039
R000000061/2.345679/0256/R000000056/R000000045
R000000060/5.349795/0279/R000000061/R000000048
R000000051/7.163543/0112/R000000060/R000000057
R000000033/6.663226/0025/R000000051
Q000000003/4.267643/0000/R000000001
<NEXT>