#
#  Reaction log file
#  Author: LigBuilder V3 User_Diana
#  Creation time: Wed Feb 25 12:27:30 2026
#  Format:
#  QueryMoleculeId/Cost/SynthesizeId/ReactantId1/ReactantId2/ReactantId3.....
#  Id prefix:
#  Q --- Query Molecule
#  M --- Material
#  R --- Reactant
#
Directory      result/synthesize_HsDHODH/282/DATABASE/
#
Q000000001/8.695436/0000/R000000001
M000000008/1.000000/0000/Sigma_BB-30437381
R000000007/1.111111/0086/M000000008
R000000007/1.111111/0091/M000000008
R000000006/1.234568/0197/R000000007
M000000010/1.000000/0000/Sigma_BB-27556005
R000000009/1.111111/0086/M000000010
R000000009/1.111111/0091/M000000010
R000000011/1.000000/0000/Guesstimate
R000000006/2.345679/0277/R000000009/R000000011
R000000012/1.000000/0000/Guesstimate
R000000005/2.482853/0301/R000000006/R000000012
R000000005/2.482853/0301/R000000006/R000000012
R000000014/1.000000/0000/Guesstimate
R000000015/1.000000/0000/Guesstimate
R000000013/2.222222/0279/R000000014/R000000015
M000000017/1.000000/0000/Sigma_BB-28762337
R000000018/1.000000/0000/Guesstimate
R000000016/2.222222/0285/M000000017/R000000018
R000000013/2.469136/0197/R000000016
R000000004/5.227862/0112/R000000005/R000000013
R000000020/1.111111/0085/M000000010
M000000021/1.000000/0000/Sigma_BB-129018904
R000000019/2.345679/0212/R000000020/M000000021
R000000019/2.345679/0212/R000000020/M000000021
R000000022/2.469136/0091/R000000016
R000000004/5.349795/0112/R000000019/R000000022
R000000003/5.808735/0122/R000000004
R000000003/5.808735/0122/R000000004
M000000025/1.000000/0000/Sigma_BB-101351726
R000000024/1.111111/0295/M000000025
R000000023/1.234568/0257/R000000024
R000000027/1.000000/0000/Guesstimate
R000000028/1.000000/0000/Guesstimate
R000000026/2.222222/0274/R000000027/R000000028
R000000023/2.469136/0112/R000000026
R000000002/7.825893/0256/R000000003/R000000023
R000000001/8.695436/0219/R000000002
R000000001/8.695436/0219/R000000002
Q000000002/8.695436/0000/R000000001
Q000000003/8.695436/0000/R000000001
Q000000004/8.695436/0000/R000000001
<NEXT>