#
#  Reaction log file
#  Author: LigBuilder V3 User_Diana
#  Creation time: Wed Feb 25 12:13:40 2026
#  Format:
#  QueryMoleculeId/Cost/SynthesizeId/ReactantId1/ReactantId2/ReactantId3.....
#  Id prefix:
#  Q --- Query Molecule
#  M --- Material
#  R --- Reactant
#
Directory      result/synthesize_HsDHODH/19/DATABASE/
#
Q000000001/3.048316/0000/R000000001
M000000005/1.000000/0000/Sigma_BB-152386739
M000000006/1.000000/0000/Sigma_BB-28775461
R000000004/2.222222/0003/M000000005/M000000006
R000000003/2.469136/0147/R000000004
M000000008/1.000000/0000/Sigma_BB-152386740
M000000009/1.000000/0000/Sigma_BB-28517210
R000000007/2.222222/0003/M000000008/M000000009
R000000003/2.469136/0147/R000000007
R000000002/2.743484/0125/R000000003
R000000010/1.000000/0000/Guesstimate
R000000002/3.854596/0112/R000000003/R000000010
R000000001/3.048316/0040/R000000002
R000000014/1.000000/0000/Guesstimate
R000000015/1.000000/0000/Guesstimate
R000000013/2.222222/0174/R000000014/R000000015
R000000013/2.222222/0289/R000000014/R000000015
R000000012/2.469136/0197/R000000013
R000000016/7.400000/0000/Guesstimate
R000000012/8.222222/0091/R000000016
R000000011/5.486969/0112/R000000003/R000000012
R000000001/6.096632/0025/R000000011
Q000000002/4.572474/0000/R000000017
R000000020/1.111111/0093/M000000005
R000000021/1.000000/0000/Guesstimate
R000000020/2.222222/0004/M000000008/R000000021
M000000023/1.000000/0000/Sigma_BB-28776791
R000000024/1.000000/0000/Guesstimate
R000000022/2.222222/0274/M000000023/R000000024
M000000025/1.000000/0000/Sigma_BB-31286382
R000000026/1.000000/0000/Guesstimate
R000000022/2.222222/0275/M000000025/R000000026
R000000019/3.703704/0212/R000000020/R000000022
M000000028/1.000000/0000/Sigma_BB-28457967
R000000027/2.345679/0212/R000000020/M000000028
R000000027/2.345679/0212/R000000020/M000000028
R000000030/1.000000/0000/Guesstimate
R000000029/2.222222/0274/R000000024/R000000030
R000000029/2.469136/0073/R000000022
R000000019/5.075447/0212/R000000027/R000000029
R000000018/4.115227/0125/R000000019
R000000018/5.226338/0112/R000000019/R000000010
R000000017/4.572474/0040/R000000018
R000000031/6.858711/0112/R000000019/R000000012
R000000033/1.234568/0197/R000000020
R000000032/4.115227/0112/R000000033/R000000012
R000000034/3.978053/0112/R000000020/R000000012
R000000032/4.420059/0197/R000000034
R000000037/1.000000/0000/Guesstimate
R000000036/2.222222/0274/R000000037/R000000024
R000000036/2.469136/0255/R000000029
R000000035/2.469136/0147/R000000036
R000000039/1.000000/0000/Guesstimate
R000000038/3.580247/0212/R000000039/R000000029
R000000038/3.580247/0212/R000000039/R000000029
R000000035/3.978053/0155/R000000038
R000000031/7.315959/0301/R000000032/R000000035
R000000017/7.620790/0025/R000000031
Q000000003/6.096632/0000/R000000040
R000000044/1.000000/0000/Guesstimate
R000000043/2.222222/0003/M000000005/R000000044
R000000042/2.469136/0147/R000000043
R000000047/1.000000/0000/Guesstimate
R000000046/2.222222/0003/R000000030/R000000047
M000000048/1.000000/0000/Sigma_BB-28775620
R000000049/1.000000/0000/Guesstimate
R000000046/2.222222/0049/M000000048/R000000049
R000000045/3.840878/0301/R000000033/R000000046
R000000045/3.840878/0301/R000000033/R000000046
R000000042/4.267643/0147/R000000045
R000000041/5.486969/0112/R000000042/R000000012
R000000040/6.096632/0025/R000000041
R000000052/2.482853/0112/R000000033/R000000014
R000000051/2.758726/0153/R000000052
R000000054/1.000000/0000/Guesstimate
R000000053/2.482853/0112/R000000033/R000000054
R000000051/2.758726/0154/R000000053
R000000057/1.000000/0000/Guesstimate
R000000058/1.000000/0000/Guesstimate
R000000056/2.222222/0003/R000000057/R000000058
R000000059/1.000000/0000/Guesstimate
R000000056/2.222222/0112/R000000059/R000000047
R000000055/2.469136/0147/R000000056
R000000055/2.469136/0147/R000000046
R000000050/5.808736/0301/R000000051/R000000055
R000000062/1.000000/0000/Guesstimate
R000000061/3.869837/0301/R000000052/R000000062
R000000061/3.869837/0301/R000000052/R000000062
R000000060/4.299819/0153/R000000061
R000000064/1.000000/0000/Guesstimate
R000000063/4.176363/0112/R000000051/R000000064
R000000060/4.640403/0147/R000000063
R000000065/1.000000/0000/Guesstimate
R000000050/5.888689/0301/R000000060/R000000065
R000000040/6.454152/0024/R000000050
<NEXT>