#
#  Reaction log file
#  Author: LigBuilder V3 User_Diana
#  Creation time: Wed Feb 25 12:22:08 2026
#  Format:
#  QueryMoleculeId/Cost/SynthesizeId/ReactantId1/ReactantId2/ReactantId3.....
#  Id prefix:
#  Q --- Query Molecule
#  M --- Material
#  R --- Reactant
#
Directory      result/synthesize_HsDHODH/139/DATABASE/
#
Q000000001/5.654626/0000/R000000001
R000000005/1.000000/0000/Guesstimate
R000000006/1.000000/0000/Guesstimate
R000000004/2.222222/0003/R000000005/R000000006
R000000007/1.000000/0000/Guesstimate
R000000003/3.580247/0012/R000000004/R000000007
R000000009/1.000000/0000/Guesstimate
R000000008/3.580247/0012/R000000004/R000000009
R000000008/3.580247/0285/R000000004/R000000009
R000000003/3.978053/0147/R000000008
R000000010/1.000000/0000/Guesstimate
R000000002/5.089163/0159/R000000003/R000000010
R000000013/1.000000/0000/Guesstimate
R000000014/1.000000/0000/Guesstimate
R000000012/2.222222/0279/R000000013/R000000014
R000000012/2.222222/0279/R000000013/R000000014
R000000011/2.469136/0079/R000000012
R000000016/1.000000/0000/Guesstimate
R000000015/2.222222/0279/R000000016/R000000014
R000000015/2.222222/0279/R000000016/R000000014
R000000011/2.469136/0082/R000000015
R000000018/1.000000/0000/Guesstimate
R000000017/2.222222/0112/R000000018/R000000006
R000000019/1.000000/0000/Guesstimate
R000000021/1.000000/0000/Guesstimate
R000000020/2.222222/0004/R000000021/R000000006
R000000017/3.580247/0049/R000000019/R000000020
R000000002/5.212621/0159/R000000011/R000000017
R000000001/5.654626/0147/R000000002
R000000025/1.000000/0000/Guesstimate
R000000024/1.111111/0125/R000000025
R000000026/1.000000/0000/Guesstimate
R000000024/2.222222/0112/R000000026/R000000025
R000000023/3.703704/0159/R000000024/R000000017
R000000028/1.000000/0000/Guesstimate
R000000027/3.580247/0012/R000000004/R000000028
R000000027/3.580247/0285/R000000004/R000000028
R000000023/5.089163/0159/R000000027/R000000010
R000000022/5.226338/0049/R000000023/R000000021
R000000030/4.115227/0041/R000000023
R000000030/4.115227/0233/R000000023
R000000029/4.572474/0155/R000000030
R000000022/6.191638/0112/R000000029/R000000026
R000000001/5.807042/0147/R000000022
Q000000002/5.654626/0000/R000000001
Q000000003/8.403756/0000/R000000031
R000000035/1.000000/0000/Guesstimate
R000000034/5.226338/0138/R000000023/R000000035
R000000036/1.000000/0000/Guesstimate
R000000034/6.765737/0277/R000000002/R000000036
R000000033/5.807042/0147/R000000034
M000000038/1.000000/0000/Sigma_BB-28775620
R000000037/5.226338/0049/R000000023/M000000038
R000000039/1.000000/0000/Guesstimate
R000000037/6.191638/0112/R000000029/R000000039
R000000033/5.807042/0147/R000000037
M000000040/1.000000/0000/Sigma_BB-28764727
R000000032/7.563380/0003/R000000033/M000000040
R000000043/1.000000/0000/Guesstimate
R000000042/5.226338/0138/R000000023/R000000043
R000000044/1.000000/0000/Guesstimate
R000000042/6.765737/0277/R000000002/R000000044
R000000041/5.807042/0147/R000000042
R000000045/6.191638/0003/R000000029/R000000021
R000000045/6.918153/0049/R000000022/M000000038
R000000041/6.879599/0147/R000000045
M000000046/1.000000/0000/Sigma_BB-70573194
R000000032/7.563380/0112/R000000041/M000000046
R000000031/8.403756/0099/R000000032
R000000048/6.191638/0301/R000000029/R000000036
R000000048/6.191638/0301/R000000029/R000000036
M000000049/1.000000/0000/Sigma_BB-28507894
R000000047/7.990710/0003/R000000048/M000000049
R000000052/1.000000/0000/Guesstimate
R000000051/6.191638/0301/R000000029/R000000052
R000000053/1.000000/0000/Guesstimate
R000000051/7.990710/0277/R000000048/R000000053
R000000050/6.879599/0024/R000000051
R000000050/7.990710/0004/R000000048/R000000010
R000000054/1.000000/0000/Guesstimate
R000000047/8.755110/0003/R000000050/R000000054
R000000031/8.878567/0099/R000000047
<NEXT>