#
#  Reaction log file
#  Author: LigBuilder V3 User_Diana
#  Creation time: Wed Feb 25 12:20:46 2026
#  Format:
#  QueryMoleculeId/Cost/SynthesizeId/ReactantId1/ReactantId2/ReactantId3.....
#  Id prefix:
#  Q --- Query Molecule
#  M --- Material
#  R --- Reactant
#
Directory      result/synthesize_HsDHODH/113/DATABASE/
#
Q000000001/4.159427/0000/R000000001
M000000005/1.000000/0000/Sigma_BB-243035298
R000000006/1.000000/0000/Guesstimate
R000000004/2.222222/0122/M000000005/R000000006
R000000004/2.222222/0122/M000000005/R000000006
R000000003/2.469136/0082/R000000004
R000000008/1.000000/0000/Guesstimate
R000000007/2.222222/0122/M000000005/R000000008
R000000007/2.222222/0122/M000000005/R000000008
R000000009/1.000000/0000/Guesstimate
R000000003/3.580247/0112/R000000007/R000000009
R000000002/2.743484/0040/R000000003
R000000012/1.000000/0000/Guesstimate
R000000013/1.000000/0000/Guesstimate
R000000011/2.222222/0170/R000000012/R000000013
R000000014/1.000000/0000/Guesstimate
R000000015/1.000000/0000/Guesstimate
R000000011/2.222222/0170/R000000014/R000000015
R000000010/3.580247/0122/M000000005/R000000011
R000000010/3.580247/0122/M000000005/R000000011
R000000002/3.978053/0024/R000000010
M000000016/1.000000/0000/Sigma_BB-28760249
R000000001/4.159427/0003/R000000002/M000000016
R000000018/1.000000/0000/Guesstimate
R000000017/3.580247/0004/R000000007/R000000018
M000000021/1.000000/0000/Sigma_BB-28516749
R000000020/2.222222/0170/R000000014/M000000021
R000000020/2.222222/0277/R000000008/R000000015
R000000019/3.580247/0122/M000000005/R000000020
R000000019/3.580247/0122/M000000005/R000000020
R000000017/3.978053/0024/R000000019
M000000022/1.000000/0000/Sigma_BB-27340854
R000000001/5.089163/0049/R000000017/M000000022
Q000000002/4.159427/0000/R000000001
Q000000003/4.159427/0000/R000000001
<NEXT>