#
#  Reaction log file
#  Author: LigBuilder V3 User_Diana
#  Creation time: Wed Feb 25 12:23:38 2026
#  Format:
#  QueryMoleculeId/Cost/SynthesizeId/ReactantId1/ReactantId2/ReactantId3.....
#  Id prefix:
#  Q --- Query Molecule
#  M --- Material
#  R --- Reactant
#
Directory      result/synthesize_HsDHODH/187/DATABASE/
#
Q000000001/4.328778/0000/R000000001
R000000006/1.000000/0000/Guesstimate
R000000005/1.111111/0297/R000000006
R000000005/1.111111/0297/R000000006
R000000007/1.000000/0000/Guesstimate
R000000004/2.345679/0256/R000000005/R000000007
R000000003/2.606310/0295/R000000004
R000000002/2.895900/0082/R000000003
R000000009/1.000000/0000/Guesstimate
R000000008/2.345679/0003/R000000005/R000000009
R000000010/1.234568/0125/R000000005
R000000011/1.000000/0000/Guesstimate
R000000010/2.345679/0112/R000000005/R000000011
R000000012/1.000000/0000/Guesstimate
R000000008/2.482853/0049/R000000010/R000000012
R000000013/1.000000/0000/Guesstimate
R000000002/3.717421/0012/R000000008/R000000013
R000000001/4.328778/0004/R000000002/R000000009
R000000015/2.345679/0004/R000000005/R000000009
R000000017/1.000000/0000/Guesstimate
R000000016/2.345679/0003/R000000005/R000000017
R000000015/2.606310/0040/R000000016
R000000014/3.717421/0003/R000000015/R000000009
R000000014/3.717421/0004/R000000008/R000000009
R000000001/5.241580/0012/R000000014/R000000013
Q000000002/6.210455/0000/R000000018
R000000022/1.000000/0000/Guesstimate
R000000021/3.717421/0256/R000000015/R000000022
R000000020/4.130468/0293/R000000021
R000000019/4.589409/0219/R000000020
R000000024/3.717421/0004/R000000015/R000000009
R000000025/1.000000/0000/Guesstimate
R000000026/1.000000/0000/Guesstimate
R000000024/4.828533/0225/R000000015/R000000025/R000000026
R000000023/5.241580/0285/R000000024/R000000013
R000000019/5.823977/0197/R000000023
R000000018/6.210455/0003/R000000019/R000000009
R000000029/2.345679/0003/R000000005/R000000017
R000000030/1.000000/0000/Guesstimate
R000000029/2.482853/0049/R000000010/R000000030
R000000028/3.717421/0012/R000000029/R000000013
R000000032/1.000000/0000/Guesstimate
R000000031/3.717421/0226/R000000029/R000000032
R000000033/1.000000/0000/Guesstimate
R000000031/3.717421/0277/R000000029/R000000033
R000000028/4.130468/0150/R000000031
R000000027/5.241580/0049/R000000028/R000000012
M000000036/1.000000/0000/Sigma_BB-28247348
R000000035/5.241580/0206/R000000028/M000000036
R000000035/5.241580/0285/R000000028/R000000009
R000000034/5.823977/0228/R000000035
R000000034/5.823977/0286/R000000035
R000000027/7.582197/0049/R000000034/R000000013
R000000018/6.935089/0004/R000000027/R000000009
Q000000003/4.328778/0000/R000000001
<NEXT>