#
#  Reaction log file
#  Author: LigBuilder V3 User_Diana
#  Creation time: Wed Feb 25 12:22:52 2026
#  Format:
#  QueryMoleculeId/Cost/SynthesizeId/ReactantId1/ReactantId2/ReactantId3.....
#  Id prefix:
#  Q --- Query Molecule
#  M --- Material
#  R --- Reactant
#
Directory      result/synthesize_HsDHODH/165/DATABASE/
#
Q000000001/2.895900/0000/R000000001
M000000005/1.000000/0000/Sigma_BB-152386739
R000000004/1.111111/0125/M000000005
R000000006/1.000000/0000/Guesstimate
R000000004/2.222222/0112/M000000005/R000000006
R000000007/1.000000/0000/Guesstimate
R000000003/2.345679/0003/R000000004/R000000007
R000000008/1.234568/0091/R000000004
R000000009/1.000000/0000/Guesstimate
R000000003/2.482853/0112/R000000008/R000000009
R000000002/2.606310/0059/R000000003
R000000011/2.222222/0003/M000000005/R000000007
R000000010/2.469136/0059/R000000011
M000000013/1.000000/0000/Sigma_BB-152386740
R000000014/1.000000/0000/Guesstimate
R000000012/3.333333/0225/M000000013/R000000009/R000000014
R000000012/3.333333/0225/M000000013/R000000009/R000000014
R000000010/3.703704/0153/R000000012
R000000002/3.854596/0112/R000000010/R000000006
R000000001/2.895900/0040/R000000002
R000000018/1.000000/0000/Guesstimate
R000000019/1.000000/0000/Guesstimate
R000000017/2.222222/0174/R000000018/R000000019
R000000017/2.222222/0289/R000000018/R000000019
R000000016/2.469136/0197/R000000017
R000000020/7.400000/0000/Guesstimate
R000000016/8.222222/0091/R000000020
R000000015/5.486969/0112/R000000010/R000000016
R000000001/6.096632/0025/R000000015
Q000000002/2.895900/0000/R000000001
Q000000003/2.895900/0000/R000000021
R000000024/1.000000/0000/Guesstimate
R000000023/2.345679/0003/R000000004/R000000024
R000000025/1.000000/0000/Guesstimate
R000000023/2.482853/0112/R000000008/R000000025
R000000022/2.606310/0059/R000000023
R000000027/2.222222/0003/M000000005/R000000024
R000000028/1.000000/0000/Guesstimate
R000000027/2.222222/0112/M000000013/R000000028
R000000026/2.469136/0059/R000000027
R000000030/1.000000/0000/Guesstimate
R000000029/2.222222/0004/M000000013/R000000030
R000000029/3.333333/0225/M000000013/R000000025/R000000014
R000000026/2.469136/0153/R000000029
R000000022/3.854596/0112/R000000026/R000000006
R000000021/2.895900/0040/R000000022
R000000031/5.486969/0112/R000000026/R000000016
R000000021/6.096632/0025/R000000031
Q000000004/2.895900/0000/R000000001
<NEXT>