#
#  Reaction log file
#  Author: LigBuilder V3 User_Diana
#  Creation time: Wed Feb 25 12:22:57 2026
#  Format:
#  QueryMoleculeId/Cost/SynthesizeId/ReactantId1/ReactantId2/ReactantId3.....
#  Id prefix:
#  Q --- Query Molecule
#  M --- Material
#  R --- Reactant
#
Directory      result/synthesize_HsDHODH/160/DATABASE/
#
Q000000001/4.267643/0000/R000000001
M000000004/1.000000/0000/Sigma_BB-28766408
R000000005/1.000000/0000/Guesstimate
R000000003/2.222222/0004/M000000004/R000000005
M000000007/1.000000/0000/Sigma_BB-28766611
R000000006/1.111111/0093/M000000007
R000000008/1.000000/0000/Guesstimate
R000000006/2.222222/0004/M000000004/R000000008
R000000009/1.000000/0000/Guesstimate
R000000003/2.345679/0004/R000000006/R000000009
M000000012/1.000000/0000/Sigma_BB-28493762
R000000011/1.111111/0288/M000000012
R000000010/1.234568/0024/R000000011
R000000013/1.111111/0024/M000000012
R000000010/1.234568/0288/R000000013
R000000002/3.840878/0212/R000000003/R000000010
R000000002/3.840878/0212/R000000003/R000000010
R000000001/4.267643/0028/R000000002
R000000016/2.469136/0197/R000000003
R000000015/3.854596/0004/R000000016/R000000008
M000000018/1.000000/0000/Sigma_BB-28524129
R000000017/3.580247/0212/R000000003/M000000018
R000000017/3.580247/0212/R000000003/M000000018
R000000015/3.978053/0024/R000000017
M000000021/1.000000/0000/Sigma_BB-28764950
R000000022/1.000000/0000/Guesstimate
R000000020/2.222222/0212/M000000021/R000000022
R000000020/2.222222/0212/M000000021/R000000022
R000000019/2.469136/0085/R000000020
R000000024/1.000000/0000/Guesstimate
R000000023/3.580247/0004/R000000020/R000000024
R000000019/3.978053/0197/R000000023
R000000014/7.026369/0212/R000000015/R000000019
R000000014/7.026369/0212/R000000015/R000000019
R000000001/7.807076/0028/R000000014
Q000000002/4.267643/0000/R000000001
Q000000003/4.267643/0000/R000000001
<NEXT>