#
#  Reaction log file
#  Author: LigBuilder V3 User_Diana
#  Creation time: Wed Feb 25 12:26:09 2026
#  Format:
#  QueryMoleculeId/Cost/SynthesizeId/ReactantId1/ReactantId2/ReactantId3.....
#  Id prefix:
#  Q --- Query Molecule
#  M --- Material
#  R --- Reactant
#
Directory      result/synthesize_HsDHODH/269/DATABASE/
#
Q000000001/7.468375/0000/R000000001
M000000005/1.000000/0000/Sigma_BB-29303682
R000000006/1.000000/0000/Guesstimate
R000000004/2.222222/0056/M000000005/R000000006
M000000010/1.000000/0000/Sigma_BB-28468737
R000000009/2.222222/0056/M000000010/R000000006
M000000011/1.000000/0000/Sigma_BB-338507742
R000000009/2.222222/0080/M000000011/R000000006
R000000008/2.469136/0024/R000000009
M000000013/1.000000/0000/Sigma_BB-28864134
R000000012/2.222222/0056/M000000013/R000000006
M000000015/1.000000/0000/Sigma_BB-184773838
R000000016/1.000000/0000/Guesstimate
R000000014/2.222222/0112/M000000015/R000000016
M000000017/1.000000/0000/Sigma_BB-244167114
R000000014/2.222222/0112/M000000017/R000000016
R000000012/2.469136/0041/R000000014
R000000008/2.469136/0040/R000000012
R000000018/1.000000/0000/Guesstimate
R000000007/3.854596/0001/R000000008/R000000018
R000000019/1.000000/0000/Guesstimate
R000000007/3.854596/0003/R000000008/R000000019
R000000004/4.282884/0099/R000000007
R000000020/1.000000/0000/Guesstimate
R000000003/3.580247/0003/R000000004/R000000020
R000000022/1.000000/0000/Guesstimate
R000000021/3.580247/0012/R000000012/R000000022
M000000024/1.000000/0000/Sigma_BB-316038152
R000000023/2.222222/0056/M000000024/R000000006
M000000027/1.000000/0000/Sigma_BB-243424637
R000000028/1.000000/0000/Guesstimate
R000000026/2.222222/0003/M000000027/R000000028
R000000029/2.222222/0003/M000000015/R000000028
M000000031/1.000000/0000/Sigma_BB-327401854
R000000030/2.222222/0003/M000000031/R000000028
R000000029/2.469136/0079/R000000030
R000000026/2.469136/0041/R000000029
R000000025/2.469136/0041/R000000026
R000000025/2.469136/0233/R000000026
R000000023/2.743484/0139/R000000025
R000000032/1.000000/0000/Guesstimate
R000000021/3.580247/0279/R000000023/R000000032
R000000003/5.089163/0011/R000000021/R000000006
R000000035/1.000000/0000/Guesstimate
R000000036/1.000000/0000/Guesstimate
R000000034/2.222222/0004/R000000035/R000000036
R000000037/1.000000/0000/Guesstimate
R000000038/1.000000/0000/Guesstimate
R000000034/2.222222/0122/R000000037/R000000038
R000000033/2.469136/0009/R000000034
R000000040/1.000000/0000/Guesstimate
R000000039/2.222222/0112/R000000040/R000000016
R000000041/1.000000/0000/Guesstimate
R000000039/2.222222/0112/R000000016/R000000041
R000000033/2.469136/0041/R000000039
R000000002/6.721537/0012/R000000003/R000000033
R000000043/1.000000/0000/Guesstimate
R000000042/3.854596/0012/R000000043/R000000033
R000000045/1.000000/0000/Guesstimate
R000000044/3.854596/0012/R000000045/R000000033
R000000044/3.854596/0012/R000000045/R000000033
R000000042/4.282884/0041/R000000044
R000000002/6.752020/0012/R000000012/R000000042
R000000001/7.468375/0224/R000000002
R000000049/1.000000/0000/Guesstimate
R000000048/3.854596/0285/R000000049/R000000033
R000000047/4.282884/0224/R000000048
R000000046/7.227896/0279/R000000023/R000000047
R000000046/7.227896/0279/R000000023/R000000047
R000000001/9.142107/0256/R000000046/R000000006
Q000000002/3.854596/0000/R000000050
R000000053/1.000000/0000/Guesstimate
R000000054/1.000000/0000/Guesstimate
R000000052/2.222222/0224/R000000053/R000000054
R000000056/1.000000/0000/Guesstimate
R000000055/2.222222/0224/R000000053/R000000056
R000000052/2.469136/0039/R000000055
R000000051/2.469136/0024/R000000052
R000000059/1.000000/0000/Guesstimate
R000000058/2.222222/0224/R000000053/R000000059
R000000060/1.000000/0000/Guesstimate
R000000057/3.580247/0174/R000000058/R000000060
R000000061/1.111111/0287/R000000060
R000000057/3.703704/0112/R000000058/R000000061
R000000051/3.978053/0025/R000000057
M000000062/1.000000/0000/Sigma_BB-28776791
R000000050/3.854596/0004/R000000051/M000000062
R000000064/1.000000/0000/Guesstimate
R000000063/3.854596/0004/R000000051/R000000064
R000000067/1.000000/0000/Guesstimate
R000000066/3.580247/0277/R000000052/R000000067
R000000065/3.978053/0155/R000000066
R000000069/1.000000/0000/Guesstimate
R000000068/3.854596/0004/R000000051/R000000069
R000000070/1.000000/0000/Guesstimate
R000000065/5.393995/0212/R000000068/R000000070
R000000063/4.420059/0024/R000000065
R000000050/5.393995/0004/R000000063/R000000018
Q000000003/3.854596/0000/R000000050
<NEXT>