#
#  Reaction log file
#  Author: LigBuilder V3 User_Diana
#  Creation time: Wed Feb 25 12:22:03 2026
#  Format:
#  QueryMoleculeId/Cost/SynthesizeId/ReactantId1/ReactantId2/ReactantId3.....
#  Id prefix:
#  Q --- Query Molecule
#  M --- Material
#  R --- Reactant
#
Directory      result/synthesize_HsDHODH/138/DATABASE/
#
Q000000001/7.331201/0000/R000000001
R000000005/1.000000/0000/Guesstimate
R000000006/1.000000/0000/Guesstimate
R000000004/2.222222/0279/R000000005/R000000006
R000000004/2.222222/0279/R000000005/R000000006
R000000008/1.000000/0000/Guesstimate
R000000009/1.000000/0000/Guesstimate
R000000007/2.222222/0112/R000000008/R000000009
R000000003/4.938272/0159/R000000004/R000000007
R000000003/4.938272/0159/R000000004/R000000007
R000000010/1.000000/0000/Guesstimate
R000000002/6.598080/0003/R000000003/R000000010
R000000013/1.000000/0000/Guesstimate
R000000012/2.222222/0279/R000000005/R000000013
R000000012/2.222222/0279/R000000005/R000000013
R000000011/4.938272/0159/R000000012/R000000007
R000000014/1.000000/0000/Guesstimate
R000000002/6.598080/0112/R000000011/R000000014
R000000001/7.331201/0147/R000000002
R000000016/5.486969/0197/R000000003
R000000017/1.000000/0000/Guesstimate
R000000015/7.207744/0003/R000000016/R000000017
R000000018/5.486969/0079/R000000011
R000000019/1.000000/0000/Guesstimate
R000000018/6.598080/0112/R000000011/R000000019
M000000020/1.000000/0000/Sigma_BB-28769104
R000000015/7.207744/0049/R000000018/M000000020
R000000001/8.008604/0147/R000000015
Q000000002/7.331201/0000/R000000001
Q000000003/7.331201/0000/R000000021
R000000023/1.000000/0000/Guesstimate
R000000022/6.598080/0003/R000000003/R000000023
R000000025/5.486969/0092/R000000011
R000000026/1.000000/0000/Guesstimate
R000000025/7.207744/0004/R000000016/R000000026
R000000024/6.096632/0085/R000000025
R000000027/1.000000/0000/Guesstimate
R000000024/7.207744/0004/R000000016/R000000027
R000000028/1.000000/0000/Guesstimate
R000000022/7.885148/0049/R000000024/R000000028
R000000021/7.331201/0147/R000000022
M000000030/1.000000/0000/Sigma_BB-28843655
R000000029/7.207744/0003/R000000016/M000000030
R000000031/2.222222/0004/R000000027/R000000023
M000000033/1.000000/0000/Sigma_BB-28516749
R000000034/1.000000/0000/Guesstimate
R000000032/2.222222/0170/M000000033/R000000034
R000000035/1.000000/0000/Guesstimate
R000000032/2.222222/0277/R000000035/R000000023
R000000031/2.469136/0024/R000000032
R000000029/8.565768/0049/R000000018/R000000031
R000000021/8.008604/0147/R000000029
Q000000004/5.791801/0000/R000000036
R000000040/1.000000/0000/Guesstimate
R000000041/1.000000/0000/Guesstimate
R000000039/2.222222/0279/R000000040/R000000041
R000000039/2.222222/0279/R000000040/R000000041
R000000038/2.469136/0079/R000000039
R000000043/1.000000/0000/Guesstimate
R000000042/2.222222/0279/R000000043/R000000041
R000000042/2.222222/0279/R000000043/R000000041
R000000038/2.469136/0082/R000000042
R000000037/5.212621/0159/R000000038/R000000007
R000000037/7.207744/0112/R000000016/R000000008
R000000036/5.791801/0147/R000000037
R000000045/1.000000/0000/Guesstimate
R000000044/7.207744/0003/R000000016/R000000045
R000000044/7.207744/0049/R000000018/R000000027
R000000036/8.008604/0147/R000000044
<NEXT>