#
#  Reaction log file
#  Author: LigBuilder V3 User_Diana
#  Creation time: Wed Feb 25 12:23:01 2026
#  Format:
#  QueryMoleculeId/Cost/SynthesizeId/ReactantId1/ReactantId2/ReactantId3.....
#  Id prefix:
#  Q --- Query Molecule
#  M --- Material
#  R --- Reactant
#
Directory      result/synthesize_HsDHODH/159/DATABASE/
#
Q000000001/7.163543/0000/R000000001
R000000004/1.000000/0000/Guesstimate
R000000005/1.000000/0000/Guesstimate
R000000003/2.222222/0112/R000000004/R000000005
M000000008/1.000000/0000/Sigma_BB-137970278
R000000007/1.111111/0188/M000000008
M000000009/1.000000/0000/Sigma_BB-28780331
R000000007/1.111111/0295/M000000009
R000000006/1.234568/0091/R000000007
R000000010/1.111111/0086/M000000008
R000000010/1.111111/0091/M000000008
R000000006/1.234568/0188/R000000010
R000000011/1.000000/0000/Guesstimate
R000000003/2.482853/0112/R000000006/R000000011
R000000014/1.000000/0000/Guesstimate
M000000015/1.000000/0000/Sigma_BB-28757048
R000000013/2.222222/0274/R000000014/M000000015
M000000016/1.000000/0000/Sigma_BB-28247348
R000000012/3.580247/0206/R000000013/M000000016
R000000012/3.580247/0206/R000000013/M000000016
R000000002/6.447188/0279/R000000003/R000000012
R000000018/2.222222/0206/R000000014/M000000016
R000000018/2.222222/0206/R000000014/M000000016
R000000017/4.938272/0279/R000000003/R000000018
R000000017/4.938272/0279/R000000003/R000000018
R000000002/6.598080/0274/R000000017/M000000015
R000000001/7.163543/0119/R000000002
R000000020/5.486969/0119/R000000017
R000000021/4.938272/0119/R000000003/R000000018
R000000021/4.938272/0280/R000000003/R000000018
R000000020/5.486969/0279/R000000021
R000000024/1.000000/0000/Guesstimate
R000000025/1.000000/0000/Guesstimate
R000000023/2.222222/0158/R000000024/R000000025
R000000023/2.222222/0158/R000000024/R000000025
R000000022/2.469136/0188/R000000023
R000000027/1.000000/0000/Guesstimate
R000000026/2.222222/0158/R000000027/R000000025
R000000026/2.222222/0158/R000000027/R000000025
R000000022/2.469136/0188/R000000026
R000000019/8.840117/0274/R000000020/R000000022
R000000001/9.822353/0160/R000000019
Q000000002/7.163543/0000/R000000001
Q000000003/Analysis Failed
Q000000004/4.267643/0000/R000000028
M000000031/1.000000/0000/Sigma_BB-28766408
R000000032/1.000000/0000/Guesstimate
R000000030/2.222222/0004/M000000031/R000000032
M000000034/1.000000/0000/Sigma_BB-28766611
R000000033/1.111111/0093/M000000034
R000000035/1.000000/0000/Guesstimate
R000000033/2.222222/0004/M000000031/R000000035
R000000036/1.000000/0000/Guesstimate
R000000030/2.345679/0004/R000000033/R000000036
M000000039/1.000000/0000/Sigma_BB-28493762
R000000038/1.111111/0288/M000000039
R000000037/1.234568/0024/R000000038
R000000040/1.111111/0024/M000000039
R000000037/1.234568/0288/R000000040
R000000029/3.840878/0212/R000000030/R000000037
R000000029/3.840878/0212/R000000030/R000000037
R000000028/4.267643/0028/R000000029
R000000043/2.469136/0197/R000000030
R000000042/3.854596/0004/R000000043/R000000035
M000000045/1.000000/0000/Sigma_BB-28524129
R000000044/3.580247/0212/R000000030/M000000045
R000000044/3.580247/0212/R000000030/M000000045
R000000042/3.978053/0024/R000000044
M000000048/1.000000/0000/Sigma_BB-28764950
R000000049/1.000000/0000/Guesstimate
R000000047/2.222222/0212/M000000048/R000000049
R000000047/2.222222/0212/M000000048/R000000049
R000000046/2.469136/0085/R000000047
R000000051/1.000000/0000/Guesstimate
R000000050/3.580247/0004/R000000047/R000000051
R000000046/3.978053/0197/R000000050
R000000041/7.026369/0212/R000000042/R000000046
R000000041/7.026369/0212/R000000042/R000000046
R000000028/7.807076/0028/R000000041
<NEXT>