#
#  Reaction log file
#  Author: LigBuilder V3 User_Diana
#  Creation time: Wed Feb 25 12:24:02 2026
#  Format:
#  QueryMoleculeId/Cost/SynthesizeId/ReactantId1/ReactantId2/ReactantId3.....
#  Id prefix:
#  Q --- Query Molecule
#  M --- Material
#  R --- Reactant
#
Directory      result/synthesize_HsDHODH/197/DATABASE/
#
Q000000001/Analysis Failed
Q000000002/Analysis Failed
Q000000003/6.096632/0000/R000000001
M000000005/1.000000/0000/Sigma_BB-28758779
M000000006/1.000000/0000/Sigma_BB-29431773
R000000004/2.222222/0112/M000000005/M000000006
R000000003/2.469136/0112/R000000004
R000000007/2.222222/0112/M000000005/M000000006
R000000003/2.469136/0112/R000000007
R000000010/1.000000/0000/Guesstimate
M000000011/1.000000/0000/Sigma_BB-244172298
R000000009/2.222222/0003/R000000010/M000000011
R000000008/2.469136/0059/R000000009
R000000013/1.000000/0000/Guesstimate
R000000012/2.222222/0112/R000000013/M000000011
R000000008/2.469136/0147/R000000012
R000000002/5.486969/0224/R000000003/R000000008
R000000016/1.000000/0000/Guesstimate
R000000015/3.580247/0224/R000000004/R000000016
R000000014/3.978053/0112/R000000015
R000000018/1.000000/0000/Guesstimate
R000000017/3.854596/0224/R000000003/R000000018
R000000014/4.282884/0155/R000000017
M000000021/1.000000/0000/Sigma_BB-292997914
R000000020/1.111111/0044/M000000021
R000000019/1.234568/0152/R000000020
R000000023/1.000000/0000/Guesstimate
M000000024/1.000000/0000/Sigma_BB-34690455
R000000022/2.222222/0056/R000000023/M000000024
M000000025/1.000000/0000/Sigma_BB-158304785
R000000022/2.222222/0080/M000000025/R000000023
R000000019/2.469136/0155/R000000022
R000000002/5.791801/0301/R000000014/R000000019
R000000001/6.096632/0041/R000000002
R000000029/1.000000/0000/Guesstimate
R000000030/1.000000/0000/Guesstimate
R000000028/2.222222/0112/R000000029/R000000030
R000000032/1.000000/0000/Guesstimate
R000000031/2.222222/0256/R000000032/R000000023
R000000033/1.000000/0000/Guesstimate
R000000031/2.222222/0285/R000000033/R000000023
R000000027/4.938272/0279/R000000028/R000000031
R000000027/4.938272/0279/R000000028/R000000031
R000000026/8.230453/0224/R000000027/R000000008
R000000034/5.212621/0224/R000000028/R000000008
R000000035/4.938272/0224/R000000028/R000000012
R000000034/5.486969/0147/R000000035
R000000026/8.260937/0279/R000000034/R000000031
R000000001/9.144949/0112/R000000026
<NEXT>