#
#  Reaction log file
#  Author: LigBuilder V3 User_Diana
#  Creation time: Wed Feb 25 12:28:35 2026
#  Format:
#  QueryMoleculeId/Cost/SynthesizeId/ReactantId1/ReactantId2/ReactantId3.....
#  Id prefix:
#  Q --- Query Molecule
#  M --- Material
#  R --- Reactant
#
Directory      result/synthesize_HsDHODH/293/DATABASE/
#
Q000000001/Analysis Failed
Q000000002/2.758726/0000/R000000001
M000000003/1.000000/0000/Sigma_BB-29208612
R000000006/1.000000/0000/Guesstimate
R000000005/1.111111/0198/R000000006
R000000005/1.111111/0298/R000000006
R000000004/1.234568/0155/R000000005
R000000008/1.000000/0000/Guesstimate
R000000009/1.000000/0000/Guesstimate
R000000007/2.222222/0003/R000000008/R000000009
R000000010/1.000000/0000/Guesstimate
R000000007/2.222222/0277/R000000008/R000000010
R000000004/2.469136/0224/R000000007
R000000002/2.482853/0003/M000000003/R000000004
R000000012/1.111111/0093/M000000003
M000000013/1.000000/0000/Sigma_BB-28798855
R000000014/1.000000/0000/Guesstimate
R000000012/2.222222/0004/M000000013/R000000014
R000000011/1.234568/0085/R000000012
R000000015/1.000000/0000/Guesstimate
R000000011/2.222222/0004/M000000013/R000000015
R000000018/1.000000/0000/Guesstimate
R000000017/2.482853/0004/R000000018/R000000004
R000000017/2.482853/0277/R000000018/R000000004
R000000016/2.758726/0009/R000000017
R000000019/2.482853/0122/R000000010/R000000004
R000000016/2.758726/0082/R000000019
R000000002/4.436994/0049/R000000011/R000000016
R000000001/2.758726/0099/R000000002
M000000021/1.000000/0000/Sigma_BB-28867296
R000000022/2.482853/0004/R000000015/R000000004
R000000024/1.000000/0000/Guesstimate
R000000023/2.482853/0277/R000000024/R000000004
R000000025/1.000000/0000/Guesstimate
R000000023/2.482853/0301/R000000025/R000000004
R000000022/2.758726/0024/R000000023
R000000020/3.869837/0049/M000000021/R000000022
R000000028/1.000000/0000/Guesstimate
R000000027/2.482853/0301/R000000028/R000000004
R000000027/2.482853/0301/R000000028/R000000004
R000000026/2.758726/0260/R000000027
R000000026/3.065251/0040/R000000016
R000000020/4.176363/0003/M000000013/R000000026
R000000001/4.299819/0099/R000000020
Q000000003/2.758726/0000/R000000001
<NEXT>