#
#  Reaction log file
#  Author: LigBuilder V3 User_Diana
#  Creation time: Wed Feb 25 12:24:44 2026
#  Format:
#  QueryMoleculeId/Cost/SynthesizeId/ReactantId1/ReactantId2/ReactantId3.....
#  Id prefix:
#  Q --- Query Molecule
#  M --- Material
#  R --- Reactant
#
Directory      result/synthesize_HsDHODH/232/DATABASE/
#
Q000000001/3.048316/0000/R000000001
M000000005/1.000000/0000/Sigma_BB-235311397
R000000004/1.111111/0125/M000000005
R000000006/1.000000/0000/Guesstimate
R000000004/2.222222/0112/M000000005/R000000006
R000000003/1.234568/0040/R000000004
M000000008/1.000000/0000/Sigma_BB-28599874
R000000009/1.000000/0000/Guesstimate
R000000007/2.222222/0003/M000000008/R000000009
R000000003/2.469136/0059/R000000007
R000000012/1.000000/0000/Guesstimate
R000000011/1.111111/0288/R000000012
R000000010/1.234568/0237/R000000011
R000000013/9.300000/0000/Guesstimate
R000000010/9.300000/0090/R000000013
R000000002/2.743484/0003/R000000003/R000000010
R000000015/1.000000/0000/Guesstimate
R000000014/2.482853/0001/R000000003/R000000015
R000000016/1.000000/0000/Guesstimate
R000000014/2.482853/0003/R000000003/R000000016
R000000019/1.000000/0000/Guesstimate
R000000020/1.000000/0000/Guesstimate
R000000018/2.222222/0256/R000000019/R000000020
R000000017/2.469136/0276/R000000018
R000000021/8.000000/0000/Guesstimate
R000000017/8.888889/0260/R000000021
R000000002/5.502210/0042/R000000014/R000000017
R000000001/3.048316/0099/R000000002
M000000025/1.000000/0000/Sigma_BB-28665883
R000000024/2.222222/0003/M000000025/R000000009
M000000026/1.000000/0000/Sigma_BB-184773838
R000000027/1.000000/0000/Guesstimate
R000000024/2.222222/0049/M000000026/R000000027
R000000023/3.580247/0003/R000000024/R000000009
R000000028/2.222222/0003/M000000025/R000000009
M000000029/1.000000/0000/Sigma_BB-244167114
R000000028/2.222222/0049/M000000029/R000000027
R000000023/3.580247/0003/R000000028/R000000009
R000000022/5.349795/0122/R000000023/R000000010
R000000022/5.349795/0122/R000000023/R000000010
R000000001/5.944217/0059/R000000022
Q000000002/3.048316/0000/R000000001
Q000000003/3.048316/0000/R000000001
<NEXT>