#
#  Reaction log file
#  Author: LigBuilder V3 User_Diana
#  Creation time: Wed Feb 25 12:13:12 2026
#  Format:
#  QueryMoleculeId/Cost/SynthesizeId/ReactantId1/ReactantId2/ReactantId3.....
#  Id prefix:
#  Q --- Query Molecule
#  M --- Material
#  R --- Reactant
#
Directory      result/synthesize_HsDHODH/16/DATABASE/
#
Q000000001/3.048316/0000/R000000001
M000000005/1.000000/0000/Sigma_BB-152386739
M000000006/1.000000/0000/Sigma_BB-156333960
R000000004/2.222222/0003/M000000005/M000000006
M000000007/1.000000/0000/Sigma_BB-152386740
M000000008/1.000000/0000/Sigma_BB-28711547
R000000004/2.222222/0112/M000000007/M000000008
R000000003/2.469136/0147/R000000004
M000000010/1.000000/0000/Sigma_BB-156333806
R000000009/2.222222/0003/M000000007/M000000010
R000000003/2.469136/0147/R000000009
R000000002/2.743484/0125/R000000003
R000000011/1.000000/0000/Guesstimate
R000000002/3.854596/0112/R000000003/R000000011
R000000001/3.048316/0040/R000000002
R000000015/1.000000/0000/Guesstimate
R000000016/1.000000/0000/Guesstimate
R000000014/2.222222/0174/R000000015/R000000016
R000000014/2.222222/0289/R000000015/R000000016
R000000013/2.469136/0197/R000000014
R000000017/7.400000/0000/Guesstimate
R000000013/8.222222/0091/R000000017
R000000012/5.486969/0112/R000000003/R000000013
R000000001/6.096632/0025/R000000012
Q000000002/4.420059/0000/R000000018
R000000022/1.000000/0000/Guesstimate
R000000021/2.222222/0004/M000000007/R000000022
R000000023/1.000000/0000/Guesstimate
R000000024/1.000000/0000/Guesstimate
R000000021/3.333333/0225/M000000007/R000000023/R000000024
R000000025/1.000000/0000/Guesstimate
R000000020/3.580247/0212/R000000021/R000000025
R000000027/1.000000/0000/Guesstimate
R000000026/2.222222/0004/M000000007/R000000027
R000000028/1.000000/0000/Guesstimate
R000000026/3.333333/0225/M000000007/R000000028/R000000024
R000000029/1.000000/0000/Guesstimate
R000000020/3.580247/0212/R000000026/R000000029
R000000019/3.978053/0125/R000000020
R000000019/5.089163/0112/R000000020/R000000011
R000000018/4.420059/0040/R000000019
R000000030/6.721537/0112/R000000020/R000000013
R000000018/7.468375/0025/R000000030
Q000000003/4.572474/0000/R000000031
R000000034/1.111111/0093/M000000005
R000000035/1.000000/0000/Guesstimate
R000000034/2.222222/0004/M000000007/R000000035
M000000037/1.000000/0000/Sigma_BB-28776791
R000000038/1.000000/0000/Guesstimate
R000000036/2.222222/0274/M000000037/R000000038
M000000039/1.000000/0000/Sigma_BB-31286382
R000000040/1.000000/0000/Guesstimate
R000000036/2.222222/0275/M000000039/R000000040
R000000033/3.703704/0212/R000000034/R000000036
M000000042/1.000000/0000/Sigma_BB-28457967
R000000041/2.345679/0212/R000000034/M000000042
R000000041/2.345679/0212/R000000034/M000000042
R000000044/1.000000/0000/Guesstimate
R000000043/2.222222/0274/R000000038/R000000044
R000000043/2.469136/0073/R000000036
R000000033/5.075447/0212/R000000041/R000000043
R000000032/4.115227/0125/R000000033
R000000032/5.226338/0112/R000000033/R000000011
R000000031/4.572474/0040/R000000032
R000000045/6.858711/0112/R000000033/R000000013
R000000047/1.234568/0197/R000000034
R000000046/4.115227/0112/R000000047/R000000013
R000000048/3.978053/0112/R000000034/R000000013
R000000046/4.420059/0197/R000000048
R000000051/1.000000/0000/Guesstimate
R000000050/2.222222/0274/R000000051/R000000038
R000000050/2.469136/0255/R000000043
R000000049/2.469136/0147/R000000050
R000000053/1.000000/0000/Guesstimate
R000000052/3.580247/0212/R000000053/R000000043
R000000052/3.580247/0212/R000000053/R000000043
R000000049/3.978053/0155/R000000052
R000000045/7.315959/0301/R000000046/R000000049
R000000031/7.620790/0025/R000000045
<NEXT>