#
#  Reaction log file
#  Author: LigBuilder V3 User_Diana
#  Creation time: Wed Feb 25 12:26:33 2026
#  Format:
#  QueryMoleculeId/Cost/SynthesizeId/ReactantId1/ReactantId2/ReactantId3.....
#  Id prefix:
#  Q --- Query Molecule
#  M --- Material
#  R --- Reactant
#
Directory      result/synthesize_HsDHODH/267/DATABASE/
#
Q000000001/5.944217/0000/R000000001
M000000005/1.000000/0000/Sigma_BB-28864134
R000000004/1.111111/0054/M000000005
M000000006/1.000000/0000/Sigma_BB-129539509
R000000007/1.000000/0000/Guesstimate
R000000004/2.222222/0004/M000000006/R000000007
R000000003/1.234568/0009/R000000004
M000000008/1.000000/0000/Sigma_BB-28667589
R000000009/1.000000/0000/Guesstimate
R000000003/2.222222/0003/M000000008/R000000009
R000000011/1.000000/0000/Guesstimate
R000000013/1.000000/0000/Guesstimate
R000000014/1.000000/0000/Guesstimate
R000000012/2.222222/0170/R000000013/R000000014
R000000015/1.000000/0000/Guesstimate
R000000016/1.000000/0000/Guesstimate
R000000012/2.222222/0170/R000000015/R000000016
R000000010/3.580247/0122/R000000011/R000000012
R000000018/1.000000/0000/Guesstimate
R000000017/3.580247/0122/R000000018/R000000012
R000000019/1.000000/0000/Guesstimate
R000000010/5.089163/0226/R000000017/R000000019
R000000002/5.349795/0122/R000000003/R000000010
M000000022/1.000000/0000/Sigma_BB-27190735
R000000021/3.580247/0003/M000000022/R000000012
M000000023/1.000000/0000/Sigma_BB-28668201
R000000021/3.580247/0277/M000000023/R000000012
R000000020/3.978053/0099/R000000021
M000000026/1.000000/0000/Sigma_BB-27726099
R000000025/1.111111/0086/M000000026
R000000025/1.111111/0091/M000000026
R000000024/3.703704/0112/R000000025/R000000012
R000000020/4.115227/0099/R000000024
R000000002/5.531170/0122/R000000020/R000000011
R000000001/5.944217/0122/R000000002
R000000001/5.944217/0122/R000000002
Q000000002/5.944217/0000/R000000001
Q000000003/8.298194/0000/R000000027
M000000032/1.000000/0000/Sigma_BB-299844597
R000000033/1.000000/0000/Guesstimate
R000000031/2.222222/0274/M000000032/R000000033
M000000034/1.000000/0000/Sigma_BB-243424637
R000000035/1.000000/0000/Guesstimate
R000000031/2.222222/0274/M000000034/R000000035
R000000030/2.469136/0125/R000000031
R000000036/1.000000/0000/Guesstimate
R000000030/3.580247/0112/R000000031/R000000036
R000000029/2.743484/0040/R000000030
R000000038/1.000000/0000/Guesstimate
R000000037/3.580247/0004/R000000031/R000000038
R000000039/3.580247/0003/R000000031/R000000009
R000000040/1.000000/0000/Guesstimate
R000000039/3.854596/0049/R000000030/R000000040
R000000037/3.978053/0040/R000000039
R000000029/3.978053/0216/R000000037
R000000041/3.978053/0122/R000000010
R000000041/3.978053/0122/R000000010
R000000028/7.468375/0003/R000000029/R000000041
R000000043/3.048316/0091/R000000029
R000000045/1.000000/0000/Guesstimate
R000000044/3.580247/0112/R000000031/R000000045
R000000043/3.978053/0197/R000000044
R000000042/4.498129/0112/R000000043/R000000035
R000000046/3.580247/0004/R000000031/R000000040
R000000046/3.978053/0085/R000000037
R000000047/1.000000/0000/Guesstimate
R000000042/5.089163/0049/R000000046/R000000047
R000000028/9.417979/0277/R000000042/R000000041
R000000027/8.298194/0099/R000000028
M000000052/1.000000/0000/Sigma_BB-28764950
R000000051/3.580247/0004/R000000031/M000000052
R000000050/3.978053/0197/R000000051
R000000049/4.420059/0197/R000000050
R000000048/9.331235/0301/R000000049/R000000041
R000000048/9.331235/0301/R000000049/R000000041
R000000027/9.331235/0028/R000000048
Q000000004/4.589409/0000/R000000053
M000000058/1.000000/0000/Sigma_BB-243235931
R000000057/1.111111/0125/M000000058
R000000057/2.222222/0112/M000000058/R000000036
R000000056/1.234568/0040/R000000057
M000000060/1.000000/0000/Sigma_BB-28599874
R000000059/2.222222/0112/M000000060/R000000036
M000000062/1.000000/0000/Sigma_BB-184773838
R000000061/2.222222/0112/M000000062/R000000036
M000000063/1.000000/0000/Sigma_BB-244167114
R000000061/2.222222/0112/M000000063/R000000036
R000000059/2.469136/0040/R000000061
R000000056/2.469136/0059/R000000059
R000000055/2.482853/0001/R000000056/R000000038
R000000064/1.000000/0000/Guesstimate
R000000055/2.482853/0003/R000000056/R000000064
M000000067/1.000000/0000/Sigma_BB-234720983
R000000066/1.111111/0295/M000000067
R000000065/1.234568/0295/R000000066
R000000069/1.000000/0000/Guesstimate
R000000070/1.000000/0000/Guesstimate
R000000068/2.222222/0224/R000000069/R000000070
R000000065/2.469136/0122/R000000068
R000000054/4.130468/0042/R000000055/R000000065
R000000071/3.978053/0122/R000000017
R000000071/3.978053/0122/R000000017
R000000054/5.791801/0003/R000000056/R000000071
R000000053/4.589409/0099/R000000054
R000000073/2.222222/0003/M000000062/R000000009
R000000073/3.580247/0049/R000000061/R000000040
R000000072/6.889194/0122/R000000073/R000000071
R000000072/6.889194/0122/R000000073/R000000071
R000000053/7.654661/0059/R000000072
<NEXT>