#
#  Reaction log file
#  Author: LigBuilder V3 User_Diana
#  Creation time: Wed Feb 25 12:26:28 2026
#  Format:
#  QueryMoleculeId/Cost/SynthesizeId/ReactantId1/ReactantId2/ReactantId3.....
#  Id prefix:
#  Q --- Query Molecule
#  M --- Material
#  R --- Reactant
#
Directory      result/synthesize_HsDHODH/266/DATABASE/
#
Q000000001/2.895900/0000/R000000001
M000000005/1.000000/0000/Sigma_BB-309663930
R000000004/1.111111/0125/M000000005
R000000006/1.000000/0000/Guesstimate
R000000004/2.222222/0112/M000000005/R000000006
R000000003/1.234568/0059/R000000004
M000000008/1.000000/0000/Sigma_BB-28505792
R000000007/1.111111/0114/M000000008
M000000009/1.000000/0000/Sigma_BB-70370696
R000000007/1.111111/0287/M000000009
R000000003/1.234568/0156/R000000007
R000000002/1.371742/0024/R000000003
M000000012/1.000000/0000/Sigma_BB-114105091
R000000011/2.222222/0112/M000000012/R000000006
M000000013/1.000000/0000/Sigma_BB-243331317
R000000011/2.222222/0112/M000000013/R000000006
R000000010/2.469136/0059/R000000011
R000000014/8.300000/0000/Guesstimate
R000000010/9.222222/0082/R000000014
R000000002/2.743484/0040/R000000010
R000000017/1.000000/0000/Guesstimate
R000000016/1.111111/0293/R000000017
R000000016/9.900000/0188/R000000018
R000000015/1.234568/0090/R000000016
R000000021/1.000000/0000/Guesstimate
R000000020/1.111111/0125/R000000021
R000000020/2.222222/0112/R000000006/R000000021
R000000019/1.234568/0041/R000000020
R000000019/1.234568/0233/R000000020
R000000015/1.371742/0155/R000000019
R000000001/2.895900/0003/R000000002/R000000015
R000000023/1.000000/0000/Guesstimate
R000000022/2.635269/0001/R000000002/R000000023
R000000024/1.000000/0000/Guesstimate
R000000022/2.635269/0003/R000000002/R000000024
R000000028/1.000000/0000/Guesstimate
R000000027/1.111111/0288/R000000028
R000000026/1.234568/0156/R000000027
R000000029/1.000000/0000/Guesstimate
R000000031/1.000000/0000/Guesstimate
R000000030/1.111111/0288/R000000031
R000000026/2.345679/0301/R000000029/R000000030
R000000025/1.371742/0188/R000000026
R000000033/1.234568/0245/R000000020
R000000033/1.234568/0245/R000000020
R000000032/1.371742/0147/R000000033
R000000034/1.371742/0188/R000000026
R000000032/1.524158/0198/R000000034
R000000025/1.524158/0295/R000000032
R000000001/4.452235/0042/R000000022/R000000025
Q000000002/2.895900/0000/R000000001
Q000000003/8.384940/0000/R000000035
R000000041/1.000000/0000/Guesstimate
R000000042/1.000000/0000/Guesstimate
R000000040/2.222222/0081/R000000041/R000000042
R000000043/1.000000/0000/Guesstimate
R000000040/2.222222/0210/R000000043/R000000042
R000000039/2.469136/0140/R000000040
R000000045/1.000000/0000/Guesstimate
R000000046/1.000000/0000/Guesstimate
R000000044/2.222222/0170/R000000045/R000000046
R000000047/1.000000/0000/Guesstimate
R000000048/1.000000/0000/Guesstimate
R000000044/2.222222/0170/R000000047/R000000048
R000000038/5.212621/0003/R000000039/R000000044
R000000051/2.469136/0091/R000000040
R000000050/2.743484/0140/R000000051
R000000049/4.159427/0112/R000000050/R000000029
R000000053/2.469136/0197/R000000040
R000000052/2.743484/0140/R000000053
R000000052/2.743484/0197/R000000039
R000000054/1.000000/0000/Guesstimate
R000000049/4.159427/0112/R000000052/R000000054
R000000038/7.090722/0277/R000000049/R000000044
R000000037/5.791801/0099/R000000038
R000000056/1.000000/0000/Guesstimate
R000000055/4.159427/0003/R000000052/R000000056
R000000061/3.048316/0079/R000000050
R000000062/1.000000/0000/Guesstimate
R000000061/4.159427/0112/R000000050/R000000062
R000000060/3.387018/0041/R000000061
R000000060/3.387018/0233/R000000061
R000000059/3.763354/0155/R000000060
R000000058/5.292615/0301/R000000059/R000000048
R000000058/5.292615/0301/R000000059/R000000048
R000000057/5.880683/0260/R000000058
R000000055/7.645204/0112/R000000057/R000000062
R000000037/7.090722/0122/R000000055/R000000044
R000000063/1.000000/0000/Guesstimate
R000000036/7.546446/0122/R000000037/R000000063
R000000064/3.580247/0122/R000000063/R000000044
R000000066/1.000000/0000/Guesstimate
R000000065/3.580247/0122/R000000066/R000000044
R000000067/1.000000/0000/Guesstimate
R000000064/5.089163/0226/R000000065/R000000067
R000000036/8.599639/0122/R000000055/R000000064
R000000035/8.384940/0122/R000000036
R000000035/8.384940/0122/R000000036
<NEXT>