#
#  Reaction log file
#  Author: LigBuilder V3 User_Diana
#  Creation time: Wed Feb 25 12:24:14 2026
#  Format:
#  QueryMoleculeId/Cost/SynthesizeId/ReactantId1/ReactantId2/ReactantId3.....
#  Id prefix:
#  Q --- Query Molecule
#  M --- Material
#  R --- Reactant
#
Directory      result/synthesize_HsDHODH/222/DATABASE/
#
Q000000001/7.315958/0000/R000000001
M000000005/1.000000/0000/Sigma_BB-182112188
R000000006/1.000000/0000/Guesstimate
R000000004/2.222222/0112/M000000005/R000000006
R000000007/1.000000/0000/Guesstimate
R000000003/3.580247/0004/R000000004/R000000007
R000000008/2.222222/0004/M000000005/R000000007
R000000003/3.580247/0112/R000000008/R000000006
M000000011/1.000000/0000/Sigma_BB-73736536
R000000010/1.111111/0147/M000000011
M000000012/1.000000/0000/Sigma_BB-70577362
R000000010/1.111111/0155/M000000012
R000000009/2.345679/0004/R000000007/R000000010
M000000014/1.000000/0000/Sigma_BB-28516749
M000000015/1.000000/0000/Sigma_BB-187827536
R000000013/2.222222/0301/M000000014/M000000015
R000000016/1.000000/0000/Guesstimate
R000000013/2.345679/0277/R000000016/R000000010
R000000009/2.469136/0024/R000000013
R000000002/6.584363/0212/R000000003/R000000009
R000000002/6.584363/0212/R000000003/R000000009
R000000001/7.315958/0296/R000000002
R000000001/7.315958/0296/R000000002
Q000000002/7.256855/0000/R000000017
M000000021/1.000000/0000/Sigma_BB-28775379
R000000020/3.580247/0212/R000000008/M000000021
R000000020/3.580247/0212/R000000008/M000000021
R000000019/3.978053/0296/R000000020
R000000019/3.978053/0296/R000000020
M000000022/1.000000/0000/Sigma_BB-29589473
R000000018/5.531170/0212/R000000019/M000000022
R000000018/5.531170/0212/R000000019/M000000022
R000000017/7.256855/0112/R000000018/R000000006
R000000025/5.089163/0112/R000000020/R000000006
R000000025/5.089163/0212/R000000003/M000000021
R000000024/5.654626/0296/R000000025
R000000024/5.654626/0296/R000000025
R000000027/1.000000/0000/Guesstimate
M000000029/1.000000/0000/Sigma_BB-135967504
R000000028/1.111111/0155/M000000029
M000000030/1.000000/0000/Sigma_BB-28769104
R000000031/1.000000/0000/Guesstimate
R000000028/2.222222/0212/M000000030/R000000031
R000000026/2.345679/0004/R000000027/R000000028
R000000033/1.000000/0000/Guesstimate
R000000032/2.345679/0277/R000000033/R000000028
R000000032/2.345679/0301/R000000016/R000000028
R000000026/2.606310/0024/R000000032
R000000023/8.889228/0212/R000000024/R000000026
R000000023/8.889228/0212/R000000024/R000000026
R000000017/9.876920/0190/R000000023
Q000000003/7.315958/0000/R000000001
Q000000004/4.176363/0000/R000000034
R000000037/1.000000/0000/Guesstimate
R000000040/1.000000/0000/Guesstimate
R000000039/1.111111/0125/R000000040
R000000041/1.000000/0000/Guesstimate
R000000039/2.222222/0112/R000000041/R000000040
R000000038/1.234568/0040/R000000039
R000000044/1.000000/0000/Guesstimate
R000000043/2.222222/0112/R000000044/R000000040
R000000042/2.469136/0153/R000000043
R000000046/1.000000/0000/Guesstimate
R000000045/2.222222/0112/R000000046/R000000040
R000000045/2.469136/0091/R000000043
R000000042/2.469136/0154/R000000045
R000000038/2.743484/0024/R000000042
R000000036/2.482853/0264/R000000037/R000000038
M000000048/1.000000/0000/Sigma_BB-30659066
R000000047/2.482853/0264/M000000048/R000000038
M000000049/1.000000/0000/Sigma_BB-28396020
R000000047/3.854596/0264/M000000049/R000000042
R000000036/2.758726/0188/R000000047
R000000035/2.758726/0082/R000000036
R000000051/1.000000/0000/Guesstimate
R000000050/2.482853/0264/R000000051/R000000038
R000000053/1.000000/0000/Guesstimate
R000000052/2.482853/0264/R000000053/R000000038
R000000054/1.000000/0000/Guesstimate
R000000052/3.854596/0264/R000000054/R000000042
R000000050/2.758726/0198/R000000052
R000000035/2.758726/0257/R000000050
R000000055/1.000000/0000/Guesstimate
R000000034/4.176363/0012/R000000035/R000000055
R000000059/1.000000/0000/Guesstimate
R000000060/1.000000/0000/Guesstimate
R000000058/2.222222/0112/R000000059/R000000060
R000000061/1.000000/0000/Guesstimate
R000000058/2.222222/0112/R000000046/R000000061
R000000057/2.469136/0079/R000000058
R000000063/1.000000/0000/Guesstimate
R000000064/1.000000/0000/Guesstimate
R000000062/2.222222/0012/R000000063/R000000064
R000000065/1.000000/0000/Guesstimate
R000000062/2.222222/0112/R000000065/R000000041
R000000057/2.469136/0082/R000000062
R000000056/4.115227/0264/R000000057/R000000038
R000000068/1.000000/0000/Guesstimate
R000000069/1.000000/0000/Guesstimate
R000000067/2.222222/0001/R000000068/R000000069
R000000067/2.222222/0004/R000000044/R000000069
R000000066/2.469136/0009/R000000067
R000000066/2.743484/0024/R000000057
R000000056/5.486969/0264/R000000066/R000000042
R000000070/1.000000/0000/Guesstimate
R000000034/5.683586/0012/R000000056/R000000070
<NEXT>