#
#  Reaction log file
#  Author: LigBuilder V3 User_Diana
#  Creation time: Wed Feb 25 12:22:50 2026
#  Format:
#  QueryMoleculeId/Cost/SynthesizeId/ReactantId1/ReactantId2/ReactantId3.....
#  Id prefix:
#  Q --- Query Molecule
#  M --- Material
#  R --- Reactant
#
Directory      result/synthesize_HsDHODH/162/DATABASE/
#
Q000000001/5.531170/0000/R000000001
R000000005/1.000000/0000/Guesstimate
R000000006/1.000000/0000/Guesstimate
R000000004/2.222222/0276/R000000005/R000000006
R000000004/2.222222/0278/R000000005/R000000006
R000000007/1.000000/0000/Guesstimate
R000000003/3.580247/0112/R000000004/R000000007
R000000009/1.000000/0000/Guesstimate
R000000008/3.580247/0112/R000000004/R000000009
R000000010/1.000000/0000/Guesstimate
R000000003/5.089163/0274/R000000008/R000000010
R000000002/3.978053/0276/R000000003
R000000012/2.222222/0276/R000000005/R000000006
R000000012/2.222222/0278/R000000005/R000000006
R000000011/3.580247/0112/R000000012/R000000007
R000000013/3.580247/0112/R000000012/R000000009
R000000011/5.089163/0274/R000000013/R000000010
R000000002/3.978053/0276/R000000011
R000000014/1.000000/0000/Guesstimate
R000000001/5.531170/0256/R000000002/R000000014
R000000016/3.978053/0276/R000000008
R000000016/4.420059/0155/R000000002
R000000015/5.531170/0256/R000000016/R000000014
R000000019/1.000000/0000/Guesstimate
R000000018/5.089163/0256/R000000008/R000000019
R000000017/5.654626/0276/R000000018
R000000020/5.089163/0256/R000000013/R000000019
R000000017/5.654626/0276/R000000020
R000000021/1.000000/0000/Guesstimate
R000000015/7.394029/0279/R000000017/R000000021
R000000001/7.256855/0274/R000000015/R000000010
Q000000002/5.531170/0000/R000000001
Q000000003/5.531170/0000/R000000001
Q000000004/5.531170/0000/R000000001
<NEXT>