#
#  Reaction log file
#  Author: LigBuilder V3 User_Diana
#  Creation time: Wed Feb 25 12:25:55 2026
#  Format:
#  QueryMoleculeId/Cost/SynthesizeId/ReactantId1/ReactantId2/ReactantId3.....
#  Id prefix:
#  Q --- Query Molecule
#  M --- Material
#  R --- Reactant
#
Directory      result/synthesize_HsDHODH/261/DATABASE/
#
Q000000001/2.758726/0000/R000000001
M000000005/1.000000/0000/Sigma_BB-154602169
R000000004/1.111111/0125/M000000005
R000000006/1.000000/0000/Guesstimate
R000000004/2.222222/0112/M000000005/R000000006
R000000003/1.234568/0040/R000000004
M000000008/1.000000/0000/Sigma_BB-247279222
R000000009/1.000000/0000/Guesstimate
R000000007/2.222222/0274/M000000008/R000000009
R000000003/2.469136/0024/R000000007
R000000010/1.000000/0000/Guesstimate
R000000002/2.482853/0003/R000000003/R000000010
R000000012/1.000000/0000/Guesstimate
R000000011/2.222222/0004/M000000005/R000000012
R000000014/1.000000/0000/Guesstimate
R000000013/2.222222/0004/M000000005/R000000014
R000000016/1.000000/0000/Guesstimate
R000000015/2.222222/0003/M000000005/R000000016
M000000017/1.000000/0000/Sigma_BB-28715637
R000000018/1.000000/0000/Guesstimate
R000000015/2.222222/0175/M000000017/R000000018
R000000013/2.469136/0040/R000000015
R000000011/2.469136/0085/R000000013
R000000021/1.000000/0000/Guesstimate
R000000020/1.111111/0118/R000000021
R000000020/2.222222/0112/R000000021/R000000006
R000000019/1.234568/0041/R000000020
R000000023/1.000000/0000/Guesstimate
R000000022/2.222222/0004/R000000023/R000000010
M000000024/1.000000/0000/Sigma_BB-27941182
R000000025/1.000000/0000/Guesstimate
R000000022/2.222222/0170/M000000024/R000000025
R000000019/2.469136/0009/R000000022
R000000002/3.840878/0049/R000000011/R000000019
R000000001/2.758726/0099/R000000002
R000000028/1.000000/0000/Guesstimate
R000000027/3.580247/0122/R000000015/R000000028
R000000027/3.580247/0122/R000000015/R000000028
R000000026/3.978053/0118/R000000027
R000000026/5.089163/0112/R000000027/R000000006
R000000001/4.420059/0041/R000000026
Q000000002/2.606310/0000/R000000029
M000000032/1.000000/0000/Sigma_BB-247279107
R000000031/1.111111/0024/M000000032
M000000034/1.000000/0000/Sigma_BB-27929040
R000000033/1.111111/0165/M000000034
M000000035/1.000000/0000/Sigma_BB-113927401
R000000033/1.111111/0168/M000000035
R000000031/1.234568/0040/R000000033
R000000030/2.345679/0003/R000000031/R000000010
M000000037/1.000000/0000/Sigma_BB-151022172
R000000036/1.111111/0085/M000000037
M000000039/1.000000/0000/Sigma_BB-376352701
R000000038/1.111111/0153/M000000039
M000000040/1.000000/0000/Sigma_BB-389308177
R000000038/1.111111/0193/M000000040
R000000036/2.345679/0004/R000000038/R000000012
R000000030/2.606310/0049/R000000036/R000000019
R000000029/2.606310/0099/R000000030
R000000043/1.111111/0204/M000000037
R000000043/2.222222/0175/M000000034/R000000018
R000000042/2.345679/0122/R000000043/R000000028
R000000042/2.345679/0122/R000000043/R000000028
R000000041/2.606310/0118/R000000042
R000000041/3.717421/0112/R000000042/R000000006
R000000029/2.895900/0041/R000000041
Q000000003/2.758726/0000/R000000001
Q000000004/2.606310/0000/R000000029
<NEXT>