#
#  Reaction log file
#  Author: LigBuilder V3 User_Diana
#  Creation time: Wed Feb 25 12:23:14 2026
#  Format:
#  QueryMoleculeId/Cost/SynthesizeId/ReactantId1/ReactantId2/ReactantId3.....
#  Id prefix:
#  Q --- Query Molecule
#  M --- Material
#  R --- Reactant
#
Directory      result/synthesize_HsDHODH/176/DATABASE/
#
Q000000001/9.144949/0000/R000000001
R000000005/1.000000/0000/Guesstimate
R000000006/1.000000/0000/Guesstimate
R000000004/2.222222/0279/R000000005/R000000006
R000000004/2.222222/0279/R000000005/R000000006
R000000008/1.000000/0000/Guesstimate
R000000009/1.000000/0000/Guesstimate
R000000007/2.222222/0112/R000000008/R000000009
R000000003/4.938272/0159/R000000004/R000000007
R000000012/1.000000/0000/Guesstimate
R000000013/1.000000/0000/Guesstimate
R000000011/2.222222/0279/R000000012/R000000013
R000000011/2.222222/0279/R000000012/R000000013
R000000010/2.469136/0274/R000000011
R000000014/2.222222/0274/R000000012/R000000013
R000000010/2.469136/0279/R000000014
R000000002/8.230453/0003/R000000003/R000000010
R000000017/1.000000/0000/Guesstimate
R000000016/2.222222/0279/R000000005/R000000017
R000000016/2.222222/0279/R000000005/R000000017
R000000015/4.938272/0159/R000000016/R000000007
R000000015/5.486969/0091/R000000003
R000000020/1.000000/0000/Guesstimate
R000000019/3.854596/0256/R000000010/R000000020
R000000018/4.282884/0155/R000000019
R000000022/1.000000/0000/Guesstimate
R000000021/3.854596/0004/R000000010/R000000022
R000000023/1.000000/0000/Guesstimate
R000000024/1.000000/0000/Guesstimate
R000000021/4.965707/0225/R000000010/R000000023/R000000024
R000000018/4.282884/0197/R000000021
R000000002/9.221156/0112/R000000015/R000000018
R000000001/9.144949/0147/R000000002
R000000027/6.598080/0003/R000000003/R000000012
R000000031/1.000000/0000/Guesstimate
R000000030/2.222222/0279/R000000005/R000000031
R000000030/2.222222/0279/R000000005/R000000031
R000000032/1.000000/0000/Guesstimate
R000000029/3.580247/0122/R000000030/R000000032
R000000028/6.447188/0159/R000000029/R000000007
R000000033/5.486969/0079/R000000015
R000000033/6.598080/0112/R000000015/R000000023
R000000034/1.000000/0000/Guesstimate
R000000028/7.207744/0138/R000000033/R000000034
R000000035/1.000000/0000/Guesstimate
R000000027/8.274654/0279/R000000028/R000000035
R000000026/7.331201/0147/R000000027
R000000038/5.486969/0197/R000000003
R000000037/7.207744/0003/R000000038/R000000022
R000000039/1.000000/0000/Guesstimate
R000000037/7.207744/0049/R000000033/R000000039
R000000036/9.119716/0012/R000000037/R000000005
R000000036/9.119716/0285/R000000037/R000000005
R000000026/9.119716/0147/R000000036
R000000025/9.256889/0279/R000000026/R000000013
R000000025/9.256889/0279/R000000026/R000000013
R000000001/9.256889/0274/R000000025
Q000000002/9.144949/0000/R000000001
Q000000003/6.096632/0000/R000000040
M000000044/1.000000/0000/Sigma_BB-188062324
R000000045/1.000000/0000/Guesstimate
R000000043/2.222222/0285/M000000044/R000000045
R000000042/2.469136/0294/R000000043
R000000046/2.469136/0228/R000000043
R000000046/2.469136/0286/R000000043
R000000042/2.743484/0296/R000000046
R000000049/1.000000/0000/Guesstimate
R000000050/1.000000/0000/Guesstimate
R000000048/2.222222/0063/R000000049/R000000050
R000000051/1.000000/0000/Guesstimate
R000000048/2.222222/0064/R000000049/R000000051
R000000047/2.469136/0091/R000000048
R000000041/5.486969/0112/R000000042/R000000047
R000000040/6.096632/0059/R000000041
R000000054/2.469136/0197/R000000048
R000000055/9.300000/0000/Guesstimate
R000000054/9.300000/0295/R000000055
R000000053/3.854596/0004/R000000022/R000000054
R000000057/1.000000/0000/Guesstimate
R000000056/3.854596/0003/R000000054/R000000057
R000000053/4.282884/0040/R000000056
R000000052/7.026369/0004/R000000042/R000000053
R000000058/3.854596/0004/R000000042/R000000022
R000000059/3.854596/0003/R000000042/R000000057
R000000058/4.282884/0040/R000000059
R000000052/7.026369/0004/R000000058/R000000054
R000000040/7.807076/0153/R000000052
<NEXT>