#
#  Reaction log file
#  Author: LigBuilder V3 User_Diana
#  Creation time: Wed Feb 25 12:24:54 2026
#  Format:
#  QueryMoleculeId/Cost/SynthesizeId/ReactantId1/ReactantId2/ReactantId3.....
#  Id prefix:
#  Q --- Query Molecule
#  M --- Material
#  R --- Reactant
#
Directory      result/synthesize_HsDHODH/237/DATABASE/
#
Q000000001/5.791801/0000/R000000001
M000000004/1.000000/0000/Sigma_BB-235311397
R000000005/1.000000/0000/Guesstimate
R000000003/2.222222/0003/M000000004/R000000005
R000000006/1.111111/0125/M000000004
R000000007/1.000000/0000/Guesstimate
R000000006/2.222222/0112/M000000004/R000000007
R000000008/1.000000/0000/Guesstimate
R000000003/2.345679/0049/R000000006/R000000008
R000000011/1.000000/0000/Guesstimate
R000000012/1.000000/0000/Guesstimate
R000000010/2.222222/0012/R000000011/R000000012
R000000010/2.222222/0285/R000000011/R000000012
R000000009/2.469136/0276/R000000010
R000000009/2.469136/0278/R000000010
R000000002/5.212621/0122/R000000003/R000000009
R000000002/5.212621/0122/R000000003/R000000009
R000000001/5.791801/0059/R000000002
R000000015/1.234568/0040/R000000006
M000000017/1.000000/0000/Sigma_BB-28599874
R000000016/2.222222/0003/M000000017/R000000005
R000000015/2.469136/0059/R000000016
R000000018/1.000000/0000/Guesstimate
R000000014/2.482853/0001/R000000015/R000000018
R000000019/1.000000/0000/Guesstimate
R000000014/2.482853/0003/R000000015/R000000019
R000000022/1.000000/0000/Guesstimate
R000000021/2.222222/0256/R000000011/R000000022
R000000020/2.469136/0276/R000000021
R000000020/2.469136/0278/R000000021
R000000013/5.502210/0042/R000000014/R000000020
R000000023/2.222222/0004/M000000004/R000000008
M000000026/1.000000/0000/Sigma_BB-28665883
R000000025/2.222222/0003/M000000026/R000000005
M000000027/1.000000/0000/Sigma_BB-184773838
R000000025/2.222222/0049/M000000027/R000000008
R000000024/3.580247/0004/R000000025/R000000008
R000000023/3.978053/0059/R000000024
R000000029/2.743484/0118/R000000009
R000000029/3.854596/0112/R000000007/R000000009
R000000028/3.048316/0059/R000000029
R000000030/1.000000/0000/Guesstimate
R000000028/4.159427/0224/R000000029/R000000030
R000000013/5.856154/0049/R000000023/R000000028
R000000001/6.113567/0099/R000000013
Q000000002/4.007011/0000/R000000031
M000000034/1.000000/0000/Sigma_BB-27718999
M000000036/1.000000/0000/Sigma_BB-28769332
R000000035/1.111111/0197/M000000036
R000000037/1.000000/0000/Guesstimate
M000000038/1.000000/0000/Sigma_BB-30438916
R000000035/2.222222/0274/R000000037/M000000038
R000000033/2.345679/0003/M000000034/R000000035
R000000039/1.111111/0086/M000000034
R000000039/1.111111/0091/M000000034
M000000040/1.000000/0000/Sigma_BB-189043978
R000000033/2.345679/0112/R000000039/M000000040
R000000032/2.606310/0147/R000000033
R000000042/1.111111/0197/M000000034
R000000043/1.000000/0000/Guesstimate
R000000042/1.111111/0228/R000000043
R000000041/2.345679/0003/R000000042/M000000036
R000000044/1.234568/0079/R000000039
R000000045/1.000000/0000/Guesstimate
R000000044/2.345679/0112/R000000039/R000000045
M000000047/1.000000/0000/Sigma_BB-118618367
R000000046/1.111111/0085/M000000047
R000000046/2.345679/0004/R000000008/R000000035
R000000041/2.606310/0049/R000000044/R000000046
R000000032/2.606310/0147/R000000041
R000000031/4.007011/0004/R000000032/R000000018
M000000051/1.000000/0000/Sigma_BB-28775629
R000000050/2.222222/0003/M000000034/M000000051
M000000052/1.000000/0000/Sigma_BB-30854888
R000000050/2.345679/0112/R000000039/M000000052
R000000049/2.469136/0147/R000000050
M000000054/1.000000/0000/Sigma_BB-27191844
R000000053/2.345679/0003/R000000042/M000000054
M000000055/1.000000/0000/Sigma_BB-161432014
R000000053/2.345679/0277/R000000042/M000000055
R000000049/2.606310/0147/R000000053
R000000056/1.000000/0000/Guesstimate
R000000048/3.854596/0175/R000000049/R000000056
R000000058/2.222222/0175/M000000052/R000000056
R000000058/2.222222/0290/M000000052/R000000056
R000000057/3.580247/0004/R000000018/R000000058
R000000060/1.000000/0000/Guesstimate
R000000059/3.580247/0277/R000000060/R000000058
R000000061/1.000000/0000/Guesstimate
R000000059/3.580247/0301/R000000061/R000000058
R000000057/3.978053/0024/R000000059
R000000048/5.089163/0212/M000000034/R000000057
R000000031/4.282884/0024/R000000048
Q000000003/7.620790/0000/R000000062
M000000066/1.000000/0000/Sigma_BB-30437381
R000000065/1.111111/0086/M000000066
R000000065/1.111111/0091/M000000066
M000000068/1.000000/0000/Sigma_BB-28779522
R000000069/1.000000/0000/Guesstimate
R000000067/2.222222/0264/M000000068/R000000069
R000000064/3.703704/0212/R000000065/R000000067
R000000064/3.703704/0212/R000000065/R000000067
R000000072/1.000000/0000/Guesstimate
R000000073/1.000000/0000/Guesstimate
R000000071/2.222222/0279/R000000072/R000000073
R000000071/2.222222/0279/R000000072/R000000073
R000000070/2.469136/0122/R000000071
R000000070/2.469136/0122/R000000071
R000000063/6.858711/0112/R000000064/R000000070
R000000075/1.111111/0197/M000000066
R000000074/3.703704/0212/R000000075/R000000067
M000000077/1.000000/0000/Sigma_BB-70708433
R000000076/1.111111/0197/M000000077
R000000076/1.234568/0093/R000000075
M000000079/1.000000/0000/Sigma_BB-28760846
R000000078/2.222222/0264/M000000079/R000000069
R000000074/3.703704/0212/R000000076/R000000078
R000000082/1.000000/0000/Guesstimate
R000000083/1.000000/0000/Guesstimate
R000000081/2.222222/0285/R000000082/R000000083
R000000080/2.469136/0279/R000000081
R000000085/1.000000/0000/Guesstimate
R000000084/3.854596/0112/R000000085/R000000070
R000000080/4.282884/0197/R000000084
R000000063/6.858711/0112/R000000074/R000000080
R000000062/7.620790/0024/R000000063
M000000088/1.000000/0000/Sigma_BB-27556005
R000000087/3.854596/0004/M000000088/R000000080
R000000089/3.978053/0112/R000000076/R000000080
R000000087/4.420059/0073/R000000089
R000000091/1.111111/0093/M000000068
M000000092/1.000000/0000/Sigma_BB-28457967
R000000091/2.222222/0212/M000000092/M000000079
R000000094/1.000000/0000/Guesstimate
R000000093/2.222222/0174/R000000056/R000000094
R000000093/2.222222/0289/R000000056/R000000094
R000000090/3.703704/0264/R000000091/R000000093
R000000095/1.000000/0000/Guesstimate
M000000097/1.000000/0000/Sigma_BB-28799125
R000000096/3.580247/0264/M000000097/R000000093
R000000090/5.089163/0301/R000000095/R000000096
R000000086/8.398110/0212/R000000087/R000000090
R000000086/8.398110/0212/R000000087/R000000090
R000000062/9.331234/0025/R000000086
Q000000004/6.096632/0000/R000000098
M000000102/1.000000/0000/Sigma_BB-28758779
M000000103/1.000000/0000/Sigma_BB-29431773
R000000101/2.222222/0112/M000000102/M000000103
R000000100/2.469136/0112/R000000101
R000000104/2.222222/0112/M000000102/M000000103
R000000100/2.469136/0112/R000000104
M000000107/1.000000/0000/Sigma_BB-89756530
R000000106/2.222222/0003/R000000005/M000000107
M000000108/1.000000/0000/Sigma_BB-195939319
R000000106/2.222222/0049/M000000108/R000000008
R000000105/2.469136/0059/R000000106
R000000110/1.000000/0000/Guesstimate
R000000109/2.222222/0112/R000000110/M000000107
M000000111/1.000000/0000/Sigma_BB-28711724
R000000109/2.222222/0174/R000000110/M000000111
R000000105/2.469136/0147/R000000109
R000000099/5.486969/0224/R000000100/R000000105
R000000114/1.000000/0000/Guesstimate
R000000113/3.580247/0224/R000000101/R000000114
R000000112/3.978053/0112/R000000113
R000000116/1.000000/0000/Guesstimate
R000000115/3.854596/0224/R000000100/R000000116
R000000112/4.282884/0155/R000000115
R000000117/1.111111/0114/M000000111
R000000118/1.111111/0041/M000000108
R000000118/1.111111/0233/M000000108
R000000117/1.234568/0155/R000000118
R000000099/5.654626/0301/R000000112/R000000117
R000000098/6.096632/0041/R000000099
R000000122/1.000000/0000/Guesstimate
R000000123/1.000000/0000/Guesstimate
R000000121/2.222222/0112/R000000122/R000000123
R000000125/1.000000/0000/Guesstimate
R000000126/1.000000/0000/Guesstimate
R000000124/2.222222/0256/R000000125/R000000126
R000000127/1.000000/0000/Guesstimate
R000000124/2.222222/0285/R000000127/R000000126
R000000120/4.938272/0279/R000000121/R000000124
R000000120/4.938272/0279/R000000121/R000000124
R000000119/8.230453/0224/R000000120/R000000105
R000000128/5.212621/0224/R000000121/R000000105
R000000129/4.938272/0224/R000000121/R000000109
R000000128/5.486969/0147/R000000129
R000000119/8.260937/0279/R000000128/R000000124
R000000098/9.144949/0112/R000000119
<NEXT>