#
#  Reaction log file
#  Author: LigBuilder V3 User_Diana
#  Creation time: Wed Feb 25 12:20:00 2026
#  Format:
#  QueryMoleculeId/Cost/SynthesizeId/ReactantId1/ReactantId2/ReactantId3.....
#  Id prefix:
#  Q --- Query Molecule
#  M --- Material
#  R --- Reactant
#
Directory      result/synthesize_HsDHODH/105/DATABASE/
#
Q000000001/Analysis Failed
Q000000002/Analysis Failed
Q000000003/Analysis Failed
Q000000004/6.604685/0000/R000000001
R000000006/1.000000/0000/Guesstimate
R000000005/1.111111/0125/R000000006
R000000007/1.000000/0000/Guesstimate
R000000005/2.222222/0112/R000000007/R000000006
R000000009/1.000000/0000/Guesstimate
R000000010/1.000000/0000/Guesstimate
R000000008/2.222222/0112/R000000009/R000000010
R000000004/3.703704/0159/R000000005/R000000008
R000000004/3.703704/0159/R000000005/R000000008
R000000003/4.115227/0040/R000000004
R000000012/1.000000/0000/Guesstimate
R000000013/1.000000/0000/Guesstimate
R000000011/2.222222/0279/R000000012/R000000013
R000000011/2.222222/0279/R000000012/R000000013
R000000003/4.938272/0159/R000000011/R000000008
M000000016/1.000000/0000/Sigma_BB-243712963
R000000015/1.111111/0041/M000000016
R000000015/1.111111/0233/M000000016
R000000014/1.234568/0155/R000000015
M000000018/1.000000/0000/Sigma_BB-29605136
R000000017/1.111111/0093/M000000018
M000000019/1.000000/0000/Sigma_BB-151405996
R000000020/1.000000/0000/Guesstimate
R000000017/2.222222/0004/M000000019/R000000020
R000000014/1.234568/0197/R000000017
R000000002/5.944217/0003/R000000003/R000000014
R000000001/6.604685/0147/R000000002
R000000023/1.000000/0000/Guesstimate
R000000022/5.226338/0049/R000000004/R000000023
R000000024/4.572474/0197/R000000003
R000000025/1.000000/0000/Guesstimate
R000000022/6.191638/0003/R000000024/R000000025
R000000021/5.807042/0040/R000000022
R000000027/2.482853/0003/R000000014/R000000025
R000000028/1.371742/0125/R000000014
R000000028/2.482853/0112/R000000007/R000000014
R000000027/2.635269/0049/R000000028/R000000023
R000000026/2.758726/0040/R000000027
R000000031/1.000000/0000/Guesstimate
R000000030/2.482853/0112/R000000031/R000000014
R000000029/2.758726/0147/R000000030
R000000034/7.700000/0000/Guesstimate
R000000033/8.555555/0155/R000000034
R000000035/7.700000/0000/Guesstimate
R000000033/8.555555/0155/R000000035
R000000036/1.000000/0000/Guesstimate
R000000032/9.555555/0301/R000000033/R000000036
R000000032/9.555555/0301/R000000033/R000000036
R000000029/9.900000/0260/R000000032
R000000026/3.065251/0024/R000000029
R000000001/9.517521/0212/R000000021/R000000026
<NEXT>