#
#  Reaction log file
#  Author: LigBuilder V3 User_Diana
#  Creation time: Wed Feb 25 12:25:41 2026
#  Format:
#  QueryMoleculeId/Cost/SynthesizeId/ReactantId1/ReactantId2/ReactantId3.....
#  Id prefix:
#  Q --- Query Molecule
#  M --- Material
#  R --- Reactant
#
Directory      result/synthesize_HsDHODH/262/DATABASE/
#
Q000000001/2.606310/0000/R000000001
M000000004/1.000000/0000/Sigma_BB-247279107
R000000003/1.111111/0024/M000000004
M000000006/1.000000/0000/Sigma_BB-27929040
R000000005/1.111111/0165/M000000006
M000000007/1.000000/0000/Sigma_BB-113927401
R000000005/1.111111/0168/M000000007
R000000003/1.234568/0040/R000000005
R000000008/1.000000/0000/Guesstimate
R000000002/2.345679/0003/R000000003/R000000008
M000000010/1.000000/0000/Sigma_BB-151022172
R000000009/1.111111/0085/M000000010
M000000012/1.000000/0000/Sigma_BB-376352701
R000000011/1.111111/0153/M000000012
M000000013/1.000000/0000/Sigma_BB-389308177
R000000011/1.111111/0193/M000000013
R000000014/1.000000/0000/Guesstimate
R000000009/2.345679/0004/R000000011/R000000014
R000000017/1.000000/0000/Guesstimate
R000000016/1.111111/0118/R000000017
R000000018/1.000000/0000/Guesstimate
R000000016/2.222222/0112/R000000017/R000000018
R000000015/1.234568/0041/R000000016
R000000020/1.000000/0000/Guesstimate
R000000019/2.222222/0004/R000000020/R000000008
M000000021/1.000000/0000/Sigma_BB-27941182
R000000022/1.000000/0000/Guesstimate
R000000019/2.222222/0170/M000000021/R000000022
R000000015/2.469136/0009/R000000019
R000000002/2.606310/0049/R000000009/R000000015
R000000001/2.606310/0099/R000000002
R000000025/1.111111/0204/M000000010
R000000026/1.000000/0000/Guesstimate
R000000025/2.222222/0175/M000000006/R000000026
R000000027/1.000000/0000/Guesstimate
R000000024/2.345679/0122/R000000025/R000000027
R000000024/2.345679/0122/R000000025/R000000027
R000000023/2.606310/0118/R000000024
R000000023/3.717421/0112/R000000024/R000000018
R000000001/2.895900/0041/R000000023
Q000000002/2.758726/0000/R000000028
M000000032/1.000000/0000/Sigma_BB-154602169
R000000031/1.111111/0125/M000000032
R000000031/2.222222/0112/M000000032/R000000018
R000000030/1.234568/0040/R000000031
M000000034/1.000000/0000/Sigma_BB-247279222
R000000035/1.000000/0000/Guesstimate
R000000033/2.222222/0274/M000000034/R000000035
R000000030/2.469136/0024/R000000033
R000000029/2.482853/0003/R000000030/R000000008
R000000036/2.222222/0004/M000000032/R000000014
R000000038/1.000000/0000/Guesstimate
R000000037/2.222222/0004/M000000032/R000000038
R000000040/1.000000/0000/Guesstimate
R000000039/2.222222/0003/M000000032/R000000040
M000000041/1.000000/0000/Sigma_BB-28715637
R000000039/2.222222/0175/M000000041/R000000026
R000000037/2.469136/0040/R000000039
R000000036/2.469136/0085/R000000037
R000000029/3.840878/0049/R000000036/R000000015
R000000028/2.758726/0099/R000000029
R000000043/3.580247/0122/R000000039/R000000027
R000000043/3.580247/0122/R000000039/R000000027
R000000042/3.978053/0118/R000000043
R000000042/5.089163/0112/R000000043/R000000018
R000000028/4.420059/0041/R000000042
Q000000003/Analysis Failed
<NEXT>