#
#  Reaction log file
#  Author: LigBuilder V3 User_Diana
#  Creation time: Wed Feb 25 12:22:38 2026
#  Format:
#  QueryMoleculeId/Cost/SynthesizeId/ReactantId1/ReactantId2/ReactantId3.....
#  Id prefix:
#  Q --- Query Molecule
#  M --- Material
#  R --- Reactant
#
Directory      result/synthesize_HsDHODH/157/DATABASE/
#
Q000000001/4.572474/0000/R000000001
M000000005/1.000000/0000/Sigma_BB-299844597
R000000006/1.000000/0000/Guesstimate
R000000004/2.222222/0301/M000000005/R000000006
R000000004/2.222222/0301/M000000005/R000000006
R000000003/2.469136/0125/R000000004
R000000007/1.000000/0000/Guesstimate
R000000003/3.580247/0112/R000000004/R000000007
M000000010/1.000000/0000/Sigma_BB-28518102
R000000009/1.111111/0204/M000000010
R000000008/1.234568/0285/R000000009
R000000011/1.000000/0000/Guesstimate
R000000013/1.000000/0000/Guesstimate
R000000012/1.111111/0293/R000000013
R000000008/2.345679/0277/R000000011/R000000012
R000000002/4.115227/0285/R000000003/R000000008
R000000001/4.572474/0024/R000000002
R000000017/1.000000/0000/Guesstimate
R000000016/2.345679/0301/R000000017/R000000012
R000000016/2.345679/0301/R000000017/R000000012
R000000019/1.000000/0000/Guesstimate
R000000018/2.222222/0174/R000000007/R000000019
R000000021/7.400000/0000/Guesstimate
R000000020/8.222222/0091/R000000021
R000000018/9.135803/0079/R000000020
R000000015/5.075447/0138/R000000016/R000000018
R000000015/9.456791/0003/R000000012/R000000021
R000000014/8.382870/0012/R000000003/R000000015
R000000014/8.382870/0285/R000000003/R000000015
R000000001/9.314300/0025/R000000014
Q000000002/5.639385/0000/R000000022
M000000025/1.000000/0000/Sigma_BB-243424637
R000000026/1.000000/0000/Guesstimate
R000000024/2.222222/0003/M000000025/R000000026
M000000028/1.000000/0000/Sigma_BB-184773838
R000000027/2.222222/0003/M000000028/R000000026
M000000030/1.000000/0000/Sigma_BB-327401854
R000000029/2.222222/0003/M000000030/R000000026
R000000027/2.469136/0079/R000000029
R000000024/2.469136/0041/R000000027
R000000033/1.000000/0000/Guesstimate
R000000032/1.111111/0288/R000000033
R000000034/1.000000/0000/Guesstimate
R000000032/1.111111/0291/R000000034
R000000035/1.000000/0000/Guesstimate
R000000031/2.345679/0301/R000000032/R000000035
R000000031/2.345679/0301/R000000032/R000000035
R000000023/5.075447/0122/R000000024/R000000031
R000000023/5.075447/0122/R000000024/R000000031
R000000022/5.639385/0237/R000000023
R000000038/1.234568/0237/R000000032
R000000039/1.000000/0000/Guesstimate
R000000037/2.482853/0256/R000000038/R000000039
R000000040/9.700000/0000/Guesstimate
R000000037/9.700000/0260/R000000040
R000000036/5.227862/0122/R000000024/R000000037
R000000036/5.227862/0122/R000000024/R000000037
R000000041/1.000000/0000/Guesstimate
R000000022/6.919847/0274/R000000036/R000000041
Q000000003/4.282884/0000/R000000042
M000000044/1.000000/0000/Sigma_BB-27355816
R000000047/1.000000/0000/Guesstimate
M000000048/1.000000/0000/Sigma_BB-308324471
R000000046/2.222222/0004/R000000047/M000000048
R000000045/2.469136/0086/R000000046
R000000045/2.469136/0091/R000000046
R000000043/3.854596/0175/M000000044/R000000045
M000000050/1.000000/0000/Sigma_BB-28398288
R000000049/3.580247/0212/M000000050/R000000046
R000000049/3.580247/0212/M000000050/R000000046
R000000043/5.089163/0174/R000000049/R000000007
R000000042/4.282884/0059/R000000043
M000000054/1.000000/0000/Sigma_BB-244317394
R000000055/1.000000/0000/Guesstimate
R000000053/2.222222/0004/M000000054/R000000055
R000000052/2.469136/0009/R000000053
M000000057/1.000000/0000/Sigma_BB-243331317
R000000056/2.222222/0112/M000000057/R000000007
M000000058/1.000000/0000/Sigma_BB-114105091
R000000056/2.222222/0112/M000000058/R000000007
R000000052/2.469136/0059/R000000056
M000000061/1.000000/0000/Sigma_BB-30924817
R000000060/1.111111/0091/M000000061
R000000059/1.234568/0079/R000000060
R000000062/2.222222/0004/R000000055/M000000048
R000000059/2.469136/0009/R000000062
R000000051/4.115227/0101/R000000052/R000000059
M000000065/1.000000/0000/Sigma_BB-129567422
R000000064/1.111111/0091/M000000065
M000000066/1.000000/0000/Sigma_BB-183885528
R000000064/2.222222/0112/M000000066/R000000007
R000000063/1.234568/0059/R000000064
R000000067/1.111111/0059/M000000065
R000000067/2.743484/0040/R000000052
R000000063/1.234568/0091/R000000067
R000000068/2.469136/0197/R000000046
R000000069/8.000000/0000/Guesstimate
R000000068/8.888889/0155/R000000069
R000000051/4.115227/0112/R000000063/R000000068
R000000042/4.572474/0147/R000000051
<NEXT>