#
#  Reaction log file
#  Author: LigBuilder V3 User_Diana
#  Creation time: Wed Feb 25 12:13:09 2026
#  Format:
#  QueryMoleculeId/Cost/SynthesizeId/ReactantId1/ReactantId2/ReactantId3.....
#  Id prefix:
#  Q --- Query Molecule
#  M --- Material
#  R --- Reactant
#
Directory      result/synthesize_HsDHODH/2/DATABASE/
#
Q000000001/4.436994/0000/R000000001
M000000004/1.000000/0000/Sigma_BB-30085674
R000000003/1.111111/0168/M000000004
R000000006/1.234568/0091/R000000003
R000000005/1.371742/0079/R000000006
R000000007/1.000000/0000/Guesstimate
R000000005/2.482853/0112/R000000006/R000000007
R000000003/1.524158/0040/R000000005
R000000009/1.000000/0000/Guesstimate
R000000012/1.000000/0000/Guesstimate
R000000011/1.111111/0288/R000000012
R000000010/1.234568/0295/R000000011
R000000010/1.234568/0295/R000000011
R000000008/2.482853/0112/R000000009/R000000010
R000000014/1.000000/0000/Guesstimate
R000000013/2.482853/0004/R000000014/R000000010
R000000015/1.000000/0000/Guesstimate
R000000008/3.869837/0049/R000000013/R000000015
R000000002/3.993294/0011/R000000003/R000000008
R000000020/1.000000/0000/Guesstimate
R000000019/2.345679/0256/R000000003/R000000020
M000000024/1.000000/0000/Sigma_BB-152386740
R000000023/1.111111/0125/M000000024
R000000025/1.000000/0000/Guesstimate
R000000023/2.222222/0112/M000000024/R000000025
R000000022/2.345679/0256/R000000023/R000000020
R000000021/2.606310/0125/R000000022
R000000021/3.717421/0112/R000000022/R000000025
R000000019/2.895900/0040/R000000021
R000000018/2.606310/0082/R000000019
R000000017/2.895900/0040/R000000018
R000000027/1.000000/0000/Guesstimate
R000000028/1.000000/0000/Guesstimate
R000000026/3.456790/0261/R000000003/R000000027/R000000028
R000000017/3.840878/0024/R000000026
R000000016/3.217667/0197/R000000017
R000000030/8.900000/0000/Guesstimate
R000000029/9.888888/0168/R000000030
R000000031/10.000000/0000/Guesstimate
R000000029/10.000000/0125/R000000031
R000000016/9.888888/0040/R000000029
R000000033/1.371742/0125/R000000010
R000000033/2.482853/0112/R000000025/R000000010
R000000032/1.524158/0040/R000000033
R000000002/5.268695/0003/R000000016/R000000032
R000000001/4.436994/0099/R000000002
R000000034/4.589409/0003/R000000017/R000000010
R000000035/4.686297/0004/R000000016/R000000014
R000000037/1.000000/0000/Guesstimate
R000000036/4.686297/0277/R000000016/R000000037
R000000038/1.000000/0000/Guesstimate
R000000036/4.686297/0301/R000000016/R000000038
R000000035/5.206997/0024/R000000036
R000000034/6.731155/0049/R000000035/R000000033
R000000001/5.099344/0099/R000000034
Q000000002/5.823977/0000/R000000039
R000000042/2.345679/0119/R000000003/R000000028
R000000042/2.482853/0276/R000000006/R000000028
R000000043/1.000000/0000/Guesstimate
R000000041/3.717421/0011/R000000042/R000000043
R000000044/2.345679/0011/R000000003/R000000043
R000000044/4.007011/0049/R000000018/R000000014
R000000041/3.717421/0119/R000000044/R000000028
R000000045/1.000000/0000/Guesstimate
R000000040/5.241580/0122/R000000041/R000000045
R000000046/4.686297/0119/R000000016/R000000028
R000000047/3.575186/0091/R000000016
R000000046/5.083540/0276/R000000047/R000000028
R000000048/1.000000/0000/Guesstimate
R000000040/6.318108/0122/R000000046/R000000048
R000000039/5.823977/0024/R000000040
R000000052/1.000000/0000/Guesstimate
R000000051/2.345679/0011/R000000023/R000000052
R000000050/2.606310/0099/R000000051
R000000053/2.345679/0011/R000000023/R000000043
R000000050/3.717421/0122/R000000053/R000000045
R000000056/1.000000/0000/Guesstimate
R000000057/1.000000/0000/Guesstimate
R000000055/2.222222/0174/R000000056/R000000057
R000000055/2.222222/0289/R000000056/R000000057
R000000054/2.469136/0197/R000000055
R000000058/7.400000/0000/Guesstimate
R000000054/8.222222/0091/R000000058
R000000049/5.639385/0112/R000000050/R000000054
R000000039/6.265983/0025/R000000049
Q000000003/5.823977/0000/R000000039
<NEXT>