#
#  Reaction log file
#  Author: LigBuilder V3 User_Diana
#  Creation time: Wed Feb 25 12:13:19 2026
#  Format:
#  QueryMoleculeId/Cost/SynthesizeId/ReactantId1/ReactantId2/ReactantId3.....
#  Id prefix:
#  Q --- Query Molecule
#  M --- Material
#  R --- Reactant
#
Directory      result/synthesize_HsDHODH/9/DATABASE/
#
Q000000001/3.048316/0000/R000000001
M000000005/1.000000/0000/Sigma_BB-152386740
M000000006/1.000000/0000/Sigma_BB-156333806
R000000004/2.222222/0003/M000000005/M000000006
R000000003/2.469136/0099/R000000004
M000000008/1.000000/0000/Sigma_BB-28768387
R000000007/2.222222/0112/M000000005/M000000008
R000000003/2.469136/0147/R000000007
R000000002/2.743484/0125/R000000003
R000000009/1.000000/0000/Guesstimate
R000000002/3.854596/0112/R000000003/R000000009
R000000001/3.048316/0040/R000000002
R000000013/1.000000/0000/Guesstimate
R000000014/1.000000/0000/Guesstimate
R000000012/2.222222/0174/R000000013/R000000014
R000000012/2.222222/0289/R000000013/R000000014
R000000011/2.469136/0197/R000000012
R000000015/7.400000/0000/Guesstimate
R000000011/8.222222/0091/R000000015
R000000010/5.486969/0112/R000000003/R000000011
R000000001/6.096632/0025/R000000010
Q000000002/3.048316/0000/R000000001
Q000000003/4.115227/0000/R000000016
M000000019/1.000000/0000/Sigma_BB-30085674
R000000018/1.111111/0168/M000000019
R000000021/1.111111/0125/M000000005
R000000021/2.222222/0112/M000000005/R000000009
R000000020/1.234568/0125/R000000021
R000000020/2.345679/0112/R000000021/R000000009
R000000018/1.371742/0040/R000000020
R000000023/1.000000/0000/Guesstimate
R000000024/1.000000/0000/Guesstimate
R000000022/2.222222/0004/R000000023/R000000024
R000000026/1.000000/0000/Guesstimate
R000000025/2.222222/0277/R000000026/R000000024
M000000027/1.000000/0000/Sigma_BB-28516749
R000000028/1.000000/0000/Guesstimate
R000000025/2.222222/0301/M000000027/R000000028
R000000022/2.469136/0024/R000000025
R000000017/3.703704/0049/R000000018/R000000022
R000000029/1.234568/0040/R000000021
R000000031/1.000000/0000/Guesstimate
R000000030/2.222222/0004/M000000005/R000000031
R000000032/1.000000/0000/Guesstimate
R000000033/1.000000/0000/Guesstimate
R000000030/3.333333/0225/M000000005/R000000032/R000000033
R000000029/2.469136/0216/R000000030
R000000034/2.222222/0004/R000000031/R000000028
R000000036/1.000000/0000/Guesstimate
R000000035/2.222222/0277/R000000036/R000000028
R000000037/2.222222/0277/R000000026/R000000028
R000000038/1.000000/0000/Guesstimate
R000000037/2.222222/0301/R000000038/R000000028
R000000035/2.469136/0300/R000000037
R000000034/2.469136/0024/R000000035
R000000017/3.840878/0003/R000000029/R000000034
R000000016/4.115227/0099/R000000017
R000000040/2.345679/0049/R000000018/R000000023
R000000043/7.700000/0000/Guesstimate
R000000042/8.555555/0168/R000000043
R000000044/9.300000/0000/Guesstimate
R000000042/9.300000/0082/R000000044
R000000041/9.506173/0118/R000000042
R000000041/9.506173/0125/R000000042
R000000040/9.506173/0040/R000000041
R000000045/2.222222/0004/R000000023/R000000028
R000000045/2.469136/0024/R000000037
R000000039/5.075447/0049/R000000040/R000000045
R000000016/5.639385/0099/R000000039
Q000000004/6.096632/0000/R000000046
M000000050/1.000000/0000/Sigma_BB-48839434
R000000049/2.222222/0003/M000000005/M000000050
R000000048/2.469136/0099/R000000049
R000000047/5.486969/0112/R000000048/R000000011
R000000046/6.096632/0025/R000000047
R000000052/2.482853/0004/R000000029/R000000031
R000000053/2.345679/0004/R000000021/R000000031
R000000053/3.456790/0225/R000000021/R000000032/R000000033
R000000052/2.606310/0040/R000000053
M000000056/1.000000/0000/Sigma_BB-28764950
M000000057/1.000000/0000/Sigma_BB-187184384
R000000055/2.222222/0004/M000000056/M000000057
R000000054/2.469136/0197/R000000055
R000000051/5.502210/0212/R000000052/R000000054
R000000051/5.502210/0212/R000000052/R000000054
R000000046/6.113567/0028/R000000051
<NEXT>