#
#  Reaction log file
#  Author: LigBuilder V3 User_Diana
#  Creation time: Wed Feb 25 12:22:04 2026
#  Format:
#  QueryMoleculeId/Cost/SynthesizeId/ReactantId1/ReactantId2/ReactantId3.....
#  Id prefix:
#  Q --- Query Molecule
#  M --- Material
#  R --- Reactant
#
Directory      result/synthesize_HsDHODH/132/DATABASE/
#
Q000000001/Analysis Failed
Q000000002/4.572474/0000/R000000001
M000000005/1.000000/0000/Sigma_BB-118263208
R000000004/1.111111/0299/M000000005
M000000006/1.000000/0000/Sigma_BB-27944466
R000000007/1.000000/0000/Guesstimate
R000000004/2.222222/0224/M000000006/R000000007
R000000009/1.000000/0000/Guesstimate
R000000010/1.000000/0000/Guesstimate
R000000008/2.222222/0004/R000000009/R000000010
R000000011/1.000000/0000/Guesstimate
R000000012/1.000000/0000/Guesstimate
R000000008/3.333333/0225/R000000011/R000000010/R000000012
R000000003/3.703704/0212/R000000004/R000000008
R000000003/3.703704/0212/R000000004/R000000008
R000000002/4.115227/0074/R000000003
R000000002/4.115227/0165/R000000003
R000000001/4.572474/0059/R000000002
R000000015/1.234568/0074/R000000004
R000000015/1.234568/0165/R000000004
R000000014/1.371742/0059/R000000015
R000000017/1.000000/0000/Guesstimate
R000000016/2.345679/0175/R000000004/R000000017
R000000016/2.345679/0290/R000000004/R000000017
R000000014/2.606310/0153/R000000016
R000000020/1.000000/0000/Guesstimate
R000000019/2.222222/0004/R000000020/R000000010
R000000021/1.000000/0000/Guesstimate
R000000019/3.333333/0225/R000000021/R000000010/R000000012
R000000018/3.580247/0001/R000000019/R000000020
R000000022/2.222222/0001/R000000020/R000000020
R000000023/1.000000/0000/Guesstimate
R000000022/2.222222/0003/R000000020/R000000023
R000000018/3.580247/0002/R000000022/R000000010
R000000013/5.502210/0212/R000000014/R000000018
R000000013/5.502210/0212/R000000014/R000000018
R000000001/6.113567/0147/R000000013
Q000000003/Analysis Failed
Q000000004/Analysis Failed
<NEXT>