#
#  Reaction log file
#  Author: LigBuilder V3 User_Diana
#  Creation time: Wed Feb 25 12:23:27 2026
#  Format:
#  QueryMoleculeId/Cost/SynthesizeId/ReactantId1/ReactantId2/ReactantId3.....
#  Id prefix:
#  Q --- Query Molecule
#  M --- Material
#  R --- Reactant
#
Directory      result/synthesize_HsDHODH/186/DATABASE/
#
Q000000001/4.328778/0000/R000000001
R000000006/1.000000/0000/Guesstimate
R000000005/1.111111/0297/R000000006
R000000005/1.111111/0297/R000000006
R000000007/1.000000/0000/Guesstimate
R000000004/2.345679/0256/R000000005/R000000007
R000000003/2.606310/0295/R000000004
R000000002/2.895900/0082/R000000003
R000000009/1.000000/0000/Guesstimate
R000000008/2.345679/0003/R000000005/R000000009
R000000010/1.234568/0125/R000000005
R000000011/1.000000/0000/Guesstimate
R000000010/2.345679/0112/R000000005/R000000011
R000000012/1.000000/0000/Guesstimate
R000000008/2.482853/0049/R000000010/R000000012
R000000013/1.000000/0000/Guesstimate
R000000002/3.717421/0012/R000000008/R000000013
R000000001/4.328778/0004/R000000002/R000000009
R000000015/2.345679/0004/R000000005/R000000009
R000000017/1.000000/0000/Guesstimate
R000000016/2.345679/0003/R000000005/R000000017
R000000015/2.606310/0040/R000000016
R000000014/3.717421/0003/R000000015/R000000009
R000000014/3.717421/0004/R000000008/R000000009
R000000001/5.241580/0012/R000000014/R000000013
Q000000002/4.328778/0000/R000000018
R000000022/1.000000/0000/Guesstimate
R000000021/2.345679/0256/R000000005/R000000022
R000000020/2.606310/0295/R000000021
R000000019/2.895900/0041/R000000020
R000000025/1.000000/0000/Guesstimate
R000000024/2.345679/0003/R000000005/R000000025
R000000023/3.717421/0012/R000000024/R000000013
R000000023/3.717421/0285/R000000024/R000000013
R000000019/4.130468/0147/R000000023
R000000018/4.328778/0004/R000000019/R000000009
R000000028/4.007011/0004/R000000020/R000000009
R000000029/1.000000/0000/Guesstimate
R000000030/1.000000/0000/Guesstimate
R000000028/5.118122/0225/R000000020/R000000029/R000000030
R000000031/1.000000/0000/Guesstimate
R000000027/5.563346/0119/R000000028/R000000031
R000000033/1.000000/0000/Guesstimate
R000000032/5.563346/0212/R000000028/R000000033
R000000032/5.563346/0212/R000000028/R000000033
R000000027/6.181496/0260/R000000032
R000000026/6.181496/0041/R000000027
R000000026/6.181496/0233/R000000027
R000000018/6.868329/0024/R000000026
Q000000003/4.328778/0000/R000000001
Q000000004/4.328778/0000/R000000001
<NEXT>