#
#  Reaction log file
#  Author: LigBuilder V3 User_Diana
#  Creation time: Wed Feb 25 12:21:57 2026
#  Format:
#  QueryMoleculeId/Cost/SynthesizeId/ReactantId1/ReactantId2/ReactantId3.....
#  Id prefix:
#  Q --- Query Molecule
#  M --- Material
#  R --- Reactant
#
Directory      result/synthesize_HsDHODH/130/DATABASE/
#
Q000000001/4.420059/0000/R000000001
R000000005/1.000000/0000/Guesstimate
R000000006/1.000000/0000/Guesstimate
R000000004/2.222222/0279/R000000005/R000000006
R000000004/2.222222/0279/R000000005/R000000006
R000000007/1.000000/0000/Guesstimate
R000000003/3.580247/0159/R000000004/R000000007
R000000011/6.000000/0000/Guesstimate
R000000010/6.666667/0287/R000000011
R000000012/9.000000/0000/Guesstimate
R000000010/10.000000/0274/R000000012
R000000009/7.407408/0299/R000000010
R000000014/8.400000/0000/Guesstimate
R000000013/9.333333/0104/R000000014
R000000013/9.333333/0104/R000000014
R000000009/9.333333/0160/R000000013
R000000008/8.230453/0213/R000000009
R000000003/9.144949/0091/R000000008
R000000002/3.978053/0079/R000000003
R000000016/3.978053/0154/R000000003
R000000017/1.000000/0000/Guesstimate
R000000015/5.531170/0231/R000000016/R000000017
R000000019/1.000000/0000/Guesstimate
R000000018/9.341564/0175/R000000009/R000000019
R000000018/9.341564/0290/R000000009/R000000019
R000000015/9.341564/0139/R000000018
R000000002/6.145744/0082/R000000015
R000000001/4.420059/0041/R000000002
R000000001/8.230453/0013/R000000009
Q000000002/4.420059/0000/R000000001
Q000000003/Analysis Failed
<NEXT>