#
#  Reaction log file
#  Author: LigBuilder V3 User_Diana
#  Creation time: Wed Feb 25 12:23:25 2026
#  Format:
#  QueryMoleculeId/Cost/SynthesizeId/ReactantId1/ReactantId2/ReactantId3.....
#  Id prefix:
#  Q --- Query Molecule
#  M --- Material
#  R --- Reactant
#
Directory      result/synthesize_HsDHODH/181/DATABASE/
#
Q000000001/6.096632/0000/R000000001
M000000005/1.000000/0000/Sigma_BB-188062324
R000000006/1.000000/0000/Guesstimate
R000000004/2.222222/0285/M000000005/R000000006
R000000003/2.469136/0294/R000000004
R000000007/2.469136/0228/R000000004
R000000007/2.469136/0286/R000000004
R000000003/2.743484/0296/R000000007
R000000010/1.000000/0000/Guesstimate
R000000011/1.000000/0000/Guesstimate
R000000009/2.222222/0063/R000000010/R000000011
R000000012/1.000000/0000/Guesstimate
R000000009/2.222222/0064/R000000010/R000000012
R000000008/2.469136/0091/R000000009
R000000002/5.486969/0112/R000000003/R000000008
R000000001/6.096632/0059/R000000002
R000000015/1.000000/0000/Guesstimate
R000000016/2.469136/0197/R000000009
R000000017/9.300000/0000/Guesstimate
R000000016/9.300000/0295/R000000017
R000000014/3.854596/0004/R000000015/R000000016
R000000019/1.000000/0000/Guesstimate
R000000018/3.854596/0003/R000000016/R000000019
R000000014/4.282884/0040/R000000018
R000000013/7.026369/0004/R000000003/R000000014
R000000020/3.854596/0004/R000000003/R000000015
R000000021/3.854596/0003/R000000003/R000000019
R000000020/4.282884/0040/R000000021
R000000013/7.026369/0004/R000000020/R000000016
R000000001/7.807076/0153/R000000013
Q000000002/6.096632/0000/R000000001
Q000000003/6.096632/0000/R000000022
R000000026/1.000000/0000/Guesstimate
R000000027/1.000000/0000/Guesstimate
R000000025/2.222222/0112/R000000026/R000000027
R000000024/2.469136/0197/R000000025
R000000029/1.000000/0000/Guesstimate
R000000030/1.000000/0000/Guesstimate
R000000028/2.222222/0274/R000000029/R000000030
R000000024/2.469136/0285/R000000028
R000000023/5.486969/0112/R000000003/R000000024
R000000032/3.854596/0112/R000000003/R000000026
R000000031/4.282884/0197/R000000032
R000000034/3.854596/0004/R000000003/R000000006
R000000033/4.282884/0153/R000000034
R000000036/1.000000/0000/Guesstimate
R000000035/3.854596/0004/R000000003/R000000036
R000000037/4.282884/0247/R000000021
R000000035/4.758760/0040/R000000037
R000000033/4.282884/0197/R000000035
R000000031/4.758760/0260/R000000033
R000000023/5.869872/0112/R000000031/R000000027
R000000022/6.096632/0059/R000000023
R000000041/1.000000/0000/Guesstimate
R000000040/2.222222/0274/R000000041/R000000006
R000000039/2.469136/0001/R000000040
R000000043/1.000000/0000/Guesstimate
R000000042/2.222222/0274/R000000043/R000000006
R000000042/2.469136/0091/R000000040
R000000039/2.469136/0004/R000000042
R000000038/7.026369/0212/R000000035/R000000039
R000000038/7.026369/0212/R000000035/R000000039
R000000022/7.807076/0099/R000000038
<NEXT>