#
#  Reaction log file
#  Author: LigBuilder V3 User_Diana
#  Creation time: Wed Feb 25 12:24:00 2026
#  Format:
#  QueryMoleculeId/Cost/SynthesizeId/ReactantId1/ReactantId2/ReactantId3.....
#  Id prefix:
#  Q --- Query Molecule
#  M --- Material
#  R --- Reactant
#
Directory      result/synthesize_HsDHODH/201/DATABASE/
#
Q000000001/Analysis Failed
Q000000002/Analysis Failed
Q000000003/8.335828/0000/R000000001
R000000007/1.000000/0000/Guesstimate
R000000008/1.000000/0000/Guesstimate
R000000006/2.222222/0274/R000000007/R000000008
R000000005/2.469136/0003/R000000006
R000000009/8.800000/0000/Guesstimate
R000000005/9.777779/0082/R000000009
R000000010/1.000000/0000/Guesstimate
R000000004/3.854596/0277/R000000005/R000000010
R000000013/1.000000/0000/Guesstimate
R000000012/2.222222/0274/R000000013/R000000008
R000000012/2.469136/0085/R000000006
R000000011/2.469136/0003/R000000012
R000000014/2.222222/0003/R000000013/R000000008
R000000011/2.469136/0274/R000000014
R000000004/3.854596/0301/R000000011/R000000010
R000000003/4.282884/0155/R000000004
R000000016/1.000000/0000/Guesstimate
R000000015/3.854596/0277/R000000005/R000000016
R000000015/3.854596/0301/R000000011/R000000016
R000000003/4.282884/0155/R000000015
M000000019/1.000000/0000/Sigma_BB-343104696
R000000020/1.000000/0000/Guesstimate
R000000018/2.222222/0112/M000000019/R000000020
R000000022/1.000000/0000/Guesstimate
R000000021/2.222222/0112/M000000019/R000000022
R000000023/2.222222/0004/M000000019/R000000007
R000000024/1.000000/0000/Guesstimate
R000000021/3.580247/0049/R000000023/R000000024
R000000018/2.469136/0059/R000000021
R000000017/2.469136/0147/R000000018
R000000026/1.000000/0000/Guesstimate
R000000025/2.222222/0003/M000000019/R000000026
R000000017/2.469136/0147/R000000025
R000000002/7.502244/0301/R000000003/R000000017
R000000002/7.502244/0301/R000000003/R000000017
R000000001/8.335828/0099/R000000002
R000000028/4.758760/0099/R000000003
R000000027/7.756648/0301/R000000028/R000000018
R000000029/6.398623/0301/R000000028/M000000019
R000000029/6.398623/0301/R000000028/M000000019
R000000027/8.220693/0112/R000000029/R000000020
R000000001/8.618498/0147/R000000027
Q000000004/8.335828/0000/R000000001
<NEXT>