#
#  Reaction log file
#  Author: LigBuilder V3 User_Diana
#  Creation time: Wed Feb 25 12:24:38 2026
#  Format:
#  QueryMoleculeId/Cost/SynthesizeId/ReactantId1/ReactantId2/ReactantId3.....
#  Id prefix:
#  Q --- Query Molecule
#  M --- Material
#  R --- Reactant
#
Directory      result/synthesize_HsDHODH/218/DATABASE/
#
Q000000001/4.572474/0000/R000000001
R000000005/1.000000/0000/Guesstimate
M000000006/1.000000/0000/Sigma_BB-28839435
R000000004/2.222222/0231/R000000005/M000000006
R000000003/2.469136/0294/R000000004
R000000008/1.000000/0000/Guesstimate
R000000007/2.222222/0231/R000000008/M000000006
R000000003/2.469136/0294/R000000007
M000000011/1.000000/0000/Sigma_BB-28779522
R000000010/1.111111/0091/M000000011
M000000012/1.000000/0000/Sigma_BB-28792480
R000000010/1.111111/0092/M000000012
R000000009/1.234568/0073/R000000010
R000000014/1.000000/0000/Guesstimate
R000000015/1.000000/0000/Guesstimate
R000000013/2.222222/0012/R000000014/R000000015
R000000016/1.000000/0000/Guesstimate
R000000017/1.000000/0000/Guesstimate
R000000013/2.222222/0112/R000000016/R000000017
R000000009/2.469136/0040/R000000013
R000000002/4.115227/0175/R000000003/R000000009
R000000002/4.115227/0290/R000000003/R000000009
R000000001/4.572474/0279/R000000002
R000000001/4.572474/0279/R000000002
Q000000002/8.335828/0000/R000000018
M000000024/1.000000/0000/Sigma_BB-187143765
R000000025/1.000000/0000/Guesstimate
R000000023/2.222222/0277/M000000024/R000000025
R000000022/2.469136/0188/R000000023
M000000027/1.000000/0000/Sigma_BB-28909367
R000000026/2.222222/0277/M000000027/R000000025
R000000022/2.469136/0295/R000000026
R000000028/1.000000/0000/Guesstimate
R000000021/3.854596/0122/R000000022/R000000028
R000000021/3.854596/0122/R000000022/R000000028
R000000020/4.282884/0118/R000000021
R000000020/5.393995/0112/R000000021/R000000017
R000000031/1.000000/0000/Guesstimate
R000000032/1.000000/0000/Guesstimate
R000000030/2.222222/0274/R000000031/R000000032
R000000029/2.469136/0285/R000000030
R000000034/9.000000/0000/Guesstimate
R000000033/10.000000/0256/R000000034/R000000015
R000000029/9.100000/0257/R000000033
R000000019/7.502244/0256/R000000020/R000000029
M000000037/1.000000/0000/Sigma_BB-30182758
R000000038/1.000000/0000/Guesstimate
R000000036/2.222222/0256/M000000037/R000000038
R000000035/2.469136/0295/R000000036
R000000040/1.000000/0000/Guesstimate
R000000039/3.854596/0224/R000000022/R000000040
R000000035/4.282884/0150/R000000039
R000000043/1.000000/0000/Guesstimate
R000000042/3.854596/0256/R000000043/R000000029
R000000041/4.282884/0139/R000000042
R000000045/1.000000/0000/Guesstimate
R000000044/3.854596/0256/R000000045/R000000029
R000000041/4.282884/0147/R000000044
R000000019/7.502244/0279/R000000035/R000000041
R000000018/8.335828/0059/R000000019
R000000047/2.743484/0082/R000000035
R000000048/2.469136/0082/R000000036
R000000047/2.743484/0295/R000000048
R000000051/1.000000/0000/Guesstimate
R000000053/2.743484/0125/R000000029
R000000053/3.854596/0112/R000000017/R000000029
R000000052/3.048316/0059/R000000053
R000000055/1.000000/0000/Guesstimate
R000000054/3.854596/0004/R000000029/R000000055
R000000056/1.000000/0000/Guesstimate
R000000057/1.000000/0000/Guesstimate
R000000054/4.965707/0225/R000000029/R000000056/R000000057
R000000052/4.282884/0153/R000000054
R000000050/4.498129/0256/R000000051/R000000052
M000000058/1.000000/0000/Sigma_BB-28247348
R000000061/1.000000/0000/Guesstimate
R000000060/4.498129/0256/R000000061/R000000052
R000000059/4.997921/0082/R000000060
R000000063/1.000000/0000/Guesstimate
R000000062/4.498129/0180/R000000063/R000000052
R000000059/4.997921/0248/R000000062
R000000050/6.664357/0206/M000000058/R000000059
R000000049/4.997921/0228/R000000050
R000000065/1.000000/0000/Guesstimate
R000000064/6.664357/0141/R000000065/R000000059
R000000049/7.404841/0147/R000000064
R000000046/8.601562/0049/R000000047/R000000049
R000000068/1.000000/0000/Guesstimate
R000000067/3.854596/0279/R000000035/R000000068
R000000071/1.000000/0000/Guesstimate
R000000070/3.854596/0122/R000000022/R000000071
R000000070/3.854596/0122/R000000022/R000000071
R000000069/4.282884/0024/R000000070
R000000069/4.758760/0040/R000000020
R000000067/4.758760/0216/R000000069
R000000066/4.282884/0228/R000000067
R000000072/4.282884/0090/R000000067
R000000077/1.000000/0000/Guesstimate
R000000076/2.222222/0256/M000000037/R000000077
R000000076/2.469136/0293/R000000036
R000000075/2.469136/0295/R000000076
R000000075/2.743484/0293/R000000035
R000000074/4.159427/0004/R000000075/R000000055
R000000079/1.000000/0000/Guesstimate
R000000078/4.159427/0277/R000000075/R000000079
R000000078/4.282884/0090/R000000070
R000000074/4.621586/0024/R000000078
R000000073/4.621586/0093/R000000074
R000000073/5.732697/0212/R000000074/M000000058
R000000072/5.135096/0073/R000000073
R000000066/4.758760/0228/R000000072
R000000046/9.280806/0049/R000000066/R000000059
R000000018/9.557291/0099/R000000046
Q000000003/Analysis Failed
<NEXT>