#
#  Reaction log file
#  Author: LigBuilder V3 User_Diana
#  Creation time: Wed Feb 25 12:22:27 2026
#  Format:
#  QueryMoleculeId/Cost/SynthesizeId/ReactantId1/ReactantId2/ReactantId3.....
#  Id prefix:
#  Q --- Query Molecule
#  M --- Material
#  R --- Reactant
#
Directory      result/synthesize_HsDHODH/148/DATABASE/
#
Q000000001/7.331201/0000/R000000001
R000000005/1.000000/0000/Guesstimate
R000000006/1.000000/0000/Guesstimate
R000000004/2.222222/0279/R000000005/R000000006
R000000004/2.222222/0279/R000000005/R000000006
R000000008/1.000000/0000/Guesstimate
R000000009/1.000000/0000/Guesstimate
R000000007/2.222222/0112/R000000008/R000000009
R000000003/4.938272/0159/R000000004/R000000007
R000000010/1.000000/0000/Guesstimate
R000000002/6.598080/0003/R000000003/R000000010
R000000013/1.000000/0000/Guesstimate
R000000012/2.222222/0279/R000000005/R000000013
R000000012/2.222222/0279/R000000005/R000000013
R000000011/4.938272/0159/R000000012/R000000007
R000000014/1.000000/0000/Guesstimate
R000000002/6.598080/0112/R000000011/R000000014
R000000001/7.331201/0147/R000000002
R000000016/5.486969/0092/R000000011
R000000018/1.000000/0000/Guesstimate
R000000019/1.000000/0000/Guesstimate
R000000017/2.222222/0001/R000000018/R000000019
R000000020/1.000000/0000/Guesstimate
R000000017/2.222222/0003/R000000019/R000000020
R000000015/8.565768/0212/R000000016/R000000017
R000000015/8.565768/0212/R000000016/R000000017
R000000001/9.517521/0147/R000000015
Q000000002/9.256889/0000/R000000021
M000000025/1.000000/0000/Sigma_BB-27568240
R000000024/7.207744/0212/R000000016/M000000025
R000000028/1.000000/0000/Guesstimate
R000000027/6.598080/0112/R000000011/R000000028
R000000026/7.331201/0147/R000000027
M000000031/1.000000/0000/Sigma_BB-28776399
R000000030/7.207744/0212/R000000016/M000000031
R000000030/7.207744/0212/R000000016/M000000031
R000000029/8.008604/0024/R000000030
M000000033/1.000000/0000/Sigma_BB-27087877
R000000032/7.207744/0212/R000000016/M000000033
R000000032/7.207744/0212/R000000016/M000000033
R000000029/8.008604/0073/R000000032
R000000026/8.898449/0197/R000000029
R000000034/1.000000/0000/Guesstimate
R000000024/9.256889/0122/R000000026/R000000034
R000000023/8.008604/0082/R000000024
R000000036/1.000000/0000/Guesstimate
R000000035/7.207744/0212/R000000016/R000000036
R000000038/6.096632/0197/R000000016
R000000039/1.000000/0000/Guesstimate
R000000037/7.885148/0301/R000000038/R000000039
R000000041/6.096632/0093/R000000016
M000000043/1.000000/0000/Sigma_BB-28760742
R000000042/7.207744/0212/R000000016/M000000043
R000000042/7.207744/0212/R000000016/M000000043
R000000041/8.008604/0073/R000000042
R000000040/6.774036/0197/R000000041
R000000045/1.000000/0000/Guesstimate
R000000044/6.598080/0112/R000000011/R000000045
R000000040/7.331201/0147/R000000044
R000000037/8.637818/0122/R000000040/R000000034
R000000035/8.761275/0082/R000000037
R000000046/1.000000/0000/Guesstimate
R000000023/9.119716/0049/R000000035/R000000046
M000000047/1.000000/0000/Sigma_BB-34700957
R000000022/9.008604/0049/R000000023/M000000047
R000000048/1.000000/0000/Guesstimate
R000000022/9.256889/0003/R000000026/R000000048
R000000021/9.256889/0099/R000000022
R000000049/1.000000/0000/Guesstimate
R000000021/9.256889/0122/R000000026/R000000049
Q000000003/7.331201/0000/R000000001
<NEXT>