#
#  Reaction log file
#  Author: LigBuilder V3 User_Diana
#  Creation time: Wed Feb 25 12:28:18 2026
#  Format:
#  QueryMoleculeId/Cost/SynthesizeId/ReactantId1/ReactantId2/ReactantId3.....
#  Id prefix:
#  Q --- Query Molecule
#  M --- Material
#  R --- Reactant
#
Directory      result/synthesize_HsDHODH/298/DATABASE/
#
Q000000001/3.993294/0000/R000000001
M000000005/1.000000/0000/Sigma_BB-30440989
R000000004/1.111111/0125/M000000005
R000000006/1.000000/0000/Guesstimate
R000000004/2.222222/0112/M000000005/R000000006
R000000003/1.234568/0041/R000000004
R000000003/1.234568/0233/R000000004
R000000002/1.371742/0155/R000000003
R000000008/1.000000/0000/Guesstimate
R000000007/2.222222/0004/M000000005/R000000008
R000000010/1.000000/0000/Guesstimate
R000000009/2.222222/0003/M000000005/R000000010
R000000011/1.000000/0000/Guesstimate
R000000009/2.345679/0049/R000000004/R000000011
R000000007/2.469136/0040/R000000009
R000000002/2.469136/0197/R000000007
M000000013/1.000000/0000/Sigma_BB-129708965
R000000012/2.222222/0004/R000000008/M000000013
R000000016/1.000000/0000/Guesstimate
R000000015/2.222222/0112/R000000016/M000000013
R000000014/2.469136/0147/R000000015
R000000018/1.000000/0000/Guesstimate
R000000017/2.222222/0003/R000000018/M000000013
R000000019/1.000000/0000/Guesstimate
M000000020/1.000000/0000/Sigma_BB-70383556
R000000017/2.222222/0112/R000000019/M000000020
R000000014/2.469136/0153/R000000017
R000000012/2.743484/0024/R000000014
R000000001/3.993294/0004/R000000002/R000000012
R000000021/2.635269/0004/R000000002/R000000008
R000000023/2.635269/0112/R000000002/R000000016
R000000022/2.928077/0147/R000000023
R000000021/3.253419/0024/R000000022
R000000001/4.039188/0004/R000000021/M000000013
Q000000002/3.993294/0000/R000000001
Q000000003/3.993294/0000/R000000001
<NEXT>