#
#  Reaction log file
#  Author: LigBuilder V3 User_Diana
#  Creation time: Wed Feb 25 12:20:03 2026
#  Format:
#  QueryMoleculeId/Cost/SynthesizeId/ReactantId1/ReactantId2/ReactantId3.....
#  Id prefix:
#  Q --- Query Molecule
#  M --- Material
#  R --- Reactant
#
Directory      result/synthesize_HsDHODH/103/DATABASE/
#
Q000000001/4.420059/0000/R000000001
M000000005/1.000000/0000/Sigma_BB-152386740
R000000006/1.000000/0000/Guesstimate
R000000004/2.222222/0004/M000000005/R000000006
R000000007/1.000000/0000/Guesstimate
R000000003/3.580247/0212/R000000004/R000000007
R000000008/2.469136/0093/R000000004
M000000009/1.000000/0000/Sigma_BB-28247348
R000000008/3.580247/0212/R000000004/M000000009
R000000010/1.000000/0000/Guesstimate
R000000003/3.854596/0212/R000000008/R000000010
R000000002/3.978053/0125/R000000003
R000000011/1.000000/0000/Guesstimate
R000000002/5.089163/0112/R000000003/R000000011
R000000001/4.420059/0040/R000000002
R000000015/1.000000/0000/Guesstimate
R000000016/1.000000/0000/Guesstimate
R000000014/2.222222/0174/R000000015/R000000016
R000000014/2.222222/0289/R000000015/R000000016
R000000013/2.469136/0197/R000000014
R000000017/7.400000/0000/Guesstimate
R000000013/8.222222/0091/R000000017
R000000012/6.721537/0112/R000000003/R000000013
R000000001/7.468375/0025/R000000012
Q000000002/4.911177/0000/R000000018
R000000021/2.469136/0125/R000000004
R000000021/3.580247/0112/R000000004/R000000011
R000000020/2.743484/0040/R000000021
R000000023/1.000000/0000/Guesstimate
R000000022/3.580247/0004/R000000004/R000000023
R000000024/1.000000/0000/Guesstimate
R000000025/1.000000/0000/Guesstimate
R000000022/4.691358/0225/R000000004/R000000024/R000000025
R000000020/3.978053/0216/R000000022
M000000028/1.000000/0000/Sigma_BB-28764950
R000000027/1.111111/0197/M000000028
R000000026/1.234568/0093/R000000027
M000000030/1.000000/0000/Sigma_BB-28457967
R000000029/2.345679/0212/R000000027/M000000030
R000000029/2.345679/0212/R000000027/M000000030
R000000026/2.606310/0100/R000000029
R000000019/4.420059/0212/R000000020/R000000026
R000000019/4.420059/0212/R000000020/R000000026
R000000018/4.911177/0028/R000000019
M000000034/1.000000/0000/Sigma_BB-31286382
R000000033/3.580247/0212/R000000004/M000000034
R000000033/3.580247/0212/R000000004/M000000034
R000000032/3.978053/0139/R000000033
R000000035/2.743484/0197/R000000008
R000000036/1.000000/0000/Guesstimate
R000000032/4.159427/0122/R000000035/R000000036
R000000031/7.163543/0112/R000000032/R000000013
R000000018/7.959492/0025/R000000031
Q000000003/6.369664/0000/R000000037
R000000040/1.000000/0000/Guesstimate
R000000039/4.159427/0119/R000000020/R000000040
R000000039/4.159427/0280/R000000020/R000000040
M000000041/1.000000/0000/Sigma_BB-28758701
R000000038/5.732697/0212/R000000039/M000000041
R000000043/3.048316/0093/R000000020
R000000043/4.159427/0212/R000000020/M000000009
R000000042/4.498129/0119/R000000043/R000000040
R000000042/4.621586/0093/R000000039
M000000044/1.000000/0000/Sigma_BB-28758528
R000000038/6.109032/0212/R000000042/M000000044
R000000037/6.369664/0024/R000000038
R000000048/1.000000/0000/Guesstimate
R000000047/3.580247/0003/R000000004/R000000048
R000000046/3.978053/0147/R000000047
R000000050/1.000000/0000/Guesstimate
R000000049/3.854596/0003/R000000008/R000000050
R000000051/1.000000/0000/Guesstimate
R000000049/4.159427/0112/R000000035/R000000051
R000000046/4.282884/0147/R000000049
R000000045/7.163543/0112/R000000046/R000000013
R000000037/7.959492/0025/R000000045
<NEXT>