#
#  Reaction log file
#  Author: LigBuilder V3 User_Diana
#  Creation time: Wed Feb 25 12:21:20 2026
#  Format:
#  QueryMoleculeId/Cost/SynthesizeId/ReactantId1/ReactantId2/ReactantId3.....
#  Id prefix:
#  Q --- Query Molecule
#  M --- Material
#  R --- Reactant
#
Directory      result/synthesize_HsDHODH/125/DATABASE/
#
Q000000001/7.207744/0000/R000000001
M000000005/1.000000/0000/Sigma_BB-182112188
R000000006/1.000000/0000/Guesstimate
R000000004/2.222222/0004/M000000005/R000000006
R000000008/1.000000/0000/Guesstimate
R000000007/2.222222/0004/R000000006/R000000008
R000000009/1.000000/0000/Guesstimate
R000000007/2.222222/0301/R000000009/R000000008
R000000003/4.938272/0212/R000000004/R000000007
R000000003/4.938272/0212/R000000004/R000000007
R000000002/5.486969/0296/R000000003
R000000002/5.486969/0296/R000000003
R000000010/1.000000/0000/Guesstimate
R000000001/7.207744/0112/R000000002/R000000010
R000000012/1.000000/0000/Guesstimate
R000000011/7.207744/0112/R000000002/R000000012
R000000013/1.000000/0000/Guesstimate
R000000001/9.119716/0274/R000000011/R000000013
Q000000002/7.207744/0000/R000000001
Q000000003/4.516946/0000/R000000014
M000000015/1.000000/0000/Sigma_BB-70380583
R000000019/1.000000/0000/Guesstimate
R000000022/1.000000/0000/Guesstimate
R000000021/1.111111/0125/R000000022
R000000023/1.000000/0000/Guesstimate
R000000021/2.222222/0112/R000000023/R000000022
R000000020/1.234568/0040/R000000021
R000000025/1.000000/0000/Guesstimate
R000000024/2.222222/0004/R000000022/R000000025
R000000026/1.000000/0000/Guesstimate
R000000024/3.333333/0225/R000000022/R000000026/R000000013
R000000020/2.469136/0216/R000000024
R000000018/2.482853/0003/R000000019/R000000020
R000000027/1.000000/0000/Guesstimate
R000000028/2.222222/0004/R000000006/R000000022
R000000028/2.469136/0085/R000000024
R000000018/3.580247/0049/R000000027/R000000028
R000000017/2.758726/0059/R000000018
R000000030/1.000000/0000/Guesstimate
R000000031/2.469136/0153/R000000028
R000000032/2.469136/0086/R000000028
R000000032/2.469136/0087/R000000024
R000000031/2.743484/0154/R000000032
R000000029/3.854596/0301/R000000030/R000000031
R000000029/3.854596/0301/R000000030/R000000031
R000000017/4.282884/0039/R000000029
R000000016/3.065251/0024/R000000017
R000000016/3.854596/0004/R000000025/R000000031
R000000014/4.516946/0119/M000000015/R000000016
R000000036/1.000000/0000/Guesstimate
R000000035/2.222222/0276/M000000015/R000000036
R000000035/2.222222/0278/M000000015/R000000036
R000000034/2.469136/0091/R000000035
M000000038/1.000000/0000/Sigma_BB-187234791
R000000039/1.000000/0000/Guesstimate
R000000037/2.222222/0276/M000000038/R000000039
R000000037/2.222222/0278/M000000038/R000000039
R000000034/2.469136/0197/R000000037
R000000033/4.115227/0003/R000000034/R000000020
M000000042/1.000000/0000/Sigma_BB-28778979
R000000041/2.222222/0119/M000000015/M000000042
R000000043/1.000000/0000/Guesstimate
R000000041/3.854596/0004/R000000034/R000000043
R000000040/2.469136/0009/R000000041
R000000045/1.000000/0000/Guesstimate
R000000044/2.222222/0119/M000000015/R000000045
R000000046/1.000000/0000/Guesstimate
R000000044/2.222222/0276/M000000015/R000000046
R000000040/2.469136/0079/R000000044
R000000033/5.212621/0049/R000000040/R000000028
R000000014/4.572474/0059/R000000033
<NEXT>