#
#  Reaction log file
#  Author: LigBuilder V3 User_Diana
#  Creation time: Wed Feb 25 12:23:32 2026
#  Format:
#  QueryMoleculeId/Cost/SynthesizeId/ReactantId1/ReactantId2/ReactantId3.....
#  Id prefix:
#  Q --- Query Molecule
#  M --- Material
#  R --- Reactant
#
Directory      result/synthesize_HsDHODH/185/DATABASE/
#
Q000000001/2.758726/0000/R000000001
M000000005/1.000000/0000/Sigma_BB-152386739
R000000004/1.111111/0255/M000000005
M000000006/1.000000/0000/Sigma_BB-152386740
R000000007/1.000000/0000/Guesstimate
R000000004/2.222222/0112/M000000006/R000000007
R000000003/1.234568/0059/R000000004
R000000009/1.000000/0000/Guesstimate
R000000008/2.222222/0004/M000000006/R000000009
R000000010/1.000000/0000/Guesstimate
R000000011/1.000000/0000/Guesstimate
R000000008/3.333333/0225/M000000006/R000000010/R000000011
R000000003/2.469136/0153/R000000008
R000000012/1.000000/0000/Guesstimate
R000000002/2.482853/0112/R000000003/R000000012
R000000014/1.111111/0125/M000000006
R000000014/2.222222/0112/M000000006/R000000012
R000000013/2.345679/0112/R000000014/R000000007
R000000013/2.345679/0112/R000000004/R000000012
R000000002/2.606310/0059/R000000013
R000000001/2.758726/0040/R000000002
R000000018/1.000000/0000/Guesstimate
R000000019/1.000000/0000/Guesstimate
R000000017/2.222222/0174/R000000018/R000000019
R000000017/2.222222/0289/R000000018/R000000019
R000000016/2.469136/0197/R000000017
R000000020/7.400000/0000/Guesstimate
R000000016/8.222222/0091/R000000020
R000000015/4.115227/0112/R000000003/R000000016
R000000001/4.572474/0025/R000000015
Q000000002/4.946928/0000/R000000021
R000000024/2.606310/0040/R000000013
R000000024/3.065251/0260/R000000001
R000000025/1.000000/0000/Guesstimate
R000000023/4.007011/0119/R000000024/R000000025
R000000026/4.176363/0119/R000000001/R000000025
R000000026/4.176363/0280/R000000001/R000000025
R000000023/4.640403/0260/R000000026
R000000022/4.452235/0233/R000000023
R000000022/4.452235/0258/R000000023
R000000021/4.946928/0024/R000000022
R000000029/2.895900/0091/R000000024
R000000028/3.217667/0233/R000000029
R000000028/3.217667/0258/R000000029
R000000030/1.111111/0287/R000000019
R000000030/8.222222/0197/R000000020
R000000027/4.809754/0112/R000000028/R000000030
R000000033/1.000000/0000/Guesstimate
R000000032/2.222222/0004/M000000006/R000000033
R000000034/1.000000/0000/Guesstimate
R000000031/3.580247/0212/R000000032/R000000034
R000000031/3.580247/0212/R000000032/R000000034
R000000027/6.721537/0112/R000000031/R000000016
R000000021/5.344171/0025/R000000027
Q000000003/4.946928/0000/R000000021
<NEXT>