#
#  Reaction log file
#  Author: LigBuilder V3 User_Diana
#  Creation time: Wed Feb 25 12:13:40 2026
#  Format:
#  QueryMoleculeId/Cost/SynthesizeId/ReactantId1/ReactantId2/ReactantId3.....
#  Id prefix:
#  Q --- Query Molecule
#  M --- Material
#  R --- Reactant
#
Directory      result/synthesize_HsDHODH/12/DATABASE/
#
Q000000001/4.115227/0000/R000000001
M000000004/1.000000/0000/Sigma_BB-30085674
R000000003/1.111111/0168/M000000004
M000000007/1.000000/0000/Sigma_BB-152386740
R000000006/1.111111/0125/M000000007
R000000008/1.000000/0000/Guesstimate
R000000006/2.222222/0112/M000000007/R000000008
R000000005/1.234568/0125/R000000006
R000000005/2.345679/0112/R000000006/R000000008
R000000003/1.371742/0040/R000000005
R000000010/1.000000/0000/Guesstimate
R000000011/1.000000/0000/Guesstimate
R000000009/2.222222/0004/R000000010/R000000011
R000000013/1.000000/0000/Guesstimate
R000000012/2.222222/0277/R000000013/R000000011
M000000014/1.000000/0000/Sigma_BB-28516749
R000000015/1.000000/0000/Guesstimate
R000000012/2.222222/0301/M000000014/R000000015
R000000009/2.469136/0024/R000000012
R000000002/3.703704/0049/R000000003/R000000009
R000000016/1.234568/0040/R000000006
R000000018/1.000000/0000/Guesstimate
R000000017/2.222222/0004/M000000007/R000000018
R000000019/1.000000/0000/Guesstimate
R000000020/1.000000/0000/Guesstimate
R000000017/3.333333/0225/M000000007/R000000019/R000000020
R000000016/2.469136/0216/R000000017
R000000021/2.222222/0004/R000000018/R000000015
R000000023/1.000000/0000/Guesstimate
R000000022/2.222222/0277/R000000023/R000000015
R000000024/2.222222/0277/R000000013/R000000015
R000000025/1.000000/0000/Guesstimate
R000000024/2.222222/0301/R000000025/R000000015
R000000022/2.469136/0300/R000000024
R000000021/2.469136/0024/R000000022
R000000002/3.840878/0003/R000000016/R000000021
R000000001/4.115227/0099/R000000002
R000000027/2.345679/0049/R000000003/R000000010
R000000030/7.700000/0000/Guesstimate
R000000029/8.555555/0168/R000000030
R000000031/9.300000/0000/Guesstimate
R000000029/9.300000/0082/R000000031
R000000028/9.506173/0118/R000000029
R000000028/9.506173/0125/R000000029
R000000027/9.506173/0040/R000000028
R000000032/2.222222/0004/R000000010/R000000015
R000000032/2.469136/0024/R000000024
R000000026/5.075447/0049/R000000027/R000000032
R000000001/5.639385/0099/R000000026
Q000000002/4.115227/0000/R000000001
Q000000003/4.777577/0000/R000000033
R000000037/1.000000/0000/Guesstimate
R000000036/2.482853/0119/R000000016/R000000037
R000000036/2.482853/0280/R000000016/R000000037
R000000038/1.000000/0000/Guesstimate
R000000035/3.869837/0112/R000000036/R000000038
R000000039/2.482853/0112/R000000016/R000000038
R000000035/3.869837/0119/R000000039/R000000037
R000000034/4.299819/0059/R000000035
R000000042/1.000000/0000/Guesstimate
R000000041/3.869837/0112/R000000036/R000000042
R000000040/4.299819/0059/R000000041
R000000044/1.000000/0000/Guesstimate
R000000043/3.869837/0004/R000000036/R000000044
R000000045/1.000000/0000/Guesstimate
R000000040/5.410931/0212/R000000043/R000000045
R000000046/1.000000/0000/Guesstimate
R000000034/5.888689/0122/R000000040/R000000046
R000000033/4.777577/0024/R000000034
R000000049/2.758726/0091/R000000039
R000000048/3.065251/0059/R000000049
R000000048/4.176363/0224/R000000049/R000000037
R000000051/1.000000/0000/Guesstimate
R000000050/1.111111/0287/R000000051
R000000052/7.400000/0000/Guesstimate
R000000050/8.222222/0197/R000000052
R000000047/4.640403/0112/R000000048/R000000050
R000000054/2.222222/0112/M000000007/R000000038
R000000053/2.469136/0059/R000000054
M000000056/1.000000/0000/Sigma_BB-28783060
R000000055/2.222222/0004/M000000007/M000000056
R000000057/1.000000/0000/Guesstimate
R000000055/3.333333/0225/M000000007/R000000057/R000000020
R000000053/2.469136/0153/R000000055
R000000060/1.000000/0000/Guesstimate
R000000059/2.222222/0174/R000000060/R000000051
R000000059/2.345679/0112/R000000060/R000000050
R000000058/2.469136/0197/R000000059
R000000058/8.222222/0091/R000000052
R000000047/5.486969/0112/R000000053/R000000058
R000000033/5.156003/0025/R000000047
Q000000004/5.576477/0000/R000000061
R000000064/3.065251/0293/R000000049
R000000063/3.405835/0147/R000000064
R000000062/5.018829/0112/R000000063/R000000050
R000000067/1.000000/0000/Guesstimate
R000000066/2.222222/0003/M000000007/R000000067
R000000065/2.469136/0099/R000000066
R000000068/2.469136/0293/R000000054
R000000065/2.743484/0147/R000000068
R000000062/5.486969/0112/R000000065/R000000058
R000000061/5.576477/0025/R000000062
R000000071/3.869837/0004/R000000036/R000000018
R000000071/4.980948/0225/R000000036/R000000019/R000000020
R000000073/1.000000/0000/Guesstimate
R000000072/1.111111/0040/R000000073
R000000074/1.000000/0000/Guesstimate
R000000072/2.222222/0004/R000000010/R000000074
R000000070/5.534387/0212/R000000071/R000000072
R000000070/5.534387/0212/R000000071/R000000072
R000000069/6.149319/0090/R000000070
R000000077/1.000000/0000/Guesstimate
R000000076/3.869837/0003/R000000036/R000000077
R000000078/4.299819/0197/R000000071
R000000076/5.888689/0112/R000000078/R000000008
R000000075/5.410931/0049/R000000076/R000000010
R000000075/5.888689/0003/R000000078/R000000077
R000000079/1.000000/0000/Guesstimate
R000000069/7.123257/0122/R000000075/R000000079
R000000061/6.832577/0024/R000000069
<NEXT>