#
#  Reaction log file
#  Author: LigBuilder V3 User_Diana
#  Creation time: Wed Feb 25 12:22:25 2026
#  Format:
#  QueryMoleculeId/Cost/SynthesizeId/ReactantId1/ReactantId2/ReactantId3.....
#  Id prefix:
#  Q --- Query Molecule
#  M --- Material
#  R --- Reactant
#
Directory      result/synthesize_HsDHODH/152/DATABASE/
#
Q000000001/4.267643/0000/R000000001
M000000004/1.000000/0000/Sigma_BB-30429753
R000000005/1.000000/0000/Guesstimate
R000000003/2.222222/0003/M000000004/R000000005
R000000006/1.111111/0125/M000000004
R000000007/1.000000/0000/Guesstimate
R000000006/2.222222/0112/M000000004/R000000007
R000000008/1.000000/0000/Guesstimate
R000000003/2.345679/0049/R000000006/R000000008
R000000011/1.000000/0000/Guesstimate
R000000010/1.111111/0293/R000000011
R000000009/1.234568/0090/R000000010
R000000013/1.000000/0000/Guesstimate
R000000014/1.000000/0000/Guesstimate
R000000012/2.222222/0119/R000000013/R000000014
R000000015/1.000000/0000/Guesstimate
R000000012/2.222222/0276/R000000015/R000000014
R000000009/2.469136/0122/R000000012
R000000002/3.840878/0122/R000000003/R000000009
R000000002/3.840878/0122/R000000003/R000000009
R000000001/4.267643/0024/R000000002
M000000019/1.000000/0000/Sigma_BB-28599874
R000000018/2.482853/0003/M000000019/R000000009
M000000020/1.000000/0000/Sigma_BB-136423619
R000000018/2.482853/0277/M000000020/R000000009
R000000017/2.758726/0099/R000000018
M000000022/1.000000/0000/Sigma_BB-28665883
R000000021/2.222222/0003/M000000022/R000000005
M000000023/1.000000/0000/Sigma_BB-244167114
R000000021/2.222222/0049/M000000023/R000000008
R000000017/3.840878/0122/R000000021/R000000009
R000000026/1.000000/0000/Guesstimate
R000000027/1.000000/0000/Guesstimate
R000000025/2.222222/0174/R000000026/R000000027
R000000025/2.222222/0289/R000000026/R000000027
R000000024/2.469136/0197/R000000025
R000000028/7.400000/0000/Guesstimate
R000000024/8.222222/0091/R000000028
R000000016/5.808736/0112/R000000017/R000000024
R000000001/6.454152/0025/R000000016
Q000000002/5.639385/0000/R000000029
M000000032/1.000000/0000/Sigma_BB-65722999
R000000031/2.222222/0003/M000000032/R000000005
R000000031/2.469136/0024/R000000003
R000000035/1.000000/0000/Guesstimate
R000000034/1.111111/0288/R000000035
R000000036/1.000000/0000/Guesstimate
R000000034/1.111111/0291/R000000036
R000000037/1.000000/0000/Guesstimate
R000000033/2.345679/0301/R000000034/R000000037
R000000033/2.345679/0301/R000000034/R000000037
R000000030/5.075447/0122/R000000031/R000000033
R000000030/5.075447/0122/R000000031/R000000033
R000000029/5.639385/0237/R000000030
R000000040/1.234568/0024/R000000006
R000000042/1.000000/0000/Guesstimate
R000000041/2.222222/0004/M000000032/R000000042
R000000040/2.469136/0009/R000000041
M000000044/1.000000/0000/Sigma_BB-27726820
R000000045/1.000000/0000/Guesstimate
R000000043/2.222222/0012/M000000044/R000000045
R000000046/1.000000/0000/Guesstimate
R000000047/1.000000/0000/Guesstimate
R000000043/2.222222/0112/R000000046/R000000047
R000000039/3.840878/0012/R000000040/R000000043
R000000048/2.482853/0012/R000000040/M000000044
R000000048/2.482853/0285/R000000040/M000000044
R000000039/3.869837/0012/R000000048/R000000045
R000000049/1.000000/0000/Guesstimate
R000000038/5.378754/0224/R000000039/R000000049
R000000051/2.469136/0041/R000000031
R000000052/2.469136/0041/R000000003
R000000052/2.469136/0233/R000000003
R000000051/2.743484/0024/R000000052
R000000050/2.743484/0139/R000000051
R000000050/2.743484/0295/R000000051
R000000055/1.000000/0000/Guesstimate
R000000054/2.222222/0112/R000000055/R000000047
R000000054/3.580247/0012/R000000043/R000000045
R000000053/3.580247/0224/R000000054/R000000049
R000000057/1.000000/0000/Guesstimate
R000000056/3.580247/0224/R000000054/R000000057
R000000053/5.089163/0285/R000000056/R000000045
R000000038/7.026369/0279/R000000050/R000000053
R000000029/5.976394/0279/R000000038
Q000000003/6.435335/0000/R000000058
M000000063/1.000000/0000/Sigma_BB-299844597
R000000064/1.000000/0000/Guesstimate
R000000062/2.222222/0301/M000000063/R000000064
R000000062/2.222222/0301/M000000063/R000000064
M000000065/1.000000/0000/Sigma_BB-28764950
R000000061/3.580247/0004/R000000062/M000000065
R000000060/3.978053/0197/R000000061
R000000059/5.791801/0004/R000000060/R000000009
R000000059/5.791801/0277/R000000060/R000000009
R000000058/6.435335/0028/R000000059
R000000068/3.048316/0093/R000000050
R000000069/1.000000/0000/Guesstimate
R000000067/4.498129/0212/R000000068/R000000069
R000000067/4.498129/0212/R000000068/R000000069
M000000072/1.000000/0000/Sigma_BB-34685430
R000000071/2.482853/0277/M000000072/R000000009
R000000070/2.758726/0150/R000000071
R000000073/2.482853/0277/R000000057/R000000009
R000000074/1.000000/0000/Guesstimate
R000000073/2.482853/0301/R000000074/R000000009
R000000070/3.869837/0285/R000000073/R000000045
R000000066/8.063172/0279/R000000067/R000000070
R000000066/8.063172/0279/R000000067/R000000070
R000000058/8.959081/0024/R000000066
<NEXT>