#
#  Reaction log file
#  Author: LigBuilder V3 User_Diana
#  Creation time: Wed Feb 25 12:23:07 2026
#  Format:
#  QueryMoleculeId/Cost/SynthesizeId/ReactantId1/ReactantId2/ReactantId3.....
#  Id prefix:
#  Q --- Query Molecule
#  M --- Material
#  R --- Reactant
#
Directory      result/synthesize_HsDHODH/163/DATABASE/
#
Q000000001/5.531170/0000/R000000001
R000000005/1.000000/0000/Guesstimate
R000000006/1.000000/0000/Guesstimate
R000000004/2.222222/0276/R000000005/R000000006
R000000004/2.222222/0278/R000000005/R000000006
R000000007/1.000000/0000/Guesstimate
R000000003/3.580247/0112/R000000004/R000000007
R000000009/1.000000/0000/Guesstimate
R000000008/3.580247/0112/R000000004/R000000009
R000000010/1.000000/0000/Guesstimate
R000000003/5.089163/0274/R000000008/R000000010
R000000002/3.978053/0276/R000000003
R000000012/2.222222/0276/R000000005/R000000006
R000000012/2.222222/0278/R000000005/R000000006
R000000011/3.580247/0112/R000000012/R000000007
R000000013/3.580247/0112/R000000012/R000000009
R000000011/5.089163/0274/R000000013/R000000010
R000000002/3.978053/0276/R000000011
R000000014/1.000000/0000/Guesstimate
R000000001/5.531170/0256/R000000002/R000000014
R000000016/3.978053/0276/R000000008
R000000016/4.420059/0155/R000000002
R000000015/5.531170/0256/R000000016/R000000014
R000000019/1.000000/0000/Guesstimate
R000000018/5.089163/0256/R000000008/R000000019
R000000017/5.654626/0276/R000000018
R000000020/5.089163/0256/R000000013/R000000019
R000000017/5.654626/0276/R000000020
R000000021/1.000000/0000/Guesstimate
R000000015/7.394029/0279/R000000017/R000000021
R000000001/7.256855/0274/R000000015/R000000010
Q000000002/5.531170/0000/R000000001
Q000000003/2.895900/0000/R000000022
M000000026/1.000000/0000/Sigma_BB-152386739
R000000025/1.111111/0125/M000000026
R000000027/1.000000/0000/Guesstimate
R000000025/2.222222/0112/M000000026/R000000027
R000000028/1.000000/0000/Guesstimate
R000000024/2.345679/0003/R000000025/R000000028
R000000029/1.234568/0091/R000000025
R000000030/1.000000/0000/Guesstimate
R000000024/2.482853/0112/R000000029/R000000030
R000000023/2.606310/0059/R000000024
R000000032/2.222222/0003/M000000026/R000000028
R000000031/2.469136/0059/R000000032
M000000034/1.000000/0000/Sigma_BB-152386740
R000000033/3.333333/0225/M000000034/R000000030/R000000010
R000000033/3.333333/0225/M000000034/R000000030/R000000010
R000000031/3.703704/0153/R000000033
R000000023/3.854596/0112/R000000031/R000000027
R000000022/2.895900/0040/R000000023
R000000038/1.000000/0000/Guesstimate
R000000039/1.000000/0000/Guesstimate
R000000037/2.222222/0174/R000000038/R000000039
R000000037/2.222222/0289/R000000038/R000000039
R000000036/2.469136/0197/R000000037
R000000040/7.400000/0000/Guesstimate
R000000036/8.222222/0091/R000000040
R000000035/5.486969/0112/R000000031/R000000036
R000000022/6.096632/0025/R000000035
<NEXT>