#
#  Reaction log file
#  Author: LigBuilder V3 User_Diana
#  Creation time: Wed Feb 25 12:26:20 2026
#  Format:
#  QueryMoleculeId/Cost/SynthesizeId/ReactantId1/ReactantId2/ReactantId3.....
#  Id prefix:
#  Q --- Query Molecule
#  M --- Material
#  R --- Reactant
#
Directory      result/synthesize_HsDHODH/270/DATABASE/
#
Q000000001/3.854596/0000/R000000001
R000000004/1.000000/0000/Guesstimate
R000000005/1.000000/0000/Guesstimate
R000000003/2.222222/0224/R000000004/R000000005
R000000007/1.000000/0000/Guesstimate
R000000006/2.222222/0224/R000000004/R000000007
R000000003/2.469136/0039/R000000006
R000000002/2.469136/0024/R000000003
R000000010/1.000000/0000/Guesstimate
R000000009/2.222222/0224/R000000004/R000000010
R000000011/1.000000/0000/Guesstimate
R000000008/3.580247/0174/R000000009/R000000011
R000000012/1.111111/0287/R000000011
R000000008/3.703704/0112/R000000009/R000000012
R000000002/3.978053/0025/R000000008
M000000013/1.000000/0000/Sigma_BB-28776791
R000000001/3.854596/0004/R000000002/M000000013
R000000015/1.000000/0000/Guesstimate
R000000014/3.854596/0004/R000000002/R000000015
R000000018/1.000000/0000/Guesstimate
R000000017/3.580247/0277/R000000003/R000000018
R000000016/3.978053/0155/R000000017
R000000020/1.000000/0000/Guesstimate
R000000019/3.854596/0004/R000000002/R000000020
R000000021/1.000000/0000/Guesstimate
R000000016/5.393995/0212/R000000019/R000000021
R000000014/4.420059/0024/R000000016
R000000022/1.000000/0000/Guesstimate
R000000001/5.393995/0004/R000000014/R000000022
Q000000002/3.854596/0000/R000000001
Q000000003/7.620790/0000/R000000023
M000000027/1.000000/0000/Sigma_BB-28864134
R000000026/1.111111/0054/M000000027
M000000028/1.000000/0000/Sigma_BB-129539509
R000000029/1.000000/0000/Guesstimate
R000000026/2.222222/0004/M000000028/R000000029
R000000025/1.234568/0009/R000000026
M000000030/1.000000/0000/Sigma_BB-28667589
R000000031/1.000000/0000/Guesstimate
R000000025/2.222222/0003/M000000030/R000000031
R000000034/1.000000/0000/Guesstimate
R000000033/2.222222/0001/R000000034/R000000031
R000000035/1.000000/0000/Guesstimate
R000000033/2.222222/0004/R000000034/R000000035
R000000037/1.000000/0000/Guesstimate
R000000038/1.000000/0000/Guesstimate
R000000036/2.222222/0170/R000000037/R000000038
R000000039/1.000000/0000/Guesstimate
R000000040/1.000000/0000/Guesstimate
R000000036/2.222222/0170/R000000039/R000000040
R000000032/4.938272/0122/R000000033/R000000036
R000000024/6.858711/0122/R000000025/R000000032
M000000043/1.000000/0000/Sigma_BB-27190735
R000000042/3.580247/0003/M000000043/R000000036
M000000044/1.000000/0000/Sigma_BB-28668201
R000000042/3.580247/0277/M000000044/R000000036
R000000041/3.978053/0099/R000000042
M000000047/1.000000/0000/Sigma_BB-27726099
R000000046/1.111111/0086/M000000047
R000000046/1.111111/0091/M000000047
R000000045/3.703704/0112/R000000046/R000000036
R000000041/4.115227/0099/R000000045
R000000024/6.889194/0122/R000000041/R000000033
R000000023/7.620790/0122/R000000024
R000000023/7.620790/0122/R000000024
Q000000004/7.620790/0000/R000000023
<NEXT>