#
#  Reaction log file
#  Author: LigBuilder V3 User_Diana
#  Creation time: Wed Feb 25 12:21:58 2026
#  Format:
#  QueryMoleculeId/Cost/SynthesizeId/ReactantId1/ReactantId2/ReactantId3.....
#  Id prefix:
#  Q --- Query Molecule
#  M --- Material
#  R --- Reactant
#
Directory      result/synthesize_HsDHODH/127/DATABASE/
#
Q000000001/4.741826/0000/R000000001
M000000006/1.000000/0000/Sigma_BB-152386739
R000000005/1.111111/0093/M000000006
M000000007/1.000000/0000/Sigma_BB-152386740
R000000008/1.000000/0000/Guesstimate
R000000005/2.222222/0004/M000000007/R000000008
R000000004/1.234568/0093/R000000005
M000000009/1.000000/0000/Sigma_BB-28247348
R000000004/2.345679/0212/R000000005/M000000009
R000000011/1.000000/0000/Guesstimate
R000000010/2.222222/0004/R000000008/R000000011
R000000012/1.000000/0000/Guesstimate
R000000013/1.000000/0000/Guesstimate
R000000010/3.333333/0225/R000000012/R000000011/R000000013
R000000003/3.840878/0212/R000000004/R000000010
R000000003/3.840878/0212/R000000004/R000000010
R000000002/4.267643/0125/R000000003
R000000014/1.000000/0000/Guesstimate
R000000002/5.378754/0112/R000000003/R000000014
R000000001/4.741826/0040/R000000002
R000000018/1.000000/0000/Guesstimate
R000000019/1.000000/0000/Guesstimate
R000000017/2.222222/0174/R000000018/R000000019
R000000017/2.222222/0289/R000000018/R000000019
R000000016/2.469136/0197/R000000017
R000000020/7.400000/0000/Guesstimate
R000000016/8.222222/0091/R000000020
R000000015/7.011127/0112/R000000003/R000000016
R000000022/1.234568/0197/R000000005
R000000021/4.115227/0112/R000000022/R000000016
R000000023/3.978053/0112/R000000005/R000000016
R000000021/4.420059/0197/R000000023
R000000026/1.000000/0000/Guesstimate
R000000025/2.222222/0112/R000000026/R000000011
R000000024/2.469136/0147/R000000025
R000000028/1.000000/0000/Guesstimate
R000000027/3.580247/0212/R000000010/R000000028
R000000027/3.580247/0212/R000000010/R000000028
R000000024/3.978053/0155/R000000027
R000000015/7.315959/0301/R000000021/R000000024
R000000001/7.790142/0025/R000000015
Q000000002/4.282884/0000/R000000029
M000000033/1.000000/0000/Sigma_BB-30423282
R000000034/1.000000/0000/Guesstimate
R000000032/2.222222/0279/M000000033/R000000034
R000000032/2.222222/0279/M000000033/R000000034
R000000031/2.469136/0009/R000000032
R000000036/1.000000/0000/Guesstimate
R000000035/2.222222/0279/R000000036/R000000034
R000000035/2.222222/0279/R000000036/R000000034
R000000031/2.469136/0079/R000000035
R000000037/1.000000/0000/Guesstimate
R000000030/3.854596/0159/R000000031/R000000037
R000000040/1.000000/0000/Guesstimate
R000000039/2.222222/0119/R000000028/R000000040
R000000041/1.000000/0000/Guesstimate
R000000039/3.333333/0261/R000000041/R000000040/R000000013
R000000038/5.212621/0159/R000000031/R000000039
R000000030/5.791801/0274/R000000038
R000000029/4.282884/0024/R000000030
R000000045/1.000000/0000/Guesstimate
R000000046/1.000000/0000/Guesstimate
R000000044/2.222222/0279/R000000045/R000000046
R000000044/2.222222/0279/R000000045/R000000046
R000000043/3.580247/0159/R000000044/R000000037
R000000042/5.089163/0174/R000000043/R000000019
R000000047/1.111111/0287/R000000019
R000000047/8.222222/0197/R000000020
R000000042/5.212621/0112/R000000043/R000000047
R000000029/5.654626/0025/R000000042
Q000000003/4.282884/0000/R000000029
<NEXT>