#
#  Reaction log file
#  Author: LigBuilder V3 User_Diana
#  Creation time: Wed Feb 25 12:25:36 2026
#  Format:
#  QueryMoleculeId/Cost/SynthesizeId/ReactantId1/ReactantId2/ReactantId3.....
#  Id prefix:
#  Q --- Query Molecule
#  M --- Material
#  R --- Reactant
#
Directory      result/synthesize_HsDHODH/245/DATABASE/
#
Q000000001/5.791801/0000/R000000001
M000000004/1.000000/0000/Sigma_BB-187114220
R000000005/1.000000/0000/Guesstimate
R000000003/2.222222/0119/M000000004/R000000005
R000000007/1.000000/0000/Guesstimate
R000000006/2.222222/0212/M000000004/R000000007
R000000006/2.222222/0212/M000000004/R000000007
R000000003/2.469136/0260/R000000006
R000000010/1.000000/0000/Guesstimate
M000000011/1.000000/0000/Sigma_BB-182112188
R000000009/2.222222/0112/R000000010/M000000011
R000000008/2.469136/0147/R000000009
R000000008/10.000000/0139/R000000012
R000000002/5.212621/0279/R000000003/R000000008
R000000002/5.212621/0279/R000000003/R000000008
R000000001/5.791801/0024/R000000002
R000000016/1.000000/0000/Guesstimate
R000000017/1.000000/0000/Guesstimate
R000000015/2.222222/0224/R000000016/R000000017
R000000014/2.469136/0024/R000000015
R000000019/1.000000/0000/Guesstimate
R000000018/2.222222/0224/R000000016/R000000019
R000000014/2.469136/0040/R000000018
R000000013/5.486969/0279/R000000014/R000000008
R000000013/5.486969/0279/R000000014/R000000008
R000000001/6.096632/0004/R000000013
Q000000002/5.791801/0000/R000000001
Q000000003/5.823977/0000/R000000020
M000000025/1.000000/0000/Sigma_BB-30085674
R000000024/1.111111/0168/M000000025
R000000026/1.000000/0000/Guesstimate
R000000023/2.345679/0224/R000000024/R000000026
R000000022/3.717421/0119/R000000023/R000000005
R000000028/2.345679/0119/R000000024/R000000005
R000000029/2.222222/0119/M000000025/R000000005
R000000029/2.222222/0280/M000000025/R000000005
R000000028/2.469136/0168/R000000029
M000000030/1.000000/0000/Sigma_BB-27269375
R000000027/3.717421/0224/R000000028/M000000030
R000000022/4.130468/0150/R000000027
M000000031/1.000000/0000/Sigma_BB-28783073
R000000021/5.241580/0279/R000000022/M000000031
R000000034/1.000000/0000/Guesstimate
R000000035/1.000000/0000/Guesstimate
R000000033/2.222222/0095/R000000034/R000000035
R000000036/1.000000/0000/Guesstimate
R000000033/2.222222/0122/R000000036/R000000035
R000000032/2.469136/0059/R000000033
R000000038/1.000000/0000/Guesstimate
R000000039/1.000000/0000/Guesstimate
R000000037/2.222222/0003/R000000038/R000000039
M000000040/1.000000/0000/Sigma_BB-70616430
R000000041/1.000000/0000/Guesstimate
R000000037/2.222222/0003/M000000040/R000000041
R000000032/2.469136/0099/R000000037
R000000021/5.349795/0224/R000000028/R000000032
R000000020/5.823977/0024/R000000021
M000000046/1.000000/0000/Sigma_BB-152386740
R000000045/1.111111/0125/M000000046
R000000047/1.000000/0000/Guesstimate
R000000045/2.222222/0112/M000000046/R000000047
R000000044/2.345679/0224/R000000045/R000000026
R000000048/8.500000/0000/Guesstimate
R000000049/1.000000/0000/Guesstimate
R000000044/9.500000/0170/R000000048/R000000049
R000000043/3.717421/0279/R000000044/M000000031
R000000043/3.978053/0224/R000000045/R000000032
R000000052/1.000000/0000/Guesstimate
R000000053/1.000000/0000/Guesstimate
R000000051/2.222222/0174/R000000052/R000000053
R000000051/2.222222/0289/R000000052/R000000053
R000000050/2.469136/0197/R000000051
R000000054/7.400000/0000/Guesstimate
R000000050/8.222222/0091/R000000054
R000000042/6.873953/0112/R000000043/R000000050
R000000056/3.978053/0112/R000000045/R000000050
R000000055/4.420059/0059/R000000056
R000000055/5.531170/0224/R000000056/R000000005
R000000058/1.000000/0000/Guesstimate
R000000057/2.222222/0122/R000000058/R000000035
R000000057/2.222222/0122/R000000058/R000000035
R000000042/7.380312/0170/R000000055/R000000057
R000000020/7.637726/0025/R000000042
<NEXT>