#
#  Reaction log file
#  Author: LigBuilder V3 User_Diana
#  Creation time: Wed Feb 25 12:24:13 2026
#  Format:
#  QueryMoleculeId/Cost/SynthesizeId/ReactantId1/ReactantId2/ReactantId3.....
#  Id prefix:
#  Q --- Query Molecule
#  M --- Material
#  R --- Reactant
#
Directory      result/synthesize_HsDHODH/221/DATABASE/
#
Q000000001/7.315958/0000/R000000001
M000000005/1.000000/0000/Sigma_BB-182112188
R000000006/1.000000/0000/Guesstimate
R000000004/2.222222/0112/M000000005/R000000006
R000000007/1.000000/0000/Guesstimate
R000000003/3.580247/0004/R000000004/R000000007
R000000008/2.222222/0004/M000000005/R000000007
R000000003/3.580247/0112/R000000008/R000000006
M000000011/1.000000/0000/Sigma_BB-30751994
R000000010/1.111111/0197/M000000011
R000000012/1.000000/0000/Guesstimate
M000000013/1.000000/0000/Sigma_BB-27193416
R000000010/2.222222/0212/R000000012/M000000013
R000000009/2.345679/0004/R000000007/R000000010
M000000015/1.000000/0000/Sigma_BB-28516749
M000000016/1.000000/0000/Sigma_BB-48709317
R000000014/2.222222/0301/M000000015/M000000016
R000000017/1.000000/0000/Guesstimate
R000000014/2.345679/0277/R000000017/R000000010
R000000009/2.469136/0024/R000000014
R000000002/6.584363/0212/R000000003/R000000009
R000000002/6.584363/0212/R000000003/R000000009
R000000001/7.315958/0296/R000000002
R000000001/7.315958/0296/R000000002
Q000000002/7.256855/0000/R000000018
M000000022/1.000000/0000/Sigma_BB-28775379
R000000021/3.580247/0212/R000000008/M000000022
R000000021/3.580247/0212/R000000008/M000000022
R000000020/3.978053/0296/R000000021
R000000020/3.978053/0296/R000000021
M000000023/1.000000/0000/Sigma_BB-29589473
R000000019/5.531170/0212/R000000020/M000000023
R000000019/5.531170/0212/R000000020/M000000023
R000000018/7.256855/0112/R000000019/R000000006
R000000026/5.089163/0112/R000000021/R000000006
R000000026/5.089163/0212/R000000003/M000000022
R000000025/5.654626/0296/R000000026
R000000025/5.654626/0296/R000000026
R000000028/1.000000/0000/Guesstimate
M000000030/1.000000/0000/Sigma_BB-135967504
R000000029/1.111111/0155/M000000030
M000000031/1.000000/0000/Sigma_BB-28769104
R000000032/1.000000/0000/Guesstimate
R000000029/2.222222/0212/M000000031/R000000032
R000000027/2.345679/0004/R000000028/R000000029
R000000034/1.000000/0000/Guesstimate
R000000033/2.345679/0277/R000000034/R000000029
R000000033/2.345679/0301/R000000017/R000000029
R000000027/2.606310/0024/R000000033
R000000024/8.889228/0212/R000000025/R000000027
R000000024/8.889228/0212/R000000025/R000000027
R000000018/9.876920/0190/R000000024
Q000000003/7.256855/0000/R000000018
<NEXT>