#
#  Reaction log file
#  Author: LigBuilder V3 User_Diana
#  Creation time: Wed Feb 25 12:21:56 2026
#  Format:
#  QueryMoleculeId/Cost/SynthesizeId/ReactantId1/ReactantId2/ReactantId3.....
#  Id prefix:
#  Q --- Query Molecule
#  M --- Material
#  R --- Reactant
#
Directory      result/synthesize_HsDHODH/141/DATABASE/
#
Q000000001/5.654626/0000/R000000001
R000000005/1.000000/0000/Guesstimate
R000000006/1.000000/0000/Guesstimate
R000000004/2.222222/0003/R000000005/R000000006
R000000007/1.000000/0000/Guesstimate
R000000003/3.580247/0012/R000000004/R000000007
R000000009/1.000000/0000/Guesstimate
R000000008/3.580247/0012/R000000004/R000000009
R000000008/3.580247/0285/R000000004/R000000009
R000000003/3.978053/0147/R000000008
R000000010/1.000000/0000/Guesstimate
R000000002/5.089163/0159/R000000003/R000000010
R000000013/1.000000/0000/Guesstimate
R000000014/1.000000/0000/Guesstimate
R000000012/2.222222/0279/R000000013/R000000014
R000000012/2.222222/0279/R000000013/R000000014
R000000011/2.469136/0079/R000000012
R000000016/1.000000/0000/Guesstimate
R000000015/2.222222/0279/R000000016/R000000014
R000000015/2.222222/0279/R000000016/R000000014
R000000011/2.469136/0082/R000000015
R000000018/1.000000/0000/Guesstimate
R000000017/2.222222/0112/R000000018/R000000006
R000000019/1.000000/0000/Guesstimate
R000000021/1.000000/0000/Guesstimate
R000000020/2.222222/0004/R000000021/R000000006
R000000017/3.580247/0049/R000000019/R000000020
R000000002/5.212621/0159/R000000011/R000000017
R000000001/5.654626/0147/R000000002
R000000025/1.000000/0000/Guesstimate
R000000024/1.111111/0125/R000000025
R000000026/1.000000/0000/Guesstimate
R000000024/2.222222/0112/R000000026/R000000025
R000000023/3.703704/0159/R000000024/R000000017
R000000028/1.000000/0000/Guesstimate
R000000027/3.580247/0012/R000000004/R000000028
R000000027/3.580247/0285/R000000004/R000000028
R000000023/5.089163/0159/R000000027/R000000010
R000000022/5.226338/0049/R000000023/R000000021
R000000030/4.115227/0041/R000000023
R000000030/4.115227/0233/R000000023
R000000029/4.572474/0155/R000000030
R000000022/6.191638/0112/R000000029/R000000026
R000000001/5.807042/0147/R000000022
Q000000002/5.654626/0000/R000000001
Q000000003/8.693347/0000/R000000031
R000000034/4.115227/0040/R000000023
R000000033/4.572474/0091/R000000034
R000000036/1.000000/0000/Guesstimate
R000000037/1.000000/0000/Guesstimate
R000000035/2.222222/0279/R000000036/R000000037
R000000035/2.222222/0279/R000000036/R000000037
R000000033/4.938272/0159/R000000035/R000000017
R000000040/1.000000/0000/Guesstimate
R000000041/1.000000/0000/Guesstimate
R000000039/2.222222/0277/R000000040/R000000041
R000000038/2.469136/0122/R000000039
R000000038/2.469136/0122/R000000039
R000000032/7.824012/0112/R000000033/R000000038
R000000042/4.572474/0197/R000000034
M000000045/1.000000/0000/Sigma_BB-28785051
R000000044/2.222222/0285/M000000045/R000000019
R000000043/2.469136/0091/R000000044
M000000048/1.000000/0000/Sigma_BB-28830366
M000000049/1.000000/0000/Sigma_BB-28931856
R000000047/2.222222/0004/M000000048/M000000049
M000000052/1.000000/0000/Sigma_BB-28764950
R000000051/1.111111/0197/M000000052
R000000050/2.345679/0004/R000000051/M000000049
M000000054/1.000000/0000/Sigma_BB-28903157
R000000053/2.345679/0004/R000000051/M000000054
R000000053/2.345679/0277/R000000051/M000000054
R000000050/2.606310/0099/R000000053
R000000047/2.606310/0300/R000000050
R000000046/2.469136/0087/R000000047
R000000043/2.743484/0028/R000000046
R000000032/7.824012/0112/R000000042/R000000043
R000000031/8.693347/0147/R000000032
R000000056/5.807042/0040/R000000022
R000000058/1.000000/0000/Guesstimate
R000000057/6.191638/0301/R000000029/R000000058
R000000057/6.191638/0301/R000000029/R000000058
R000000056/6.879599/0073/R000000057
R000000055/9.058579/0212/R000000056/R000000050
R000000055/9.058579/0212/R000000056/R000000050
R000000031/9.058579/0028/R000000055
Q000000004/5.654626/0000/R000000001
<NEXT>