#
#  Reaction log file
#  Author: LigBuilder V3 User_Diana
#  Creation time: Wed Feb 25 12:23:03 2026
#  Format:
#  QueryMoleculeId/Cost/SynthesizeId/ReactantId1/ReactantId2/ReactantId3.....
#  Id prefix:
#  Q --- Query Molecule
#  M --- Material
#  R --- Reactant
#
Directory      result/synthesize_HsDHODH/164/DATABASE/
#
Q000000001/2.895900/0000/R000000001
M000000005/1.000000/0000/Sigma_BB-152386739
R000000004/1.111111/0125/M000000005
R000000006/1.000000/0000/Guesstimate
R000000004/2.222222/0112/M000000005/R000000006
R000000007/1.000000/0000/Guesstimate
R000000003/2.345679/0003/R000000004/R000000007
R000000008/1.234568/0091/R000000004
R000000009/1.000000/0000/Guesstimate
R000000003/2.482853/0112/R000000008/R000000009
R000000002/2.606310/0059/R000000003
R000000011/2.222222/0003/M000000005/R000000007
M000000012/1.000000/0000/Sigma_BB-152386740
R000000013/1.000000/0000/Guesstimate
R000000011/2.222222/0112/M000000012/R000000013
R000000010/2.469136/0059/R000000011
R000000015/1.000000/0000/Guesstimate
R000000014/2.222222/0004/M000000012/R000000015
R000000016/1.000000/0000/Guesstimate
R000000014/3.333333/0225/M000000012/R000000009/R000000016
R000000010/2.469136/0153/R000000014
R000000002/3.854596/0112/R000000010/R000000006
R000000001/2.895900/0040/R000000002
R000000020/1.000000/0000/Guesstimate
R000000021/1.000000/0000/Guesstimate
R000000019/2.222222/0174/R000000020/R000000021
R000000019/2.222222/0289/R000000020/R000000021
R000000018/2.469136/0197/R000000019
R000000022/7.400000/0000/Guesstimate
R000000018/8.222222/0091/R000000022
R000000017/5.486969/0112/R000000010/R000000018
R000000001/6.096632/0025/R000000017
Q000000002/4.572474/0000/R000000023
R000000027/1.000000/0000/Guesstimate
R000000026/2.222222/0004/M000000012/R000000027
R000000029/1.000000/0000/Guesstimate
R000000028/1.111111/0040/R000000029
R000000030/1.000000/0000/Guesstimate
R000000031/1.000000/0000/Guesstimate
R000000028/2.222222/0004/R000000030/R000000031
R000000025/3.703704/0212/R000000026/R000000028
R000000025/3.703704/0212/R000000026/R000000028
R000000024/4.115227/0125/R000000025
R000000024/5.226338/0112/R000000025/R000000006
R000000023/4.572474/0040/R000000024
R000000032/6.858711/0112/R000000025/R000000018
R000000023/7.620790/0025/R000000032
Q000000003/2.895900/0000/R000000033
R000000035/2.345679/0003/R000000004/R000000030
R000000036/1.000000/0000/Guesstimate
R000000035/2.482853/0112/R000000008/R000000036
R000000034/2.606310/0059/R000000035
R000000038/2.222222/0003/M000000005/R000000030
R000000038/4.115227/0257/R000000025
R000000037/2.469136/0059/R000000038
R000000039/3.333333/0225/M000000012/R000000036/R000000016
R000000039/3.333333/0225/M000000012/R000000036/R000000016
R000000037/3.703704/0153/R000000039
R000000034/3.854596/0112/R000000037/R000000006
R000000033/2.895900/0040/R000000034
R000000040/5.486969/0112/R000000037/R000000018
R000000033/6.096632/0025/R000000040
<NEXT>