#
#  Reaction log file
#  Author: LigBuilder V3 User_Diana
#  Creation time: Wed Feb 25 12:24:52 2026
#  Format:
#  QueryMoleculeId/Cost/SynthesizeId/ReactantId1/ReactantId2/ReactantId3.....
#  Id prefix:
#  Q --- Query Molecule
#  M --- Material
#  R --- Reactant
#
Directory      result/synthesize_HsDHODH/235/DATABASE/
#
Q000000001/5.791801/0000/R000000001
M000000004/1.000000/0000/Sigma_BB-235311397
R000000005/1.000000/0000/Guesstimate
R000000003/2.222222/0003/M000000004/R000000005
R000000006/1.111111/0125/M000000004
R000000007/1.000000/0000/Guesstimate
R000000006/2.222222/0112/M000000004/R000000007
R000000008/1.000000/0000/Guesstimate
R000000003/2.345679/0049/R000000006/R000000008
R000000011/1.000000/0000/Guesstimate
R000000012/1.000000/0000/Guesstimate
R000000010/2.222222/0012/R000000011/R000000012
R000000010/2.222222/0285/R000000011/R000000012
R000000009/2.469136/0276/R000000010
R000000009/2.469136/0278/R000000010
R000000002/5.212621/0122/R000000003/R000000009
R000000002/5.212621/0122/R000000003/R000000009
R000000001/5.791801/0059/R000000002
R000000015/1.234568/0040/R000000006
M000000017/1.000000/0000/Sigma_BB-28599874
R000000016/2.222222/0003/M000000017/R000000005
R000000015/2.469136/0059/R000000016
R000000018/1.000000/0000/Guesstimate
R000000014/2.482853/0001/R000000015/R000000018
R000000019/1.000000/0000/Guesstimate
R000000014/2.482853/0003/R000000015/R000000019
R000000022/1.000000/0000/Guesstimate
R000000021/2.222222/0256/R000000011/R000000022
R000000020/2.469136/0276/R000000021
R000000020/2.469136/0278/R000000021
R000000013/5.502210/0042/R000000014/R000000020
R000000023/2.222222/0004/M000000004/R000000008
M000000026/1.000000/0000/Sigma_BB-28665883
R000000025/2.222222/0003/M000000026/R000000005
M000000027/1.000000/0000/Sigma_BB-184773838
R000000025/2.222222/0049/M000000027/R000000008
R000000024/3.580247/0004/R000000025/R000000008
R000000023/3.978053/0059/R000000024
R000000029/2.743484/0118/R000000009
R000000029/3.854596/0112/R000000007/R000000009
R000000028/3.048316/0059/R000000029
R000000030/1.000000/0000/Guesstimate
R000000028/4.159427/0224/R000000029/R000000030
R000000013/5.856154/0049/R000000023/R000000028
R000000001/6.113567/0099/R000000013
Q000000002/5.791801/0000/R000000001
Q000000003/5.791801/0000/R000000001
<NEXT>