#
#  Reaction log file
#  Author: LigBuilder V3 User_Diana
#  Creation time: Wed Feb 25 12:19:25 2026
#  Format:
#  QueryMoleculeId/Cost/SynthesizeId/ReactantId1/ReactantId2/ReactantId3.....
#  Id prefix:
#  Q --- Query Molecule
#  M --- Material
#  R --- Reactant
#
Directory      result/synthesize_HsDHODH/99/DATABASE/
#
Q000000001/5.807042/0000/R000000001
R000000005/1.000000/0000/Guesstimate
R000000006/1.000000/0000/Guesstimate
R000000007/1.000000/0000/Guesstimate
R000000004/3.333333/0225/R000000005/R000000006/R000000007
R000000004/3.333333/0225/R000000005/R000000006/R000000007
R000000003/3.703704/0197/R000000004
R000000008/1.000000/0000/Guesstimate
R000000002/5.226338/0081/R000000003/R000000008
R000000009/3.703704/0153/R000000004
R000000009/4.115227/0156/R000000003
R000000002/5.226338/0210/R000000009/R000000008
R000000001/5.807042/0024/R000000002
R000000013/1.000000/0000/Guesstimate
R000000012/2.222222/0112/R000000013/R000000006
R000000011/2.469136/0040/R000000012
R000000014/1.000000/0000/Guesstimate
R000000016/1.000000/0000/Guesstimate
R000000015/2.222222/0004/R000000016/R000000006
R000000011/3.580247/0049/R000000014/R000000015
R000000019/1.000000/0000/Guesstimate
R000000020/1.000000/0000/Guesstimate
R000000018/2.222222/0112/R000000019/R000000020
R000000021/1.000000/0000/Guesstimate
R000000022/1.000000/0000/Guesstimate
R000000018/2.222222/0112/R000000021/R000000022
R000000017/2.469136/0039/R000000018
M000000024/1.000000/0000/Sigma_BB-28799125
R000000025/1.000000/0000/Guesstimate
R000000023/2.222222/0119/M000000024/R000000025
R000000023/2.222222/0280/M000000024/R000000025
R000000017/2.469136/0082/R000000023
R000000010/5.486969/0081/R000000011/R000000017
R000000028/1.000000/0000/Guesstimate
R000000027/2.222222/0112/R000000028/R000000020
R000000029/1.000000/0000/Guesstimate
R000000027/2.222222/0112/R000000029/R000000022
R000000026/2.469136/0039/R000000027
R000000031/1.000000/0000/Guesstimate
R000000030/2.222222/0112/R000000031/R000000005
R000000032/1.000000/0000/Guesstimate
R000000033/1.000000/0000/Guesstimate
R000000030/2.222222/0112/R000000032/R000000033
R000000026/2.469136/0059/R000000030
R000000010/5.486969/0210/R000000011/R000000026
R000000001/6.096632/0024/R000000010
Q000000002/5.807042/0000/R000000001
Q000000003/5.807042/0000/R000000001
Q000000004/4.130468/0000/R000000034
M000000038/1.000000/0000/Sigma_BB-30085674
R000000037/1.111111/0168/M000000038
R000000036/2.345679/0119/R000000037/R000000025
R000000039/2.222222/0119/M000000038/R000000025
R000000039/2.222222/0280/M000000038/R000000025
R000000036/2.469136/0168/R000000039
R000000040/1.000000/0000/Guesstimate
R000000035/3.717421/0256/R000000036/R000000040
R000000043/1.000000/0000/Guesstimate
R000000042/2.345679/0256/R000000037/R000000043
R000000041/3.717421/0119/R000000042/R000000025
R000000045/1.000000/0000/Guesstimate
R000000044/3.717421/0256/R000000036/R000000045
R000000041/4.130468/0155/R000000044
R000000046/1.000000/0000/Guesstimate
R000000035/5.241580/0301/R000000041/R000000046
R000000034/4.130468/0024/R000000035
M000000050/1.000000/0000/Sigma_BB-152386740
R000000049/1.111111/0125/M000000050
R000000049/2.222222/0112/M000000050/R000000031
R000000048/2.345679/0256/R000000049/R000000040
M000000052/1.000000/0000/Sigma_BB-30564997
R000000051/2.222222/0112/M000000050/M000000052
R000000048/2.469136/0233/R000000051
R000000055/1.000000/0000/Guesstimate
R000000056/1.000000/0000/Guesstimate
R000000054/2.222222/0174/R000000055/R000000056
R000000054/2.222222/0289/R000000055/R000000056
R000000053/2.469136/0197/R000000054
R000000057/7.400000/0000/Guesstimate
R000000053/8.222222/0091/R000000057
R000000047/5.349795/0112/R000000048/R000000053
R000000034/5.944217/0025/R000000047
<NEXT>