#
#  Reaction log file
#  Author: LigBuilder V3 User_Diana
#  Creation time: Wed Feb 25 12:13:29 2026
#  Format:
#  QueryMoleculeId/Cost/SynthesizeId/ReactantId1/ReactantId2/ReactantId3.....
#  Id prefix:
#  Q --- Query Molecule
#  M --- Material
#  R --- Reactant
#
Directory      result/synthesize_HsDHODH/5/DATABASE/
#
Q000000001/4.130468/0000/R000000001
M000000005/1.000000/0000/Sigma_BB-30085674
R000000004/1.111111/0168/M000000005
R000000006/1.000000/0000/Guesstimate
R000000003/2.345679/0119/R000000004/R000000006
R000000007/2.222222/0119/M000000005/R000000006
R000000007/2.222222/0280/M000000005/R000000006
R000000003/2.469136/0168/R000000007
R000000008/1.000000/0000/Guesstimate
R000000002/3.717421/0256/R000000003/R000000008
R000000011/1.000000/0000/Guesstimate
R000000010/2.345679/0256/R000000004/R000000011
R000000009/3.717421/0119/R000000010/R000000006
R000000009/3.717421/0256/R000000003/R000000011
R000000012/1.000000/0000/Guesstimate
R000000002/5.241580/0279/R000000009/R000000012
R000000001/4.130468/0024/R000000002
M000000016/1.000000/0000/Sigma_BB-152386740
R000000015/1.111111/0125/M000000016
R000000017/1.000000/0000/Guesstimate
R000000015/2.222222/0112/M000000016/R000000017
R000000014/2.345679/0256/R000000015/R000000008
M000000019/1.000000/0000/Sigma_BB-30487926
R000000018/2.222222/0112/M000000016/M000000019
R000000014/2.469136/0233/R000000018
R000000022/1.000000/0000/Guesstimate
R000000023/1.000000/0000/Guesstimate
R000000021/2.222222/0174/R000000022/R000000023
R000000021/2.222222/0289/R000000022/R000000023
R000000020/2.469136/0197/R000000021
R000000024/7.400000/0000/Guesstimate
R000000020/8.222222/0091/R000000024
R000000013/5.349795/0112/R000000014/R000000020
R000000001/5.944217/0025/R000000013
Q000000002/4.130468/0000/R000000001
Q000000003/4.130468/0000/R000000001
<NEXT>