#
#  Reaction log file
#  Author: LigBuilder V3 User_Diana
#  Creation time: Wed Feb 25 12:26:04 2026
#  Format:
#  QueryMoleculeId/Cost/SynthesizeId/ReactantId1/ReactantId2/ReactantId3.....
#  Id prefix:
#  Q --- Query Molecule
#  M --- Material
#  R --- Reactant
#
Directory      result/synthesize_HsDHODH/258/DATABASE/
#
Q000000001/Analysis Failed
Q000000002/Analysis Failed
Q000000003/7.207744/0000/R000000001
M000000005/1.000000/0000/Sigma_BB-28398162
R000000006/1.000000/0000/Guesstimate
R000000004/2.222222/0001/M000000005/R000000006
M000000007/1.000000/0000/Sigma_BB-28445293
R000000008/1.000000/0000/Guesstimate
R000000004/2.222222/0002/M000000007/R000000008
R000000010/1.000000/0000/Guesstimate
R000000011/1.000000/0000/Guesstimate
R000000009/2.222222/0170/R000000010/R000000011
R000000012/1.000000/0000/Guesstimate
R000000013/1.000000/0000/Guesstimate
R000000009/2.222222/0170/R000000012/R000000013
R000000003/4.938272/0122/R000000004/R000000009
R000000003/4.938272/0122/R000000004/R000000009
R000000002/5.486969/0024/R000000003
R000000016/1.000000/0000/Guesstimate
R000000015/3.580247/0119/R000000004/R000000016
R000000015/3.580247/0280/R000000004/R000000016
R000000018/1.000000/0000/Guesstimate
R000000017/1.111111/0040/R000000018
R000000017/2.469136/0024/R000000009
R000000014/5.212621/0122/R000000015/R000000017
R000000014/5.212621/0122/R000000015/R000000017
R000000002/5.791801/0024/R000000014
R000000019/1.000000/0000/Guesstimate
R000000001/7.207744/0003/R000000002/R000000019
R000000020/6.902912/0003/R000000014/R000000019
R000000023/1.000000/0000/Guesstimate
R000000022/3.580247/0122/R000000004/R000000023
R000000022/3.580247/0122/R000000004/R000000023
R000000021/5.089163/0119/R000000022/R000000016
R000000021/5.089163/0122/R000000015/R000000023
R000000026/1.000000/0000/Guesstimate
R000000025/2.222222/0004/R000000026/R000000019
R000000027/1.000000/0000/Guesstimate
R000000028/1.000000/0000/Guesstimate
R000000025/3.333333/0225/R000000027/R000000019/R000000028
R000000024/2.469136/0086/R000000025
R000000024/2.469136/0091/R000000025
R000000020/8.398110/0112/R000000021/R000000024
R000000001/7.669903/0024/R000000020
Q000000004/7.207744/0000/R000000001
<NEXT>