#
#  Reaction log file
#  Author: LigBuilder V3 User_Diana
#  Creation time: Wed Feb 25 12:21:12 2026
#  Format:
#  QueryMoleculeId/Cost/SynthesizeId/ReactantId1/ReactantId2/ReactantId3.....
#  Id prefix:
#  Q --- Query Molecule
#  M --- Material
#  R --- Reactant
#
Directory      result/synthesize_HsDHODH/120/DATABASE/
#
Q000000001/4.436994/0000/R000000001
M000000004/1.000000/0000/Sigma_BB-28426400
R000000005/1.000000/0000/Guesstimate
R000000003/2.222222/0004/M000000004/R000000005
M000000007/1.000000/0000/Sigma_BB-37467573
R000000008/1.000000/0000/Guesstimate
R000000009/1.000000/0000/Guesstimate
R000000006/3.333333/0261/M000000007/R000000008/R000000009
R000000003/3.703704/0024/R000000006
M000000013/1.000000/0000/Sigma_BB-28764950
R000000012/1.111111/0085/M000000013
R000000011/1.234568/0204/R000000012
R000000010/1.371742/0041/R000000011
R000000014/2.222222/0212/M000000013/R000000005
R000000014/2.222222/0212/M000000013/R000000005
R000000010/2.469136/0085/R000000014
R000000002/3.993294/0212/R000000003/R000000010
R000000002/3.993294/0212/R000000003/R000000010
R000000001/4.436994/0028/R000000002
R000000016/2.345679/0212/R000000012/R000000005
R000000018/1.000000/0000/Guesstimate
R000000017/2.222222/0004/M000000013/R000000018
R000000017/2.222222/0277/M000000013/R000000018
R000000016/2.469136/0197/R000000017
R000000015/5.075447/0212/R000000003/R000000016
R000000015/5.075447/0212/R000000003/R000000016
R000000001/5.639385/0028/R000000015
Q000000002/7.995245/0000/R000000019
M000000025/1.000000/0000/Sigma_BB-152386739
R000000024/1.111111/0093/M000000025
M000000026/1.000000/0000/Sigma_BB-152386740
R000000027/1.000000/0000/Guesstimate
R000000024/2.222222/0004/M000000026/R000000027
R000000028/1.000000/0000/Guesstimate
R000000023/2.345679/0212/R000000024/R000000028
R000000023/2.345679/0212/R000000024/R000000028
R000000022/2.606310/0125/R000000023
R000000029/1.000000/0000/Guesstimate
R000000022/3.717421/0112/R000000023/R000000029
R000000021/4.007011/0004/R000000022/R000000027
R000000031/1.000000/0000/Guesstimate
R000000030/4.007011/0277/R000000022/R000000031
R000000032/1.000000/0000/Guesstimate
R000000030/4.007011/0301/R000000022/R000000032
R000000021/4.452235/0024/R000000030
R000000035/1.000000/0000/Guesstimate
M000000036/1.000000/0000/Sigma_BB-128506535
R000000034/2.222222/0170/R000000035/M000000036
R000000037/1.000000/0000/Guesstimate
M000000038/1.000000/0000/Sigma_BB-137827595
R000000034/2.222222/0170/R000000037/M000000038
R000000033/2.469136/0004/R000000034
R000000040/7.300000/0000/Guesstimate
R000000039/8.111112/0118/R000000040
R000000039/9.222222/0112/R000000040/R000000029
R000000033/9.012346/0040/R000000039
R000000020/7.195720/0212/R000000021/R000000033
R000000020/7.195720/0212/R000000021/R000000033
R000000019/7.995245/0040/R000000020
R000000043/4.452235/0055/R000000021
R000000042/4.946928/0147/R000000043
R000000045/1.000000/0000/Guesstimate
R000000044/5.563346/0138/R000000021/R000000045
R000000044/5.563346/0141/R000000021/R000000027
R000000042/6.181496/0147/R000000044
R000000041/8.240071/0212/R000000042/R000000033
R000000041/8.240071/0212/R000000042/R000000033
R000000019/9.155635/0073/R000000041
Q000000003/Analysis Failed
Q000000004/Analysis Failed
<NEXT>