#
#  Reaction log file
#  Author: LigBuilder V3 User_Diana
#  Creation time: Wed Feb 25 12:27:59 2026
#  Format:
#  QueryMoleculeId/Cost/SynthesizeId/ReactantId1/ReactantId2/ReactantId3.....
#  Id prefix:
#  Q --- Query Molecule
#  M --- Material
#  R --- Reactant
#
Directory      result/synthesize_HsDHODH/288/DATABASE/
#
Q000000001/7.959493/0000/R000000001
R000000005/1.000000/0000/Guesstimate
R000000004/1.111111/0054/R000000005
R000000006/1.000000/0000/Guesstimate
R000000007/1.000000/0000/Guesstimate
R000000004/2.222222/0004/R000000006/R000000007
R000000003/1.234568/0009/R000000004
R000000008/1.000000/0000/Guesstimate
R000000009/1.000000/0000/Guesstimate
R000000003/2.222222/0003/R000000008/R000000009
R000000012/1.000000/0000/Guesstimate
R000000011/1.111111/0228/R000000012
R000000011/1.111111/0286/R000000012
R000000015/1.000000/0000/Guesstimate
R000000014/2.222222/0003/R000000015/R000000009
R000000016/1.000000/0000/Guesstimate
R000000017/1.000000/0000/Guesstimate
R000000014/2.222222/0049/R000000016/R000000017
R000000018/1.000000/0000/Guesstimate
R000000013/3.580247/0011/R000000014/R000000018
R000000020/1.000000/0000/Guesstimate
R000000019/2.222222/0112/R000000015/R000000020
R000000013/3.580247/0049/R000000019/R000000017
R000000010/5.212621/0122/R000000011/R000000013
R000000010/5.212621/0122/R000000011/R000000013
R000000002/7.163543/0122/R000000003/R000000010
R000000022/2.345679/0003/R000000009/R000000011
R000000023/1.000000/0000/Guesstimate
R000000022/2.345679/0277/R000000023/R000000011
R000000021/6.584363/0122/R000000022/R000000013
R000000021/6.584363/0122/R000000022/R000000013
R000000002/8.427070/0122/R000000008/R000000021
R000000001/7.959493/0279/R000000002
R000000001/7.959493/0279/R000000002
Q000000002/6.096632/0000/R000000024
M000000028/1.000000/0000/Sigma_BB-188062324
R000000027/2.222222/0285/M000000028/R000000017
R000000026/2.469136/0294/R000000027
R000000029/2.469136/0228/R000000027
R000000029/2.469136/0286/R000000027
R000000026/2.743484/0296/R000000029
M000000032/1.000000/0000/Sigma_BB-28807026
R000000033/1.000000/0000/Guesstimate
R000000031/2.222222/0112/M000000032/R000000033
R000000031/2.222222/0112/M000000032/R000000033
R000000030/2.469136/0041/R000000031
R000000035/1.000000/0000/Guesstimate
R000000034/2.222222/0274/R000000020/R000000035
R000000036/1.000000/0000/Guesstimate
R000000037/1.000000/0000/Guesstimate
R000000034/2.222222/0274/R000000036/R000000037
R000000030/2.469136/0082/R000000034
R000000025/5.486969/0112/R000000026/R000000030
R000000040/1.000000/0000/Guesstimate
R000000039/2.222222/0274/R000000036/R000000040
R000000041/1.000000/0000/Guesstimate
R000000039/2.222222/0274/R000000020/R000000041
R000000038/5.212621/0112/R000000026/R000000039
R000000042/3.854596/0112/R000000026/R000000036
R000000038/5.393995/0274/R000000042/R000000040
R000000025/6.902912/0112/R000000038/R000000020
R000000024/6.096632/0059/R000000025
R000000046/1.000000/0000/Guesstimate
R000000045/3.854596/0004/R000000026/R000000046
R000000047/1.000000/0000/Guesstimate
R000000048/1.000000/0000/Guesstimate
R000000045/4.965707/0225/R000000026/R000000047/R000000048
R000000044/4.282884/0045/R000000045
R000000049/3.854596/0004/R000000026/R000000017
R000000044/4.282884/0156/R000000049
M000000052/1.000000/0000/Sigma_BB-28710871
R000000051/1.111111/0086/M000000052
R000000051/1.111111/0091/M000000052
R000000050/1.234568/0024/R000000051
R000000054/1.000000/0000/Guesstimate
R000000053/2.222222/0174/M000000032/R000000054
R000000053/2.222222/0289/M000000032/R000000054
R000000050/2.469136/0025/R000000053
R000000043/6.130503/0212/R000000044/R000000050
R000000043/6.130503/0212/R000000044/R000000050
R000000024/7.922781/0112/R000000043/R000000040
Q000000003/4.741825/0000/R000000055
M000000060/1.000000/0000/Sigma_BB-28471943
R000000059/1.111111/0125/M000000060
R000000059/2.222222/0112/M000000060/R000000033
R000000058/2.345679/0275/R000000059/R000000040
R000000057/2.606310/0041/R000000058
M000000062/1.000000/0000/Sigma_BB-27190735
R000000061/2.222222/0274/M000000062/R000000041
R000000063/2.222222/0274/M000000062/R000000017
M000000064/1.000000/0000/Sigma_BB-28468732
R000000065/1.000000/0000/Guesstimate
R000000063/2.222222/0275/M000000064/R000000065
R000000061/2.469136/0197/R000000063
R000000057/3.580247/0056/R000000061/R000000018
M000000068/1.000000/0000/Sigma_BB-30012627
R000000067/1.111111/0295/M000000068
R000000069/8.600000/0000/Guesstimate
R000000067/9.555556/0198/R000000069
R000000066/1.234568/0293/R000000067
R000000070/9.100000/0000/Guesstimate
R000000066/9.100000/0245/R000000070
R000000056/4.267642/0301/R000000057/R000000066
R000000056/4.267642/0301/R000000057/R000000066
R000000055/4.741825/0219/R000000056
R000000055/4.741825/0219/R000000056
Q000000004/4.741825/0000/R000000055
<NEXT>