#
#  Reaction log file
#  Author: LigBuilder V3 User_Diana
#  Creation time: Wed Feb 25 12:26:01 2026
#  Format:
#  QueryMoleculeId/Cost/SynthesizeId/ReactantId1/ReactantId2/ReactantId3.....
#  Id prefix:
#  Q --- Query Molecule
#  M --- Material
#  R --- Reactant
#
Directory      result/synthesize_HsDHODH/257/DATABASE/
#
Q000000001/5.807042/0000/R000000001
R000000005/1.000000/0000/Guesstimate
R000000006/1.000000/0000/Guesstimate
R000000007/1.000000/0000/Guesstimate
R000000004/3.333333/0261/R000000005/R000000006/R000000007
R000000003/3.703704/0003/R000000004
R000000009/1.000000/0000/Guesstimate
R000000010/1.000000/0000/Guesstimate
R000000008/3.333333/0261/R000000009/R000000010/R000000007
R000000003/3.703704/0122/R000000008
R000000011/1.000000/0000/Guesstimate
R000000002/5.226338/0122/R000000003/R000000011
R000000014/1.000000/0000/Guesstimate
R000000013/3.333333/0261/R000000005/R000000006/R000000014
R000000012/3.703704/0003/R000000013
R000000015/1.000000/0000/Guesstimate
R000000012/5.226338/0122/R000000003/R000000015
R000000016/1.000000/0000/Guesstimate
R000000002/5.226338/0170/R000000012/R000000016
R000000001/5.807042/0099/R000000002
R000000020/1.000000/0000/Guesstimate
R000000021/1.000000/0000/Guesstimate
R000000019/2.222222/0279/R000000020/R000000021
R000000019/2.222222/0279/R000000020/R000000021
R000000022/1.000000/0000/Guesstimate
R000000018/3.580247/0274/R000000019/R000000022
R000000024/1.000000/0000/Guesstimate
R000000023/3.580247/0274/R000000019/R000000024
R000000025/1.000000/0000/Guesstimate
R000000018/5.089163/0277/R000000023/R000000025
R000000017/3.978053/0122/R000000018
R000000028/1.000000/0000/Guesstimate
R000000029/1.000000/0000/Guesstimate
R000000027/2.222222/0001/R000000028/R000000029
R000000030/1.000000/0000/Guesstimate
R000000027/2.222222/0004/R000000028/R000000030
R000000031/2.222222/0122/R000000010/R000000016
R000000032/1.000000/0000/Guesstimate
R000000033/1.000000/0000/Guesstimate
R000000031/2.222222/0256/R000000032/R000000033
R000000026/4.938272/0274/R000000027/R000000031
R000000035/1.000000/0000/Guesstimate
R000000034/3.580247/0274/R000000027/R000000035
R000000026/5.089163/0279/R000000034/R000000021
R000000017/5.486969/0122/R000000026
R000000036/2.222222/0122/R000000007/R000000011
R000000039/1.000000/0000/Guesstimate
R000000038/2.222222/0122/R000000039/R000000011
R000000038/2.222222/0122/R000000039/R000000011
R000000037/2.469136/0024/R000000038
R000000041/1.000000/0000/Guesstimate
R000000042/1.000000/0000/Guesstimate
R000000040/2.222222/0012/R000000041/R000000042
R000000043/1.000000/0000/Guesstimate
R000000040/2.222222/0095/R000000043/R000000011
R000000037/2.469136/0040/R000000040
R000000036/2.743484/0153/R000000037
R000000001/6.889194/0119/R000000017/R000000036
Q000000002/5.807042/0000/R000000001
Q000000003/Analysis Failed
<NEXT>