#
#  Reaction log file
#  Author: LigBuilder V3 User_Diana
#  Creation time: Wed Feb 25 12:22:18 2026
#  Format:
#  QueryMoleculeId/Cost/SynthesizeId/ReactantId1/ReactantId2/ReactantId3.....
#  Id prefix:
#  Q --- Query Molecule
#  M --- Material
#  R --- Reactant
#
Directory      result/synthesize_HsDHODH/150/DATABASE/
#
Q000000001/7.331201/0000/R000000001
R000000005/1.000000/0000/Guesstimate
R000000006/1.000000/0000/Guesstimate
R000000004/2.222222/0279/R000000005/R000000006
R000000004/2.222222/0279/R000000005/R000000006
R000000008/1.000000/0000/Guesstimate
R000000009/1.000000/0000/Guesstimate
R000000007/2.222222/0112/R000000008/R000000009
R000000003/4.938272/0159/R000000004/R000000007
M000000010/1.000000/0000/Sigma_BB-28827603
R000000002/6.598080/0003/R000000003/M000000010
R000000013/1.000000/0000/Guesstimate
R000000012/2.222222/0279/R000000005/R000000013
R000000012/2.222222/0279/R000000005/R000000013
R000000011/4.938272/0159/R000000012/R000000007
M000000014/1.000000/0000/Sigma_BB-70278755
R000000002/6.598080/0112/R000000011/M000000014
R000000001/7.331201/0147/R000000002
R000000016/5.486969/0092/R000000011
R000000018/1.000000/0000/Guesstimate
M000000019/1.000000/0000/Sigma_BB-70278729
R000000017/2.222222/0001/R000000018/M000000019
M000000020/1.000000/0000/Sigma_BB-28247348
R000000021/1.000000/0000/Guesstimate
R000000017/2.222222/0003/M000000020/R000000021
R000000015/8.565768/0212/R000000016/R000000017
R000000015/8.565768/0212/R000000016/R000000017
R000000001/9.517521/0147/R000000015
Q000000002/4.572474/0000/R000000022
M000000026/1.000000/0000/Sigma_BB-243424637
R000000027/1.000000/0000/Guesstimate
R000000025/2.222222/0004/M000000026/R000000027
R000000024/2.469136/0009/R000000025
M000000029/1.000000/0000/Sigma_BB-184773838
R000000030/1.000000/0000/Guesstimate
R000000028/2.222222/0112/M000000029/R000000030
M000000031/1.000000/0000/Sigma_BB-244167114
R000000028/2.222222/0112/M000000031/R000000030
R000000024/2.469136/0041/R000000028
M000000034/1.000000/0000/Sigma_BB-28518102
R000000033/1.111111/0204/M000000034
R000000032/1.234568/0285/R000000033
R000000035/1.000000/0000/Guesstimate
R000000037/1.000000/0000/Guesstimate
R000000036/1.111111/0293/R000000037
R000000032/2.345679/0277/R000000035/R000000036
R000000023/4.115227/0285/R000000024/R000000032
R000000022/4.572474/0024/R000000023
R000000041/1.000000/0000/Guesstimate
R000000040/2.345679/0301/R000000041/R000000036
R000000040/2.345679/0301/R000000041/R000000036
R000000043/1.000000/0000/Guesstimate
R000000042/2.222222/0174/R000000030/R000000043
R000000045/7.400000/0000/Guesstimate
R000000044/8.222222/0091/R000000045
R000000042/9.135803/0079/R000000044
R000000039/5.075447/0138/R000000040/R000000042
R000000039/9.456791/0003/R000000036/R000000045
R000000038/8.382870/0012/R000000024/R000000039
M000000047/1.000000/0000/Sigma_BB-316038152
R000000048/1.000000/0000/Guesstimate
R000000046/2.222222/0056/M000000047/R000000048
R000000049/9.700000/0000/Guesstimate
R000000046/9.700000/0041/R000000049
R000000050/6.750496/0012/R000000039/R000000048
R000000052/1.000000/0000/Guesstimate
R000000051/6.750496/0226/R000000039/R000000052
R000000053/1.000000/0000/Guesstimate
R000000051/6.750496/0277/R000000039/R000000053
R000000050/7.500552/0150/R000000051
R000000038/9.969688/0279/R000000046/R000000050
R000000022/9.314300/0025/R000000038
Q000000003/4.572474/0000/R000000022
Q000000004/5.639385/0000/R000000054
M000000057/1.000000/0000/Sigma_BB-65722999
R000000058/1.000000/0000/Guesstimate
R000000056/2.222222/0003/M000000057/R000000058
M000000060/1.000000/0000/Sigma_BB-30429753
R000000059/2.222222/0003/M000000060/R000000058
R000000061/1.111111/0125/M000000060
R000000061/2.222222/0112/M000000060/R000000030
R000000062/1.000000/0000/Guesstimate
R000000059/2.345679/0049/R000000061/R000000062
R000000056/2.469136/0024/R000000059
R000000065/1.000000/0000/Guesstimate
R000000064/1.111111/0288/R000000065
R000000066/1.000000/0000/Guesstimate
R000000064/1.111111/0291/R000000066
R000000067/1.000000/0000/Guesstimate
R000000063/2.345679/0301/R000000064/R000000067
R000000063/2.345679/0301/R000000064/R000000067
R000000055/5.075447/0122/R000000056/R000000063
R000000055/5.075447/0122/R000000056/R000000063
R000000054/5.639385/0237/R000000055
R000000070/1.234568/0024/R000000061
R000000071/2.222222/0004/M000000057/R000000027
R000000070/2.469136/0009/R000000071
M000000073/1.000000/0000/Sigma_BB-27726820
R000000072/2.222222/0012/M000000073/R000000048
R000000074/1.000000/0000/Guesstimate
R000000072/2.222222/0112/R000000008/R000000074
R000000069/3.840878/0012/R000000070/R000000072
R000000075/2.482853/0012/R000000070/M000000073
R000000075/2.482853/0285/R000000070/M000000073
R000000069/3.869837/0012/R000000075/R000000048
R000000076/1.000000/0000/Guesstimate
R000000068/5.378754/0224/R000000069/R000000076
R000000078/2.469136/0041/R000000056
R000000079/2.469136/0041/R000000059
R000000079/2.469136/0233/R000000059
R000000078/2.743484/0024/R000000079
R000000077/2.743484/0139/R000000078
R000000077/2.743484/0295/R000000078
R000000082/1.000000/0000/Guesstimate
R000000081/2.222222/0112/R000000082/R000000074
R000000081/3.580247/0012/R000000072/R000000048
R000000080/3.580247/0224/R000000081/R000000076
R000000083/3.580247/0224/R000000081/R000000035
R000000080/5.089163/0285/R000000083/R000000048
R000000068/7.026369/0279/R000000077/R000000080
R000000054/5.976394/0279/R000000068
<NEXT>