#
#  Reaction log file
#  Author: LigBuilder V3 User_Diana
#  Creation time: Wed Feb 25 12:22:22 2026
#  Format:
#  QueryMoleculeId/Cost/SynthesizeId/ReactantId1/ReactantId2/ReactantId3.....
#  Id prefix:
#  Q --- Query Molecule
#  M --- Material
#  R --- Reactant
#
Directory      result/synthesize_HsDHODH/151/DATABASE/
#
Q000000001/4.572474/0000/R000000001
M000000005/1.000000/0000/Sigma_BB-299844597
R000000006/1.000000/0000/Guesstimate
R000000004/2.222222/0301/M000000005/R000000006
R000000004/2.222222/0301/M000000005/R000000006
R000000003/2.469136/0125/R000000004
R000000007/1.000000/0000/Guesstimate
R000000003/3.580247/0112/R000000004/R000000007
M000000010/1.000000/0000/Sigma_BB-28518102
R000000009/1.111111/0204/M000000010
R000000008/1.234568/0285/R000000009
R000000011/1.000000/0000/Guesstimate
R000000013/1.000000/0000/Guesstimate
R000000012/1.111111/0293/R000000013
R000000008/2.345679/0277/R000000011/R000000012
R000000002/4.115227/0285/R000000003/R000000008
R000000001/4.572474/0024/R000000002
R000000017/1.000000/0000/Guesstimate
R000000016/2.345679/0301/R000000017/R000000012
R000000016/2.345679/0301/R000000017/R000000012
R000000019/1.000000/0000/Guesstimate
R000000018/2.222222/0174/R000000007/R000000019
R000000021/7.400000/0000/Guesstimate
R000000020/8.222222/0091/R000000021
R000000018/9.135803/0079/R000000020
R000000015/5.075447/0138/R000000016/R000000018
R000000015/9.456791/0003/R000000012/R000000021
R000000014/8.382870/0012/R000000003/R000000015
R000000014/8.382870/0285/R000000003/R000000015
R000000001/9.314300/0025/R000000014
Q000000002/5.808735/0000/R000000022
M000000025/1.000000/0000/Sigma_BB-316038152
R000000026/1.000000/0000/Guesstimate
R000000024/2.222222/0056/M000000025/R000000026
R000000027/9.700000/0000/Guesstimate
R000000024/9.700000/0041/R000000027
R000000028/2.482853/0285/R000000008/R000000026
M000000030/1.000000/0000/Sigma_BB-34685430
R000000029/2.345679/0277/M000000030/R000000012
R000000031/1.000000/0000/Guesstimate
R000000029/2.482853/0277/R000000008/R000000031
R000000028/2.606310/0150/R000000029
R000000023/5.227862/0279/R000000024/R000000028
R000000032/3.869837/0279/M000000025/R000000028
R000000032/3.869837/0279/M000000025/R000000028
R000000023/5.410931/0056/R000000032/R000000026
R000000022/5.808735/0024/R000000023
M000000036/1.000000/0000/Sigma_BB-243424637
R000000037/1.000000/0000/Guesstimate
R000000035/2.222222/0004/M000000036/R000000037
R000000034/2.469136/0009/R000000035
M000000039/1.000000/0000/Sigma_BB-184773838
R000000038/2.222222/0112/M000000039/R000000007
M000000040/1.000000/0000/Sigma_BB-244167114
R000000038/2.222222/0112/M000000040/R000000007
R000000034/2.469136/0041/R000000038
R000000033/8.382870/0012/R000000034/R000000015
R000000041/6.750496/0012/R000000015/R000000026
R000000043/1.000000/0000/Guesstimate
R000000042/6.750496/0226/R000000015/R000000043
R000000042/6.750496/0277/R000000015/R000000031
R000000041/7.500552/0150/R000000042
R000000033/9.969688/0279/R000000024/R000000041
R000000022/9.314300/0025/R000000033
Q000000003/5.808735/0000/R000000022
<NEXT>