#
#  Reaction log file
#  Author: LigBuilder V3 User_Diana
#  Creation time: Wed Feb 25 12:23:16 2026
#  Format:
#  QueryMoleculeId/Cost/SynthesizeId/ReactantId1/ReactantId2/ReactantId3.....
#  Id prefix:
#  Q --- Query Molecule
#  M --- Material
#  R --- Reactant
#
Directory      result/synthesize_HsDHODH/182/DATABASE/
#
Q000000001/3.048316/0000/R000000001
M000000005/1.000000/0000/Sigma_BB-152386740
R000000006/1.000000/0000/Guesstimate
R000000004/2.222222/0004/M000000005/R000000006
R000000007/1.000000/0000/Guesstimate
R000000008/1.000000/0000/Guesstimate
R000000004/3.333333/0225/M000000005/R000000007/R000000008
R000000003/2.469136/0197/R000000004
R000000010/1.000000/0000/Guesstimate
R000000009/2.222222/0004/M000000005/R000000010
R000000003/3.580247/0212/R000000009/R000000010
R000000002/2.743484/0125/R000000003
R000000011/1.000000/0000/Guesstimate
R000000002/3.854596/0112/R000000003/R000000011
R000000001/3.048316/0040/R000000002
R000000015/1.000000/0000/Guesstimate
R000000016/1.000000/0000/Guesstimate
R000000014/2.222222/0174/R000000015/R000000016
R000000014/2.222222/0289/R000000015/R000000016
R000000013/2.469136/0197/R000000014
R000000017/7.400000/0000/Guesstimate
R000000013/8.222222/0091/R000000017
R000000012/5.486969/0112/R000000003/R000000013
R000000001/6.096632/0025/R000000012
Q000000002/6.017859/0000/R000000018
R000000021/3.387018/0217/R000000001
R000000022/1.000000/0000/Guesstimate
R000000020/4.874465/0119/R000000021/R000000022
R000000023/4.498129/0119/R000000001/R000000022
R000000023/4.498129/0280/R000000001/R000000022
R000000020/4.997921/0217/R000000023
R000000019/5.416072/0147/R000000020
R000000025/6.109032/0274/R000000023/R000000008
R000000024/6.787814/0300/R000000025
R000000019/7.542016/0155/R000000024
R000000018/6.017859/0024/R000000019
R000000028/3.763354/0091/R000000021
R000000027/4.181504/0147/R000000028
R000000029/4.181504/0040/R000000028
R000000030/1.000000/0000/Guesstimate
R000000027/5.757227/0212/R000000029/R000000030
R000000031/1.111111/0287/R000000016
R000000031/8.222222/0197/R000000017
R000000026/5.880684/0112/R000000027/R000000031
R000000033/2.743484/0217/R000000003
R000000032/3.048316/0147/R000000033
R000000034/8.900000/0000/Guesstimate
R000000032/9.888888/0155/R000000034
R000000026/6.130503/0112/R000000032/R000000013
R000000018/6.534093/0025/R000000026
Q000000003/Analysis Failed
<NEXT>