#
#  Reaction log file
#  Author: LigBuilder V3 User_Diana
#  Creation time: Wed Feb 25 12:27:57 2026
#  Format:
#  QueryMoleculeId/Cost/SynthesizeId/ReactantId1/ReactantId2/ReactantId3.....
#  Id prefix:
#  Q --- Query Molecule
#  M --- Material
#  R --- Reactant
#
Directory      result/synthesize_HsDHODH/287/DATABASE/
#
Q000000001/7.331201/0000/R000000001
R000000005/1.000000/0000/Guesstimate
R000000006/1.000000/0000/Guesstimate
R000000004/2.222222/0112/R000000005/R000000006
R000000008/1.000000/0000/Guesstimate
R000000009/1.000000/0000/Guesstimate
R000000007/2.222222/0279/R000000008/R000000009
R000000007/2.222222/0279/R000000008/R000000009
R000000003/4.938272/0159/R000000004/R000000007
R000000010/1.000000/0000/Guesstimate
R000000002/6.598080/0003/R000000003/R000000010
R000000013/1.000000/0000/Guesstimate
R000000012/2.222222/0279/R000000008/R000000013
R000000012/2.222222/0279/R000000008/R000000013
R000000011/4.938272/0159/R000000004/R000000012
M000000015/1.000000/0000/Sigma_BB-27948668
R000000014/1.111111/0155/M000000015
R000000017/1.000000/0000/Guesstimate
R000000016/1.111111/0118/R000000017
R000000018/1.000000/0000/Guesstimate
R000000016/2.222222/0112/R000000017/R000000018
R000000014/1.234568/0041/R000000016
R000000002/6.721537/0112/R000000011/R000000014
R000000001/7.331201/0099/R000000002
R000000020/5.486969/0197/R000000003
M000000021/1.000000/0000/Sigma_BB-30434100
R000000019/7.207744/0003/R000000020/M000000021
R000000022/5.486969/0079/R000000011
R000000023/1.000000/0000/Guesstimate
R000000022/6.598080/0112/R000000011/R000000023
R000000025/1.000000/0000/Guesstimate
R000000024/2.222222/0004/R000000025/R000000010
M000000027/1.000000/0000/Sigma_BB-28516749
R000000028/1.000000/0000/Guesstimate
R000000026/2.222222/0170/M000000027/R000000028
R000000029/1.000000/0000/Guesstimate
R000000026/2.222222/0277/R000000029/R000000010
R000000024/2.469136/0024/R000000026
R000000019/8.565768/0049/R000000022/R000000024
R000000001/8.008604/0099/R000000019
Q000000002/7.315958/0000/R000000030
R000000034/1.000000/0000/Guesstimate
R000000033/2.222222/0112/R000000005/R000000034
R000000036/1.000000/0000/Guesstimate
R000000035/1.111111/0125/R000000036
R000000035/2.222222/0112/R000000018/R000000036
R000000032/3.703704/0159/R000000033/R000000035
R000000038/1.000000/0000/Guesstimate
R000000037/2.222222/0170/R000000038/R000000028
R000000040/1.000000/0000/Guesstimate
R000000041/1.000000/0000/Guesstimate
R000000039/2.222222/0170/R000000040/R000000041
R000000042/1.000000/0000/Guesstimate
R000000039/2.222222/0170/R000000038/R000000042
R000000037/2.469136/0041/R000000039
R000000031/6.584363/0138/R000000032/R000000037
R000000045/1.000000/0000/Guesstimate
R000000044/2.222222/0003/R000000045/R000000034
R000000047/1.000000/0000/Guesstimate
R000000046/2.222222/0301/R000000047/R000000010
R000000046/2.222222/0301/R000000047/R000000010
R000000043/4.938272/0012/R000000044/R000000046
R000000049/1.000000/0000/Guesstimate
R000000048/3.580247/0012/R000000044/R000000049
R000000048/3.580247/0285/R000000044/R000000049
R000000051/1.000000/0000/Guesstimate
R000000050/2.222222/0301/R000000051/R000000010
R000000050/2.222222/0301/R000000051/R000000010
R000000043/6.447188/0279/R000000048/R000000050
R000000031/6.598080/0159/R000000043/R000000042
R000000030/7.315958/0099/R000000031
R000000052/6.584363/0049/R000000032/R000000024
M000000054/1.000000/0000/Sigma_BB-28775620
R000000053/5.226338/0049/R000000032/M000000054
R000000052/6.918153/0170/R000000053/R000000028
R000000030/7.315958/0099/R000000052
Q000000003/7.959493/0000/R000000055
R000000059/1.000000/0000/Guesstimate
R000000058/1.111111/0054/R000000059
R000000060/1.000000/0000/Guesstimate
R000000061/1.000000/0000/Guesstimate
R000000058/2.222222/0004/R000000060/R000000061
R000000057/1.234568/0009/R000000058
R000000062/1.000000/0000/Guesstimate
R000000057/2.222222/0003/R000000062/R000000045
R000000065/1.000000/0000/Guesstimate
R000000064/1.111111/0228/R000000065
R000000064/1.111111/0286/R000000065
R000000068/1.000000/0000/Guesstimate
R000000067/2.222222/0003/R000000068/R000000045
R000000069/1.000000/0000/Guesstimate
R000000067/2.222222/0049/R000000069/R000000025
R000000066/3.580247/0011/R000000067/R000000049
R000000071/1.000000/0000/Guesstimate
R000000070/2.222222/0112/R000000068/R000000071
R000000066/3.580247/0049/R000000070/R000000025
R000000063/5.212621/0122/R000000064/R000000066
R000000063/5.212621/0122/R000000064/R000000066
R000000056/7.163543/0122/R000000057/R000000063
R000000073/2.345679/0003/R000000045/R000000064
R000000074/1.000000/0000/Guesstimate
R000000073/2.345679/0277/R000000074/R000000064
R000000072/6.584363/0122/R000000073/R000000066
R000000072/6.584363/0122/R000000073/R000000066
R000000056/8.427070/0122/R000000062/R000000072
R000000055/7.959493/0279/R000000056
R000000055/7.959493/0279/R000000056
<NEXT>