#
#  Reaction log file
#  Author: LigBuilder V3 User_Diana
#  Creation time: Wed Feb 25 12:20:38 2026
#  Format:
#  QueryMoleculeId/Cost/SynthesizeId/ReactantId1/ReactantId2/ReactantId3.....
#  Id prefix:
#  Q --- Query Molecule
#  M --- Material
#  R --- Reactant
#
Directory      result/synthesize_HsDHODH/106/DATABASE/
#
Q000000001/9.144949/0000/R000000001
R000000005/1.000000/0000/Guesstimate
R000000006/1.000000/0000/Guesstimate
R000000004/2.222222/0279/R000000005/R000000006
R000000004/2.222222/0279/R000000005/R000000006
R000000008/1.000000/0000/Guesstimate
R000000009/1.000000/0000/Guesstimate
R000000007/2.222222/0112/R000000008/R000000009
R000000003/4.938272/0159/R000000004/R000000007
M000000012/1.000000/0000/Sigma_BB-249442402
R000000013/1.000000/0000/Guesstimate
R000000011/2.222222/0224/M000000012/R000000013
R000000010/2.469136/0150/R000000011
R000000014/7.700000/0000/Guesstimate
R000000010/8.555555/0139/R000000014
R000000002/8.230453/0003/R000000003/R000000010
R000000015/5.486969/0197/R000000003
R000000018/1.000000/0000/Guesstimate
R000000017/3.854596/0004/R000000018/R000000010
R000000019/1.000000/0000/Guesstimate
R000000020/1.000000/0000/Guesstimate
R000000017/4.965707/0225/R000000019/R000000010/R000000020
R000000016/4.282884/0086/R000000017
R000000016/4.282884/0091/R000000017
R000000002/9.769854/0112/R000000015/R000000016
R000000001/9.144949/0147/R000000002
R000000025/1.000000/0000/Guesstimate
R000000024/2.222222/0279/R000000005/R000000025
R000000024/2.222222/0279/R000000005/R000000025
R000000023/4.938272/0159/R000000024/R000000007
R000000023/5.486969/0091/R000000003
R000000022/5.486969/0079/R000000023
R000000022/6.598080/0112/R000000023/R000000019
R000000027/1.000000/0000/Guesstimate
R000000026/3.854596/0004/R000000027/R000000010
R000000026/4.282884/0085/R000000017
R000000021/9.341564/0049/R000000022/R000000026
R000000029/2.743484/0125/R000000010
R000000030/1.000000/0000/Guesstimate
R000000029/3.854596/0112/R000000030/R000000010
R000000028/3.048316/0040/R000000029
R000000031/4.282884/0093/R000000017
R000000031/4.758760/0092/R000000016
R000000028/4.758760/0073/R000000031
R000000021/9.483650/0003/R000000015/R000000028
R000000001/9.483650/0147/R000000021
Q000000002/7.331201/0000/R000000032
M000000034/1.000000/0000/Sigma_BB-28770026
R000000033/6.598080/0003/R000000003/M000000034
R000000036/5.486969/0092/R000000023
R000000036/7.207744/0004/R000000015/R000000018
R000000035/6.096632/0085/R000000036
R000000035/7.207744/0004/R000000015/R000000027
M000000037/1.000000/0000/Sigma_BB-30030113
R000000033/7.885148/0049/R000000035/M000000037
R000000032/7.331201/0147/R000000033
M000000039/1.000000/0000/Sigma_BB-27138789
R000000038/7.207744/0003/R000000015/M000000039
R000000040/2.222222/0004/R000000027/M000000034
R000000041/8.700000/0000/Guesstimate
R000000040/9.666667/0040/R000000041
R000000038/8.565768/0049/R000000022/R000000040
R000000032/8.008604/0147/R000000038
Q000000003/Analysis Failed
<NEXT>