#
#  Reaction log file
#  Author: LigBuilder V3 User_Diana
#  Creation time: Wed Feb 25 12:21:54 2026
#  Format:
#  QueryMoleculeId/Cost/SynthesizeId/ReactantId1/ReactantId2/ReactantId3.....
#  Id prefix:
#  Q --- Query Molecule
#  M --- Material
#  R --- Reactant
#
Directory      result/synthesize_HsDHODH/140/DATABASE/
#
Q000000001/7.331201/0000/R000000001
R000000005/1.000000/0000/Guesstimate
R000000006/1.000000/0000/Guesstimate
R000000004/2.222222/0279/R000000005/R000000006
R000000004/2.222222/0279/R000000005/R000000006
R000000008/1.000000/0000/Guesstimate
R000000009/1.000000/0000/Guesstimate
R000000007/2.222222/0112/R000000008/R000000009
R000000003/4.938272/0159/R000000004/R000000007
M000000010/1.000000/0000/Sigma_BB-28769469
R000000002/6.598080/0003/R000000003/M000000010
R000000013/1.000000/0000/Guesstimate
R000000012/2.222222/0279/R000000005/R000000013
R000000012/2.222222/0279/R000000005/R000000013
R000000011/4.938272/0159/R000000012/R000000007
M000000014/1.000000/0000/Sigma_BB-28776798
R000000002/6.598080/0112/R000000011/M000000014
R000000001/7.331201/0147/R000000002
R000000016/5.486969/0092/R000000011
R000000018/1.000000/0000/Guesstimate
M000000019/1.000000/0000/Sigma_BB-28783818
R000000017/2.222222/0001/R000000018/M000000019
R000000020/1.000000/0000/Guesstimate
R000000017/2.222222/0003/M000000019/R000000020
R000000015/8.565768/0212/R000000016/R000000017
R000000015/8.565768/0212/R000000016/R000000017
R000000001/9.517521/0147/R000000015
Q000000002/9.380346/0000/R000000021
R000000025/1.000000/0000/Guesstimate
R000000026/1.000000/0000/Guesstimate
R000000024/2.222222/0170/R000000025/R000000026
R000000027/1.000000/0000/Guesstimate
R000000028/1.000000/0000/Guesstimate
R000000024/2.222222/0170/R000000027/R000000028
R000000023/3.580247/0003/R000000024/R000000018
R000000030/1.000000/0000/Guesstimate
M000000031/1.000000/0000/Sigma_BB-30377324
R000000029/2.222222/0170/R000000030/M000000031
R000000032/1.000000/0000/Guesstimate
R000000033/2.222222/0003/R000000026/R000000018
R000000034/1.000000/0000/Guesstimate
R000000035/1.000000/0000/Guesstimate
R000000033/2.222222/0049/R000000034/R000000035
R000000029/3.580247/0170/R000000032/R000000033
R000000023/3.580247/0004/R000000018/R000000029
R000000022/9.067216/0212/R000000016/R000000023
R000000038/1.000000/0000/Guesstimate
R000000037/6.598080/0112/R000000011/R000000038
R000000037/6.598080/0003/R000000003/R000000030
R000000036/7.331201/0147/R000000037
R000000039/7.207744/0212/R000000016/R000000025
R000000041/1.000000/0000/Guesstimate
R000000040/6.598080/0112/R000000011/R000000041
R000000040/6.598080/0003/R000000003/R000000032
R000000039/7.331201/0147/R000000040
R000000036/8.008604/0156/R000000039
R000000022/9.256889/0170/R000000036/M000000031
R000000021/9.256889/0099/R000000022
M000000043/1.000000/0000/Sigma_BB-30486122
R000000042/8.442311/0170/R000000037/M000000043
M000000047/1.000000/0000/Sigma_BB-28484450
M000000049/1.000000/0000/Sigma_BB-152437451
R000000048/1.111111/0085/M000000049
R000000046/2.345679/0212/M000000047/R000000048
R000000050/2.222222/0004/R000000026/M000000049
R000000050/2.222222/0277/R000000026/M000000049
R000000046/2.469136/0197/R000000050
R000000045/3.717421/0170/R000000041/R000000046
R000000052/2.345679/0003/R000000032/R000000048
R000000051/2.606310/0147/R000000052
M000000054/1.000000/0000/Sigma_BB-31286382
R000000053/2.345679/0212/M000000054/R000000048
R000000053/2.345679/0212/M000000054/R000000048
R000000051/2.606310/0155/R000000053
R000000045/4.007011/0170/R000000038/R000000051
R000000044/4.130468/0028/R000000045
M000000058/1.000000/0000/Sigma_BB-332441958
R000000057/2.222222/0301/R000000038/M000000058
R000000057/2.222222/0301/R000000038/M000000058
R000000056/2.469136/0228/R000000057
R000000056/2.469136/0286/R000000057
R000000055/3.854596/0170/R000000041/R000000056
R000000060/2.222222/0301/R000000041/M000000058
R000000060/2.222222/0301/R000000041/M000000058
R000000059/2.469136/0228/R000000060
R000000059/2.469136/0286/R000000060
R000000055/3.854596/0170/R000000038/R000000059
R000000044/4.282884/0028/R000000055
R000000042/9.068741/0112/R000000011/R000000044
R000000021/9.380346/0147/R000000042
Q000000003/5.791801/0000/R000000061
R000000065/1.000000/0000/Guesstimate
R000000066/1.000000/0000/Guesstimate
R000000064/2.222222/0279/R000000065/R000000066
R000000064/2.222222/0279/R000000065/R000000066
R000000063/2.469136/0079/R000000064
R000000068/1.000000/0000/Guesstimate
R000000067/2.222222/0279/R000000068/R000000066
R000000067/2.222222/0279/R000000068/R000000066
R000000063/2.469136/0082/R000000067
R000000062/5.212621/0159/R000000063/R000000007
R000000069/5.486969/0197/R000000003
R000000062/7.207744/0112/R000000069/R000000008
R000000061/5.791801/0147/R000000062
R000000071/1.000000/0000/Guesstimate
R000000070/7.207744/0003/R000000069/R000000071
R000000072/5.486969/0079/R000000011
R000000073/1.000000/0000/Guesstimate
R000000072/6.598080/0112/R000000011/R000000073
R000000074/1.000000/0000/Guesstimate
R000000070/7.207744/0049/R000000072/R000000074
R000000061/8.008604/0147/R000000070
<NEXT>