#
#  Reaction log file
#  Author: LigBuilder V3 User_Diana
#  Creation time: Wed Feb 25 12:20:05 2026
#  Format:
#  QueryMoleculeId/Cost/SynthesizeId/ReactantId1/ReactantId2/ReactantId3.....
#  Id prefix:
#  Q --- Query Molecule
#  M --- Material
#  R --- Reactant
#
Directory      result/synthesize_HsDHODH/100/DATABASE/
#
Q000000001/3.048316/0000/R000000001
M000000005/1.000000/0000/Sigma_BB-152386739
M000000006/1.000000/0000/Sigma_BB-28918288
R000000004/2.222222/0003/M000000005/M000000006
R000000003/2.469136/0147/R000000004
M000000008/1.000000/0000/Sigma_BB-152386740
M000000009/1.000000/0000/Sigma_BB-28823202
R000000007/2.222222/0003/M000000008/M000000009
R000000003/2.469136/0147/R000000007
R000000002/2.743484/0125/R000000003
R000000010/1.000000/0000/Guesstimate
R000000002/3.854596/0112/R000000003/R000000010
R000000001/3.048316/0040/R000000002
R000000014/1.000000/0000/Guesstimate
R000000015/1.000000/0000/Guesstimate
R000000013/2.222222/0174/R000000014/R000000015
R000000013/2.222222/0289/R000000014/R000000015
R000000012/2.469136/0197/R000000013
R000000016/7.400000/0000/Guesstimate
R000000012/8.222222/0091/R000000016
R000000011/5.486969/0112/R000000003/R000000012
R000000001/6.096632/0025/R000000011
Q000000002/3.048316/0000/R000000001
Q000000003/3.048316/0000/R000000001
<NEXT>