#
#  Reaction log file
#  Author: LigBuilder V3 User_Diana
#  Creation time: Wed Feb 25 12:25:15 2026
#  Format:
#  QueryMoleculeId/Cost/SynthesizeId/ReactantId1/ReactantId2/ReactantId3.....
#  Id prefix:
#  Q --- Query Molecule
#  M --- Material
#  R --- Reactant
#
Directory      result/synthesize_HsDHODH/246/DATABASE/
#
Q000000001/4.267642/0000/R000000001
M000000005/1.000000/0000/Sigma_BB-30085674
R000000004/1.111111/0168/M000000005
R000000006/1.000000/0000/Guesstimate
R000000003/2.345679/0119/R000000004/R000000006
R000000007/2.222222/0119/M000000005/R000000006
R000000007/2.222222/0280/M000000005/R000000006
R000000003/2.469136/0168/R000000007
M000000009/1.000000/0000/Sigma_BB-28765972
R000000008/1.111111/0059/M000000009
R000000011/1.000000/0000/Guesstimate
R000000012/1.000000/0000/Guesstimate
R000000010/2.222222/0003/R000000011/R000000012
R000000013/1.000000/0000/Guesstimate
R000000014/1.000000/0000/Guesstimate
R000000010/2.222222/0003/R000000013/R000000014
R000000008/2.469136/0099/R000000010
R000000002/3.840878/0224/R000000003/R000000008
R000000017/1.000000/0000/Guesstimate
R000000016/2.345679/0224/R000000004/R000000017
R000000015/3.717421/0119/R000000016/R000000006
R000000019/1.000000/0000/Guesstimate
R000000018/3.717421/0224/R000000003/R000000019
R000000015/4.130468/0188/R000000018
R000000020/1.000000/0000/Guesstimate
R000000002/5.241580/0279/R000000015/R000000020
R000000001/4.267642/0024/R000000002
M000000024/1.000000/0000/Sigma_BB-152386740
R000000023/1.111111/0125/M000000024
R000000025/1.000000/0000/Guesstimate
R000000023/2.222222/0112/M000000024/R000000025
R000000022/2.469136/0224/R000000023/R000000008
R000000026/2.345679/0224/R000000023/R000000017
R000000027/8.500000/0000/Guesstimate
R000000028/1.000000/0000/Guesstimate
R000000026/9.500000/0170/R000000027/R000000028
R000000022/3.717421/0279/R000000026/R000000020
R000000031/1.000000/0000/Guesstimate
R000000032/1.000000/0000/Guesstimate
R000000030/2.222222/0174/R000000031/R000000032
R000000030/2.222222/0289/R000000031/R000000032
R000000029/2.469136/0197/R000000030
R000000033/7.400000/0000/Guesstimate
R000000029/8.222222/0091/R000000033
R000000021/5.486969/0112/R000000022/R000000029
R000000035/3.978053/0112/R000000023/R000000029
R000000034/4.420059/0059/R000000035
R000000034/5.531170/0224/R000000035/R000000006
M000000037/1.000000/0000/Sigma_BB-30392871
R000000036/1.111111/0099/M000000037
R000000038/1.000000/0000/Guesstimate
R000000039/1.000000/0000/Guesstimate
R000000036/2.222222/0122/R000000038/R000000039
R000000021/6.145744/0170/R000000034/R000000036
R000000001/6.096632/0025/R000000021
Q000000002/4.267642/0000/R000000001
Q000000003/6.113567/0000/R000000040
R000000043/2.345679/0224/R000000004/R000000014
R000000042/3.717421/0119/R000000043/R000000006
R000000045/1.000000/0000/Guesstimate
R000000044/3.717421/0224/R000000003/R000000045
R000000042/4.130468/0155/R000000044
M000000048/1.000000/0000/Sigma_BB-28956431
R000000047/1.111111/0054/M000000048
M000000049/1.000000/0000/Sigma_BB-28776798
R000000050/1.000000/0000/Guesstimate
R000000047/2.222222/0004/M000000049/R000000050
R000000046/1.234568/0009/R000000047
R000000051/1.000000/0000/Guesstimate
M000000052/1.000000/0000/Sigma_BB-28769469
R000000046/2.222222/0003/R000000051/M000000052
R000000041/5.502210/0122/R000000042/R000000046
M000000055/1.000000/0000/Sigma_BB-28765826
R000000054/3.717421/0224/R000000003/M000000055
M000000056/1.000000/0000/Sigma_BB-30407107
R000000054/5.241580/0301/R000000042/M000000056
R000000053/4.130468/0009/R000000054
R000000053/5.241580/0003/R000000042/R000000051
R000000041/5.700521/0122/R000000053/M000000052
R000000040/6.113567/0024/R000000041
R000000059/2.606310/0091/R000000043
R000000060/1.111111/0287/R000000032
R000000058/4.130468/0112/R000000059/R000000060
R000000061/2.345679/0224/R000000023/R000000014
R000000061/9.500000/0170/R000000027/R000000039
R000000058/5.349795/0112/R000000061/R000000029
R000000057/5.961152/0122/R000000058/R000000046
R000000064/1.000000/0000/Guesstimate
R000000063/2.345679/0224/R000000023/R000000064
R000000063/3.717421/0003/R000000061/R000000051
R000000062/3.717421/0122/R000000063/M000000052
R000000062/3.978052/0122/R000000061/R000000046
R000000057/6.873953/0112/R000000062/R000000029
R000000040/6.623502/0025/R000000057
Q000000004/8.748837/0000/R000000065
M000000070/1.000000/0000/Sigma_BB-29303682
R000000069/1.111111/0197/M000000070
M000000071/1.000000/0000/Sigma_BB-316038152
R000000072/1.000000/0000/Guesstimate
R000000069/2.222222/0279/M000000071/R000000072
R000000073/1.000000/0000/Guesstimate
R000000068/2.345679/0056/R000000069/R000000073
R000000074/2.222222/0056/M000000071/R000000073
M000000078/1.000000/0000/Sigma_BB-184773838
R000000077/2.222222/0003/M000000078/R000000051
R000000079/2.222222/0112/M000000078/R000000025
M000000080/1.000000/0000/Sigma_BB-244167114
R000000079/2.222222/0112/M000000080/R000000025
R000000081/1.000000/0000/Guesstimate
R000000077/3.580247/0049/R000000079/R000000081
R000000076/2.469136/0041/R000000077
R000000076/2.469136/0233/R000000077
R000000075/2.743484/0139/R000000076
R000000082/9.100000/0000/Guesstimate
R000000075/9.100000/0082/R000000082
R000000074/3.048316/0041/R000000075
R000000068/3.580247/0279/R000000074/R000000072
R000000083/1.000000/0000/Guesstimate
R000000067/3.717421/0004/R000000068/R000000083
M000000086/1.000000/0000/Sigma_BB-243424637
R000000085/2.222222/0003/M000000086/R000000051
M000000089/1.000000/0000/Sigma_BB-28864134
R000000088/1.111111/0054/M000000089
M000000090/1.000000/0000/Sigma_BB-129539509
R000000088/2.222222/0004/M000000090/R000000050
R000000087/2.345679/0056/R000000088/R000000073
M000000093/1.000000/0000/Sigma_BB-136381607
R000000092/1.111111/0125/M000000093
R000000092/2.222222/0112/M000000093/R000000025
R000000091/1.234568/0041/R000000092
R000000091/2.222222/0056/M000000090/R000000073
R000000087/2.482853/0004/R000000091/R000000050
R000000085/2.606310/0009/R000000087
R000000094/1.000000/0000/Guesstimate
R000000084/3.580247/0122/R000000085/R000000094
R000000084/3.580247/0122/R000000085/R000000094
R000000067/3.978053/0024/R000000084
R000000097/1.000000/0000/Guesstimate
R000000098/1.000000/0000/Guesstimate
R000000096/2.222222/0276/R000000097/R000000098
R000000096/2.222222/0278/R000000097/R000000098
R000000095/2.469136/0275/R000000096
R000000099/2.222222/0275/R000000097/R000000098
R000000095/2.469136/0276/R000000099
R000000066/6.873953/0004/R000000067/R000000095
R000000101/3.580247/0004/R000000083/R000000096
R000000102/1.000000/0000/Guesstimate
R000000103/1.000000/0000/Guesstimate
R000000101/4.691358/0225/R000000096/R000000102/R000000103
R000000100/3.978053/0275/R000000101
R000000104/3.854596/0112/R000000031/R000000095
R000000100/4.282884/0147/R000000104
R000000066/7.026369/0004/R000000068/R000000100
M000000105/1.000000/0000/Sigma_BB-28484450
R000000065/8.748837/0212/R000000066/M000000105
R000000065/8.748837/0212/R000000066/M000000105
<NEXT>