#
#  Reaction log file
#  Author: LigBuilder V3 User_Diana
#  Creation time: Wed Feb 25 12:13:28 2026
#  Format:
#  QueryMoleculeId/Cost/SynthesizeId/ReactantId1/ReactantId2/ReactantId3.....
#  Id prefix:
#  Q --- Query Molecule
#  M --- Material
#  R --- Reactant
#
Directory      result/synthesize_HsDHODH/13/DATABASE/
#
Q000000001/4.420059/0000/R000000001
M000000005/1.000000/0000/Sigma_BB-152386740
R000000006/1.000000/0000/Guesstimate
R000000004/2.222222/0004/M000000005/R000000006
R000000007/1.000000/0000/Guesstimate
R000000008/1.000000/0000/Guesstimate
R000000004/3.333333/0225/M000000005/R000000007/R000000008
R000000009/1.000000/0000/Guesstimate
R000000003/3.580247/0212/R000000004/R000000009
R000000003/3.580247/0212/R000000004/R000000009
R000000002/3.978053/0125/R000000003
R000000010/1.000000/0000/Guesstimate
R000000002/5.089163/0112/R000000003/R000000010
R000000001/4.420059/0040/R000000002
R000000014/1.000000/0000/Guesstimate
R000000015/1.000000/0000/Guesstimate
R000000013/2.222222/0174/R000000014/R000000015
R000000013/2.222222/0289/R000000014/R000000015
R000000012/2.469136/0197/R000000013
R000000016/7.400000/0000/Guesstimate
R000000012/8.222222/0091/R000000016
R000000011/6.721537/0112/R000000003/R000000012
R000000001/7.468375/0025/R000000011
Q000000002/4.115227/0000/R000000017
M000000020/1.000000/0000/Sigma_BB-30085674
R000000019/1.111111/0168/M000000020
R000000022/1.111111/0125/M000000005
R000000022/2.222222/0112/M000000005/R000000010
R000000021/1.234568/0125/R000000022
R000000021/2.345679/0112/R000000022/R000000010
R000000019/1.371742/0040/R000000021
R000000024/1.000000/0000/Guesstimate
R000000025/1.000000/0000/Guesstimate
R000000023/2.222222/0004/R000000024/R000000025
R000000027/1.000000/0000/Guesstimate
R000000026/2.222222/0277/R000000027/R000000025
M000000028/1.000000/0000/Sigma_BB-28516749
R000000029/1.000000/0000/Guesstimate
R000000026/2.222222/0301/M000000028/R000000029
R000000023/2.469136/0024/R000000026
R000000018/3.703704/0049/R000000019/R000000023
R000000030/1.234568/0040/R000000022
R000000031/2.222222/0004/M000000005/R000000009
R000000032/1.000000/0000/Guesstimate
R000000031/3.333333/0225/M000000005/R000000032/R000000008
R000000030/2.469136/0216/R000000031
R000000033/2.222222/0004/R000000009/R000000029
R000000035/1.000000/0000/Guesstimate
R000000034/2.222222/0277/R000000035/R000000029
R000000036/2.222222/0277/R000000027/R000000029
R000000037/1.000000/0000/Guesstimate
R000000036/2.222222/0301/R000000037/R000000029
R000000034/2.469136/0300/R000000036
R000000033/2.469136/0024/R000000034
R000000018/3.840878/0003/R000000030/R000000033
R000000017/4.115227/0099/R000000018
R000000039/2.345679/0049/R000000019/R000000024
R000000042/7.700000/0000/Guesstimate
R000000041/8.555555/0168/R000000042
R000000043/9.300000/0000/Guesstimate
R000000041/9.300000/0082/R000000043
R000000040/9.506173/0118/R000000041
R000000040/9.506173/0125/R000000041
R000000039/9.506173/0040/R000000040
R000000044/2.222222/0004/R000000024/R000000029
R000000044/2.469136/0024/R000000036
R000000038/5.075447/0049/R000000039/R000000044
R000000017/5.639385/0099/R000000038
Q000000003/3.717421/0000/R000000045
R000000046/1.000000/0000/Guesstimate
R000000045/3.717421/0012/R000000039/R000000046
R000000051/1.000000/0000/Guesstimate
R000000050/2.345679/0119/R000000019/R000000051
R000000052/2.482853/0119/R000000030/R000000051
R000000052/2.482853/0280/R000000030/R000000051
R000000050/3.869837/0112/R000000052/R000000010
R000000049/2.606310/0041/R000000050
R000000049/2.606310/0233/R000000050
R000000048/2.895900/0155/R000000049
R000000053/3.869837/0004/R000000052/R000000009
R000000054/3.717421/0049/R000000050/R000000024
R000000055/1.000000/0000/Guesstimate
R000000054/3.869837/0003/R000000052/R000000055
R000000053/4.130468/0040/R000000054
R000000048/4.299819/0197/R000000053
R000000056/1.000000/0000/Guesstimate
R000000047/4.328778/0095/R000000048/R000000056
R000000047/5.241580/0012/R000000054/R000000046
R000000045/4.809754/0024/R000000047
<NEXT>