#
#  Reaction log file
#  Author: LigBuilder V3 User_Diana
#  Creation time: Wed Feb 25 12:25:28 2026
#  Format:
#  QueryMoleculeId/Cost/SynthesizeId/ReactantId1/ReactantId2/ReactantId3.....
#  Id prefix:
#  Q --- Query Molecule
#  M --- Material
#  R --- Reactant
#
Directory      result/synthesize_HsDHODH/244/DATABASE/
#
Q000000001/8.991258/0000/R000000001
R000000007/1.000000/0000/Guesstimate
R000000009/1.000000/0000/Guesstimate
R000000010/1.000000/0000/Guesstimate
R000000008/2.222222/0277/R000000009/R000000010
R000000006/3.580247/0112/R000000007/R000000008
R000000012/1.000000/0000/Guesstimate
R000000011/2.222222/0004/R000000007/R000000012
R000000014/1.000000/0000/Guesstimate
R000000015/1.000000/0000/Guesstimate
R000000013/2.222222/0003/R000000014/R000000015
R000000016/1.000000/0000/Guesstimate
R000000017/1.000000/0000/Guesstimate
R000000013/2.222222/0003/R000000016/R000000017
R000000006/4.938272/0049/R000000011/R000000013
R000000018/1.000000/0000/Guesstimate
R000000005/5.089163/0259/R000000006/R000000018
R000000005/5.089163/0259/R000000006/R000000018
R000000004/5.654626/0257/R000000005
R000000003/6.282918/0155/R000000004
R000000020/5.654626/0155/R000000005
R000000022/1.000000/0000/Guesstimate
R000000021/5.089163/0259/R000000006/R000000022
R000000021/5.089163/0259/R000000006/R000000022
R000000020/5.654626/0197/R000000021
R000000019/6.282918/0155/R000000020
R000000003/6.981020/0217/R000000019
R000000023/1.000000/0000/Guesstimate
R000000002/8.092132/0122/R000000003/R000000023
R000000002/8.092132/0122/R000000003/R000000023
R000000001/8.991258/0041/R000000002
M000000027/1.000000/0000/Sigma_BB-28764950
R000000026/1.111111/0085/M000000027
R000000028/1.000000/0000/Guesstimate
R000000025/2.345679/0212/R000000026/R000000028
R000000030/1.000000/0000/Guesstimate
R000000029/2.222222/0004/M000000027/R000000030
R000000029/2.222222/0277/M000000027/R000000030
R000000025/2.469136/0197/R000000029
R000000024/8.260936/0212/R000000021/R000000025
R000000024/8.260936/0212/R000000021/R000000025
R000000001/9.178818/0028/R000000024
Q000000002/8.991258/0000/R000000001
Q000000003/Analysis Failed
<NEXT>