#
#  Reaction log file
#  Author: LigBuilder V3 User_Diana
#  Creation time: Wed Feb 25 12:22:39 2026
#  Format:
#  QueryMoleculeId/Cost/SynthesizeId/ReactantId1/ReactantId2/ReactantId3.....
#  Id prefix:
#  Q --- Query Molecule
#  M --- Material
#  R --- Reactant
#
Directory      result/synthesize_HsDHODH/171/DATABASE/
#
Q000000001/5.944217/0000/R000000001
M000000005/1.000000/0000/Sigma_BB-30085674
R000000004/1.111111/0168/M000000005
R000000006/1.000000/0000/Guesstimate
R000000003/2.345679/0119/R000000004/R000000006
R000000007/2.222222/0119/M000000005/R000000006
R000000007/2.222222/0280/M000000005/R000000006
R000000003/2.469136/0168/R000000007
R000000010/1.000000/0000/Guesstimate
R000000011/1.000000/0000/Guesstimate
R000000009/2.222222/0256/R000000010/R000000011
R000000008/2.469136/0219/R000000009
R000000008/9.700000/0099/R000000012
R000000002/5.349795/0256/R000000003/R000000008
R000000015/1.000000/0000/Guesstimate
R000000014/2.345679/0256/R000000004/R000000015
R000000013/3.717421/0119/R000000014/R000000006
R000000013/3.717421/0256/R000000003/R000000015
R000000018/1.000000/0000/Guesstimate
R000000019/1.000000/0000/Guesstimate
R000000017/2.222222/0274/R000000018/R000000019
R000000020/1.000000/0000/Guesstimate
R000000021/1.000000/0000/Guesstimate
R000000017/2.222222/0274/R000000020/R000000021
R000000016/2.469136/0122/R000000017
R000000016/8.888889/0099/R000000022
R000000002/6.873953/0279/R000000013/R000000016
R000000001/5.944217/0024/R000000002
R000000025/1.234568/0091/R000000004
R000000027/1.000000/0000/Guesstimate
R000000026/1.111111/0287/R000000027
R000000024/2.606310/0112/R000000025/R000000026
M000000029/1.000000/0000/Sigma_BB-152386740
R000000028/1.111111/0125/M000000029
R000000030/1.000000/0000/Guesstimate
R000000028/2.222222/0112/M000000029/R000000030
R000000033/1.000000/0000/Guesstimate
R000000032/2.222222/0174/R000000033/R000000027
R000000032/2.222222/0289/R000000033/R000000027
R000000031/2.469136/0197/R000000032
R000000034/7.400000/0000/Guesstimate
R000000031/8.222222/0091/R000000034
R000000024/3.978053/0112/R000000028/R000000031
R000000023/5.639385/0256/R000000024/R000000008
R000000035/3.978053/0256/R000000028/R000000008
R000000036/2.345679/0256/R000000028/R000000015
R000000035/5.349795/0279/R000000036/R000000016
R000000023/7.163543/0112/R000000035/R000000031
R000000001/6.265983/0025/R000000023
Q000000002/6.318670/0000/R000000037
R000000040/2.606310/0041/R000000003
R000000040/2.606310/0233/R000000003
R000000039/2.895900/0155/R000000040
R000000042/1.000000/0000/Guesstimate
M000000043/1.000000/0000/Sigma_BB-28756189
R000000041/2.222222/0001/R000000042/M000000043
M000000044/1.000000/0000/Sigma_BB-28759228
R000000041/2.222222/0003/R000000042/M000000044
R000000038/5.686803/0122/R000000039/R000000041
R000000038/5.686803/0122/R000000039/R000000041
R000000037/6.318670/0024/R000000038
R000000047/2.222222/0003/M000000029/R000000042
R000000048/1.000000/0000/Guesstimate
R000000047/2.345679/0049/R000000028/R000000048
R000000050/1.000000/0000/Guesstimate
R000000049/2.222222/0004/R000000050/M000000044
R000000049/2.469136/0040/R000000041
R000000046/4.938272/0206/R000000047/R000000049
M000000052/1.000000/0000/Sigma_BB-28783818
R000000051/3.580247/0285/R000000047/M000000052
R000000053/1.000000/0000/Guesstimate
R000000046/5.089163/0212/R000000051/R000000053
R000000045/8.230453/0112/R000000046/R000000031
R000000037/9.144949/0025/R000000045
Q000000003/Analysis Failed
Q000000004/Analysis Failed
<NEXT>