#
#  Reaction log file
#  Author: LigBuilder V3 User_Diana
#  Creation time: Wed Feb 25 12:20:21 2026
#  Format:
#  QueryMoleculeId/Cost/SynthesizeId/ReactantId1/ReactantId2/ReactantId3.....
#  Id prefix:
#  Q --- Query Molecule
#  M --- Material
#  R --- Reactant
#
Directory      result/synthesize_HsDHODH/111/DATABASE/
#
Q000000001/6.454152/0000/R000000001
M000000007/1.000000/0000/Sigma_BB-152386740
R000000006/1.111111/0125/M000000007
R000000008/1.000000/0000/Guesstimate
R000000006/2.222222/0112/M000000007/R000000008
R000000005/1.234568/0040/R000000006
R000000010/1.000000/0000/Guesstimate
R000000009/2.222222/0004/M000000007/R000000010
R000000011/1.000000/0000/Guesstimate
R000000012/1.000000/0000/Guesstimate
R000000009/3.333333/0225/M000000007/R000000011/R000000012
R000000005/2.469136/0216/R000000009
R000000013/1.000000/0000/Guesstimate
R000000004/2.482853/0112/R000000005/R000000013
R000000003/2.758726/0147/R000000004
R000000016/1.000000/0000/Guesstimate
R000000017/1.000000/0000/Guesstimate
R000000015/2.222222/0279/R000000016/R000000017
R000000015/2.222222/0279/R000000016/R000000017
R000000014/2.469136/0004/R000000015
M000000019/1.000000/0000/Sigma_BB-28776791
R000000020/1.000000/0000/Guesstimate
R000000018/2.222222/0274/M000000019/R000000020
R000000021/1.000000/0000/Guesstimate
R000000022/1.000000/0000/Guesstimate
R000000018/2.222222/0301/R000000021/R000000022
R000000014/2.469136/0004/R000000018
R000000002/5.808736/0003/R000000003/R000000014
R000000023/3.065251/0125/R000000003
R000000023/4.176363/0112/R000000003/R000000008
R000000025/1.000000/0000/Guesstimate
R000000027/1.000000/0000/Guesstimate
R000000026/1.111111/0228/R000000027
R000000026/1.111111/0286/R000000027
R000000024/2.345679/0004/R000000025/R000000026
R000000029/1.000000/0000/Guesstimate
R000000028/2.345679/0277/R000000029/R000000026
R000000030/1.000000/0000/Guesstimate
R000000028/2.345679/0301/R000000030/R000000026
R000000024/2.606310/0024/R000000028
R000000002/6.012146/0049/R000000023/R000000024
R000000001/6.454152/0147/R000000002
R000000033/2.222222/0004/R000000013/R000000010
R000000033/3.333333/0225/R000000013/R000000011/R000000012
R000000032/3.840878/0112/R000000005/R000000033
R000000032/3.869837/0004/R000000004/R000000010
R000000034/2.345679/0004/R000000010/R000000026
R000000036/1.000000/0000/Guesstimate
R000000035/2.345679/0277/R000000036/R000000026
R000000035/2.345679/0301/R000000029/R000000026
R000000034/2.606310/0024/R000000035
R000000031/6.873953/0212/R000000032/R000000034
R000000038/3.580247/0212/R000000033/R000000025
R000000038/3.580247/0212/R000000033/R000000025
R000000037/5.212621/0301/R000000038/R000000026
R000000037/5.212621/0301/R000000038/R000000026
R000000031/7.163543/0112/R000000005/R000000037
R000000001/7.637726/0147/R000000031
Q000000002/4.159427/0000/R000000039
M000000043/1.000000/0000/Sigma_BB-243035298
R000000044/1.000000/0000/Guesstimate
R000000042/2.222222/0122/M000000043/R000000044
R000000042/2.222222/0122/M000000043/R000000044
R000000041/2.469136/0082/R000000042
R000000046/1.000000/0000/Guesstimate
R000000045/2.222222/0122/M000000043/R000000046
R000000045/2.222222/0122/M000000043/R000000046
R000000041/3.580247/0112/R000000045/R000000008
R000000040/2.743484/0040/R000000041
R000000049/1.000000/0000/Guesstimate
R000000050/1.000000/0000/Guesstimate
R000000048/2.222222/0170/R000000049/R000000050
R000000051/1.000000/0000/Guesstimate
R000000048/2.222222/0170/R000000051/R000000029
R000000047/3.580247/0122/M000000043/R000000048
R000000047/3.580247/0122/M000000043/R000000048
R000000040/3.978053/0024/R000000047
M000000052/1.000000/0000/Sigma_BB-28766408
R000000039/4.159427/0003/R000000040/M000000052
M000000054/1.000000/0000/Sigma_BB-27355816
R000000053/4.159427/0003/R000000040/M000000054
R000000055/3.580247/0004/R000000045/R000000025
R000000056/3.580247/0277/R000000045/R000000029
R000000056/3.580247/0301/R000000045/R000000030
R000000055/3.978053/0024/R000000056
M000000057/1.000000/0000/Sigma_BB-28421615
R000000053/5.089163/0049/R000000055/M000000057
R000000039/4.621586/0041/R000000053
Q000000003/4.159427/0000/R000000039
Q000000004/4.159427/0000/R000000058
M000000059/1.000000/0000/Sigma_BB-244495193
R000000058/4.159427/0003/R000000040/M000000059
M000000063/1.000000/0000/Sigma_BB-28505131
R000000062/1.111111/0299/M000000063
M000000064/1.000000/0000/Sigma_BB-28760245
R000000065/1.000000/0000/Guesstimate
R000000062/2.222222/0274/M000000064/R000000065
R000000061/1.234568/0091/R000000062
R000000067/1.000000/0000/Guesstimate
R000000068/1.000000/0000/Guesstimate
R000000066/2.222222/0279/R000000067/R000000068
R000000066/2.222222/0279/R000000067/R000000068
R000000061/3.580247/0159/R000000066/R000000010
R000000060/1.371742/0079/R000000061
R000000070/1.000000/0000/Guesstimate
R000000069/2.222222/0004/R000000070/M000000059
R000000060/2.469136/0009/R000000069
R000000058/5.502210/0049/R000000055/R000000060
<NEXT>