#
#  Reaction log file
#  Author: LigBuilder V3 User_Diana
#  Creation time: Wed Feb 25 12:24:54 2026
#  Format:
#  QueryMoleculeId/Cost/SynthesizeId/ReactantId1/ReactantId2/ReactantId3.....
#  Id prefix:
#  Q --- Query Molecule
#  M --- Material
#  R --- Reactant
#
Directory      result/synthesize_HsDHODH/229/DATABASE/
#
Q000000001/Analysis Failed
Q000000002/Analysis Failed
Q000000003/2.743484/0000/R000000001
R000000004/1.000000/0000/Guesstimate
M000000005/1.000000/0000/Sigma_BB-29038349
R000000003/2.222222/0231/R000000004/M000000005
M000000007/1.000000/0000/Sigma_BB-28758567
R000000006/2.222222/0231/R000000004/M000000007
M000000009/1.000000/0000/Sigma_BB-28760999
R000000008/2.222222/0231/R000000004/M000000009
R000000006/2.469136/0299/R000000008
R000000003/2.469136/0287/R000000006
R000000002/2.469136/0125/R000000003
R000000010/1.000000/0000/Guesstimate
R000000002/3.580247/0112/R000000003/R000000010
R000000001/2.743484/0059/R000000002
R000000012/1.000000/0000/Guesstimate
R000000011/3.580247/0004/R000000003/R000000012
R000000013/1.000000/0000/Guesstimate
R000000011/3.580247/0175/R000000006/R000000013
R000000001/3.978053/0153/R000000011
<NEXT>