#
#  Reaction log file
#  Author: LigBuilder V3 User_Diana
#  Creation time: Wed Feb 25 12:24:04 2026
#  Format:
#  QueryMoleculeId/Cost/SynthesizeId/ReactantId1/ReactantId2/ReactantId3.....
#  Id prefix:
#  Q --- Query Molecule
#  M --- Material
#  R --- Reactant
#
Directory      result/synthesize_HsDHODH/194/DATABASE/
#
Q000000001/5.365036/0000/R000000001
R000000003/1.000000/0000/Guesstimate
R000000004/1.000000/0000/Guesstimate
R000000002/2.222222/0012/R000000003/R000000004
R000000006/1.000000/0000/Guesstimate
R000000005/1.111111/0040/R000000006
R000000007/1.000000/0000/Guesstimate
R000000008/1.000000/0000/Guesstimate
R000000005/2.222222/0112/R000000007/R000000008
R000000009/1.000000/0000/Guesstimate
R000000002/2.345679/0012/R000000005/R000000009
R000000013/1.000000/0000/Guesstimate
R000000012/1.111111/0297/R000000013
R000000012/1.111111/0297/R000000013
R000000011/2.345679/0112/R000000007/R000000012
R000000015/1.000000/0000/Guesstimate
R000000014/2.345679/0004/R000000015/R000000012
R000000011/2.606310/0260/R000000014
R000000010/2.606310/0153/R000000011
R000000017/1.000000/0000/Guesstimate
R000000016/2.345679/0112/R000000017/R000000012
R000000019/1.000000/0000/Guesstimate
R000000018/2.345679/0256/R000000019/R000000012
R000000016/2.606310/0257/R000000018
R000000010/2.606310/0154/R000000016
R000000001/5.365036/0264/R000000002/R000000010
R000000021/1.000000/0000/Guesstimate
R000000020/2.222222/0012/R000000021/R000000004
R000000023/1.000000/0000/Guesstimate
R000000022/2.222222/0112/R000000023/R000000008
R000000024/1.000000/0000/Guesstimate
R000000022/2.222222/0112/R000000019/R000000024
R000000020/3.580247/0012/R000000022/R000000009
R000000026/2.345679/0112/R000000008/R000000012
R000000026/2.606310/0009/R000000014
R000000025/2.606310/0040/R000000026
R000000028/2.606310/0147/R000000016
R000000027/2.895900/0092/R000000028
R000000025/3.217667/0073/R000000027
R000000001/5.365036/0264/R000000020/R000000025
Q000000002/Analysis Failed
Q000000003/Analysis Failed
<NEXT>