#
#  Reaction log file
#  Author: LigBuilder V3 User_Diana
#  Creation time: Wed Feb 25 12:26:16 2026
#  Format:
#  QueryMoleculeId/Cost/SynthesizeId/ReactantId1/ReactantId2/ReactantId3.....
#  Id prefix:
#  Q --- Query Molecule
#  M --- Material
#  R --- Reactant
#
Directory      result/synthesize_HsDHODH/268/DATABASE/
#
Q000000001/4.589409/0000/R000000001
M000000006/1.000000/0000/Sigma_BB-243235931
R000000005/1.111111/0125/M000000006
R000000007/1.000000/0000/Guesstimate
R000000005/2.222222/0112/M000000006/R000000007
R000000004/1.234568/0040/R000000005
M000000009/1.000000/0000/Sigma_BB-28599874
R000000008/2.222222/0112/M000000009/R000000007
M000000011/1.000000/0000/Sigma_BB-184773838
R000000010/2.222222/0112/M000000011/R000000007
M000000012/1.000000/0000/Sigma_BB-244167114
R000000010/2.222222/0112/M000000012/R000000007
R000000008/2.469136/0040/R000000010
R000000004/2.469136/0059/R000000008
R000000013/1.000000/0000/Guesstimate
R000000003/2.482853/0001/R000000004/R000000013
R000000014/1.000000/0000/Guesstimate
R000000003/2.482853/0003/R000000004/R000000014
M000000017/1.000000/0000/Sigma_BB-234720983
R000000016/1.111111/0295/M000000017
R000000015/1.234568/0295/R000000016
R000000019/1.000000/0000/Guesstimate
R000000020/1.000000/0000/Guesstimate
R000000018/2.222222/0224/R000000019/R000000020
R000000015/2.469136/0122/R000000018
R000000002/4.130468/0042/R000000003/R000000015
M000000023/1.000000/0000/Sigma_BB-28756674
R000000022/2.482853/0042/M000000023/R000000015
R000000021/2.758726/0197/R000000022
R000000002/4.176363/0112/M000000006/R000000021
R000000001/4.589409/0099/R000000002
R000000026/1.000000/0000/Guesstimate
R000000025/2.222222/0003/M000000006/R000000026
R000000027/1.000000/0000/Guesstimate
R000000025/2.345679/0049/R000000005/R000000027
R000000029/1.000000/0000/Guesstimate
R000000031/1.000000/0000/Guesstimate
R000000032/1.000000/0000/Guesstimate
R000000030/2.222222/0170/R000000031/R000000032
R000000033/1.000000/0000/Guesstimate
R000000034/1.000000/0000/Guesstimate
R000000030/2.222222/0170/R000000033/R000000034
R000000028/3.580247/0122/R000000029/R000000030
R000000036/1.000000/0000/Guesstimate
R000000035/3.580247/0122/R000000036/R000000030
R000000028/3.978053/0217/R000000035
R000000024/6.447188/0122/R000000025/R000000028
R000000024/6.447188/0122/R000000025/R000000028
R000000001/7.163543/0122/R000000024
Q000000002/7.587340/0000/R000000037
M000000041/1.000000/0000/Sigma_BB-28864134
R000000040/1.111111/0054/M000000041
M000000042/1.000000/0000/Sigma_BB-129539509
R000000043/1.000000/0000/Guesstimate
R000000040/2.222222/0004/M000000042/R000000043
R000000039/1.234568/0009/R000000040
M000000044/1.000000/0000/Sigma_BB-28667589
R000000039/2.222222/0003/M000000044/R000000026
R000000049/1.000000/0000/Guesstimate
R000000048/3.580247/0122/R000000049/R000000030
R000000050/1.000000/0000/Guesstimate
R000000048/5.089163/0226/R000000028/R000000050
R000000047/3.978053/0122/R000000048
R000000047/3.978053/0122/R000000048
R000000046/4.420059/0155/R000000047
R000000045/4.911177/0217/R000000046
R000000051/4.911177/0156/R000000046
R000000045/5.456863/0260/R000000051
R000000038/6.828606/0122/R000000039/R000000045
R000000038/6.828606/0122/R000000039/R000000045
R000000037/7.587340/0041/R000000038
M000000056/1.000000/0000/Sigma_BB-28764950
R000000055/2.222222/0004/M000000044/M000000056
R000000054/2.469136/0197/R000000055
R000000053/2.743484/0197/R000000054
R000000052/7.468375/0301/R000000053/R000000047
R000000052/7.468375/0301/R000000053/R000000047
R000000037/8.298194/0028/R000000052
Q000000003/7.587340/0000/R000000037
<NEXT>