#
#  Reaction log file
#  Author: LigBuilder V3 User_Diana
#  Creation time: Wed Feb 25 12:22:38 2026
#  Format:
#  QueryMoleculeId/Cost/SynthesizeId/ReactantId1/ReactantId2/ReactantId3.....
#  Id prefix:
#  Q --- Query Molecule
#  M --- Material
#  R --- Reactant
#
Directory      result/synthesize_HsDHODH/145/DATABASE/
#
Q000000001/7.331201/0000/R000000001
R000000005/1.000000/0000/Guesstimate
R000000006/1.000000/0000/Guesstimate
R000000004/2.222222/0279/R000000005/R000000006
R000000004/2.222222/0279/R000000005/R000000006
R000000008/1.000000/0000/Guesstimate
R000000009/1.000000/0000/Guesstimate
R000000007/2.222222/0112/R000000008/R000000009
R000000003/4.938272/0159/R000000004/R000000007
R000000003/4.938272/0159/R000000004/R000000007
R000000010/1.000000/0000/Guesstimate
R000000002/6.598080/0003/R000000003/R000000010
R000000013/1.000000/0000/Guesstimate
R000000012/2.222222/0279/R000000005/R000000013
R000000012/2.222222/0279/R000000005/R000000013
R000000011/4.938272/0159/R000000012/R000000007
R000000014/1.000000/0000/Guesstimate
R000000002/6.598080/0112/R000000011/R000000014
R000000001/7.331201/0147/R000000002
R000000016/5.486969/0197/R000000003
M000000017/1.000000/0000/Sigma_BB-28843655
R000000015/7.207744/0003/R000000016/M000000017
R000000018/5.486969/0079/R000000011
R000000019/1.000000/0000/Guesstimate
R000000018/6.598080/0112/R000000011/R000000019
R000000021/1.000000/0000/Guesstimate
R000000020/2.222222/0004/R000000021/R000000010
M000000023/1.000000/0000/Sigma_BB-28516749
R000000024/1.000000/0000/Guesstimate
R000000022/2.222222/0170/M000000023/R000000024
R000000025/1.000000/0000/Guesstimate
R000000022/2.222222/0277/R000000025/R000000010
R000000020/2.469136/0024/R000000022
R000000015/8.565768/0049/R000000018/R000000020
R000000001/8.008604/0147/R000000015
Q000000002/9.839287/0000/R000000026
R000000028/5.486969/0092/R000000011
R000000029/1.000000/0000/Guesstimate
R000000028/7.207744/0004/R000000016/R000000029
M000000033/1.000000/0000/Sigma_BB-332441958
R000000032/1.111111/0291/M000000033
R000000032/1.111111/0291/M000000033
R000000031/1.234568/0156/R000000032
R000000030/2.482853/0004/R000000029/R000000031
R000000035/1.000000/0000/Guesstimate
R000000034/2.482853/0277/R000000035/R000000031
R000000034/2.482853/0301/R000000025/R000000031
R000000030/2.758726/0024/R000000034
R000000027/8.855358/0212/R000000028/R000000030
R000000027/8.855358/0212/R000000028/R000000030
R000000026/9.839287/0028/R000000027
R000000038/6.096632/0093/R000000028
M000000040/1.000000/0000/Sigma_BB-28457967
R000000039/7.207744/0212/R000000028/M000000040
R000000039/7.207744/0212/R000000028/M000000040
R000000038/8.008604/0100/R000000039
R000000037/6.774036/0197/R000000038
R000000042/1.000000/0000/Guesstimate
R000000041/6.598080/0112/R000000011/R000000042
R000000043/1.000000/0000/Guesstimate
R000000041/7.207744/0112/R000000016/R000000043
R000000037/7.331201/0147/R000000041
R000000044/1.234568/0156/R000000032
R000000046/1.000000/0000/Guesstimate
R000000045/2.222222/0279/M000000033/R000000046
R000000045/2.222222/0279/M000000033/R000000046
R000000044/2.469136/0228/R000000045
R000000036/8.898449/0301/R000000037/R000000044
R000000036/8.898449/0301/R000000037/R000000044
R000000026/9.887166/0028/R000000036
Q000000003/9.669937/0000/R000000047
M000000051/1.000000/0000/Sigma_BB-28764950
R000000050/1.111111/0197/M000000051
R000000049/2.345679/0212/M000000040/R000000050
R000000052/2.222222/0212/M000000040/M000000051
R000000052/2.222222/0212/M000000040/M000000051
R000000049/2.469136/0197/R000000052
R000000048/8.702943/0212/R000000028/R000000049
R000000048/8.702943/0212/R000000028/R000000049
R000000047/9.669937/0028/R000000048
R000000056/1.000000/0000/Guesstimate
R000000055/1.111111/0291/R000000056
R000000055/1.111111/0291/R000000056
R000000054/2.345679/0004/R000000029/R000000055
R000000057/2.345679/0277/R000000035/R000000055
R000000057/2.345679/0301/R000000025/R000000055
R000000054/2.606310/0024/R000000057
R000000053/8.702943/0212/R000000028/R000000054
R000000053/8.702943/0212/R000000028/R000000054
R000000047/9.669937/0028/R000000053
<NEXT>