#
#  Reaction log file
#  Author: LigBuilder V3 User_Diana
#  Creation time: Wed Feb 25 12:24:30 2026
#  Format:
#  QueryMoleculeId/Cost/SynthesizeId/ReactantId1/ReactantId2/ReactantId3.....
#  Id prefix:
#  Q --- Query Molecule
#  M --- Material
#  R --- Reactant
#
Directory      result/synthesize_HsDHODH/217/DATABASE/
#
Q000000001/4.572474/0000/R000000001
M000000005/1.000000/0000/Sigma_BB-28903411
R000000006/1.000000/0000/Guesstimate
R000000004/2.222222/0175/M000000005/R000000006
R000000004/2.222222/0290/M000000005/R000000006
R000000003/2.469136/0139/R000000004
M000000008/1.000000/0000/Sigma_BB-48767194
R000000007/2.222222/0175/M000000005/M000000008
R000000007/2.222222/0290/M000000005/M000000008
R000000003/2.469136/0150/R000000007
M000000011/1.000000/0000/Sigma_BB-28779522
R000000010/1.111111/0091/M000000011
M000000012/1.000000/0000/Sigma_BB-28792480
R000000010/1.111111/0092/M000000012
R000000009/1.234568/0073/R000000010
R000000014/1.000000/0000/Guesstimate
R000000015/1.000000/0000/Guesstimate
R000000013/2.222222/0012/R000000014/R000000015
R000000016/1.000000/0000/Guesstimate
R000000017/1.000000/0000/Guesstimate
R000000013/2.222222/0112/R000000016/R000000017
R000000009/2.469136/0040/R000000013
R000000002/4.115227/0175/R000000003/R000000009
R000000002/4.115227/0290/R000000003/R000000009
R000000001/4.572474/0279/R000000002
R000000001/4.572474/0279/R000000002
Q000000002/7.506824/0000/R000000018
R000000020/5.080527/0260/R000000001
R000000020/5.080527/0260/R000000001
R000000021/1.000000/0000/Guesstimate
R000000019/6.756142/0138/R000000020/R000000021
R000000022/5.645030/0040/R000000020
R000000023/1.000000/0000/Guesstimate
R000000019/7.383368/0003/R000000022/R000000023
R000000018/7.506824/0147/R000000019
R000000026/1.000000/0000/Guesstimate
R000000025/6.756142/0049/R000000020/R000000026
R000000024/8.617935/0049/R000000025/R000000026
R000000018/9.575483/0059/R000000024
Q000000003/7.506824/0000/R000000027
R000000027/7.506824/0059/R000000025
R000000028/1.000000/0000/Guesstimate
R000000027/8.617935/0224/R000000025/R000000028
<NEXT>