#
#  Reaction log file
#  Author: LigBuilder V3 User_Diana
#  Creation time: Wed Feb 25 12:22:20 2026
#  Format:
#  QueryMoleculeId/Cost/SynthesizeId/ReactantId1/ReactantId2/ReactantId3.....
#  Id prefix:
#  Q --- Query Molecule
#  M --- Material
#  R --- Reactant
#
Directory      result/synthesize_HsDHODH/156/DATABASE/
#
Q000000001/4.176363/0000/R000000001
M000000004/1.000000/0000/Sigma_BB-27190735
R000000007/1.000000/0000/Guesstimate
R000000006/1.111111/0288/R000000007
R000000005/1.234568/0237/R000000006
R000000008/9.300000/0000/Guesstimate
R000000005/9.300000/0090/R000000008
R000000003/2.482853/0003/M000000004/R000000005
M000000010/1.000000/0000/Sigma_BB-27726099
R000000009/1.111111/0085/M000000010
M000000011/1.000000/0000/Sigma_BB-28667589
R000000012/1.000000/0000/Guesstimate
R000000009/2.222222/0004/M000000011/R000000012
R000000013/1.371742/0118/R000000005
R000000014/1.000000/0000/Guesstimate
R000000013/2.482853/0112/R000000014/R000000005
R000000003/2.758726/0049/R000000009/R000000013
R000000002/2.758726/0099/R000000003
R000000016/1.111111/0086/M000000010
R000000016/1.111111/0091/M000000010
R000000015/2.606310/0112/R000000016/R000000005
M000000017/1.000000/0000/Sigma_BB-28864134
R000000018/2.482853/0004/R000000012/R000000005
R000000018/2.482853/0277/R000000012/R000000005
R000000015/3.869837/0049/M000000017/R000000018
R000000002/2.895900/0099/R000000015
R000000019/1.000000/0000/Guesstimate
R000000001/4.176363/0056/R000000002/R000000019
M000000022/1.000000/0000/Sigma_BB-184773838
R000000023/1.000000/0000/Guesstimate
R000000021/2.222222/0003/M000000022/R000000023
M000000025/1.000000/0000/Sigma_BB-327401854
R000000024/2.222222/0003/M000000025/R000000023
R000000021/2.469136/0079/R000000024
R000000020/3.840878/0122/R000000021/R000000005
R000000020/3.840878/0122/R000000021/R000000005
R000000001/4.267643/0041/R000000020
Q000000002/4.176363/0000/R000000001
Q000000003/4.176363/0000/R000000001
Q000000004/4.572474/0000/R000000026
M000000030/1.000000/0000/Sigma_BB-299844597
R000000031/1.000000/0000/Guesstimate
R000000029/2.222222/0301/M000000030/R000000031
R000000029/2.222222/0301/M000000030/R000000031
R000000028/2.469136/0125/R000000029
R000000028/3.580247/0112/R000000029/R000000014
M000000034/1.000000/0000/Sigma_BB-28518102
R000000033/1.111111/0204/M000000034
R000000032/1.234568/0285/R000000033
R000000035/1.000000/0000/Guesstimate
R000000037/1.000000/0000/Guesstimate
R000000036/1.111111/0293/R000000037
R000000032/2.345679/0277/R000000035/R000000036
R000000027/4.115227/0285/R000000028/R000000032
R000000026/4.572474/0024/R000000027
R000000041/1.000000/0000/Guesstimate
R000000040/2.345679/0301/R000000041/R000000036
R000000040/2.345679/0301/R000000041/R000000036
R000000043/1.000000/0000/Guesstimate
R000000042/2.222222/0174/R000000014/R000000043
R000000045/7.400000/0000/Guesstimate
R000000044/8.222222/0091/R000000045
R000000042/9.135803/0079/R000000044
R000000039/5.075447/0138/R000000040/R000000042
R000000039/9.456791/0003/R000000036/R000000045
R000000038/8.382870/0012/R000000028/R000000039
R000000038/8.382870/0285/R000000028/R000000039
R000000026/9.314300/0025/R000000038
<NEXT>