#
#  Reaction log file
#  Author: LigBuilder V3 User_Diana
#  Creation time: Wed Feb 25 12:23:49 2026
#  Format:
#  QueryMoleculeId/Cost/SynthesizeId/ReactantId1/ReactantId2/ReactantId3.....
#  Id prefix:
#  Q --- Query Molecule
#  M --- Material
#  R --- Reactant
#
Directory      result/synthesize_HsDHODH/198/DATABASE/
#
Q000000001/3.854596/0000/R000000001
M000000004/1.000000/0000/Sigma_BB-48709754
R000000005/1.000000/0000/Guesstimate
R000000003/2.222222/0231/M000000004/R000000005
R000000002/2.469136/0294/R000000003
R000000006/8.400000/0000/Guesstimate
R000000002/9.333333/0287/R000000006
M000000007/1.000000/0000/Sigma_BB-28805814
R000000001/3.854596/0119/R000000002/M000000007
R000000009/1.000000/0000/Guesstimate
R000000010/1.000000/0000/Guesstimate
R000000008/4.965707/0261/R000000002/R000000009/R000000010
R000000012/1.000000/0000/Guesstimate
R000000013/1.000000/0000/Guesstimate
R000000011/2.222222/0001/R000000012/R000000013
R000000014/1.000000/0000/Guesstimate
R000000011/2.222222/0004/R000000012/R000000014
R000000008/5.212621/0119/R000000002/R000000011
R000000001/5.517452/0059/R000000008
Q000000002/Analysis Failed
Q000000003/Analysis Failed
Q000000004/Analysis Failed
<NEXT>