#
#  Reaction log file
#  Author: LigBuilder V3 User_Diana
#  Creation time: Wed Feb 25 12:24:05 2026
#  Format:
#  QueryMoleculeId/Cost/SynthesizeId/ReactantId1/ReactantId2/ReactantId3.....
#  Id prefix:
#  Q --- Query Molecule
#  M --- Material
#  R --- Reactant
#
Directory      result/synthesize_HsDHODH/202/DATABASE/
#
Q000000001/2.469136/0000/R000000001
M000000003/1.000000/0000/Sigma_BB-29208612
R000000004/1.000000/0000/Guesstimate
R000000002/2.222222/0003/M000000003/R000000004
R000000006/1.111111/0093/M000000003
M000000007/1.000000/0000/Sigma_BB-28798855
R000000008/1.000000/0000/Guesstimate
R000000006/2.222222/0004/M000000007/R000000008
R000000005/1.234568/0085/R000000006
R000000009/1.000000/0000/Guesstimate
R000000005/2.222222/0004/M000000007/R000000009
R000000012/1.000000/0000/Guesstimate
R000000011/1.111111/0054/R000000012
R000000013/1.000000/0000/Guesstimate
R000000011/2.222222/0004/R000000013/R000000004
R000000010/1.234568/0009/R000000011
R000000014/1.000000/0000/Guesstimate
R000000015/1.000000/0000/Guesstimate
R000000010/2.222222/0003/R000000014/R000000015
R000000002/2.743484/0049/R000000005/R000000010
R000000001/2.469136/0099/R000000002
R000000019/1.000000/0000/Guesstimate
R000000018/2.222222/0003/M000000003/R000000019
R000000020/1.000000/0000/Guesstimate
R000000018/2.222222/0112/M000000007/R000000020
R000000017/2.469136/0099/R000000018
R000000021/2.222222/0003/M000000007/R000000009
M000000022/1.000000/0000/Sigma_BB-28867296
M000000023/1.000000/0000/Sigma_BB-28775620
R000000021/2.222222/0049/M000000022/M000000023
R000000017/2.469136/0099/R000000021
R000000016/3.854596/0003/R000000017/R000000008
R000000025/1.000000/0000/Guesstimate
R000000024/2.222222/0256/M000000022/R000000025
M000000027/1.000000/0000/Sigma_BB-326788703
R000000028/1.000000/0000/Guesstimate
R000000026/2.222222/0012/M000000027/R000000028
R000000029/1.000000/0000/Guesstimate
R000000026/2.222222/0112/M000000007/R000000029
R000000024/2.469136/0233/R000000026
R000000030/2.222222/0001/R000000008/R000000008
R000000031/1.000000/0000/Guesstimate
R000000030/2.222222/0003/R000000008/R000000031
R000000016/4.938272/0042/R000000024/R000000030
R000000001/4.282884/0059/R000000016
Q000000002/2.469136/0000/R000000001
Q000000003/Analysis Failed
<NEXT>