#
#  Reaction log file
#  Author: LigBuilder V3 User_Diana
#  Creation time: Wed Feb 25 12:24:16 2026
#  Format:
#  QueryMoleculeId/Cost/SynthesizeId/ReactantId1/ReactantId2/ReactantId3.....
#  Id prefix:
#  Q --- Query Molecule
#  M --- Material
#  R --- Reactant
#
Directory      result/synthesize_HsDHODH/223/DATABASE/
#
Q000000001/5.378754/0000/R000000001
R000000004/1.000000/0000/Guesstimate
R000000005/1.000000/0000/Guesstimate
R000000003/2.222222/0012/R000000004/R000000005
R000000007/1.000000/0000/Guesstimate
R000000006/2.222222/0012/R000000004/R000000007
M000000009/1.000000/0000/Sigma_BB-37328067
R000000008/1.111111/0091/M000000009
M000000010/1.000000/0000/Sigma_BB-28758779
R000000011/1.000000/0000/Guesstimate
R000000008/2.222222/0276/M000000010/R000000011
R000000012/1.000000/0000/Guesstimate
R000000006/2.345679/0112/R000000008/R000000012
R000000003/2.469136/0024/R000000006
R000000015/1.000000/0000/Guesstimate
R000000014/1.111111/0125/R000000015
R000000016/1.000000/0000/Guesstimate
R000000014/2.222222/0112/R000000016/R000000015
R000000013/1.234568/0040/R000000014
R000000018/1.000000/0000/Guesstimate
R000000017/2.222222/0004/R000000015/R000000018
R000000020/1.000000/0000/Guesstimate
R000000019/2.222222/0112/R000000020/R000000015
R000000017/2.469136/0147/R000000019
R000000013/2.469136/0216/R000000017
R000000002/3.840878/0264/R000000003/R000000013
R000000022/1.000000/0000/Guesstimate
R000000021/2.222222/0012/R000000022/R000000005
R000000021/2.469136/0024/R000000003
R000000023/2.469136/0153/R000000019
R000000025/1.000000/0000/Guesstimate
R000000024/2.222222/0112/R000000025/R000000015
R000000024/2.469136/0091/R000000019
R000000023/2.469136/0154/R000000024
R000000002/5.212621/0264/R000000021/R000000023
R000000026/1.000000/0000/Guesstimate
R000000001/5.378754/0003/R000000002/R000000026
R000000030/1.000000/0000/Guesstimate
R000000029/2.482853/0264/R000000030/R000000013
R000000031/1.000000/0000/Guesstimate
R000000029/3.854596/0264/R000000031/R000000023
R000000032/1.000000/0000/Guesstimate
R000000028/3.869837/0012/R000000029/R000000032
R000000034/1.000000/0000/Guesstimate
R000000033/2.482853/0264/R000000034/R000000013
R000000035/1.000000/0000/Guesstimate
R000000033/3.854596/0264/R000000035/R000000023
R000000028/3.869837/0112/R000000033/R000000016
R000000027/4.299819/0082/R000000028
R000000038/1.000000/0000/Guesstimate
R000000037/1.111111/0040/R000000038
R000000037/2.222222/0012/R000000022/R000000032
R000000036/3.978053/0264/R000000037/R000000023
M000000040/1.000000/0000/Sigma_BB-29464565
R000000039/3.854596/0264/M000000040/R000000023
R000000036/4.282884/0237/R000000039
R000000027/4.420059/0082/R000000036
R000000041/1.000000/0000/Guesstimate
R000000001/5.888689/0012/R000000027/R000000041
Q000000002/5.378754/0000/R000000001
Q000000003/5.378754/0000/R000000001
<NEXT>