#
#  Reaction log file
#  Author: LigBuilder V3 User_Diana
#  Creation time: Wed Feb 25 12:20:14 2026
#  Format:
#  QueryMoleculeId/Cost/SynthesizeId/ReactantId1/ReactantId2/ReactantId3.....
#  Id prefix:
#  Q --- Query Molecule
#  M --- Material
#  R --- Reactant
#
Directory      result/synthesize_HsDHODH/109/DATABASE/
#
Q000000001/4.420059/0000/R000000001
M000000005/1.000000/0000/Sigma_BB-152386740
R000000006/1.000000/0000/Guesstimate
R000000004/2.222222/0004/M000000005/R000000006
R000000007/1.000000/0000/Guesstimate
R000000003/3.580247/0212/R000000004/R000000007
R000000003/3.580247/0212/R000000004/R000000007
R000000002/3.978053/0125/R000000003
R000000008/1.000000/0000/Guesstimate
R000000002/5.089163/0112/R000000003/R000000008
R000000001/4.420059/0040/R000000002
R000000012/1.000000/0000/Guesstimate
R000000013/1.000000/0000/Guesstimate
R000000011/2.222222/0174/R000000012/R000000013
R000000011/2.222222/0289/R000000012/R000000013
R000000010/2.469136/0197/R000000011
R000000014/7.400000/0000/Guesstimate
R000000010/8.222222/0091/R000000014
R000000009/6.721537/0112/R000000003/R000000010
R000000001/7.468375/0025/R000000009
Q000000002/6.096632/0000/R000000015
R000000019/1.000000/0000/Guesstimate
R000000018/2.222222/0112/M000000005/R000000019
R000000018/3.978053/0257/R000000003
R000000017/2.469136/0059/R000000018
R000000021/1.000000/0000/Guesstimate
R000000020/2.222222/0004/M000000005/R000000021
R000000022/1.000000/0000/Guesstimate
R000000023/1.000000/0000/Guesstimate
R000000020/3.333333/0225/M000000005/R000000022/R000000023
R000000017/2.469136/0153/R000000020
R000000016/5.486969/0112/R000000017/R000000010
R000000026/4.911177/0257/R000000001
R000000025/5.456863/0091/R000000026
R000000024/6.063181/0059/R000000025
R000000028/4.911177/0155/R000000001
R000000027/5.456863/0091/R000000028
R000000024/6.063181/0156/R000000027
R000000029/1.111111/0287/R000000013
R000000029/8.222222/0197/R000000014
R000000016/7.971437/0112/R000000024/R000000029
R000000015/6.096632/0025/R000000016
R000000032/1.000000/0000/Guesstimate
R000000031/6.567974/0119/R000000026/R000000032
R000000033/6.022288/0119/R000000001/R000000032
R000000033/6.022288/0280/R000000001/R000000032
R000000031/6.691431/0257/R000000033
R000000030/7.297749/0059/R000000031
R000000034/6.567974/0119/R000000028/R000000032
R000000034/6.691431/0155/R000000033
R000000030/7.297749/0156/R000000034
R000000015/8.108610/0024/R000000030
Q000000003/6.096632/0000/R000000015
<NEXT>