#
#  Reaction log file
#  Author: LigBuilder V3 User_Diana
#  Creation time: Wed Feb 25 12:13:26 2026
#  Format:
#  QueryMoleculeId/Cost/SynthesizeId/ReactantId1/ReactantId2/ReactantId3.....
#  Id prefix:
#  Q --- Query Molecule
#  M --- Material
#  R --- Reactant
#
Directory      result/synthesize_HsDHODH/6/DATABASE/
#
Q000000001/4.130468/0000/R000000001
M000000005/1.000000/0000/Sigma_BB-30085674
R000000004/1.111111/0168/M000000005
R000000006/1.000000/0000/Guesstimate
R000000003/2.345679/0119/R000000004/R000000006
R000000007/2.222222/0119/M000000005/R000000006
R000000007/2.222222/0280/M000000005/R000000006
R000000003/2.469136/0168/R000000007
R000000008/1.000000/0000/Guesstimate
R000000002/3.717421/0256/R000000003/R000000008
R000000011/1.000000/0000/Guesstimate
R000000010/2.345679/0256/R000000004/R000000011
R000000009/3.717421/0119/R000000010/R000000006
R000000009/3.717421/0256/R000000003/R000000011
R000000012/1.000000/0000/Guesstimate
R000000002/5.241580/0279/R000000009/R000000012
R000000001/4.130468/0024/R000000002
M000000016/1.000000/0000/Sigma_BB-152386740
R000000015/1.111111/0125/M000000016
R000000017/1.000000/0000/Guesstimate
R000000015/2.222222/0112/M000000016/R000000017
R000000014/2.345679/0256/R000000015/R000000008
M000000019/1.000000/0000/Sigma_BB-30487926
R000000018/2.222222/0112/M000000016/M000000019
R000000014/2.469136/0233/R000000018
R000000022/1.000000/0000/Guesstimate
R000000023/1.000000/0000/Guesstimate
R000000021/2.222222/0174/R000000022/R000000023
R000000021/2.222222/0289/R000000022/R000000023
R000000020/2.469136/0197/R000000021
R000000024/7.400000/0000/Guesstimate
R000000020/8.222222/0091/R000000024
R000000013/5.349795/0112/R000000014/R000000020
R000000001/5.944217/0025/R000000013
Q000000002/4.436994/0000/R000000025
R000000028/1.234568/0091/R000000004
R000000029/1.000000/0000/Guesstimate
R000000027/2.482853/0256/R000000028/R000000029
R000000030/2.606310/0091/R000000010
R000000031/1.000000/0000/Guesstimate
R000000027/4.007011/0279/R000000030/R000000031
R000000032/1.111111/0287/R000000023
R000000032/8.222222/0197/R000000024
R000000026/3.993294/0112/R000000027/R000000032
R000000035/1.000000/0000/Guesstimate
R000000034/2.345679/0011/R000000015/R000000035
R000000033/2.606310/0099/R000000034
R000000037/1.000000/0000/Guesstimate
R000000036/2.345679/0011/R000000015/R000000037
R000000038/1.000000/0000/Guesstimate
R000000033/3.717421/0122/R000000036/R000000038
R000000026/5.639385/0112/R000000033/R000000020
R000000025/4.436994/0025/R000000026
R000000040/3.717421/0011/R000000003/R000000037
R000000041/4.130468/0082/R000000009
R000000042/1.000000/0000/Guesstimate
R000000040/5.700521/0049/R000000041/R000000042
R000000039/5.241580/0122/R000000040/R000000038
R000000044/4.589409/0040/R000000041
R000000043/5.099344/0197/R000000044
R000000045/1.000000/0000/Guesstimate
R000000039/6.777049/0122/R000000043/R000000045
R000000025/5.823977/0024/R000000039
Q000000003/4.130468/0000/R000000001
Q000000004/4.130468/0000/R000000001
<NEXT>