#
#  Reaction log file
#  Author: LigBuilder V3 User_Diana
#  Creation time: Wed Feb 25 12:23:22 2026
#  Format:
#  QueryMoleculeId/Cost/SynthesizeId/ReactantId1/ReactantId2/ReactantId3.....
#  Id prefix:
#  Q --- Query Molecule
#  M --- Material
#  R --- Reactant
#
Directory      result/synthesize_HsDHODH/174/DATABASE/
#
Q000000001/Analysis Failed
Q000000002/Analysis Failed
Q000000003/Analysis Failed
Q000000004/4.911177/0000/R000000001
M000000006/1.000000/0000/Sigma_BB-152386740
R000000007/1.000000/0000/Guesstimate
R000000005/2.222222/0004/M000000006/R000000007
R000000004/2.469136/0125/R000000005
R000000008/1.000000/0000/Guesstimate
R000000004/3.580247/0112/R000000005/R000000008
R000000003/2.743484/0040/R000000004
R000000010/1.000000/0000/Guesstimate
R000000009/3.580247/0004/R000000005/R000000010
R000000011/1.000000/0000/Guesstimate
R000000012/1.000000/0000/Guesstimate
R000000009/4.691358/0225/R000000005/R000000011/R000000012
R000000003/3.978053/0216/R000000009
M000000015/1.000000/0000/Sigma_BB-28493762
R000000014/1.111111/0228/M000000015
R000000014/1.111111/0286/M000000015
R000000013/1.234568/0024/R000000014
R000000016/1.111111/0024/M000000015
R000000013/1.234568/0228/R000000016
R000000002/4.420059/0212/R000000003/R000000013
R000000002/4.420059/0212/R000000003/R000000013
R000000001/4.911177/0028/R000000002
M000000019/1.000000/0000/Sigma_BB-28783060
R000000018/3.580247/0212/R000000005/M000000019
R000000018/3.580247/0212/R000000005/M000000019
R000000022/1.000000/0000/Guesstimate
R000000023/1.000000/0000/Guesstimate
R000000021/2.222222/0174/R000000022/R000000023
R000000021/2.222222/0289/R000000022/R000000023
R000000020/2.469136/0197/R000000021
R000000024/7.400000/0000/Guesstimate
R000000020/8.222222/0091/R000000024
R000000017/6.721537/0112/R000000018/R000000020
R000000001/7.468375/0025/R000000017
<NEXT>