#
#  Reaction log file
#  Author: LigBuilder V3 User_Diana
#  Creation time: Wed Feb 25 12:22:51 2026
#  Format:
#  QueryMoleculeId/Cost/SynthesizeId/ReactantId1/ReactantId2/ReactantId3.....
#  Id prefix:
#  Q --- Query Molecule
#  M --- Material
#  R --- Reactant
#
Directory      result/synthesize_HsDHODH/168/DATABASE/
#
Q000000001/2.222222/0000/R000000001
M000000002/1.000000/0000/Sigma_BB-28513998
R000000003/1.000000/0000/Guesstimate
R000000001/2.222222/0004/M000000002/R000000003
M000000007/1.000000/0000/Sigma_BB-244317393
R000000008/1.000000/0000/Guesstimate
R000000006/2.222222/0112/M000000007/R000000008
R000000009/1.000000/0000/Guesstimate
R000000006/2.222222/0112/M000000002/R000000009
R000000005/2.469136/0233/R000000006
R000000005/2.469136/0258/R000000006
R000000004/2.743484/0039/R000000005
M000000012/1.000000/0000/Sigma_BB-28959460
R000000013/1.000000/0000/Guesstimate
R000000014/1.000000/0000/Guesstimate
R000000011/3.333333/0261/M000000012/R000000013/R000000014
R000000010/3.703704/0104/R000000011
R000000010/3.703704/0104/R000000011
R000000004/4.115227/0160/R000000010
R000000001/3.048316/0024/R000000004
Q000000002/4.420059/0000/R000000015
M000000019/1.000000/0000/Sigma_BB-30436878
R000000020/1.000000/0000/Guesstimate
R000000018/2.222222/0175/M000000019/R000000020
R000000018/2.222222/0290/M000000019/R000000020
R000000017/2.469136/0139/R000000018
R000000017/2.469136/0295/R000000018
M000000022/1.000000/0000/Sigma_BB-28776399
R000000021/1.111111/0086/M000000022
R000000024/1.000000/0000/Guesstimate
R000000025/1.000000/0000/Guesstimate
R000000023/2.222222/0277/R000000024/R000000025
R000000026/1.000000/0000/Guesstimate
R000000023/2.222222/0301/R000000026/R000000025
R000000021/2.469136/0039/R000000023
R000000016/3.978053/0175/R000000017/R000000021
R000000029/1.000000/0000/Guesstimate
R000000028/3.854596/0175/R000000017/R000000029
R000000028/3.854596/0290/R000000017/R000000029
R000000027/4.282884/0024/R000000028
R000000031/1.000000/0000/Guesstimate
R000000030/3.854596/0175/R000000017/R000000031
R000000034/2.222222/0175/M000000019/R000000026
R000000034/2.222222/0290/M000000019/R000000026
R000000033/3.580247/0175/R000000034/R000000020
R000000033/3.580247/0175/R000000018/R000000026
R000000032/3.978053/0139/R000000033
R000000035/3.854596/0174/R000000017/R000000026
R000000035/3.854596/0289/R000000017/R000000026
R000000032/4.282884/0147/R000000035
R000000030/4.420059/0217/R000000032
R000000027/4.282884/0040/R000000030
R000000016/5.869872/0212/R000000027/M000000022
R000000015/4.420059/0024/R000000016
R000000036/1.000000/0000/Guesstimate
R000000015/5.531170/0004/R000000032/R000000036
Q000000003/5.944217/0000/R000000037
M000000041/1.000000/0000/Sigma_BB-30085674
R000000040/1.111111/0168/M000000041
R000000039/2.345679/0119/R000000040/R000000014
R000000042/2.222222/0119/M000000041/R000000014
R000000042/2.222222/0280/M000000041/R000000014
R000000039/2.469136/0168/R000000042
R000000045/1.000000/0000/Guesstimate
R000000046/1.000000/0000/Guesstimate
R000000044/2.222222/0256/R000000045/R000000046
R000000043/2.469136/0219/R000000044
R000000043/9.700000/0099/R000000047
R000000038/5.349795/0256/R000000039/R000000043
R000000050/1.000000/0000/Guesstimate
R000000049/2.345679/0256/R000000040/R000000050
R000000048/3.717421/0119/R000000049/R000000014
R000000048/3.717421/0256/R000000039/R000000050
R000000053/1.000000/0000/Guesstimate
R000000054/1.000000/0000/Guesstimate
R000000052/2.222222/0274/R000000053/R000000054
R000000055/1.000000/0000/Guesstimate
R000000056/1.000000/0000/Guesstimate
R000000052/2.222222/0274/R000000055/R000000056
R000000051/2.469136/0122/R000000052
R000000051/8.888889/0099/R000000057
R000000038/6.873953/0279/R000000048/R000000051
R000000037/5.944217/0024/R000000038
R000000060/1.234568/0091/R000000040
R000000062/1.000000/0000/Guesstimate
R000000061/1.111111/0287/R000000062
R000000059/2.606310/0112/R000000060/R000000061
M000000064/1.000000/0000/Sigma_BB-152386740
R000000063/1.111111/0125/M000000064
R000000065/1.000000/0000/Guesstimate
R000000063/2.222222/0112/M000000064/R000000065
R000000068/1.000000/0000/Guesstimate
R000000067/2.222222/0174/R000000068/R000000062
R000000067/2.222222/0289/R000000068/R000000062
R000000066/2.469136/0197/R000000067
R000000069/7.400000/0000/Guesstimate
R000000066/8.222222/0091/R000000069
R000000059/3.978053/0112/R000000063/R000000066
R000000058/5.639385/0256/R000000059/R000000043
R000000070/3.978053/0256/R000000063/R000000043
R000000071/2.345679/0256/R000000063/R000000050
R000000070/5.349795/0279/R000000071/R000000051
R000000058/7.163543/0112/R000000070/R000000066
R000000037/6.265983/0025/R000000058
Q000000004/5.823977/0000/R000000072
R000000075/1.000000/0000/Guesstimate
R000000074/3.717421/0011/R000000039/R000000075
R000000076/4.130468/0082/R000000048
R000000077/1.000000/0000/Guesstimate
R000000074/5.700521/0049/R000000076/R000000077
R000000078/1.000000/0000/Guesstimate
R000000073/5.241580/0122/R000000074/R000000078
R000000080/4.589409/0040/R000000076
R000000079/5.099344/0197/R000000080
R000000083/1.000000/0000/Guesstimate
R000000082/1.111111/0054/R000000083
R000000084/1.000000/0000/Guesstimate
R000000085/1.000000/0000/Guesstimate
R000000082/2.222222/0004/R000000084/R000000085
R000000081/1.234568/0009/R000000082
R000000086/1.000000/0000/Guesstimate
R000000081/2.222222/0003/R000000086/R000000078
R000000073/7.037680/0122/R000000079/R000000081
R000000072/5.823977/0024/R000000073
R000000089/1.000000/0000/Guesstimate
R000000088/2.222222/0122/R000000089/R000000078
R000000091/1.000000/0000/Guesstimate
R000000090/2.222222/0122/R000000089/R000000091
R000000092/1.000000/0000/Guesstimate
R000000093/1.000000/0000/Guesstimate
R000000090/2.222222/0274/R000000092/R000000093
R000000088/2.469136/0147/R000000090
R000000087/5.365036/0256/R000000059/R000000088
M000000096/1.000000/0000/Sigma_BB-189400852
R000000095/2.345679/0011/R000000063/M000000096
R000000094/2.606310/0099/R000000095
R000000097/2.345679/0011/R000000063/R000000075
R000000094/3.717421/0122/R000000097/R000000078
R000000087/5.639385/0112/R000000094/R000000066
R000000072/5.961152/0025/R000000087
<NEXT>