#
#  Reaction log file
#  Author: LigBuilder V3 User_Diana
#  Creation time: Wed Feb 25 12:23:13 2026
#  Format:
#  QueryMoleculeId/Cost/SynthesizeId/ReactantId1/ReactantId2/ReactantId3.....
#  Id prefix:
#  Q --- Query Molecule
#  M --- Material
#  R --- Reactant
#
Directory      result/synthesize_HsDHODH/180/DATABASE/
#
Q000000001/5.791801/0000/R000000001
M000000005/1.000000/0000/Sigma_BB-188062324
R000000006/1.000000/0000/Guesstimate
R000000004/2.222222/0285/M000000005/R000000006
R000000003/2.469136/0294/R000000004
R000000007/2.469136/0228/R000000004
R000000007/2.469136/0286/R000000004
R000000003/2.743484/0296/R000000007
R000000009/1.000000/0000/Guesstimate
R000000010/1.000000/0000/Guesstimate
R000000008/2.222222/0004/R000000009/R000000010
R000000012/1.000000/0000/Guesstimate
R000000011/2.222222/0003/R000000010/R000000012
R000000008/2.469136/0040/R000000011
R000000002/5.212621/0004/R000000003/R000000008
R000000013/3.854596/0004/R000000003/R000000009
R000000014/3.854596/0003/R000000003/R000000012
R000000013/4.282884/0040/R000000014
R000000002/5.393995/0004/R000000013/R000000010
R000000001/5.791801/0153/R000000002
R000000018/1.000000/0000/Guesstimate
R000000019/1.000000/0000/Guesstimate
R000000017/2.222222/0063/R000000018/R000000019
R000000020/1.000000/0000/Guesstimate
R000000017/2.222222/0064/R000000018/R000000020
R000000016/2.469136/0091/R000000017
R000000022/1.000000/0000/Guesstimate
R000000021/2.222222/0112/R000000022/R000000010
R000000016/2.469136/0197/R000000021
R000000015/5.486969/0112/R000000003/R000000016
R000000001/6.096632/0059/R000000015
Q000000002/6.454152/0000/R000000023
R000000029/1.000000/0000/Guesstimate
R000000028/1.111111/0198/R000000029
R000000030/1.000000/0000/Guesstimate
R000000028/1.111111/0228/R000000030
R000000027/1.234568/0024/R000000028
R000000031/1.000000/0000/Guesstimate
R000000027/2.222222/0004/R000000031/R000000006
R000000026/2.482853/0064/R000000018/R000000027
R000000032/2.222222/0001/R000000012/R000000006
R000000033/1.000000/0000/Guesstimate
R000000032/2.222222/0004/R000000033/R000000006
R000000026/3.580247/0063/R000000018/R000000032
R000000025/2.758726/0093/R000000026
R000000024/5.808736/0004/R000000003/R000000025
R000000036/1.000000/0000/Guesstimate
R000000035/2.222222/0274/R000000036/R000000006
R000000034/2.469136/0285/R000000035
R000000034/2.758726/0197/R000000026
R000000024/7.026369/0004/R000000013/R000000034
R000000023/6.454152/0153/R000000024
R000000039/4.282884/0216/R000000013
R000000038/5.869872/0003/R000000039/R000000033
R000000042/3.854596/0004/R000000003/R000000006
R000000041/4.282884/0153/R000000042
R000000044/1.000000/0000/Guesstimate
R000000043/3.854596/0004/R000000003/R000000044
R000000045/4.282884/0247/R000000014
R000000043/4.758760/0040/R000000045
R000000041/4.282884/0197/R000000043
R000000040/4.758760/0260/R000000041
R000000038/6.398623/0003/R000000040/R000000012
R000000037/7.893822/0062/R000000038/R000000027
R000000037/8.991217/0061/R000000038/R000000032
R000000023/8.770914/0059/R000000037
Q000000003/6.096632/0000/R000000046
R000000050/1.000000/0000/Guesstimate
R000000049/2.222222/0063/R000000018/R000000050
R000000051/1.000000/0000/Guesstimate
R000000049/2.222222/0064/R000000018/R000000051
R000000048/2.469136/0093/R000000049
R000000047/5.486969/0004/R000000003/R000000048
R000000052/2.469136/0197/R000000049
R000000053/2.743484/0204/R000000034
R000000052/3.048316/0041/R000000053
R000000047/7.026369/0004/R000000013/R000000052
R000000046/6.096632/0153/R000000047
R000000054/7.633191/0061/R000000038/R000000050
R000000054/7.633191/0062/R000000038/R000000051
R000000046/8.481323/0059/R000000054
Q000000004/6.096632/0000/R000000046
<NEXT>