#
#  Reaction log file
#  Author: LigBuilder V3 User_Diana
#  Creation time: Wed Feb 25 12:13:39 2026
#  Format:
#  QueryMoleculeId/Cost/SynthesizeId/ReactantId1/ReactantId2/ReactantId3.....
#  Id prefix:
#  Q --- Query Molecule
#  M --- Material
#  R --- Reactant
#
Directory      result/synthesize_HsDHODH/14/DATABASE/
#
Q000000001/2.895900/0000/R000000001
M000000005/1.000000/0000/Sigma_BB-152386740
R000000004/1.111111/0125/M000000005
R000000006/1.000000/0000/Guesstimate
R000000004/2.222222/0112/M000000005/R000000006
R000000007/1.000000/0000/Guesstimate
R000000003/2.345679/0003/R000000004/R000000007
R000000008/1.234568/0125/R000000004
R000000008/2.345679/0112/R000000004/R000000006
M000000009/1.000000/0000/Sigma_BB-34697964
R000000003/2.482853/0049/R000000008/M000000009
R000000002/2.606310/0099/R000000003
R000000012/1.000000/0000/Guesstimate
R000000011/2.345679/0003/R000000004/R000000012
R000000013/1.000000/0000/Guesstimate
R000000011/2.482853/0049/R000000008/R000000013
M000000014/1.000000/0000/Sigma_BB-28775620
R000000010/3.717421/0049/R000000011/M000000014
R000000002/4.130468/0099/R000000010
R000000001/2.895900/0040/R000000002
R000000017/2.222222/0003/M000000005/R000000007
R000000016/2.469136/0099/R000000017
R000000019/1.000000/0000/Guesstimate
R000000018/3.580247/0224/R000000017/R000000019
R000000016/3.978053/0150/R000000018
R000000022/1.000000/0000/Guesstimate
R000000023/1.000000/0000/Guesstimate
R000000021/2.222222/0174/R000000022/R000000023
R000000021/2.222222/0289/R000000022/R000000023
R000000020/2.469136/0197/R000000021
R000000024/7.400000/0000/Guesstimate
R000000020/8.222222/0091/R000000024
R000000015/5.486969/0112/R000000016/R000000020
R000000001/6.096632/0025/R000000015
Q000000002/4.452235/0000/R000000025
R000000029/1.000000/0000/Guesstimate
R000000028/2.345679/0004/R000000004/R000000029
R000000030/1.000000/0000/Guesstimate
R000000031/1.000000/0000/Guesstimate
R000000028/3.456790/0225/R000000004/R000000030/R000000031
R000000027/2.606310/0197/R000000028
R000000032/8.300000/0000/Guesstimate
R000000027/9.222222/0168/R000000032
R000000033/1.000000/0000/Guesstimate
R000000026/4.007011/0122/R000000027/R000000033
R000000036/1.000000/0000/Guesstimate
R000000035/2.222222/0004/M000000005/R000000036
R000000037/1.000000/0000/Guesstimate
R000000035/3.333333/0225/M000000005/R000000037/R000000031
R000000038/1.000000/0000/Guesstimate
R000000034/3.580247/0212/R000000035/R000000038
R000000034/3.580247/0212/R000000035/R000000038
R000000026/5.089163/0112/R000000034/R000000006
R000000025/4.452235/0040/R000000026
R000000039/6.721537/0112/R000000034/R000000020
R000000025/7.468375/0025/R000000039
Q000000003/3.048316/0000/R000000040
M000000044/1.000000/0000/Sigma_BB-152386739
M000000045/1.000000/0000/Sigma_BB-156333960
R000000043/2.222222/0003/M000000044/M000000045
M000000046/1.000000/0000/Sigma_BB-28711547
R000000043/2.222222/0112/M000000005/M000000046
R000000042/2.469136/0147/R000000043
M000000048/1.000000/0000/Sigma_BB-156333806
R000000047/2.222222/0003/M000000005/M000000048
R000000042/2.469136/0147/R000000047
R000000041/2.743484/0125/R000000042
R000000041/3.854596/0112/R000000042/R000000006
R000000040/3.048316/0040/R000000041
R000000049/5.486969/0112/R000000042/R000000020
R000000040/6.096632/0025/R000000049
<NEXT>