#
#  Reaction log file
#  Author: LigBuilder V3 User_Diana
#  Creation time: Wed Feb 25 12:24:42 2026
#  Format:
#  QueryMoleculeId/Cost/SynthesizeId/ReactantId1/ReactantId2/ReactantId3.....
#  Id prefix:
#  Q --- Query Molecule
#  M --- Material
#  R --- Reactant
#
Directory      result/synthesize_HsDHODH/239/DATABASE/
#
Q000000001/4.420059/0000/R000000001
M000000004/1.000000/0000/Sigma_BB-243340990
R000000003/1.111111/0041/M000000004
R000000003/1.111111/0233/M000000004
R000000007/1.000000/0000/Guesstimate
M000000008/1.000000/0000/Sigma_BB-92153687
R000000006/2.222222/0274/R000000007/M000000008
R000000011/1.000000/0000/Guesstimate
R000000010/2.222222/0274/R000000011/M000000008
R000000012/1.000000/0000/Guesstimate
M000000013/1.000000/0000/Sigma_BB-28766086
R000000010/2.222222/0274/R000000012/M000000013
R000000009/2.469136/0118/R000000010
R000000014/1.000000/0000/Guesstimate
R000000009/3.580247/0112/R000000010/R000000014
R000000006/2.743484/0040/R000000009
R000000005/2.469136/0086/R000000006
R000000005/2.469136/0091/R000000006
R000000002/3.978053/0112/R000000003/R000000005
R000000017/1.000000/0000/Guesstimate
R000000018/1.000000/0000/Guesstimate
R000000016/2.222222/0279/R000000017/R000000018
R000000016/2.222222/0279/R000000017/R000000018
R000000019/1.000000/0000/Guesstimate
R000000015/3.580247/0159/R000000016/R000000019
R000000023/1.000000/0000/Guesstimate
R000000024/1.000000/0000/Guesstimate
R000000022/2.222222/0004/R000000023/R000000024
R000000021/2.469136/0009/R000000022
R000000026/1.000000/0000/Guesstimate
R000000027/1.000000/0000/Guesstimate
R000000025/2.222222/0279/R000000026/R000000027
R000000025/2.222222/0279/R000000026/R000000027
R000000021/2.469136/0079/R000000025
R000000028/1.000000/0000/Guesstimate
R000000020/3.854596/0159/R000000021/R000000028
R000000015/4.282884/0041/R000000020
R000000002/6.447188/0112/R000000015/R000000010
R000000001/4.420059/0147/R000000002
R000000030/1.000000/0000/Guesstimate
R000000033/1.000000/0000/Guesstimate
R000000032/2.222222/0274/R000000033/M000000013
R000000034/1.000000/0000/Guesstimate
R000000032/2.222222/0274/R000000034/M000000008
R000000035/1.000000/0000/Guesstimate
R000000031/3.580247/0012/R000000032/R000000035
M000000037/1.000000/0000/Sigma_BB-28762337
R000000036/2.222222/0012/M000000037/R000000035
R000000036/2.222222/0285/M000000037/R000000035
R000000031/4.938272/0212/R000000036/R000000006
R000000029/5.089163/0159/R000000030/R000000031
R000000038/3.580247/0003/R000000030/R000000010
R000000039/1.000000/0000/Guesstimate
R000000038/3.854596/0049/R000000039/R000000009
R000000029/6.721537/0159/R000000021/R000000038
R000000001/5.654626/0041/R000000029
Q000000002/Analysis Failed
Q000000003/Analysis Failed
<NEXT>