#
#  Reaction log file
#  Author: LigBuilder V3 User_Diana
#  Creation time: Wed Feb 25 12:20:48 2026
#  Format:
#  QueryMoleculeId/Cost/SynthesizeId/ReactantId1/ReactantId2/ReactantId3.....
#  Id prefix:
#  Q --- Query Molecule
#  M --- Material
#  R --- Reactant
#
Directory      result/synthesize_HsDHODH/116/DATABASE/
#
Q000000001/5.531170/0000/R000000001
M000000004/1.000000/0000/Sigma_BB-243035298
R000000006/1.000000/0000/Guesstimate
R000000007/1.000000/0000/Guesstimate
R000000005/2.222222/0170/R000000006/R000000007
R000000008/1.000000/0000/Guesstimate
R000000009/1.000000/0000/Guesstimate
R000000005/2.222222/0170/R000000008/R000000009
R000000003/3.580247/0122/M000000004/R000000005
R000000003/3.580247/0122/M000000004/R000000005
R000000002/3.978053/0024/R000000003
M000000011/1.000000/0000/Sigma_BB-129355849
R000000013/1.000000/0000/Guesstimate
R000000014/1.000000/0000/Guesstimate
R000000012/2.222222/0174/R000000013/R000000014
R000000015/7.900000/0000/Guesstimate
R000000012/9.888888/0112/R000000008/R000000015
R000000010/3.580247/0170/M000000011/R000000012
R000000016/2.222222/0122/M000000004/R000000008
R000000016/2.222222/0122/M000000004/R000000008
R000000018/1.000000/0000/Guesstimate
R000000017/2.222222/0174/R000000018/R000000014
R000000017/9.888888/0112/R000000006/R000000015
R000000010/4.938272/0170/R000000016/R000000017
R000000002/3.978053/0025/R000000010
M000000019/1.000000/0000/Sigma_BB-117837577
R000000001/5.531170/0003/R000000002/M000000019
R000000023/1.000000/0000/Guesstimate
R000000022/2.222222/0122/M000000004/R000000023
R000000022/2.222222/0122/M000000004/R000000023
R000000024/1.000000/0000/Guesstimate
R000000021/3.580247/0004/R000000022/R000000024
M000000026/1.000000/0000/Sigma_BB-28516749
R000000025/3.580247/0170/R000000016/M000000026
R000000025/3.580247/0277/R000000022/R000000009
R000000021/3.978053/0024/R000000025
M000000027/1.000000/0000/Sigma_BB-27340854
R000000020/5.089163/0049/R000000021/M000000027
M000000028/1.000000/0000/Sigma_BB-28760249
R000000020/5.531170/0003/R000000002/M000000028
R000000001/5.654626/0013/R000000020
Q000000002/5.531170/0000/R000000001
Q000000003/5.089163/0000/R000000020
<NEXT>