#
#  Reaction log file
#  Author: LigBuilder V3 User_Diana
#  Creation time: Wed Feb 25 12:27:47 2026
#  Format:
#  QueryMoleculeId/Cost/SynthesizeId/ReactantId1/ReactantId2/ReactantId3.....
#  Id prefix:
#  Q --- Query Molecule
#  M --- Material
#  R --- Reactant
#
Directory      result/synthesize_HsDHODH/286/DATABASE/
#
Q000000001/6.113567/0000/R000000001
M000000005/1.000000/0000/Sigma_BB-27340854
M000000007/1.000000/0000/Sigma_BB-27468255
R000000006/1.111111/0086/M000000007
R000000006/1.111111/0091/M000000007
R000000004/2.345679/0175/M000000005/R000000006
R000000004/2.345679/0290/M000000005/R000000006
R000000003/2.606310/0041/R000000004
M000000009/1.000000/0000/Sigma_BB-28766086
R000000008/2.345679/0174/M000000009/R000000006
R000000008/2.345679/0289/M000000009/R000000006
R000000003/2.606310/0147/R000000008
M000000012/1.000000/0000/Sigma_BB-28764950
R000000011/1.111111/0085/M000000012
R000000013/1.000000/0000/Guesstimate
R000000010/2.345679/0212/R000000011/R000000013
R000000015/1.000000/0000/Guesstimate
R000000014/2.222222/0004/M000000012/R000000015
R000000014/2.222222/0277/M000000012/R000000015
R000000010/2.469136/0197/R000000014
R000000002/5.502210/0212/R000000003/R000000010
M000000018/1.000000/0000/Sigma_BB-243340990
R000000017/1.111111/0041/M000000018
R000000017/1.111111/0233/M000000018
R000000019/1.000000/0000/Guesstimate
R000000016/2.345679/0004/R000000017/R000000019
R000000021/1.000000/0000/Guesstimate
R000000020/2.222222/0175/M000000009/R000000021
R000000020/2.222222/0290/M000000009/R000000021
R000000016/2.469136/0024/R000000020
R000000023/2.345679/0212/M000000007/R000000011
R000000023/2.345679/0212/M000000007/R000000011
R000000022/3.717421/0212/R000000023/R000000013
M000000025/1.000000/0000/Sigma_BB-28710871
R000000024/3.717421/0212/M000000025/R000000010
R000000024/3.717421/0212/M000000025/R000000010
R000000022/4.130468/0024/R000000024
R000000002/6.736778/0212/R000000016/R000000022
R000000001/6.113567/0028/R000000002
R000000028/2.222222/0212/M000000012/R000000013
R000000028/2.222222/0212/M000000012/R000000013
R000000027/2.469136/0085/R000000028
R000000030/1.000000/0000/Guesstimate
R000000029/3.580247/0004/R000000028/R000000030
R000000027/3.978053/0197/R000000029
R000000026/5.639385/0212/R000000003/R000000027
R000000031/3.854596/0212/M000000007/R000000027
R000000032/3.854596/0212/M000000025/R000000027
R000000032/3.854596/0212/M000000025/R000000027
R000000031/4.282884/0024/R000000032
R000000026/6.889194/0212/R000000016/R000000031
R000000001/6.265983/0028/R000000026
Q000000002/Analysis Failed
Q000000003/4.436994/0000/R000000033
R000000036/1.234568/0204/R000000011
R000000035/1.371742/0041/R000000036
R000000038/1.000000/0000/Guesstimate
R000000037/2.222222/0212/R000000038/M000000012
R000000037/2.222222/0212/R000000038/M000000012
R000000035/2.469136/0085/R000000037
M000000040/1.000000/0000/Sigma_BB-28849573
R000000039/2.222222/0004/R000000013/M000000040
M000000042/1.000000/0000/Sigma_BB-28849587
R000000041/1.111111/0093/M000000042
R000000041/2.222222/0004/R000000019/M000000040
R000000043/1.000000/0000/Guesstimate
R000000039/2.345679/0004/R000000041/R000000043
R000000034/3.993294/0212/R000000035/R000000039
R000000034/3.993294/0212/R000000035/R000000039
R000000033/4.436994/0028/R000000034
R000000045/2.345679/0212/R000000038/R000000011
R000000047/1.000000/0000/Guesstimate
R000000046/2.222222/0004/R000000047/M000000012
R000000046/2.222222/0277/R000000047/M000000012
R000000045/2.469136/0197/R000000046
R000000044/5.075447/0212/R000000045/R000000039
R000000044/5.075447/0212/R000000045/R000000039
R000000033/5.639385/0028/R000000044
<NEXT>