#
#  Reaction log file
#  Author: LigBuilder V3 User_Diana
#  Creation time: Wed Feb 25 12:27:02 2026
#  Format:
#  QueryMoleculeId/Cost/SynthesizeId/ReactantId1/ReactantId2/ReactantId3.....
#  Id prefix:
#  Q --- Query Molecule
#  M --- Material
#  R --- Reactant
#
Directory      result/synthesize_HsDHODH/278/DATABASE/
#
Q000000001/3.869837/0000/R000000001
M000000005/1.000000/0000/Sigma_BB-249442583
R000000004/1.111111/0125/M000000005
R000000006/1.000000/0000/Guesstimate
R000000004/2.222222/0112/M000000005/R000000006
R000000003/1.234568/0091/R000000004
R000000007/1.111111/0091/M000000005
R000000003/2.345679/0112/R000000007/R000000006
M000000008/1.000000/0000/Sigma_BB-187814712
R000000002/2.482853/0224/R000000003/M000000008
R000000009/1.000000/0000/Guesstimate
R000000001/3.869837/0112/R000000002/R000000009
M000000013/1.000000/0000/Sigma_BB-182112188
R000000012/1.111111/0125/M000000013
R000000012/2.222222/0112/M000000013/R000000006
R000000011/2.345679/0224/R000000012/M000000008
M000000015/1.000000/0000/Sigma_BB-296684557
R000000014/2.345679/0224/R000000012/M000000015
R000000017/9.300000/0000/Guesstimate
R000000016/9.300000/0156/R000000017
M000000018/1.000000/0000/Sigma_BB-28827073
R000000014/10.000000/0170/R000000016/M000000018
R000000011/2.606310/0300/R000000014
R000000019/1.000000/0000/Guesstimate
R000000010/3.717421/0112/R000000011/R000000019
R000000021/2.345679/0112/R000000012/R000000019
R000000020/2.606310/0059/R000000021
R000000022/1.000000/0000/Guesstimate
R000000020/3.717421/0224/R000000021/R000000022
M000000023/1.000000/0000/Sigma_BB-28764946
R000000010/4.007011/0170/R000000020/M000000023
R000000001/4.130468/0041/R000000010
Q000000002/3.869837/0000/R000000001
Q000000003/6.265983/0000/R000000024
M000000029/1.000000/0000/Sigma_BB-135731863
R000000028/1.111111/0104/M000000029
R000000028/1.111111/0104/M000000029
R000000030/1.000000/0000/Guesstimate
R000000027/2.345679/0122/R000000028/R000000030
M000000033/1.000000/0000/Sigma_BB-31123650
R000000034/1.000000/0000/Guesstimate
R000000032/2.222222/0231/M000000033/R000000034
R000000031/2.469136/0104/R000000032
R000000031/2.469136/0104/R000000032
R000000035/1.000000/0000/Guesstimate
R000000027/3.854596/0279/R000000031/R000000035
R000000026/2.606310/0160/R000000027
R000000026/2.606310/0160/R000000027
R000000038/1.000000/0000/Guesstimate
M000000039/1.000000/0000/Sigma_BB-28782701
R000000037/2.222222/0001/R000000038/M000000039
R000000040/1.000000/0000/Guesstimate
R000000037/2.222222/0141/R000000038/R000000040
R000000036/2.469136/0280/R000000037
R000000042/1.000000/0000/Guesstimate
R000000043/1.000000/0000/Guesstimate
R000000044/1.000000/0000/Guesstimate
R000000041/3.333333/0261/R000000042/R000000043/R000000044
R000000036/3.703704/0112/R000000041
R000000025/5.639385/0256/R000000026/R000000036
R000000024/6.265983/0219/R000000025
R000000024/6.265983/0219/R000000025
<NEXT>