#
#  Reaction log file
#  Author: LigBuilder V3 User_Diana
#  Creation time: Wed Feb 25 12:22:37 2026
#  Format:
#  QueryMoleculeId/Cost/SynthesizeId/ReactantId1/ReactantId2/ReactantId3.....
#  Id prefix:
#  Q --- Query Molecule
#  M --- Material
#  R --- Reactant
#
Directory      result/synthesize_HsDHODH/149/DATABASE/
#
Q000000001/7.331201/0000/R000000001
R000000005/1.000000/0000/Guesstimate
R000000006/1.000000/0000/Guesstimate
R000000004/2.222222/0279/R000000005/R000000006
R000000004/2.222222/0279/R000000005/R000000006
R000000008/1.000000/0000/Guesstimate
R000000009/1.000000/0000/Guesstimate
R000000007/2.222222/0112/R000000008/R000000009
R000000003/4.938272/0159/R000000004/R000000007
R000000010/1.000000/0000/Guesstimate
R000000002/6.598080/0003/R000000003/R000000010
R000000013/1.000000/0000/Guesstimate
R000000012/2.222222/0279/R000000005/R000000013
R000000012/2.222222/0279/R000000005/R000000013
R000000011/4.938272/0159/R000000012/R000000007
R000000011/5.486969/0091/R000000003
R000000016/1.000000/0000/Guesstimate
R000000017/1.000000/0000/Guesstimate
R000000015/2.222222/0012/R000000016/R000000017
R000000018/1.000000/0000/Guesstimate
R000000019/1.000000/0000/Guesstimate
R000000015/2.222222/0095/R000000018/R000000019
R000000014/2.469136/0059/R000000015
R000000021/1.000000/0000/Guesstimate
R000000022/1.000000/0000/Guesstimate
R000000020/2.222222/0003/R000000021/R000000022
R000000023/1.000000/0000/Guesstimate
R000000024/1.000000/0000/Guesstimate
R000000020/2.222222/0003/R000000023/R000000024
R000000014/2.469136/0099/R000000020
R000000002/8.230453/0112/R000000011/R000000014
R000000001/7.331201/0147/R000000002
R000000027/6.598080/0003/R000000003/R000000008
R000000028/1.000000/0000/Guesstimate
R000000027/6.598080/0003/R000000011/R000000028
R000000026/7.331201/0147/R000000027
R000000029/1.000000/0000/Guesstimate
R000000025/9.256889/0012/R000000026/R000000029
R000000025/9.256889/0285/R000000026/R000000029
R000000001/9.256889/0147/R000000025
Q000000002/7.331201/0000/R000000001
Q000000003/7.331201/0000/R000000030
R000000032/1.000000/0000/Guesstimate
R000000031/6.598080/0003/R000000003/R000000032
R000000034/5.486969/0092/R000000011
R000000035/5.486969/0197/R000000003
R000000034/7.207744/0004/R000000035/R000000028
R000000033/6.096632/0085/R000000034
R000000036/1.000000/0000/Guesstimate
R000000033/7.207744/0004/R000000035/R000000036
R000000037/1.000000/0000/Guesstimate
R000000031/7.885148/0049/R000000033/R000000037
R000000030/7.331201/0147/R000000031
R000000039/6.096632/0197/R000000034
R000000041/5.486969/0079/R000000011
R000000042/1.000000/0000/Guesstimate
R000000041/6.598080/0112/R000000011/R000000042
R000000040/6.096632/0041/R000000041
R000000040/6.096632/0233/R000000041
R000000039/6.774036/0155/R000000040
R000000043/1.000000/0000/Guesstimate
R000000038/7.885148/0003/R000000039/R000000043
R000000044/7.885148/0004/R000000039/R000000028
M000000046/1.000000/0000/Sigma_BB-28524129
R000000045/7.207744/0212/R000000034/M000000046
R000000045/7.207744/0212/R000000034/M000000046
R000000044/8.008604/0024/R000000045
R000000047/1.000000/0000/Guesstimate
R000000038/9.872386/0003/R000000044/R000000047
R000000030/8.761275/0147/R000000038
<NEXT>