#
#  Reaction log file
#  Author: LigBuilder V3 User_Diana
#  Creation time: Wed Feb 25 12:23:18 2026
#  Format:
#  QueryMoleculeId/Cost/SynthesizeId/ReactantId1/ReactantId2/ReactantId3.....
#  Id prefix:
#  Q --- Query Molecule
#  M --- Material
#  R --- Reactant
#
Directory      result/synthesize_HsDHODH/190/DATABASE/
#
Q000000001/3.048316/0000/R000000001
M000000005/1.000000/0000/Sigma_BB-152386740
R000000006/1.000000/0000/Guesstimate
R000000004/2.222222/0004/M000000005/R000000006
R000000007/1.000000/0000/Guesstimate
R000000008/1.000000/0000/Guesstimate
R000000004/3.333333/0225/M000000005/R000000007/R000000008
R000000003/2.469136/0197/R000000004
R000000009/8.900000/0000/Guesstimate
R000000003/9.888888/0155/R000000009
R000000002/2.743484/0125/R000000003
R000000010/1.000000/0000/Guesstimate
R000000002/3.854596/0112/R000000003/R000000010
R000000001/3.048316/0040/R000000002
R000000014/1.000000/0000/Guesstimate
R000000015/1.000000/0000/Guesstimate
R000000013/2.222222/0174/R000000014/R000000015
R000000013/2.222222/0289/R000000014/R000000015
R000000012/2.469136/0197/R000000013
R000000016/7.400000/0000/Guesstimate
R000000012/8.222222/0091/R000000016
R000000011/5.486969/0112/R000000003/R000000012
R000000001/6.096632/0025/R000000011
Q000000002/3.048316/0000/R000000017
R000000021/1.000000/0000/Guesstimate
R000000020/2.222222/0004/M000000005/R000000021
R000000022/1.000000/0000/Guesstimate
R000000020/3.333333/0225/M000000005/R000000022/R000000008
R000000019/2.469136/0197/R000000020
R000000023/9.300000/0000/Guesstimate
R000000019/9.300000/0293/R000000023
R000000018/2.743484/0125/R000000019
R000000018/3.854596/0112/R000000019/R000000010
R000000017/3.048316/0040/R000000018
R000000024/5.486969/0112/R000000019/R000000012
R000000017/6.096632/0025/R000000024
Q000000003/3.048316/0000/R000000025
M000000029/1.000000/0000/Sigma_BB-28776642
R000000028/2.222222/0004/M000000005/M000000029
R000000030/1.000000/0000/Guesstimate
R000000028/3.333333/0225/M000000005/R000000030/R000000008
R000000027/2.469136/0197/R000000028
R000000032/1.000000/0000/Guesstimate
R000000031/2.222222/0004/M000000005/R000000032
R000000033/1.000000/0000/Guesstimate
R000000027/3.580247/0212/R000000031/R000000033
R000000026/2.743484/0125/R000000027
R000000026/3.854596/0112/R000000027/R000000010
R000000025/3.048316/0040/R000000026
R000000034/5.486969/0112/R000000027/R000000012
R000000025/6.096632/0025/R000000034
<NEXT>