#
#  Reaction log file
#  Author: LigBuilder V3 User_Diana
#  Creation time: Wed Feb 25 12:22:38 2026
#  Format:
#  QueryMoleculeId/Cost/SynthesizeId/ReactantId1/ReactantId2/ReactantId3.....
#  Id prefix:
#  Q --- Query Molecule
#  M --- Material
#  R --- Reactant
#
Directory      result/synthesize_HsDHODH/147/DATABASE/
#
Q000000001/9.144949/0000/R000000001
R000000005/1.000000/0000/Guesstimate
R000000006/1.000000/0000/Guesstimate
R000000004/2.222222/0279/R000000005/R000000006
R000000004/2.222222/0279/R000000005/R000000006
R000000008/1.000000/0000/Guesstimate
R000000009/1.000000/0000/Guesstimate
R000000007/2.222222/0112/R000000008/R000000009
R000000003/4.938272/0159/R000000004/R000000007
R000000012/1.000000/0000/Guesstimate
R000000013/1.000000/0000/Guesstimate
R000000011/2.222222/0277/R000000012/R000000013
R000000010/2.469136/0122/R000000011
R000000010/2.469136/0122/R000000011
R000000002/8.230453/0112/R000000003/R000000010
R000000001/9.144949/0147/R000000002
R000000015/5.486969/0092/R000000003
M000000017/1.000000/0000/Sigma_BB-28785051
R000000018/1.000000/0000/Guesstimate
R000000016/2.222222/0004/M000000017/R000000018
M000000019/1.000000/0000/Sigma_BB-30441135
M000000020/1.000000/0000/Sigma_BB-28931856
R000000016/2.222222/0004/M000000019/M000000020
R000000014/8.565768/0212/R000000015/R000000016
R000000014/8.565768/0212/R000000015/R000000016
R000000001/9.517521/0150/R000000014
Q000000002/9.839287/0000/R000000021
R000000024/1.000000/0000/Guesstimate
M000000027/1.000000/0000/Sigma_BB-332441958
R000000026/1.111111/0291/M000000027
R000000026/1.111111/0291/M000000027
R000000025/1.234568/0156/R000000026
R000000023/2.482853/0004/R000000024/R000000025
R000000029/1.000000/0000/Guesstimate
R000000028/2.482853/0277/R000000029/R000000025
R000000030/1.000000/0000/Guesstimate
R000000028/2.482853/0301/R000000030/R000000025
R000000023/2.758726/0024/R000000028
R000000022/8.855358/0212/R000000015/R000000023
R000000022/8.855358/0212/R000000015/R000000023
R000000021/9.839287/0028/R000000022
R000000033/6.096632/0093/R000000015
M000000035/1.000000/0000/Sigma_BB-28457967
R000000034/7.207744/0212/R000000015/M000000035
R000000034/7.207744/0212/R000000015/M000000035
R000000033/8.008604/0100/R000000034
R000000032/6.774036/0197/R000000033
R000000037/1.000000/0000/Guesstimate
R000000036/6.598080/0112/R000000003/R000000037
R000000032/7.331201/0147/R000000036
R000000038/1.234568/0156/R000000026
R000000040/1.000000/0000/Guesstimate
R000000039/2.222222/0279/M000000027/R000000040
R000000039/2.222222/0279/M000000027/R000000040
R000000038/2.469136/0228/R000000039
R000000031/8.898449/0301/R000000032/R000000038
R000000031/8.898449/0301/R000000032/R000000038
R000000021/9.887166/0028/R000000031
Q000000003/9.669937/0000/R000000041
M000000045/1.000000/0000/Sigma_BB-28764950
R000000044/1.111111/0197/M000000045
R000000043/2.345679/0212/M000000035/R000000044
R000000046/2.222222/0212/M000000035/M000000045
R000000046/2.222222/0212/M000000035/M000000045
R000000043/2.469136/0197/R000000046
R000000042/8.702943/0212/R000000015/R000000043
R000000042/8.702943/0212/R000000015/R000000043
R000000041/9.669937/0028/R000000042
R000000050/1.000000/0000/Guesstimate
R000000049/1.111111/0291/R000000050
R000000049/1.111111/0291/R000000050
R000000048/2.345679/0004/R000000024/R000000049
R000000051/2.345679/0277/R000000029/R000000049
R000000051/2.345679/0301/R000000030/R000000049
R000000048/2.606310/0024/R000000051
R000000047/8.702943/0212/R000000015/R000000048
R000000047/8.702943/0212/R000000015/R000000048
R000000041/9.669937/0028/R000000047
Q000000004/7.331201/0000/R000000052
R000000056/1.000000/0000/Guesstimate
R000000055/2.222222/0279/R000000005/R000000056
R000000055/2.222222/0279/R000000005/R000000056
R000000054/4.938272/0159/R000000055/R000000007
R000000054/6.774036/0073/R000000033
R000000057/1.000000/0000/Guesstimate
R000000053/6.598080/0003/R000000054/R000000057
R000000058/1.000000/0000/Guesstimate
R000000053/6.598080/0112/R000000003/R000000058
R000000052/7.331201/0147/R000000053
R000000060/6.096632/0197/R000000015
R000000061/1.000000/0000/Guesstimate
R000000059/7.885148/0003/R000000060/R000000061
R000000063/5.486969/0197/R000000054
R000000064/1.000000/0000/Guesstimate
R000000062/7.207744/0003/R000000063/R000000064
R000000065/1.000000/0000/Guesstimate
R000000062/7.885148/0112/R000000060/R000000065
M000000066/1.000000/0000/Sigma_BB-28775620
R000000059/9.119716/0049/R000000062/M000000066
R000000052/8.761275/0147/R000000059
<NEXT>