#
#  Reaction log file
#  Author: LigBuilder V3 User_Diana
#  Creation time: Wed Feb 25 12:19:46 2026
#  Format:
#  QueryMoleculeId/Cost/SynthesizeId/ReactantId1/ReactantId2/ReactantId3.....
#  Id prefix:
#  Q --- Query Molecule
#  M --- Material
#  R --- Reactant
#
Directory      result/synthesize_HsDHODH/102/DATABASE/
#
Q000000001/3.048316/0000/R000000001
M000000005/1.000000/0000/Sigma_BB-152386739
M000000006/1.000000/0000/Sigma_BB-28918288
R000000004/2.222222/0003/M000000005/M000000006
R000000003/2.469136/0147/R000000004
M000000008/1.000000/0000/Sigma_BB-152386740
M000000009/1.000000/0000/Sigma_BB-28823202
R000000007/2.222222/0003/M000000008/M000000009
R000000003/2.469136/0147/R000000007
R000000002/2.743484/0125/R000000003
R000000010/1.000000/0000/Guesstimate
R000000002/3.854596/0112/R000000003/R000000010
R000000001/3.048316/0040/R000000002
R000000014/1.000000/0000/Guesstimate
R000000015/1.000000/0000/Guesstimate
R000000013/2.222222/0174/R000000014/R000000015
R000000013/2.222222/0289/R000000014/R000000015
R000000012/2.469136/0197/R000000013
R000000016/7.400000/0000/Guesstimate
R000000012/8.222222/0091/R000000016
R000000011/5.486969/0112/R000000003/R000000012
R000000001/6.096632/0025/R000000011
Q000000002/3.048316/0000/R000000001
Q000000003/4.420059/0000/R000000017
R000000021/1.000000/0000/Guesstimate
R000000020/2.222222/0004/M000000008/R000000021
R000000022/1.000000/0000/Guesstimate
R000000019/3.580247/0212/R000000020/R000000022
R000000019/3.580247/0212/R000000020/R000000022
R000000018/3.978053/0125/R000000019
R000000018/5.089163/0112/R000000019/R000000010
R000000017/4.420059/0040/R000000018
R000000023/6.721537/0112/R000000019/R000000012
R000000017/7.468375/0025/R000000023
Q000000004/4.911177/0000/R000000024
R000000027/2.469136/0125/R000000020
R000000027/3.580247/0112/R000000020/R000000010
R000000026/2.743484/0040/R000000027
R000000029/1.000000/0000/Guesstimate
R000000028/3.580247/0004/R000000020/R000000029
R000000030/1.000000/0000/Guesstimate
R000000031/1.000000/0000/Guesstimate
R000000028/4.691358/0225/R000000020/R000000030/R000000031
R000000026/3.978053/0216/R000000028
M000000034/1.000000/0000/Sigma_BB-28764950
R000000033/1.111111/0197/M000000034
R000000032/1.234568/0093/R000000033
M000000036/1.000000/0000/Sigma_BB-28457967
R000000035/2.345679/0212/R000000033/M000000036
R000000035/2.345679/0212/R000000033/M000000036
R000000032/2.606310/0100/R000000035
R000000025/4.420059/0212/R000000026/R000000032
R000000025/4.420059/0212/R000000026/R000000032
R000000024/4.911177/0028/R000000025
M000000040/1.000000/0000/Sigma_BB-31286382
R000000039/3.580247/0212/R000000020/M000000040
R000000039/3.580247/0212/R000000020/M000000040
R000000038/3.978053/0139/R000000039
R000000042/1.000000/0000/Guesstimate
R000000041/3.580247/0212/R000000020/R000000042
R000000041/3.580247/0212/R000000020/R000000042
R000000043/1.000000/0000/Guesstimate
R000000038/5.089163/0122/R000000041/R000000043
R000000037/7.163543/0112/R000000038/R000000012
R000000024/7.959492/0025/R000000037
<NEXT>