#
#  Reaction log file
#  Author: LigBuilder V3 User_Diana
#  Creation time: Tue Feb 24 21:35:29 2026
#  Format:
#  QueryMoleculeId/Cost/SynthesizeId/ReactantId1/ReactantId2/ReactantId3.....
#  Id prefix:
#  Q --- Query Molecule
#  M --- Material
#  R --- Reactant
#
Directory      result/synthesize_HsDHODH/161/DATABASE/
#
Q000000001/Analysis Failed
Q000000002/5.393995/0000/R000000001
M000000005/1.000000/0000/Sigma_BB-28806491
R000000006/1.000000/0000/Guesstimate
R000000004/2.222222/0231/M000000005/R000000006
R000000003/2.469136/0294/R000000004
R000000008/1.000000/0000/Guesstimate
R000000007/2.222222/0231/M000000005/R000000008
R000000003/2.469136/0294/R000000007
R000000009/1.000000/0000/Guesstimate
R000000002/3.854596/0276/R000000003/R000000009
R000000010/1.000000/0000/Guesstimate
R000000002/3.854596/0280/R000000003/R000000010
R000000011/1.000000/0000/Guesstimate
R000000001/5.393995/0274/R000000002/R000000011
R000000014/2.222222/0274/R000000006/R000000011
R000000015/1.000000/0000/Guesstimate
R000000016/1.000000/0000/Guesstimate
R000000014/2.222222/0275/R000000015/R000000016
R000000013/3.580247/0231/M000000005/R000000014
M000000018/1.000000/0000/Sigma_BB-117837595
R000000017/1.111111/0125/M000000018
R000000019/1.000000/0000/Guesstimate
R000000017/2.222222/0112/M000000018/R000000019
R000000021/1.000000/0000/Guesstimate
R000000020/2.222222/0169/R000000021/R000000016
R000000020/2.222222/0274/R000000021/R000000011
R000000013/3.703704/0142/R000000017/R000000020
R000000012/3.978053/0294/R000000013
R000000023/2.222222/0274/R000000008/R000000011
R000000024/1.000000/0000/Guesstimate
R000000023/2.222222/0275/R000000024/R000000016
R000000022/3.580247/0231/M000000005/R000000023
R000000022/3.580247/0274/R000000007/R000000011
R000000012/3.978053/0294/R000000022
R000000001/5.531170/0276/R000000012/R000000009
<NEXT>