#
#  Reaction log file
#  Author: LigBuilder V3 User_Diana
#  Creation time: Tue Feb 24 21:33:22 2026
#  Format:
#  QueryMoleculeId/Cost/SynthesizeId/ReactantId1/ReactantId2/ReactantId3.....
#  Id prefix:
#  Q --- Query Molecule
#  M --- Material
#  R --- Reactant
#
Directory      result/synthesize_HsDHODH/108/DATABASE/
#
Q000000001/4.282884/0000/R000000001
M000000005/1.000000/0000/Sigma_BB-28849573
R000000006/1.000000/0000/Guesstimate
R000000004/2.222222/0056/M000000005/R000000006
R000000003/2.469136/0155/R000000004
M000000008/1.000000/0000/Sigma_BB-187184637
R000000009/1.000000/0000/Guesstimate
R000000007/2.222222/0002/M000000008/R000000009
R000000007/2.222222/0004/M000000008/R000000009
R000000003/2.469136/0197/R000000007
R000000010/1.000000/0000/Guesstimate
R000000002/3.854596/0122/R000000003/R000000010
R000000012/2.743484/0041/R000000003
R000000012/2.743484/0233/R000000003
R000000011/3.048316/0295/R000000012
R000000013/10.000000/0000/Guesstimate
R000000011/10.000000/0295/R000000013
M000000014/1.000000/0000/Sigma_BB-28957437
R000000002/4.498129/0279/R000000011/M000000014
R000000001/4.282884/0294/R000000002
R000000018/1.000000/0000/Guesstimate
R000000017/2.222222/0056/M000000005/R000000018
R000000017/2.469136/0041/R000000004
R000000016/2.469136/0219/R000000017
R000000019/3.048316/0300/R000000012
R000000016/3.387018/0139/R000000019
R000000021/1.000000/0000/Guesstimate
R000000022/1.000000/0000/Guesstimate
R000000020/2.222222/0004/R000000021/R000000022
R000000024/1.000000/0000/Guesstimate
R000000023/1.111111/0040/R000000024
R000000025/1.000000/0000/Guesstimate
R000000023/2.222222/0004/R000000021/R000000025
R000000026/1.000000/0000/Guesstimate
R000000020/2.345679/0004/R000000023/R000000026
R000000015/5.212621/0279/R000000016/R000000020
R000000015/5.212621/0279/R000000016/R000000020
R000000001/5.791801/0294/R000000015
Q000000002/5.869872/0000/R000000027
R000000029/3.854596/0279/R000000016/R000000021
R000000029/3.854596/0279/R000000016/R000000021
R000000028/4.282884/0294/R000000029
R000000031/1.000000/0000/Guesstimate
R000000030/4.498129/0279/R000000011/R000000031
R000000030/4.498129/0279/R000000011/R000000031
R000000028/4.997921/0294/R000000030
M000000032/1.000000/0000/Sigma_BB-28776399
R000000027/5.869872/0004/R000000028/M000000032
R000000033/5.869872/0004/R000000028/R000000025
R000000035/1.000000/0000/Guesstimate
R000000034/5.869872/0003/R000000028/R000000035
R000000036/4.758760/0125/R000000028
R000000037/1.000000/0000/Guesstimate
R000000036/5.869872/0112/R000000028/R000000037
R000000038/1.000000/0000/Guesstimate
R000000034/6.398623/0049/R000000036/R000000038
R000000033/6.522080/0040/R000000034
R000000039/1.000000/0000/Guesstimate
R000000027/7.633191/0004/R000000033/R000000039
Q000000003/2.895900/0000/R000000040
M000000044/1.000000/0000/Sigma_BB-112687595
R000000043/1.111111/0153/M000000044
M000000045/1.000000/0000/Sigma_BB-150563713
R000000043/1.111111/0197/M000000045
R000000046/1.000000/0000/Guesstimate
R000000042/2.345679/0274/R000000043/R000000046
R000000048/1.000000/0000/Guesstimate
R000000047/2.345679/0274/R000000043/R000000048
R000000042/2.606310/0300/R000000047
R000000041/2.606310/0039/R000000042
R000000050/1.000000/0000/Guesstimate
R000000049/2.345679/0274/R000000043/R000000050
R000000052/1.000000/0000/Guesstimate
R000000051/2.345679/0274/R000000043/R000000052
R000000049/2.606310/0156/R000000051
R000000041/2.606310/0260/R000000049
R000000040/2.895900/0024/R000000041
R000000056/1.000000/0000/Guesstimate
R000000055/2.222222/0274/M000000044/R000000056
R000000054/2.469136/0153/R000000055
R000000057/2.222222/0274/M000000045/R000000056
R000000054/2.469136/0197/R000000057
R000000059/1.000000/0000/Guesstimate
R000000058/1.111111/0287/R000000059
R000000060/7.400000/0000/Guesstimate
R000000058/8.222222/0197/R000000060
R000000053/3.978053/0112/R000000054/R000000058
R000000063/1.000000/0000/Guesstimate
R000000062/2.222222/0274/M000000044/R000000063
R000000061/2.469136/0153/R000000062
R000000065/1.000000/0000/Guesstimate
R000000064/2.345679/0274/R000000043/R000000065
R000000061/2.606310/0155/R000000064
R000000068/1.000000/0000/Guesstimate
R000000067/2.222222/0174/R000000068/R000000059
R000000067/2.222222/0289/R000000068/R000000059
R000000066/2.469136/0197/R000000067
R000000066/8.222222/0091/R000000060
R000000053/5.486969/0112/R000000061/R000000066
R000000040/4.420059/0025/R000000053
<NEXT>