#
#  Reaction log file
#  Author: LigBuilder V3 User_Diana
#  Creation time: Tue Feb 24 21:32:20 2026
#  Format:
#  QueryMoleculeId/Cost/SynthesizeId/ReactantId1/ReactantId2/ReactantId3.....
#  Id prefix:
#  Q --- Query Molecule
#  M --- Material
#  R --- Reactant
#
Directory      result/synthesize_HsDHODH/60/DATABASE/
#
Q000000001/7.468375/0000/R000000001
R000000004/1.000000/0000/Guesstimate
R000000006/1.000000/0000/Guesstimate
R000000007/1.000000/0000/Guesstimate
R000000005/2.222222/0001/R000000006/R000000007
R000000008/1.000000/0000/Guesstimate
R000000005/2.222222/0003/R000000007/R000000008
R000000003/3.580247/0081/R000000004/R000000005
R000000010/1.000000/0000/Guesstimate
R000000009/3.580247/0081/R000000010/R000000005
R000000011/1.000000/0000/Guesstimate
R000000009/3.580247/0210/R000000011/R000000005
R000000003/3.978053/0082/R000000009
R000000002/3.978053/0040/R000000003
R000000014/1.000000/0000/Guesstimate
R000000013/1.111111/0118/R000000014
R000000015/1.000000/0000/Guesstimate
R000000013/2.222222/0112/R000000014/R000000015
R000000012/3.703704/0081/R000000013/R000000005
R000000017/1.000000/0000/Guesstimate
R000000016/1.111111/0118/R000000017
R000000016/2.222222/0112/R000000017/R000000015
R000000012/3.703704/0210/R000000016/R000000005
R000000002/4.115227/0024/R000000012
R000000021/1.000000/0000/Guesstimate
R000000022/1.000000/0000/Guesstimate
R000000020/2.222222/0274/R000000021/R000000022
R000000019/2.469136/0003/R000000020
R000000023/8.100000/0000/Guesstimate
R000000019/9.000001/0082/R000000023
R000000018/2.743484/0147/R000000019
R000000026/1.000000/0000/Guesstimate
R000000027/1.000000/0000/Guesstimate
R000000025/2.222222/0274/R000000026/R000000027
R000000028/1.000000/0000/Guesstimate
R000000029/1.000000/0000/Guesstimate
R000000025/2.222222/0274/R000000028/R000000029
R000000024/2.469136/0003/R000000025
R000000030/8.100000/0000/Guesstimate
R000000024/9.000001/0082/R000000030
R000000018/2.743484/0147/R000000024
R000000001/7.468375/0003/R000000002/R000000018
R000000031/7.163543/0003/R000000012/R000000018
R000000033/4.115227/0093/R000000012
R000000034/4.115227/0197/R000000012
R000000033/5.683586/0004/R000000034/R000000006
R000000032/4.572474/0085/R000000033
R000000032/5.683586/0004/R000000034/R000000026
R000000036/4.159427/0004/R000000007/R000000018
R000000036/4.159427/0277/R000000007/R000000018
R000000035/4.621586/0009/R000000036
R000000038/1.000000/0000/Guesstimate
R000000037/4.159427/0122/R000000038/R000000018
R000000035/4.621586/0082/R000000037
R000000031/9.194060/0049/R000000032/R000000035
R000000001/7.959492/0024/R000000031
Q000000002/Analysis Failed
Q000000003/4.282884/0000/R000000039
R000000043/1.000000/0000/Guesstimate
R000000044/1.000000/0000/Guesstimate
R000000042/2.222222/0285/R000000043/R000000044
R000000041/2.469136/0279/R000000042
R000000041/2.469136/0279/R000000042
M000000045/1.000000/0000/Sigma_BB-27334985
R000000040/3.854596/0231/R000000041/M000000045
R000000039/4.282884/0059/R000000040
R000000048/1.000000/0000/Guesstimate
R000000050/1.000000/0000/Guesstimate
R000000051/1.000000/0000/Guesstimate
R000000049/2.222222/0119/R000000050/R000000051
R000000049/2.222222/0276/R000000050/R000000015
R000000047/3.580247/0285/R000000048/R000000049
R000000046/5.089163/0231/R000000047/M000000045
R000000039/5.654626/0112/R000000046
<NEXT>