#
#  Reaction log file
#  Author: LigBuilder V3 User_Diana
#  Creation time: Tue Feb 24 21:32:08 2026
#  Format:
#  QueryMoleculeId/Cost/SynthesizeId/ReactantId1/ReactantId2/ReactantId3.....
#  Id prefix:
#  Q --- Query Molecule
#  M --- Material
#  R --- Reactant
#
Directory      result/synthesize_HsDHODH/59/DATABASE/
#
Q000000001/4.420059/0000/R000000001
R000000004/1.000000/0000/Guesstimate
R000000006/1.000000/0000/Guesstimate
R000000007/1.000000/0000/Guesstimate
R000000005/2.222222/0279/R000000006/R000000007
R000000005/2.222222/0279/R000000006/R000000007
R000000003/3.580247/0274/R000000004/R000000005
R000000008/2.222222/0274/R000000004/R000000006
M000000009/1.000000/0000/Sigma_BB-28710871
R000000010/1.000000/0000/Guesstimate
R000000008/2.222222/0285/M000000009/R000000010
R000000003/3.580247/0279/R000000008/R000000007
R000000002/3.978053/0285/R000000003
R000000013/1.000000/0000/Guesstimate
R000000012/3.580247/0285/R000000008/R000000013
R000000011/3.978053/0279/R000000012
R000000011/3.978053/0279/R000000012
R000000002/4.420059/0293/R000000011
R000000001/4.420059/0024/R000000002
R000000016/1.000000/0000/Guesstimate
R000000018/1.000000/0000/Guesstimate
R000000017/2.222222/0279/R000000007/R000000018
R000000017/2.469136/0024/R000000005
R000000015/3.580247/0274/R000000016/R000000017
R000000019/1.000000/0000/Guesstimate
R000000015/4.691358/0261/R000000010/R000000017/R000000019
R000000014/3.978053/0285/R000000015
R000000001/4.420059/0024/R000000014
Q000000002/7.468375/0000/R000000020
R000000023/1.000000/0000/Guesstimate
R000000025/1.000000/0000/Guesstimate
R000000026/1.000000/0000/Guesstimate
R000000024/2.222222/0001/R000000025/R000000026
R000000027/1.000000/0000/Guesstimate
R000000024/2.222222/0003/R000000026/R000000027
R000000022/3.580247/0081/R000000023/R000000024
R000000029/1.000000/0000/Guesstimate
R000000028/3.580247/0081/R000000029/R000000024
R000000030/1.000000/0000/Guesstimate
R000000028/3.580247/0210/R000000030/R000000024
R000000022/3.978053/0082/R000000028
R000000021/3.978053/0040/R000000022
R000000033/1.000000/0000/Guesstimate
R000000032/1.111111/0118/R000000033
R000000034/1.000000/0000/Guesstimate
R000000032/2.222222/0112/R000000033/R000000034
R000000031/3.703704/0081/R000000032/R000000024
R000000036/1.000000/0000/Guesstimate
R000000035/1.111111/0118/R000000036
R000000035/2.222222/0112/R000000036/R000000034
R000000031/3.703704/0210/R000000035/R000000024
R000000021/4.115227/0024/R000000031
R000000040/1.000000/0000/Guesstimate
R000000041/1.000000/0000/Guesstimate
R000000039/2.222222/0274/R000000040/R000000041
R000000038/2.469136/0003/R000000039
R000000042/8.100000/0000/Guesstimate
R000000038/9.000001/0082/R000000042
R000000037/2.743484/0147/R000000038
R000000045/1.000000/0000/Guesstimate
R000000044/2.222222/0274/R000000004/R000000045
R000000046/1.000000/0000/Guesstimate
R000000047/1.000000/0000/Guesstimate
R000000044/2.222222/0274/R000000046/R000000047
R000000043/2.469136/0003/R000000044
R000000048/8.100000/0000/Guesstimate
R000000043/9.000001/0082/R000000048
R000000037/2.743484/0147/R000000043
R000000020/7.468375/0003/R000000021/R000000037
R000000049/7.163543/0003/R000000031/R000000037
R000000051/4.115227/0093/R000000031
R000000052/4.115227/0197/R000000031
R000000051/5.683586/0004/R000000052/R000000025
R000000050/4.572474/0085/R000000051
R000000050/5.683586/0004/R000000052/R000000004
R000000054/4.159427/0004/R000000026/R000000037
R000000054/4.159427/0277/R000000026/R000000037
R000000053/4.621586/0009/R000000054
R000000056/1.000000/0000/Guesstimate
R000000055/4.159427/0122/R000000056/R000000037
R000000053/4.621586/0082/R000000055
R000000049/9.194060/0049/R000000050/R000000053
R000000020/7.959492/0024/R000000049
Q000000003/7.468375/0000/R000000020
<NEXT>