#
#  Reaction log file
#  Author: LigBuilder V3 User_Diana
#  Creation time: Tue Feb 24 21:32:16 2026
#  Format:
#  QueryMoleculeId/Cost/SynthesizeId/ReactantId1/ReactantId2/ReactantId3.....
#  Id prefix:
#  Q --- Query Molecule
#  M --- Material
#  R --- Reactant
#
Directory      result/synthesize_HsDHODH/80/DATABASE/
#
Q000000001/4.282884/0000/R000000001
R000000005/1.000000/0000/Guesstimate
R000000006/1.000000/0000/Guesstimate
R000000004/2.222222/0285/R000000005/R000000006
R000000003/2.469136/0279/R000000004
R000000003/2.469136/0279/R000000004
M000000007/1.000000/0000/Sigma_BB-28839435
R000000002/3.854596/0231/R000000003/M000000007
M000000009/1.000000/0000/Sigma_BB-28758302
R000000008/3.854596/0231/R000000003/M000000009
R000000010/1.000000/0000/Guesstimate
R000000002/5.393995/0231/R000000008/R000000010
R000000001/4.282884/0059/R000000002
R000000014/1.000000/0000/Guesstimate
R000000015/1.000000/0000/Guesstimate
R000000013/2.222222/0279/R000000014/R000000015
R000000013/2.222222/0279/R000000014/R000000015
R000000012/2.469136/0279/R000000013
R000000016/2.222222/0279/R000000014/R000000015
R000000016/2.222222/0279/R000000014/R000000015
R000000012/2.469136/0279/R000000016
R000000011/3.854596/0231/R000000012/M000000007
R000000017/3.854596/0231/R000000012/M000000009
R000000011/5.393995/0231/R000000017/R000000010
R000000018/1.000000/0000/Guesstimate
R000000001/5.393995/0095/R000000011/R000000018
Q000000002/4.282884/0000/R000000001
Q000000003/4.282884/0000/R000000019
M000000021/1.000000/0000/Sigma_BB-27949720
R000000020/3.854596/0231/R000000003/M000000021
R000000019/4.282884/0059/R000000020
R000000023/4.282884/0082/R000000011
M000000025/1.000000/0000/Sigma_BB-187814628
R000000024/3.854596/0231/R000000012/M000000025
R000000026/1.000000/0000/Guesstimate
R000000023/5.393995/0112/R000000024/R000000026
R000000022/5.869872/0095/R000000023/R000000018
R000000028/3.854596/0231/R000000003/M000000025
R000000027/4.282884/0059/R000000028
R000000027/5.393995/0095/R000000024/R000000018
R000000022/5.869872/0112/R000000027/R000000026
R000000019/6.522080/0041/R000000022
<NEXT>