#
#  Reaction log file
#  Author: LigBuilder V3 User_Diana
#  Creation time: Tue Feb 24 21:31:07 2026
#  Format:
#  QueryMoleculeId/Cost/SynthesizeId/ReactantId1/ReactantId2/ReactantId3.....
#  Id prefix:
#  Q --- Query Molecule
#  M --- Material
#  R --- Reactant
#
Directory      result/synthesize_HsDHODH/6/DATABASE/
#
Q000000001/5.944217/0000/R000000001
R000000005/1.000000/0000/Guesstimate
R000000004/1.111111/0125/R000000005
R000000006/1.000000/0000/Guesstimate
R000000004/2.222222/0112/R000000006/R000000005
R000000003/1.234568/0040/R000000004
R000000008/1.000000/0000/Guesstimate
R000000007/2.222222/0004/R000000005/R000000008
R000000009/1.000000/0000/Guesstimate
R000000010/1.000000/0000/Guesstimate
R000000007/3.333333/0225/R000000005/R000000009/R000000010
R000000003/2.469136/0216/R000000007
R000000012/1.000000/0000/Guesstimate
R000000014/1.000000/0000/Guesstimate
M000000015/1.000000/0000/Sigma_BB-34690414
R000000013/2.222222/0057/R000000014/M000000015
R000000011/3.580247/0275/R000000012/R000000013
R000000016/1.000000/0000/Guesstimate
R000000011/3.580247/0282/R000000016/R000000013
R000000002/5.349795/0224/R000000003/R000000011
R000000001/5.944217/0285/R000000002
Q000000002/5.944217/0000/R000000001
Q000000003/7.688719/0000/R000000017
R000000020/2.482853/0224/R000000003/R000000016
R000000021/2.345679/0224/R000000004/R000000016
R000000020/2.606310/0040/R000000021
R000000019/2.758726/0086/R000000020
R000000022/2.606310/0086/R000000021
R000000022/2.606310/0091/R000000021
R000000019/2.895900/0040/R000000022
R000000018/3.065251/0285/R000000019
R000000023/2.895900/0285/R000000022
R000000018/3.217667/0040/R000000023
M000000027/1.000000/0000/Sigma_BB-135927148
R000000028/1.000000/0000/Guesstimate
R000000026/2.222222/0279/M000000027/R000000028
R000000026/2.222222/0279/M000000027/R000000028
R000000025/2.469136/0294/R000000026
R000000029/8.700000/0000/Guesstimate
R000000025/9.666667/0294/R000000029
R000000024/3.854596/0057/R000000014/R000000025
R000000030/3.580247/0057/R000000014/R000000026
R000000031/2.222222/0057/R000000014/M000000027
R000000030/3.580247/0279/R000000031/R000000028
R000000024/3.978053/0294/R000000030
R000000017/7.688719/0275/R000000018/R000000024
R000000034/2.758726/0091/R000000020
R000000033/3.065251/0285/R000000034
R000000032/7.688719/0282/R000000033/R000000024
R000000036/3.065251/0086/R000000034
R000000036/3.065251/0091/R000000034
R000000035/3.405835/0285/R000000036
R000000032/8.067145/0275/R000000035/R000000024
R000000017/9.654132/0275/R000000032/R000000010
<NEXT>