#
#  Reaction log file
#  Author: LigBuilder V3 User_Diana
#  Creation time: Tue Feb 24 21:35:26 2026
#  Format:
#  QueryMoleculeId/Cost/SynthesizeId/ReactantId1/ReactantId2/ReactantId3.....
#  Id prefix:
#  Q --- Query Molecule
#  M --- Material
#  R --- Reactant
#
Directory      result/synthesize_HsDHODH/158/DATABASE/
#
Q000000001/7.207744/0000/R000000001
R000000005/1.000000/0000/Guesstimate
R000000006/1.000000/0000/Guesstimate
R000000004/2.222222/0012/R000000005/R000000006
R000000007/1.000000/0000/Guesstimate
R000000008/1.000000/0000/Guesstimate
R000000004/2.222222/0112/R000000007/R000000008
R000000010/1.000000/0000/Guesstimate
R000000011/1.000000/0000/Guesstimate
R000000009/2.222222/0119/R000000010/R000000011
R000000012/1.000000/0000/Guesstimate
R000000009/2.222222/0276/R000000012/R000000011
R000000003/4.938272/0279/R000000004/R000000009
R000000003/4.938272/0279/R000000004/R000000009
R000000002/5.486969/0285/R000000003
M000000013/1.000000/0000/Sigma_BB-187814628
R000000001/7.207744/0231/R000000002/M000000013
R000000017/1.000000/0000/Guesstimate
R000000016/3.580247/0285/R000000017/R000000009
R000000015/3.978053/0279/R000000016
R000000015/3.978053/0279/R000000016
R000000014/5.531170/0231/R000000015/M000000013
M000000019/1.000000/0000/Sigma_BB-34437027
R000000018/5.531170/0231/R000000015/M000000019
R000000014/6.145744/0287/R000000018
R000000001/7.256855/0256/R000000014/R000000006
Q000000002/7.207744/0000/R000000001
Q000000003/Analysis Failed
<NEXT>