#
#  Reaction log file
#  Author: LigBuilder V3 User_Diana
#  Creation time: Tue Feb 24 21:39:56 2026
#  Format:
#  QueryMoleculeId/Cost/SynthesizeId/ReactantId1/ReactantId2/ReactantId3.....
#  Id prefix:
#  Q --- Query Molecule
#  M --- Material
#  R --- Reactant
#
Directory      result/synthesize_HsDHODH/271/DATABASE/
#
Q000000001/5.393995/0000/R000000001
M000000005/1.000000/0000/Sigma_BB-28806491
R000000006/1.000000/0000/Guesstimate
R000000004/2.222222/0231/M000000005/R000000006
R000000003/2.469136/0294/R000000004
R000000008/1.000000/0000/Guesstimate
R000000007/2.222222/0231/M000000005/R000000008
R000000003/2.469136/0294/R000000007
R000000009/1.000000/0000/Guesstimate
R000000002/3.854596/0274/R000000003/R000000009
R000000012/1.000000/0000/Guesstimate
R000000011/2.222222/0231/M000000005/R000000012
R000000011/2.469136/0091/R000000004
R000000010/2.469136/0294/R000000011
R000000010/2.743484/0091/R000000003
R000000013/1.000000/0000/Guesstimate
R000000002/3.854596/0275/R000000010/R000000013
R000000014/1.000000/0000/Guesstimate
R000000001/5.393995/0276/R000000002/R000000014
R000000017/1.000000/0000/Guesstimate
R000000016/3.854596/0276/R000000010/R000000017
R000000019/1.000000/0000/Guesstimate
R000000018/3.854596/0276/R000000010/R000000019
R000000018/3.854596/0278/R000000010/R000000019
R000000016/4.282884/0091/R000000018
R000000015/5.393995/0275/R000000016/R000000013
R000000015/5.393995/0276/R000000002/R000000017
R000000020/1.000000/0000/Guesstimate
R000000001/7.104439/0276/R000000015/R000000020
Q000000002/5.241580/0000/R000000021
M000000025/1.000000/0000/Sigma_BB-161564803
R000000024/1.111111/0299/M000000025
R000000026/1.000000/0000/Guesstimate
R000000023/2.345679/0274/R000000024/R000000026
R000000028/1.000000/0000/Guesstimate
R000000027/2.345679/0274/R000000024/R000000028
R000000029/1.000000/0000/Guesstimate
R000000027/2.345679/0282/R000000024/R000000029
R000000030/1.000000/0000/Guesstimate
R000000023/3.717421/0275/R000000027/R000000030
R000000031/1.000000/0000/Guesstimate
R000000022/3.717421/0174/R000000023/R000000031
R000000033/1.000000/0000/Guesstimate
R000000034/1.000000/0000/Guesstimate
R000000032/2.222222/0279/R000000033/R000000034
R000000032/2.222222/0279/R000000033/R000000034
R000000037/1.000000/0000/Guesstimate
R000000036/2.222222/0274/R000000037/R000000026
R000000038/1.000000/0000/Guesstimate
R000000039/1.000000/0000/Guesstimate
R000000036/2.222222/0275/R000000038/R000000039
R000000035/3.580247/0112/R000000031/R000000036
R000000041/1.000000/0000/Guesstimate
R000000040/3.580247/0112/R000000041/R000000036
R000000035/3.978053/0147/R000000040
R000000022/6.447188/0159/R000000032/R000000035
R000000042/1.000000/0000/Guesstimate
R000000021/5.241580/0004/R000000022/R000000042
R000000046/1.000000/0000/Guesstimate
R000000045/3.456790/0261/R000000024/R000000046/R000000020
R000000044/3.840878/0287/R000000045
R000000043/5.378754/0112/R000000044/R000000031
R000000048/3.333333/0261/R000000037/R000000046/R000000020
R000000047/4.814815/0112/R000000031/R000000048
R000000049/5.089163/0004/R000000035/R000000042
R000000049/5.089163/0277/R000000035/R000000042
R000000047/6.765737/0119/R000000049/R000000020
R000000043/7.818931/0159/R000000032/R000000047
R000000021/5.976393/0024/R000000043
Q000000003/4.130468/0000/R000000050
R000000052/2.345679/0175/R000000024/R000000031
R000000054/1.000000/0000/Guesstimate
R000000053/2.345679/0175/R000000024/R000000054
R000000053/2.345679/0290/R000000024/R000000054
R000000055/1.000000/0000/Guesstimate
R000000052/3.717421/0212/R000000053/R000000055
R000000056/1.000000/0000/Guesstimate
R000000051/3.717421/0274/R000000052/R000000056
R000000059/1.000000/0000/Guesstimate
R000000058/2.345679/0274/R000000024/R000000059
R000000060/1.000000/0000/Guesstimate
R000000058/2.345679/0282/R000000024/R000000060
R000000057/2.606310/0082/R000000058
R000000062/1.000000/0000/Guesstimate
R000000061/2.345679/0274/R000000024/R000000062
R000000063/1.000000/0000/Guesstimate
R000000061/2.345679/0282/R000000024/R000000063
R000000064/1.000000/0000/Guesstimate
R000000057/3.717421/0112/R000000061/R000000064
R000000051/4.007011/0175/R000000057/R000000031
R000000050/4.130468/0041/R000000051
R000000068/1.000000/0000/Guesstimate
R000000067/2.345679/0274/R000000024/R000000068
R000000069/1.000000/0000/Guesstimate
R000000067/2.345679/0282/R000000024/R000000069
R000000066/2.606310/0155/R000000067
R000000066/2.895900/0041/R000000057
R000000065/4.007011/0174/R000000066/R000000031
R000000072/1.000000/0000/Guesstimate
R000000071/2.222222/0274/R000000037/R000000072
R000000073/1.000000/0000/Guesstimate
R000000071/2.222222/0275/R000000038/R000000073
R000000070/3.580247/0112/R000000031/R000000071
R000000074/3.580247/0112/R000000041/R000000071
R000000070/3.978053/0147/R000000074
R000000065/6.447188/0159/R000000032/R000000070
R000000050/4.452235/0147/R000000065
<NEXT>