#
#  Reaction log file
#  Author: LigBuilder V3 User_Diana
#  Creation time: Tue Feb 24 21:34:04 2026
#  Format:
#  QueryMoleculeId/Cost/SynthesizeId/ReactantId1/ReactantId2/ReactantId3.....
#  Id prefix:
#  Q --- Query Molecule
#  M --- Material
#  R --- Reactant
#
Directory      result/synthesize_HsDHODH/135/DATABASE/
#
Q000000001/2.758726/0000/R000000001
M000000005/1.000000/0000/Sigma_BB-27931617
R000000004/1.111111/0125/M000000005
R000000006/1.000000/0000/Guesstimate
R000000004/2.222222/0112/M000000005/R000000006
R000000003/1.234568/0114/R000000004
R000000007/1.111111/0114/M000000005
R000000003/2.345679/0112/R000000007/R000000006
M000000008/1.000000/0000/Sigma_BB-70366088
R000000002/2.482853/0274/R000000003/M000000008
R000000001/2.758726/0059/R000000002
R000000011/1.000000/0000/Guesstimate
R000000010/2.345679/0004/R000000007/R000000011
R000000013/1.000000/0000/Guesstimate
R000000012/2.345679/0003/R000000007/R000000013
R000000014/1.000000/0000/Guesstimate
R000000012/2.482853/0049/R000000003/R000000014
R000000010/2.606310/0040/R000000012
R000000009/3.717421/0274/R000000010/M000000008
R000000001/4.130468/0153/R000000009
Q000000002/2.758726/0000/R000000001
Q000000003/4.452235/0000/R000000015
M000000020/1.000000/0000/Sigma_BB-161564803
R000000019/1.111111/0299/M000000020
R000000021/1.000000/0000/Guesstimate
R000000018/2.345679/0274/R000000019/R000000021
R000000022/1.234568/0091/R000000019
R000000023/1.000000/0000/Guesstimate
R000000018/2.482853/0275/R000000022/R000000023
R000000017/2.606310/0164/R000000018
R000000025/1.000000/0000/Guesstimate
R000000024/3.717421/0173/R000000018/R000000025
R000000024/3.717421/0175/R000000018/R000000006
R000000017/4.130468/0168/R000000024
M000000026/1.000000/0000/Sigma_BB-28711478
R000000016/4.007011/0175/R000000017/M000000026
R000000029/1.000000/0000/Guesstimate
M000000030/1.000000/0000/Sigma_BB-244315823
R000000028/2.222222/0274/R000000029/M000000030
R000000031/1.000000/0000/Guesstimate
M000000032/1.000000/0000/Sigma_BB-48705826
R000000028/2.222222/0275/R000000031/M000000032
R000000027/3.580247/0003/R000000013/R000000028
R000000033/2.469136/0125/R000000028
R000000033/3.580247/0112/R000000006/R000000028
R000000027/3.854596/0049/R000000014/R000000033
R000000036/1.000000/0000/Guesstimate
R000000037/1.000000/0000/Guesstimate
R000000035/2.222222/0004/R000000036/R000000037
R000000038/1.000000/0000/Guesstimate
R000000039/1.000000/0000/Guesstimate
R000000035/2.222222/0122/R000000038/R000000039
R000000034/2.469136/0009/R000000035
R000000041/1.000000/0000/Guesstimate
R000000042/1.000000/0000/Guesstimate
R000000040/2.222222/0279/R000000041/R000000042
R000000040/2.222222/0279/R000000041/R000000042
R000000034/2.469136/0079/R000000040
R000000016/6.721537/0159/R000000027/R000000034
R000000015/4.452235/0040/R000000016
M000000046/1.000000/0000/Sigma_BB-30423282
R000000047/1.000000/0000/Guesstimate
R000000045/2.222222/0279/M000000046/R000000047
R000000045/2.222222/0279/M000000046/R000000047
R000000044/2.469136/0009/R000000045
R000000048/2.222222/0279/R000000041/R000000047
R000000048/2.222222/0279/R000000041/R000000047
R000000044/2.469136/0079/R000000048
R000000043/6.721537/0159/R000000027/R000000044
R000000050/2.222222/0003/R000000013/R000000029
R000000049/5.212621/0159/R000000050/R000000044
R000000043/6.902912/0274/R000000049/M000000030
R000000015/7.468375/0024/R000000043
<NEXT>