#
#  Reaction log file
#  Author: LigBuilder V3 User_Diana
#  Creation time: Tue Feb 24 21:31:51 2026
#  Format:
#  QueryMoleculeId/Cost/SynthesizeId/ReactantId1/ReactantId2/ReactantId3.....
#  Id prefix:
#  Q --- Query Molecule
#  M --- Material
#  R --- Reactant
#
Directory      result/synthesize_HsDHODH/42/DATABASE/
#
Q000000001/5.531170/0000/R000000001
R000000004/1.000000/0000/Guesstimate
R000000006/1.000000/0000/Guesstimate
R000000007/1.000000/0000/Guesstimate
R000000005/2.222222/0001/R000000006/R000000007
R000000008/1.000000/0000/Guesstimate
R000000005/2.222222/0003/R000000007/R000000008
R000000003/3.580247/0081/R000000004/R000000005
R000000010/1.000000/0000/Guesstimate
R000000009/3.580247/0081/R000000010/R000000005
R000000011/1.000000/0000/Guesstimate
R000000009/3.580247/0210/R000000011/R000000005
R000000003/3.978053/0082/R000000009
R000000002/3.978053/0040/R000000003
R000000014/1.000000/0000/Guesstimate
R000000013/1.111111/0118/R000000014
R000000015/1.000000/0000/Guesstimate
R000000013/2.222222/0112/R000000014/R000000015
R000000012/3.703704/0081/R000000013/R000000005
R000000017/1.000000/0000/Guesstimate
R000000016/1.111111/0118/R000000017
R000000016/2.222222/0112/R000000017/R000000015
R000000012/3.703704/0210/R000000016/R000000005
R000000002/4.115227/0024/R000000012
R000000018/1.000000/0000/Guesstimate
R000000001/5.531170/0003/R000000002/R000000018
R000000019/5.226338/0003/R000000012/R000000018
R000000021/4.115227/0093/R000000012
R000000022/4.115227/0197/R000000012
R000000021/5.683586/0004/R000000022/R000000006
R000000020/4.572474/0085/R000000021
R000000023/1.000000/0000/Guesstimate
R000000020/5.683586/0004/R000000022/R000000023
M000000024/1.000000/0000/Sigma_BB-28783000
R000000019/6.191638/0049/R000000020/M000000024
R000000001/5.807042/0024/R000000019
Q000000002/5.393995/0000/R000000025
M000000029/1.000000/0000/Sigma_BB-28760150
R000000030/1.000000/0000/Guesstimate
R000000028/2.222222/0221/M000000029/R000000030
R000000027/2.469136/0155/R000000028
M000000032/1.000000/0000/Sigma_BB-30552592
R000000033/1.000000/0000/Guesstimate
R000000031/2.222222/0221/M000000032/R000000033
R000000027/2.469136/0155/R000000031
R000000034/1.000000/0000/Guesstimate
R000000026/3.854596/0122/R000000027/R000000034
M000000037/1.000000/0000/Sigma_BB-156331499
R000000038/1.000000/0000/Guesstimate
R000000036/2.222222/0004/M000000037/R000000038
R000000039/1.000000/0000/Guesstimate
R000000040/1.000000/0000/Guesstimate
R000000036/3.333333/0225/M000000037/R000000039/R000000040
R000000041/1.000000/0000/Guesstimate
R000000035/3.580247/0212/R000000036/R000000041
R000000043/1.000000/0000/Guesstimate
R000000042/2.222222/0012/R000000034/R000000043
R000000044/1.000000/0000/Guesstimate
R000000042/2.222222/0112/R000000015/R000000044
R000000046/1.000000/0000/Guesstimate
R000000047/1.000000/0000/Guesstimate
R000000045/2.222222/0049/R000000046/R000000047
R000000048/1.000000/0000/Guesstimate
R000000049/1.000000/0000/Guesstimate
R000000045/2.222222/0112/R000000048/R000000049
R000000035/4.938272/0159/R000000042/R000000045
R000000026/5.089163/0119/R000000035/R000000030
R000000025/5.393995/0004/R000000026/R000000006
R000000051/1.000000/0000/Guesstimate
R000000050/5.089163/0119/R000000035/R000000051
R000000054/1.000000/0000/Guesstimate
R000000055/1.000000/0000/Guesstimate
R000000053/2.222222/0224/R000000054/R000000055
R000000052/3.580247/0012/R000000034/R000000053
R000000056/3.580247/0285/R000000048/R000000053
R000000052/3.978053/0079/R000000056
R000000050/6.447188/0159/R000000052/R000000045
R000000025/5.654626/0024/R000000050
Q000000003/5.393995/0000/R000000025
<NEXT>