#
#  Reaction log file
#  Author: LigBuilder V3 User_Diana
#  Creation time: Tue Feb 24 21:31:03 2026
#  Format:
#  QueryMoleculeId/Cost/SynthesizeId/ReactantId1/ReactantId2/ReactantId3.....
#  Id prefix:
#  Q --- Query Molecule
#  M --- Material
#  R --- Reactant
#
Directory      result/synthesize_HsDHODH/17/DATABASE/
#
Q000000001/6.149320/0000/R000000001
R000000004/1.000000/0000/Guesstimate
R000000005/1.000000/0000/Guesstimate
R000000003/2.222222/0279/R000000004/R000000005
R000000003/2.222222/0279/R000000004/R000000005
R000000002/2.469136/0079/R000000003
R000000007/1.000000/0000/Guesstimate
R000000006/2.222222/0279/R000000007/R000000004
R000000006/2.222222/0279/R000000007/R000000004
R000000002/2.469136/0082/R000000006
M000000011/1.000000/0000/Sigma_BB-36089954
R000000010/1.111111/0295/M000000011
R000000015/1.000000/0000/Guesstimate
R000000014/1.111111/0228/R000000015
R000000016/1.000000/0000/Guesstimate
R000000014/1.111111/0228/R000000016
R000000013/1.234568/0125/R000000014
R000000017/1.000000/0000/Guesstimate
R000000013/2.345679/0112/R000000014/R000000017
R000000012/1.371742/0041/R000000013
R000000012/1.371742/0233/R000000013
R000000009/2.758726/0274/R000000010/R000000012
R000000018/1.234568/0091/R000000010
R000000021/1.111111/0198/R000000015
R000000021/1.111111/0198/R000000016
R000000020/2.345679/0112/R000000021/R000000017
R000000020/9.777779/0082/R000000022
R000000019/2.606310/0041/R000000020
R000000019/2.606310/0233/R000000020
R000000009/4.267642/0275/R000000018/R000000019
R000000008/3.065251/0082/R000000009
R000000023/1.000000/0000/Guesstimate
M000000026/1.000000/0000/Sigma_BB-28775169
R000000025/2.635269/0274/M000000026/R000000012
R000000025/4.007011/0282/M000000026/R000000019
R000000024/2.928077/0197/R000000025
R000000028/1.000000/0000/Guesstimate
R000000027/2.635269/0274/R000000028/R000000012
R000000029/1.000000/0000/Guesstimate
R000000027/4.007011/0274/R000000029/R000000019
R000000024/2.928077/0260/R000000027
R000000008/4.364530/0112/R000000023/R000000024
R000000001/6.149320/0159/R000000002/R000000008
R000000033/1.000000/0000/Guesstimate
R000000032/2.222222/0112/R000000023/R000000033
R000000031/5.212621/0159/R000000002/R000000032
R000000036/1.000000/0000/Guesstimate
R000000035/2.222222/0112/R000000023/R000000036
R000000035/2.469136/0091/R000000032
R000000034/5.212621/0159/R000000002/R000000035
R000000037/1.000000/0000/Guesstimate
R000000031/6.902912/0275/R000000034/R000000037
R000000030/7.163543/0274/R000000031/R000000013
R000000030/8.398111/0275/R000000034/R000000020
R000000001/7.959493/0041/R000000030
Q000000002/6.832578/0000/R000000038
R000000042/1.000000/0000/Guesstimate
R000000043/1.000000/0000/Guesstimate
R000000041/2.222222/0004/R000000042/R000000043
R000000040/2.469136/0009/R000000041
R000000045/1.000000/0000/Guesstimate
R000000044/2.222222/0279/R000000045/R000000005
R000000044/2.222222/0279/R000000045/R000000005
R000000040/2.469136/0079/R000000044
R000000039/6.149320/0159/R000000040/R000000008
R000000048/1.000000/0000/Guesstimate
R000000047/4.364530/0003/R000000048/R000000024
R000000049/1.000000/0000/Guesstimate
R000000046/5.960589/0012/R000000047/R000000049
R000000046/5.960589/0285/R000000047/R000000049
R000000050/1.000000/0000/Guesstimate
R000000039/7.733988/0159/R000000046/R000000050
R000000038/6.832578/0041/R000000039
R000000053/5.212621/0159/R000000040/R000000032
R000000052/5.791801/0041/R000000053
R000000052/5.791801/0233/R000000053
R000000051/7.807077/0274/R000000052/R000000013
R000000055/5.212621/0159/R000000040/R000000035
R000000055/5.791801/0091/R000000053
R000000054/5.791801/0041/R000000055
R000000054/6.435335/0091/R000000052
R000000051/9.041644/0275/R000000054/R000000020
R000000038/8.674530/0041/R000000051
Q000000003/6.832578/0000/R000000056
R000000056/6.832578/0059/R000000039
R000000058/5.791801/0059/R000000053
R000000059/6.435335/0155/R000000052
R000000058/7.150372/0156/R000000059
R000000057/7.807077/0274/R000000058/R000000013
R000000060/5.791801/0059/R000000055
R000000060/6.435335/0091/R000000058
R000000057/9.041644/0275/R000000060/R000000020
R000000056/8.674530/0041/R000000057
<NEXT>