#
#  Reaction log file
#  Author: LigBuilder V3 User_Diana
#  Creation time: Tue Feb 24 21:40:24 2026
#  Format:
#  QueryMoleculeId/Cost/SynthesizeId/ReactantId1/ReactantId2/ReactantId3.....
#  Id prefix:
#  Q --- Query Molecule
#  M --- Material
#  R --- Reactant
#
Directory      result/synthesize_HsDHODH/283/DATABASE/
#
Q000000001/Analysis Failed
Q000000002/Analysis Failed
Q000000003/4.420059/0000/R000000001
M000000005/1.000000/0000/Sigma_BB-28836679
R000000006/1.000000/0000/Guesstimate
R000000004/2.222222/0212/M000000005/R000000006
R000000004/2.222222/0212/M000000005/R000000006
R000000007/1.000000/0000/Guesstimate
R000000003/3.580247/0175/R000000004/R000000007
R000000008/2.222222/0175/M000000005/R000000007
R000000008/2.222222/0290/M000000005/R000000007
R000000003/3.580247/0212/R000000008/R000000006
R000000002/3.978053/0125/R000000003
R000000009/1.000000/0000/Guesstimate
R000000002/5.089163/0112/R000000003/R000000009
R000000001/4.420059/0041/R000000002
M000000013/1.000000/0000/Sigma_BB-28423565
R000000014/1.000000/0000/Guesstimate
R000000012/2.222222/0175/M000000013/R000000014
R000000012/2.222222/0290/M000000013/R000000014
R000000015/1.000000/0000/Guesstimate
R000000011/3.580247/0003/R000000012/R000000015
R000000016/2.469136/0091/R000000012
R000000017/1.000000/0000/Guesstimate
R000000011/3.854596/0112/R000000016/R000000017
R000000010/3.978053/0059/R000000011
R000000018/3.580247/0174/R000000004/R000000014
R000000018/3.580247/0289/R000000004/R000000014
R000000010/3.978053/0147/R000000018
R000000019/1.000000/0000/Guesstimate
R000000001/5.531170/0018/R000000010/R000000019
<NEXT>