#
#  Reaction log file
#  Author: LigBuilder V3 User_Diana
#  Creation time: Tue Feb 24 21:30:50 2026
#  Format:
#  QueryMoleculeId/Cost/SynthesizeId/ReactantId1/ReactantId2/ReactantId3.....
#  Id prefix:
#  Q --- Query Molecule
#  M --- Material
#  R --- Reactant
#
Directory      result/synthesize_HsDHODH/24/DATABASE/
#
Q000000001/3.387018/0000/R000000001
M000000006/1.000000/0000/Sigma_BB-161564803
R000000005/1.111111/0299/M000000006
R000000004/1.234568/0287/R000000005
R000000003/1.371742/0125/R000000004
R000000007/1.000000/0000/Guesstimate
R000000003/2.482853/0112/R000000004/R000000007
R000000011/1.000000/0000/Guesstimate
R000000010/1.111111/0228/R000000011
R000000012/1.000000/0000/Guesstimate
R000000010/1.111111/0228/R000000012
R000000009/1.234568/0125/R000000010
R000000009/2.345679/0112/R000000010/R000000007
R000000008/1.371742/0041/R000000009
R000000008/1.371742/0233/R000000009
R000000002/3.048316/0274/R000000003/R000000008
R000000015/1.000000/0000/Guesstimate
R000000016/1.000000/0000/Guesstimate
R000000014/2.222222/0003/R000000015/R000000016
R000000013/3.993294/0274/R000000014/R000000008
R000000018/1.000000/0000/Guesstimate
R000000017/2.222222/0003/R000000015/R000000018
R000000017/2.469136/0091/R000000014
R000000021/1.111111/0198/R000000011
R000000021/1.111111/0198/R000000012
R000000020/2.345679/0112/R000000021/R000000007
R000000020/9.777779/0082/R000000022
R000000019/2.606310/0041/R000000020
R000000019/2.606310/0233/R000000020
R000000013/5.365036/0275/R000000017/R000000019
R000000025/1.000000/0000/Guesstimate
R000000026/1.000000/0000/Guesstimate
R000000024/2.222222/0004/R000000025/R000000026
R000000027/1.000000/0000/Guesstimate
R000000028/1.000000/0000/Guesstimate
R000000024/2.222222/0122/R000000027/R000000028
R000000023/2.469136/0009/R000000024
R000000030/1.000000/0000/Guesstimate
R000000031/1.000000/0000/Guesstimate
R000000029/2.222222/0279/R000000030/R000000031
R000000029/2.222222/0279/R000000030/R000000031
R000000023/2.469136/0079/R000000029
R000000002/7.180478/0159/R000000013/R000000023
R000000001/3.387018/0147/R000000002
R000000034/1.000000/0000/Guesstimate
R000000033/2.345679/0173/R000000005/R000000034
R000000033/2.345679/0175/R000000005/R000000007
R000000032/3.978052/0274/R000000033/R000000009
M000000037/1.000000/0000/Sigma_BB-28776569
R000000038/1.000000/0000/Guesstimate
R000000036/2.222222/0231/M000000037/R000000038
M000000039/1.000000/0000/Sigma_BB-70374800
R000000040/1.000000/0000/Guesstimate
R000000036/2.222222/0285/M000000039/R000000040
R000000035/2.469136/0294/R000000036
R000000035/2.606310/0091/R000000033
R000000032/5.349795/0275/R000000035/R000000020
R000000001/4.420058/0041/R000000032
Q000000002/4.741825/0000/R000000041
R000000044/2.345679/0174/R000000005/R000000007
R000000044/2.345679/0289/R000000005/R000000007
R000000043/2.606310/0059/R000000044
R000000046/1.000000/0000/Guesstimate
R000000045/2.345679/0175/R000000005/R000000046
R000000045/2.345679/0290/R000000005/R000000046
R000000043/2.606310/0153/R000000045
R000000042/4.267642/0274/R000000043/R000000009
R000000048/2.606310/0091/R000000044
R000000047/2.895900/0059/R000000048
R000000047/2.895900/0091/R000000043
R000000042/5.823977/0275/R000000047/R000000020
R000000041/4.741825/0041/R000000042
R000000052/1.000000/0000/Guesstimate
R000000051/3.580247/0012/R000000014/R000000052
R000000051/3.580247/0285/R000000014/R000000052
R000000050/5.502210/0274/R000000051/R000000008
R000000050/5.548104/0012/R000000013/R000000052
R000000053/1.000000/0000/Guesstimate
R000000049/7.224678/0159/R000000050/R000000053
R000000056/1.000000/0000/Guesstimate
R000000055/2.222222/0004/R000000056/R000000025
R000000054/2.469136/0009/R000000055
R000000058/1.000000/0000/Guesstimate
R000000059/1.000000/0000/Guesstimate
R000000057/2.222222/0279/R000000058/R000000059
R000000057/2.222222/0279/R000000058/R000000059
R000000054/2.469136/0079/R000000057
R000000061/1.000000/0000/Guesstimate
R000000062/2.635269/0274/R000000016/R000000008
R000000062/4.007011/0275/R000000018/R000000019
R000000060/4.039188/0112/R000000061/R000000062
R000000064/1.000000/0000/Guesstimate
R000000063/4.039188/0112/R000000064/R000000062
R000000060/4.487987/0147/R000000063
R000000049/7.231471/0159/R000000054/R000000060
R000000041/8.027420/0059/R000000049
Q000000003/4.498129/0000/R000000065
R000000068/1.234568/0074/R000000005
R000000068/1.234568/0167/R000000005
R000000067/1.371742/0040/R000000068
R000000070/2.345679/0174/R000000005/R000000046
R000000070/2.345679/0289/R000000005/R000000046
R000000069/2.606310/0153/R000000070
R000000072/1.000000/0000/Guesstimate
R000000071/2.345679/0174/R000000005/R000000072
R000000071/2.345679/0289/R000000005/R000000072
R000000069/2.606310/0154/R000000071
R000000067/2.895900/0024/R000000069
R000000066/3.048316/0274/R000000067/R000000008
R000000074/1.371742/0091/R000000068
R000000073/1.524158/0040/R000000074
R000000066/4.589409/0275/R000000073/R000000019
R000000075/1.000000/0000/Guesstimate
R000000065/4.498129/0119/R000000066/R000000075
R000000076/4.267642/0274/R000000069/R000000009
M000000079/1.000000/0000/Sigma_BB-247279222
R000000078/2.222222/0231/M000000079/R000000038
R000000077/2.469136/0294/R000000078
R000000077/2.895900/0091/R000000069
R000000076/5.349795/0275/R000000077/R000000020
R000000065/4.741825/0041/R000000076
<NEXT>