#
#  Reaction log file
#  Author: LigBuilder V3 User_Diana
#  Creation time: Tue Feb 24 21:36:50 2026
#  Format:
#  QueryMoleculeId/Cost/SynthesizeId/ReactantId1/ReactantId2/ReactantId3.....
#  Id prefix:
#  Q --- Query Molecule
#  M --- Material
#  R --- Reactant
#
Directory      result/synthesize_HsDHODH/198/DATABASE/
#
Q000000001/4.130468/0000/R000000001
M000000005/1.000000/0000/Sigma_BB-30442049
R000000004/1.111111/0091/M000000005
M000000006/1.000000/0000/Sigma_BB-28753226
R000000004/1.111111/0287/M000000006
R000000007/1.000000/0000/Guesstimate
R000000003/2.345679/0231/R000000004/R000000007
R000000008/2.222222/0231/M000000005/R000000007
R000000003/2.469136/0091/R000000008
R000000009/1.000000/0000/Guesstimate
R000000002/3.717421/0112/R000000003/R000000009
M000000012/1.000000/0000/Sigma_BB-28426396
R000000013/1.000000/0000/Guesstimate
R000000011/2.222222/0231/M000000012/R000000013
M000000014/1.000000/0000/Sigma_BB-28398163
R000000015/1.000000/0000/Guesstimate
R000000011/2.222222/0285/M000000014/R000000015
R000000010/2.469136/0153/R000000011
R000000017/1.000000/0000/Guesstimate
R000000016/2.222222/0231/M000000012/R000000017
M000000018/1.000000/0000/Sigma_BB-117837724
R000000016/2.222222/0285/M000000018/R000000015
R000000010/2.469136/0154/R000000016
R000000021/1.000000/0000/Guesstimate
R000000020/1.111111/0040/R000000021
M000000022/1.000000/0000/Sigma_BB-28760789
R000000020/1.111111/0153/M000000022
R000000019/1.234568/0086/R000000020
R000000019/1.234568/0091/R000000020
R000000002/4.115227/0112/R000000010/R000000019
R000000001/4.130468/0059/R000000002
R000000025/1.000000/0000/Guesstimate
R000000024/2.222222/0004/R000000025/R000000009
R000000027/1.000000/0000/Guesstimate
R000000028/1.000000/0000/Guesstimate
R000000026/2.222222/0170/R000000027/R000000028
R000000029/1.000000/0000/Guesstimate
R000000030/1.000000/0000/Guesstimate
R000000026/2.222222/0170/R000000029/R000000030
R000000024/2.469136/0024/R000000026
R000000023/5.212621/0004/R000000010/R000000024
R000000031/3.854596/0004/R000000010/R000000025
R000000033/1.000000/0000/Guesstimate
R000000032/3.854596/0003/R000000010/R000000033
R000000031/4.282884/0040/R000000032
R000000023/5.393995/0004/R000000031/R000000009
R000000001/5.791801/0153/R000000023
Q000000002/2.222222/0000/R000000034
M000000035/1.000000/0000/Sigma_BB-27331549
M000000036/1.000000/0000/Sigma_BB-31286382
R000000034/2.222222/0119/M000000035/M000000036
M000000038/1.000000/0000/Sigma_BB-87615763
R000000037/2.222222/0003/M000000038/R000000033
R000000041/1.000000/0000/Guesstimate
R000000040/2.222222/0276/M000000035/R000000041
R000000040/2.222222/0278/M000000035/R000000041
R000000039/3.580247/0003/R000000040/R000000033
R000000043/1.000000/0000/Guesstimate
R000000042/2.222222/0119/M000000035/R000000043
R000000044/1.000000/0000/Guesstimate
R000000042/3.580247/0112/R000000040/R000000044
R000000045/1.000000/0000/Guesstimate
R000000039/3.580247/0049/R000000042/R000000045
R000000037/5.089163/0049/R000000039/R000000045
R000000034/2.469136/0041/R000000037
Q000000003/2.222222/0000/R000000034
<NEXT>