#
#  Reaction log file
#  Author: LigBuilder V3 User_Diana
#  Creation time: Tue Feb 24 21:40:31 2026
#  Format:
#  QueryMoleculeId/Cost/SynthesizeId/ReactantId1/ReactantId2/ReactantId3.....
#  Id prefix:
#  Q --- Query Molecule
#  M --- Material
#  R --- Reactant
#
Directory      result/synthesize_HsDHODH/279/DATABASE/
#
Q000000001/5.791801/0000/R000000001
M000000004/1.000000/0000/Sigma_BB-30924817
R000000005/1.000000/0000/Guesstimate
R000000003/2.222222/0119/M000000004/R000000005
R000000009/1.000000/0000/Guesstimate
R000000010/1.000000/0000/Guesstimate
R000000008/2.222222/0279/R000000009/R000000010
R000000008/2.222222/0279/R000000009/R000000010
R000000007/2.469136/0079/R000000008
R000000012/1.000000/0000/Guesstimate
R000000011/2.222222/0279/R000000012/R000000009
R000000011/2.222222/0279/R000000012/R000000009
R000000007/2.469136/0082/R000000011
R000000013/1.000000/0000/Guesstimate
R000000006/3.854596/0159/R000000007/R000000013
R000000003/4.282884/0153/R000000006
R000000016/1.000000/0000/Guesstimate
R000000017/1.000000/0000/Guesstimate
R000000015/2.222222/0277/R000000016/R000000017
R000000014/2.469136/0099/R000000015
R000000018/2.469136/0233/R000000015
R000000018/2.469136/0258/R000000015
R000000014/2.743484/0295/R000000018
R000000002/5.212621/0231/R000000003/R000000014
R000000020/1.000000/0000/Guesstimate
R000000022/1.000000/0000/Guesstimate
R000000021/2.222222/0277/R000000022/R000000017
R000000023/1.000000/0000/Guesstimate
R000000021/2.222222/0301/R000000023/R000000017
R000000019/3.580247/0061/R000000020/R000000021
R000000024/2.469136/0041/R000000021
R000000024/2.469136/0233/R000000021
R000000019/3.854596/0062/R000000020/R000000024
R000000002/6.721537/0159/R000000007/R000000019
R000000001/5.791801/0024/R000000002
M000000027/1.000000/0000/Sigma_BB-308324471
R000000026/3.854596/0231/M000000027/R000000014
R000000028/3.580247/0231/M000000027/R000000015
R000000026/3.978053/0099/R000000028
R000000031/1.000000/0000/Guesstimate
R000000032/1.000000/0000/Guesstimate
R000000030/2.222222/0174/R000000031/R000000032
R000000030/2.222222/0289/R000000031/R000000032
R000000029/2.469136/0197/R000000030
R000000033/7.400000/0000/Guesstimate
R000000029/8.222222/0091/R000000033
R000000025/7.026369/0112/R000000026/R000000029
M000000035/1.000000/0000/Sigma_BB-27944466
R000000034/3.854596/0231/M000000035/R000000014
R000000036/3.580247/0231/M000000035/R000000015
R000000034/3.978053/0099/R000000036
R000000025/7.026369/0174/R000000034/R000000029
R000000001/7.807076/0025/R000000025
Q000000002/5.791801/0000/R000000001
Q000000003/5.791801/0000/R000000001
<NEXT>