#
#  Reaction log file
#  Author: LigBuilder V3 User_Diana
#  Creation time: Tue Feb 24 21:41:06 2026
#  Format:
#  QueryMoleculeId/Cost/SynthesizeId/ReactantId1/ReactantId2/ReactantId3.....
#  Id prefix:
#  Q --- Query Molecule
#  M --- Material
#  R --- Reactant
#
Directory      result/synthesize_HsDHODH/299/DATABASE/
#
Q000000001/6.265983/0000/R000000001
M000000006/1.000000/0000/Sigma_BB-161564803
R000000005/1.111111/0299/M000000006
R000000007/1.000000/0000/Guesstimate
R000000004/2.345679/0174/R000000005/R000000007
R000000008/1.234568/0287/R000000005
R000000004/2.482853/0112/R000000008/R000000007
R000000003/2.606310/0059/R000000004
R000000010/1.000000/0000/Guesstimate
R000000009/2.482853/0004/R000000008/R000000010
R000000011/1.000000/0000/Guesstimate
R000000003/3.869837/0049/R000000009/R000000011
R000000014/1.000000/0000/Guesstimate
R000000015/1.000000/0000/Guesstimate
R000000013/2.222222/0112/R000000014/R000000015
R000000012/2.469136/0147/R000000013
R000000018/1.000000/0000/Guesstimate
R000000017/2.222222/0004/R000000018/R000000015
R000000020/1.000000/0000/Guesstimate
R000000019/2.222222/0003/R000000015/R000000020
R000000017/2.469136/0040/R000000019
R000000016/2.469136/0093/R000000017
M000000021/1.000000/0000/Sigma_BB-28247348
R000000016/3.580247/0212/M000000021/R000000017
R000000012/2.743484/0197/R000000016
R000000002/5.639385/0274/R000000003/R000000012
R000000024/1.234568/0091/R000000005
R000000023/2.482853/0174/R000000024/R000000007
R000000025/1.371742/0091/R000000008
R000000025/1.371742/0287/R000000024
R000000023/2.635269/0112/R000000025/R000000007
R000000022/2.758726/0059/R000000023
R000000026/2.635269/0004/R000000025/R000000010
R000000022/4.039188/0049/R000000026/R000000011
R000000027/2.469136/0041/R000000019
R000000029/1.000000/0000/Guesstimate
R000000028/2.222222/0112/R000000029/R000000015
R000000030/1.000000/0000/Guesstimate
R000000028/3.580247/0274/R000000030/R000000013
R000000027/2.469136/0147/R000000028
R000000002/5.808736/0275/R000000022/R000000027
R000000001/6.265983/0147/R000000002
R000000033/2.345679/0175/R000000005/R000000007
R000000033/2.345679/0290/R000000005/R000000007
R000000032/3.717421/0274/R000000033/R000000010
R000000034/2.482853/0175/R000000024/R000000007
R000000034/2.606310/0091/R000000033
R000000035/1.000000/0000/Guesstimate
R000000032/3.869837/0275/R000000034/R000000035
R000000031/6.599605/0212/R000000032/R000000017
R000000031/6.599605/0212/R000000032/R000000017
R000000001/7.332894/0059/R000000031
Q000000002/5.791801/0000/R000000036
R000000040/1.000000/0000/Guesstimate
R000000041/1.000000/0000/Guesstimate
R000000039/2.222222/0285/R000000040/R000000041
R000000042/1.000000/0000/Guesstimate
R000000038/3.580247/0279/R000000039/R000000042
R000000038/3.580247/0279/R000000039/R000000042
M000000044/1.000000/0000/Sigma_BB-128887467
R000000043/1.111111/0147/M000000044
M000000045/1.000000/0000/Sigma_BB-27438940
R000000043/1.111111/0153/M000000045
R000000037/5.212621/0231/R000000038/R000000043
R000000048/1.000000/0000/Guesstimate
R000000047/2.222222/0231/R000000048/M000000044
R000000046/2.469136/0147/R000000047
M000000050/1.000000/0000/Sigma_BB-27087847
R000000049/2.222222/0231/R000000048/M000000050
R000000046/2.469136/0155/R000000049
M000000053/1.000000/0000/Sigma_BB-28792480
R000000052/1.111111/0079/M000000053
R000000054/1.000000/0000/Guesstimate
R000000052/2.222222/0003/R000000054/R000000020
R000000055/1.000000/0000/Guesstimate
R000000051/2.345679/0122/R000000052/R000000055
R000000056/2.222222/0112/M000000053/R000000055
R000000051/2.469136/0099/R000000056
R000000037/5.349795/0279/R000000046/R000000051
R000000036/5.791801/0112/R000000037
R000000060/1.000000/0000/Guesstimate
R000000061/1.000000/0000/Guesstimate
R000000059/2.222222/0279/R000000060/R000000061
R000000059/2.222222/0279/R000000060/R000000061
R000000063/1.000000/0000/Guesstimate
R000000062/2.222222/0122/R000000063/R000000055
R000000062/2.222222/0122/R000000063/R000000055
R000000058/4.938272/0279/R000000059/R000000062
R000000058/4.938272/0279/R000000059/R000000062
R000000057/6.721537/0231/R000000058/R000000043
R000000065/3.580247/0231/R000000059/M000000044
R000000064/3.978053/0147/R000000065
R000000066/3.580247/0231/R000000059/M000000050
R000000064/3.978053/0155/R000000066
R000000057/6.889194/0279/R000000064/R000000062
R000000036/7.468375/0112/R000000057
Q000000003/7.377095/0000/R000000067
R000000071/1.000000/0000/Guesstimate
R000000070/2.345679/0274/R000000005/R000000071
R000000072/1.000000/0000/Guesstimate
R000000070/2.482853/0275/R000000024/R000000072
R000000074/1.000000/0000/Guesstimate
R000000075/1.000000/0000/Guesstimate
R000000073/2.222222/0170/R000000074/R000000075
R000000076/1.000000/0000/Guesstimate
R000000073/2.222222/0170/R000000014/R000000076
R000000069/5.075447/0175/R000000070/R000000073
R000000078/1.000000/0000/Guesstimate
R000000077/3.717421/0175/R000000070/R000000078
R000000077/3.717421/0290/R000000070/R000000078
R000000069/5.241580/0224/R000000077/R000000076
R000000068/5.639385/0155/R000000069
R000000081/1.000000/0000/Guesstimate
R000000080/2.345679/0274/R000000005/R000000081
R000000080/2.606310/0155/R000000070
R000000082/2.222222/0170/R000000074/R000000081
R000000082/2.222222/0170/R000000014/R000000075
R000000079/5.075447/0175/R000000080/R000000082
R000000083/3.717421/0175/R000000080/R000000078
R000000083/4.130468/0155/R000000077
R000000079/5.241580/0224/R000000083/R000000075
R000000068/5.639385/0156/R000000079
R000000067/7.377095/0003/R000000068/R000000018
R000000084/6.265984/0118/R000000068
R000000085/1.000000/0000/Guesstimate
R000000084/7.377095/0112/R000000068/R000000085
R000000086/1.000000/0000/Guesstimate
R000000067/8.073316/0049/R000000084/R000000086
<NEXT>