#
#  Reaction log file
#  Author: LigBuilder V3 User_Diana
#  Creation time: Tue Feb 24 21:37:11 2026
#  Format:
#  QueryMoleculeId/Cost/SynthesizeId/ReactantId1/ReactantId2/ReactantId3.....
#  Id prefix:
#  Q --- Query Molecule
#  M --- Material
#  R --- Reactant
#
Directory      result/synthesize_HsDHODH/208/DATABASE/
#
Q000000001/3.048316/0000/R000000001
M000000005/1.000000/0000/Sigma_BB-48919322
R000000006/1.000000/0000/Guesstimate
R000000004/2.222222/0056/M000000005/R000000006
R000000003/2.469136/0155/R000000004
R000000002/2.743484/0090/R000000003
M000000009/1.000000/0000/Sigma_BB-249437538
R000000010/1.000000/0000/Guesstimate
R000000008/2.222222/0003/M000000009/R000000010
R000000011/1.000000/0000/Guesstimate
R000000007/3.580247/0122/R000000008/R000000011
R000000007/3.580247/0122/R000000008/R000000011
R000000002/3.978053/0059/R000000007
R000000001/3.048316/0059/R000000002
R000000012/3.978053/0059/R000000007
M000000015/1.000000/0000/Sigma_BB-249437666
R000000014/2.222222/0003/M000000015/R000000010
R000000016/1.000000/0000/Guesstimate
R000000013/3.580247/0122/R000000014/R000000016
R000000013/3.580247/0122/R000000014/R000000016
R000000012/3.978053/0082/R000000013
R000000001/4.420059/0059/R000000012
Q000000002/4.115227/0000/R000000017
M000000020/1.000000/0000/Sigma_BB-30424805
R000000019/1.111111/0155/M000000020
M000000021/1.000000/0000/Sigma_BB-28785028
R000000019/1.111111/0156/M000000021
R000000018/3.703704/0122/R000000008/R000000019
M000000024/1.000000/0000/Sigma_BB-245059459
R000000023/2.222222/0003/M000000024/R000000010
R000000022/3.703704/0122/R000000023/R000000019
R000000022/3.703704/0122/R000000023/R000000019
R000000025/1.000000/0000/Guesstimate
R000000018/5.226338/0112/R000000022/R000000025
R000000017/4.115227/0059/R000000018
R000000029/1.111111/0125/M000000009
R000000029/2.222222/0112/M000000009/R000000025
R000000028/1.234568/0059/R000000029
R000000028/2.222222/0112/M000000015/R000000025
R000000030/1.000000/0000/Guesstimate
R000000027/2.482853/0012/R000000028/R000000030
R000000032/1.000000/0000/Guesstimate
R000000031/3.580247/0122/R000000014/R000000032
R000000031/4.420059/0040/R000000012
R000000033/1.000000/0000/Guesstimate
R000000027/5.089163/0049/R000000031/R000000033
R000000034/1.000000/0000/Guesstimate
R000000026/3.869837/0049/R000000027/R000000034
R000000036/1.000000/0000/Guesstimate
R000000035/3.580247/0122/R000000014/R000000036
R000000037/3.580247/0122/R000000008/R000000036
R000000037/3.580247/0122/R000000008/R000000036
R000000035/3.978053/0059/R000000037
R000000026/5.089163/0112/R000000035/R000000025
R000000017/4.299819/0059/R000000026
Q000000003/Analysis Failed
<NEXT>