#
#  Reaction log file
#  Author: LigBuilder V3 User_Diana
#  Creation time: Tue Feb 24 21:39:41 2026
#  Format:
#  QueryMoleculeId/Cost/SynthesizeId/ReactantId1/ReactantId2/ReactantId3.....
#  Id prefix:
#  Q --- Query Molecule
#  M --- Material
#  R --- Reactant
#
Directory      result/synthesize_HsDHODH/264/DATABASE/
#
Q000000001/4.267643/0000/R000000001
R000000004/1.000000/0000/Guesstimate
M000000005/1.000000/0000/Sigma_BB-29038349
R000000003/2.222222/0231/R000000004/M000000005
M000000007/1.000000/0000/Sigma_BB-28769716
R000000006/2.222222/0231/R000000004/M000000007
R000000003/2.469136/0197/R000000006
R000000010/1.000000/0000/Guesstimate
R000000009/1.111111/0040/R000000010
M000000011/1.000000/0000/Sigma_BB-27718954
R000000009/1.111111/0188/M000000011
R000000008/1.234568/0091/R000000009
R000000013/1.000000/0000/Guesstimate
R000000014/1.000000/0000/Guesstimate
R000000012/2.222222/0012/R000000013/R000000014
R000000015/1.000000/0000/Guesstimate
R000000016/1.000000/0000/Guesstimate
R000000012/2.222222/0112/R000000015/R000000016
R000000008/2.469136/0041/R000000012
R000000002/3.840878/0279/R000000003/R000000008
R000000019/1.000000/0000/Guesstimate
R000000018/2.222222/0285/R000000019/R000000013
R000000018/2.222222/0285/R000000019/R000000013
R000000017/2.469136/0041/R000000018
R000000021/1.000000/0000/Guesstimate
R000000020/2.222222/0285/R000000019/R000000021
R000000017/2.469136/0091/R000000020
R000000002/3.854596/0231/R000000017/M000000005
R000000001/4.267643/0112/R000000002
R000000023/2.469136/0112/R000000018
R000000024/2.222222/0112/R000000019/R000000013
R000000025/1.000000/0000/Guesstimate
R000000026/1.000000/0000/Guesstimate
R000000024/2.222222/0285/R000000025/R000000026
R000000023/2.469136/0285/R000000024
R000000022/3.854596/0231/R000000023/M000000005
M000000028/1.000000/0000/Sigma_BB-28758567
R000000027/3.854596/0231/R000000023/M000000028
M000000030/1.000000/0000/Sigma_BB-28760999
R000000029/3.854596/0231/R000000023/M000000030
R000000027/4.282884/0299/R000000029
R000000022/4.282884/0287/R000000027
R000000001/4.282884/0041/R000000022
Q000000002/4.267643/0000/R000000001
Q000000003/4.420058/0000/R000000031
M000000035/1.000000/0000/Sigma_BB-28707210
R000000034/1.111111/0168/M000000035
M000000036/1.000000/0000/Sigma_BB-28198806
R000000037/1.000000/0000/Guesstimate
R000000034/2.222222/0119/M000000036/R000000037
R000000033/1.234568/0059/R000000034
M000000038/1.000000/0000/Sigma_BB-28761017
R000000033/2.222222/0119/M000000038/R000000037
R000000041/1.000000/0000/Guesstimate
R000000040/1.111111/0291/R000000041
R000000040/1.111111/0291/R000000041
R000000042/1.000000/0000/Guesstimate
R000000039/2.345679/0122/R000000040/R000000042
R000000044/1.000000/0000/Guesstimate
R000000043/2.345679/0301/R000000040/R000000044
R000000043/2.345679/0301/R000000040/R000000044
R000000039/2.606310/0139/R000000043
R000000032/3.978052/0301/R000000033/R000000039
R000000032/3.978052/0301/R000000033/R000000039
R000000031/4.420058/0188/R000000032
M000000045/1.000000/0000/Sigma_BB-53198076
R000000048/1.000000/0000/Guesstimate
R000000047/3.717421/0301/R000000048/R000000039
R000000047/3.717421/0301/R000000048/R000000039
R000000046/4.130468/0188/R000000047
R000000051/1.000000/0000/Guesstimate
R000000050/3.717421/0301/R000000051/R000000039
R000000050/3.717421/0301/R000000051/R000000039
R000000049/4.130468/0188/R000000050
R000000046/4.589409/0082/R000000049
R000000031/5.700521/0224/M000000045/R000000046
<NEXT>