#
#  Reaction log file
#  Author: LigBuilder V3 User_Diana
#  Creation time: Tue Feb 24 21:32:15 2026
#  Format:
#  QueryMoleculeId/Cost/SynthesizeId/ReactantId1/ReactantId2/ReactantId3.....
#  Id prefix:
#  Q --- Query Molecule
#  M --- Material
#  R --- Reactant
#
Directory      result/synthesize_HsDHODH/81/DATABASE/
#
Q000000001/4.282884/0000/R000000001
R000000005/1.000000/0000/Guesstimate
R000000006/1.000000/0000/Guesstimate
R000000004/2.222222/0285/R000000005/R000000006
R000000003/2.469136/0279/R000000004
R000000003/2.469136/0279/R000000004
M000000007/1.000000/0000/Sigma_BB-27336472
R000000002/3.854596/0231/R000000003/M000000007
R000000001/4.282884/0059/R000000002
R000000010/1.000000/0000/Guesstimate
R000000012/1.000000/0000/Guesstimate
R000000013/1.000000/0000/Guesstimate
R000000011/2.222222/0119/R000000012/R000000013
R000000014/1.000000/0000/Guesstimate
R000000011/2.222222/0276/R000000012/R000000014
R000000009/3.580247/0285/R000000010/R000000011
R000000008/5.089163/0231/R000000009/M000000007
R000000001/5.654626/0112/R000000008
Q000000002/4.282884/0000/R000000001
<NEXT>