#
#  Reaction log file
#  Author: LigBuilder V3 User_Diana
#  Creation time: Tue Feb 24 21:36:41 2026
#  Format:
#  QueryMoleculeId/Cost/SynthesizeId/ReactantId1/ReactantId2/ReactantId3.....
#  Id prefix:
#  Q --- Query Molecule
#  M --- Material
#  R --- Reactant
#
Directory      result/synthesize_HsDHODH/188/DATABASE/
#
Q000000001/5.654626/0000/R000000001
R000000005/1.000000/0000/Guesstimate
R000000006/1.000000/0000/Guesstimate
R000000004/2.222222/0285/R000000005/R000000006
R000000007/1.000000/0000/Guesstimate
R000000003/3.580247/0279/R000000004/R000000007
R000000003/3.580247/0279/R000000004/R000000007
M000000008/1.000000/0000/Sigma_BB-31054897
R000000002/5.089163/0231/R000000003/M000000008
R000000011/1.000000/0000/Guesstimate
M000000012/1.000000/0000/Sigma_BB-34698459
R000000010/2.222222/0231/R000000011/M000000012
R000000013/1.000000/0000/Guesstimate
R000000009/3.580247/0175/R000000010/R000000013
R000000015/1.000000/0000/Guesstimate
R000000014/3.580247/0175/R000000010/R000000015
R000000014/3.580247/0290/R000000010/R000000015
R000000016/1.000000/0000/Guesstimate
R000000009/5.089163/0212/R000000014/R000000016
R000000019/1.000000/0000/Guesstimate
R000000020/1.000000/0000/Guesstimate
R000000018/2.222222/0003/R000000019/R000000020
M000000021/1.000000/0000/Sigma_BB-28792480
R000000022/1.000000/0000/Guesstimate
R000000018/2.222222/0112/M000000021/R000000022
R000000017/2.469136/0099/R000000018
R000000024/1.000000/0000/Guesstimate
R000000023/2.222222/0112/R000000019/R000000024
R000000017/2.469136/0099/R000000023
R000000002/6.721537/0279/R000000009/R000000017
R000000001/5.654626/0112/R000000002
R000000028/1.000000/0000/Guesstimate
R000000029/1.000000/0000/Guesstimate
R000000027/2.222222/0279/R000000028/R000000029
R000000027/2.222222/0279/R000000028/R000000029
R000000026/3.580247/0231/R000000027/M000000008
R000000030/3.580247/0231/R000000027/M000000012
R000000026/5.089163/0175/R000000030/R000000013
R000000032/1.000000/0000/Guesstimate
R000000031/2.222222/0122/R000000032/R000000022
R000000031/2.222222/0122/R000000032/R000000022
R000000025/6.447188/0279/R000000026/R000000031
R000000033/4.938272/0279/R000000027/R000000031
R000000033/4.938272/0279/R000000027/R000000031
R000000025/6.598080/0231/R000000033/M000000008
R000000001/7.163543/0112/R000000025
Q000000002/5.654626/0000/R000000001
Q000000003/5.654626/0000/R000000001
<NEXT>