#
#  Reaction log file
#  Author: LigBuilder V3 User_Diana
#  Creation time: Tue Feb 24 21:35:58 2026
#  Format:
#  QueryMoleculeId/Cost/SynthesizeId/ReactantId1/ReactantId2/ReactantId3.....
#  Id prefix:
#  Q --- Query Molecule
#  M --- Material
#  R --- Reactant
#
Directory      result/synthesize_HsDHODH/178/DATABASE/
#
Q000000001/Analysis Failed
Q000000002/7.315958/0000/R000000001
M000000005/1.000000/0000/Sigma_BB-137970237
R000000004/1.111111/0082/M000000005
M000000006/1.000000/0000/Sigma_BB-27468255
R000000004/1.111111/0204/M000000006
R000000007/1.000000/0000/Guesstimate
R000000003/2.345679/0003/R000000004/R000000007
M000000009/1.000000/0000/Sigma_BB-28782701
M000000010/1.000000/0000/Sigma_BB-30556761
R000000008/2.222222/0274/M000000009/M000000010
R000000003/2.469136/0009/R000000008
R000000012/1.000000/0000/Guesstimate
R000000014/1.000000/0000/Guesstimate
R000000015/1.000000/0000/Guesstimate
R000000013/2.222222/0003/R000000014/R000000015
R000000011/3.580247/0012/R000000012/R000000013
R000000016/1.000000/0000/Guesstimate
R000000018/1.000000/0000/Guesstimate
R000000017/3.580247/0012/R000000013/R000000018
R000000017/3.580247/0285/R000000013/R000000018
R000000011/5.089163/0279/R000000016/R000000017
R000000002/6.584363/0159/R000000003/R000000011
R000000021/1.000000/0000/Guesstimate
R000000020/2.222222/0274/R000000021/M000000010
R000000019/2.469136/0125/R000000020
R000000022/1.000000/0000/Guesstimate
R000000019/3.580247/0112/R000000020/R000000022
R000000025/1.000000/0000/Guesstimate
R000000024/2.222222/0004/R000000025/R000000015
R000000023/3.580247/0049/R000000018/R000000024
R000000026/3.978053/0147/R000000017
R000000023/4.420059/0082/R000000026
R000000002/6.721537/0159/R000000019/R000000023
R000000001/7.315958/0059/R000000002
R000000029/1.000000/0000/Guesstimate
R000000028/5.089163/0159/R000000029/R000000011
R000000027/5.654626/0059/R000000028
R000000030/1.000000/0000/Guesstimate
R000000001/7.394029/0112/R000000027/R000000030
Q000000003/7.315958/0000/R000000001
<NEXT>