#
#  Reaction log file
#  Author: LigBuilder V3 User_Diana
#  Creation time: Tue Feb 24 21:40:24 2026
#  Format:
#  QueryMoleculeId/Cost/SynthesizeId/ReactantId1/ReactantId2/ReactantId3.....
#  Id prefix:
#  Q --- Query Molecule
#  M --- Material
#  R --- Reactant
#
Directory      result/synthesize_HsDHODH/289/DATABASE/
#
Q000000001/4.282884/0000/R000000001
R000000005/1.000000/0000/Guesstimate
R000000006/1.000000/0000/Guesstimate
R000000004/2.222222/0003/R000000005/R000000006
R000000003/2.469136/0099/R000000004
R000000008/1.000000/0000/Guesstimate
R000000009/1.000000/0000/Guesstimate
R000000007/2.222222/0285/R000000008/R000000009
R000000010/1.000000/0000/Guesstimate
R000000003/3.580247/0051/R000000007/R000000010
M000000011/1.000000/0000/Sigma_BB-27944466
R000000002/3.854596/0231/R000000003/M000000011
R000000014/1.000000/0000/Guesstimate
R000000013/2.222222/0231/R000000014/M000000011
R000000012/2.469136/0039/R000000013
R000000016/1.000000/0000/Guesstimate
R000000015/2.222222/0231/R000000016/M000000011
M000000017/1.000000/0000/Sigma_BB-28769380
R000000018/1.000000/0000/Guesstimate
R000000015/2.222222/0285/M000000017/R000000018
R000000019/1.000000/0000/Guesstimate
R000000012/3.580247/0119/R000000015/R000000019
R000000021/2.222222/0285/R000000009/R000000018
R000000020/3.580247/0051/R000000021/R000000010
R000000020/3.580247/0051/R000000021/R000000010
R000000002/6.721537/0279/R000000012/R000000020
R000000001/4.282884/0024/R000000002
R000000024/1.111111/0086/M000000017
R000000024/1.111111/0091/M000000017
R000000026/1.000000/0000/Guesstimate
R000000025/1.111111/0287/R000000026
R000000027/7.400000/0000/Guesstimate
R000000025/8.222222/0197/R000000027
R000000023/2.469136/0112/R000000024/R000000025
R000000030/1.000000/0000/Guesstimate
R000000029/2.222222/0174/R000000030/R000000026
R000000029/2.345679/0112/R000000030/R000000025
R000000028/2.469136/0197/R000000029
R000000031/7.100000/0000/Guesstimate
R000000028/7.888889/0260/R000000031
M000000032/1.000000/0000/Sigma_BB-92153687
R000000023/9.222222/0112/R000000028/M000000032
R000000035/1.000000/0000/Guesstimate
R000000034/1.111111/0125/R000000035
R000000036/1.000000/0000/Guesstimate
R000000034/2.222222/0112/R000000036/R000000035
R000000033/2.345679/0050/R000000034/R000000010
R000000038/1.000000/0000/Guesstimate
R000000037/2.222222/0004/R000000038/R000000006
R000000033/2.469136/0009/R000000037
R000000022/5.349795/0012/R000000023/R000000033
R000000041/1.000000/0000/Guesstimate
R000000040/2.222222/0231/R000000041/M000000011
R000000040/2.469136/0197/R000000015
R000000039/6.447188/0279/R000000040/R000000020
R000000039/6.447188/0279/R000000040/R000000020
R000000022/9.907027/0112/R000000028/R000000039
R000000001/5.944217/0025/R000000022
Q000000002/Analysis Failed
Q000000003/Analysis Failed
<NEXT>