#
#  Reaction log file
#  Author: LigBuilder V3 User_Diana
#  Creation time: Tue Feb 24 21:37:23 2026
#  Format:
#  QueryMoleculeId/Cost/SynthesizeId/ReactantId1/ReactantId2/ReactantId3.....
#  Id prefix:
#  Q --- Query Molecule
#  M --- Material
#  R --- Reactant
#
Directory      result/synthesize_HsDHODH/226/DATABASE/
#
Q000000001/4.130468/0000/R000000001
M000000005/1.000000/0000/Sigma_BB-128422432
R000000004/1.111111/0114/M000000005
R000000007/1.000000/0000/Guesstimate
R000000008/1.000000/0000/Guesstimate
R000000006/2.222222/0285/R000000007/R000000008
R000000009/1.000000/0000/Guesstimate
R000000004/3.580247/0159/R000000006/R000000009
R000000010/1.000000/0000/Guesstimate
R000000003/2.345679/0174/R000000004/R000000010
R000000003/2.345679/0289/R000000004/R000000010
M000000011/1.000000/0000/Sigma_BB-151401812
R000000002/3.717421/0274/R000000003/M000000011
R000000001/4.130468/0147/R000000002
M000000014/1.000000/0000/Sigma_BB-28911431
R000000013/1.111111/0114/M000000014
R000000013/2.606310/0147/R000000003
R000000017/1.000000/0000/Guesstimate
R000000018/1.000000/0000/Guesstimate
R000000016/2.222222/0279/R000000017/R000000018
R000000016/2.222222/0279/R000000017/R000000018
R000000015/2.469136/0279/R000000016
R000000015/2.469136/0279/R000000016
R000000012/3.978053/0274/R000000013/R000000015
R000000001/4.420059/0140/R000000012
Q000000002/4.130468/0000/R000000001
Q000000003/4.130468/0000/R000000001
<NEXT>