#
#  Reaction log file
#  Author: LigBuilder V3 User_Diana
#  Creation time: Tue Feb 24 21:39:34 2026
#  Format:
#  QueryMoleculeId/Cost/SynthesizeId/ReactantId1/ReactantId2/ReactantId3.....
#  Id prefix:
#  Q --- Query Molecule
#  M --- Material
#  R --- Reactant
#
Directory      result/synthesize_HsDHODH/266/DATABASE/
#
Q000000001/4.420058/0000/R000000001
M000000005/1.000000/0000/Sigma_BB-28707210
R000000004/1.111111/0168/M000000005
M000000006/1.000000/0000/Sigma_BB-28198806
R000000007/1.000000/0000/Guesstimate
R000000004/2.222222/0119/M000000006/R000000007
R000000003/1.234568/0059/R000000004
M000000008/1.000000/0000/Sigma_BB-28761017
R000000003/2.222222/0119/M000000008/R000000007
R000000011/1.000000/0000/Guesstimate
R000000010/1.111111/0291/R000000011
R000000010/1.111111/0291/R000000011
R000000012/1.000000/0000/Guesstimate
R000000009/2.345679/0122/R000000010/R000000012
R000000014/1.000000/0000/Guesstimate
R000000013/2.345679/0301/R000000010/R000000014
R000000013/2.345679/0301/R000000010/R000000014
R000000009/2.606310/0139/R000000013
R000000002/3.978052/0301/R000000003/R000000009
R000000002/3.978052/0301/R000000003/R000000009
R000000001/4.420058/0188/R000000002
M000000015/1.000000/0000/Sigma_BB-53198076
R000000018/1.000000/0000/Guesstimate
R000000017/3.717421/0301/R000000018/R000000009
R000000017/3.717421/0301/R000000018/R000000009
R000000016/4.130468/0188/R000000017
R000000021/1.000000/0000/Guesstimate
R000000020/3.717421/0301/R000000021/R000000009
R000000020/3.717421/0301/R000000021/R000000009
R000000019/4.130468/0188/R000000020
R000000016/4.589409/0082/R000000019
R000000001/5.700521/0224/M000000015/R000000016
Q000000002/4.420058/0000/R000000001
Q000000003/Analysis Failed
<NEXT>