#
#  Reaction log file
#  Author: LigBuilder V3 User_Diana
#  Creation time: Tue Feb 24 21:35:30 2026
#  Format:
#  QueryMoleculeId/Cost/SynthesizeId/ReactantId1/ReactantId2/ReactantId3.....
#  Id prefix:
#  Q --- Query Molecule
#  M --- Material
#  R --- Reactant
#
Directory      result/synthesize_HsDHODH/167/DATABASE/
#
Q000000001/3.840878/0000/R000000001
M000000004/1.000000/0000/Sigma_BB-37414777
R000000003/1.111111/0295/M000000004
R000000002/1.234568/0287/R000000003
R000000005/1.111111/0287/M000000004
M000000006/1.000000/0000/Sigma_BB-30442049
R000000007/1.000000/0000/Guesstimate
R000000005/2.222222/0224/M000000006/R000000007
R000000002/1.234568/0295/R000000005
M000000009/1.000000/0000/Sigma_BB-337961873
R000000010/1.000000/0000/Guesstimate
R000000008/2.222222/0119/M000000009/R000000010
R000000012/1.111111/0091/M000000009
R000000013/1.000000/0000/Guesstimate
R000000011/2.345679/0112/R000000012/R000000013
M000000015/1.000000/0000/Sigma_BB-28436299
R000000016/1.000000/0000/Guesstimate
R000000014/2.222222/0112/M000000015/R000000016
R000000011/2.469136/0040/R000000014
R000000008/2.606310/0153/R000000011
R000000001/3.840878/0119/R000000002/R000000008
R000000017/2.482853/0119/R000000002/M000000009
M000000020/1.000000/0000/Sigma_BB-28246683
R000000019/1.111111/0295/M000000020
R000000018/1.234568/0287/R000000019
R000000021/7.900000/0000/Guesstimate
R000000018/8.777778/0295/R000000021
R000000017/2.482853/0221/R000000018/M000000009
R000000001/3.869837/0119/R000000017/R000000010
Q000000002/3.840878/0000/R000000001
Q000000003/4.420058/0000/R000000022
M000000026/1.000000/0000/Sigma_BB-28707210
R000000025/1.111111/0168/M000000026
M000000027/1.000000/0000/Sigma_BB-28198806
R000000028/1.000000/0000/Guesstimate
R000000025/2.222222/0119/M000000027/R000000028
R000000024/1.234568/0059/R000000025
M000000029/1.000000/0000/Sigma_BB-28761017
R000000024/2.222222/0119/M000000029/R000000028
M000000032/1.000000/0000/Sigma_BB-28807026
R000000031/1.111111/0112/M000000032
R000000033/1.000000/0000/Guesstimate
R000000031/1.111111/0283/R000000033
R000000034/1.000000/0000/Guesstimate
R000000030/2.345679/0277/R000000031/R000000034
R000000035/2.222222/0277/R000000033/R000000034
R000000030/2.469136/0283/R000000035
R000000023/3.978052/0277/R000000024/R000000030
R000000037/2.469136/0277/R000000025/R000000031
R000000036/2.743484/0059/R000000037
R000000036/3.854596/0224/R000000037/R000000010
R000000023/4.159427/0277/R000000036/R000000034
R000000022/4.420058/0099/R000000023
M000000041/1.000000/0000/Sigma_BB-28484450
R000000040/1.111111/0087/M000000041
M000000042/1.000000/0000/Sigma_BB-28845121
R000000040/1.111111/0156/M000000042
R000000044/1.000000/0000/Guesstimate
R000000045/1.000000/0000/Guesstimate
R000000043/2.222222/0301/R000000044/R000000045
R000000043/2.222222/0301/R000000044/R000000045
R000000039/3.703704/0274/R000000040/R000000043
R000000046/1.000000/0000/Guesstimate
M000000048/1.000000/0000/Sigma_BB-28798940
R000000047/3.580247/0274/M000000048/R000000043
R000000039/5.089163/0301/R000000046/R000000047
R000000038/5.226338/0119/M000000029/R000000039
R000000051/1.000000/0000/Guesstimate
R000000050/2.222222/0119/M000000029/R000000051
M000000052/1.000000/0000/Sigma_BB-27948306
R000000050/2.222222/0221/M000000052/R000000051
R000000049/2.469136/0024/R000000050
R000000053/2.222222/0119/M000000029/R000000046
R000000053/2.222222/0221/M000000052/R000000046
R000000054/1.000000/0000/Guesstimate
R000000049/3.580247/0004/R000000053/R000000054
R000000057/1.000000/0000/Guesstimate
R000000056/3.580247/0274/R000000043/R000000057
R000000058/1.000000/0000/Guesstimate
R000000055/5.089163/0004/R000000056/R000000058
R000000059/4.691358/0261/R000000043/R000000016/R000000010
R000000055/5.212620/0024/R000000059
R000000038/8.398110/0212/R000000049/R000000055
R000000022/5.807042/0112/R000000038
<NEXT>