#
#  Reaction log file
#  Author: LigBuilder V3 User_Diana
#  Creation time: Tue Feb 24 21:31:44 2026
#  Format:
#  QueryMoleculeId/Cost/SynthesizeId/ReactantId1/ReactantId2/ReactantId3.....
#  Id prefix:
#  Q --- Query Molecule
#  M --- Material
#  R --- Reactant
#
Directory      result/synthesize_HsDHODH/49/DATABASE/
#
Q000000001/4.130468/0000/R000000001
M000000005/1.000000/0000/Sigma_BB-28766595
R000000004/1.111111/0288/M000000005
R000000006/1.000000/0000/Guesstimate
R000000003/2.345679/0122/R000000004/R000000006
R000000008/1.000000/0000/Guesstimate
R000000007/2.345679/0301/R000000004/R000000008
R000000007/2.345679/0301/R000000004/R000000008
R000000003/2.606310/0139/R000000007
R000000009/1.000000/0000/Guesstimate
R000000002/3.717421/0119/R000000003/R000000009
R000000012/1.000000/0000/Guesstimate
R000000013/1.000000/0000/Guesstimate
R000000011/2.222222/0224/R000000012/R000000013
R000000010/3.580247/0012/R000000006/R000000011
R000000015/1.000000/0000/Guesstimate
R000000014/3.580247/0285/R000000015/R000000011
R000000010/3.978053/0079/R000000014
R000000017/1.000000/0000/Guesstimate
R000000018/1.000000/0000/Guesstimate
R000000016/2.222222/0011/R000000017/R000000018
R000000020/1.000000/0000/Guesstimate
R000000021/1.000000/0000/Guesstimate
R000000019/2.222222/0049/R000000020/R000000021
R000000022/1.000000/0000/Guesstimate
R000000019/2.222222/0112/R000000015/R000000022
R000000016/2.469136/0041/R000000019
R000000002/6.447188/0159/R000000010/R000000016
R000000001/4.130468/0024/R000000002
R000000024/1.000000/0000/Guesstimate
R000000023/3.717421/0119/R000000003/R000000024
M000000027/1.000000/0000/Sigma_BB-28769443
R000000026/2.222222/0221/M000000027/R000000024
R000000028/1.000000/0000/Guesstimate
R000000025/3.580247/0049/R000000026/R000000028
M000000030/1.000000/0000/Sigma_BB-28906616
R000000029/2.222222/0221/M000000030/R000000024
R000000025/3.580247/0122/R000000029/R000000006
R000000023/3.978053/0041/R000000025
R000000031/1.000000/0000/Guesstimate
R000000001/5.241580/0004/R000000023/R000000031
Q000000002/3.048316/0000/R000000032
M000000036/1.000000/0000/Sigma_BB-27117979
R000000035/1.111111/0125/M000000036
R000000037/1.000000/0000/Guesstimate
R000000035/2.222222/0112/M000000036/R000000037
R000000034/1.234568/0040/R000000035
M000000039/1.000000/0000/Sigma_BB-333196252
R000000040/1.000000/0000/Guesstimate
R000000038/2.222222/0175/M000000039/R000000040
R000000038/2.222222/0290/M000000039/R000000040
R000000034/2.469136/0024/R000000038
R000000043/1.000000/0000/Guesstimate
R000000042/1.111111/0228/R000000043
R000000042/1.111111/0286/R000000043
R000000041/1.234568/0039/R000000042
R000000045/1.000000/0000/Guesstimate
R000000044/1.111111/0040/R000000045
R000000046/1.000000/0000/Guesstimate
R000000044/2.222222/0004/R000000046/R000000031
R000000047/1.000000/0000/Guesstimate
R000000041/2.345679/0119/R000000044/R000000047
R000000033/2.743484/0119/R000000034/R000000041
M000000049/1.000000/0000/Sigma_BB-34437028
R000000048/2.482853/0119/M000000049/R000000041
R000000050/2.345679/0119/M000000049/R000000042
R000000051/1.000000/0000/Guesstimate
R000000050/2.345679/0221/R000000051/R000000042
R000000048/2.606310/0039/R000000050
R000000033/3.869837/0175/R000000048/R000000040
R000000032/3.048316/0024/R000000033
R000000052/2.482853/0119/R000000034/R000000046
M000000055/1.000000/0000/Sigma_BB-28418531
R000000054/2.222222/0119/M000000055/R000000046
R000000054/2.222222/0221/M000000049/R000000046
R000000056/1.000000/0000/Guesstimate
R000000053/3.580247/0003/R000000054/R000000056
M000000058/1.000000/0000/Sigma_BB-128642270
R000000057/2.222222/0119/M000000058/R000000046
R000000057/2.469136/0091/R000000054
R000000059/1.000000/0000/Guesstimate
R000000053/3.580247/0112/R000000057/R000000059
R000000052/3.978053/0147/R000000053
R000000032/3.869837/0004/R000000052/R000000031
Q000000003/4.130468/0000/R000000001
<NEXT>