#
#  Reaction log file
#  Author: LigBuilder V3 User_Diana
#  Creation time: Tue Feb 24 21:37:50 2026
#  Format:
#  QueryMoleculeId/Cost/SynthesizeId/ReactantId1/ReactantId2/ReactantId3.....
#  Id prefix:
#  Q --- Query Molecule
#  M --- Material
#  R --- Reactant
#
Directory      result/synthesize_HsDHODH/235/DATABASE/
#
Q000000001/Analysis Failed
Q000000002/6.096632/0000/R000000001
R000000005/1.000000/0000/Guesstimate
R000000006/1.000000/0000/Guesstimate
R000000004/2.222222/0285/R000000005/R000000006
R000000008/1.000000/0000/Guesstimate
M000000009/1.000000/0000/Sigma_BB-48711071
R000000007/2.222222/0119/R000000008/M000000009
R000000010/1.000000/0000/Guesstimate
R000000007/2.222222/0276/R000000010/M000000009
R000000003/4.938272/0159/R000000004/R000000007
R000000002/5.486969/0165/R000000003
R000000011/1.000000/0000/Guesstimate
R000000002/6.598080/0174/R000000003/R000000011
R000000001/6.096632/0059/R000000002
R000000013/1.000000/0000/Guesstimate
R000000012/6.598080/0175/R000000003/R000000013
R000000012/6.598080/0290/R000000003/R000000013
R000000001/7.331201/0153/R000000012
Q000000003/6.096632/0000/R000000001
<NEXT>