#
#  Reaction log file
#  Author: LigBuilder V3 User_Diana
#  Creation time: Tue Feb 24 21:32:57 2026
#  Format:
#  QueryMoleculeId/Cost/SynthesizeId/ReactantId1/ReactantId2/ReactantId3.....
#  Id prefix:
#  Q --- Query Molecule
#  M --- Material
#  R --- Reactant
#
Directory      result/synthesize_HsDHODH/106/DATABASE/
#
Q000000001/4.282884/0000/R000000001
M000000005/1.000000/0000/Sigma_BB-28524129
R000000006/1.000000/0000/Guesstimate
R000000004/2.222222/0119/M000000005/R000000006
R000000004/2.222222/0280/M000000005/R000000006
R000000003/2.469136/0024/R000000004
R000000008/1.000000/0000/Guesstimate
R000000007/2.222222/0276/R000000008/R000000006
R000000007/2.222222/0278/R000000008/R000000006
R000000009/1.000000/0000/Guesstimate
R000000003/3.580247/0004/R000000007/R000000009
R000000010/1.000000/0000/Guesstimate
R000000002/3.854596/0012/R000000003/R000000010
R000000011/3.580247/0012/R000000007/R000000010
M000000013/1.000000/0000/Sigma_BB-127854925
R000000012/3.580247/0285/R000000007/M000000013
R000000011/3.978053/0204/R000000012
R000000002/5.089163/0004/R000000011/R000000009
R000000001/4.282884/0159/R000000002
R000000018/1.000000/0000/Guesstimate
R000000019/1.000000/0000/Guesstimate
R000000017/2.222222/0285/R000000018/R000000019
R000000020/1.000000/0000/Guesstimate
R000000016/3.580247/0279/R000000017/R000000020
R000000016/3.580247/0279/R000000017/R000000020
R000000015/3.978053/0091/R000000016
R000000022/1.000000/0000/Guesstimate
R000000021/3.580247/0279/R000000017/R000000022
R000000021/3.580247/0279/R000000017/R000000022
R000000015/3.978053/0260/R000000021
R000000014/4.420059/0079/R000000015
R000000025/1.000000/0000/Guesstimate
R000000026/1.000000/0000/Guesstimate
R000000024/2.222222/0004/R000000025/R000000026
R000000023/4.938272/0279/R000000017/R000000024
R000000023/4.938272/0279/R000000017/R000000024
R000000014/5.486969/0009/R000000023
R000000027/1.000000/0000/Guesstimate
R000000001/6.022288/0159/R000000014/R000000027
Q000000002/4.282884/0000/R000000028
M000000032/1.000000/0000/Sigma_BB-28849573
R000000033/1.000000/0000/Guesstimate
R000000031/2.222222/0056/M000000032/R000000033
R000000030/2.469136/0155/R000000031
M000000035/1.000000/0000/Sigma_BB-187184637
R000000036/1.000000/0000/Guesstimate
R000000034/2.222222/0002/M000000035/R000000036
R000000034/2.222222/0004/M000000035/R000000036
R000000030/2.469136/0197/R000000034
R000000037/1.000000/0000/Guesstimate
R000000029/3.854596/0122/R000000030/R000000037
R000000039/2.743484/0041/R000000030
R000000039/2.743484/0233/R000000030
R000000038/3.048316/0295/R000000039
R000000040/10.000000/0000/Guesstimate
R000000038/10.000000/0295/R000000040
M000000041/1.000000/0000/Sigma_BB-28957437
R000000029/4.498129/0279/R000000038/M000000041
R000000028/4.282884/0294/R000000029
R000000045/1.000000/0000/Guesstimate
R000000044/2.222222/0056/M000000032/R000000045
R000000044/2.469136/0041/R000000031
R000000043/2.469136/0219/R000000044
R000000046/3.048316/0300/R000000039
R000000043/3.387018/0139/R000000046
R000000048/1.000000/0000/Guesstimate
R000000049/1.000000/0000/Guesstimate
R000000047/2.222222/0004/R000000048/R000000049
R000000051/1.000000/0000/Guesstimate
R000000050/1.111111/0040/R000000051
R000000050/2.222222/0004/R000000048/R000000009
R000000052/1.000000/0000/Guesstimate
R000000047/2.345679/0004/R000000050/R000000052
R000000042/5.212621/0279/R000000043/R000000047
R000000042/5.212621/0279/R000000043/R000000047
R000000028/5.791801/0294/R000000042
Q000000003/4.282884/0000/R000000028
<NEXT>