#
#  Reaction log file
#  Author: LigBuilder V3 User_Diana
#  Creation time: Tue Feb 24 21:34:39 2026
#  Format:
#  QueryMoleculeId/Cost/SynthesizeId/ReactantId1/ReactantId2/ReactantId3.....
#  Id prefix:
#  Q --- Query Molecule
#  M --- Material
#  R --- Reactant
#
Directory      result/synthesize_HsDHODH/144/DATABASE/
#
Q000000001/4.115227/0000/R000000001
M000000004/1.000000/0000/Sigma_BB-28778212
M000000005/1.000000/0000/Sigma_BB-183885528
R000000003/2.222222/0275/M000000004/M000000005
M000000007/1.000000/0000/Sigma_BB-28760170
R000000006/2.222222/0275/M000000007/M000000005
R000000003/2.469136/0197/R000000006
M000000009/1.000000/0000/Sigma_BB-27556005
R000000008/1.111111/0086/M000000009
R000000008/1.111111/0091/M000000009
R000000002/3.703704/0112/R000000003/R000000008
M000000011/1.000000/0000/Sigma_BB-28706553
R000000010/2.222222/0275/M000000004/M000000011
R000000012/2.222222/0275/M000000007/M000000011
R000000010/2.469136/0197/R000000012
R000000002/3.703704/0174/R000000010/R000000008
R000000001/4.115227/0147/R000000002
R000000016/1.000000/0000/Guesstimate
R000000017/1.000000/0000/Guesstimate
R000000015/2.222222/0224/R000000016/R000000017
R000000014/2.469136/0024/R000000015
R000000019/1.000000/0000/Guesstimate
R000000018/2.222222/0224/R000000016/R000000019
R000000014/2.469136/0040/R000000018
R000000013/5.212621/0175/R000000010/R000000014
R000000021/3.580247/0175/M000000011/R000000015
R000000021/3.580247/0290/M000000011/R000000015
R000000020/3.978053/0024/R000000021
R000000022/3.580247/0175/M000000011/R000000018
R000000022/3.580247/0290/M000000011/R000000018
R000000020/3.978053/0040/R000000022
R000000013/5.531170/0275/M000000004/R000000020
R000000001/5.791801/0153/R000000013
Q000000002/3.978053/0000/R000000023
R000000025/1.000000/0000/Guesstimate
R000000024/3.580247/0175/R000000010/R000000025
R000000027/1.111111/0114/M000000011
M000000028/1.000000/0000/Sigma_BB-47025218
R000000027/1.111111/0287/M000000028
R000000029/1.000000/0000/Guesstimate
R000000026/2.345679/0003/R000000027/R000000029
M000000031/1.000000/0000/Sigma_BB-30407107
R000000030/2.345679/0301/R000000027/M000000031
R000000030/2.345679/0301/R000000027/M000000031
R000000026/2.606310/0009/R000000030
R000000024/3.717421/0275/M000000004/R000000026
R000000023/3.978053/0041/R000000024
R000000033/1.000000/0000/Guesstimate
R000000032/3.580247/0112/R000000003/R000000033
R000000032/3.580247/0174/R000000010/R000000033
R000000023/3.978053/0147/R000000032
Q000000003/3.978053/0000/R000000023
<NEXT>