#
#  Reaction log file
#  Author: LigBuilder V3 User_Diana
#  Creation time: Tue Feb 24 21:37:49 2026
#  Format:
#  QueryMoleculeId/Cost/SynthesizeId/ReactantId1/ReactantId2/ReactantId3.....
#  Id prefix:
#  Q --- Query Molecule
#  M --- Material
#  R --- Reactant
#
Directory      result/synthesize_HsDHODH/234/DATABASE/
#
Q000000001/7.331201/0000/R000000001
R000000005/1.000000/0000/Guesstimate
R000000006/1.000000/0000/Guesstimate
R000000004/2.222222/0112/R000000005/R000000006
R000000007/1.000000/0000/Guesstimate
M000000009/1.000000/0000/Sigma_BB-28843709
R000000010/1.000000/0000/Guesstimate
R000000008/2.222222/0285/M000000009/R000000010
R000000004/3.580247/0112/R000000007/R000000008
R000000012/1.000000/0000/Guesstimate
R000000011/2.222222/0256/R000000012/R000000010
R000000003/4.938272/0279/R000000004/R000000011
R000000003/4.938272/0279/R000000004/R000000011
M000000013/1.000000/0000/Sigma_BB-28806397
R000000002/6.598080/0231/R000000003/M000000013
M000000016/1.000000/0000/Sigma_BB-73073887
R000000015/3.580247/0231/R000000011/M000000016
R000000014/3.978053/0024/R000000015
M000000018/1.000000/0000/Sigma_BB-187814628
R000000017/3.580247/0231/R000000011/M000000018
R000000019/1.000000/0000/Guesstimate
R000000014/5.089163/0004/R000000017/R000000019
R000000002/6.889194/0279/R000000004/R000000014
R000000001/7.331201/0279/R000000002
R000000001/7.331201/0279/R000000002
Q000000002/7.256855/0000/R000000020
R000000024/1.000000/0000/Guesstimate
R000000023/3.580247/0279/R000000004/R000000024
R000000023/3.580247/0279/R000000004/R000000024
R000000022/3.978053/0279/R000000023
R000000022/3.978053/0279/R000000023
M000000025/1.000000/0000/Sigma_BB-27949466
R000000021/5.531170/0231/R000000022/M000000025
R000000026/1.000000/0000/Guesstimate
R000000020/7.256855/0095/R000000021/R000000026
R000000030/3.580247/0279/R000000007/R000000011
R000000030/3.580247/0279/R000000007/R000000011
M000000031/1.000000/0000/Sigma_BB-27324017
R000000029/5.089163/0231/R000000030/M000000031
R000000028/5.654626/0147/R000000029
M000000033/1.000000/0000/Sigma_BB-34437027
R000000032/5.089163/0231/R000000030/M000000033
R000000034/1.000000/0000/Guesstimate
R000000028/6.765737/0175/R000000032/R000000034
R000000027/7.654660/0279/R000000028/R000000008
R000000035/6.447188/0279/R000000030/R000000008
R000000035/6.447188/0279/R000000030/R000000008
R000000027/8.274654/0231/R000000035/M000000025
R000000020/8.505178/0112/R000000027
Q000000003/7.256855/0000/R000000020
<NEXT>