#
#  Reaction log file
#  Author: LigBuilder V3 User_Diana
#  Creation time: Tue Feb 24 21:35:06 2026
#  Format:
#  QueryMoleculeId/Cost/SynthesizeId/ReactantId1/ReactantId2/ReactantId3.....
#  Id prefix:
#  Q --- Query Molecule
#  M --- Material
#  R --- Reactant
#
Directory      result/synthesize_HsDHODH/145/DATABASE/
#
Q000000001/2.758726/0000/R000000001
M000000005/1.000000/0000/Sigma_BB-28762240
R000000004/1.111111/0287/M000000005
M000000006/1.000000/0000/Sigma_BB-28757048
M000000007/1.000000/0000/Sigma_BB-28706553
R000000004/2.222222/0275/M000000006/M000000007
R000000003/1.234568/0287/R000000004
M000000008/1.000000/0000/Sigma_BB-28778212
R000000003/2.222222/0275/M000000008/M000000007
R000000009/1.000000/0000/Guesstimate
R000000002/2.482853/0175/R000000003/R000000009
R000000011/1.111111/0114/M000000007
M000000012/1.000000/0000/Sigma_BB-47025218
R000000011/1.111111/0287/M000000012
R000000013/1.000000/0000/Guesstimate
R000000010/2.345679/0003/R000000011/R000000013
M000000015/1.000000/0000/Sigma_BB-30407107
R000000014/2.345679/0301/R000000011/M000000015
R000000014/2.345679/0301/R000000011/M000000015
R000000010/2.606310/0009/R000000014
R000000002/3.717421/0275/M000000008/R000000010
R000000001/2.758726/0041/R000000002
R000000017/1.000000/0000/Guesstimate
R000000016/2.482853/0174/R000000003/R000000017
R000000019/1.234568/0287/R000000004
M000000020/1.000000/0000/Sigma_BB-183885528
R000000019/2.222222/0275/M000000006/M000000020
R000000018/1.371742/0287/R000000019
R000000018/2.222222/0275/M000000008/M000000020
R000000016/2.635269/0112/R000000018/R000000017
R000000001/2.758726/0147/R000000016
Q000000002/7.163543/0000/R000000021
R000000024/1.000000/0000/Guesstimate
R000000026/1.000000/0000/Guesstimate
R000000027/1.000000/0000/Guesstimate
R000000025/2.222222/0001/R000000026/R000000027
R000000028/1.000000/0000/Guesstimate
R000000025/2.222222/0003/R000000027/R000000028
R000000023/3.580247/0081/R000000024/R000000025
R000000030/1.000000/0000/Guesstimate
R000000029/3.580247/0081/R000000030/R000000025
R000000031/1.000000/0000/Guesstimate
R000000029/3.580247/0210/R000000031/R000000025
R000000023/3.978053/0082/R000000029
R000000022/3.978053/0040/R000000023
R000000034/1.000000/0000/Guesstimate
R000000033/1.111111/0118/R000000034
R000000035/1.000000/0000/Guesstimate
R000000033/2.222222/0112/R000000034/R000000035
R000000032/3.703704/0081/R000000033/R000000025
R000000037/1.000000/0000/Guesstimate
R000000036/1.111111/0118/R000000037
R000000036/2.222222/0112/R000000037/R000000035
R000000032/3.703704/0210/R000000036/R000000025
R000000022/4.115227/0024/R000000032
R000000040/1.000000/0000/Guesstimate
R000000041/1.000000/0000/Guesstimate
R000000039/2.222222/0112/R000000040/R000000041
R000000042/1.000000/0000/Guesstimate
R000000044/1.000000/0000/Guesstimate
R000000043/2.222222/0004/R000000044/R000000041
R000000039/3.580247/0049/R000000042/R000000043
R000000038/2.469136/0147/R000000039
R000000045/2.222222/0003/R000000044/R000000041
M000000046/1.000000/0000/Sigma_BB-28775620
R000000047/1.111111/0125/R000000041
R000000047/2.222222/0112/R000000035/R000000041
R000000045/2.345679/0049/M000000046/R000000047
R000000038/2.469136/0147/R000000045
R000000021/7.163543/0003/R000000022/R000000038
R000000048/6.858711/0003/R000000032/R000000038
R000000050/4.115227/0093/R000000032
R000000051/4.115227/0197/R000000032
R000000050/5.683586/0004/R000000051/R000000026
R000000049/4.572474/0085/R000000050
R000000049/5.683586/0004/R000000051/R000000044
R000000053/3.854596/0004/R000000027/R000000038
R000000053/3.854596/0277/R000000027/R000000038
R000000052/4.282884/0009/R000000053
R000000055/1.000000/0000/Guesstimate
R000000054/3.854596/0122/R000000055/R000000038
R000000056/1.000000/0000/Guesstimate
R000000054/9.800000/0301/R000000056/R000000057
R000000052/4.282884/0082/R000000054
R000000048/9.839287/0049/R000000049/R000000052
R000000021/7.620790/0024/R000000048
Q000000003/7.163543/0000/R000000021
<NEXT>