#
#  Reaction log file
#  Author: LigBuilder V3 User_Diana
#  Creation time: Tue Feb 24 21:32:27 2026
#  Format:
#  QueryMoleculeId/Cost/SynthesizeId/ReactantId1/ReactantId2/ReactantId3.....
#  Id prefix:
#  Q --- Query Molecule
#  M --- Material
#  R --- Reactant
#
Directory      result/synthesize_HsDHODH/69/DATABASE/
#
Q000000001/4.282884/0000/R000000001
R000000005/1.000000/0000/Guesstimate
R000000006/1.000000/0000/Guesstimate
R000000004/2.222222/0285/R000000005/R000000006
R000000003/2.469136/0279/R000000004
R000000003/2.469136/0279/R000000004
M000000007/1.000000/0000/Sigma_BB-27334985
R000000002/3.854596/0231/R000000003/M000000007
R000000001/4.282884/0059/R000000002
R000000010/1.000000/0000/Guesstimate
R000000012/1.000000/0000/Guesstimate
R000000013/1.000000/0000/Guesstimate
R000000011/2.222222/0119/R000000012/R000000013
R000000014/1.000000/0000/Guesstimate
R000000011/2.222222/0276/R000000012/R000000014
R000000009/3.580247/0285/R000000010/R000000011
R000000008/5.089163/0231/R000000009/M000000007
R000000001/5.654626/0112/R000000008
Q000000002/4.282884/0000/R000000001
Q000000003/4.282884/0000/R000000015
M000000017/1.000000/0000/Sigma_BB-30428255
R000000016/3.854596/0231/R000000003/M000000017
M000000019/1.000000/0000/Sigma_BB-28711616
R000000018/3.854596/0231/R000000003/M000000019
R000000020/1.000000/0000/Guesstimate
R000000016/5.393995/0276/R000000018/R000000020
R000000015/4.282884/0059/R000000016
R000000024/1.000000/0000/Guesstimate
R000000025/1.000000/0000/Guesstimate
R000000023/2.222222/0279/R000000024/R000000025
R000000023/2.222222/0279/R000000024/R000000025
R000000022/2.469136/0279/R000000023
R000000026/2.222222/0279/R000000024/R000000025
R000000026/2.222222/0279/R000000024/R000000025
R000000022/2.469136/0279/R000000026
R000000021/3.854596/0231/R000000022/M000000017
M000000029/1.000000/0000/Sigma_BB-28756834
R000000028/3.854596/0231/R000000022/M000000029
R000000027/4.282884/0153/R000000028
M000000031/1.000000/0000/Sigma_BB-28753226
R000000030/3.854596/0231/R000000022/M000000031
R000000027/4.282884/0154/R000000030
R000000021/5.869872/0276/R000000027/R000000020
R000000032/1.000000/0000/Guesstimate
R000000015/5.393995/0095/R000000021/R000000032
<NEXT>