#
#  Reaction log file
#  Author: LigBuilder V3 User_Diana
#  Creation time: Tue Feb 24 21:35:24 2026
#  Format:
#  QueryMoleculeId/Cost/SynthesizeId/ReactantId1/ReactantId2/ReactantId3.....
#  Id prefix:
#  Q --- Query Molecule
#  M --- Material
#  R --- Reactant
#
Directory      result/synthesize_HsDHODH/166/DATABASE/
#
Q000000001/3.580247/0000/R000000001
M000000002/1.000000/0000/Sigma_BB-156331499
M000000004/1.000000/0000/Sigma_BB-337961873
R000000005/1.000000/0000/Guesstimate
R000000003/2.222222/0119/M000000004/R000000005
R000000008/1.000000/0000/Guesstimate
R000000007/2.222222/0119/M000000004/R000000008
R000000007/2.222222/0280/M000000004/R000000008
R000000006/2.469136/0118/R000000007
R000000009/1.000000/0000/Guesstimate
R000000006/3.580247/0112/R000000007/R000000009
R000000003/2.743484/0147/R000000006
R000000001/3.580247/0119/M000000002/R000000003
M000000013/1.000000/0000/Sigma_BB-28436299
R000000012/1.111111/0125/M000000013
R000000012/2.222222/0112/M000000013/R000000009
R000000011/2.345679/0119/M000000002/R000000012
R000000014/2.222222/0119/M000000002/M000000013
M000000015/1.000000/0000/Sigma_BB-128362448
R000000014/2.222222/0221/M000000015/M000000013
R000000011/3.580247/0112/R000000014/R000000009
R000000010/2.606310/0040/R000000011
R000000018/1.000000/0000/Guesstimate
R000000017/2.222222/0119/M000000004/R000000018
R000000017/2.222222/0280/M000000004/R000000018
R000000016/3.580247/0119/M000000002/R000000017
R000000016/3.580247/0221/M000000015/R000000017
R000000010/3.978053/0024/R000000016
R000000001/4.007011/0119/R000000010/R000000005
Q000000002/3.580247/0000/R000000019
M000000020/1.000000/0000/Sigma_BB-26893599
R000000019/3.580247/0119/M000000020/R000000017
R000000021/2.222222/0119/M000000020/M000000004
M000000022/1.000000/0000/Sigma_BB-187814549
R000000021/2.222222/0221/M000000022/M000000004
R000000019/3.580247/0119/R000000021/R000000018
Q000000003/3.580247/0000/R000000023
M000000024/1.000000/0000/Sigma_BB-28766675
R000000023/3.580247/0119/M000000024/R000000017
R000000025/2.222222/0119/M000000024/M000000004
M000000026/1.000000/0000/Sigma_BB-28711563
R000000025/2.222222/0221/M000000026/M000000004
R000000023/3.580247/0119/R000000025/R000000018
<NEXT>