#
#  Reaction log file
#  Author: LigBuilder V3 User_Diana
#  Creation time: Tue Feb 24 21:30:47 2026
#  Format:
#  QueryMoleculeId/Cost/SynthesizeId/ReactantId1/ReactantId2/ReactantId3.....
#  Id prefix:
#  Q --- Query Molecule
#  M --- Material
#  R --- Reactant
#
Directory      result/synthesize_HsDHODH/19/DATABASE/
#
Q000000001/4.640403/0000/R000000001
M000000005/1.000000/0000/Sigma_BB-161564803
R000000004/1.111111/0299/M000000005
R000000009/1.000000/0000/Guesstimate
R000000008/1.111111/0228/R000000009
R000000010/1.000000/0000/Guesstimate
R000000008/1.111111/0228/R000000010
R000000007/1.234568/0125/R000000008
R000000011/1.000000/0000/Guesstimate
R000000007/2.345679/0112/R000000008/R000000011
R000000006/1.371742/0041/R000000007
R000000006/1.371742/0233/R000000007
R000000003/2.758726/0274/R000000004/R000000006
R000000012/1.234568/0091/R000000004
R000000015/1.111111/0198/R000000009
R000000015/1.111111/0198/R000000010
R000000014/2.345679/0112/R000000015/R000000011
R000000014/9.777779/0082/R000000016
R000000013/2.606310/0041/R000000014
R000000013/2.606310/0233/R000000014
R000000003/4.267642/0275/R000000012/R000000013
R000000017/1.000000/0000/Guesstimate
R000000002/4.176363/0174/R000000003/R000000017
R000000020/1.000000/0000/Guesstimate
R000000021/1.000000/0000/Guesstimate
R000000019/2.222222/0003/R000000020/R000000021
R000000018/3.993294/0274/R000000019/R000000006
R000000023/1.000000/0000/Guesstimate
R000000022/2.222222/0003/R000000020/R000000023
R000000022/2.469136/0091/R000000019
R000000018/5.365036/0275/R000000022/R000000013
M000000026/1.000000/0000/Sigma_BB-30423282
R000000027/1.000000/0000/Guesstimate
R000000025/2.222222/0279/M000000026/R000000027
R000000025/2.222222/0279/M000000026/R000000027
R000000024/2.469136/0009/R000000025
R000000029/1.000000/0000/Guesstimate
R000000028/2.222222/0279/R000000029/R000000027
R000000028/2.222222/0279/R000000029/R000000027
R000000024/2.469136/0079/R000000028
R000000002/7.180478/0159/R000000018/R000000024
R000000001/4.640403/0147/R000000002
R000000032/2.345679/0174/R000000004/R000000017
R000000032/2.345679/0289/R000000004/R000000017
R000000031/2.606310/0147/R000000032
R000000034/1.000000/0000/Guesstimate
R000000033/2.345679/0175/R000000004/R000000034
R000000033/2.345679/0290/R000000004/R000000034
R000000031/2.606310/0147/R000000033
R000000030/4.267642/0274/R000000031/R000000007
R000000036/2.482853/0174/R000000012/R000000017
R000000036/2.482853/0289/R000000012/R000000017
R000000035/2.758726/0147/R000000036
R000000035/2.895900/0091/R000000031
R000000030/5.671562/0275/R000000035/R000000014
R000000001/4.741825/0041/R000000030
Q000000002/7.521061/0000/R000000037
R000000040/1.000000/0000/Guesstimate
R000000041/1.000000/0000/Guesstimate
R000000039/2.222222/0279/R000000040/R000000041
R000000039/2.222222/0279/R000000040/R000000041
R000000038/2.469136/0079/R000000039
R000000043/1.000000/0000/Guesstimate
R000000042/2.222222/0279/R000000043/R000000040
R000000042/2.222222/0279/R000000043/R000000040
R000000038/2.469136/0082/R000000042
R000000046/2.482853/0274/R000000021/R000000007
R000000046/3.717421/0275/R000000023/R000000014
R000000045/3.869837/0112/R000000017/R000000046
R000000047/3.869837/0112/R000000034/R000000046
R000000045/4.299819/0147/R000000047
R000000044/4.299819/0041/R000000045
R000000048/1.000000/0000/Guesstimate
R000000051/1.000000/0000/Guesstimate
R000000050/2.222222/0004/R000000051/R000000021
R000000049/3.993294/0274/R000000050/R000000006
R000000052/2.758726/0041/R000000046
R000000052/2.758726/0233/R000000046
R000000049/4.176363/0004/R000000051/R000000052
R000000044/5.548104/0049/R000000048/R000000049
R000000037/7.521061/0159/R000000038/R000000044
R000000053/7.043303/0159/R000000038/R000000045
R000000055/3.869837/0003/R000000020/R000000046
R000000055/4.299819/0147/R000000047
R000000056/1.000000/0000/Guesstimate
R000000054/5.410931/0012/R000000055/R000000056
R000000057/5.548104/0012/R000000018/R000000056
R000000057/5.548104/0285/R000000018/R000000056
R000000054/6.164560/0257/R000000057
R000000058/1.000000/0000/Guesstimate
R000000053/7.123257/0159/R000000054/R000000058
R000000037/7.825893/0041/R000000053
Q000000003/3.048316/0000/R000000059
R000000061/1.234568/0287/R000000004
R000000062/1.371742/0287/R000000012
M000000064/1.000000/0000/Sigma_BB-151011721
R000000065/1.000000/0000/Guesstimate
R000000063/2.222222/0231/M000000064/R000000065
M000000066/1.000000/0000/Sigma_BB-28867296
R000000067/1.000000/0000/Guesstimate
R000000063/2.222222/0285/M000000066/R000000067
R000000062/2.469136/0294/R000000063
R000000068/1.000000/0000/Guesstimate
R000000061/2.635269/0275/R000000062/R000000068
R000000060/2.743484/0274/R000000061/R000000007
R000000060/4.130468/0275/R000000062/R000000014
R000000059/3.048316/0041/R000000060
M000000073/1.000000/0000/Sigma_BB-161396501
R000000072/1.111111/0104/M000000073
R000000072/1.111111/0104/M000000073
R000000071/1.234568/0248/R000000072
M000000075/1.000000/0000/Sigma_BB-28778212
R000000074/1.111111/0104/M000000075
R000000074/1.111111/0104/M000000075
R000000071/1.234568/0257/R000000074
R000000076/1.000000/0000/Guesstimate
R000000070/2.482853/0018/R000000071/R000000076
R000000078/1.000000/0000/Guesstimate
R000000077/2.482853/0018/R000000071/R000000078
R000000070/2.758726/0024/R000000077
R000000069/4.282884/0274/R000000070/R000000006
R000000080/2.482853/0274/R000000076/R000000007
R000000081/1.000000/0000/Guesstimate
R000000080/3.717421/0275/R000000081/R000000014
R000000079/2.758726/0041/R000000080
R000000079/2.758726/0233/R000000080
R000000069/4.436994/0018/R000000071/R000000079
R000000059/4.758760/0160/R000000069
<NEXT>