#
#  Reaction log file
#  Author: LigBuilder V3 User_Diana
#  Creation time: Tue Feb 24 21:32:23 2026
#  Format:
#  QueryMoleculeId/Cost/SynthesizeId/ReactantId1/ReactantId2/ReactantId3.....
#  Id prefix:
#  Q --- Query Molecule
#  M --- Material
#  R --- Reactant
#
Directory      result/synthesize_HsDHODH/77/DATABASE/
#
Q000000001/4.282884/0000/R000000001
R000000005/1.000000/0000/Guesstimate
R000000006/1.000000/0000/Guesstimate
R000000004/2.222222/0285/R000000005/R000000006
R000000003/2.469136/0279/R000000004
R000000003/2.469136/0279/R000000004
M000000007/1.000000/0000/Sigma_BB-28758610
R000000002/3.854596/0231/R000000003/M000000007
R000000001/4.282884/0059/R000000002
R000000011/1.000000/0000/Guesstimate
R000000012/1.000000/0000/Guesstimate
R000000010/2.222222/0279/R000000011/R000000012
R000000010/2.222222/0279/R000000011/R000000012
R000000009/2.469136/0279/R000000010
R000000013/2.222222/0279/R000000011/R000000012
R000000013/2.222222/0279/R000000011/R000000012
R000000009/2.469136/0279/R000000013
R000000008/3.854596/0231/R000000009/M000000007
M000000015/1.000000/0000/Sigma_BB-187814628
R000000014/3.854596/0231/R000000009/M000000015
M000000017/1.000000/0000/Sigma_BB-34437027
R000000016/3.854596/0231/R000000009/M000000017
R000000014/4.282884/0287/R000000016
R000000008/4.282884/0299/R000000014
R000000018/1.000000/0000/Guesstimate
R000000001/5.393995/0095/R000000008/R000000018
Q000000002/4.282884/0000/R000000001
Q000000003/4.282884/0000/R000000001
<NEXT>