#
#  Reaction log file
#  Author: LigBuilder V3 User_Diana
#  Creation time: Tue Feb 24 21:38:01 2026
#  Format:
#  QueryMoleculeId/Cost/SynthesizeId/ReactantId1/ReactantId2/ReactantId3.....
#  Id prefix:
#  Q --- Query Molecule
#  M --- Material
#  R --- Reactant
#
Directory      result/synthesize_HsDHODH/232/DATABASE/
#
Q000000001/7.256855/0000/R000000001
R000000006/1.000000/0000/Guesstimate
R000000007/1.000000/0000/Guesstimate
R000000005/2.222222/0279/R000000006/R000000007
R000000005/2.222222/0279/R000000006/R000000007
R000000008/1.000000/0000/Guesstimate
R000000004/3.580247/0095/R000000005/R000000008
R000000003/3.978053/0279/R000000004
R000000003/3.978053/0279/R000000004
M000000009/1.000000/0000/Sigma_BB-27949720
R000000002/5.531170/0231/R000000003/M000000009
R000000010/1.000000/0000/Guesstimate
R000000001/7.256855/0279/R000000002/R000000010
R000000012/3.580247/0231/R000000005/M000000009
R000000013/2.222222/0231/R000000007/M000000009
R000000012/3.580247/0279/R000000006/R000000013
R000000016/1.000000/0000/Guesstimate
R000000017/1.000000/0000/Guesstimate
R000000015/2.222222/0012/R000000016/R000000017
R000000018/1.000000/0000/Guesstimate
R000000019/1.000000/0000/Guesstimate
R000000015/2.222222/0095/R000000018/R000000019
R000000014/2.469136/0041/R000000015
R000000021/1.000000/0000/Guesstimate
R000000020/2.222222/0112/R000000018/R000000021
R000000022/1.000000/0000/Guesstimate
R000000020/2.222222/0138/R000000016/R000000022
R000000014/2.469136/0099/R000000020
R000000011/6.721537/0095/R000000012/R000000014
R000000024/3.580247/0095/R000000005/R000000018
R000000025/1.000000/0000/Guesstimate
R000000023/5.089163/0122/R000000024/R000000025
R000000023/5.212621/0095/R000000005/R000000014
R000000011/6.765737/0231/R000000023/M000000009
R000000001/7.468375/0279/R000000011
Q000000002/7.256855/0000/R000000001
Q000000003/6.096632/0000/R000000026
R000000030/1.000000/0000/Guesstimate
R000000031/1.000000/0000/Guesstimate
R000000029/2.222222/0279/R000000030/R000000031
R000000029/2.222222/0279/R000000030/R000000031
R000000028/2.469136/0279/R000000029
R000000028/2.469136/0279/R000000029
M000000034/1.000000/0000/Sigma_BB-28766566
R000000035/1.000000/0000/Guesstimate
R000000033/2.222222/0221/M000000034/R000000035
R000000032/2.469136/0041/R000000033
R000000037/1.000000/0000/Guesstimate
R000000036/2.222222/0221/M000000009/R000000037
R000000032/2.469136/0153/R000000036
R000000027/5.486969/0231/R000000028/R000000032
R000000026/6.096632/0082/R000000027
R000000043/1.000000/0000/Guesstimate
R000000044/1.000000/0000/Guesstimate
R000000042/2.222222/0279/R000000043/R000000044
R000000042/2.222222/0279/R000000043/R000000044
R000000041/2.469136/0112/R000000042
R000000041/8.888889/0082/R000000028
M000000045/1.000000/0000/Sigma_BB-28769739
R000000040/3.854596/0231/R000000041/M000000045
R000000039/4.282884/0125/R000000040
R000000046/1.000000/0000/Guesstimate
R000000039/5.393995/0112/R000000040/R000000046
R000000038/5.869872/0119/R000000039/R000000035
M000000049/1.000000/0000/Sigma_BB-28756834
R000000048/3.854596/0231/R000000041/M000000049
R000000047/5.393995/0119/R000000048/R000000035
M000000051/1.000000/0000/Sigma_BB-34437027
R000000050/3.854596/0231/R000000041/M000000051
R000000047/5.393995/0221/R000000050/R000000035
R000000038/7.104439/0174/R000000047/R000000046
R000000026/6.522080/0041/R000000038
<NEXT>