#
#  Reaction log file
#  Author: LigBuilder V3 User_Diana
#  Creation time: Tue Feb 24 21:38:10 2026
#  Format:
#  QueryMoleculeId/Cost/SynthesizeId/ReactantId1/ReactantId2/ReactantId3.....
#  Id prefix:
#  Q --- Query Molecule
#  M --- Material
#  R --- Reactant
#
Directory      result/synthesize_HsDHODH/230/DATABASE/
#
Q000000001/3.869837/0000/R000000001
M000000005/1.000000/0000/Sigma_BB-48961791
R000000004/1.111111/0099/M000000005
R000000003/1.234568/0293/R000000004
R000000006/9.900000/0000/Guesstimate
R000000003/9.900000/0257/R000000006
R000000007/1.000000/0000/Guesstimate
R000000002/2.482853/0274/R000000003/R000000007
M000000010/1.000000/0000/Sigma_BB-70161764
R000000009/1.111111/0233/M000000010
R000000009/1.111111/0258/M000000010
R000000008/1.234568/0295/R000000009
R000000011/1.000000/0000/Guesstimate
R000000008/2.482853/0274/R000000003/R000000011
R000000012/1.000000/0000/Guesstimate
R000000002/2.482853/0274/R000000008/R000000012
M000000013/1.000000/0000/Sigma_BB-27949720
R000000001/3.869837/0231/R000000002/M000000013
R000000015/2.345679/0231/R000000004/M000000013
R000000014/2.606310/0293/R000000015
R000000001/4.007011/0274/R000000014/R000000007
Q000000002/3.869837/0000/R000000001
Q000000003/4.299819/0000/R000000016
R000000019/1.000000/0000/Guesstimate
R000000018/2.482853/0274/R000000008/R000000019
R000000020/1.000000/0000/Guesstimate
R000000018/2.482853/0274/R000000003/R000000020
M000000021/1.000000/0000/Sigma_BB-28766566
R000000017/3.869837/0231/R000000018/M000000021
M000000023/1.000000/0000/Sigma_BB-34437027
R000000022/3.869837/0231/R000000018/M000000023
R000000024/2.482853/0231/R000000008/M000000023
R000000022/3.869837/0274/R000000024/R000000019
R000000025/1.000000/0000/Guesstimate
R000000017/5.410931/0174/R000000022/R000000025
R000000016/4.299819/0041/R000000017
R000000028/2.758726/0198/R000000018
R000000028/2.758726/0298/R000000018
R000000027/3.065251/0257/R000000028
R000000026/4.516946/0231/R000000027/M000000013
R000000030/2.895900/0198/R000000014
R000000030/2.895900/0298/R000000014
R000000029/3.217667/0257/R000000030
R000000026/4.686297/0274/R000000029/R000000020
R000000016/5.018829/0099/R000000026
<NEXT>