#
#  Reaction log file
#  Author: LigBuilder V3 User_Diana
#  Creation time: Tue Feb 24 21:38:26 2026
#  Format:
#  QueryMoleculeId/Cost/SynthesizeId/ReactantId1/ReactantId2/ReactantId3.....
#  Id prefix:
#  Q --- Query Molecule
#  M --- Material
#  R --- Reactant
#
Directory      result/synthesize_HsDHODH/243/DATABASE/
#
Q000000001/6.096632/0000/R000000001
R000000005/1.000000/0000/Guesstimate
R000000006/1.000000/0000/Guesstimate
R000000004/2.222222/0285/R000000005/R000000006
R000000003/2.469136/0279/R000000004
R000000003/2.469136/0279/R000000004
M000000009/1.000000/0000/Sigma_BB-28753226
R000000010/1.000000/0000/Guesstimate
R000000008/2.222222/0112/M000000009/R000000010
R000000007/2.469136/0147/R000000008
R000000007/2.469136/0147/R000000008
R000000002/5.486969/0231/R000000003/R000000007
R000000001/6.096632/0059/R000000002
R000000014/1.000000/0000/Guesstimate
R000000015/1.000000/0000/Guesstimate
R000000013/2.222222/0279/R000000014/R000000015
R000000013/2.222222/0279/R000000014/R000000015
R000000012/2.469136/0279/R000000013
R000000016/2.222222/0279/R000000014/R000000015
R000000016/2.222222/0279/R000000014/R000000015
R000000012/2.469136/0279/R000000016
R000000011/5.486969/0231/R000000012/R000000007
R000000017/1.000000/0000/Guesstimate
R000000001/7.207744/0095/R000000011/R000000017
Q000000002/Analysis Failed
Q000000003/Analysis Failed
<NEXT>