#
#  Reaction log file
#  Author: LigBuilder V3 User_Diana
#  Creation time: Tue Feb 24 21:40:38 2026
#  Format:
#  QueryMoleculeId/Cost/SynthesizeId/ReactantId1/ReactantId2/ReactantId3.....
#  Id prefix:
#  Q --- Query Molecule
#  M --- Material
#  R --- Reactant
#
Directory      result/synthesize_HsDHODH/288/DATABASE/
#
Q000000001/4.572474/0000/R000000001
M000000005/1.000000/0000/Sigma_BB-30924817
R000000006/1.000000/0000/Guesstimate
R000000004/2.222222/0274/M000000005/R000000006
R000000007/1.000000/0000/Guesstimate
R000000004/2.222222/0282/M000000005/R000000007
R000000003/2.469136/0039/R000000004
R000000009/1.000000/0000/Guesstimate
R000000008/2.222222/0274/M000000005/R000000009
R000000010/1.000000/0000/Guesstimate
R000000008/2.222222/0282/M000000005/R000000010
R000000011/1.000000/0000/Guesstimate
R000000003/3.580247/0119/R000000008/R000000011
R000000014/1.000000/0000/Guesstimate
R000000013/1.111111/0293/R000000014
R000000013/1.111111/0293/R000000014
R000000012/1.234568/0090/R000000013
R000000016/1.000000/0000/Guesstimate
R000000017/1.000000/0000/Guesstimate
R000000015/2.222222/0277/R000000016/R000000017
R000000012/2.469136/0099/R000000015
R000000002/4.115227/0231/R000000003/R000000012
R000000020/1.000000/0000/Guesstimate
R000000021/1.000000/0000/Guesstimate
R000000019/2.222222/0279/R000000020/R000000021
R000000019/2.222222/0279/R000000020/R000000021
R000000022/1.000000/0000/Guesstimate
R000000018/3.580247/0274/R000000019/R000000022
R000000023/1.000000/0000/Guesstimate
R000000018/4.691358/0261/R000000019/R000000023/R000000011
R000000025/1.000000/0000/Guesstimate
R000000026/1.000000/0000/Guesstimate
R000000024/2.222222/0061/R000000025/R000000026
R000000027/1.000000/0000/Guesstimate
R000000024/2.222222/0062/R000000025/R000000027
R000000002/6.447188/0159/R000000018/R000000024
R000000001/4.572474/0024/R000000002
R000000030/2.469136/0197/R000000008
R000000031/3.580247/0274/R000000019/R000000017
R000000032/1.000000/0000/Guesstimate
R000000030/5.089163/0159/R000000031/R000000032
R000000029/4.115227/0231/R000000030/R000000012
R000000029/6.447188/0159/R000000031/R000000024
R000000035/1.000000/0000/Guesstimate
R000000036/1.000000/0000/Guesstimate
R000000034/2.222222/0174/R000000035/R000000036
R000000034/2.222222/0289/R000000035/R000000036
R000000033/2.469136/0197/R000000034
R000000037/7.400000/0000/Guesstimate
R000000033/8.222222/0091/R000000037
R000000028/7.315959/0112/R000000029/R000000033
R000000040/1.000000/0000/Guesstimate
R000000039/3.580247/0274/R000000019/R000000040
R000000041/1.111111/0287/R000000036
R000000038/5.212621/0112/R000000039/R000000041
R000000038/6.721537/0112/R000000031/R000000033
R000000028/8.260937/0159/R000000038/R000000024
R000000001/8.128843/0025/R000000028
Q000000002/4.572474/0000/R000000001
Q000000003/4.572474/0000/R000000001
<NEXT>