#
#  Reaction log file
#  Author: LigBuilder V3 User_Diana
#  Creation time: Tue Feb 24 21:30:51 2026
#  Format:
#  QueryMoleculeId/Cost/SynthesizeId/ReactantId1/ReactantId2/ReactantId3.....
#  Id prefix:
#  Q --- Query Molecule
#  M --- Material
#  R --- Reactant
#
Directory      result/synthesize_HsDHODH/18/DATABASE/
#
Q000000001/4.420058/0000/R000000001
M000000005/1.000000/0000/Sigma_BB-161564803
R000000004/1.111111/0299/M000000005
R000000006/1.000000/0000/Guesstimate
R000000003/2.345679/0175/R000000004/R000000006
R000000007/1.234568/0287/R000000004
M000000009/1.000000/0000/Sigma_BB-243340990
R000000010/1.000000/0000/Guesstimate
R000000008/2.222222/0142/M000000009/R000000010
M000000011/1.000000/0000/Sigma_BB-308324471
R000000012/1.000000/0000/Guesstimate
R000000008/2.222222/0231/M000000011/R000000012
R000000007/2.469136/0294/R000000008
R000000013/1.000000/0000/Guesstimate
R000000003/2.482853/0004/R000000007/R000000013
R000000016/1.000000/0000/Guesstimate
R000000015/1.111111/0228/R000000016
R000000017/1.000000/0000/Guesstimate
R000000015/1.111111/0228/R000000017
R000000014/1.234568/0125/R000000015
R000000018/1.000000/0000/Guesstimate
R000000014/2.345679/0112/R000000015/R000000018
R000000002/3.978052/0274/R000000003/R000000014
R000000022/1.000000/0000/Guesstimate
R000000021/2.222222/0231/M000000011/R000000022
R000000021/2.469136/0091/R000000008
R000000020/2.469136/0294/R000000021
R000000024/1.000000/0000/Guesstimate
R000000023/2.222222/0231/M000000011/R000000024
R000000020/2.469136/0294/R000000023
R000000019/3.854596/0004/R000000020/R000000013
R000000025/1.000000/0000/Guesstimate
R000000026/1.000000/0000/Guesstimate
R000000019/4.965707/0225/R000000020/R000000025/R000000026
R000000028/1.111111/0198/R000000016
R000000028/1.111111/0198/R000000017
R000000027/2.345679/0112/R000000028/R000000018
R000000031/8.200000/0000/Guesstimate
R000000030/9.111111/0198/R000000031
R000000032/8.200000/0000/Guesstimate
R000000030/9.111111/0198/R000000032
R000000029/9.333333/0155/R000000030
R000000027/9.333333/0217/R000000029
R000000002/6.889194/0275/R000000019/R000000027
R000000001/4.420058/0041/R000000002
R000000001/4.420058/0233/R000000002
Q000000002/3.405835/0000/R000000033
R000000036/1.371742/0125/R000000007
R000000036/2.482853/0112/R000000007/R000000018
R000000035/1.524158/0041/R000000036
R000000035/1.524158/0233/R000000036
R000000034/3.065251/0274/R000000035/R000000014
R000000038/1.524158/0091/R000000036
R000000038/3.854596/0112/R000000020/R000000018
R000000037/1.693509/0041/R000000038
R000000037/1.693509/0091/R000000035
R000000034/4.487987/0275/R000000037/R000000027
R000000033/3.405835/0041/R000000034
R000000041/2.606310/0274/R000000004/R000000014
R000000041/3.840878/0282/R000000004/R000000027
R000000040/2.895900/0041/R000000041
R000000040/2.895900/0233/R000000041
R000000039/4.328778/0174/R000000040/R000000018
R000000044/1.000000/0000/Guesstimate
R000000045/1.000000/0000/Guesstimate
R000000043/2.222222/0004/R000000044/R000000045
R000000042/2.469136/0009/R000000043
R000000047/1.000000/0000/Guesstimate
R000000048/1.000000/0000/Guesstimate
R000000046/2.222222/0279/R000000047/R000000048
R000000046/2.222222/0279/R000000047/R000000048
R000000042/2.469136/0079/R000000046
R000000051/1.000000/0000/Guesstimate
R000000052/1.000000/0000/Guesstimate
R000000050/2.222222/0112/R000000051/R000000052
R000000053/1.371742/0041/R000000014
R000000053/9.333333/0155/R000000030
R000000049/3.993294/0274/R000000050/R000000053
R000000039/7.180478/0159/R000000042/R000000049
R000000033/4.809754/0041/R000000039
Q000000003/7.180478/0000/R000000054
R000000057/1.000000/0000/Guesstimate
R000000056/2.222222/0279/R000000057/R000000048
R000000056/2.222222/0279/R000000057/R000000048
R000000055/2.469136/0079/R000000056
R000000059/1.000000/0000/Guesstimate
R000000058/2.222222/0279/R000000059/R000000057
R000000058/2.222222/0279/R000000059/R000000057
R000000055/2.469136/0082/R000000058
R000000054/7.180478/0159/R000000055/R000000049
R000000062/2.482853/0274/R000000052/R000000014
R000000063/1.000000/0000/Guesstimate
R000000062/3.717421/0275/R000000063/R000000027
R000000061/3.869837/0112/R000000051/R000000062
R000000064/3.703704/0274/R000000050/R000000015
R000000064/3.703704/0282/R000000050/R000000028
R000000061/5.226338/0112/R000000064/R000000018
R000000060/7.043303/0159/R000000055/R000000061
R000000067/1.000000/0000/Guesstimate
R000000066/3.869837/0003/R000000067/R000000062
R000000068/1.000000/0000/Guesstimate
R000000065/5.410931/0012/R000000066/R000000068
R000000065/5.410931/0285/R000000066/R000000068
R000000060/7.123257/0159/R000000065/R000000013
R000000054/7.825893/0041/R000000060
<NEXT>