#
#  Reaction log file
#  Author: LigBuilder V3 User_Diana
#  Creation time: Tue Feb 24 21:36:59 2026
#  Format:
#  QueryMoleculeId/Cost/SynthesizeId/ReactantId1/ReactantId2/ReactantId3.....
#  Id prefix:
#  Q --- Query Molecule
#  M --- Material
#  R --- Reactant
#
Directory      result/synthesize_HsDHODH/200/DATABASE/
#
Q000000001/2.222222/0000/R000000001
M000000002/1.000000/0000/Sigma_BB-27331549
M000000003/1.000000/0000/Sigma_BB-31286382
R000000001/2.222222/0119/M000000002/M000000003
M000000005/1.000000/0000/Sigma_BB-87615763
R000000006/1.000000/0000/Guesstimate
R000000004/2.222222/0003/M000000005/R000000006
R000000009/1.000000/0000/Guesstimate
R000000008/2.222222/0276/M000000002/R000000009
R000000008/2.222222/0278/M000000002/R000000009
R000000007/3.580247/0003/R000000008/R000000006
R000000011/1.000000/0000/Guesstimate
R000000010/2.222222/0119/M000000002/R000000011
R000000012/1.000000/0000/Guesstimate
R000000010/3.580247/0112/R000000008/R000000012
R000000013/1.000000/0000/Guesstimate
R000000007/3.580247/0049/R000000010/R000000013
R000000004/5.089163/0049/R000000007/R000000013
R000000001/2.469136/0041/R000000004
Q000000002/6.265984/0000/R000000014
R000000018/1.000000/0000/Guesstimate
R000000017/2.222222/0001/R000000018/R000000013
R000000019/1.000000/0000/Guesstimate
R000000017/2.222222/0003/R000000019/R000000013
R000000022/1.000000/0000/Guesstimate
R000000021/1.111111/0288/R000000022
M000000023/1.000000/0000/Sigma_BB-358949958
R000000021/1.111111/0293/M000000023
R000000020/1.234568/0082/R000000021
R000000026/1.000000/0000/Guesstimate
M000000027/1.000000/0000/Sigma_BB-30410575
R000000025/2.222222/0004/R000000026/M000000027
R000000028/1.000000/0000/Guesstimate
R000000029/1.000000/0000/Guesstimate
R000000025/2.222222/0277/R000000028/R000000029
R000000024/2.469136/0009/R000000025
R000000031/1.000000/0000/Guesstimate
R000000032/1.000000/0000/Guesstimate
R000000030/2.222222/0112/R000000031/R000000032
R000000024/2.469136/0079/R000000030
R000000020/2.743484/0041/R000000024
R000000016/3.840878/0064/R000000017/R000000020
R000000016/5.212621/0063/R000000017/R000000024
M000000035/1.000000/0000/Sigma_BB-28830366
R000000034/1.111111/0085/M000000035
R000000033/1.234568/0153/R000000034
R000000036/1.111111/0087/M000000035
R000000036/1.234568/0086/R000000034
R000000033/1.234568/0154/R000000036
R000000015/5.639385/0170/R000000016/R000000033
R000000038/2.222222/0001/R000000018/R000000026
R000000038/2.222222/0003/R000000019/R000000026
R000000037/3.840878/0064/R000000038/R000000020
R000000037/5.212621/0063/R000000038/R000000024
R000000039/1.234568/0197/R000000034
R000000040/9.200000/0000/Guesstimate
R000000039/9.200000/0155/R000000040
R000000015/5.639385/0170/R000000037/R000000039
R000000014/6.265984/0028/R000000015
R000000044/1.000000/0000/Guesstimate
R000000045/1.000000/0000/Guesstimate
R000000043/2.222222/0174/R000000044/R000000045
R000000047/7.400000/0000/Guesstimate
R000000046/8.222222/0091/R000000047
R000000043/9.135803/0125/R000000046
R000000049/1.000000/0000/Guesstimate
R000000048/2.222222/0004/R000000013/R000000049
R000000048/2.222222/0277/R000000013/R000000049
R000000042/4.938272/0049/R000000043/R000000048
R000000051/1.000000/0000/Guesstimate
R000000050/1.111111/0040/R000000051
R000000052/1.000000/0000/Guesstimate
R000000050/2.222222/0224/R000000011/R000000052
R000000042/9.333334/0003/R000000046/R000000050
R000000041/6.858711/0062/R000000042/R000000020
R000000041/8.230453/0061/R000000042/R000000024
R000000014/7.620790/0025/R000000041
Q000000003/6.265984/0000/R000000014
<NEXT>