#
#  Reaction log file
#  Author: LigBuilder V3 User_Diana
#  Creation time: Tue Feb 24 21:33:53 2026
#  Format:
#  QueryMoleculeId/Cost/SynthesizeId/ReactantId1/ReactantId2/ReactantId3.....
#  Id prefix:
#  Q --- Query Molecule
#  M --- Material
#  R --- Reactant
#
Directory      result/synthesize_HsDHODH/121/DATABASE/
#
Q000000001/Analysis Failed
Q000000002/4.741826/0000/R000000001
R000000005/1.000000/0000/Guesstimate
R000000006/1.000000/0000/Guesstimate
R000000004/2.222222/0003/R000000005/R000000006
R000000007/1.000000/0000/Guesstimate
R000000008/1.000000/0000/Guesstimate
R000000004/2.222222/0003/R000000007/R000000008
R000000011/1.000000/0000/Guesstimate
R000000010/1.111111/0288/R000000011
M000000012/1.000000/0000/Sigma_BB-358949958
R000000010/1.111111/0293/M000000012
R000000009/1.234568/0082/R000000010
R000000015/1.000000/0000/Guesstimate
M000000016/1.000000/0000/Sigma_BB-30410575
R000000014/2.222222/0004/R000000015/M000000016
R000000017/1.000000/0000/Guesstimate
R000000018/1.000000/0000/Guesstimate
R000000014/2.222222/0277/R000000017/R000000018
R000000013/2.469136/0009/R000000014
R000000020/1.000000/0000/Guesstimate
R000000021/1.000000/0000/Guesstimate
R000000019/2.222222/0112/R000000020/R000000021
R000000013/2.469136/0079/R000000019
R000000009/2.743484/0041/R000000013
R000000003/3.840878/0062/R000000004/R000000009
R000000003/5.212621/0061/R000000004/R000000013
R000000002/4.267643/0041/R000000003
R000000023/1.000000/0000/Guesstimate
R000000022/2.222222/0003/R000000005/R000000023
R000000024/1.000000/0000/Guesstimate
R000000022/2.222222/0003/R000000007/R000000024
R000000002/5.212621/0061/R000000022/R000000013
R000000001/4.741826/0040/R000000002
R000000028/1.000000/0000/Guesstimate
R000000027/2.222222/0174/R000000006/R000000028
R000000030/7.400000/0000/Guesstimate
R000000029/8.222222/0091/R000000030
R000000027/9.135803/0125/R000000029
R000000032/1.000000/0000/Guesstimate
R000000031/1.111111/0040/R000000032
R000000033/1.000000/0000/Guesstimate
R000000034/1.000000/0000/Guesstimate
R000000031/2.222222/0004/R000000033/R000000034
R000000026/3.703704/0049/R000000027/R000000031
R000000026/9.222222/0003/R000000029/R000000024
R000000025/5.486969/0062/R000000026/R000000009
R000000025/6.858711/0061/R000000026/R000000013
R000000001/6.096632/0025/R000000025
<NEXT>