#
#  Reaction log file
#  Author: LigBuilder V3 User_Diana
#  Creation time: Tue Feb 24 21:37:24 2026
#  Format:
#  QueryMoleculeId/Cost/SynthesizeId/ReactantId1/ReactantId2/ReactantId3.....
#  Id prefix:
#  Q --- Query Molecule
#  M --- Material
#  R --- Reactant
#
Directory      result/synthesize_HsDHODH/215/DATABASE/
#
Q000000001/5.807042/0000/R000000001
R000000005/1.000000/0000/Guesstimate
R000000004/1.111111/0125/R000000005
R000000006/1.000000/0000/Guesstimate
R000000004/2.222222/0112/R000000005/R000000006
R000000008/1.000000/0000/Guesstimate
R000000009/1.000000/0000/Guesstimate
R000000007/2.222222/0112/R000000008/R000000009
R000000003/3.703704/0159/R000000004/R000000007
M000000010/1.000000/0000/Sigma_BB-30414215
R000000002/5.226338/0142/R000000003/M000000010
R000000012/1.000000/0000/Guesstimate
R000000011/5.226338/0285/R000000003/R000000012
R000000013/1.000000/0000/Guesstimate
R000000002/6.918153/0275/R000000011/R000000013
R000000001/5.807042/0294/R000000002
Q000000002/5.807042/0000/R000000001
Q000000003/5.807042/0000/R000000001
<NEXT>