#
#  Reaction log file
#  Author: LigBuilder V3 User_Diana
#  Creation time: Tue Feb 24 21:36:39 2026
#  Format:
#  QueryMoleculeId/Cost/SynthesizeId/ReactantId1/ReactantId2/ReactantId3.....
#  Id prefix:
#  Q --- Query Molecule
#  M --- Material
#  R --- Reactant
#
Directory      result/synthesize_HsDHODH/184/DATABASE/
#
Q000000001/7.315959/0000/R000000001
R000000004/1.000000/0000/Guesstimate
R000000006/1.000000/0000/Guesstimate
R000000007/1.000000/0000/Guesstimate
R000000005/2.222222/0001/R000000006/R000000007
R000000008/1.000000/0000/Guesstimate
R000000005/2.222222/0003/R000000007/R000000008
R000000003/3.580247/0081/R000000004/R000000005
R000000010/1.000000/0000/Guesstimate
R000000009/3.580247/0081/R000000010/R000000005
R000000011/1.000000/0000/Guesstimate
R000000009/3.580247/0210/R000000011/R000000005
R000000003/3.978053/0082/R000000009
R000000002/3.978053/0040/R000000003
R000000014/1.000000/0000/Guesstimate
R000000013/1.111111/0118/R000000014
R000000015/1.000000/0000/Guesstimate
R000000013/2.222222/0112/R000000014/R000000015
R000000012/3.703704/0081/R000000013/R000000005
R000000017/1.000000/0000/Guesstimate
R000000016/1.111111/0118/R000000017
R000000016/2.222222/0112/R000000017/R000000015
R000000012/3.703704/0210/R000000016/R000000005
R000000002/4.115227/0024/R000000012
R000000021/1.000000/0000/Guesstimate
R000000020/1.111111/0228/R000000021
R000000020/1.111111/0286/R000000021
R000000022/1.000000/0000/Guesstimate
R000000019/2.345679/0003/R000000020/R000000022
R000000023/1.234568/0118/R000000020
R000000023/2.345679/0112/R000000020/R000000015
R000000024/1.000000/0000/Guesstimate
R000000019/2.482853/0049/R000000023/R000000024
R000000018/2.606310/0147/R000000019
R000000027/1.000000/0000/Guesstimate
R000000028/1.000000/0000/Guesstimate
R000000026/2.222222/0224/R000000027/R000000028
R000000025/2.469136/0082/R000000026
R000000030/1.000000/0000/Guesstimate
R000000029/2.222222/0224/R000000027/R000000030
R000000031/1.000000/0000/Guesstimate
R000000025/3.580247/0112/R000000029/R000000031
R000000018/2.743484/0147/R000000025
R000000001/7.315959/0003/R000000002/R000000018
R000000032/7.011127/0003/R000000012/R000000018
R000000034/4.115227/0093/R000000012
R000000035/4.115227/0197/R000000012
R000000034/5.683586/0004/R000000035/R000000006
R000000033/4.572474/0085/R000000034
R000000033/5.683586/0004/R000000035/R000000024
R000000038/1.000000/0000/Guesstimate
R000000039/1.000000/0000/Guesstimate
R000000037/2.222222/0224/R000000038/R000000039
R000000040/1.000000/0000/Guesstimate
R000000037/4.007011/0122/R000000040/R000000018
R000000036/2.469136/0082/R000000037
R000000041/4.007011/0004/R000000007/R000000018
R000000041/4.007011/0277/R000000007/R000000018
R000000036/4.452235/0009/R000000041
R000000032/7.824012/0049/R000000033/R000000036
R000000001/7.790141/0024/R000000032
Q000000002/7.315959/0000/R000000001
Q000000003/7.825893/0000/R000000042
R000000045/1.371742/0040/R000000023
R000000046/1.000000/0000/Guesstimate
R000000045/2.222222/0224/R000000027/R000000046
M000000048/1.000000/0000/Sigma_BB-28764950
R000000047/1.111111/0197/M000000048
R000000044/2.758726/0212/R000000045/R000000047
R000000044/2.758726/0212/R000000045/R000000047
R000000043/3.065251/0028/R000000044
M000000051/1.000000/0000/Sigma_BB-28830366
R000000050/1.111111/0085/M000000051
R000000049/2.758726/0212/R000000045/R000000050
R000000049/2.758726/0212/R000000045/R000000050
R000000043/3.065251/0028/R000000049
R000000042/7.825893/0003/R000000002/R000000043
R000000052/7.521061/0003/R000000012/R000000043
R000000055/1.000000/0000/Guesstimate
R000000054/2.222222/0224/R000000038/R000000055
R000000054/4.516946/0122/R000000040/R000000043
R000000053/2.469136/0082/R000000054
R000000056/4.516946/0004/R000000007/R000000043
R000000056/4.516946/0277/R000000007/R000000043
R000000053/5.018829/0009/R000000056
R000000052/7.824012/0049/R000000033/R000000053
R000000042/8.356735/0024/R000000052
<NEXT>