#
#  Reaction log file
#  Author: LigBuilder V3 User_Diana
#  Creation time: Tue Feb 24 21:30:47 2026
#  Format:
#  QueryMoleculeId/Cost/SynthesizeId/ReactantId1/ReactantId2/ReactantId3.....
#  Id prefix:
#  Q --- Query Molecule
#  M --- Material
#  R --- Reactant
#
Directory      result/synthesize_HsDHODH/26/DATABASE/
#
Q000000001/3.387018/0000/R000000001
M000000006/1.000000/0000/Sigma_BB-161564803
R000000005/1.111111/0299/M000000006
R000000004/1.234568/0287/R000000005
R000000003/1.371742/0125/R000000004
R000000007/1.000000/0000/Guesstimate
R000000003/2.482853/0112/R000000004/R000000007
R000000011/1.000000/0000/Guesstimate
R000000010/1.111111/0228/R000000011
R000000012/1.000000/0000/Guesstimate
R000000010/1.111111/0228/R000000012
R000000009/1.234568/0125/R000000010
R000000009/2.345679/0112/R000000010/R000000007
R000000008/1.371742/0041/R000000009
R000000008/1.371742/0233/R000000009
R000000002/3.048316/0274/R000000003/R000000008
R000000015/1.000000/0000/Guesstimate
R000000016/1.000000/0000/Guesstimate
R000000014/2.222222/0003/R000000015/R000000016
R000000013/3.993294/0274/R000000014/R000000008
R000000018/1.000000/0000/Guesstimate
R000000017/2.222222/0003/R000000015/R000000018
R000000017/2.469136/0091/R000000014
R000000021/1.111111/0198/R000000011
R000000021/1.111111/0198/R000000012
R000000020/2.345679/0112/R000000021/R000000007
R000000020/9.777779/0082/R000000022
R000000019/2.606310/0041/R000000020
R000000019/2.606310/0233/R000000020
R000000013/5.365036/0275/R000000017/R000000019
R000000025/1.000000/0000/Guesstimate
R000000026/1.000000/0000/Guesstimate
R000000024/2.222222/0004/R000000025/R000000026
R000000027/1.000000/0000/Guesstimate
R000000028/1.000000/0000/Guesstimate
R000000024/2.222222/0122/R000000027/R000000028
R000000023/2.469136/0009/R000000024
R000000030/1.000000/0000/Guesstimate
R000000031/1.000000/0000/Guesstimate
R000000029/2.222222/0279/R000000030/R000000031
R000000029/2.222222/0279/R000000030/R000000031
R000000023/2.469136/0079/R000000029
R000000002/7.180478/0159/R000000013/R000000023
R000000001/3.387018/0147/R000000002
R000000034/1.000000/0000/Guesstimate
R000000033/2.345679/0173/R000000005/R000000034
R000000033/2.345679/0175/R000000005/R000000007
R000000032/3.978052/0274/R000000033/R000000009
M000000037/1.000000/0000/Sigma_BB-28776569
R000000038/1.000000/0000/Guesstimate
R000000036/2.222222/0231/M000000037/R000000038
M000000039/1.000000/0000/Sigma_BB-70374800
R000000040/1.000000/0000/Guesstimate
R000000036/2.222222/0285/M000000039/R000000040
R000000035/2.469136/0294/R000000036
R000000035/2.606310/0091/R000000033
R000000032/5.349795/0275/R000000035/R000000020
R000000001/4.420058/0041/R000000032
Q000000002/4.741825/0000/R000000041
R000000044/2.345679/0174/R000000005/R000000007
R000000046/1.000000/0000/Guesstimate
R000000045/3.580247/0012/R000000014/R000000046
R000000045/3.580247/0285/R000000014/R000000046
R000000047/1.000000/0000/Guesstimate
R000000044/5.089163/0159/R000000045/R000000047
R000000043/2.606310/0041/R000000044
R000000043/2.606310/0233/R000000044
R000000042/4.267642/0274/R000000043/R000000009
R000000049/2.606310/0091/R000000044
R000000048/2.895900/0041/R000000049
R000000048/2.895900/0091/R000000043
R000000042/5.823977/0275/R000000048/R000000020
R000000041/4.741825/0041/R000000042
R000000051/5.502210/0274/R000000045/R000000008
R000000051/5.548104/0012/R000000013/R000000046
R000000050/7.224678/0159/R000000051/R000000047
R000000054/1.000000/0000/Guesstimate
R000000053/2.222222/0004/R000000054/R000000025
R000000052/2.469136/0009/R000000053
R000000056/1.000000/0000/Guesstimate
R000000057/1.000000/0000/Guesstimate
R000000055/2.222222/0279/R000000056/R000000057
R000000055/2.222222/0279/R000000056/R000000057
R000000052/2.469136/0079/R000000055
R000000059/1.000000/0000/Guesstimate
R000000060/2.635269/0274/R000000016/R000000008
R000000060/4.007011/0275/R000000018/R000000019
R000000058/4.039188/0112/R000000059/R000000060
R000000062/1.000000/0000/Guesstimate
R000000061/4.039188/0112/R000000062/R000000060
R000000058/4.487987/0147/R000000061
R000000050/7.231471/0159/R000000052/R000000058
R000000041/8.027420/0041/R000000050
Q000000003/3.387018/0000/R000000001
<NEXT>