#
#  Reaction log file
#  Author: LigBuilder V3 User_Diana
#  Creation time: Tue Feb 24 21:40:23 2026
#  Format:
#  QueryMoleculeId/Cost/SynthesizeId/ReactantId1/ReactantId2/ReactantId3.....
#  Id prefix:
#  Q --- Query Molecule
#  M --- Material
#  R --- Reactant
#
Directory      result/synthesize_HsDHODH/286/DATABASE/
#
Q000000001/5.791801/0000/R000000001
M000000004/1.000000/0000/Sigma_BB-30924817
R000000005/1.000000/0000/Guesstimate
R000000003/2.222222/0119/M000000004/R000000005
R000000009/1.000000/0000/Guesstimate
R000000010/1.000000/0000/Guesstimate
R000000008/2.222222/0279/R000000009/R000000010
R000000008/2.222222/0279/R000000009/R000000010
R000000007/2.469136/0079/R000000008
R000000012/1.000000/0000/Guesstimate
R000000011/2.222222/0279/R000000012/R000000009
R000000011/2.222222/0279/R000000012/R000000009
R000000007/2.469136/0082/R000000011
R000000013/1.000000/0000/Guesstimate
R000000006/3.854596/0159/R000000007/R000000013
R000000003/4.282884/0153/R000000006
R000000016/1.000000/0000/Guesstimate
R000000017/1.000000/0000/Guesstimate
R000000015/2.222222/0003/R000000016/R000000017
R000000014/2.469136/0099/R000000015
R000000019/1.000000/0000/Guesstimate
R000000018/2.222222/0112/R000000016/R000000019
R000000014/2.469136/0099/R000000018
R000000002/5.212621/0231/R000000003/R000000014
R000000001/5.791801/0024/R000000002
M000000023/1.000000/0000/Sigma_BB-308324471
R000000022/3.580247/0231/M000000023/R000000015
R000000021/3.978053/0099/R000000022
R000000024/3.580247/0231/M000000023/R000000018
R000000021/3.978053/0099/R000000024
R000000027/1.000000/0000/Guesstimate
R000000028/1.000000/0000/Guesstimate
R000000026/2.222222/0174/R000000027/R000000028
R000000026/2.222222/0289/R000000027/R000000028
R000000025/2.469136/0197/R000000026
R000000029/7.400000/0000/Guesstimate
R000000025/8.222222/0091/R000000029
R000000020/7.163543/0112/R000000021/R000000025
M000000032/1.000000/0000/Sigma_BB-27944466
R000000031/3.580247/0231/M000000032/R000000015
R000000030/3.978053/0099/R000000031
R000000033/3.580247/0231/M000000032/R000000018
R000000030/3.978053/0099/R000000033
R000000020/7.163543/0174/R000000030/R000000025
R000000001/7.959492/0025/R000000020
Q000000002/5.393995/0000/R000000034
M000000038/1.000000/0000/Sigma_BB-28806491
R000000039/1.000000/0000/Guesstimate
R000000037/2.222222/0231/M000000038/R000000039
R000000036/2.469136/0294/R000000037
R000000041/1.000000/0000/Guesstimate
R000000040/2.222222/0231/M000000038/R000000041
R000000036/2.469136/0294/R000000040
R000000042/1.000000/0000/Guesstimate
R000000035/3.854596/0274/R000000036/R000000042
R000000045/1.000000/0000/Guesstimate
R000000044/2.222222/0231/M000000038/R000000045
R000000044/2.469136/0091/R000000037
R000000043/2.469136/0294/R000000044
R000000043/2.743484/0091/R000000036
R000000046/1.000000/0000/Guesstimate
R000000035/3.854596/0275/R000000043/R000000046
R000000047/1.000000/0000/Guesstimate
R000000034/5.393995/0119/R000000035/R000000047
R000000049/1.000000/0000/Guesstimate
R000000048/5.393995/0119/R000000035/R000000049
R000000051/3.854596/0119/R000000036/R000000027
R000000052/1.000000/0000/Guesstimate
R000000051/3.854596/0276/R000000036/R000000052
R000000050/4.282884/0079/R000000051
R000000054/1.000000/0000/Guesstimate
R000000053/3.854596/0119/R000000036/R000000054
R000000055/1.000000/0000/Guesstimate
R000000053/3.854596/0276/R000000036/R000000055
R000000050/4.282884/0082/R000000053
R000000048/5.869872/0274/R000000050/R000000042
R000000034/5.993328/0147/R000000048
Q000000003/7.485310/0000/R000000056
M000000060/1.000000/0000/Sigma_BB-101058508
M000000062/1.000000/0000/Sigma_BB-28895436
R000000061/1.111111/0099/M000000062
R000000063/1.000000/0000/Guesstimate
R000000059/3.456790/0225/M000000060/R000000061/R000000063
R000000059/3.456790/0225/M000000060/R000000061/R000000063
R000000058/3.840878/0153/R000000059
M000000068/1.000000/0000/Sigma_BB-180896317
R000000067/2.222222/0004/M000000068/R000000017
R000000066/2.469136/0197/R000000067
M000000069/1.000000/0000/Sigma_BB-28765014
R000000065/3.854596/0277/R000000066/M000000069
R000000064/4.282884/0099/R000000065
R000000064/4.282884/0099/R000000065
R000000058/4.758760/0082/R000000064
R000000071/1.000000/0000/Guesstimate
R000000072/1.000000/0000/Guesstimate
R000000070/2.222222/0003/R000000071/R000000072
R000000073/1.111111/0125/R000000071
R000000074/1.000000/0000/Guesstimate
R000000073/2.222222/0112/R000000074/R000000071
R000000075/1.000000/0000/Guesstimate
R000000070/2.345679/0049/R000000073/R000000075
R000000057/6.736778/0012/R000000058/R000000070
R000000078/1.000000/0000/Guesstimate
R000000077/2.222222/0256/R000000078/R000000071
R000000080/1.000000/0000/Guesstimate
R000000079/2.222222/0256/R000000080/R000000071
R000000077/2.469136/0260/R000000079
R000000076/2.469136/0219/R000000077
R000000081/1.000000/0000/Guesstimate
R000000076/3.580247/0012/R000000070/R000000081
R000000057/7.502244/0279/R000000064/R000000076
R000000056/7.485310/0059/R000000057
R000000084/2.743484/0260/R000000066
R000000083/4.282884/0112/R000000084/R000000061
R000000085/2.469136/0219/R000000079
R000000085/2.469136/0219/R000000079
R000000082/7.502244/0279/R000000083/R000000085
R000000082/7.502244/0279/R000000083/R000000085
R000000056/8.335828/0059/R000000082
<NEXT>