#
#  Reaction log file
#  Author: LigBuilder V3 User_Diana
#  Creation time: Tue Feb 24 21:34:37 2026
#  Format:
#  QueryMoleculeId/Cost/SynthesizeId/ReactantId1/ReactantId2/ReactantId3.....
#  Id prefix:
#  Q --- Query Molecule
#  M --- Material
#  R --- Reactant
#
Directory      result/synthesize_HsDHODH/138/DATABASE/
#
Q000000001/5.807042/0000/R000000001
M000000005/1.000000/0000/Sigma_BB-161564803
R000000004/1.111111/0299/M000000005
R000000007/1.000000/0000/Guesstimate
R000000008/1.000000/0000/Guesstimate
R000000006/2.222222/0224/R000000007/R000000008
R000000003/3.703704/0274/R000000004/R000000006
R000000009/1.234568/0091/R000000004
R000000011/1.000000/0000/Guesstimate
R000000010/2.222222/0224/R000000011/R000000008
R000000012/1.000000/0000/Guesstimate
R000000010/3.580247/0274/R000000012/R000000006
R000000003/3.840878/0275/R000000009/R000000010
R000000013/1.000000/0000/Guesstimate
R000000002/5.226338/0174/R000000003/R000000013
R000000016/1.000000/0000/Guesstimate
R000000017/1.000000/0000/Guesstimate
R000000015/2.222222/0004/R000000016/R000000017
R000000014/2.469136/0009/R000000015
R000000019/1.000000/0000/Guesstimate
R000000020/1.000000/0000/Guesstimate
R000000018/2.222222/0279/R000000019/R000000020
R000000018/2.222222/0279/R000000019/R000000020
R000000014/2.469136/0079/R000000018
R000000023/1.000000/0000/Guesstimate
R000000024/1.000000/0000/Guesstimate
R000000022/2.222222/0112/R000000023/R000000024
R000000021/4.938272/0274/R000000022/R000000006
R000000026/1.000000/0000/Guesstimate
R000000025/2.222222/0112/R000000023/R000000026
R000000025/2.469136/0091/R000000022
R000000021/4.938272/0275/R000000025/R000000010
R000000002/8.230453/0159/R000000014/R000000021
R000000001/5.807042/0041/R000000002
M000000030/1.000000/0000/Sigma_BB-129759817
R000000029/1.111111/0104/M000000030
R000000029/1.111111/0104/M000000030
R000000028/1.234568/0248/R000000029
R000000031/9.800000/0000/Guesstimate
R000000028/9.800000/0257/R000000031
R000000034/1.000000/0000/Guesstimate
R000000035/1.000000/0000/Guesstimate
R000000033/2.222222/0274/R000000034/R000000035
R000000036/1.000000/0000/Guesstimate
R000000037/1.000000/0000/Guesstimate
R000000033/2.222222/0275/R000000036/R000000037
M000000039/1.000000/0000/Sigma_BB-102140808
R000000038/1.111111/0188/M000000039
R000000040/1.000000/0000/Guesstimate
R000000038/2.222222/0224/R000000040/R000000008
R000000032/3.703704/0212/R000000033/R000000038
R000000032/3.703704/0212/R000000033/R000000038
R000000027/5.486969/0018/R000000028/R000000032
R000000041/3.840878/0018/R000000028/R000000033
R000000027/5.502211/0212/R000000041/R000000038
R000000001/6.096632/0160/R000000027
Q000000002/5.807042/0000/R000000001
Q000000003/5.807042/0000/R000000001
<NEXT>