#
#  Reaction log file
#  Author: LigBuilder V3 User_Diana
#  Creation time: Tue Feb 24 21:35:10 2026
#  Format:
#  QueryMoleculeId/Cost/SynthesizeId/ReactantId1/ReactantId2/ReactantId3.....
#  Id prefix:
#  Q --- Query Molecule
#  M --- Material
#  R --- Reactant
#
Directory      result/synthesize_HsDHODH/147/DATABASE/
#
Q000000001/7.163543/0000/R000000001
R000000004/1.000000/0000/Guesstimate
R000000006/1.000000/0000/Guesstimate
R000000007/1.000000/0000/Guesstimate
R000000005/2.222222/0001/R000000006/R000000007
R000000008/1.000000/0000/Guesstimate
R000000005/2.222222/0003/R000000007/R000000008
R000000003/3.580247/0081/R000000004/R000000005
R000000010/1.000000/0000/Guesstimate
R000000009/3.580247/0081/R000000010/R000000005
R000000011/1.000000/0000/Guesstimate
R000000009/3.580247/0210/R000000011/R000000005
R000000003/3.978053/0082/R000000009
R000000002/3.978053/0040/R000000003
R000000014/1.000000/0000/Guesstimate
R000000013/1.111111/0118/R000000014
R000000015/1.000000/0000/Guesstimate
R000000013/2.222222/0112/R000000014/R000000015
R000000012/3.703704/0081/R000000013/R000000005
R000000017/1.000000/0000/Guesstimate
R000000016/1.111111/0118/R000000017
R000000016/2.222222/0112/R000000017/R000000015
R000000012/3.703704/0210/R000000016/R000000005
R000000002/4.115227/0024/R000000012
R000000020/1.000000/0000/Guesstimate
R000000021/1.000000/0000/Guesstimate
R000000019/2.222222/0112/R000000020/R000000021
R000000022/1.000000/0000/Guesstimate
R000000024/1.000000/0000/Guesstimate
R000000023/2.222222/0004/R000000024/R000000021
R000000019/3.580247/0049/R000000022/R000000023
R000000018/2.469136/0147/R000000019
R000000025/2.222222/0003/R000000024/R000000021
M000000026/1.000000/0000/Sigma_BB-28775620
R000000027/1.111111/0125/R000000021
R000000027/2.222222/0112/R000000015/R000000021
R000000025/2.345679/0049/M000000026/R000000027
R000000018/2.469136/0147/R000000025
R000000001/7.163543/0003/R000000002/R000000018
R000000028/6.858711/0003/R000000012/R000000018
R000000030/4.115227/0093/R000000012
R000000031/4.115227/0197/R000000012
R000000030/5.683586/0004/R000000031/R000000006
R000000029/4.572474/0085/R000000030
R000000029/5.683586/0004/R000000031/R000000024
R000000033/3.854596/0004/R000000007/R000000018
R000000033/3.854596/0277/R000000007/R000000018
R000000032/4.282884/0009/R000000033
R000000035/1.000000/0000/Guesstimate
R000000034/3.854596/0122/R000000035/R000000018
R000000036/1.000000/0000/Guesstimate
R000000034/9.800000/0301/R000000036/R000000037
R000000032/4.282884/0082/R000000034
R000000028/9.839287/0049/R000000029/R000000032
R000000001/7.620790/0024/R000000028
Q000000002/7.163543/0000/R000000001
Q000000003/7.163543/0000/R000000001
<NEXT>