#
#  Reaction log file
#  Author: LigBuilder V3 User_Diana
#  Creation time: Tue Feb 24 21:32:05 2026
#  Format:
#  QueryMoleculeId/Cost/SynthesizeId/ReactantId1/ReactantId2/ReactantId3.....
#  Id prefix:
#  Q --- Query Molecule
#  M --- Material
#  R --- Reactant
#
Directory      result/synthesize_HsDHODH/58/DATABASE/
#
Q000000001/3.854596/0000/R000000001
M000000004/1.000000/0000/Sigma_BB-112687595
R000000005/1.000000/0000/Guesstimate
R000000003/2.222222/0274/M000000004/R000000005
R000000002/2.469136/0153/R000000003
R000000007/1.111111/0091/M000000004
R000000006/2.345679/0274/R000000007/R000000005
R000000002/2.606310/0154/R000000006
R000000008/1.000000/0000/Guesstimate
R000000001/3.854596/0004/R000000002/R000000008
R000000011/2.743484/0118/R000000002
R000000012/1.000000/0000/Guesstimate
R000000011/3.854596/0112/R000000002/R000000012
R000000010/3.048316/0040/R000000011
R000000014/1.000000/0000/Guesstimate
R000000013/3.854596/0301/R000000002/R000000014
R000000013/3.854596/0301/R000000002/R000000014
R000000010/4.282884/0260/R000000013
M000000015/1.000000/0000/Sigma_BB-28524129
R000000009/4.498129/0212/R000000010/M000000015
R000000009/4.498129/0212/R000000010/M000000015
R000000001/4.997921/0024/R000000009
Q000000002/4.420059/0000/R000000016
R000000019/1.000000/0000/Guesstimate
R000000021/1.000000/0000/Guesstimate
R000000022/1.000000/0000/Guesstimate
R000000020/2.222222/0279/R000000021/R000000022
R000000020/2.222222/0279/R000000021/R000000022
R000000018/3.580247/0274/R000000019/R000000020
R000000023/2.222222/0274/R000000019/R000000021
M000000024/1.000000/0000/Sigma_BB-28710871
R000000025/1.000000/0000/Guesstimate
R000000023/2.222222/0285/M000000024/R000000025
R000000018/3.580247/0279/R000000023/R000000022
R000000017/3.978053/0285/R000000018
R000000028/1.000000/0000/Guesstimate
R000000027/3.580247/0285/R000000023/R000000028
R000000026/3.978053/0279/R000000027
R000000026/3.978053/0279/R000000027
R000000017/4.420059/0293/R000000026
R000000016/4.420059/0024/R000000017
R000000031/1.000000/0000/Guesstimate
R000000033/1.000000/0000/Guesstimate
R000000032/2.222222/0279/R000000022/R000000033
R000000032/2.469136/0024/R000000020
R000000030/3.580247/0274/R000000031/R000000032
R000000034/1.000000/0000/Guesstimate
R000000030/4.691358/0261/R000000025/R000000032/R000000034
R000000029/3.978053/0285/R000000030
R000000016/4.420059/0024/R000000029
Q000000003/4.420059/0000/R000000016
<NEXT>