#
#  Reaction log file
#  Author: LigBuilder V3 User_Diana
#  Creation time: Tue Feb 24 21:35:13 2026
#  Format:
#  QueryMoleculeId/Cost/SynthesizeId/ReactantId1/ReactantId2/ReactantId3.....
#  Id prefix:
#  Q --- Query Molecule
#  M --- Material
#  R --- Reactant
#
Directory      result/synthesize_HsDHODH/148/DATABASE/
#
Q000000001/7.163543/0000/R000000001
R000000004/1.000000/0000/Guesstimate
R000000006/1.000000/0000/Guesstimate
R000000007/1.000000/0000/Guesstimate
R000000005/2.222222/0001/R000000006/R000000007
R000000008/1.000000/0000/Guesstimate
R000000005/2.222222/0003/R000000007/R000000008
R000000003/3.580247/0081/R000000004/R000000005
R000000010/1.000000/0000/Guesstimate
R000000009/3.580247/0081/R000000010/R000000005
R000000011/1.000000/0000/Guesstimate
R000000009/3.580247/0210/R000000011/R000000005
R000000003/3.978053/0082/R000000009
R000000002/3.978053/0040/R000000003
R000000014/1.000000/0000/Guesstimate
R000000013/1.111111/0118/R000000014
R000000015/1.000000/0000/Guesstimate
R000000013/2.222222/0112/R000000014/R000000015
R000000012/3.703704/0081/R000000013/R000000005
R000000017/1.000000/0000/Guesstimate
R000000016/1.111111/0118/R000000017
R000000016/2.222222/0112/R000000017/R000000015
R000000012/3.703704/0210/R000000016/R000000005
R000000002/4.115227/0024/R000000012
R000000020/1.000000/0000/Guesstimate
R000000021/1.000000/0000/Guesstimate
R000000019/2.222222/0112/R000000020/R000000021
R000000022/1.000000/0000/Guesstimate
R000000024/1.000000/0000/Guesstimate
R000000023/2.222222/0004/R000000024/R000000021
R000000019/3.580247/0049/R000000022/R000000023
R000000018/2.469136/0147/R000000019
R000000025/2.222222/0003/R000000024/R000000021
M000000026/1.000000/0000/Sigma_BB-28775620
R000000027/1.111111/0125/R000000021
R000000027/2.222222/0112/R000000015/R000000021
R000000025/2.345679/0049/M000000026/R000000027
R000000018/2.469136/0147/R000000025
R000000001/7.163543/0003/R000000002/R000000018
R000000028/6.858711/0003/R000000012/R000000018
R000000030/4.115227/0093/R000000012
R000000031/4.115227/0197/R000000012
R000000030/5.683586/0004/R000000031/R000000006
R000000029/4.572474/0085/R000000030
R000000029/5.683586/0004/R000000031/R000000024
R000000033/3.854596/0004/R000000007/R000000018
R000000033/3.854596/0277/R000000007/R000000018
R000000032/4.282884/0009/R000000033
R000000035/1.000000/0000/Guesstimate
R000000034/3.854596/0122/R000000035/R000000018
R000000036/1.000000/0000/Guesstimate
R000000034/9.800000/0301/R000000036/R000000037
R000000032/4.282884/0082/R000000034
R000000028/9.839287/0049/R000000029/R000000032
R000000001/7.620790/0024/R000000028
Q000000002/4.282884/0000/R000000038
M000000042/1.000000/0000/Sigma_BB-234798008
R000000043/1.000000/0000/Guesstimate
R000000041/2.222222/0056/M000000042/R000000043
R000000040/2.469136/0155/R000000041
M000000045/1.000000/0000/Sigma_BB-249437666
R000000046/1.000000/0000/Guesstimate
R000000044/2.222222/0002/M000000045/R000000046
R000000044/2.222222/0004/M000000045/R000000046
R000000040/2.469136/0197/R000000044
R000000039/3.854596/0122/R000000040/M000000026
R000000048/2.743484/0041/R000000040
R000000048/2.743484/0233/R000000040
R000000047/3.048316/0295/R000000048
R000000050/1.000000/0000/Guesstimate
R000000051/1.000000/0000/Guesstimate
R000000049/2.222222/0004/R000000050/R000000051
R000000052/1.000000/0000/Guesstimate
R000000053/1.000000/0000/Guesstimate
R000000049/2.222222/0004/R000000052/R000000053
R000000039/5.856154/0279/R000000047/R000000049
R000000038/4.282884/0294/R000000039
R000000057/1.000000/0000/Guesstimate
R000000056/2.222222/0056/M000000042/R000000057
R000000055/2.469136/0219/R000000056
R000000055/2.469136/0219/R000000056
R000000059/1.000000/0000/Guesstimate
R000000058/2.222222/0004/R000000059/R000000053
R000000061/1.000000/0000/Guesstimate
R000000060/1.111111/0040/R000000061
R000000060/2.222222/0004/R000000059/R000000006
R000000058/2.345679/0004/R000000060/R000000051
R000000054/5.212621/0279/R000000055/R000000058
R000000054/5.212621/0279/R000000055/R000000058
R000000038/5.791801/0294/R000000054
Q000000003/4.159427/0000/R000000062
M000000066/1.000000/0000/Sigma_BB-28777424
R000000065/1.111111/0287/M000000066
R000000068/1.000000/0000/Guesstimate
R000000067/1.111111/0288/R000000068
R000000069/9.900000/0000/Guesstimate
R000000067/9.900000/0198/R000000069
R000000064/2.469136/0301/R000000065/R000000067
R000000064/2.469136/0301/R000000065/R000000067
R000000063/2.743484/0295/R000000064
R000000070/1.000000/0000/Guesstimate
R000000062/4.159427/0122/R000000063/R000000070
R000000071/4.159427/0122/R000000063/R000000046
R000000071/4.159427/0122/R000000063/R000000046
R000000062/4.621586/0153/R000000071
<NEXT>