#
#  Reaction log file
#  Author: LigBuilder V3 User_Diana
#  Creation time: Tue Feb 24 21:39:38 2026
#  Format:
#  QueryMoleculeId/Cost/SynthesizeId/ReactantId1/ReactantId2/ReactantId3.....
#  Id prefix:
#  Q --- Query Molecule
#  M --- Material
#  R --- Reactant
#
Directory      result/synthesize_HsDHODH/261/DATABASE/
#
Q000000001/7.163543/0000/R000000001
R000000004/1.000000/0000/Guesstimate
R000000006/1.000000/0000/Guesstimate
R000000007/1.000000/0000/Guesstimate
R000000005/2.222222/0001/R000000006/R000000007
R000000008/1.000000/0000/Guesstimate
R000000005/2.222222/0003/R000000007/R000000008
R000000003/3.580247/0081/R000000004/R000000005
R000000010/1.000000/0000/Guesstimate
R000000009/3.580247/0081/R000000010/R000000005
R000000011/1.000000/0000/Guesstimate
R000000009/3.580247/0210/R000000011/R000000005
R000000003/3.978053/0082/R000000009
R000000002/3.978053/0040/R000000003
R000000014/1.000000/0000/Guesstimate
R000000013/1.111111/0118/R000000014
R000000015/1.000000/0000/Guesstimate
R000000013/2.222222/0112/R000000014/R000000015
R000000012/3.703704/0081/R000000013/R000000005
R000000017/1.000000/0000/Guesstimate
R000000016/1.111111/0118/R000000017
R000000016/2.222222/0112/R000000017/R000000015
R000000012/3.703704/0210/R000000016/R000000005
R000000002/4.115227/0024/R000000012
R000000020/1.000000/0000/Guesstimate
R000000019/2.222222/0003/R000000020/R000000006
R000000021/1.000000/0000/Guesstimate
R000000022/1.000000/0000/Guesstimate
R000000019/2.222222/0049/R000000021/R000000022
R000000018/2.469136/0147/R000000019
R000000024/1.111111/0040/R000000021
M000000025/1.000000/0000/Sigma_BB-27468255
R000000024/1.111111/0197/M000000025
R000000026/1.000000/0000/Guesstimate
R000000023/2.345679/0003/R000000024/R000000026
R000000028/1.000000/0000/Guesstimate
R000000027/2.222222/0004/R000000020/R000000028
R000000029/1.000000/0000/Guesstimate
M000000030/1.000000/0000/Sigma_BB-28775620
R000000027/2.222222/0274/R000000029/M000000030
R000000031/1.000000/0000/Guesstimate
R000000023/3.580247/0049/R000000027/R000000031
R000000018/2.606310/0147/R000000023
R000000001/7.163543/0003/R000000002/R000000018
R000000034/4.115227/0093/R000000012
R000000035/4.115227/0197/R000000012
R000000034/5.683586/0004/R000000035/R000000006
R000000033/4.572474/0085/R000000034
R000000033/5.683586/0004/R000000035/R000000028
M000000038/1.000000/0000/Sigma_BB-28777053
R000000037/1.111111/0086/M000000038
R000000037/1.111111/0091/M000000038
R000000036/1.234568/0079/R000000037
M000000040/1.000000/0000/Sigma_BB-28778979
R000000039/2.222222/0212/M000000040/M000000038
R000000039/3.854596/0004/R000000007/R000000018
R000000036/2.469136/0009/R000000039
R000000032/6.452270/0049/R000000033/R000000036
R000000032/6.858711/0003/R000000012/R000000018
R000000001/7.169188/0024/R000000032
Q000000002/4.130468/0000/R000000041
M000000045/1.000000/0000/Sigma_BB-161564803
R000000044/1.111111/0299/M000000045
R000000046/1.000000/0000/Guesstimate
R000000043/2.345679/0274/R000000044/R000000046
R000000047/1.000000/0000/Guesstimate
R000000043/2.345679/0282/R000000044/R000000047
R000000048/1.000000/0000/Guesstimate
R000000042/3.717421/0175/R000000043/R000000048
R000000042/3.717421/0290/R000000043/R000000048
R000000041/4.130468/0153/R000000042
R000000052/1.000000/0000/Guesstimate
M000000053/1.000000/0000/Sigma_BB-128362675
R000000051/2.222222/0003/R000000052/M000000053
R000000054/1.000000/0000/Guesstimate
R000000050/3.580247/0012/R000000051/R000000054
R000000056/1.000000/0000/Guesstimate
R000000055/3.580247/0012/R000000051/R000000056
R000000055/3.580247/0285/R000000051/R000000056
R000000057/1.000000/0000/Guesstimate
R000000050/5.089163/0279/R000000055/R000000057
R000000049/5.089163/0159/R000000050/R000000006
R000000060/1.000000/0000/Guesstimate
R000000059/2.222222/0004/R000000060/R000000007
R000000058/2.469136/0009/R000000059
R000000062/1.000000/0000/Guesstimate
R000000061/2.222222/0279/R000000057/R000000062
R000000061/2.222222/0279/R000000057/R000000062
R000000058/2.469136/0079/R000000061
R000000064/2.222222/0004/R000000028/M000000053
R000000063/3.580247/0049/R000000056/R000000064
R000000065/3.978053/0147/R000000055
R000000063/4.420059/0082/R000000065
R000000049/6.721537/0159/R000000058/R000000063
R000000041/5.654626/0059/R000000049
<NEXT>