#
#  Reaction log file
#  Author: LigBuilder V3 User_Diana
#  Creation time: Tue Feb 24 21:39:28 2026
#  Format:
#  QueryMoleculeId/Cost/SynthesizeId/ReactantId1/ReactantId2/ReactantId3.....
#  Id prefix:
#  Q --- Query Molecule
#  M --- Material
#  R --- Reactant
#
Directory      result/synthesize_HsDHODH/267/DATABASE/
#
Q000000001/Analysis Failed
Q000000002/8.183412/0000/R000000001
M000000007/1.000000/0000/Sigma_BB-28779014
R000000008/1.000000/0000/Guesstimate
R000000006/2.222222/0224/M000000007/R000000008
R000000005/2.469136/0119/R000000006
R000000009/2.222222/0119/M000000007/R000000008
R000000009/2.222222/0280/M000000007/R000000008
R000000005/2.469136/0224/R000000009
R000000010/1.000000/0000/Guesstimate
R000000004/3.854596/0212/R000000005/R000000010
R000000012/1.000000/0000/Guesstimate
R000000011/3.854596/0212/R000000005/R000000012
R000000011/3.854596/0212/R000000005/R000000012
R000000004/4.282884/0041/R000000011
R000000003/4.282884/0295/R000000004
R000000002/4.758760/0155/R000000003
R000000013/4.758760/0139/R000000003
R000000013/4.758760/0295/R000000003
R000000002/5.287512/0228/R000000013
R000000016/1.111111/0087/R000000010
R000000017/1.000000/0000/Guesstimate
R000000016/1.111111/0198/R000000017
R000000018/1.000000/0000/Guesstimate
R000000015/2.345679/0112/R000000016/R000000018
R000000019/2.222222/0112/R000000017/R000000018
R000000015/2.469136/0198/R000000019
R000000014/2.606310/0147/R000000015
R000000023/1.000000/0000/Guesstimate
R000000022/2.222222/0004/R000000023/R000000018
R000000024/1.000000/0000/Guesstimate
R000000025/1.000000/0000/Guesstimate
R000000022/3.333333/0225/R000000024/R000000018/R000000025
R000000026/1.000000/0000/Guesstimate
R000000021/3.580247/0212/R000000022/R000000026
R000000021/3.580247/0212/R000000022/R000000026
R000000020/3.978053/0118/R000000021
R000000027/1.000000/0000/Guesstimate
R000000020/5.089163/0112/R000000021/R000000027
R000000014/4.420059/0041/R000000020
R000000001/8.183412/0301/R000000002/R000000014
R000000031/1.000000/0000/Guesstimate
R000000030/2.222222/0004/R000000031/R000000010
M000000032/1.000000/0000/Sigma_BB-28760742
R000000033/1.000000/0000/Guesstimate
R000000030/2.222222/0004/M000000032/R000000033
R000000029/4.938272/0212/R000000030/R000000022
R000000029/4.938272/0212/R000000030/R000000022
R000000028/8.230453/0212/R000000005/R000000029
R000000028/8.230453/0212/R000000005/R000000029
R000000001/9.144949/0295/R000000028
Q000000003/Analysis Failed
<NEXT>