#
#  Reaction log file
#  Author: LigBuilder V3 User_Diana
#  Creation time: Tue Feb 24 21:32:17 2026
#  Format:
#  QueryMoleculeId/Cost/SynthesizeId/ReactantId1/ReactantId2/ReactantId3.....
#  Id prefix:
#  Q --- Query Molecule
#  M --- Material
#  R --- Reactant
#
Directory      result/synthesize_HsDHODH/64/DATABASE/
#
Q000000001/4.282884/0000/R000000001
R000000005/1.000000/0000/Guesstimate
R000000006/1.000000/0000/Guesstimate
R000000004/2.222222/0285/R000000005/R000000006
R000000003/2.469136/0279/R000000004
R000000003/2.469136/0279/R000000004
M000000007/1.000000/0000/Sigma_BB-27334985
R000000002/3.854596/0231/R000000003/M000000007
R000000001/4.282884/0059/R000000002
R000000010/1.000000/0000/Guesstimate
R000000012/1.000000/0000/Guesstimate
R000000013/1.000000/0000/Guesstimate
R000000011/2.222222/0119/R000000012/R000000013
R000000014/1.000000/0000/Guesstimate
R000000011/2.222222/0276/R000000012/R000000014
R000000009/3.580247/0285/R000000010/R000000011
R000000008/5.089163/0231/R000000009/M000000007
R000000001/5.654626/0112/R000000008
Q000000002/5.654626/0000/R000000015
R000000019/1.000000/0000/Guesstimate
R000000020/1.000000/0000/Guesstimate
R000000018/2.222222/0224/R000000019/R000000020
R000000021/1.000000/0000/Guesstimate
R000000017/3.580247/0285/R000000018/R000000021
R000000023/1.000000/0000/Guesstimate
R000000022/3.580247/0277/R000000018/R000000023
R000000017/3.978053/0295/R000000022
M000000024/1.000000/0000/Sigma_BB-187814628
R000000016/5.089163/0231/R000000017/M000000024
R000000026/3.580247/0231/R000000018/M000000024
R000000027/1.000000/0000/Guesstimate
R000000025/5.089163/0285/R000000026/R000000027
R000000029/1.000000/0000/Guesstimate
R000000028/5.089163/0277/R000000026/R000000029
R000000025/5.654626/0295/R000000028
R000000030/1.000000/0000/Guesstimate
R000000016/6.765737/0279/R000000025/R000000030
R000000015/5.654626/0112/R000000016
R000000034/1.000000/0000/Guesstimate
R000000033/2.222222/0224/R000000034/R000000020
R000000032/3.580247/0285/R000000033/R000000014
R000000036/1.000000/0000/Guesstimate
R000000035/3.580247/0277/R000000033/R000000036
R000000032/3.978053/0295/R000000035
R000000031/5.089163/0231/R000000032/M000000024
R000000015/5.654626/0112/R000000031
Q000000003/5.654626/0000/R000000015
<NEXT>