#
#  Reaction log file
#  Author: LigBuilder V3 User_Diana
#  Creation time: Tue Feb 24 21:39:02 2026
#  Format:
#  QueryMoleculeId/Cost/SynthesizeId/ReactantId1/ReactantId2/ReactantId3.....
#  Id prefix:
#  Q --- Query Molecule
#  M --- Material
#  R --- Reactant
#
Directory      result/synthesize_HsDHODH/259/DATABASE/
#
Q000000001/3.580247/0000/R000000001
M000000003/1.000000/0000/Sigma_BB-156333969
R000000004/1.000000/0000/Guesstimate
R000000002/2.222222/0119/M000000003/R000000004
R000000006/1.000000/0000/Guesstimate
R000000005/2.222222/0119/M000000003/R000000006
M000000007/1.000000/0000/Sigma_BB-101355943
R000000005/2.222222/0221/M000000007/R000000006
R000000002/2.469136/0155/R000000005
R000000008/1.000000/0000/Guesstimate
R000000001/3.580247/0004/R000000002/R000000008
R000000011/1.000000/0000/Guesstimate
R000000010/2.222222/0119/M000000003/R000000011
R000000013/1.000000/0000/Guesstimate
R000000012/2.222222/0119/M000000003/R000000013
R000000012/2.222222/0221/M000000007/R000000013
R000000010/2.469136/0039/R000000012
R000000009/2.469136/0024/R000000010
R000000014/1.000000/0000/Guesstimate
R000000009/3.580247/0004/R000000002/R000000014
R000000015/1.000000/0000/Guesstimate
R000000001/3.854596/0004/R000000009/R000000015
Q000000002/3.580247/0000/R000000001
Q000000003/4.282884/0000/R000000016
R000000020/1.000000/0000/Guesstimate
M000000021/1.000000/0000/Sigma_BB-28785599
R000000019/2.222222/0003/R000000020/M000000021
R000000018/2.469136/0099/R000000019
R000000023/1.000000/0000/Guesstimate
R000000022/3.580247/0224/R000000019/R000000023
R000000018/3.978053/0150/R000000022
M000000024/1.000000/0000/Sigma_BB-28775296
R000000017/3.854596/0112/R000000018/M000000024
R000000027/1.000000/0000/Guesstimate
R000000026/3.854596/0112/R000000018/R000000027
R000000025/4.282884/0197/R000000026
M000000028/1.000000/0000/Sigma_BB-128362448
R000000017/5.869872/0112/R000000025/M000000028
R000000016/4.282884/0059/R000000017
R000000031/1.000000/0000/Guesstimate
R000000030/1.111111/0040/R000000031
R000000032/1.000000/0000/Guesstimate
R000000030/2.222222/0004/R000000032/R000000014
R000000034/2.222222/0112/M000000021/M000000024
R000000033/2.469136/0059/R000000034
R000000035/1.000000/0000/Guesstimate
R000000033/3.580247/0224/R000000034/R000000035
R000000029/3.978053/0112/R000000030/R000000033
R000000016/4.420059/0099/R000000029
<NEXT>