#
#  Reaction log file
#  Author: LigBuilder V3 User_Diana
#  Creation time: Tue Feb 24 21:38:43 2026
#  Format:
#  QueryMoleculeId/Cost/SynthesizeId/ReactantId1/ReactantId2/ReactantId3.....
#  Id prefix:
#  Q --- Query Molecule
#  M --- Material
#  R --- Reactant
#
Directory      result/synthesize_HsDHODH/249/DATABASE/
#
Q000000001/7.807076/0000/R000000001
M000000006/1.000000/0000/Sigma_BB-195939319
R000000007/1.000000/0000/Guesstimate
R000000005/2.222222/0142/M000000006/R000000007
M000000008/1.000000/0000/Sigma_BB-240624990
R000000009/1.000000/0000/Guesstimate
R000000005/2.222222/0231/M000000008/R000000009
R000000004/2.469136/0294/R000000005
R000000011/1.000000/0000/Guesstimate
R000000010/2.222222/0231/M000000008/R000000011
R000000004/2.469136/0294/R000000010
R000000003/3.854596/0274/R000000004/R000000007
R000000014/1.000000/0000/Guesstimate
R000000013/3.854596/0274/R000000004/R000000014
R000000016/1.000000/0000/Guesstimate
R000000015/3.854596/0274/R000000004/R000000016
R000000019/1.000000/0000/Guesstimate
R000000018/2.222222/0231/M000000008/R000000019
R000000018/2.469136/0091/R000000005
R000000017/2.469136/0294/R000000018
R000000017/2.743484/0091/R000000004
R000000020/1.000000/0000/Guesstimate
R000000015/3.854596/0275/R000000017/R000000020
R000000013/4.282884/0155/R000000015
R000000021/1.000000/0000/Guesstimate
R000000012/5.393995/0112/R000000013/R000000021
R000000003/5.993328/0040/R000000012
M000000024/1.000000/0000/Sigma_BB-28838980
R000000025/1.000000/0000/Guesstimate
R000000023/2.222222/0224/M000000024/R000000025
R000000022/2.469136/0082/R000000023
M000000027/1.000000/0000/Sigma_BB-28760789
R000000026/2.222222/0224/M000000027/R000000025
R000000022/2.469136/0204/R000000026
R000000002/7.026369/0212/R000000003/R000000022
R000000002/7.026369/0212/R000000003/R000000022
R000000001/7.807076/0122/R000000002
R000000031/1.000000/0000/Guesstimate
R000000032/1.000000/0000/Guesstimate
R000000030/2.222222/0224/R000000031/R000000032
R000000029/2.469136/0024/R000000030
R000000034/1.000000/0000/Guesstimate
R000000033/2.222222/0224/R000000034/R000000032
R000000029/2.469136/0040/R000000033
R000000028/7.026369/0212/R000000003/R000000029
R000000028/7.026369/0212/R000000003/R000000029
R000000035/1.000000/0000/Guesstimate
R000000001/8.918188/0170/R000000028/R000000035
Q000000002/7.976428/0000/R000000036
M000000041/1.000000/0000/Sigma_BB-161564803
R000000040/1.111111/0299/M000000041
R000000039/1.234568/0114/R000000040
R000000042/1.000000/0000/Guesstimate
R000000038/2.482853/0004/R000000039/R000000042
R000000044/1.000000/0000/Guesstimate
R000000043/2.482853/0277/R000000039/R000000044
R000000045/1.000000/0000/Guesstimate
R000000043/2.482853/0301/R000000039/R000000045
R000000038/2.758726/0024/R000000043
R000000048/1.000000/0000/Guesstimate
R000000050/1.000000/0000/Guesstimate
R000000049/2.222222/0119/R000000032/R000000050
R000000051/1.000000/0000/Guesstimate
R000000052/1.000000/0000/Guesstimate
R000000049/2.222222/0224/R000000051/R000000052
R000000047/3.580247/0224/R000000048/R000000049
R000000046/3.978053/0153/R000000047
R000000055/1.000000/0000/Guesstimate
R000000054/2.222222/0119/R000000032/R000000055
R000000054/2.469136/0091/R000000049
R000000053/3.580247/0224/R000000048/R000000054
R000000046/3.978053/0154/R000000053
R000000037/7.178785/0274/R000000038/R000000046
R000000058/2.345679/0274/R000000040/R000000014
R000000059/1.234568/0091/R000000040
R000000058/2.482853/0275/R000000059/R000000016
R000000057/2.606310/0118/R000000058
R000000057/3.717421/0112/R000000058/R000000021
R000000061/1.000000/0000/Guesstimate
R000000060/1.111111/0040/R000000061
R000000062/1.000000/0000/Guesstimate
R000000060/2.222222/0004/R000000042/R000000062
R000000056/4.130468/0175/R000000057/R000000060
R000000068/1.000000/0000/Guesstimate
R000000069/1.000000/0000/Guesstimate
R000000067/2.222222/0279/R000000068/R000000069
R000000067/2.222222/0279/R000000068/R000000069
R000000071/1.000000/0000/Guesstimate
R000000072/1.000000/0000/Guesstimate
R000000070/2.222222/0112/R000000071/R000000072
R000000066/4.938272/0159/R000000067/R000000070
R000000076/1.000000/0000/Guesstimate
R000000077/1.000000/0000/Guesstimate
R000000075/2.222222/0279/R000000076/R000000077
R000000075/2.222222/0279/R000000076/R000000077
R000000074/2.469136/0079/R000000075
R000000079/1.000000/0000/Guesstimate
R000000078/2.222222/0279/R000000079/R000000076
R000000078/2.222222/0279/R000000079/R000000076
R000000074/2.469136/0082/R000000078
R000000073/5.212621/0159/R000000074/R000000070
R000000083/1.000000/0000/Guesstimate
R000000082/2.222222/0112/R000000071/R000000083
R000000082/2.469136/0091/R000000070
R000000081/5.212621/0159/R000000074/R000000082
R000000081/5.212621/0159/R000000074/R000000082
R000000080/5.791801/0079/R000000081
R000000084/1.000000/0000/Guesstimate
R000000080/6.902912/0112/R000000081/R000000084
R000000073/6.435335/0040/R000000080
R000000066/5.791801/0024/R000000073
M000000085/1.000000/0000/Sigma_BB-30407107
R000000065/6.598080/0274/R000000066/M000000085
M000000086/1.000000/0000/Sigma_BB-28782701
R000000065/6.598080/0282/R000000066/M000000086
R000000064/7.331201/0009/R000000065
R000000089/3.580247/0274/R000000070/R000000014
R000000089/3.580247/0275/R000000082/R000000016
R000000088/6.721537/0159/R000000074/R000000089
R000000088/6.902912/0275/R000000081/R000000016
R000000087/8.579486/0112/R000000088/R000000021
R000000091/1.000000/0000/Guesstimate
R000000090/6.902912/0274/R000000073/R000000091
R000000092/1.000000/0000/Guesstimate
R000000090/6.902912/0275/R000000081/R000000092
R000000087/8.781013/0112/R000000090/R000000084
R000000064/9.532763/0024/R000000087
R000000063/8.145779/0093/R000000064
R000000056/9.050865/0093/R000000063
R000000093/2.469136/0153/R000000049
R000000093/2.469136/0154/R000000054
R000000037/7.332894/0224/R000000056/R000000093
R000000036/7.976428/0073/R000000037
R000000097/2.482853/0174/R000000059/R000000021
R000000097/2.482853/0289/R000000059/R000000021
R000000098/1.000000/0000/Guesstimate
R000000096/3.869837/0275/R000000097/R000000098
R000000095/4.299819/0024/R000000096
R000000100/3.717421/0174/R000000058/R000000021
R000000100/3.869837/0275/R000000097/R000000016
R000000099/4.130468/0118/R000000100
R000000099/5.241580/0112/R000000100/R000000021
R000000095/4.589409/0040/R000000099
R000000103/1.000000/0000/Guesstimate
R000000102/3.580247/0276/R000000030/R000000103
R000000102/3.580247/0278/R000000030/R000000103
R000000101/3.978053/0024/R000000102
R000000104/3.580247/0276/R000000033/R000000103
R000000104/3.580247/0278/R000000033/R000000103
R000000101/3.978053/0040/R000000104
R000000094/9.197636/0212/R000000095/R000000101
R000000094/9.197636/0212/R000000095/R000000101
R000000036/9.197636/0040/R000000094
Q000000003/7.807076/0000/R000000001
<NEXT>