#
#  Reaction log file
#  Author: LigBuilder V3 User_Diana
#  Creation time: Tue Feb 24 21:38:23 2026
#  Format:
#  QueryMoleculeId/Cost/SynthesizeId/ReactantId1/ReactantId2/ReactantId3.....
#  Id prefix:
#  Q --- Query Molecule
#  M --- Material
#  R --- Reactant
#
Directory      result/synthesize_HsDHODH/248/DATABASE/
#
Q000000001/3.869837/0000/R000000001
M000000005/1.000000/0000/Sigma_BB-161564803
R000000004/1.111111/0299/M000000005
R000000003/1.234568/0287/R000000004
M000000007/1.000000/0000/Sigma_BB-28867296
R000000008/1.000000/0000/Guesstimate
R000000006/2.222222/0142/M000000007/R000000008
M000000009/1.000000/0000/Sigma_BB-151011721
R000000010/1.000000/0000/Guesstimate
R000000006/2.222222/0231/M000000009/R000000010
R000000003/2.469136/0294/R000000006
R000000011/1.000000/0000/Guesstimate
R000000002/2.482853/0274/R000000003/R000000011
R000000014/1.000000/0000/Guesstimate
R000000013/2.345679/0274/R000000004/R000000014
R000000015/1.000000/0000/Guesstimate
R000000013/2.345679/0282/R000000004/R000000015
R000000012/2.606310/0287/R000000013
R000000016/1.000000/0000/Guesstimate
R000000002/4.007011/0274/R000000012/R000000016
R000000017/1.000000/0000/Guesstimate
R000000001/3.869837/0112/R000000002/R000000017
R000000019/2.345679/0274/R000000004/R000000011
R000000019/3.717421/0274/R000000013/R000000016
R000000020/1.000000/0000/Guesstimate
R000000018/3.717421/0174/R000000019/R000000020
R000000018/3.869837/0112/R000000002/R000000020
R000000001/4.130468/0147/R000000018
Q000000002/3.869837/0000/R000000001
Q000000003/3.869837/0000/R000000001
<NEXT>