#
#  Reaction log file
#  Author: LigBuilder V3 User_Diana
#  Creation time: Tue Feb 24 21:38:03 2026
#  Format:
#  QueryMoleculeId/Cost/SynthesizeId/ReactantId1/ReactantId2/ReactantId3.....
#  Id prefix:
#  Q --- Query Molecule
#  M --- Material
#  R --- Reactant
#
Directory      result/synthesize_HsDHODH/231/DATABASE/
#
Q000000001/6.130503/0000/R000000001
R000000006/1.000000/0000/Guesstimate
R000000007/1.000000/0000/Guesstimate
R000000005/2.222222/0279/R000000006/R000000007
R000000005/2.222222/0279/R000000006/R000000007
R000000004/2.469136/0112/R000000005
R000000008/8.000000/0000/Guesstimate
R000000004/8.888889/0082/R000000008
M000000009/1.000000/0000/Sigma_BB-27949720
R000000003/3.854596/0231/R000000004/M000000009
R000000003/9.600000/0231/R000000004/M000000009
M000000011/1.000000/0000/Sigma_BB-28830366
R000000010/1.111111/0087/M000000011
R000000012/1.111111/0085/M000000011
R000000010/1.234568/0086/R000000012
R000000002/5.517452/0175/R000000003/R000000010
M000000015/1.000000/0000/Sigma_BB-28766566
R000000014/2.345679/0175/M000000015/R000000010
R000000014/2.345679/0290/M000000015/R000000010
R000000013/2.606310/0041/R000000014
M000000017/1.000000/0000/Sigma_BB-61880474
R000000016/2.345679/0112/M000000017/R000000010
R000000016/2.345679/0174/M000000009/R000000010
R000000013/2.606310/0147/R000000016
R000000002/5.639385/0231/R000000004/R000000013
R000000001/6.130503/0028/R000000002
R000000020/1.111111/0114/M000000009
R000000022/1.000000/0000/Guesstimate
R000000021/2.222222/0004/M000000017/R000000022
R000000023/1.000000/0000/Guesstimate
R000000021/2.222222/0175/M000000009/R000000023
R000000020/2.469136/0197/R000000021
R000000019/3.978053/0231/R000000004/R000000020
R000000024/5.212621/0231/R000000004/R000000021
R000000019/5.791801/0197/R000000024
M000000027/1.000000/0000/Sigma_BB-28764950
R000000026/1.111111/0197/M000000027
R000000025/1.234568/0197/R000000026
R000000028/9.200000/0000/Guesstimate
R000000025/9.200000/0155/R000000028
R000000018/5.791801/0301/R000000019/R000000025
R000000029/3.703704/0212/R000000021/R000000026
R000000029/3.703704/0212/R000000021/R000000026
R000000018/6.858711/0231/R000000004/R000000029
R000000001/6.435335/0028/R000000018
Q000000002/3.869837/0000/R000000030
M000000034/1.000000/0000/Sigma_BB-70161764
R000000033/1.111111/0233/M000000034
R000000033/1.111111/0258/M000000034
R000000032/1.234568/0295/R000000033
R000000032/9.400000/0257/R000000035
R000000036/1.000000/0000/Guesstimate
R000000031/2.482853/0274/R000000032/R000000036
M000000039/1.000000/0000/Sigma_BB-48961791
R000000038/1.111111/0099/M000000039
R000000037/1.234568/0293/R000000038
R000000040/1.234568/0155/R000000033
R000000037/1.371742/0295/R000000040
R000000041/1.000000/0000/Guesstimate
R000000031/2.482853/0274/R000000037/R000000041
R000000030/3.869837/0231/R000000031/M000000009
R000000045/1.000000/0000/Guesstimate
R000000044/2.345679/0274/R000000033/R000000045
R000000044/2.482853/0274/R000000040/R000000036
R000000043/2.606310/0295/R000000044
R000000047/1.000000/0000/Guesstimate
R000000046/2.482853/0274/R000000032/R000000047
R000000048/1.000000/0000/Guesstimate
R000000046/2.482853/0274/R000000037/R000000048
R000000043/2.758726/0300/R000000046
R000000042/4.007011/0231/R000000043/M000000009
R000000049/1.000000/0000/Guesstimate
R000000030/5.563346/0274/R000000042/R000000049
Q000000003/4.436994/0000/R000000050
R000000052/2.482853/0231/R000000032/M000000009
R000000053/2.482853/0231/R000000032/M000000015
R000000052/2.758726/0041/R000000053
M000000055/1.000000/0000/Sigma_BB-332441958
R000000054/1.111111/0288/M000000055
R000000056/1.111111/0245/M000000055
R000000056/1.111111/0245/M000000055
R000000054/1.234568/0155/R000000056
R000000051/3.993294/0274/R000000052/R000000054
R000000057/2.606310/0274/R000000032/R000000054
R000000058/2.345679/0274/R000000049/R000000054
R000000057/3.978052/0274/R000000037/R000000058
R000000051/4.007011/0231/R000000057/M000000009
R000000050/4.436994/0028/R000000051
R000000050/4.436994/0028/R000000051
<NEXT>