#
#  Reaction log file
#  Author: LigBuilder V3 User_Diana
#  Creation time: Tue Feb 24 21:32:39 2026
#  Format:
#  QueryMoleculeId/Cost/SynthesizeId/ReactantId1/ReactantId2/ReactantId3.....
#  Id prefix:
#  Q --- Query Molecule
#  M --- Material
#  R --- Reactant
#
Directory      result/synthesize_HsDHODH/79/DATABASE/
#
Q000000001/5.993328/0000/R000000001
R000000006/1.000000/0000/Guesstimate
R000000007/1.000000/0000/Guesstimate
R000000005/2.222222/0285/R000000006/R000000007
R000000004/2.469136/0279/R000000005
R000000004/2.469136/0279/R000000005
M000000008/1.000000/0000/Sigma_BB-28798706
R000000003/3.854596/0231/R000000004/M000000008
M000000010/1.000000/0000/Sigma_BB-28421609
R000000009/3.854596/0231/R000000004/M000000010
R000000003/4.282884/0041/R000000009
R000000011/1.000000/0000/Guesstimate
R000000002/5.393995/0274/R000000003/R000000011
R000000014/1.000000/0000/Guesstimate
R000000013/2.222222/0274/M000000008/R000000014
R000000012/2.469136/0147/R000000013
R000000016/1.000000/0000/Guesstimate
R000000015/2.222222/0274/M000000008/R000000016
R000000012/2.469136/0147/R000000015
R000000002/5.486969/0231/R000000004/R000000012
R000000001/5.993328/0059/R000000002
R000000021/1.000000/0000/Guesstimate
R000000022/1.000000/0000/Guesstimate
R000000020/2.222222/0279/R000000021/R000000022
R000000020/2.222222/0279/R000000021/R000000022
R000000019/2.469136/0279/R000000020
R000000023/2.222222/0279/R000000021/R000000022
R000000023/2.222222/0279/R000000021/R000000022
R000000019/2.469136/0279/R000000023
R000000018/3.854596/0231/R000000019/M000000008
R000000024/3.854596/0231/R000000019/M000000010
R000000018/4.282884/0041/R000000024
R000000017/5.393995/0274/R000000018/R000000011
R000000017/5.486969/0231/R000000019/R000000012
R000000025/1.000000/0000/Guesstimate
R000000001/7.104439/0095/R000000017/R000000025
Q000000002/4.282884/0000/R000000026
M000000028/1.000000/0000/Sigma_BB-28839435
R000000027/3.854596/0231/R000000004/M000000028
M000000030/1.000000/0000/Sigma_BB-28758302
R000000029/3.854596/0231/R000000004/M000000030
R000000032/2.743484/0059/R000000004
R000000032/3.854596/0095/R000000019/R000000025
R000000031/4.159427/0231/R000000032/M000000030
R000000029/4.621586/0260/R000000031
R000000033/1.000000/0000/Guesstimate
R000000027/5.393995/0231/R000000029/R000000033
R000000026/4.282884/0059/R000000027
M000000037/1.000000/0000/Sigma_BB-187814628
M000000038/1.000000/0000/Sigma_BB-28830366
R000000036/2.222222/0004/M000000037/M000000038
R000000035/2.469136/0197/R000000036
R000000034/5.791801/0231/R000000032/R000000035
R000000026/6.435335/0028/R000000034
Q000000003/4.282884/0000/R000000026
<NEXT>