#
#  Reaction log file
#  Author: LigBuilder V3 User_Diana
#  Creation time: Tue Feb 24 21:35:17 2026
#  Format:
#  QueryMoleculeId/Cost/SynthesizeId/ReactantId1/ReactantId2/ReactantId3.....
#  Id prefix:
#  Q --- Query Molecule
#  M --- Material
#  R --- Reactant
#
Directory      result/synthesize_HsDHODH/157/DATABASE/
#
Q000000001/6.096632/0000/R000000001
M000000005/1.000000/0000/Sigma_BB-30924817
R000000006/1.000000/0000/Guesstimate
R000000004/2.222222/0274/M000000005/R000000006
R000000007/1.000000/0000/Guesstimate
R000000004/2.222222/0282/M000000005/R000000007
R000000003/2.469136/0147/R000000004
R000000009/1.000000/0000/Guesstimate
R000000008/2.222222/0274/M000000005/R000000009
R000000010/1.000000/0000/Guesstimate
R000000008/2.222222/0282/M000000005/R000000010
R000000003/2.469136/0147/R000000008
R000000013/1.000000/0000/Guesstimate
R000000014/1.000000/0000/Guesstimate
R000000012/2.222222/0226/R000000013/R000000014
R000000015/1.000000/0000/Guesstimate
R000000012/2.222222/0277/R000000013/R000000015
R000000011/2.469136/0041/R000000012
R000000017/1.000000/0000/Guesstimate
R000000016/2.222222/0226/R000000013/R000000017
R000000018/1.000000/0000/Guesstimate
R000000016/2.222222/0277/R000000013/R000000018
R000000019/1.000000/0000/Guesstimate
R000000011/3.580247/0170/R000000016/R000000019
R000000002/5.486969/0231/R000000003/R000000011
R000000021/3.580247/0231/R000000004/R000000013
R000000020/3.978053/0147/R000000021
R000000023/1.000000/0000/Guesstimate
R000000022/3.854596/0231/R000000003/R000000023
R000000020/4.282884/0082/R000000022
R000000024/1.000000/0000/Guesstimate
R000000002/5.531170/0226/R000000020/R000000024
R000000001/6.096632/0099/R000000002
R000000028/1.000000/0000/Guesstimate
R000000029/1.000000/0000/Guesstimate
R000000027/2.222222/0279/R000000028/R000000029
R000000027/2.222222/0279/R000000028/R000000029
R000000030/1.000000/0000/Guesstimate
R000000026/3.580247/0274/R000000027/R000000030
R000000031/2.222222/0274/R000000029/R000000030
R000000026/3.580247/0279/R000000028/R000000031
R000000033/1.000000/0000/Guesstimate
R000000035/1.000000/0000/Guesstimate
R000000036/1.000000/0000/Guesstimate
R000000034/2.222222/0170/R000000035/R000000036
R000000037/1.000000/0000/Guesstimate
R000000034/2.222222/0170/R000000037/R000000014
R000000032/3.580247/0061/R000000033/R000000034
R000000039/1.000000/0000/Guesstimate
R000000038/2.222222/0170/R000000039/R000000036
R000000038/2.469136/0041/R000000034
R000000032/3.580247/0062/R000000033/R000000038
R000000025/7.956105/0159/R000000026/R000000032
R000000041/2.222222/0061/R000000033/R000000035
R000000041/2.222222/0062/R000000033/R000000039
R000000040/6.447188/0159/R000000026/R000000041
R000000042/4.938272/0159/R000000027/R000000041
R000000043/7.600000/0000/Guesstimate
R000000042/9.555556/0231/M000000005/R000000043
R000000040/6.598080/0274/R000000042/R000000030
R000000025/8.274654/0170/R000000040/R000000036
R000000001/8.840117/0041/R000000025
Q000000002/6.096632/0000/R000000001
Q000000003/5.807042/0000/R000000044
M000000048/1.000000/0000/Sigma_BB-243967605
R000000047/1.111111/0299/M000000048
M000000050/1.000000/0000/Sigma_BB-308324471
R000000049/1.111111/0125/M000000050
R000000051/1.000000/0000/Guesstimate
R000000049/2.222222/0112/M000000050/R000000051
R000000047/1.234568/0041/R000000049
R000000053/1.000000/0000/Guesstimate
R000000052/2.222222/0277/R000000013/R000000053
R000000046/3.703704/0231/R000000047/R000000052
R000000054/2.345679/0231/R000000047/R000000013
R000000046/3.717421/0277/R000000054/R000000053
M000000055/1.000000/0000/Sigma_BB-27948306
R000000045/5.226338/0170/R000000046/M000000055
R000000056/3.717421/0226/R000000054/R000000017
R000000057/3.703704/0231/R000000049/R000000016
R000000056/4.115227/0041/R000000057
M000000058/1.000000/0000/Sigma_BB-156333960
R000000045/5.241580/0170/R000000056/M000000058
R000000044/5.807042/0099/R000000045
R000000062/1.000000/0000/Guesstimate
R000000063/1.000000/0000/Guesstimate
R000000061/2.222222/0004/R000000062/R000000063
R000000060/2.469136/0009/R000000061
R000000065/1.000000/0000/Guesstimate
R000000066/1.000000/0000/Guesstimate
R000000064/2.222222/0279/R000000065/R000000066
R000000064/2.222222/0279/R000000065/R000000066
R000000060/2.469136/0079/R000000064
R000000068/2.222222/0170/R000000035/M000000058
R000000068/2.222222/0170/R000000037/M000000055
R000000067/3.580247/0061/R000000033/R000000068
R000000069/2.222222/0170/R000000039/M000000058
R000000069/2.469136/0041/R000000068
R000000067/3.580247/0062/R000000033/R000000069
R000000059/6.721537/0159/R000000060/R000000067
R000000071/2.222222/0061/R000000033/R000000037
R000000072/1.000000/0000/Guesstimate
R000000071/2.222222/0062/R000000033/R000000072
R000000070/5.212621/0159/R000000060/R000000071
R000000073/4.938272/0159/R000000027/R000000071
R000000070/5.486969/0204/R000000073
R000000059/6.902912/0170/R000000070/M000000055
R000000044/7.468375/0041/R000000059
<NEXT>