#
#  Reaction log file
#  Author: LigBuilder V3 User_Diana
#  Creation time: Tue Feb 24 21:32:28 2026
#  Format:
#  QueryMoleculeId/Cost/SynthesizeId/ReactantId1/ReactantId2/ReactantId3.....
#  Id prefix:
#  Q --- Query Molecule
#  M --- Material
#  R --- Reactant
#
Directory      result/synthesize_HsDHODH/71/DATABASE/
#
Q000000001/5.654626/0000/R000000001
R000000005/1.000000/0000/Guesstimate
R000000006/1.000000/0000/Guesstimate
R000000004/2.222222/0224/R000000005/R000000006
R000000007/1.000000/0000/Guesstimate
R000000003/3.580247/0285/R000000004/R000000007
R000000009/1.000000/0000/Guesstimate
R000000008/3.580247/0277/R000000004/R000000009
R000000003/3.978053/0295/R000000008
M000000010/1.000000/0000/Sigma_BB-187814628
R000000002/5.089163/0231/R000000003/M000000010
R000000012/3.580247/0231/R000000004/M000000010
R000000013/1.000000/0000/Guesstimate
R000000011/5.089163/0285/R000000012/R000000013
R000000015/1.000000/0000/Guesstimate
R000000014/5.089163/0277/R000000012/R000000015
R000000011/5.654626/0295/R000000014
R000000016/1.000000/0000/Guesstimate
R000000002/6.765737/0279/R000000011/R000000016
R000000001/5.654626/0112/R000000002
R000000020/1.000000/0000/Guesstimate
R000000019/2.222222/0224/R000000020/R000000006
R000000021/1.000000/0000/Guesstimate
R000000018/3.580247/0285/R000000019/R000000021
R000000023/1.000000/0000/Guesstimate
R000000022/3.580247/0277/R000000019/R000000023
R000000018/3.978053/0295/R000000022
R000000017/5.089163/0231/R000000018/M000000010
R000000001/5.654626/0112/R000000017
Q000000002/7.207744/0000/R000000024
R000000028/1.000000/0000/Guesstimate
R000000027/2.222222/0012/R000000028/R000000013
R000000029/1.000000/0000/Guesstimate
R000000030/1.000000/0000/Guesstimate
R000000027/2.222222/0112/R000000029/R000000030
R000000032/1.000000/0000/Guesstimate
R000000033/1.000000/0000/Guesstimate
R000000031/2.222222/0119/R000000032/R000000033
R000000031/2.222222/0276/R000000021/R000000033
R000000026/4.938272/0279/R000000027/R000000031
R000000026/4.938272/0279/R000000027/R000000031
R000000025/5.486969/0285/R000000026
M000000034/1.000000/0000/Sigma_BB-34437027
R000000024/7.207744/0231/R000000025/M000000034
R000000038/1.000000/0000/Guesstimate
R000000039/1.000000/0000/Guesstimate
R000000037/2.222222/0003/R000000038/R000000039
R000000037/2.222222/0012/R000000028/R000000013
R000000036/3.580247/0012/R000000037/R000000013
R000000036/3.580247/0012/R000000027/R000000013
M000000042/1.000000/0000/Sigma_BB-28777794
R000000041/2.222222/0224/M000000042/R000000033
R000000040/2.469136/0295/R000000041
R000000043/7.400000/0000/Guesstimate
R000000040/9.333333/0231/R000000043/M000000034
R000000035/6.721537/0279/R000000036/R000000040
R000000045/3.580247/0285/R000000028/R000000031
R000000044/5.089163/0012/R000000045/R000000013
R000000047/1.000000/0000/Guesstimate
R000000046/5.089163/0226/R000000045/R000000047
R000000048/1.000000/0000/Guesstimate
R000000046/5.089163/0277/R000000045/R000000048
R000000044/5.654626/0150/R000000046
R000000035/6.765737/0231/R000000044/M000000034
R000000024/7.468375/0279/R000000035
Q000000003/6.145744/0000/R000000049
R000000053/1.000000/0000/Guesstimate
R000000052/3.580247/0279/R000000053/R000000031
R000000052/3.580247/0279/R000000053/R000000031
R000000051/3.978053/0285/R000000052
R000000055/1.000000/0000/Guesstimate
R000000054/9.333333/0279/R000000055/R000000043
R000000054/9.333333/0279/R000000055/R000000043
R000000051/9.333333/0279/R000000054
M000000056/1.000000/0000/Sigma_BB-28766566
R000000050/5.531170/0231/R000000051/M000000056
R000000049/6.145744/0059/R000000050
R000000058/4.420059/0260/R000000051
R000000058/4.420059/0260/R000000051
M000000059/1.000000/0000/Sigma_BB-27336472
R000000057/6.022288/0231/R000000058/M000000059
R000000049/6.691431/0059/R000000057
<NEXT>