#
#  Reaction log file
#  Author: LigBuilder V3 User_Diana
#  Creation time: Tue Feb 24 21:38:08 2026
#  Format:
#  QueryMoleculeId/Cost/SynthesizeId/ReactantId1/ReactantId2/ReactantId3.....
#  Id prefix:
#  Q --- Query Molecule
#  M --- Material
#  R --- Reactant
#
Directory      result/synthesize_HsDHODH/237/DATABASE/
#
Q000000001/Analysis Failed
Q000000002/Analysis Failed
Q000000003/7.315958/0000/R000000001
M000000004/1.000000/0000/Sigma_BB-249437666
R000000005/1.000000/0000/Guesstimate
R000000003/2.222222/0004/M000000004/R000000005
R000000007/1.000000/0000/Guesstimate
R000000006/2.222222/0003/M000000004/R000000007
R000000003/2.469136/0040/R000000006
M000000010/1.000000/0000/Sigma_BB-28764950
R000000009/1.111111/0085/M000000010
R000000012/1.000000/0000/Guesstimate
R000000011/2.222222/0004/R000000005/R000000012
R000000013/1.000000/0000/Guesstimate
R000000014/1.000000/0000/Guesstimate
R000000011/3.333333/0225/R000000013/R000000012/R000000014
R000000008/3.703704/0212/R000000009/R000000011
R000000008/3.703704/0212/R000000009/R000000011
R000000002/6.584363/0212/R000000003/R000000008
R000000002/6.584363/0212/R000000003/R000000008
R000000001/7.315958/0028/R000000002
R000000017/3.580247/0212/M000000010/R000000011
R000000017/3.580247/0212/M000000010/R000000011
R000000016/3.978053/0085/R000000017
R000000019/1.000000/0000/Guesstimate
R000000018/5.089163/0004/R000000017/R000000019
R000000016/5.654626/0197/R000000018
R000000015/6.889194/0212/R000000003/R000000016
R000000015/6.889194/0212/R000000003/R000000016
R000000001/7.654661/0028/R000000015
<NEXT>