#
#  Reaction log file
#  Author: LigBuilder V3 User_Diana
#  Creation time: Tue Feb 24 21:32:30 2026
#  Format:
#  QueryMoleculeId/Cost/SynthesizeId/ReactantId1/ReactantId2/ReactantId3.....
#  Id prefix:
#  Q --- Query Molecule
#  M --- Material
#  R --- Reactant
#
Directory      result/synthesize_HsDHODH/61/DATABASE/
#
Q000000001/4.282884/0000/R000000001
M000000003/1.000000/0000/Sigma_BB-61879344
R000000006/1.000000/0000/Guesstimate
M000000007/1.000000/0000/Sigma_BB-28777794
R000000005/2.222222/0224/R000000006/M000000007
R000000004/2.469136/0295/R000000005
R000000002/3.854596/0279/M000000003/R000000004
R000000009/1.000000/0000/Guesstimate
R000000011/1.000000/0000/Guesstimate
R000000010/2.222222/0119/R000000006/R000000011
R000000012/1.000000/0000/Guesstimate
R000000010/2.222222/0276/R000000006/R000000012
R000000008/3.580247/0285/R000000009/R000000010
M000000014/1.000000/0000/Sigma_BB-28792542
R000000013/3.580247/0285/M000000014/R000000010
R000000008/3.978053/0300/R000000013
M000000015/1.000000/0000/Sigma_BB-34437027
R000000002/5.089163/0231/R000000008/M000000015
R000000001/4.282884/0112/R000000002
M000000019/1.000000/0000/Sigma_BB-28782988
R000000020/1.000000/0000/Guesstimate
R000000018/2.222222/0285/M000000019/R000000020
R000000017/2.469136/0279/R000000018
R000000017/2.469136/0279/R000000018
R000000016/3.854596/0231/R000000017/M000000015
R000000021/1.000000/0000/Guesstimate
R000000001/5.393995/0095/R000000016/R000000021
Q000000002/6.145744/0000/R000000022
R000000026/1.000000/0000/Guesstimate
R000000025/3.580247/0285/R000000026/R000000010
R000000024/3.978053/0112/R000000025
R000000027/3.580247/0112/R000000026/R000000010
R000000024/3.978053/0285/R000000027
M000000028/1.000000/0000/Sigma_BB-28766566
R000000023/5.531170/0231/R000000024/M000000028
R000000022/6.145744/0059/R000000023
R000000031/3.978053/0260/R000000025
R000000031/3.978053/0260/R000000025
R000000030/4.420059/0112/R000000031
R000000030/4.420059/0260/R000000024
M000000032/1.000000/0000/Sigma_BB-27336472
R000000029/6.022288/0231/R000000030/M000000032
R000000022/6.691431/0059/R000000029
<NEXT>