#
#  Reaction log file
#  Author: LigBuilder V3 User_Diana
#  Creation time: Tue Feb 24 21:35:37 2026
#  Format:
#  QueryMoleculeId/Cost/SynthesizeId/ReactantId1/ReactantId2/ReactantId3.....
#  Id prefix:
#  Q --- Query Molecule
#  M --- Material
#  R --- Reactant
#
Directory      result/synthesize_HsDHODH/162/DATABASE/
#
Q000000001/5.393995/0000/R000000001
M000000005/1.000000/0000/Sigma_BB-28806491
R000000006/1.000000/0000/Guesstimate
R000000004/2.222222/0231/M000000005/R000000006
R000000003/2.469136/0294/R000000004
R000000008/1.000000/0000/Guesstimate
R000000007/2.222222/0231/M000000005/R000000008
R000000003/2.469136/0294/R000000007
R000000009/1.000000/0000/Guesstimate
R000000002/3.854596/0276/R000000003/R000000009
R000000010/1.000000/0000/Guesstimate
R000000002/3.854596/0280/R000000003/R000000010
R000000011/1.000000/0000/Guesstimate
R000000001/5.393995/0274/R000000002/R000000011
R000000014/2.222222/0274/R000000006/R000000011
R000000015/1.000000/0000/Guesstimate
R000000016/1.000000/0000/Guesstimate
R000000014/2.222222/0275/R000000015/R000000016
R000000013/3.580247/0231/M000000005/R000000014
M000000018/1.000000/0000/Sigma_BB-117837595
R000000017/1.111111/0125/M000000018
R000000019/1.000000/0000/Guesstimate
R000000017/2.222222/0112/M000000018/R000000019
R000000021/1.000000/0000/Guesstimate
R000000020/2.222222/0169/R000000021/R000000016
R000000020/2.222222/0274/R000000021/R000000011
R000000013/3.703704/0142/R000000017/R000000020
R000000012/3.978053/0294/R000000013
R000000023/2.222222/0274/R000000008/R000000011
R000000024/1.000000/0000/Guesstimate
R000000023/2.222222/0275/R000000024/R000000016
R000000022/3.580247/0231/M000000005/R000000023
R000000022/3.580247/0274/R000000007/R000000011
R000000012/3.978053/0294/R000000022
R000000001/5.531170/0276/R000000012/R000000009
Q000000002/7.959492/0000/R000000025
M000000029/1.000000/0000/Sigma_BB-161564803
R000000028/1.111111/0299/M000000029
R000000032/1.000000/0000/Guesstimate
R000000033/1.000000/0000/Guesstimate
R000000031/2.222222/0112/R000000032/R000000033
R000000030/2.469136/0147/R000000031
R000000035/1.000000/0000/Guesstimate
R000000034/2.222222/0004/R000000035/R000000033
R000000036/1.000000/0000/Guesstimate
R000000037/1.000000/0000/Guesstimate
R000000034/3.333333/0225/R000000036/R000000033/R000000037
R000000038/1.000000/0000/Guesstimate
R000000030/3.580247/0212/R000000034/R000000038
R000000027/3.978053/0274/R000000028/R000000030
R000000039/1.234568/0091/R000000028
R000000042/1.000000/0000/Guesstimate
R000000041/2.222222/0112/R000000042/R000000033
R000000041/3.580247/0274/R000000037/R000000031
R000000040/2.469136/0147/R000000041
R000000043/1.000000/0000/Guesstimate
R000000040/3.580247/0212/R000000043/R000000034
R000000027/4.115227/0275/R000000039/R000000040
R000000046/1.000000/0000/Guesstimate
R000000047/1.000000/0000/Guesstimate
R000000045/2.222222/0174/R000000046/R000000047
R000000045/2.222222/0289/R000000046/R000000047
R000000044/2.469136/0197/R000000045
R000000048/7.400000/0000/Guesstimate
R000000044/8.222222/0091/R000000048
R000000026/7.163543/0174/R000000027/R000000044
R000000049/3.978053/0174/R000000028/R000000044
R000000050/1.234568/0287/R000000028
R000000049/4.115227/0112/R000000050/R000000044
R000000026/7.163543/0274/R000000049/R000000030
R000000025/7.959492/0025/R000000026
R000000054/1.000000/0000/Guesstimate
R000000055/1.000000/0000/Guesstimate
R000000053/2.222222/0003/R000000054/R000000055
R000000057/1.000000/0000/Guesstimate
R000000058/1.000000/0000/Guesstimate
R000000056/2.222222/0279/R000000057/R000000058
R000000056/2.222222/0279/R000000057/R000000058
R000000052/4.938272/0159/R000000053/R000000056
R000000051/8.230453/0274/R000000052/R000000030
R000000061/1.000000/0000/Guesstimate
R000000060/2.222222/0003/R000000054/R000000061
R000000060/2.469136/0091/R000000053
R000000059/4.938272/0159/R000000060/R000000056
R000000059/5.486969/0091/R000000052
R000000051/8.230453/0275/R000000059/R000000040
R000000025/9.144949/0024/R000000051
Q000000003/9.446939/0000/R000000062
M000000068/1.000000/0000/Sigma_BB-27733356
R000000069/1.000000/0000/Guesstimate
R000000067/2.222222/0285/M000000068/R000000069
R000000067/2.222222/0285/M000000068/R000000069
R000000066/2.469136/0285/R000000067
R000000070/2.222222/0285/M000000068/R000000069
R000000066/2.469136/0285/R000000070
R000000071/1.000000/0000/Guesstimate
R000000065/3.854596/0112/R000000066/R000000071
R000000074/1.000000/0000/Guesstimate
R000000075/1.000000/0000/Guesstimate
R000000073/2.222222/0224/R000000074/R000000075
R000000076/1.000000/0000/Guesstimate
R000000073/2.222222/0285/M000000068/R000000076
R000000072/2.469136/0285/R000000073
R000000078/2.222222/0004/R000000061/R000000035
R000000078/2.469136/0040/R000000060
R000000077/2.469136/0197/R000000078
R000000065/5.486969/0112/R000000072/R000000077
R000000064/4.282884/0147/R000000065
R000000081/2.743484/0228/R000000066
R000000081/2.743484/0286/R000000066
R000000080/3.048316/0154/R000000081
R000000082/2.743484/0228/R000000072
R000000082/2.743484/0286/R000000072
R000000080/3.048316/0156/R000000082
R000000083/1.000000/0000/Guesstimate
R000000079/4.498129/0301/R000000080/R000000083
R000000079/4.498129/0301/R000000080/R000000083
R000000064/4.997921/0188/R000000079
R000000086/1.000000/0000/Guesstimate
R000000087/1.000000/0000/Guesstimate
R000000085/2.222222/0004/R000000086/R000000087
R000000084/2.469136/0085/R000000085
R000000088/2.469136/0087/R000000085
R000000084/3.854596/0275/R000000088/R000000037
R000000063/7.502244/0301/R000000064/R000000084
R000000063/7.502244/0301/R000000064/R000000084
R000000089/1.000000/0000/Guesstimate
R000000062/9.446939/0212/R000000063/R000000089
R000000093/1.000000/0000/Guesstimate
R000000092/3.854596/0112/R000000066/R000000093
R000000092/3.854596/0112/R000000066/R000000093
R000000091/4.282884/0147/R000000092
R000000090/4.758760/0040/R000000091
R000000095/3.854596/0112/R000000066/R000000055
R000000094/4.282884/0147/R000000095
R000000090/4.758760/0093/R000000094
R000000097/3.580247/0001/R000000085/R000000054
R000000098/2.222222/0001/R000000086/R000000054
R000000098/2.222222/0004/R000000086/R000000019
R000000097/3.580247/0002/R000000098/R000000087
R000000096/3.978053/0041/R000000097
R000000100/3.978053/0093/R000000097
M000000101/1.000000/0000/Sigma_BB-28247348
R000000100/5.089163/0212/R000000097/M000000101
R000000099/4.420059/0041/R000000100
R000000099/4.420059/0233/R000000100
R000000096/4.911177/0100/R000000099
R000000062/9.707570/0212/R000000090/R000000096
<NEXT>