#
#  Reaction log file
#  Author: LigBuilder V3 User_Diana
#  Creation time: Tue Feb 24 21:30:52 2026
#  Format:
#  QueryMoleculeId/Cost/SynthesizeId/ReactantId1/ReactantId2/ReactantId3.....
#  Id prefix:
#  Q --- Query Molecule
#  M --- Material
#  R --- Reactant
#
Directory      result/synthesize_HsDHODH/20/DATABASE/
#
Q000000001/6.149320/0000/R000000001
R000000004/1.000000/0000/Guesstimate
R000000005/1.000000/0000/Guesstimate
R000000003/2.222222/0279/R000000004/R000000005
R000000003/2.222222/0279/R000000004/R000000005
R000000002/2.469136/0079/R000000003
R000000007/1.000000/0000/Guesstimate
R000000006/2.222222/0279/R000000007/R000000004
R000000006/2.222222/0279/R000000007/R000000004
R000000002/2.469136/0082/R000000006
M000000011/1.000000/0000/Sigma_BB-36089954
R000000010/1.111111/0295/M000000011
R000000015/1.000000/0000/Guesstimate
R000000014/1.111111/0228/R000000015
R000000016/1.000000/0000/Guesstimate
R000000014/1.111111/0228/R000000016
R000000013/1.234568/0125/R000000014
R000000017/1.000000/0000/Guesstimate
R000000013/2.345679/0112/R000000014/R000000017
R000000012/1.371742/0041/R000000013
R000000012/1.371742/0233/R000000013
R000000009/2.758726/0274/R000000010/R000000012
R000000018/1.234568/0091/R000000010
R000000021/1.111111/0198/R000000015
R000000021/1.111111/0198/R000000016
R000000020/2.345679/0112/R000000021/R000000017
R000000020/9.777779/0082/R000000022
R000000019/2.606310/0041/R000000020
R000000019/2.606310/0233/R000000020
R000000009/4.267642/0275/R000000018/R000000019
R000000008/3.065251/0082/R000000009
R000000023/1.000000/0000/Guesstimate
M000000026/1.000000/0000/Sigma_BB-28775169
R000000025/2.635269/0274/M000000026/R000000012
R000000025/4.007011/0282/M000000026/R000000019
R000000024/2.928077/0197/R000000025
R000000028/1.000000/0000/Guesstimate
R000000027/2.635269/0274/R000000028/R000000012
R000000029/1.000000/0000/Guesstimate
R000000027/4.007011/0274/R000000029/R000000019
R000000024/2.928077/0260/R000000027
R000000008/4.364530/0112/R000000023/R000000024
R000000001/6.149320/0159/R000000002/R000000008
R000000033/1.000000/0000/Guesstimate
R000000032/2.222222/0112/R000000023/R000000033
R000000031/5.212621/0159/R000000002/R000000032
R000000036/1.000000/0000/Guesstimate
R000000035/2.222222/0112/R000000023/R000000036
R000000035/2.469136/0091/R000000032
R000000034/5.212621/0159/R000000002/R000000035
R000000037/1.000000/0000/Guesstimate
R000000031/6.902912/0275/R000000034/R000000037
R000000030/7.163543/0274/R000000031/R000000013
R000000030/8.398111/0275/R000000034/R000000020
R000000001/7.959493/0041/R000000030
Q000000002/6.282918/0000/R000000038
M000000043/1.000000/0000/Sigma_BB-30924817
R000000042/1.111111/0153/M000000043
M000000044/1.000000/0000/Sigma_BB-89723093
R000000042/1.111111/0299/M000000044
R000000045/1.000000/0000/Guesstimate
R000000041/2.345679/0119/R000000042/R000000045
R000000047/1.000000/0000/Guesstimate
R000000046/2.345679/0119/R000000042/R000000047
R000000048/1.000000/0000/Guesstimate
R000000046/2.345679/0276/R000000042/R000000048
R000000041/2.606310/0147/R000000046
R000000049/1.000000/0000/Guesstimate
R000000040/3.717421/0231/R000000041/R000000049
R000000051/1.000000/0000/Guesstimate
R000000050/3.717421/0231/R000000041/R000000051
R000000052/1.000000/0000/Guesstimate
R000000040/5.241580/0279/R000000050/R000000052
R000000039/5.654626/0274/R000000040/R000000012
R000000054/2.482853/0274/R000000049/R000000013
R000000055/1.000000/0000/Guesstimate
R000000054/3.717421/0275/R000000055/R000000020
R000000053/2.758726/0041/R000000054
M000000057/1.000000/0000/Sigma_BB-28894009
R000000056/2.635269/0274/M000000057/R000000012
R000000056/4.007011/0282/M000000057/R000000019
R000000053/2.928077/0197/R000000056
R000000039/5.671562/0231/R000000041/R000000053
R000000038/6.282918/0294/R000000039
M000000061/1.000000/0000/Sigma_BB-308324471
R000000060/1.111111/0125/M000000061
R000000060/2.222222/0112/M000000061/R000000017
R000000059/2.345679/0119/R000000060/R000000045
R000000062/2.222222/0119/M000000061/R000000045
R000000062/2.222222/0276/M000000061/R000000023
R000000059/3.580247/0112/R000000062/R000000017
R000000065/1.000000/0000/Guesstimate
R000000064/2.482853/0274/R000000065/R000000013
R000000064/3.717421/0169/R000000065/R000000020
R000000063/2.758726/0041/R000000064
R000000067/1.000000/0000/Guesstimate
R000000066/2.635269/0274/R000000067/R000000012
R000000066/4.007011/0169/R000000067/R000000019
R000000063/2.928077/0155/R000000066
R000000058/5.671562/0142/R000000059/R000000063
R000000070/1.000000/0000/Guesstimate
R000000069/2.482853/0274/R000000070/R000000013
R000000071/1.000000/0000/Guesstimate
R000000069/3.717421/0275/R000000071/R000000020
R000000068/2.758726/0041/R000000069
R000000068/2.758726/0233/R000000069
R000000058/5.671562/0231/R000000041/R000000068
R000000038/6.301735/0294/R000000058
Q000000003/6.149320/0000/R000000001
<NEXT>