#
#  Reaction log file
#  Author: LigBuilder V3 User_Diana
#  Creation time: Tue Feb 24 21:38:27 2026
#  Format:
#  QueryMoleculeId/Cost/SynthesizeId/ReactantId1/ReactantId2/ReactantId3.....
#  Id prefix:
#  Q --- Query Molecule
#  M --- Material
#  R --- Reactant
#
Directory      result/synthesize_HsDHODH/251/DATABASE/
#
Q000000001/2.895900/0000/R000000001
M000000005/1.000000/0000/Sigma_BB-29628121
R000000004/1.111111/0125/M000000005
R000000006/1.000000/0000/Guesstimate
R000000004/2.222222/0112/M000000005/R000000006
R000000003/2.345679/0112/R000000004/R000000006
M000000008/1.000000/0000/Sigma_BB-184448280
R000000009/1.000000/0000/Guesstimate
R000000007/2.222222/0112/M000000008/R000000009
M000000010/1.000000/0000/Sigma_BB-27355907
R000000007/2.222222/0174/M000000010/R000000009
R000000003/2.469136/0082/R000000007
R000000002/2.606310/0059/R000000003
M000000013/1.000000/0000/Sigma_BB-27331449
R000000014/1.000000/0000/Guesstimate
R000000012/2.222222/0175/M000000013/R000000014
R000000012/2.222222/0290/M000000013/R000000014
R000000015/1.000000/0000/Guesstimate
R000000011/3.580247/0012/R000000012/R000000015
M000000017/1.000000/0000/Sigma_BB-130446870
R000000018/1.000000/0000/Guesstimate
R000000016/2.222222/0274/M000000017/R000000018
R000000019/1.000000/0000/Guesstimate
R000000011/3.580247/0231/R000000016/R000000019
R000000002/3.978053/0082/R000000011
R000000001/2.895900/0041/R000000002
R000000020/2.606310/0041/R000000003
M000000023/1.000000/0000/Sigma_BB-180925272
R000000024/1.000000/0000/Guesstimate
R000000022/2.222222/0231/M000000023/R000000024
R000000021/2.469136/0125/R000000022
R000000021/3.580247/0112/R000000022/R000000006
R000000020/2.743484/0082/R000000021
R000000001/2.895900/0059/R000000020
Q000000002/2.895900/0000/R000000001
Q000000003/6.981021/0000/R000000025
R000000030/1.000000/0000/Guesstimate
R000000032/1.000000/0000/Guesstimate
R000000031/2.222222/0275/R000000032/R000000006
R000000029/3.580247/0004/R000000030/R000000031
R000000034/1.000000/0000/Guesstimate
R000000033/3.580247/0112/R000000034/R000000031
R000000029/3.978053/0147/R000000033
R000000028/3.978053/0288/R000000029
R000000027/4.420059/0285/R000000028
R000000037/1.000000/0000/Guesstimate
R000000036/1.111111/0125/R000000037
R000000036/2.222222/0112/R000000037/R000000006
R000000035/1.234568/0059/R000000036
R000000039/1.000000/0000/Guesstimate
R000000038/1.111111/0228/R000000039
R000000040/1.000000/0000/Guesstimate
R000000038/1.111111/0228/R000000040
R000000035/1.234568/0090/R000000038
R000000026/6.282919/0301/R000000027/R000000035
R000000026/6.282919/0301/R000000027/R000000035
R000000025/6.981021/0295/R000000026
<NEXT>