#
#  Reaction log file
#  Author: LigBuilder V3 User_Diana
#  Creation time: Tue Feb 24 21:34:21 2026
#  Format:
#  QueryMoleculeId/Cost/SynthesizeId/ReactantId1/ReactantId2/ReactantId3.....
#  Id prefix:
#  Q --- Query Molecule
#  M --- Material
#  R --- Reactant
#
Directory      result/synthesize_HsDHODH/143/DATABASE/
#
Q000000001/3.978053/0000/R000000001
M000000004/1.000000/0000/Sigma_BB-28778212
M000000005/1.000000/0000/Sigma_BB-183885528
R000000003/2.222222/0275/M000000004/M000000005
M000000007/1.000000/0000/Sigma_BB-28757048
R000000006/2.222222/0275/M000000007/M000000005
R000000003/2.469136/0287/R000000006
R000000008/1.000000/0000/Guesstimate
R000000002/3.580247/0003/R000000003/R000000008
R000000009/2.469136/0125/R000000003
R000000010/1.000000/0000/Guesstimate
R000000009/3.580247/0112/R000000003/R000000010
R000000013/1.000000/0000/Guesstimate
R000000012/1.111111/0288/R000000013
R000000014/1.000000/0000/Guesstimate
R000000015/1.000000/0000/Guesstimate
R000000012/2.222222/0277/R000000014/R000000015
R000000011/1.234568/0024/R000000012
R000000016/1.000000/0000/Guesstimate
R000000011/2.222222/0004/R000000016/R000000015
R000000002/4.115227/0049/R000000009/R000000011
R000000001/3.978053/0147/R000000002
M000000019/1.000000/0000/Sigma_BB-28803370
R000000018/1.111111/0086/M000000019
R000000018/1.111111/0091/M000000019
R000000017/3.703704/0112/R000000003/R000000018
R000000020/1.000000/0000/Guesstimate
R000000017/3.854596/0138/R000000009/R000000020
R000000001/4.115227/0147/R000000017
Q000000002/4.115227/0000/R000000021
M000000024/1.000000/0000/Sigma_BB-27556005
R000000023/1.111111/0086/M000000024
R000000023/1.111111/0091/M000000024
R000000022/3.703704/0112/R000000003/R000000023
M000000026/1.000000/0000/Sigma_BB-28706553
R000000025/2.222222/0275/M000000004/M000000026
M000000028/1.000000/0000/Sigma_BB-28760170
R000000027/2.222222/0275/M000000028/M000000026
R000000025/2.469136/0197/R000000027
R000000022/3.703704/0174/R000000025/R000000023
R000000021/4.115227/0147/R000000022
R000000032/1.000000/0000/Guesstimate
R000000033/1.000000/0000/Guesstimate
R000000031/2.222222/0224/R000000032/R000000033
R000000030/2.469136/0024/R000000031
R000000035/1.000000/0000/Guesstimate
R000000034/2.222222/0224/R000000032/R000000035
R000000030/2.469136/0040/R000000034
R000000029/5.212621/0175/R000000025/R000000030
R000000037/3.580247/0175/M000000026/R000000031
R000000037/3.580247/0290/M000000026/R000000031
R000000036/3.978053/0024/R000000037
R000000038/3.580247/0175/M000000026/R000000034
R000000038/3.580247/0290/M000000026/R000000034
R000000036/3.978053/0040/R000000038
R000000029/5.531170/0275/M000000004/R000000036
R000000021/5.791801/0153/R000000029
Q000000003/4.115227/0000/R000000039
M000000042/1.000000/0000/Sigma_BB-31286382
R000000041/1.111111/0086/M000000042
R000000045/1.000000/0000/Guesstimate
R000000044/1.111111/0054/R000000045
R000000046/1.000000/0000/Guesstimate
R000000047/1.000000/0000/Guesstimate
R000000044/2.222222/0004/R000000046/R000000047
R000000043/1.234568/0009/R000000044
R000000048/1.000000/0000/Guesstimate
R000000049/1.000000/0000/Guesstimate
R000000043/2.222222/0003/R000000048/R000000049
R000000041/1.371742/0041/R000000043
R000000040/3.703704/0112/R000000003/R000000041
R000000050/1.000000/0000/Guesstimate
R000000040/3.854596/0138/R000000009/R000000050
R000000039/4.115227/0147/R000000040
R000000051/3.840878/0175/R000000025/R000000043
R000000053/2.345679/0175/M000000026/R000000044
R000000053/2.345679/0290/M000000026/R000000044
R000000052/2.606310/0009/R000000053
R000000054/2.222222/0175/M000000026/R000000048
R000000054/2.222222/0290/M000000026/R000000048
R000000052/3.580247/0003/R000000054/R000000049
R000000051/4.007011/0275/M000000004/R000000052
R000000039/4.267643/0041/R000000051
<NEXT>