#
#  Reaction log file
#  Author: LigBuilder V3 User_Diana
#  Creation time: Tue Feb 24 21:31:23 2026
#  Format:
#  QueryMoleculeId/Cost/SynthesizeId/ReactantId1/ReactantId2/ReactantId3.....
#  Id prefix:
#  Q --- Query Molecule
#  M --- Material
#  R --- Reactant
#
Directory      result/synthesize_HsDHODH/31/DATABASE/
#
Q000000001/4.267643/0000/R000000001
M000000005/1.000000/0000/Sigma_BB-129759817
R000000004/1.111111/0104/M000000005
R000000004/1.111111/0104/M000000005
R000000003/1.234568/0248/R000000004
R000000006/9.800000/0000/Guesstimate
R000000003/9.800000/0257/R000000006
R000000008/1.000000/0000/Guesstimate
R000000009/1.000000/0000/Guesstimate
R000000007/2.222222/0274/R000000008/R000000009
R000000011/1.000000/0000/Guesstimate
R000000010/2.222222/0274/R000000011/R000000009
R000000012/1.000000/0000/Guesstimate
R000000013/1.000000/0000/Guesstimate
R000000010/2.222222/0274/R000000012/R000000013
R000000007/2.469136/0260/R000000010
R000000002/3.840878/0018/R000000003/R000000007
R000000014/2.482853/0018/R000000003/R000000008
R000000016/1.000000/0000/Guesstimate
R000000015/2.482853/0018/R000000003/R000000016
R000000014/2.758726/0040/R000000015
R000000002/3.869837/0274/R000000014/R000000009
R000000001/4.267643/0160/R000000002
R000000020/1.000000/0000/Guesstimate
R000000021/1.000000/0000/Guesstimate
R000000019/2.222222/0004/R000000020/R000000021
R000000018/2.469136/0009/R000000019
R000000023/1.000000/0000/Guesstimate
R000000024/1.000000/0000/Guesstimate
R000000022/2.222222/0279/R000000023/R000000024
R000000022/2.222222/0279/R000000023/R000000024
R000000018/2.469136/0079/R000000022
R000000026/1.000000/0000/Guesstimate
R000000028/1.000000/0000/Guesstimate
R000000027/2.222222/0274/R000000028/R000000009
R000000029/1.000000/0000/Guesstimate
R000000027/2.222222/0275/R000000029/R000000013
R000000025/3.580247/0112/R000000026/R000000027
R000000031/1.000000/0000/Guesstimate
R000000030/3.580247/0112/R000000031/R000000027
R000000025/3.978053/0147/R000000030
R000000017/6.721537/0159/R000000018/R000000025
R000000034/1.000000/0000/Guesstimate
R000000033/3.580247/0003/R000000034/R000000027
R000000033/3.978053/0147/R000000030
R000000032/5.089163/0012/R000000033/R000000016
R000000036/1.000000/0000/Guesstimate
R000000035/5.089163/0012/R000000033/R000000036
R000000035/5.089163/0285/R000000033/R000000036
R000000032/6.765737/0279/R000000035/R000000023
R000000037/1.000000/0000/Guesstimate
R000000017/6.765737/0159/R000000032/R000000037
R000000001/7.468375/0041/R000000017
Q000000002/4.282884/0000/R000000038
R000000042/1.000000/0000/Guesstimate
M000000043/1.000000/0000/Sigma_BB-28756674
R000000041/2.222222/0081/R000000042/M000000043
R000000044/1.000000/0000/Guesstimate
R000000041/2.222222/0210/R000000044/M000000043
R000000040/2.469136/0204/R000000041
R000000045/1.000000/0000/Guesstimate
R000000039/3.854596/0262/R000000040/R000000045
R000000038/4.282884/0040/R000000039
R000000048/2.743484/0055/R000000040
R000000047/3.048316/0147/R000000048
R000000050/1.000000/0000/Guesstimate
R000000049/3.854596/0138/R000000050/R000000040
R000000049/3.854596/0141/R000000037/R000000040
R000000047/4.282884/0147/R000000049
R000000046/4.498129/0262/R000000047/R000000045
R000000038/4.997921/0073/R000000046
Q000000003/8.565768/0000/R000000051
R000000055/1.000000/0000/Guesstimate
R000000054/2.222222/0003/R000000034/R000000055
R000000057/1.000000/0000/Guesstimate
R000000058/1.000000/0000/Guesstimate
R000000056/2.222222/0279/R000000057/R000000058
R000000056/2.222222/0279/R000000057/R000000058
R000000053/4.938272/0159/R000000054/R000000056
R000000052/5.486969/0197/R000000053
R000000052/5.486969/0197/R000000053
M000000060/1.000000/0000/Sigma_BB-53247859
R000000059/2.222222/0004/R000000037/M000000060
R000000063/1.000000/0000/Guesstimate
R000000062/2.222222/0112/R000000063/M000000060
R000000061/2.469136/0147/R000000062
R000000061/9.777779/0260/R000000064
R000000059/2.743484/0024/R000000061
R000000051/8.565768/0003/R000000052/R000000059
R000000065/7.207744/0004/R000000052/R000000037
R000000066/7.207744/0003/R000000052/R000000034
R000000065/8.008604/0040/R000000066
R000000051/9.119716/0003/R000000065/M000000060
<NEXT>