#
#  Reaction log file
#  Author: LigBuilder V3 User_Diana
#  Creation time: Tue Feb 24 21:30:49 2026
#  Format:
#  QueryMoleculeId/Cost/SynthesizeId/ReactantId1/ReactantId2/ReactantId3.....
#  Id prefix:
#  Q --- Query Molecule
#  M --- Material
#  R --- Reactant
#
Directory      result/synthesize_HsDHODH/25/DATABASE/
#
Q000000001/3.048316/0000/R000000001
M000000005/1.000000/0000/Sigma_BB-161564803
R000000004/1.111111/0299/M000000005
R000000003/1.234568/0287/R000000004
M000000007/1.000000/0000/Sigma_BB-28824595
R000000008/1.000000/0000/Guesstimate
R000000006/2.222222/0142/M000000007/R000000008
M000000009/1.000000/0000/Sigma_BB-70380583
R000000010/1.000000/0000/Guesstimate
R000000006/2.222222/0231/M000000009/R000000010
R000000003/2.469136/0294/R000000006
R000000013/1.000000/0000/Guesstimate
R000000012/1.111111/0228/R000000013
R000000014/1.000000/0000/Guesstimate
R000000012/1.111111/0228/R000000014
R000000011/1.234568/0125/R000000012
R000000015/1.000000/0000/Guesstimate
R000000011/2.345679/0112/R000000012/R000000015
R000000002/2.743484/0274/R000000003/R000000011
R000000018/1.000000/0000/Guesstimate
R000000017/2.222222/0231/M000000009/R000000018
R000000017/2.469136/0091/R000000006
R000000016/2.469136/0294/R000000017
R000000020/1.000000/0000/Guesstimate
R000000019/2.222222/0231/M000000009/R000000020
R000000016/2.469136/0294/R000000019
R000000022/1.111111/0198/R000000013
R000000022/1.111111/0198/R000000014
R000000021/2.345679/0112/R000000022/R000000015
R000000021/9.777779/0082/R000000023
R000000002/5.349795/0275/R000000016/R000000021
R000000001/3.048316/0041/R000000002
M000000028/1.000000/0000/Sigma_BB-87883439
R000000027/1.111111/0104/M000000028
R000000027/1.111111/0104/M000000028
R000000026/1.234568/0248/R000000027
M000000030/1.000000/0000/Sigma_BB-70412733
R000000029/1.111111/0104/M000000030
R000000029/1.111111/0104/M000000030
R000000026/1.234568/0257/R000000029
R000000031/1.000000/0000/Guesstimate
R000000025/2.482853/0018/R000000026/R000000031
R000000033/1.000000/0000/Guesstimate
R000000032/2.482853/0018/R000000026/R000000033
R000000025/2.758726/0024/R000000032
R000000034/1.371742/0041/R000000011
R000000035/2.606310/0041/R000000021
R000000035/2.606310/0233/R000000021
R000000034/2.895900/0155/R000000035
R000000024/4.282884/0274/R000000025/R000000034
R000000037/2.482853/0274/R000000031/R000000011
R000000038/1.000000/0000/Guesstimate
R000000037/3.717421/0275/R000000038/R000000021
R000000036/2.758726/0041/R000000037
R000000036/2.758726/0233/R000000037
R000000024/4.436994/0018/R000000026/R000000036
R000000001/4.758760/0160/R000000024
Q000000002/4.741825/0000/R000000039
R000000042/2.345679/0174/R000000004/R000000015
R000000042/2.345679/0289/R000000004/R000000015
R000000041/2.606310/0059/R000000042
R000000044/1.000000/0000/Guesstimate
R000000043/2.345679/0175/R000000004/R000000044
R000000043/2.345679/0290/R000000004/R000000044
R000000041/2.606310/0153/R000000043
R000000040/4.267642/0274/R000000041/R000000011
R000000046/2.606310/0091/R000000042
R000000045/2.895900/0059/R000000046
R000000045/2.895900/0091/R000000041
R000000040/5.823977/0275/R000000045/R000000021
R000000039/4.741825/0041/R000000040
R000000049/2.606310/0274/R000000004/R000000011
R000000049/3.840878/0282/R000000004/R000000021
R000000048/2.895900/0041/R000000049
R000000048/2.895900/0233/R000000049
R000000047/4.328778/0174/R000000048/R000000015
R000000052/1.000000/0000/Guesstimate
R000000053/1.000000/0000/Guesstimate
R000000051/2.222222/0004/R000000052/R000000053
R000000050/2.469136/0009/R000000051
R000000055/1.000000/0000/Guesstimate
R000000056/1.000000/0000/Guesstimate
R000000054/2.222222/0279/R000000055/R000000056
R000000054/2.222222/0279/R000000055/R000000056
R000000050/2.469136/0079/R000000054
R000000058/1.000000/0000/Guesstimate
R000000060/1.000000/0000/Guesstimate
R000000059/2.635269/0274/R000000060/R000000034
R000000061/1.000000/0000/Guesstimate
R000000059/4.007011/0275/R000000061/R000000035
R000000057/4.039188/0112/R000000058/R000000059
R000000063/1.000000/0000/Guesstimate
R000000062/4.039188/0112/R000000063/R000000059
R000000057/4.487987/0147/R000000062
R000000047/7.231471/0159/R000000050/R000000057
R000000039/4.809754/0059/R000000047
Q000000003/4.741825/0000/R000000064
R000000066/2.606310/0041/R000000042
R000000066/2.606310/0233/R000000042
R000000069/1.000000/0000/Guesstimate
R000000068/1.111111/0228/R000000069
R000000068/1.111111/0286/R000000069
R000000067/1.234568/0082/R000000068
R000000071/1.000000/0000/Guesstimate
R000000072/1.000000/0000/Guesstimate
R000000070/2.222222/0277/R000000071/R000000072
R000000073/1.000000/0000/Guesstimate
R000000070/2.222222/0301/R000000071/R000000073
R000000067/2.469136/0112/R000000070
R000000065/4.267642/0274/R000000066/R000000067
R000000074/2.895900/0041/R000000046
R000000074/2.895900/0091/R000000066
R000000076/1.111111/0198/R000000069
R000000077/1.000000/0000/Guesstimate
R000000076/2.345679/0274/R000000077/R000000068
R000000075/1.234568/0082/R000000076
R000000079/1.000000/0000/Guesstimate
R000000078/2.222222/0277/R000000079/R000000071
R000000078/3.580247/0274/R000000077/R000000070
R000000075/2.469136/0112/R000000078
R000000065/4.589409/0275/R000000074/R000000075
R000000064/4.741825/0147/R000000065
R000000083/1.000000/0000/Guesstimate
R000000082/2.222222/0274/R000000060/R000000083
R000000084/1.000000/0000/Guesstimate
R000000082/2.222222/0275/R000000061/R000000084
R000000081/3.580247/0112/R000000058/R000000082
R000000085/3.580247/0112/R000000063/R000000082
R000000081/3.978053/0147/R000000085
R000000080/6.721537/0159/R000000050/R000000081
R000000088/1.000000/0000/Guesstimate
R000000087/3.580247/0003/R000000088/R000000082
R000000087/3.978053/0147/R000000085
R000000089/1.000000/0000/Guesstimate
R000000086/5.089163/0012/R000000087/R000000089
R000000091/1.000000/0000/Guesstimate
R000000090/5.089163/0012/R000000087/R000000091
R000000090/5.089163/0285/R000000087/R000000091
R000000086/6.765737/0279/R000000090/R000000055
R000000092/1.000000/0000/Guesstimate
R000000080/6.765737/0159/R000000086/R000000092
R000000064/7.468375/0041/R000000080
<NEXT>