#
#  Reaction log file
#  Author: LigBuilder V3 User_Diana
#  Creation time: Tue Feb 24 21:34:24 2026
#  Format:
#  QueryMoleculeId/Cost/SynthesizeId/ReactantId1/ReactantId2/ReactantId3.....
#  Id prefix:
#  Q --- Query Molecule
#  M --- Material
#  R --- Reactant
#
Directory      result/synthesize_HsDHODH/142/DATABASE/
#
Q000000001/7.315958/0000/R000000001
M000000005/1.000000/0000/Sigma_BB-161564803
R000000004/1.111111/0299/M000000005
R000000006/1.000000/0000/Guesstimate
R000000003/2.345679/0174/R000000004/R000000006
R000000009/1.000000/0000/Guesstimate
R000000010/1.000000/0000/Guesstimate
R000000008/2.222222/0004/R000000009/R000000010
R000000007/2.469136/0009/R000000008
R000000012/1.000000/0000/Guesstimate
R000000013/1.000000/0000/Guesstimate
R000000011/2.222222/0279/R000000012/R000000013
R000000011/2.222222/0279/R000000012/R000000013
R000000007/2.469136/0079/R000000011
R000000015/1.000000/0000/Guesstimate
R000000016/1.000000/0000/Guesstimate
R000000014/2.222222/0112/R000000015/R000000016
R000000003/5.212621/0159/R000000007/R000000014
R000000018/1.000000/0000/Guesstimate
R000000020/1.000000/0000/Guesstimate
R000000021/1.000000/0000/Guesstimate
R000000019/2.222222/0301/R000000020/R000000021
R000000019/2.222222/0301/R000000020/R000000021
R000000017/3.580247/0224/R000000018/R000000019
R000000024/1.000000/0000/Guesstimate
R000000023/3.580247/0224/R000000024/R000000019
R000000023/3.978053/0217/R000000017
R000000022/3.978053/0041/R000000023
R000000022/9.500000/0156/R000000025
R000000017/9.200000/0155/R000000022
R000000002/6.584363/0274/R000000003/R000000017
R000000002/7.026369/0282/R000000003/R000000022
R000000001/7.315958/0041/R000000002
M000000029/1.000000/0000/Sigma_BB-129759817
R000000028/1.111111/0104/M000000029
R000000028/1.111111/0104/M000000029
R000000027/1.234568/0248/R000000028
R000000030/9.800000/0000/Guesstimate
R000000027/9.800000/0257/R000000030
R000000033/1.000000/0000/Guesstimate
R000000032/2.222222/0274/R000000033/R000000018
R000000035/1.000000/0000/Guesstimate
R000000034/2.222222/0274/R000000033/R000000035
R000000036/1.000000/0000/Guesstimate
R000000037/1.000000/0000/Guesstimate
R000000034/2.222222/0275/R000000036/R000000037
R000000032/2.469136/0204/R000000034
R000000031/4.938272/0224/R000000032/R000000019
R000000039/1.000000/0000/Guesstimate
R000000038/5.089163/0274/R000000039/R000000017
R000000040/1.000000/0000/Guesstimate
R000000038/5.531170/0274/R000000040/R000000022
R000000031/5.654626/0260/R000000038
R000000026/6.858711/0018/R000000027/R000000031
R000000041/3.840878/0018/R000000027/R000000034
R000000044/1.000000/0000/Guesstimate
R000000043/3.580247/0224/R000000044/R000000019
R000000042/3.978053/0024/R000000043
R000000042/3.978053/0040/R000000023
R000000026/8.687701/0212/R000000041/R000000042
R000000001/7.620790/0160/R000000026
Q000000002/5.976393/0000/R000000045
R000000048/2.345679/0274/R000000004/R000000035
R000000048/2.345679/0282/R000000004/R000000037
M000000050/1.000000/0000/Sigma_BB-102140808
R000000049/1.111111/0188/M000000050
R000000051/1.000000/0000/Guesstimate
R000000052/1.000000/0000/Guesstimate
R000000049/2.222222/0224/R000000051/R000000052
R000000047/3.840878/0212/R000000048/R000000049
R000000047/3.840878/0212/R000000048/R000000049
R000000046/5.378754/0174/R000000047/R000000006
R000000054/3.580247/0274/R000000014/R000000035
R000000054/3.580247/0282/R000000014/R000000037
R000000053/5.212621/0212/R000000054/R000000049
R000000053/5.212621/0212/R000000054/R000000049
R000000046/8.535286/0159/R000000007/R000000053
R000000045/5.976393/0041/R000000046
R000000057/3.717421/0274/R000000003/R000000035
R000000057/3.717421/0282/R000000003/R000000037
R000000056/4.130468/0041/R000000057
R000000056/4.267643/0160/R000000041
M000000060/1.000000/0000/Sigma_BB-28838980
R000000059/2.222222/0224/M000000060/R000000018
R000000058/2.469136/0082/R000000059
R000000062/1.000000/0000/Guesstimate
R000000061/2.222222/0224/R000000051/R000000062
R000000058/3.580247/0112/R000000061/R000000006
R000000055/7.332894/0212/R000000056/R000000058
R000000055/7.332894/0212/R000000056/R000000058
R000000045/8.147660/0122/R000000055
Q000000003/5.976393/0000/R000000045
<NEXT>