#
#  Reaction log file
#  Author: LigBuilder V3 User_Diana
#  Creation time: Tue Feb 24 21:33:29 2026
#  Format:
#  QueryMoleculeId/Cost/SynthesizeId/ReactantId1/ReactantId2/ReactantId3.....
#  Id prefix:
#  Q --- Query Molecule
#  M --- Material
#  R --- Reactant
#
Directory      result/synthesize_HsDHODH/114/DATABASE/
#
Q000000001/5.089163/0000/R000000001
R000000003/1.000000/0000/Guesstimate
R000000005/1.000000/0000/Guesstimate
R000000006/1.000000/0000/Guesstimate
R000000004/2.222222/0001/R000000005/R000000006
M000000007/1.000000/0000/Sigma_BB-28247348
R000000008/1.000000/0000/Guesstimate
R000000004/2.222222/0003/M000000007/R000000008
R000000002/3.580247/0210/R000000003/R000000004
M000000011/1.000000/0000/Sigma_BB-28760112
R000000010/2.222222/0210/R000000003/M000000011
R000000009/2.469136/0197/R000000010
R000000013/1.000000/0000/Guesstimate
R000000012/2.222222/0001/R000000013/R000000006
R000000014/1.000000/0000/Guesstimate
R000000012/2.222222/0003/R000000013/R000000014
R000000009/3.580247/0210/R000000003/R000000012
R000000015/1.000000/0000/Guesstimate
R000000002/3.854596/0122/R000000009/R000000015
R000000016/1.000000/0000/Guesstimate
R000000001/5.089163/0004/R000000002/R000000016
M000000020/1.000000/0000/Sigma_BB-28756173
R000000019/1.111111/0010/M000000020
R000000022/1.000000/0000/Guesstimate
R000000023/1.000000/0000/Guesstimate
R000000021/2.222222/0277/R000000022/R000000023
R000000024/1.000000/0000/Guesstimate
R000000025/1.000000/0000/Guesstimate
R000000021/2.222222/0277/R000000024/R000000025
R000000019/2.469136/0156/R000000021
R000000018/3.703704/0210/R000000019/R000000004
R000000018/4.938272/0081/R000000021/R000000004
R000000017/4.115227/0024/R000000018
R000000017/5.089163/0004/R000000002/R000000006
R000000026/1.000000/0000/Guesstimate
R000000001/5.683586/0004/R000000017/R000000026
Q000000002/5.089163/0000/R000000027
R000000027/5.089163/0004/R000000002/R000000013
R000000030/4.115227/0204/R000000018
R000000029/4.572474/0293/R000000030
R000000028/5.080527/0040/R000000029
R000000033/1.000000/0000/Guesstimate
R000000032/2.222222/0277/R000000024/R000000033
R000000032/2.222222/0301/R000000022/R000000033
R000000031/2.469136/0039/R000000032
R000000035/1.000000/0000/Guesstimate
R000000034/2.222222/0277/R000000035/R000000025
R000000036/1.000000/0000/Guesstimate
R000000037/1.000000/0000/Guesstimate
R000000034/2.222222/0277/R000000036/R000000037
R000000031/2.469136/0079/R000000034
R000000028/5.212621/0081/R000000031/R000000004
R000000027/5.645030/0024/R000000028
Q000000003/5.683586/0000/R000000038
R000000039/1.000000/0000/Guesstimate
R000000038/5.683586/0004/R000000017/R000000039
R000000040/2.222222/0004/R000000006/R000000039
R000000043/1.000000/0000/Guesstimate
R000000042/2.222222/0112/R000000043/R000000039
R000000041/2.469136/0147/R000000042
R000000045/1.000000/0000/Guesstimate
R000000044/2.222222/0003/R000000045/R000000039
R000000041/2.469136/0153/R000000044
R000000040/2.743484/0024/R000000041
R000000038/6.447188/0004/R000000002/R000000040
<NEXT>