#
#  Reaction log file
#  Author: LigBuilder V3 User_Diana
#  Creation time: Tue Feb 24 21:39:41 2026
#  Format:
#  QueryMoleculeId/Cost/SynthesizeId/ReactantId1/ReactantId2/ReactantId3.....
#  Id prefix:
#  Q --- Query Molecule
#  M --- Material
#  R --- Reactant
#
Directory      result/synthesize_HsDHODH/262/DATABASE/
#
Q000000001/5.791801/0000/R000000001
R000000005/1.000000/0000/Guesstimate
R000000006/1.000000/0000/Guesstimate
R000000004/2.222222/0279/R000000005/R000000006
R000000004/2.222222/0279/R000000005/R000000006
R000000003/2.469136/0112/R000000004
R000000009/1.000000/0000/Guesstimate
R000000010/1.000000/0000/Guesstimate
R000000008/2.222222/0279/R000000009/R000000010
R000000008/2.222222/0279/R000000009/R000000010
R000000007/2.469136/0279/R000000008
R000000007/2.469136/0279/R000000008
R000000003/8.888889/0082/R000000007
M000000012/1.000000/0000/Sigma_BB-68746584
R000000013/1.000000/0000/Guesstimate
R000000011/2.222222/0112/M000000012/R000000013
R000000015/1.000000/0000/Guesstimate
R000000014/2.222222/0004/M000000012/R000000015
R000000011/2.469136/0009/R000000014
R000000002/5.212621/0231/R000000003/R000000011
M000000018/1.000000/0000/Sigma_BB-28769739
R000000017/3.854596/0231/R000000003/M000000018
R000000016/4.282884/0125/R000000017
R000000016/5.393995/0112/R000000017/R000000013
R000000019/1.000000/0000/Guesstimate
R000000002/5.869872/0274/R000000016/R000000019
R000000001/5.791801/0041/R000000002
R000000021/2.469136/0041/R000000011
R000000021/2.469136/0233/R000000011
R000000020/5.486969/0231/R000000007/R000000021
R000000001/6.096632/0082/R000000020
Q000000002/5.791801/0000/R000000001
Q000000003/4.267642/0000/R000000022
M000000025/1.000000/0000/Sigma_BB-28764950
R000000024/1.111111/0197/M000000025
M000000028/1.000000/0000/Sigma_BB-28396508
R000000027/1.111111/0299/M000000028
R000000029/1.000000/0000/Guesstimate
R000000026/2.345679/0208/R000000027/R000000029
R000000026/2.345679/0209/R000000027/R000000029
R000000023/3.840878/0004/R000000024/R000000026
R000000022/4.267642/0028/R000000023
R000000032/1.000000/0000/Guesstimate
R000000031/3.717421/0003/R000000032/R000000026
R000000033/1.000000/0000/Guesstimate
R000000034/2.606310/0125/R000000026
R000000034/3.717421/0112/R000000013/R000000026
R000000031/4.007011/0049/R000000033/R000000034
R000000035/1.000000/0000/Guesstimate
R000000030/5.241580/0012/R000000031/R000000035
R000000037/2.345679/0003/R000000032/R000000027
R000000036/3.717421/0012/R000000037/R000000035
R000000039/1.000000/0000/Guesstimate
R000000038/3.717421/0226/R000000037/R000000039
R000000040/1.000000/0000/Guesstimate
R000000038/3.717421/0277/R000000037/R000000040
R000000036/4.130468/0150/R000000038
R000000030/5.241580/0208/R000000036/R000000029
R000000022/5.823977/0040/R000000030
<NEXT>