#
#  Reaction log file
#  Author: LigBuilder V3 User_Diana
#  Creation time: Tue Feb 24 21:30:43 2026
#  Format:
#  QueryMoleculeId/Cost/SynthesizeId/ReactantId1/ReactantId2/ReactantId3.....
#  Id prefix:
#  Q --- Query Molecule
#  M --- Material
#  R --- Reactant
#
Directory      result/synthesize_HsDHODH/15/DATABASE/
#
Q000000001/3.217667/0000/R000000001
M000000006/1.000000/0000/Sigma_BB-161564803
R000000005/1.111111/0299/M000000006
R000000004/1.234568/0287/R000000005
R000000003/1.371742/0125/R000000004
R000000007/1.000000/0000/Guesstimate
R000000003/2.482853/0112/R000000004/R000000007
R000000002/1.524158/0059/R000000003
M000000012/1.000000/0000/Sigma_BB-70632552
R000000011/1.111111/0104/M000000012
R000000011/1.111111/0104/M000000012
R000000010/1.234568/0257/R000000011
R000000013/1.000000/0000/Guesstimate
R000000009/2.482853/0018/R000000010/R000000013
R000000008/2.758726/0160/R000000009
R000000002/3.065251/0040/R000000008
R000000017/1.000000/0000/Guesstimate
R000000016/1.111111/0228/R000000017
R000000018/1.000000/0000/Guesstimate
R000000016/1.111111/0228/R000000018
R000000015/1.234568/0125/R000000016
R000000015/2.345679/0112/R000000016/R000000007
R000000014/1.371742/0041/R000000015
R000000020/1.111111/0125/R000000017
R000000020/2.222222/0112/R000000017/R000000007
R000000019/1.234568/0041/R000000020
R000000021/9.333333/0198/R000000019
R000000022/9.333333/0295/R000000021
R000000021/9.333333/0198/R000000022
R000000019/9.333333/0295/R000000021
R000000014/1.371742/0228/R000000019
R000000001/3.217667/0274/R000000002/R000000014
R000000024/1.524158/0155/R000000014
R000000026/1.371742/0155/R000000019
R000000025/1.524158/0198/R000000026
R000000027/8.700000/0000/Guesstimate
R000000025/9.666667/0198/R000000027
R000000024/9.888888/0155/R000000025
R000000023/3.387018/0274/R000000002/R000000024
R000000030/1.234568/0091/R000000005
R000000029/1.371742/0114/R000000030
R000000033/1.371742/0287/R000000030
R000000032/1.524158/0125/R000000033
R000000032/2.635269/0112/R000000033/R000000007
R000000031/1.693509/0041/R000000032
R000000034/1.524158/0041/R000000003
R000000034/1.524158/0233/R000000003
R000000031/1.693509/0091/R000000034
R000000029/1.881677/0155/R000000031
R000000028/1.524158/0156/R000000029
R000000028/1.693509/0059/R000000032
R000000023/3.387018/0275/R000000028/R000000025
R000000035/1.000000/0000/Guesstimate
R000000001/4.874465/0274/R000000023/R000000035
Q000000002/3.405835/0000/R000000036
R000000037/3.065251/0274/R000000034/R000000015
R000000039/1.111111/0198/R000000017
R000000039/1.111111/0198/R000000018
R000000038/2.345679/0112/R000000039/R000000007
R000000038/9.777779/0082/R000000040
R000000037/4.487987/0275/R000000031/R000000038
R000000036/3.405835/0041/R000000037
R000000043/2.606310/0274/R000000005/R000000015
R000000042/2.895900/0041/R000000043
R000000042/2.895900/0233/R000000043
R000000041/4.328778/0174/R000000042/R000000007
R000000046/1.000000/0000/Guesstimate
R000000047/1.000000/0000/Guesstimate
R000000045/2.222222/0004/R000000046/R000000047
R000000044/2.469136/0009/R000000045
R000000049/1.000000/0000/Guesstimate
R000000050/1.000000/0000/Guesstimate
R000000048/2.222222/0279/R000000049/R000000050
R000000048/2.222222/0279/R000000049/R000000050
R000000044/2.469136/0079/R000000048
R000000052/1.000000/0000/Guesstimate
R000000054/1.000000/0000/Guesstimate
R000000053/2.635269/0274/R000000054/R000000014
R000000055/1.000000/0000/Guesstimate
R000000053/9.400000/0275/R000000055/R000000021
R000000051/4.039188/0112/R000000052/R000000053
R000000057/1.000000/0000/Guesstimate
R000000056/4.039188/0112/R000000057/R000000053
R000000051/4.487987/0147/R000000056
R000000041/7.231471/0159/R000000044/R000000051
R000000036/4.809754/0041/R000000041
Q000000003/3.405835/0000/R000000036
<NEXT>