#
#  Reaction log file
#  Author: LigBuilder V3 User_Diana
#  Creation time: Tue Feb 24 21:31:31 2026
#  Format:
#  QueryMoleculeId/Cost/SynthesizeId/ReactantId1/ReactantId2/ReactantId3.....
#  Id prefix:
#  Q --- Query Molecule
#  M --- Material
#  R --- Reactant
#
Directory      result/synthesize_HsDHODH/34/DATABASE/
#
Q000000001/6.889194/0000/R000000001
R000000004/1.000000/0000/Guesstimate
R000000006/1.000000/0000/Guesstimate
R000000007/1.000000/0000/Guesstimate
R000000005/2.222222/0001/R000000006/R000000007
R000000008/1.000000/0000/Guesstimate
R000000005/2.222222/0003/R000000007/R000000008
R000000003/3.580247/0081/R000000004/R000000005
R000000010/1.000000/0000/Guesstimate
R000000009/3.580247/0081/R000000010/R000000005
R000000011/1.000000/0000/Guesstimate
R000000009/3.580247/0210/R000000011/R000000005
R000000003/3.978053/0082/R000000009
R000000002/3.978053/0040/R000000003
R000000014/1.000000/0000/Guesstimate
R000000013/1.111111/0118/R000000014
R000000015/1.000000/0000/Guesstimate
R000000013/2.222222/0112/R000000014/R000000015
R000000012/3.703704/0081/R000000013/R000000005
R000000017/1.000000/0000/Guesstimate
R000000016/1.111111/0118/R000000017
R000000016/2.222222/0112/R000000017/R000000015
R000000012/3.703704/0210/R000000016/R000000005
R000000002/4.115227/0024/R000000012
R000000019/1.000000/0000/Guesstimate
R000000020/1.000000/0000/Guesstimate
R000000018/2.222222/0122/R000000019/R000000020
M000000022/1.000000/0000/Sigma_BB-28422292
R000000023/1.000000/0000/Guesstimate
R000000021/2.222222/0049/M000000022/R000000023
R000000024/8.100000/0000/Guesstimate
R000000021/9.000001/0082/R000000024
R000000018/2.469136/0099/R000000021
R000000001/6.889194/0003/R000000002/R000000018
R000000025/6.584363/0003/R000000012/R000000018
R000000027/4.115227/0093/R000000012
R000000028/4.115227/0197/R000000012
R000000027/5.683586/0004/R000000028/R000000006
R000000026/4.572474/0085/R000000027
R000000029/1.000000/0000/Guesstimate
R000000026/5.683586/0004/R000000028/R000000029
R000000031/1.000000/0000/Guesstimate
M000000032/1.000000/0000/Sigma_BB-28914854
R000000030/2.222222/0012/R000000031/M000000032
R000000033/3.580247/0004/R000000007/R000000018
R000000030/3.978053/0009/R000000033
R000000025/7.549664/0049/R000000026/R000000030
R000000001/7.315958/0024/R000000025
Q000000002/5.531170/0000/R000000034
R000000035/1.000000/0000/Guesstimate
R000000034/5.531170/0003/R000000002/R000000035
R000000036/5.226338/0003/R000000012/R000000035
R000000037/1.000000/0000/Guesstimate
R000000036/6.191638/0049/R000000026/R000000037
R000000034/5.807042/0024/R000000036
Q000000003/5.531170/0000/R000000038
R000000039/1.000000/0000/Guesstimate
R000000038/5.531170/0003/R000000002/R000000039
R000000040/5.226338/0003/R000000012/R000000039
R000000041/1.000000/0000/Guesstimate
R000000040/6.191638/0049/R000000026/R000000041
R000000038/5.807042/0024/R000000040
<NEXT>