#
#  Reaction log file
#  Author: LigBuilder V3 User_Diana
#  Creation time: Tue Feb 24 21:30:59 2026
#  Format:
#  QueryMoleculeId/Cost/SynthesizeId/ReactantId1/ReactantId2/ReactantId3.....
#  Id prefix:
#  Q --- Query Molecule
#  M --- Material
#  R --- Reactant
#
Directory      result/synthesize_HsDHODH/5/DATABASE/
#
Q000000001/9.144949/0000/R000000001
R000000005/1.000000/0000/Guesstimate
R000000006/1.000000/0000/Guesstimate
R000000004/2.222222/0003/R000000005/R000000006
R000000007/1.000000/0000/Guesstimate
R000000008/1.111111/0125/R000000006
R000000009/1.000000/0000/Guesstimate
R000000008/2.222222/0112/R000000009/R000000006
R000000004/2.345679/0049/R000000007/R000000008
R000000011/1.000000/0000/Guesstimate
R000000012/1.000000/0000/Guesstimate
R000000010/2.222222/0012/R000000011/R000000012
R000000010/2.222222/0285/R000000011/R000000012
R000000003/4.938272/0159/R000000004/R000000010
R000000002/5.486969/0197/R000000003
R000000016/1.000000/0000/Guesstimate
R000000017/1.000000/0000/Guesstimate
R000000015/2.222222/0274/R000000016/R000000017
R000000014/2.469136/0237/R000000015
R000000018/1.000000/0000/Guesstimate
R000000020/1.000000/0000/Guesstimate
R000000021/1.000000/0000/Guesstimate
R000000019/2.222222/0279/R000000020/R000000021
R000000019/2.222222/0279/R000000020/R000000021
R000000014/3.580247/0279/R000000018/R000000019
R000000013/2.743484/0112/R000000014
R000000024/1.000000/0000/Guesstimate
R000000023/2.222222/0279/R000000024/R000000020
R000000023/2.222222/0279/R000000024/R000000020
R000000025/1.000000/0000/Guesstimate
R000000022/3.580247/0279/R000000023/R000000025
R000000022/3.580247/0279/R000000023/R000000025
R000000013/3.978053/0112/R000000022
R000000001/9.144949/0095/R000000002/R000000013
R000000026/8.535285/0095/R000000003/R000000013
R000000027/5.517452/0095/R000000010/R000000013
R000000028/4.159427/0095/R000000011/R000000013
R000000027/5.732697/0012/R000000028/R000000012
R000000026/8.599639/0159/R000000004/R000000027
R000000001/9.483650/0197/R000000026
Q000000002/9.144949/0000/R000000001
Q000000003/5.944217/0000/R000000029
R000000033/1.000000/0000/Guesstimate
R000000032/1.111111/0125/R000000033
R000000032/2.222222/0112/R000000009/R000000033
R000000031/1.234568/0040/R000000032
R000000035/1.000000/0000/Guesstimate
R000000034/2.222222/0004/R000000033/R000000035
R000000036/1.000000/0000/Guesstimate
R000000037/1.000000/0000/Guesstimate
R000000034/3.333333/0225/R000000033/R000000036/R000000037
R000000031/2.469136/0216/R000000034
R000000039/1.000000/0000/Guesstimate
R000000041/1.000000/0000/Guesstimate
M000000042/1.000000/0000/Sigma_BB-34690414
R000000040/2.222222/0057/R000000041/M000000042
R000000038/3.580247/0275/R000000039/R000000040
R000000043/1.000000/0000/Guesstimate
R000000038/3.580247/0282/R000000043/R000000040
R000000030/5.349795/0224/R000000031/R000000038
R000000029/5.944217/0285/R000000030
<NEXT>