#
#  Reaction log file
#  Author: LigBuilder V3 User_Diana
#  Creation time: Tue Feb 24 21:32:57 2026
#  Format:
#  QueryMoleculeId/Cost/SynthesizeId/ReactantId1/ReactantId2/ReactantId3.....
#  Id prefix:
#  Q --- Query Molecule
#  M --- Material
#  R --- Reactant
#
Directory      result/synthesize_HsDHODH/102/DATABASE/
#
Q000000001/7.055328/0000/R000000001
M000000005/1.000000/0000/Sigma_BB-28800317
R000000004/1.111111/0197/M000000005
M000000006/1.000000/0000/Sigma_BB-28800304
R000000007/1.000000/0000/Guesstimate
R000000004/2.222222/0231/M000000006/R000000007
R000000008/1.000000/0000/Guesstimate
R000000003/2.345679/0004/R000000004/R000000008
M000000011/1.000000/0000/Sigma_BB-28800354
R000000010/1.111111/0009/M000000011
M000000012/1.000000/0000/Sigma_BB-28800146
R000000013/1.000000/0000/Guesstimate
R000000010/2.222222/0003/M000000012/R000000013
R000000014/1.000000/0000/Guesstimate
R000000009/2.345679/0122/R000000010/R000000014
R000000009/2.345679/0122/R000000010/R000000014
R000000003/2.606310/0024/R000000009
R000000017/1.000000/0000/Guesstimate
R000000018/1.000000/0000/Guesstimate
R000000016/2.222222/0276/R000000017/R000000018
R000000016/2.222222/0278/R000000017/R000000018
R000000015/2.469136/0276/R000000016
R000000019/2.222222/0276/R000000017/R000000018
R000000019/2.222222/0278/R000000017/R000000018
R000000015/2.469136/0276/R000000019
R000000002/5.349795/0004/R000000003/R000000015
R000000021/3.580247/0004/R000000008/R000000019
R000000022/1.000000/0000/Guesstimate
R000000023/1.000000/0000/Guesstimate
R000000021/4.691358/0225/R000000019/R000000022/R000000023
R000000020/3.978053/0276/R000000021
R000000025/1.000000/0000/Guesstimate
R000000024/3.854596/0112/R000000025/R000000015
R000000020/4.282884/0147/R000000024
R000000002/5.654626/0004/R000000004/R000000020
R000000026/1.000000/0000/Guesstimate
R000000001/7.055328/0212/R000000002/R000000026
R000000001/7.055328/0212/R000000002/R000000026
Q000000002/7.055328/0000/R000000001
Q000000003/Analysis Failed
<NEXT>