#
#  Reaction log file
#  Author: LigBuilder V3 User_Diana
#  Creation time: Tue Feb 24 21:40:49 2026
#  Format:
#  QueryMoleculeId/Cost/SynthesizeId/ReactantId1/ReactantId2/ReactantId3.....
#  Id prefix:
#  Q --- Query Molecule
#  M --- Material
#  R --- Reactant
#
Directory      result/synthesize_HsDHODH/297/DATABASE/
#
Q000000001/5.944217/0000/R000000001
M000000005/1.000000/0000/Sigma_BB-129759817
R000000004/1.111111/0104/M000000005
R000000004/1.111111/0104/M000000005
R000000003/1.234568/0248/R000000004
R000000006/9.800000/0000/Guesstimate
R000000003/9.800000/0257/R000000006
R000000009/1.000000/0000/Guesstimate
R000000010/1.000000/0000/Guesstimate
R000000008/2.222222/0274/R000000009/R000000010
R000000011/1.000000/0000/Guesstimate
R000000012/1.000000/0000/Guesstimate
R000000008/2.222222/0275/R000000011/R000000012
R000000013/1.000000/0000/Guesstimate
R000000007/3.580247/0170/R000000008/R000000013
R000000015/1.000000/0000/Guesstimate
R000000014/2.222222/0274/R000000009/R000000015
R000000014/2.469136/0156/R000000008
R000000016/1.000000/0000/Guesstimate
R000000007/3.580247/0170/R000000014/R000000016
R000000002/5.349795/0018/R000000003/R000000007
R000000017/3.840878/0018/R000000003/R000000008
R000000002/5.378754/0170/R000000017/R000000013
R000000001/5.944217/0160/R000000002
R000000021/1.000000/0000/Guesstimate
R000000022/1.000000/0000/Guesstimate
R000000020/2.222222/0004/R000000021/R000000022
R000000019/2.469136/0009/R000000020
R000000024/1.000000/0000/Guesstimate
R000000025/1.000000/0000/Guesstimate
R000000023/2.222222/0279/R000000024/R000000025
R000000023/2.222222/0279/R000000024/R000000025
R000000019/2.469136/0079/R000000023
R000000027/1.000000/0000/Guesstimate
R000000029/1.000000/0000/Guesstimate
M000000030/1.000000/0000/Sigma_BB-28792193
R000000028/2.222222/0275/R000000029/M000000030
R000000031/1.000000/0000/Guesstimate
R000000028/2.222222/0282/R000000031/M000000030
R000000026/3.580247/0112/R000000027/R000000028
R000000033/1.000000/0000/Guesstimate
R000000032/3.580247/0112/R000000033/R000000028
R000000026/3.978053/0147/R000000032
R000000018/6.721537/0159/R000000019/R000000026
R000000036/1.000000/0000/Guesstimate
R000000035/3.580247/0003/R000000036/R000000028
R000000035/3.978053/0147/R000000032
R000000037/1.000000/0000/Guesstimate
R000000034/5.089163/0012/R000000035/R000000037
R000000039/1.000000/0000/Guesstimate
R000000038/5.089163/0012/R000000035/R000000039
R000000038/5.089163/0285/R000000035/R000000039
R000000034/6.765737/0279/R000000038/R000000024
R000000040/1.000000/0000/Guesstimate
R000000018/6.765737/0159/R000000034/R000000040
R000000001/7.468375/0041/R000000018
Q000000002/5.944217/0000/R000000001
Q000000003/5.944217/0000/R000000001
<NEXT>