#
#  Reaction log file
#  Author: LigBuilder V3 User_Diana
#  Creation time: Tue Feb 24 21:41:29 2026
#  Format:
#  QueryMoleculeId/Cost/SynthesizeId/ReactantId1/ReactantId2/ReactantId3.....
#  Id prefix:
#  Q --- Query Molecule
#  M --- Material
#  R --- Reactant
#
Directory      result/synthesize_HsDHODH/300/DATABASE/
#
Q000000001/5.791801/0000/R000000001
M000000004/1.000000/0000/Sigma_BB-27725171
R000000005/1.000000/0000/Guesstimate
R000000003/2.222222/0003/M000000004/R000000005
R000000007/1.111111/0093/M000000004
M000000008/1.000000/0000/Sigma_BB-136290300
R000000009/1.000000/0000/Guesstimate
R000000007/2.222222/0004/M000000008/R000000009
R000000006/1.234568/0085/R000000007
R000000010/1.000000/0000/Guesstimate
R000000006/2.222222/0004/M000000008/R000000010
R000000011/1.000000/0000/Guesstimate
R000000003/2.482853/0049/R000000006/R000000011
R000000014/1.000000/0000/Guesstimate
R000000015/1.000000/0000/Guesstimate
R000000013/2.222222/0274/R000000014/R000000015
R000000012/2.469136/0112/R000000013
R000000016/2.222222/0112/R000000014/R000000015
R000000012/2.469136/0274/R000000016
R000000002/5.212621/0231/R000000003/R000000012
R000000001/5.791801/0099/R000000002
R000000019/2.469136/0104/R000000003
R000000019/2.469136/0104/R000000003
R000000018/2.743484/0260/R000000019
R000000018/2.743484/0260/R000000019
R000000022/1.000000/0000/Guesstimate
R000000023/1.000000/0000/Guesstimate
R000000021/2.222222/0063/R000000022/R000000023
R000000024/1.000000/0000/Guesstimate
R000000021/2.222222/0064/R000000022/R000000024
R000000020/2.469136/0197/R000000021
R000000017/5.791801/0256/R000000018/R000000020
R000000001/6.435335/0160/R000000017
Q000000002/5.791801/0000/R000000001
Q000000003/7.315958/0000/R000000025
R000000029/1.000000/0000/Guesstimate
R000000030/1.000000/0000/Guesstimate
R000000028/2.222222/0003/R000000029/R000000030
R000000032/1.000000/0000/Guesstimate
R000000031/1.111111/0040/R000000032
R000000033/1.000000/0000/Guesstimate
R000000031/2.222222/0004/R000000033/R000000009
R000000027/3.703704/0276/R000000028/R000000031
R000000027/3.703704/0278/R000000028/R000000031
R000000035/1.000000/0000/Guesstimate
R000000036/1.000000/0000/Guesstimate
R000000034/2.222222/0012/R000000035/R000000036
R000000038/1.000000/0000/Guesstimate
R000000037/2.222222/0004/R000000030/R000000038
R000000039/1.000000/0000/Guesstimate
R000000040/1.000000/0000/Guesstimate
R000000037/2.222222/0122/R000000039/R000000040
R000000034/2.469136/0009/R000000037
R000000026/6.584363/0159/R000000027/R000000034
R000000041/4.938272/0159/R000000028/R000000034
R000000026/6.721537/0276/R000000041/R000000031
R000000025/7.315958/0197/R000000026
R000000042/5.486969/0197/R000000041
R000000025/7.331201/0276/R000000042/R000000031
<END>