#
#  Reaction log file
#  Author: LigBuilder V3 User_Diana
#  Creation time: Tue Feb 24 21:35:24 2026
#  Format:
#  QueryMoleculeId/Cost/SynthesizeId/ReactantId1/ReactantId2/ReactantId3.....
#  Id prefix:
#  Q --- Query Molecule
#  M --- Material
#  R --- Reactant
#
Directory      result/synthesize_HsDHODH/153/DATABASE/
#
Q000000001/4.282884/0000/R000000001
M000000005/1.000000/0000/Sigma_BB-308324471
R000000004/1.111111/0125/M000000005
R000000006/1.000000/0000/Guesstimate
R000000004/2.222222/0112/M000000005/R000000006
R000000008/1.000000/0000/Guesstimate
R000000007/1.111111/0293/R000000008
R000000003/2.469136/0231/R000000004/R000000007
R000000011/1.000000/0000/Guesstimate
R000000012/1.000000/0000/Guesstimate
R000000010/2.222222/0004/R000000011/R000000012
R000000009/2.469136/0009/R000000010
R000000014/1.000000/0000/Guesstimate
R000000015/1.000000/0000/Guesstimate
R000000013/2.222222/0279/R000000014/R000000015
R000000013/2.222222/0279/R000000014/R000000015
R000000009/2.469136/0079/R000000013
R000000017/1.000000/0000/Guesstimate
R000000018/1.000000/0000/Guesstimate
R000000016/2.222222/0061/R000000017/R000000018
R000000019/1.000000/0000/Guesstimate
R000000016/2.222222/0062/R000000017/R000000019
R000000003/5.212621/0159/R000000009/R000000016
M000000020/1.000000/0000/Sigma_BB-27928877
R000000002/3.854596/0170/R000000003/M000000020
R000000023/1.000000/0000/Guesstimate
M000000024/1.000000/0000/Sigma_BB-41222911
R000000022/2.222222/0170/R000000023/M000000024
R000000022/2.222222/0170/R000000018/M000000020
R000000021/3.580247/0061/R000000017/R000000022
R000000026/1.000000/0000/Guesstimate
R000000025/2.222222/0170/R000000026/M000000024
R000000025/2.469136/0041/R000000022
R000000021/3.580247/0062/R000000017/R000000025
R000000002/6.721537/0159/R000000009/R000000021
R000000001/4.282884/0041/R000000002
M000000030/1.000000/0000/Sigma_BB-243967605
R000000029/1.111111/0299/M000000030
R000000029/1.234568/0041/R000000004
R000000032/1.000000/0000/Guesstimate
R000000033/1.000000/0000/Guesstimate
R000000031/2.222222/0226/R000000032/R000000033
R000000034/1.000000/0000/Guesstimate
R000000031/2.222222/0277/R000000032/R000000034
R000000028/3.703704/0231/R000000029/R000000031
R000000035/2.345679/0231/R000000029/R000000032
R000000028/3.717421/0226/R000000035/R000000033
R000000027/5.226338/0170/R000000028/M000000024
R000000038/1.000000/0000/Guesstimate
R000000037/2.222222/0277/R000000032/R000000038
R000000036/3.703704/0231/R000000029/R000000037
R000000036/3.717421/0277/R000000035/R000000038
R000000027/5.226338/0170/R000000036/M000000020
R000000001/5.807042/0099/R000000027
Q000000002/4.420059/0000/R000000039
R000000043/1.000000/0000/Guesstimate
M000000044/1.000000/0000/Sigma_BB-88116084
R000000042/2.222222/0274/R000000043/M000000044
R000000041/2.469136/0285/R000000042
R000000040/3.978053/0231/R000000004/R000000041
M000000047/1.000000/0000/Sigma_BB-189032383
R000000046/1.111111/0288/M000000047
R000000048/1.000000/0000/Guesstimate
R000000046/2.222222/0277/R000000048/M000000044
R000000045/2.345679/0062/R000000017/R000000046
R000000040/5.349795/0159/R000000009/R000000045
R000000039/4.420059/0041/R000000040
R000000052/1.000000/0000/Guesstimate
R000000051/3.717421/0277/R000000035/R000000052
R000000050/4.130468/0260/R000000051
R000000053/1.000000/0000/Guesstimate
R000000049/5.700521/0276/R000000050/R000000053
R000000049/5.700521/0278/R000000050/R000000053
R000000039/6.333912/0099/R000000049
Q000000003/4.420059/0000/R000000039
<NEXT>