#
#  Reaction log file
#  Author: LigBuilder V3 User_Diana
#  Creation time: Tue Feb 24 21:36:11 2026
#  Format:
#  QueryMoleculeId/Cost/SynthesizeId/ReactantId1/ReactantId2/ReactantId3.....
#  Id prefix:
#  Q --- Query Molecule
#  M --- Material
#  R --- Reactant
#
Directory      result/synthesize_HsDHODH/181/DATABASE/
#
Q000000001/5.944217/0000/R000000001
M000000005/1.000000/0000/Sigma_BB-28710871
R000000004/1.111111/0204/M000000005
M000000006/1.000000/0000/Sigma_BB-114773652
R000000004/1.111111/0217/M000000006
R000000003/1.234568/0024/R000000004
M000000008/1.000000/0000/Sigma_BB-27468255
M000000009/1.000000/0000/Sigma_BB-28778979
R000000007/2.222222/0212/M000000008/M000000009
R000000007/2.222222/0212/M000000008/M000000009
R000000003/2.469136/0009/R000000007
R000000011/1.000000/0000/Guesstimate
R000000013/1.000000/0000/Guesstimate
R000000014/1.000000/0000/Guesstimate
R000000012/2.222222/0003/R000000013/R000000014
R000000010/3.580247/0012/R000000011/R000000012
R000000015/1.000000/0000/Guesstimate
R000000017/1.000000/0000/Guesstimate
R000000016/3.580247/0012/R000000012/R000000017
R000000016/3.580247/0285/R000000012/R000000017
R000000010/5.089163/0279/R000000015/R000000016
R000000002/5.349795/0159/R000000003/R000000010
R000000020/1.000000/0000/Guesstimate
R000000021/1.000000/0000/Guesstimate
R000000019/2.222222/0274/R000000020/R000000021
R000000018/2.469136/0125/R000000019
R000000022/1.000000/0000/Guesstimate
R000000018/3.580247/0112/R000000019/R000000022
R000000024/2.222222/0004/R000000021/R000000014
R000000023/3.580247/0049/R000000017/R000000024
R000000025/3.978053/0147/R000000016
R000000023/4.420059/0082/R000000025
R000000002/6.721537/0159/R000000018/R000000023
R000000001/5.944217/0059/R000000002
R000000026/1.000000/0000/Guesstimate
R000000001/7.055328/0224/R000000002/R000000026
Q000000002/7.468375/0000/R000000027
R000000031/1.000000/0000/Guesstimate
M000000032/1.000000/0000/Sigma_BB-30407107
R000000030/2.222222/0274/R000000031/M000000032
M000000033/1.000000/0000/Sigma_BB-28782701
R000000034/1.000000/0000/Guesstimate
R000000030/2.222222/0274/M000000033/R000000034
R000000029/2.469136/0009/R000000030
R000000036/1.000000/0000/Guesstimate
R000000035/2.222222/0004/R000000036/R000000021
R000000037/1.000000/0000/Guesstimate
M000000038/1.000000/0000/Sigma_BB-28775620
R000000035/2.222222/0274/R000000037/M000000038
R000000029/3.580247/0049/R000000035/R000000017
R000000028/6.721537/0159/R000000029/R000000010
R000000039/5.089163/0159/R000000036/R000000010
R000000039/5.089163/0159/R000000036/R000000010
R000000040/1.000000/0000/Guesstimate
R000000028/6.765737/0112/R000000039/R000000040
R000000027/7.468375/0059/R000000028
R000000042/5.654626/0059/R000000039
R000000042/6.604685/0197/R000000001
R000000041/7.394029/0004/R000000042/R000000021
R000000044/5.089163/0159/R000000037/R000000010
R000000043/5.654626/0059/R000000044
R000000043/6.765737/0224/R000000044/R000000026
R000000041/7.394029/0274/R000000043/M000000038
R000000027/9.326700/0049/R000000041/R000000017
<NEXT>