#
#  Reaction log file
#  Author: LigBuilder V3 User_Diana
#  Creation time: Tue Feb 24 21:39:47 2026
#  Format:
#  QueryMoleculeId/Cost/SynthesizeId/ReactantId1/ReactantId2/ReactantId3.....
#  Id prefix:
#  Q --- Query Molecule
#  M --- Material
#  R --- Reactant
#
Directory      result/synthesize_HsDHODH/275/DATABASE/
#
Q000000001/5.639385/0000/R000000001
M000000005/1.000000/0000/Sigma_BB-161564803
R000000004/1.111111/0299/M000000005
R000000006/1.000000/0000/Guesstimate
R000000003/2.345679/0221/R000000004/R000000006
R000000009/1.000000/0000/Guesstimate
R000000010/1.000000/0000/Guesstimate
R000000008/2.222222/0279/R000000009/R000000010
R000000008/2.222222/0279/R000000009/R000000010
R000000011/1.000000/0000/Guesstimate
R000000007/3.580247/0276/R000000008/R000000011
R000000013/1.000000/0000/Guesstimate
R000000012/3.580247/0276/R000000008/R000000013
R000000012/3.580247/0278/R000000008/R000000013
R000000014/1.000000/0000/Guesstimate
R000000007/5.089163/0276/R000000012/R000000014
R000000016/1.000000/0000/Guesstimate
R000000017/1.000000/0000/Guesstimate
R000000015/2.222222/0112/R000000016/R000000017
R000000003/6.447188/0159/R000000007/R000000015
R000000019/1.000000/0000/Guesstimate
R000000020/1.000000/0000/Guesstimate
R000000018/2.222222/0174/R000000019/R000000020
R000000018/2.222222/0289/R000000019/R000000020
R000000002/5.075447/0274/R000000003/R000000018
R000000021/4.938272/0274/R000000015/R000000018
R000000023/1.000000/0000/Guesstimate
R000000022/2.222222/0112/R000000016/R000000023
R000000022/2.469136/0091/R000000015
R000000025/1.000000/0000/Guesstimate
R000000024/2.222222/0174/R000000025/R000000020
R000000026/1.000000/0000/Guesstimate
R000000024/3.580247/0274/R000000026/R000000018
R000000021/4.938272/0275/R000000022/R000000024
R000000002/9.465022/0159/R000000007/R000000021
R000000001/5.639385/0025/R000000002
R000000030/1.000000/0000/Guesstimate
R000000029/2.222222/0274/R000000017/R000000030
R000000031/1.000000/0000/Guesstimate
R000000029/3.333333/0261/R000000017/R000000031/R000000014
R000000028/3.580247/0112/R000000016/R000000029
R000000033/1.000000/0000/Guesstimate
R000000032/3.580247/0112/R000000033/R000000029
R000000028/3.978053/0147/R000000032
R000000027/7.956105/0159/R000000007/R000000028
R000000036/1.000000/0000/Guesstimate
R000000035/3.580247/0003/R000000036/R000000029
R000000035/3.978053/0147/R000000032
R000000038/1.000000/0000/Guesstimate
R000000037/2.222222/0276/R000000038/R000000011
R000000037/2.222222/0278/R000000038/R000000011
R000000034/6.447188/0012/R000000035/R000000037
R000000039/5.089163/0012/R000000035/R000000038
R000000039/5.089163/0285/R000000035/R000000038
R000000034/6.765737/0276/R000000039/R000000011
R000000040/1.000000/0000/Guesstimate
R000000027/8.274654/0159/R000000034/R000000040
R000000001/8.840117/0024/R000000027
Q000000002/8.687701/0000/R000000041
R000000045/1.000000/0000/Guesstimate
R000000044/3.333333/0261/R000000017/R000000045/R000000014
R000000046/1.000000/0000/Guesstimate
R000000044/3.580247/0277/R000000029/R000000046
R000000043/4.814815/0112/R000000016/R000000044
R000000048/1.000000/0000/Guesstimate
R000000047/4.691358/0261/R000000015/R000000048/R000000014
R000000043/5.212620/0059/R000000047
R000000042/7.818931/0159/R000000008/R000000043
R000000050/5.089163/0277/R000000035/R000000046
R000000049/6.765737/0012/R000000050/R000000038
R000000052/1.000000/0000/Guesstimate
R000000051/6.765737/0277/R000000039/R000000052
R000000049/7.517486/0156/R000000051
R000000042/8.628597/0159/R000000049/R000000040
R000000041/8.687701/0024/R000000042
R000000054/6.447188/0159/R000000008/R000000028
R000000054/6.765737/0159/R000000039/R000000040
R000000053/7.163543/0024/R000000054
R000000057/1.000000/0000/Guesstimate
R000000056/3.580247/0274/R000000015/R000000057
R000000058/1.000000/0000/Guesstimate
R000000056/3.580247/0275/R000000022/R000000058
R000000055/6.447188/0159/R000000008/R000000056
R000000059/4.938272/0159/R000000008/R000000015
R000000055/6.598080/0274/R000000059/R000000057
R000000053/7.163543/0040/R000000055
R000000041/9.070603/0004/R000000053/R000000046
Q000000003/5.639385/0000/R000000001
<NEXT>