#
#  Reaction log file
#  Author: LigBuilder V3 User_Diana
#  Creation time: Tue Feb 24 21:30:52 2026
#  Format:
#  QueryMoleculeId/Cost/SynthesizeId/ReactantId1/ReactantId2/ReactantId3.....
#  Id prefix:
#  Q --- Query Molecule
#  M --- Material
#  R --- Reactant
#
Directory      result/synthesize_HsDHODH/13/DATABASE/
#
Q000000001/4.420059/0000/R000000001
R000000004/1.000000/0000/Guesstimate
R000000006/1.000000/0000/Guesstimate
R000000007/1.000000/0000/Guesstimate
R000000005/2.222222/0279/R000000006/R000000007
R000000005/2.222222/0279/R000000006/R000000007
R000000003/3.580247/0224/R000000004/R000000005
R000000009/1.000000/0000/Guesstimate
R000000008/3.580247/0224/R000000009/R000000005
R000000003/3.978053/0260/R000000008
R000000002/3.978053/0285/R000000003
R000000001/4.420059/0024/R000000002
R000000013/1.000000/0000/Guesstimate
R000000012/2.222222/0224/R000000013/R000000007
R000000011/3.580247/0285/R000000012/R000000006
R000000015/1.000000/0000/Guesstimate
R000000014/3.580247/0285/R000000012/R000000015
R000000011/3.978053/0293/R000000014
R000000010/3.978053/0279/R000000011
R000000010/3.978053/0279/R000000011
R000000001/4.420059/0040/R000000010
Q000000002/7.434924/0000/R000000016
R000000019/4.420059/0090/R000000002
R000000020/1.000000/0000/Guesstimate
R000000018/6.022288/0279/R000000019/R000000020
R000000018/6.022288/0279/R000000019/R000000020
R000000017/6.691431/0090/R000000018
R000000022/6.691431/0228/R000000018
R000000022/6.691431/0286/R000000018
R000000021/7.434924/0156/R000000022
R000000023/6.691431/0156/R000000018
R000000021/7.434924/0228/R000000023
R000000017/8.261026/0188/R000000021
R000000016/7.434924/0024/R000000017
R000000026/4.420059/0090/R000000010
R000000025/6.022288/0279/R000000026/R000000020
R000000025/6.022288/0279/R000000026/R000000020
R000000024/6.691431/0090/R000000025
R000000028/6.691431/0228/R000000025
R000000028/6.691431/0286/R000000025
R000000027/7.434924/0156/R000000028
R000000029/6.691431/0156/R000000025
R000000027/7.434924/0228/R000000029
R000000024/8.261026/0188/R000000027
R000000016/7.434924/0040/R000000024
Q000000003/7.434924/0000/R000000016
<NEXT>