#
#  Reaction log file
#  Author: LigBuilder V3 User_Diana
#  Creation time: Tue Feb 24 21:38:04 2026
#  Format:
#  QueryMoleculeId/Cost/SynthesizeId/ReactantId1/ReactantId2/ReactantId3.....
#  Id prefix:
#  Q --- Query Molecule
#  M --- Material
#  R --- Reactant
#
Directory      result/synthesize_HsDHODH/238/DATABASE/
#
Q000000001/7.207744/0000/R000000001
R000000005/1.000000/0000/Guesstimate
R000000006/1.000000/0000/Guesstimate
R000000004/2.222222/0279/R000000005/R000000006
R000000004/2.222222/0279/R000000005/R000000006
R000000003/2.469136/0279/R000000004
R000000007/2.222222/0279/R000000005/R000000006
R000000007/2.222222/0279/R000000005/R000000006
R000000003/2.469136/0279/R000000007
M000000010/1.000000/0000/Sigma_BB-28756834
R000000011/1.000000/0000/Guesstimate
R000000009/2.222222/0003/M000000010/R000000011
R000000008/2.469136/0147/R000000009
M000000012/1.000000/0000/Sigma_BB-27087003
R000000014/1.000000/0000/Guesstimate
R000000013/2.222222/0004/R000000014/R000000011
R000000015/1.000000/0000/Guesstimate
R000000016/1.000000/0000/Guesstimate
R000000013/3.333333/0225/R000000015/R000000011/R000000016
R000000008/3.580247/0212/M000000012/R000000013
R000000002/5.486969/0231/R000000003/R000000008
M000000019/1.000000/0000/Sigma_BB-28798706
R000000018/3.854596/0231/R000000003/M000000019
R000000017/4.282884/0155/R000000018
R000000022/1.000000/0000/Guesstimate
R000000021/1.111111/0293/R000000022
R000000020/1.234568/0090/R000000021
R000000024/1.000000/0000/Guesstimate
R000000023/2.222222/0256/R000000024/R000000011
R000000020/2.469136/0155/R000000023
R000000002/6.130503/0301/R000000017/R000000020
R000000025/1.000000/0000/Guesstimate
R000000001/7.207744/0095/R000000002/R000000025
M000000029/1.000000/0000/Sigma_BB-28421609
R000000028/3.854596/0231/R000000003/M000000029
R000000028/4.282884/0257/R000000018
R000000027/5.393995/0095/R000000028/R000000025
R000000031/1.000000/0000/Guesstimate
R000000030/5.393995/0095/R000000028/R000000031
R000000032/1.000000/0000/Guesstimate
R000000027/7.104439/0301/R000000030/R000000032
R000000034/1.000000/0000/Guesstimate
R000000033/2.222222/0004/R000000034/R000000011
R000000033/2.469136/0085/R000000013
R000000026/8.462464/0049/R000000027/R000000033
R000000035/5.869872/0095/R000000017/R000000025
R000000038/1.000000/0000/Guesstimate
R000000039/1.000000/0000/Guesstimate
R000000037/2.222222/0063/R000000038/R000000039
R000000037/2.222222/0064/R000000038/R000000025
R000000036/2.469136/0091/R000000037
R000000041/1.000000/0000/Guesstimate
R000000040/2.222222/0112/R000000041/R000000011
R000000036/2.469136/0197/R000000040
R000000026/9.265564/0112/R000000035/R000000036
R000000001/9.402739/0147/R000000026
Q000000002/7.207744/0000/R000000001
Q000000003/7.207744/0000/R000000001
<NEXT>