#
#  Reaction log file
#  Author: LigBuilder V3 User_Diana
#  Creation time: Tue Feb 24 21:32:04 2026
#  Format:
#  QueryMoleculeId/Cost/SynthesizeId/ReactantId1/ReactantId2/ReactantId3.....
#  Id prefix:
#  Q --- Query Molecule
#  M --- Material
#  R --- Reactant
#
Directory      result/synthesize_HsDHODH/43/DATABASE/
#
Q000000001/2.758726/0000/R000000001
M000000005/1.000000/0000/Sigma_BB-48705901
R000000004/1.111111/0125/M000000005
R000000006/1.000000/0000/Guesstimate
R000000004/2.222222/0112/M000000005/R000000006
R000000003/1.234568/0040/R000000004
M000000008/1.000000/0000/Sigma_BB-28505792
R000000009/1.000000/0000/Guesstimate
R000000007/2.222222/0175/M000000008/R000000009
R000000007/2.222222/0290/M000000008/R000000009
R000000003/2.469136/0024/R000000007
R000000010/1.000000/0000/Guesstimate
R000000002/2.482853/0119/R000000003/R000000010
M000000013/1.000000/0000/Sigma_BB-28775340
R000000014/1.000000/0000/Guesstimate
R000000012/2.222222/0221/M000000013/R000000014
M000000016/1.000000/0000/Sigma_BB-156331499
R000000015/1.111111/0114/M000000016
M000000017/1.000000/0000/Sigma_BB-28494105
R000000015/1.111111/0287/M000000017
R000000012/2.345679/0119/R000000015/R000000014
R000000011/2.469136/0039/R000000012
R000000018/2.222222/0119/M000000016/R000000010
M000000019/1.000000/0000/Sigma_BB-27908217
R000000020/1.000000/0000/Guesstimate
R000000018/2.222222/0119/M000000019/R000000020
R000000011/2.469136/0114/R000000018
R000000021/1.000000/0000/Guesstimate
R000000002/3.854596/0122/R000000011/R000000021
R000000001/2.758726/0024/R000000002
R000000023/1.000000/0000/Guesstimate
R000000022/2.482853/0119/R000000003/R000000023
M000000026/1.000000/0000/Sigma_BB-29651244
R000000025/1.111111/0155/M000000026
R000000025/2.222222/0119/M000000016/R000000023
R000000024/1.234568/0114/R000000025
R000000024/2.345679/0119/R000000015/R000000023
R000000022/2.482853/0122/R000000024/R000000021
R000000027/1.000000/0000/Guesstimate
R000000001/3.869837/0004/R000000022/R000000027
Q000000002/2.758726/0000/R000000028
M000000030/1.000000/0000/Sigma_BB-102140829
R000000033/1.000000/0000/Guesstimate
R000000032/1.111111/0118/R000000033
R000000032/2.222222/0112/R000000033/R000000006
R000000031/1.234568/0059/R000000032
R000000035/1.000000/0000/Guesstimate
R000000034/2.222222/0301/R000000023/R000000035
R000000034/2.222222/0301/R000000023/R000000035
R000000031/2.469136/0039/R000000034
R000000029/2.482853/0119/M000000030/R000000031
M000000038/1.000000/0000/Sigma_BB-34437028
R000000037/2.482853/0119/M000000038/R000000031
R000000039/1.000000/0000/Guesstimate
R000000037/2.482853/0221/R000000039/R000000031
R000000036/2.758726/0114/R000000037
R000000040/3.580247/0119/M000000017/R000000034
M000000041/1.000000/0000/Sigma_BB-156333960
R000000040/3.580247/0221/M000000041/R000000034
R000000036/3.978053/0039/R000000040
R000000029/4.176363/0122/R000000036/R000000021
R000000028/2.758726/0024/R000000029
R000000042/2.222222/0119/M000000030/R000000023
M000000045/1.000000/0000/Sigma_BB-27088650
R000000044/1.111111/0155/M000000045
R000000044/2.222222/0119/M000000038/R000000023
R000000043/1.234568/0114/R000000044
R000000043/2.222222/0119/M000000017/R000000023
R000000042/2.482853/0122/R000000043/R000000021
R000000046/1.000000/0000/Guesstimate
R000000028/3.580247/0004/R000000042/R000000046
Q000000003/4.282884/0000/R000000047
M000000051/1.000000/0000/Sigma_BB-70370696
R000000052/1.000000/0000/Guesstimate
R000000050/2.222222/0301/M000000051/R000000052
R000000050/2.222222/0301/M000000051/R000000052
R000000049/2.469136/0024/R000000050
M000000054/1.000000/0000/Sigma_BB-28969004
R000000053/2.222222/0301/M000000054/R000000052
R000000053/2.222222/0301/M000000054/R000000052
R000000049/2.469136/0040/R000000053
R000000048/3.854596/0119/R000000049/R000000010
R000000057/1.000000/0000/Guesstimate
R000000056/2.222222/0175/M000000038/R000000057
M000000058/1.000000/0000/Sigma_BB-28760247
R000000059/1.000000/0000/Guesstimate
R000000056/2.222222/0232/M000000058/R000000059
R000000055/3.580247/0119/R000000056/R000000010
R000000061/2.345679/0175/R000000044/R000000057
R000000061/2.345679/0290/R000000044/R000000057
R000000062/1.000000/0000/Guesstimate
R000000060/3.717421/0301/R000000061/R000000062
R000000060/3.717421/0301/R000000061/R000000062
R000000055/4.130468/0039/R000000060
R000000063/1.000000/0000/Guesstimate
R000000048/5.089163/0122/R000000055/R000000063
R000000047/4.282884/0024/R000000048
R000000067/1.000000/0000/Guesstimate
R000000066/2.222222/0277/M000000017/R000000067
R000000065/3.580247/0119/R000000066/R000000023
R000000068/1.000000/0000/Guesstimate
R000000065/3.717421/0112/R000000061/R000000068
R000000064/3.978053/0099/R000000065
R000000069/3.717421/0003/R000000061/R000000027
R000000071/1.000000/0000/Guesstimate
R000000070/2.345679/0003/R000000025/R000000071
R000000070/2.469136/0082/R000000042
R000000072/1.000000/0000/Guesstimate
R000000069/3.717421/0011/R000000070/R000000072
R000000064/4.130468/0099/R000000069
R000000047/5.531170/0004/R000000064/R000000027
<NEXT>