#
#  Reaction log file
#  Author: LigBuilder V3 User_Diana
#  Creation time: Tue Feb 24 21:39:41 2026
#  Format:
#  QueryMoleculeId/Cost/SynthesizeId/ReactantId1/ReactantId2/ReactantId3.....
#  Id prefix:
#  Q --- Query Molecule
#  M --- Material
#  R --- Reactant
#
Directory      result/synthesize_HsDHODH/260/DATABASE/
#
Q000000001/7.178785/0000/R000000001
R000000004/1.000000/0000/Guesstimate
R000000006/1.000000/0000/Guesstimate
R000000007/1.000000/0000/Guesstimate
R000000005/2.222222/0001/R000000006/R000000007
R000000008/1.000000/0000/Guesstimate
R000000005/2.222222/0003/R000000007/R000000008
R000000003/3.580247/0081/R000000004/R000000005
R000000010/1.000000/0000/Guesstimate
R000000009/3.580247/0081/R000000010/R000000005
R000000011/1.000000/0000/Guesstimate
R000000009/3.580247/0210/R000000011/R000000005
R000000003/3.978053/0082/R000000009
R000000002/3.978053/0040/R000000003
R000000014/1.000000/0000/Guesstimate
R000000013/1.111111/0118/R000000014
R000000015/1.000000/0000/Guesstimate
R000000013/2.222222/0112/R000000014/R000000015
R000000012/3.703704/0081/R000000013/R000000005
R000000017/1.000000/0000/Guesstimate
R000000016/1.111111/0118/R000000017
R000000016/2.222222/0112/R000000017/R000000015
R000000012/3.703704/0210/R000000016/R000000005
R000000002/4.115227/0024/R000000012
R000000021/1.000000/0000/Guesstimate
R000000020/1.111111/0125/R000000021
R000000020/2.222222/0112/R000000015/R000000021
R000000019/1.234568/0041/R000000020
R000000019/1.234568/0233/R000000020
R000000022/1.000000/0000/Guesstimate
R000000018/2.482853/0274/R000000019/R000000022
R000000023/1.000000/0000/Guesstimate
R000000025/2.222222/0004/R000000006/R000000021
R000000026/1.000000/0000/Guesstimate
R000000027/1.000000/0000/Guesstimate
R000000025/3.333333/0225/R000000026/R000000021/R000000027
R000000024/2.469136/0197/R000000025
R000000024/9.555556/0155/R000000019
R000000018/3.854596/0274/R000000023/R000000024
R000000001/7.178785/0003/R000000002/R000000018
R000000028/6.873953/0003/R000000012/R000000018
R000000030/4.115227/0093/R000000012
R000000031/4.115227/0197/R000000012
R000000030/5.683586/0004/R000000031/R000000006
R000000029/4.572474/0085/R000000030
R000000032/1.000000/0000/Guesstimate
R000000029/5.683586/0004/R000000031/R000000032
R000000033/3.869837/0112/R000000015/R000000018
R000000035/1.000000/0000/Guesstimate
R000000034/3.854596/0274/R000000035/R000000024
R000000036/1.000000/0000/Guesstimate
R000000034/3.869837/0122/R000000036/R000000018
R000000033/4.282884/0082/R000000034
R000000028/9.380347/0049/R000000029/R000000033
R000000001/7.637726/0024/R000000028
Q000000002/7.163543/0000/R000000037
R000000040/1.000000/0000/Guesstimate
R000000039/2.222222/0003/R000000040/R000000006
R000000041/1.000000/0000/Guesstimate
R000000042/1.000000/0000/Guesstimate
R000000039/2.222222/0049/R000000041/R000000042
R000000038/2.469136/0147/R000000039
R000000044/1.111111/0040/R000000041
M000000045/1.000000/0000/Sigma_BB-27468255
R000000044/1.111111/0197/M000000045
R000000046/1.000000/0000/Guesstimate
R000000043/2.345679/0003/R000000044/R000000046
R000000047/2.222222/0004/R000000040/R000000032
M000000048/1.000000/0000/Sigma_BB-28775620
R000000047/2.222222/0274/R000000023/M000000048
R000000043/3.580247/0049/R000000047/R000000036
R000000038/2.606310/0147/R000000043
R000000037/7.163543/0003/R000000002/R000000038
M000000052/1.000000/0000/Sigma_BB-28777053
R000000051/1.111111/0086/M000000052
R000000051/1.111111/0091/M000000052
R000000050/1.234568/0079/R000000051
M000000054/1.000000/0000/Sigma_BB-28778979
R000000053/2.222222/0212/M000000054/M000000052
R000000053/3.854596/0004/R000000007/R000000038
R000000050/2.469136/0009/R000000053
R000000049/6.452270/0049/R000000029/R000000050
R000000049/6.858711/0003/R000000012/R000000038
R000000037/7.169188/0024/R000000049
Q000000003/7.163543/0000/R000000037
<NEXT>