#
#  Reaction log file
#  Author: LigBuilder V3 User_Diana
#  Creation time: Tue Feb 24 21:33:09 2026
#  Format:
#  QueryMoleculeId/Cost/SynthesizeId/ReactantId1/ReactantId2/ReactantId3.....
#  Id prefix:
#  Q --- Query Molecule
#  M --- Material
#  R --- Reactant
#
Directory      result/synthesize_HsDHODH/90/DATABASE/
#
Q000000001/4.282884/0000/R000000001
R000000005/1.000000/0000/Guesstimate
R000000006/1.000000/0000/Guesstimate
R000000004/2.222222/0285/R000000005/R000000006
R000000003/2.469136/0279/R000000004
R000000003/2.469136/0279/R000000004
M000000007/1.000000/0000/Sigma_BB-27946537
R000000002/3.854596/0231/R000000003/M000000007
M000000009/1.000000/0000/Sigma_BB-27944466
R000000008/3.854596/0231/R000000003/M000000009
M000000011/1.000000/0000/Sigma_BB-187814628
R000000010/3.854596/0231/R000000003/M000000011
R000000008/4.282884/0299/R000000010
R000000012/1.000000/0000/Guesstimate
R000000002/5.393995/0274/R000000008/R000000012
R000000001/4.282884/0059/R000000002
R000000016/1.000000/0000/Guesstimate
R000000017/1.000000/0000/Guesstimate
R000000015/2.222222/0279/R000000016/R000000017
R000000015/2.222222/0279/R000000016/R000000017
R000000014/2.469136/0279/R000000015
R000000018/2.222222/0279/R000000016/R000000017
R000000018/2.222222/0279/R000000016/R000000017
R000000014/2.469136/0279/R000000018
R000000013/3.854596/0231/R000000014/M000000007
R000000019/3.854596/0231/R000000014/M000000009
R000000020/3.854596/0231/R000000014/M000000011
R000000019/4.282884/0299/R000000020
R000000013/5.393995/0274/R000000019/R000000012
R000000021/1.000000/0000/Guesstimate
R000000001/5.393995/0095/R000000013/R000000021
Q000000002/4.282884/0000/R000000022
M000000024/1.000000/0000/Sigma_BB-28758302
R000000023/3.854596/0231/R000000003/M000000024
R000000022/4.282884/0059/R000000023
R000000025/3.854596/0231/R000000014/M000000024
R000000027/2.743484/0233/R000000014
R000000027/2.743484/0258/R000000014
R000000026/4.159427/0231/R000000027/M000000024
R000000025/4.621586/0257/R000000026
R000000022/5.393995/0095/R000000025/R000000021
Q000000003/6.096632/0000/R000000028
M000000032/1.000000/0000/Sigma_BB-28766599
R000000033/1.000000/0000/Guesstimate
R000000031/2.222222/0224/M000000032/R000000033
M000000034/1.000000/0000/Sigma_BB-29589219
R000000035/1.000000/0000/Guesstimate
R000000031/2.222222/0276/M000000034/R000000035
R000000030/2.469136/0153/R000000031
M000000037/1.000000/0000/Sigma_BB-27336472
R000000038/1.000000/0000/Guesstimate
R000000036/2.222222/0119/M000000037/R000000038
M000000039/1.000000/0000/Sigma_BB-28766566
R000000040/1.000000/0000/Guesstimate
R000000036/2.222222/0224/M000000039/R000000040
R000000030/2.469136/0153/R000000036
R000000029/5.486969/0231/R000000003/R000000030
M000000043/1.000000/0000/Sigma_BB-28839435
R000000042/3.854596/0231/R000000003/M000000043
R000000044/1.000000/0000/Guesstimate
R000000042/5.393995/0231/R000000023/R000000044
R000000041/4.282884/0082/R000000042
R000000045/1.000000/0000/Guesstimate
R000000041/5.393995/0112/R000000010/R000000045
R000000029/5.869872/0224/R000000041/R000000033
R000000028/6.096632/0059/R000000029
R000000046/5.486969/0231/R000000014/R000000030
R000000048/3.854596/0231/R000000014/M000000043
R000000048/5.393995/0231/R000000025/R000000044
R000000047/4.282884/0082/R000000048
R000000047/5.393995/0112/R000000020/R000000045
R000000046/5.869872/0224/R000000047/R000000033
R000000028/7.207744/0095/R000000046/R000000021
<NEXT>