#
#  Reaction log file
#  Author: LigBuilder V3 User_Diana
#  Creation time: Tue Feb 24 21:30:44 2026
#  Format:
#  QueryMoleculeId/Cost/SynthesizeId/ReactantId1/ReactantId2/ReactantId3.....
#  Id prefix:
#  Q --- Query Molecule
#  M --- Material
#  R --- Reactant
#
Directory      result/synthesize_HsDHODH/28/DATABASE/
#
Q000000001/4.267643/0000/R000000001
M000000005/1.000000/0000/Sigma_BB-129759817
R000000004/1.111111/0104/M000000005
R000000004/1.111111/0104/M000000005
R000000003/1.234568/0248/R000000004
R000000006/9.800000/0000/Guesstimate
R000000003/9.800000/0257/R000000006
R000000008/1.000000/0000/Guesstimate
R000000009/1.000000/0000/Guesstimate
R000000007/2.222222/0274/R000000008/R000000009
R000000011/1.000000/0000/Guesstimate
R000000010/2.222222/0274/R000000011/R000000009
R000000012/1.000000/0000/Guesstimate
R000000013/1.000000/0000/Guesstimate
R000000010/2.222222/0274/R000000012/R000000013
R000000007/2.469136/0260/R000000010
R000000002/3.840878/0018/R000000003/R000000007
R000000014/2.482853/0018/R000000003/R000000008
R000000016/1.000000/0000/Guesstimate
R000000015/2.482853/0018/R000000003/R000000016
R000000014/2.758726/0040/R000000015
R000000002/3.869837/0274/R000000014/R000000009
R000000001/4.267643/0160/R000000002
R000000020/1.000000/0000/Guesstimate
R000000021/1.000000/0000/Guesstimate
R000000019/2.222222/0004/R000000020/R000000021
R000000018/2.469136/0009/R000000019
R000000023/1.000000/0000/Guesstimate
R000000024/1.000000/0000/Guesstimate
R000000022/2.222222/0279/R000000023/R000000024
R000000022/2.222222/0279/R000000023/R000000024
R000000018/2.469136/0079/R000000022
R000000026/1.000000/0000/Guesstimate
R000000028/1.000000/0000/Guesstimate
R000000027/2.222222/0274/R000000028/R000000009
R000000029/1.000000/0000/Guesstimate
R000000027/2.222222/0275/R000000029/R000000013
R000000025/3.580247/0112/R000000026/R000000027
R000000031/1.000000/0000/Guesstimate
R000000030/3.580247/0112/R000000031/R000000027
R000000025/3.978053/0147/R000000030
R000000017/6.721537/0159/R000000018/R000000025
R000000034/1.000000/0000/Guesstimate
R000000033/3.580247/0003/R000000034/R000000027
R000000033/3.978053/0147/R000000030
R000000032/5.089163/0012/R000000033/R000000016
R000000036/1.000000/0000/Guesstimate
R000000035/5.089163/0012/R000000033/R000000036
R000000035/5.089163/0285/R000000033/R000000036
R000000032/6.765737/0279/R000000035/R000000023
R000000037/1.000000/0000/Guesstimate
R000000017/6.765737/0159/R000000032/R000000037
R000000001/7.468375/0041/R000000017
Q000000002/3.405835/0000/R000000038
M000000044/1.000000/0000/Sigma_BB-161564803
R000000043/1.111111/0299/M000000044
R000000042/1.234568/0287/R000000043
R000000041/1.371742/0125/R000000042
R000000045/1.000000/0000/Guesstimate
R000000041/2.482853/0112/R000000042/R000000045
R000000040/1.524158/0041/R000000041
R000000040/2.758726/0160/R000000014
R000000048/1.000000/0000/Guesstimate
R000000047/1.111111/0228/R000000048
R000000049/1.000000/0000/Guesstimate
R000000047/1.111111/0228/R000000049
R000000046/1.234568/0125/R000000047
R000000046/2.345679/0112/R000000047/R000000045
R000000039/3.065251/0274/R000000040/R000000046
R000000051/1.524158/0091/R000000041
R000000053/1.234568/0091/R000000043
R000000052/1.371742/0287/R000000053
R000000051/2.635269/0112/R000000052/R000000045
R000000050/1.693509/0041/R000000051
R000000050/1.693509/0091/R000000040
R000000055/1.111111/0198/R000000048
R000000055/1.111111/0198/R000000049
R000000054/2.345679/0112/R000000055/R000000045
R000000054/9.777779/0082/R000000056
R000000039/4.487987/0275/R000000050/R000000054
R000000038/3.405835/0041/R000000039
R000000059/2.482853/0274/R000000008/R000000046
R000000060/1.000000/0000/Guesstimate
R000000059/3.717421/0275/R000000060/R000000054
R000000058/2.758726/0041/R000000059
R000000058/2.758726/0233/R000000059
R000000057/4.436994/0018/R000000003/R000000058
R000000038/4.929993/0160/R000000057
Q000000003/3.387018/0000/R000000061
R000000063/1.371742/0041/R000000046
R000000063/1.371742/0233/R000000046
R000000062/3.048316/0274/R000000041/R000000063
R000000065/2.222222/0112/R000000026/R000000028
R000000064/3.993294/0274/R000000065/R000000063
R000000067/1.000000/0000/Guesstimate
R000000066/4.176363/0018/R000000067/R000000058
R000000064/4.640403/0257/R000000066
R000000062/7.180478/0159/R000000018/R000000064
R000000061/3.387018/0147/R000000062
R000000069/1.524158/0147/R000000041
R000000070/1.000000/0000/Guesstimate
R000000069/2.345679/0173/R000000043/R000000070
R000000068/3.065251/0274/R000000069/R000000046
R000000071/1.693509/0091/R000000069
R000000071/1.693509/0147/R000000051
R000000068/4.487987/0275/R000000071/R000000054
R000000061/3.405835/0041/R000000068
<NEXT>