#
#  Reaction log file
#  Author: LigBuilder V3 User_Diana
#  Creation time: Tue Feb 24 21:31:55 2026
#  Format:
#  QueryMoleculeId/Cost/SynthesizeId/ReactantId1/ReactantId2/ReactantId3.....
#  Id prefix:
#  Q --- Query Molecule
#  M --- Material
#  R --- Reactant
#
Directory      result/synthesize_HsDHODH/47/DATABASE/
#
Q000000001/4.282884/0000/R000000001
M000000005/1.000000/0000/Sigma_BB-70370696
R000000006/1.000000/0000/Guesstimate
R000000004/2.222222/0301/M000000005/R000000006
R000000004/2.222222/0301/M000000005/R000000006
R000000003/2.469136/0024/R000000004
M000000008/1.000000/0000/Sigma_BB-28969004
R000000007/2.222222/0301/M000000008/R000000006
R000000007/2.222222/0301/M000000008/R000000006
R000000003/2.469136/0040/R000000007
R000000009/1.000000/0000/Guesstimate
R000000002/3.854596/0119/R000000003/R000000009
M000000012/1.000000/0000/Sigma_BB-34437028
R000000013/1.000000/0000/Guesstimate
R000000011/2.222222/0175/M000000012/R000000013
M000000014/1.000000/0000/Sigma_BB-28760247
R000000015/1.000000/0000/Guesstimate
R000000011/2.222222/0232/M000000014/R000000015
R000000010/3.580247/0119/R000000011/R000000009
M000000017/1.000000/0000/Sigma_BB-27092617
R000000016/2.222222/0175/M000000017/R000000013
R000000018/1.000000/0000/Guesstimate
R000000016/3.580247/0119/R000000011/R000000018
R000000019/1.000000/0000/Guesstimate
R000000010/3.580247/0119/R000000016/R000000019
R000000020/1.000000/0000/Guesstimate
R000000002/5.089163/0122/R000000010/R000000020
R000000001/4.282884/0024/R000000002
M000000024/1.000000/0000/Sigma_BB-28494105
R000000025/1.000000/0000/Guesstimate
R000000023/2.222222/0277/M000000024/R000000025
R000000026/1.000000/0000/Guesstimate
R000000022/3.580247/0119/R000000023/R000000026
M000000028/1.000000/0000/Sigma_BB-27088650
R000000027/1.111111/0155/M000000028
R000000027/2.222222/0119/M000000012/R000000026
R000000030/1.000000/0000/Guesstimate
R000000029/2.222222/0112/R000000013/R000000030
R000000022/3.703704/0175/R000000027/R000000029
R000000021/3.978053/0099/R000000022
M000000033/1.000000/0000/Sigma_BB-28764581
R000000032/2.222222/0221/M000000033/R000000026
R000000034/1.000000/0000/Guesstimate
R000000032/2.345679/0175/R000000027/R000000034
R000000035/1.000000/0000/Guesstimate
R000000031/3.580247/0011/R000000032/R000000035
M000000037/1.000000/0000/Sigma_BB-28519523
R000000036/2.222222/0221/M000000037/R000000026
R000000038/1.000000/0000/Guesstimate
R000000031/3.580247/0112/R000000036/R000000038
R000000021/3.978053/0099/R000000031
R000000039/1.000000/0000/Guesstimate
R000000001/5.531170/0004/R000000021/R000000039
Q000000002/5.683586/0000/R000000040
M000000044/1.000000/0000/Sigma_BB-128642270
R000000043/2.222222/0119/M000000044/R000000026
M000000045/1.000000/0000/Sigma_BB-28775296
R000000043/2.222222/0221/M000000045/R000000026
R000000047/1.000000/0000/Guesstimate
R000000046/1.111111/0198/R000000047
R000000048/1.000000/0000/Guesstimate
M000000049/1.000000/0000/Sigma_BB-28776642
R000000046/2.222222/0212/R000000048/M000000049
R000000042/3.703704/0112/R000000043/R000000046
M000000051/1.000000/0000/Sigma_BB-29651244
R000000050/1.111111/0155/M000000051
M000000052/1.000000/0000/Sigma_BB-156331499
R000000050/2.222222/0119/M000000052/R000000026
R000000054/1.000000/0000/Guesstimate
R000000055/1.000000/0000/Guesstimate
R000000053/2.222222/0277/R000000054/R000000055
R000000053/2.222222/0301/R000000013/R000000055
R000000042/3.703704/0112/R000000050/R000000053
R000000041/4.115227/0147/R000000042
R000000058/1.000000/0000/Guesstimate
R000000057/3.580247/0112/R000000011/R000000058
R000000056/3.978053/0147/R000000057
R000000060/1.000000/0000/Guesstimate
R000000059/3.580247/0003/R000000011/R000000060
R000000061/1.000000/0000/Guesstimate
R000000059/3.580247/0277/R000000011/R000000061
R000000056/3.978053/0147/R000000059
R000000041/5.531170/0119/R000000056/R000000026
R000000040/5.683586/0004/R000000041/R000000039
R000000062/5.531170/0119/R000000056/R000000009
R000000064/1.000000/0000/Guesstimate
R000000066/1.000000/0000/Guesstimate
R000000067/1.000000/0000/Guesstimate
R000000065/2.222222/0224/R000000066/R000000067
R000000063/3.580247/0012/R000000064/R000000065
R000000068/3.580247/0285/R000000038/R000000065
R000000063/3.978053/0079/R000000068
R000000070/1.000000/0000/Guesstimate
R000000069/2.222222/0011/R000000035/R000000070
R000000069/2.345679/0003/R000000039/R000000046
R000000062/6.447188/0159/R000000063/R000000069
R000000040/6.145744/0024/R000000062
Q000000003/4.282884/0000/R000000001
<NEXT>