#
#  Reaction log file
#  Author: LigBuilder V3 User_Diana
#  Creation time: Tue Feb 24 21:35:41 2026
#  Format:
#  QueryMoleculeId/Cost/SynthesizeId/ReactantId1/ReactantId2/ReactantId3.....
#  Id prefix:
#  Q --- Query Molecule
#  M --- Material
#  R --- Reactant
#
Directory      result/synthesize_HsDHODH/163/DATABASE/
#
Q000000001/9.446939/0000/R000000001
M000000007/1.000000/0000/Sigma_BB-27733356
R000000008/1.000000/0000/Guesstimate
R000000006/2.222222/0285/M000000007/R000000008
R000000006/2.222222/0285/M000000007/R000000008
R000000005/2.469136/0285/R000000006
R000000009/2.222222/0285/M000000007/R000000008
R000000005/2.469136/0285/R000000009
R000000010/1.000000/0000/Guesstimate
R000000004/3.854596/0112/R000000005/R000000010
R000000013/1.000000/0000/Guesstimate
R000000014/1.000000/0000/Guesstimate
R000000012/2.222222/0224/R000000013/R000000014
R000000015/1.000000/0000/Guesstimate
R000000012/2.222222/0285/M000000007/R000000015
R000000011/2.469136/0285/R000000012
R000000018/1.000000/0000/Guesstimate
R000000019/1.000000/0000/Guesstimate
R000000017/2.222222/0004/R000000018/R000000019
R000000020/1.000000/0000/Guesstimate
R000000021/1.000000/0000/Guesstimate
R000000017/3.333333/0225/R000000018/R000000020/R000000021
R000000016/2.469136/0197/R000000017
R000000004/5.486969/0112/R000000011/R000000016
R000000003/4.282884/0147/R000000004
R000000024/2.743484/0228/R000000005
R000000024/2.743484/0286/R000000005
R000000023/3.048316/0154/R000000024
R000000025/2.743484/0228/R000000011
R000000025/2.743484/0286/R000000011
R000000023/3.048316/0156/R000000025
R000000026/1.000000/0000/Guesstimate
R000000022/4.498129/0301/R000000023/R000000026
R000000022/4.498129/0301/R000000023/R000000026
R000000003/4.997921/0188/R000000022
R000000029/1.000000/0000/Guesstimate
R000000030/1.000000/0000/Guesstimate
R000000028/2.222222/0004/R000000029/R000000030
R000000027/2.469136/0085/R000000028
R000000031/2.469136/0087/R000000028
R000000027/3.854596/0275/R000000031/R000000021
R000000002/7.502244/0301/R000000003/R000000027
R000000002/7.502244/0301/R000000003/R000000027
R000000032/1.000000/0000/Guesstimate
R000000001/9.446939/0212/R000000002/R000000032
R000000036/1.000000/0000/Guesstimate
R000000035/3.854596/0112/R000000005/R000000036
R000000035/3.854596/0112/R000000005/R000000036
R000000034/4.282884/0147/R000000035
R000000033/4.758760/0040/R000000034
R000000039/1.000000/0000/Guesstimate
R000000038/3.854596/0112/R000000005/R000000039
R000000037/4.282884/0147/R000000038
R000000033/4.758760/0093/R000000037
R000000042/1.000000/0000/Guesstimate
R000000041/3.580247/0001/R000000028/R000000042
R000000043/2.222222/0001/R000000029/R000000042
R000000044/1.000000/0000/Guesstimate
R000000043/2.222222/0004/R000000029/R000000044
R000000041/3.580247/0002/R000000043/R000000030
R000000040/3.978053/0041/R000000041
R000000046/3.978053/0093/R000000041
M000000047/1.000000/0000/Sigma_BB-28247348
R000000046/5.089163/0212/R000000041/M000000047
R000000045/4.420059/0041/R000000046
R000000045/4.420059/0233/R000000046
R000000040/4.911177/0100/R000000045
R000000001/9.707570/0212/R000000033/R000000040
Q000000002/9.446939/0000/R000000001
Q000000003/9.446939/0000/R000000001
<NEXT>