#
#  Reaction log file
#  Author: LigBuilder V3 User_Diana
#  Creation time: Tue Feb 24 21:40:01 2026
#  Format:
#  QueryMoleculeId/Cost/SynthesizeId/ReactantId1/ReactantId2/ReactantId3.....
#  Id prefix:
#  Q --- Query Molecule
#  M --- Material
#  R --- Reactant
#
Directory      result/synthesize_HsDHODH/274/DATABASE/
#
Q000000001/4.130468/0000/R000000001
M000000005/1.000000/0000/Sigma_BB-161564803
R000000004/1.111111/0299/M000000005
R000000006/1.000000/0000/Guesstimate
R000000003/2.345679/0274/R000000004/R000000006
R000000007/1.000000/0000/Guesstimate
R000000003/2.345679/0282/R000000004/R000000007
R000000008/1.000000/0000/Guesstimate
R000000002/3.717421/0175/R000000003/R000000008
R000000009/2.345679/0175/R000000004/R000000008
R000000011/1.000000/0000/Guesstimate
R000000010/2.345679/0175/R000000004/R000000011
R000000010/2.345679/0290/R000000004/R000000011
R000000012/1.000000/0000/Guesstimate
R000000009/3.717421/0212/R000000010/R000000012
R000000002/3.717421/0274/R000000009/R000000006
R000000001/4.130468/0041/R000000002
R000000015/1.000000/0000/Guesstimate
R000000014/2.345679/0274/R000000004/R000000015
R000000016/1.000000/0000/Guesstimate
R000000014/2.345679/0282/R000000004/R000000016
R000000013/3.717421/0174/R000000014/R000000008
R000000019/1.000000/0000/Guesstimate
R000000020/1.000000/0000/Guesstimate
R000000018/2.222222/0279/R000000019/R000000020
R000000018/2.222222/0279/R000000019/R000000020
R000000017/2.469136/0079/R000000018
R000000022/1.000000/0000/Guesstimate
R000000021/2.222222/0279/R000000022/R000000019
R000000021/2.222222/0279/R000000022/R000000019
R000000017/2.469136/0082/R000000021
R000000025/1.000000/0000/Guesstimate
R000000024/2.222222/0274/R000000025/R000000015
R000000026/1.000000/0000/Guesstimate
R000000024/2.222222/0275/R000000026/R000000016
R000000023/3.580247/0112/R000000008/R000000024
R000000028/1.000000/0000/Guesstimate
R000000027/3.580247/0112/R000000028/R000000024
R000000023/3.978053/0147/R000000027
R000000013/6.721537/0159/R000000017/R000000023
R000000001/4.130468/0147/R000000013
Q000000002/5.700521/0000/R000000029
R000000033/1.000000/0000/Guesstimate
R000000032/2.345679/0274/R000000004/R000000033
R000000034/1.000000/0000/Guesstimate
R000000032/2.345679/0282/R000000004/R000000034
R000000035/1.000000/0000/Guesstimate
R000000031/3.717421/0174/R000000032/R000000035
R000000036/2.345679/0174/R000000004/R000000035
R000000036/2.345679/0289/R000000004/R000000035
R000000031/3.717421/0274/R000000036/R000000033
R000000030/4.130468/0040/R000000031
R000000038/2.606310/0216/R000000010
R000000039/1.000000/0000/Guesstimate
R000000037/4.007011/0274/R000000038/R000000039
R000000040/1.000000/0000/Guesstimate
R000000041/1.000000/0000/Guesstimate
R000000037/5.118122/0261/R000000038/R000000040/R000000041
R000000030/4.452235/0024/R000000037
R000000029/5.700521/0001/R000000030/R000000012
R000000042/1.000000/0000/Guesstimate
R000000029/5.700521/0003/R000000030/R000000042
Q000000003/5.700521/0000/R000000029
<NEXT>