#
#  Reaction log file
#  Author: LigBuilder V3 User_Diana
#  Creation time: Tue Feb 24 21:35:58 2026
#  Format:
#  QueryMoleculeId/Cost/SynthesizeId/ReactantId1/ReactantId2/ReactantId3.....
#  Id prefix:
#  Q --- Query Molecule
#  M --- Material
#  R --- Reactant
#
Directory      result/synthesize_HsDHODH/174/DATABASE/
#
Q000000001/5.791801/0000/R000000001
R000000005/1.000000/0000/Guesstimate
R000000006/1.000000/0000/Guesstimate
R000000004/2.222222/0112/R000000005/R000000006
R000000008/1.000000/0000/Guesstimate
R000000007/2.222222/0112/R000000008/R000000006
R000000009/1.000000/0000/Guesstimate
R000000010/1.000000/0000/Guesstimate
R000000007/2.222222/0285/R000000009/R000000010
R000000004/2.469136/0041/R000000007
R000000003/2.469136/0285/R000000004
R000000012/2.222222/0285/R000000008/R000000006
R000000012/2.222222/0285/R000000008/R000000006
R000000011/2.469136/0041/R000000012
R000000011/2.469136/0233/R000000012
R000000003/2.743484/0112/R000000011
M000000014/1.000000/0000/Sigma_BB-28753226
R000000015/1.000000/0000/Guesstimate
R000000013/2.222222/0112/M000000014/R000000015
M000000016/1.000000/0000/Sigma_BB-187814628
R000000017/1.000000/0000/Guesstimate
R000000013/2.222222/0112/M000000016/R000000017
R000000002/5.212621/0231/R000000003/R000000013
R000000001/5.791801/0041/R000000002
R000000019/2.469136/0112/R000000012
R000000019/2.469136/0285/R000000007
R000000020/2.469136/0041/R000000013
M000000022/1.000000/0000/Sigma_BB-28711616
R000000023/1.000000/0000/Guesstimate
R000000021/2.222222/0231/M000000022/R000000023
R000000020/2.469136/0082/R000000021
R000000018/5.486969/0231/R000000019/R000000020
R000000001/6.096632/0041/R000000018
Q000000002/5.993328/0000/R000000024
R000000026/3.854596/0231/R000000019/M000000014
M000000028/1.000000/0000/Sigma_BB-28756834
R000000027/3.854596/0231/R000000019/M000000028
R000000026/4.282884/0091/R000000027
R000000029/1.000000/0000/Guesstimate
R000000025/5.393995/0112/R000000026/R000000029
R000000031/3.580247/0231/R000000012/M000000016
R000000030/3.978053/0112/R000000031
R000000030/4.282884/0197/R000000027
R000000034/1.000000/0000/Guesstimate
R000000033/1.111111/0040/R000000034
M000000035/1.000000/0000/Sigma_BB-27468255
R000000033/1.111111/0197/M000000035
R000000032/1.234568/0086/R000000033
R000000032/1.234568/0091/R000000033
R000000025/5.791801/0112/R000000030/R000000032
R000000024/5.993328/0041/R000000025
R000000039/1.000000/0000/Guesstimate
R000000038/2.222222/0231/M000000028/R000000039
R000000037/2.469136/0153/R000000038
R000000040/2.222222/0231/M000000014/R000000039
R000000037/2.469136/0154/R000000040
R000000036/5.486969/0231/R000000003/R000000037
R000000042/3.854596/0231/R000000019/M000000022
R000000041/4.282884/0041/R000000042
R000000043/3.854596/0231/R000000011/M000000022
R000000041/4.282884/0112/R000000043
R000000036/5.869872/0231/R000000041/R000000039
R000000024/6.096632/0082/R000000036
Q000000003/4.282884/0000/R000000044
M000000048/1.000000/0000/Sigma_BB-31286382
R000000047/2.222222/0285/M000000048/R000000006
R000000046/2.469136/0091/R000000047
R000000050/1.000000/0000/Guesstimate
R000000049/3.580247/0049/R000000012/R000000050
R000000046/3.978053/0041/R000000049
M000000051/1.000000/0000/Sigma_BB-27949466
R000000045/3.854596/0231/R000000046/M000000051
M000000054/1.000000/0000/Sigma_BB-28792480
R000000053/1.111111/0079/M000000054
R000000055/1.000000/0000/Guesstimate
R000000056/1.000000/0000/Guesstimate
R000000053/2.222222/0003/R000000055/R000000056
R000000052/1.234568/0041/R000000053
M000000058/1.000000/0000/Sigma_BB-28760846
R000000059/1.000000/0000/Guesstimate
R000000057/2.222222/0212/M000000058/R000000059
R000000057/2.222222/0212/M000000058/R000000059
R000000052/2.469136/0091/R000000057
R000000062/1.000000/0000/Guesstimate
M000000063/1.000000/0000/Sigma_BB-27324017
R000000061/2.222222/0231/R000000062/M000000063
R000000060/2.469136/0147/R000000061
M000000065/1.000000/0000/Sigma_BB-34437027
R000000064/2.222222/0231/R000000062/M000000065
R000000066/1.000000/0000/Guesstimate
R000000060/3.580247/0175/R000000064/R000000066
R000000045/4.115227/0279/R000000052/R000000060
R000000044/4.282884/0112/R000000045
R000000068/3.854596/0231/R000000019/M000000051
R000000069/3.854596/0231/R000000019/M000000065
R000000068/5.393995/0175/R000000069/R000000066
R000000067/5.393995/0049/R000000068/R000000050
R000000071/2.743484/0155/R000000003
R000000070/4.159427/0231/R000000071/M000000051
R000000067/5.732697/0112/R000000070/R000000015
R000000044/5.993328/0041/R000000067
<NEXT>