#
#  Reaction log file
#  Author: LigBuilder V3 User_Diana
#  Creation time: Tue Feb 24 21:35:30 2026
#  Format:
#  QueryMoleculeId/Cost/SynthesizeId/ReactantId1/ReactantId2/ReactantId3.....
#  Id prefix:
#  Q --- Query Molecule
#  M --- Material
#  R --- Reactant
#
Directory      result/synthesize_HsDHODH/154/DATABASE/
#
Q000000001/4.420059/0000/R000000001
M000000004/1.000000/0000/Sigma_BB-308324471
R000000003/1.111111/0125/M000000004
R000000005/1.000000/0000/Guesstimate
R000000003/2.222222/0112/M000000004/R000000005
R000000008/1.000000/0000/Guesstimate
M000000009/1.000000/0000/Sigma_BB-88116084
R000000007/2.222222/0274/R000000008/M000000009
R000000006/2.469136/0285/R000000007
R000000002/3.978053/0231/R000000003/R000000006
R000000012/1.000000/0000/Guesstimate
R000000013/1.000000/0000/Guesstimate
R000000011/2.222222/0004/R000000012/R000000013
R000000010/2.469136/0009/R000000011
R000000015/1.000000/0000/Guesstimate
R000000016/1.000000/0000/Guesstimate
R000000014/2.222222/0279/R000000015/R000000016
R000000014/2.222222/0279/R000000015/R000000016
R000000010/2.469136/0079/R000000014
R000000018/1.000000/0000/Guesstimate
M000000020/1.000000/0000/Sigma_BB-189032383
R000000019/1.111111/0288/M000000020
R000000021/1.000000/0000/Guesstimate
R000000019/2.222222/0277/R000000021/M000000009
R000000017/2.345679/0062/R000000018/R000000019
R000000002/5.349795/0159/R000000010/R000000017
R000000001/4.420059/0041/R000000002
M000000025/1.000000/0000/Sigma_BB-129759817
R000000024/1.111111/0104/M000000025
R000000024/1.111111/0104/M000000025
R000000023/1.234568/0248/R000000024
R000000026/9.800000/0000/Guesstimate
R000000023/9.800000/0257/R000000026
R000000029/1.000000/0000/Guesstimate
R000000028/2.222222/0274/R000000029/M000000009
R000000027/2.469136/0285/R000000028
R000000031/1.000000/0000/Guesstimate
R000000030/2.345679/0064/R000000031/R000000019
R000000027/2.606310/0197/R000000030
R000000022/4.115227/0256/R000000023/R000000027
R000000001/4.572474/0160/R000000022
Q000000002/4.741825/0000/R000000032
R000000037/1.000000/0000/Guesstimate
R000000036/1.111111/0293/R000000037
R000000035/2.345679/0231/M000000004/R000000036
R000000034/2.606310/0125/R000000035
R000000034/3.717421/0112/R000000035/R000000005
R000000040/1.000000/0000/Guesstimate
R000000039/1.111111/0125/R000000040
R000000039/2.222222/0112/R000000005/R000000040
R000000038/1.234568/0059/R000000039
M000000043/1.000000/0000/Sigma_BB-321764089
R000000042/1.111111/0188/M000000043
R000000041/1.234568/0293/R000000042
R000000038/1.371742/0028/R000000041
R000000033/4.267642/0170/R000000034/R000000038
R000000046/1.000000/0000/Guesstimate
R000000045/2.222222/0061/R000000018/R000000046
R000000047/1.000000/0000/Guesstimate
R000000045/2.222222/0062/R000000018/R000000047
R000000049/1.000000/0000/Guesstimate
R000000048/1.111111/0293/R000000049
R000000044/3.703704/0170/R000000045/R000000048
R000000044/3.703704/0224/R000000045/R000000039
R000000033/6.858711/0159/R000000010/R000000044
R000000032/4.741825/0041/R000000033
R000000052/1.234568/0041/R000000003
R000000052/1.234568/0233/R000000003
R000000051/2.606310/0231/R000000052/R000000036
R000000053/2.482853/0231/R000000052/R000000037
R000000051/2.758726/0293/R000000053
R000000050/4.267643/0170/R000000051/R000000041
R000000056/1.000000/0000/Guesstimate
R000000055/2.482853/0231/R000000052/R000000056
R000000054/2.758726/0125/R000000055
R000000054/3.869837/0112/R000000055/R000000005
R000000050/4.436994/0224/R000000054/R000000041
R000000032/4.741826/0028/R000000050
Q000000003/4.420059/0000/R000000001
<NEXT>