#
#  Reaction log file
#  Author: LigBuilder V3 User_Diana
#  Creation time: Tue Feb 24 21:31:10 2026
#  Format:
#  QueryMoleculeId/Cost/SynthesizeId/ReactantId1/ReactantId2/ReactantId3.....
#  Id prefix:
#  Q --- Query Molecule
#  M --- Material
#  R --- Reactant
#
Directory      result/synthesize_HsDHODH/14/DATABASE/
#
Q000000001/4.911177/0000/R000000001
R000000006/1.000000/0000/Guesstimate
R000000007/1.000000/0000/Guesstimate
R000000005/2.222222/0224/R000000006/R000000007
R000000008/1.000000/0000/Guesstimate
R000000004/3.580247/0285/R000000005/R000000008
R000000003/3.978053/0279/R000000004
R000000003/3.978053/0279/R000000004
R000000002/4.420059/0293/R000000003
R000000011/1.000000/0000/Guesstimate
R000000012/1.000000/0000/Guesstimate
R000000010/2.222222/0012/R000000011/R000000012
R000000013/1.000000/0000/Guesstimate
R000000014/1.000000/0000/Guesstimate
R000000010/2.222222/0112/R000000013/R000000014
R000000009/4.938272/0279/R000000005/R000000010
R000000009/4.938272/0279/R000000005/R000000010
R000000002/5.486969/0285/R000000009
R000000001/4.911177/0024/R000000002
R000000019/1.000000/0000/Guesstimate
R000000018/2.222222/0224/R000000019/R000000007
R000000017/3.580247/0285/R000000018/R000000008
R000000016/3.978053/0293/R000000017
R000000016/4.938272/0285/R000000018/R000000010
R000000015/4.420059/0279/R000000016
R000000015/4.420059/0279/R000000016
R000000001/4.911177/0040/R000000015
Q000000002/4.911177/0000/R000000001
Q000000003/3.405835/0000/R000000020
M000000026/1.000000/0000/Sigma_BB-161564803
R000000025/1.111111/0299/M000000026
R000000024/1.234568/0287/R000000025
R000000023/1.371742/0125/R000000024
R000000023/2.482853/0112/R000000024/R000000014
R000000022/1.524158/0041/R000000023
R000000022/1.524158/0233/R000000023
R000000029/1.000000/0000/Guesstimate
R000000028/1.111111/0228/R000000029
R000000030/1.000000/0000/Guesstimate
R000000028/1.111111/0228/R000000030
R000000027/1.234568/0125/R000000028
R000000027/2.345679/0112/R000000028/R000000014
R000000021/3.065251/0274/R000000022/R000000027
R000000032/1.524158/0091/R000000023
R000000034/1.234568/0091/R000000025
R000000033/1.371742/0287/R000000034
R000000032/2.635269/0112/R000000033/R000000014
R000000031/1.693509/0041/R000000032
R000000031/1.693509/0091/R000000022
R000000036/1.111111/0198/R000000029
R000000036/1.111111/0198/R000000030
R000000035/2.345679/0112/R000000036/R000000014
R000000035/9.777779/0082/R000000037
R000000021/4.487987/0275/R000000031/R000000035
R000000020/3.405835/0041/R000000021
M000000041/1.000000/0000/Sigma_BB-129759817
R000000040/1.111111/0104/M000000041
R000000040/1.111111/0104/M000000041
R000000039/1.234568/0248/R000000040
R000000042/9.800000/0000/Guesstimate
R000000039/9.800000/0257/R000000042
R000000045/1.000000/0000/Guesstimate
R000000044/2.482853/0274/R000000045/R000000027
R000000046/1.000000/0000/Guesstimate
R000000044/3.717421/0275/R000000046/R000000035
R000000043/2.758726/0041/R000000044
R000000043/2.758726/0233/R000000044
R000000038/4.436994/0018/R000000039/R000000043
R000000020/4.929993/0160/R000000038
<NEXT>