#
#  Reaction log file
#  Author: LigBuilder V3 User_Diana
#  Creation time: Tue Feb 24 21:34:26 2026
#  Format:
#  QueryMoleculeId/Cost/SynthesizeId/ReactantId1/ReactantId2/ReactantId3.....
#  Id prefix:
#  Q --- Query Molecule
#  M --- Material
#  R --- Reactant
#
Directory      result/synthesize_HsDHODH/140/DATABASE/
#
Q000000001/4.572474/0000/R000000001
M000000005/1.000000/0000/Sigma_BB-161564803
R000000004/1.111111/0299/M000000005
R000000007/1.000000/0000/Guesstimate
R000000008/1.000000/0000/Guesstimate
R000000006/2.222222/0224/R000000007/R000000008
R000000003/3.703704/0274/R000000004/R000000006
R000000009/1.234568/0091/R000000004
R000000011/1.000000/0000/Guesstimate
R000000010/2.222222/0224/R000000011/R000000008
R000000012/1.000000/0000/Guesstimate
R000000010/3.580247/0274/R000000012/R000000006
R000000003/3.840878/0275/R000000009/R000000010
R000000002/4.115227/0074/R000000003
R000000002/4.115227/0167/R000000003
R000000001/4.572474/0041/R000000002
R000000001/4.572474/0233/R000000002
Q000000002/4.572474/0000/R000000001
Q000000003/7.637726/0000/R000000013
R000000017/1.000000/0000/Guesstimate
R000000016/2.345679/0274/R000000004/R000000017
R000000018/1.000000/0000/Guesstimate
R000000016/2.482853/0275/R000000009/R000000018
R000000019/1.000000/0000/Guesstimate
R000000015/3.717421/0174/R000000016/R000000019
R000000020/2.345679/0174/R000000004/R000000019
R000000020/2.345679/0289/R000000004/R000000019
R000000015/3.717421/0274/R000000020/R000000017
R000000023/1.000000/0000/Guesstimate
R000000024/1.000000/0000/Guesstimate
R000000022/2.222222/0224/R000000023/R000000024
R000000021/2.469136/0024/R000000022
R000000026/1.000000/0000/Guesstimate
R000000025/2.222222/0224/R000000026/R000000024
R000000027/2.222222/0224/R000000007/R000000024
R000000025/2.469136/0217/R000000027
R000000021/2.469136/0040/R000000025
R000000014/6.873953/0212/R000000015/R000000021
R000000030/1.000000/0000/Guesstimate
R000000031/1.000000/0000/Guesstimate
R000000029/2.222222/0004/R000000030/R000000031
R000000028/2.469136/0009/R000000029
R000000033/1.000000/0000/Guesstimate
R000000034/1.000000/0000/Guesstimate
R000000032/2.222222/0279/R000000033/R000000034
R000000032/2.222222/0279/R000000033/R000000034
R000000028/2.469136/0079/R000000032
R000000037/1.000000/0000/Guesstimate
R000000038/1.000000/0000/Guesstimate
R000000036/2.222222/0112/R000000037/R000000038
R000000035/4.938272/0274/R000000036/R000000027
R000000040/1.000000/0000/Guesstimate
R000000039/2.222222/0112/R000000037/R000000040
R000000039/2.469136/0091/R000000036
R000000041/2.222222/0224/R000000011/R000000024
R000000041/3.580247/0274/R000000012/R000000027
R000000035/4.938272/0275/R000000039/R000000041
R000000014/8.230453/0159/R000000028/R000000035
R000000013/7.637726/0041/R000000014
R000000043/4.130468/0041/R000000015
R000000047/1.000000/0000/Guesstimate
R000000046/3.717421/0274/R000000020/R000000047
R000000048/2.482853/0174/R000000009/R000000019
R000000048/2.606310/0091/R000000020
R000000049/1.000000/0000/Guesstimate
R000000046/3.869837/0275/R000000048/R000000049
R000000045/4.130468/0041/R000000046
R000000051/2.606310/0041/R000000020
R000000051/2.606310/0233/R000000020
R000000050/4.007011/0274/R000000051/R000000049
R000000052/2.758726/0041/R000000048
R000000052/2.895900/0091/R000000051
R000000053/1.000000/0000/Guesstimate
R000000050/4.176363/0275/R000000052/R000000053
R000000045/4.452235/0155/R000000050
R000000044/5.700521/0112/R000000045/R000000019
R000000043/6.333912/0040/R000000044
R000000055/1.000000/0000/Guesstimate
R000000057/1.000000/0000/Guesstimate
R000000056/1.111111/0283/R000000057
R000000054/2.345679/0224/R000000055/R000000056
R000000059/1.000000/0000/Guesstimate
R000000058/2.345679/0224/R000000059/R000000056
R000000054/2.606310/0260/R000000058
R000000042/7.195720/0212/R000000043/R000000054
R000000042/7.195720/0212/R000000043/R000000054
R000000013/7.995245/0147/R000000042
<NEXT>