#
#  Reaction log file
#  Author: LigBuilder V3 User_Diana
#  Creation time: Tue Feb 24 21:36:23 2026
#  Format:
#  QueryMoleculeId/Cost/SynthesizeId/ReactantId1/ReactantId2/ReactantId3.....
#  Id prefix:
#  Q --- Query Molecule
#  M --- Material
#  R --- Reactant
#
Directory      result/synthesize_HsDHODH/183/DATABASE/
#
Q000000001/3.048316/0000/R000000001
R000000005/1.000000/0000/Guesstimate
R000000004/1.111111/0288/R000000005
R000000003/1.234568/0295/R000000004
R000000006/8.800000/0000/Guesstimate
R000000003/9.777779/0295/R000000006
M000000009/1.000000/0000/Sigma_BB-63972133
R000000008/1.111111/0233/M000000009
R000000010/1.000000/0000/Guesstimate
M000000012/1.000000/0000/Sigma_BB-35362655
R000000011/1.111111/0204/M000000012
M000000013/1.000000/0000/Sigma_BB-155457523
R000000011/1.111111/0217/M000000013
R000000008/2.345679/0112/R000000010/R000000011
R000000007/1.234568/0041/R000000008
R000000015/1.000000/0000/Guesstimate
M000000016/1.000000/0000/Sigma_BB-128463145
R000000014/2.222222/0112/R000000015/M000000016
M000000017/1.000000/0000/Sigma_BB-28416981
R000000014/2.222222/0174/R000000015/M000000017
R000000007/2.469136/0079/R000000014
R000000002/2.743484/0224/R000000003/R000000007
R000000001/3.048316/0147/R000000002
R000000020/1.000000/0000/Guesstimate
R000000019/2.345679/0003/R000000020/R000000011
M000000022/1.000000/0000/Sigma_BB-27194458
R000000021/2.222222/0175/R000000010/M000000022
R000000021/2.222222/0290/R000000010/M000000022
R000000019/2.469136/0009/R000000021
R000000018/3.978052/0224/R000000003/R000000019
R000000001/4.420058/0041/R000000018
Q000000002/3.048316/0000/R000000001
Q000000003/5.944217/0000/R000000023
R000000026/1.000000/0000/Guesstimate
R000000028/1.000000/0000/Guesstimate
R000000029/1.000000/0000/Guesstimate
R000000027/2.222222/0001/R000000028/R000000029
R000000030/1.000000/0000/Guesstimate
R000000027/2.222222/0003/R000000029/R000000030
R000000025/3.580247/0081/R000000026/R000000027
R000000032/1.000000/0000/Guesstimate
R000000031/3.580247/0081/R000000032/R000000027
R000000033/1.000000/0000/Guesstimate
R000000031/3.580247/0210/R000000033/R000000027
R000000025/3.978053/0082/R000000031
R000000024/3.978053/0040/R000000025
R000000036/1.000000/0000/Guesstimate
R000000035/1.111111/0118/R000000036
R000000037/1.000000/0000/Guesstimate
R000000035/2.222222/0112/R000000036/R000000037
R000000034/3.703704/0081/R000000035/R000000027
R000000039/1.000000/0000/Guesstimate
R000000038/1.111111/0118/R000000039
R000000038/2.222222/0112/R000000039/R000000037
R000000034/3.703704/0210/R000000038/R000000027
R000000024/4.115227/0024/R000000034
R000000043/1.000000/0000/Guesstimate
R000000042/1.111111/0198/R000000043
R000000042/1.111111/0298/R000000043
R000000041/1.234568/0155/R000000042
R000000044/8.900000/0000/Guesstimate
R000000041/9.888888/0147/R000000044
R000000040/1.371742/0155/R000000041
R000000045/1.234568/0155/R000000042
R000000045/9.888888/0147/R000000046
R000000040/1.371742/0155/R000000045
R000000023/5.944217/0003/R000000024/R000000040
R000000047/5.639385/0003/R000000034/R000000040
R000000049/4.115227/0093/R000000034
R000000050/4.115227/0197/R000000034
R000000049/5.683586/0004/R000000050/R000000028
R000000048/4.572474/0085/R000000049
R000000051/1.000000/0000/Guesstimate
R000000048/5.683586/0004/R000000050/R000000051
R000000053/2.635269/0004/R000000029/R000000040
R000000053/2.635269/0277/R000000029/R000000040
R000000052/2.928077/0009/R000000053
R000000055/1.000000/0000/Guesstimate
R000000054/2.635269/0122/R000000055/R000000040
R000000052/2.928077/0082/R000000054
R000000047/8.333946/0049/R000000048/R000000052
R000000023/6.265983/0024/R000000047
<NEXT>