#
#  Reaction log file
#  Author: LigBuilder V3 User_Diana
#  Creation time: Tue Feb 24 21:39:32 2026
#  Format:
#  QueryMoleculeId/Cost/SynthesizeId/ReactantId1/ReactantId2/ReactantId3.....
#  Id prefix:
#  Q --- Query Molecule
#  M --- Material
#  R --- Reactant
#
Directory      result/synthesize_HsDHODH/263/DATABASE/
#
Q000000001/4.267642/0000/R000000001
M000000004/1.000000/0000/Sigma_BB-28764950
R000000003/1.111111/0197/M000000004
M000000007/1.000000/0000/Sigma_BB-28396508
R000000006/1.111111/0299/M000000007
R000000008/1.000000/0000/Guesstimate
R000000005/2.345679/0208/R000000006/R000000008
R000000005/2.345679/0209/R000000006/R000000008
R000000002/3.840878/0004/R000000003/R000000005
R000000001/4.267642/0028/R000000002
R000000011/1.000000/0000/Guesstimate
R000000010/3.717421/0003/R000000011/R000000005
R000000012/1.000000/0000/Guesstimate
R000000013/2.606310/0125/R000000005
R000000014/1.000000/0000/Guesstimate
R000000013/3.717421/0112/R000000014/R000000005
R000000010/4.007011/0049/R000000012/R000000013
R000000015/1.000000/0000/Guesstimate
R000000009/5.241580/0012/R000000010/R000000015
R000000017/2.345679/0003/R000000011/R000000006
R000000016/3.717421/0012/R000000017/R000000015
R000000019/1.000000/0000/Guesstimate
R000000018/3.717421/0226/R000000017/R000000019
R000000020/1.000000/0000/Guesstimate
R000000018/3.717421/0277/R000000017/R000000020
R000000016/4.130468/0150/R000000018
R000000009/5.241580/0208/R000000016/R000000008
R000000001/5.823977/0040/R000000009
Q000000002/4.267643/0000/R000000021
R000000024/1.000000/0000/Guesstimate
M000000025/1.000000/0000/Sigma_BB-29038349
R000000023/2.222222/0231/R000000024/M000000025
M000000027/1.000000/0000/Sigma_BB-28769716
R000000026/2.222222/0231/R000000024/M000000027
R000000023/2.469136/0197/R000000026
R000000030/1.000000/0000/Guesstimate
R000000029/1.111111/0040/R000000030
M000000031/1.000000/0000/Sigma_BB-27718954
R000000029/1.111111/0188/M000000031
R000000028/1.234568/0091/R000000029
R000000033/1.000000/0000/Guesstimate
R000000032/2.222222/0012/R000000033/R000000015
R000000034/1.000000/0000/Guesstimate
R000000032/2.222222/0112/R000000034/R000000014
R000000028/2.469136/0041/R000000032
R000000022/3.840878/0279/R000000023/R000000028
R000000037/1.000000/0000/Guesstimate
R000000036/2.222222/0285/R000000037/R000000033
R000000036/2.222222/0285/R000000037/R000000033
R000000035/2.469136/0041/R000000036
R000000039/1.000000/0000/Guesstimate
R000000038/2.222222/0285/R000000037/R000000039
R000000035/2.469136/0091/R000000038
R000000022/3.854596/0231/R000000035/M000000025
R000000021/4.267643/0112/R000000022
R000000041/2.469136/0112/R000000036
R000000042/2.222222/0112/R000000037/R000000033
R000000043/1.000000/0000/Guesstimate
R000000044/1.000000/0000/Guesstimate
R000000042/2.222222/0285/R000000043/R000000044
R000000041/2.469136/0285/R000000042
R000000040/3.854596/0231/R000000041/M000000025
M000000046/1.000000/0000/Sigma_BB-28758567
R000000045/3.854596/0231/R000000041/M000000046
M000000048/1.000000/0000/Sigma_BB-28760999
R000000047/3.854596/0231/R000000041/M000000048
R000000045/4.282884/0299/R000000047
R000000040/4.282884/0287/R000000045
R000000021/4.282884/0041/R000000040
Q000000003/4.267643/0000/R000000021
<NEXT>