#
#  Reaction log file
#  Author: LigBuilder V3 User_Diana
#  Creation time: Tue Feb 24 21:32:56 2026
#  Format:
#  QueryMoleculeId/Cost/SynthesizeId/ReactantId1/ReactantId2/ReactantId3.....
#  Id prefix:
#  Q --- Query Molecule
#  M --- Material
#  R --- Reactant
#
Directory      result/synthesize_HsDHODH/105/DATABASE/
#
Q000000001/4.572474/0000/R000000001
M000000005/1.000000/0000/Sigma_BB-183975848
R000000004/1.111111/0213/M000000005
R000000003/1.234568/0280/R000000004
R000000007/1.000000/0000/Guesstimate
R000000008/1.000000/0000/Guesstimate
R000000006/2.222222/0285/R000000007/R000000008
R000000010/1.000000/0000/Guesstimate
R000000009/2.222222/0285/R000000008/R000000010
R000000006/2.469136/0079/R000000009
R000000011/1.000000/0000/Guesstimate
R000000003/3.580247/0159/R000000006/R000000011
R000000014/1.000000/0000/Guesstimate
R000000015/1.000000/0000/Guesstimate
R000000013/2.222222/0174/R000000014/R000000015
R000000016/1.111111/0287/R000000015
R000000017/7.400000/0000/Guesstimate
R000000016/8.222222/0197/R000000017
R000000013/2.345679/0112/R000000014/R000000016
R000000012/2.469136/0197/R000000013
R000000012/8.222222/0091/R000000017
R000000002/4.115227/0112/R000000003/R000000012
M000000020/1.000000/0000/Sigma_BB-28778841
R000000019/1.111111/0091/M000000020
R000000021/1.000000/0000/Guesstimate
R000000019/2.222222/0112/R000000011/R000000021
R000000018/3.703704/0159/R000000006/R000000019
R000000002/5.349795/0112/R000000018/R000000016
R000000001/4.572474/0025/R000000002
R000000025/1.000000/0000/Guesstimate
R000000024/2.222222/0112/R000000011/R000000025
R000000026/1.000000/0000/Guesstimate
R000000027/1.000000/0000/Guesstimate
R000000024/2.222222/0112/R000000026/R000000027
R000000023/2.469136/0039/R000000024
R000000029/1.000000/0000/Guesstimate
R000000030/1.000000/0000/Guesstimate
R000000028/2.222222/0112/R000000029/R000000030
R000000031/1.000000/0000/Guesstimate
R000000028/2.222222/0112/R000000010/R000000031
R000000023/2.469136/0041/R000000028
R000000022/5.212621/0159/R000000006/R000000023
R000000032/4.938272/0159/R000000006/R000000024
R000000022/5.486969/0039/R000000032
R000000001/5.791801/0024/R000000022
Q000000002/2.758726/0000/R000000033
R000000034/2.482853/0112/R000000003/R000000029
R000000036/1.000000/0000/Guesstimate
R000000035/3.580247/0159/R000000006/R000000036
R000000038/1.000000/0000/Guesstimate
R000000037/3.580247/0159/R000000006/R000000038
R000000039/1.000000/0000/Guesstimate
R000000035/5.089163/0231/R000000037/R000000039
R000000034/3.978053/0082/R000000035
R000000033/2.758726/0059/R000000034
R000000041/1.000000/0000/Guesstimate
R000000040/2.482853/0004/R000000003/R000000041
R000000043/1.000000/0000/Guesstimate
R000000042/2.222222/0001/R000000043/R000000041
R000000044/1.000000/0000/Guesstimate
R000000042/2.222222/0003/R000000043/R000000044
R000000040/4.938272/0159/R000000006/R000000042
R000000033/2.758726/0153/R000000040
Q000000003/4.282884/0000/R000000045
M000000049/1.000000/0000/Sigma_BB-28524129
R000000050/1.000000/0000/Guesstimate
R000000048/2.222222/0119/M000000049/R000000050
R000000048/2.222222/0280/M000000049/R000000050
R000000047/2.469136/0024/R000000048
R000000051/2.222222/0276/R000000021/R000000050
R000000051/2.222222/0278/R000000021/R000000050
R000000047/3.580247/0004/R000000051/R000000041
R000000052/1.000000/0000/Guesstimate
R000000046/3.854596/0012/R000000047/R000000052
R000000053/3.580247/0012/R000000051/R000000052
M000000055/1.000000/0000/Sigma_BB-127854925
R000000054/3.580247/0285/R000000051/M000000055
R000000053/3.978053/0204/R000000054
R000000046/5.089163/0004/R000000053/R000000041
R000000045/4.282884/0159/R000000046
R000000060/1.000000/0000/Guesstimate
R000000059/2.222222/0285/R000000008/R000000060
R000000061/1.000000/0000/Guesstimate
R000000058/3.580247/0279/R000000059/R000000061
R000000058/3.580247/0279/R000000059/R000000061
R000000057/3.978053/0091/R000000058
R000000063/1.000000/0000/Guesstimate
R000000062/3.580247/0279/R000000059/R000000063
R000000062/3.580247/0279/R000000059/R000000063
R000000057/3.978053/0260/R000000062
R000000056/4.420059/0079/R000000057
R000000066/1.000000/0000/Guesstimate
R000000067/1.000000/0000/Guesstimate
R000000065/2.222222/0004/R000000066/R000000067
R000000064/4.938272/0279/R000000059/R000000065
R000000064/4.938272/0279/R000000059/R000000065
R000000056/5.486969/0009/R000000064
R000000068/1.000000/0000/Guesstimate
R000000045/6.022288/0159/R000000056/R000000068
<NEXT>