#
#  Reaction log file
#  Author: LigBuilder V3 User_Diana
#  Creation time: Tue Feb 24 21:31:44 2026
#  Format:
#  QueryMoleculeId/Cost/SynthesizeId/ReactantId1/ReactantId2/ReactantId3.....
#  Id prefix:
#  Q --- Query Molecule
#  M --- Material
#  R --- Reactant
#
Directory      result/synthesize_HsDHODH/54/DATABASE/
#
Q000000001/2.469136/0000/R000000001
M000000003/1.000000/0000/Sigma_BB-102140829
R000000004/1.000000/0000/Guesstimate
R000000002/2.222222/0119/M000000003/R000000004
M000000007/1.000000/0000/Sigma_BB-28494105
R000000008/1.000000/0000/Guesstimate
R000000006/2.222222/0119/M000000007/R000000008
M000000009/1.000000/0000/Sigma_BB-156333960
R000000006/2.222222/0221/M000000009/R000000008
R000000005/2.469136/0039/R000000006
M000000011/1.000000/0000/Sigma_BB-34437028
R000000010/2.222222/0119/M000000011/R000000004
M000000012/1.000000/0000/Sigma_BB-27092617
R000000013/1.000000/0000/Guesstimate
R000000010/2.222222/0119/M000000012/R000000013
R000000005/2.469136/0114/R000000010
R000000014/1.000000/0000/Guesstimate
R000000002/3.854596/0122/R000000005/R000000014
R000000001/2.469136/0024/R000000002
R000000016/1.000000/0000/Guesstimate
R000000015/2.222222/0119/M000000003/R000000016
M000000019/1.000000/0000/Sigma_BB-27088650
R000000018/1.111111/0155/M000000019
R000000018/2.222222/0119/M000000011/R000000016
R000000017/1.234568/0114/R000000018
R000000017/2.222222/0119/M000000007/R000000016
R000000015/2.482853/0122/R000000017/R000000014
R000000020/1.000000/0000/Guesstimate
R000000001/3.580247/0004/R000000015/R000000020
Q000000002/2.469136/0000/R000000001
Q000000003/2.469136/0000/R000000001
<NEXT>