#
#  Reaction log file
#  Author: LigBuilder V3 User_Diana
#  Creation time: Tue Feb 24 21:35:17 2026
#  Format:
#  QueryMoleculeId/Cost/SynthesizeId/ReactantId1/ReactantId2/ReactantId3.....
#  Id prefix:
#  Q --- Query Molecule
#  M --- Material
#  R --- Reactant
#
Directory      result/synthesize_HsDHODH/164/DATABASE/
#
Q000000001/8.183412/0000/R000000001
M000000007/1.000000/0000/Sigma_BB-27733356
R000000008/1.000000/0000/Guesstimate
R000000006/2.222222/0285/M000000007/R000000008
R000000006/2.222222/0285/M000000007/R000000008
R000000005/2.469136/0285/R000000006
R000000009/2.222222/0285/M000000007/R000000008
R000000005/2.469136/0285/R000000009
R000000010/1.000000/0000/Guesstimate
R000000004/3.854596/0112/R000000005/R000000010
R000000003/4.282884/0040/R000000004
R000000012/1.000000/0000/Guesstimate
R000000011/3.854596/0112/R000000005/R000000012
R000000003/4.282884/0093/R000000011
R000000015/1.000000/0000/Guesstimate
R000000014/1.111111/0040/R000000015
R000000016/1.000000/0000/Guesstimate
R000000017/1.000000/0000/Guesstimate
R000000014/2.222222/0170/R000000016/R000000017
R000000018/1.000000/0000/Guesstimate
R000000013/2.345679/0004/R000000014/R000000018
R000000019/2.222222/0004/R000000016/R000000018
R000000013/3.580247/0170/R000000019/R000000017
R000000002/7.365070/0212/R000000003/R000000013
R000000002/7.365070/0212/R000000003/R000000013
R000000001/8.183412/0147/R000000002
R000000023/2.743484/0228/R000000005
R000000023/2.743484/0286/R000000005
R000000022/3.048316/0154/R000000023
R000000025/1.000000/0000/Guesstimate
R000000024/4.159427/0276/R000000023/R000000025
R000000024/4.159427/0278/R000000023/R000000025
R000000022/4.621586/0193/R000000024
R000000026/1.000000/0000/Guesstimate
R000000021/4.498129/0301/R000000022/R000000026
R000000028/1.000000/0000/Guesstimate
R000000027/4.498129/0301/R000000022/R000000028
R000000027/4.498129/0301/R000000022/R000000028
R000000021/4.997921/0155/R000000027
R000000029/2.606310/0197/R000000013
R000000020/7.893821/0301/R000000021/R000000029
R000000032/1.000000/0000/Guesstimate
R000000033/1.000000/0000/Guesstimate
R000000031/2.222222/0004/R000000032/R000000033
R000000036/1.000000/0000/Guesstimate
R000000035/2.222222/0004/R000000036/R000000033
R000000037/1.000000/0000/Guesstimate
R000000038/1.000000/0000/Guesstimate
R000000035/3.333333/0225/R000000036/R000000037/R000000038
R000000034/2.469136/0197/R000000035
R000000031/2.743484/0092/R000000034
R000000030/5.075447/0212/R000000031/R000000013
R000000030/5.075447/0212/R000000031/R000000013
R000000020/9.026403/0301/R000000022/R000000030
R000000001/8.770913/0188/R000000020
Q000000002/5.791801/0000/R000000039
M000000042/1.000000/0000/Sigma_BB-63878553
R000000041/1.111111/0079/M000000042
M000000044/1.000000/0000/Sigma_BB-27270770
M000000045/1.000000/0000/Sigma_BB-28778979
R000000043/2.222222/0212/M000000044/M000000045
R000000043/2.222222/0212/M000000044/M000000045
R000000041/2.469136/0009/R000000043
R000000047/1.000000/0000/Guesstimate
R000000049/1.000000/0000/Guesstimate
R000000050/1.000000/0000/Guesstimate
R000000048/2.222222/0003/R000000049/R000000050
R000000046/3.580247/0012/R000000047/R000000048
R000000051/1.000000/0000/Guesstimate
R000000053/1.000000/0000/Guesstimate
R000000052/3.580247/0012/R000000048/R000000053
R000000052/3.580247/0285/R000000048/R000000053
R000000046/5.089163/0279/R000000051/R000000052
R000000040/5.212621/0159/R000000041/R000000046
R000000039/5.791801/0059/R000000040
R000000039/6.902912/0224/R000000040/R000000025
Q000000003/3.580247/0000/R000000054
M000000055/1.000000/0000/Sigma_BB-28426399
M000000057/1.000000/0000/Sigma_BB-337961873
R000000056/2.222222/0119/M000000057/R000000025
R000000059/1.111111/0091/M000000057
R000000060/1.000000/0000/Guesstimate
R000000058/2.345679/0112/R000000059/R000000060
M000000062/1.000000/0000/Sigma_BB-28436299
R000000063/1.000000/0000/Guesstimate
R000000061/2.222222/0112/M000000062/R000000063
R000000058/2.469136/0040/R000000061
R000000056/2.606310/0153/R000000058
R000000054/3.580247/0119/M000000055/R000000056
R000000064/2.222222/0119/M000000055/M000000057
M000000065/1.000000/0000/Sigma_BB-187814549
R000000064/2.222222/0221/M000000065/M000000057
R000000054/3.580247/0119/R000000064/R000000025
<NEXT>