#
#  Reaction log file
#  Author: LigBuilder V3 User_Diana
#  Creation time: Tue Feb 24 21:41:08 2026
#  Format:
#  QueryMoleculeId/Cost/SynthesizeId/ReactantId1/ReactantId2/ReactantId3.....
#  Id prefix:
#  Q --- Query Molecule
#  M --- Material
#  R --- Reactant
#
Directory      result/synthesize_HsDHODH/290/DATABASE/
#
Q000000001/3.048316/0000/R000000001
M000000005/1.000000/0000/Sigma_BB-151008369
R000000006/1.000000/0000/Guesstimate
R000000004/2.222222/0285/M000000005/R000000006
R000000003/2.469136/0082/R000000004
R000000008/1.000000/0000/Guesstimate
M000000009/1.000000/0000/Sigma_BB-27944466
R000000007/2.222222/0231/R000000008/M000000009
R000000010/1.000000/0000/Guesstimate
R000000007/2.222222/0285/M000000005/R000000010
R000000003/3.580247/0112/R000000007/R000000010
R000000002/2.743484/0041/R000000003
R000000013/1.000000/0000/Guesstimate
R000000014/1.000000/0000/Guesstimate
R000000012/2.222222/0122/R000000013/R000000014
R000000012/2.222222/0122/R000000013/R000000014
R000000011/3.580247/0231/R000000012/M000000009
R000000016/1.000000/0000/Guesstimate
R000000015/2.222222/0231/R000000016/M000000009
R000000017/1.000000/0000/Guesstimate
R000000011/3.580247/0256/R000000015/R000000017
R000000002/3.978053/0039/R000000011
R000000001/3.048316/0024/R000000002
M000000021/1.000000/0000/Sigma_BB-28836764
R000000020/1.111111/0091/M000000021
R000000022/1.000000/0000/Guesstimate
R000000020/2.222222/0122/R000000022/R000000014
R000000019/2.345679/0231/R000000020/M000000009
R000000024/1.000000/0000/Guesstimate
M000000027/1.000000/0000/Sigma_BB-67837149
R000000026/1.111111/0299/M000000027
R000000028/1.000000/0000/Guesstimate
R000000026/2.222222/0231/R000000028/M000000009
R000000025/1.234568/0041/R000000026
R000000029/1.000000/0000/Guesstimate
R000000025/2.222222/0231/R000000029/M000000009
R000000023/2.482853/0112/R000000024/R000000025
R000000019/2.758726/0197/R000000023
R000000031/1.000000/0000/Guesstimate
R000000030/1.111111/0287/R000000031
R000000032/7.400000/0000/Guesstimate
R000000030/8.222222/0197/R000000032
R000000018/3.840878/0112/R000000019/R000000030
R000000034/2.222222/0174/R000000024/R000000031
R000000034/2.222222/0289/R000000024/R000000031
R000000033/2.469136/0197/R000000034
R000000033/8.222222/0091/R000000032
R000000018/4.115227/0112/R000000033/R000000025
R000000001/4.267642/0025/R000000018
Q000000002/5.531170/0000/R000000035
M000000038/1.000000/0000/Sigma_BB-28766624
R000000040/1.000000/0000/Guesstimate
R000000041/1.000000/0000/Guesstimate
R000000039/2.222222/0122/R000000040/R000000041
R000000039/2.222222/0122/R000000040/R000000041
R000000037/3.580247/0119/M000000038/R000000039
R000000042/2.222222/0119/M000000038/R000000040
M000000043/1.000000/0000/Sigma_BB-333196252
R000000042/2.222222/0221/M000000043/R000000040
R000000037/3.580247/0122/R000000042/R000000041
R000000036/3.978053/0024/R000000037
M000000045/1.000000/0000/Sigma_BB-28766599
R000000044/3.580247/0119/M000000045/R000000039
M000000047/1.000000/0000/Sigma_BB-156331499
R000000046/3.580247/0119/M000000047/R000000039
M000000048/1.000000/0000/Sigma_BB-128362448
R000000046/3.580247/0221/M000000048/R000000039
R000000044/5.089163/0112/R000000046/R000000010
R000000036/3.978053/0040/R000000044
R000000049/1.000000/0000/Guesstimate
R000000035/5.531170/0003/R000000036/R000000049
M000000053/1.000000/0000/Sigma_BB-28775367
R000000054/1.000000/0000/Guesstimate
R000000052/2.222222/0221/M000000053/R000000054
M000000056/1.000000/0000/Sigma_BB-28788714
R000000057/1.000000/0000/Guesstimate
R000000055/2.222222/0004/M000000056/R000000057
R000000052/3.580247/0276/R000000055/R000000054
R000000058/1.000000/0000/Guesstimate
R000000051/3.580247/0049/R000000052/R000000058
M000000061/1.000000/0000/Sigma_BB-28418531
R000000060/2.222222/0119/M000000061/R000000040
R000000060/2.469136/0024/R000000042
R000000059/2.469136/0118/R000000060
R000000059/3.580247/0112/R000000060/R000000010
R000000051/3.854596/0003/R000000059/R000000049
R000000062/1.000000/0000/Guesstimate
R000000050/5.089163/0012/R000000051/R000000062
R000000063/3.854596/0012/R000000059/R000000062
R000000065/1.000000/0000/Guesstimate
R000000064/3.580247/0095/R000000042/R000000065
R000000066/1.000000/0000/Guesstimate
R000000064/3.580247/0122/R000000042/R000000066
R000000063/3.978053/0024/R000000064
R000000050/5.393995/0003/R000000063/R000000049
R000000035/5.654626/0041/R000000050
Q000000003/5.683586/0000/R000000067
R000000071/1.000000/0000/Guesstimate
M000000072/1.000000/0000/Sigma_BB-28843709
R000000070/2.222222/0285/R000000071/M000000072
R000000069/2.469136/0112/R000000070
R000000073/2.222222/0112/R000000071/M000000072
M000000074/1.000000/0000/Sigma_BB-28765974
R000000075/1.000000/0000/Guesstimate
R000000073/2.222222/0285/M000000074/R000000075
R000000069/2.469136/0285/R000000073
M000000078/1.000000/0000/Sigma_BB-27262752
R000000077/1.111111/0287/M000000078
M000000079/1.000000/0000/Sigma_BB-29205355
R000000077/2.222222/0274/M000000079/R000000057
R000000076/1.234568/0153/R000000077
M000000081/1.000000/0000/Sigma_BB-28416063
R000000082/1.000000/0000/Guesstimate
R000000080/2.222222/0274/M000000081/R000000082
R000000076/2.469136/0153/R000000080
R000000068/4.115227/0231/R000000069/R000000076
M000000085/1.000000/0000/Sigma_BB-28758610
R000000084/3.854596/0231/R000000069/M000000085
R000000083/4.282884/0287/R000000084
M000000087/1.000000/0000/Sigma_BB-28715089
R000000086/3.854596/0231/R000000069/M000000087
R000000083/4.282884/0299/R000000086
R000000068/5.869872/0274/R000000083/R000000082
R000000088/1.000000/0000/Guesstimate
R000000067/5.683586/0004/R000000068/R000000088
R000000091/1.111111/0153/M000000078
M000000092/1.000000/0000/Sigma_BB-28131102
R000000091/1.111111/0193/M000000092
R000000090/3.978053/0231/R000000069/R000000091
R000000094/1.000000/0000/Guesstimate
R000000093/5.393995/0274/R000000084/R000000094
R000000090/5.993328/0156/R000000093
R000000095/1.000000/0000/Guesstimate
R000000089/5.531170/0175/R000000090/R000000095
R000000098/1.000000/0000/Guesstimate
R000000097/2.345679/0175/R000000091/R000000098
R000000097/2.345679/0290/R000000091/R000000098
R000000096/2.606310/0039/R000000097
R000000099/2.345679/0175/R000000091/R000000024
R000000099/2.482853/0004/R000000076/R000000088
R000000100/1.000000/0000/Guesstimate
R000000096/3.717421/0119/R000000099/R000000100
R000000089/5.639385/0231/R000000069/R000000096
R000000067/6.145744/0024/R000000089
<NEXT>