#
#  Reaction log file
#  Author: LigBuilder V3 User_Diana
#  Creation time: Tue Feb 24 21:31:09 2026
#  Format:
#  QueryMoleculeId/Cost/SynthesizeId/ReactantId1/ReactantId2/ReactantId3.....
#  Id prefix:
#  Q --- Query Molecule
#  M --- Material
#  R --- Reactant
#
Directory      result/synthesize_HsDHODH/23/DATABASE/
#
Q000000001/3.405835/0000/R000000001
M000000007/1.000000/0000/Sigma_BB-161564803
R000000006/1.111111/0299/M000000007
R000000005/1.234568/0287/R000000006
R000000004/1.371742/0125/R000000005
R000000008/1.000000/0000/Guesstimate
R000000004/2.482853/0112/R000000005/R000000008
R000000003/1.524158/0041/R000000004
R000000003/1.524158/0233/R000000004
R000000011/1.000000/0000/Guesstimate
R000000010/1.111111/0228/R000000011
R000000012/1.000000/0000/Guesstimate
R000000010/1.111111/0228/R000000012
R000000009/1.234568/0125/R000000010
R000000009/2.345679/0112/R000000010/R000000008
R000000002/3.065251/0274/R000000003/R000000009
R000000014/1.524158/0091/R000000004
R000000016/1.234568/0091/R000000006
R000000015/1.371742/0287/R000000016
R000000014/2.635269/0112/R000000015/R000000008
R000000013/1.693509/0041/R000000014
R000000013/1.693509/0091/R000000003
R000000018/1.111111/0198/R000000011
R000000018/1.111111/0198/R000000012
R000000017/2.345679/0112/R000000018/R000000008
R000000017/9.777779/0082/R000000019
R000000002/4.487987/0275/R000000013/R000000017
R000000001/3.405835/0041/R000000002
M000000023/1.000000/0000/Sigma_BB-129759817
R000000022/1.111111/0104/M000000023
R000000022/1.111111/0104/M000000023
R000000021/1.234568/0248/R000000022
R000000024/9.800000/0000/Guesstimate
R000000021/9.800000/0257/R000000024
R000000027/1.000000/0000/Guesstimate
R000000026/2.482853/0274/R000000027/R000000009
R000000028/1.000000/0000/Guesstimate
R000000026/3.717421/0275/R000000028/R000000017
R000000025/2.758726/0041/R000000026
R000000025/2.758726/0233/R000000026
R000000020/4.436994/0018/R000000021/R000000025
R000000001/4.929993/0160/R000000020
Q000000002/4.420058/0000/R000000029
R000000032/1.000000/0000/Guesstimate
R000000031/2.345679/0175/R000000006/R000000032
R000000033/2.345679/0174/R000000006/R000000032
R000000033/2.345679/0289/R000000006/R000000032
R000000031/2.606310/0147/R000000033
R000000030/3.978052/0274/R000000031/R000000009
R000000035/2.469136/0274/R000000006/R000000010
R000000035/2.606310/0275/R000000016/R000000018
R000000034/2.743484/0125/R000000035
R000000034/3.854596/0112/R000000035/R000000008
R000000030/4.159427/0175/R000000034/R000000032
R000000029/4.420058/0041/R000000030
R000000037/3.048316/0041/R000000034
R000000037/3.048316/0233/R000000034
R000000036/4.498129/0174/R000000037/R000000032
R000000040/1.000000/0000/Guesstimate
R000000041/1.000000/0000/Guesstimate
R000000039/2.222222/0003/R000000040/R000000041
R000000042/1.371742/0041/R000000009
R000000042/1.371742/0233/R000000009
R000000038/3.993294/0274/R000000039/R000000042
R000000044/1.000000/0000/Guesstimate
R000000043/2.222222/0003/R000000040/R000000044
R000000043/2.469136/0091/R000000039
R000000045/2.606310/0041/R000000017
R000000045/2.606310/0233/R000000017
R000000038/5.365036/0275/R000000043/R000000045
R000000048/1.000000/0000/Guesstimate
R000000049/1.000000/0000/Guesstimate
R000000047/2.222222/0018/R000000048/R000000049
R000000046/2.469136/0099/R000000047
R000000051/1.000000/0000/Guesstimate
R000000050/2.222222/0018/R000000051/R000000049
R000000050/2.469136/0233/R000000047
R000000046/2.469136/0295/R000000050
R000000036/7.180478/0159/R000000038/R000000046
R000000029/4.997921/0147/R000000036
Q000000003/4.621586/0000/R000000052
R000000054/1.000000/0000/Guesstimate
R000000053/4.159427/0175/R000000034/R000000054
R000000056/2.345679/0174/R000000006/R000000054
R000000056/2.345679/0289/R000000006/R000000054
R000000055/2.606310/0147/R000000056
R000000058/1.000000/0000/Guesstimate
R000000057/2.345679/0175/R000000006/R000000058
R000000057/2.345679/0290/R000000006/R000000058
R000000055/2.606310/0147/R000000057
R000000053/4.267642/0274/R000000055/R000000009
R000000052/4.621586/0041/R000000053
R000000059/4.498129/0174/R000000037/R000000054
M000000062/1.000000/0000/Sigma_BB-30423282
R000000063/1.000000/0000/Guesstimate
R000000061/2.222222/0279/M000000062/R000000063
R000000061/2.222222/0279/M000000062/R000000063
R000000060/2.469136/0009/R000000061
R000000065/1.000000/0000/Guesstimate
R000000064/2.222222/0279/R000000065/R000000063
R000000064/2.222222/0279/R000000065/R000000063
R000000060/2.469136/0079/R000000064
R000000059/7.180478/0159/R000000038/R000000060
R000000052/4.997921/0147/R000000059
<NEXT>