#
#  Reaction log file
#  Author: LigBuilder V3 User_Diana
#  Creation time: Tue Feb 24 21:33:29 2026
#  Format:
#  QueryMoleculeId/Cost/SynthesizeId/ReactantId1/ReactantId2/ReactantId3.....
#  Id prefix:
#  Q --- Query Molecule
#  M --- Material
#  R --- Reactant
#
Directory      result/synthesize_HsDHODH/109/DATABASE/
#
Q000000001/2.895900/0000/R000000001
M000000005/1.000000/0000/Sigma_BB-112687595
R000000004/1.111111/0153/M000000005
M000000006/1.000000/0000/Sigma_BB-150563713
R000000004/1.111111/0197/M000000006
R000000007/1.000000/0000/Guesstimate
R000000003/2.345679/0274/R000000004/R000000007
R000000009/1.000000/0000/Guesstimate
R000000008/2.345679/0274/R000000004/R000000009
R000000003/2.606310/0300/R000000008
R000000002/2.606310/0039/R000000003
R000000011/1.000000/0000/Guesstimate
R000000010/2.345679/0274/R000000004/R000000011
R000000013/1.000000/0000/Guesstimate
R000000012/2.345679/0274/R000000004/R000000013
R000000010/2.606310/0156/R000000012
R000000002/2.606310/0260/R000000010
R000000001/2.895900/0024/R000000002
R000000017/1.000000/0000/Guesstimate
R000000016/2.222222/0274/M000000005/R000000017
R000000015/2.469136/0153/R000000016
R000000018/2.222222/0274/M000000006/R000000017
R000000015/2.469136/0197/R000000018
R000000020/1.000000/0000/Guesstimate
R000000019/1.111111/0287/R000000020
R000000021/7.400000/0000/Guesstimate
R000000019/8.222222/0197/R000000021
R000000014/3.978053/0112/R000000015/R000000019
R000000024/1.000000/0000/Guesstimate
R000000023/2.222222/0274/M000000005/R000000024
R000000022/2.469136/0153/R000000023
R000000026/1.000000/0000/Guesstimate
R000000025/2.345679/0274/R000000004/R000000026
R000000022/2.606310/0155/R000000025
R000000029/1.000000/0000/Guesstimate
R000000028/2.222222/0174/R000000029/R000000020
R000000028/2.222222/0289/R000000029/R000000020
R000000027/2.469136/0197/R000000028
R000000027/8.222222/0091/R000000021
R000000014/5.486969/0112/R000000022/R000000027
R000000001/4.420059/0025/R000000014
Q000000002/4.130468/0000/R000000030
R000000034/1.000000/0000/Guesstimate
R000000033/1.111111/0118/R000000034
R000000035/1.000000/0000/Guesstimate
R000000033/2.222222/0112/R000000034/R000000035
M000000036/1.000000/0000/Sigma_BB-28778841
R000000032/2.345679/0003/R000000033/M000000036
R000000037/1.234568/0118/R000000033
R000000037/2.345679/0112/R000000033/R000000035
R000000039/1.000000/0000/Guesstimate
R000000040/1.000000/0000/Guesstimate
R000000038/2.222222/0001/R000000039/R000000040
R000000041/1.000000/0000/Guesstimate
R000000038/2.222222/0004/R000000039/R000000041
R000000032/3.840878/0049/R000000037/R000000038
R000000042/1.000000/0000/Guesstimate
R000000031/3.717421/0259/R000000032/R000000042
R000000031/3.717421/0259/R000000032/R000000042
R000000030/4.130468/0024/R000000031
R000000046/1.000000/0000/Guesstimate
R000000045/2.222222/0003/M000000036/R000000046
R000000047/1.000000/0000/Guesstimate
R000000045/3.580247/0049/R000000038/R000000047
R000000044/3.580247/0259/R000000042/R000000045
R000000044/3.580247/0259/R000000042/R000000045
R000000043/6.721537/0112/R000000027/R000000044
R000000049/5.089163/0112/R000000029/R000000044
R000000048/5.654626/0197/R000000049
R000000043/7.517486/0112/R000000048/R000000019
R000000030/7.468375/0025/R000000043
Q000000003/Analysis Failed
<NEXT>