#
#  Reaction log file
#  Author: LigBuilder V3 User_Diana
#  Creation time: Tue Feb 24 21:30:42 2026
#  Format:
#  QueryMoleculeId/Cost/SynthesizeId/ReactantId1/ReactantId2/ReactantId3.....
#  Id prefix:
#  Q --- Query Molecule
#  M --- Material
#  R --- Reactant
#
Directory      result/synthesize_HsDHODH/8/DATABASE/
#
Q000000001/5.944217/0000/R000000001
R000000005/1.000000/0000/Guesstimate
R000000004/1.111111/0125/R000000005
R000000006/1.000000/0000/Guesstimate
R000000004/2.222222/0112/R000000006/R000000005
R000000003/1.234568/0040/R000000004
R000000010/1.000000/0000/Guesstimate
R000000011/1.000000/0000/Guesstimate
R000000009/2.222222/0174/R000000010/R000000011
R000000009/2.222222/0289/R000000010/R000000011
R000000008/2.469136/0197/R000000009
R000000012/7.400000/0000/Guesstimate
R000000008/8.222222/0091/R000000012
R000000007/3.854596/0112/R000000008/R000000005
R000000003/4.282884/0025/R000000007
R000000014/1.000000/0000/Guesstimate
R000000016/1.000000/0000/Guesstimate
M000000017/1.000000/0000/Sigma_BB-28908542
R000000015/2.222222/0057/R000000016/M000000017
R000000018/1.000000/0000/Guesstimate
R000000019/7.700000/0000/Guesstimate
R000000015/9.666667/0274/R000000018/R000000019
R000000013/3.580247/0275/R000000014/R000000015
R000000020/1.000000/0000/Guesstimate
R000000013/9.666667/0274/R000000020/R000000019
R000000002/5.349795/0224/R000000003/R000000013
R000000001/5.944217/0285/R000000002
Q000000002/7.825893/0000/R000000021
R000000024/2.482853/0224/R000000003/R000000020
R000000025/2.345679/0224/R000000004/R000000020
R000000024/2.606310/0040/R000000025
R000000023/2.758726/0285/R000000024
R000000026/2.606310/0285/R000000025
R000000026/2.606310/0285/R000000025
R000000023/2.895900/0040/R000000026
M000000029/1.000000/0000/Sigma_BB-135927148
R000000030/1.000000/0000/Guesstimate
R000000028/2.222222/0279/M000000029/R000000030
R000000028/2.222222/0279/M000000029/R000000030
R000000027/3.580247/0057/R000000016/R000000028
R000000031/2.222222/0057/R000000016/M000000029
R000000027/3.580247/0279/R000000031/R000000030
R000000022/7.043303/0282/R000000023/R000000027
R000000033/2.758726/0086/R000000024
R000000034/2.606310/0086/R000000025
R000000034/2.606310/0091/R000000025
R000000033/2.895900/0040/R000000034
R000000032/3.065251/0285/R000000033
R000000035/2.895900/0285/R000000034
R000000032/3.217667/0040/R000000035
R000000022/7.383887/0275/R000000032/R000000027
R000000021/7.825893/0294/R000000022
R000000038/2.469136/0228/R000000028
R000000038/2.469136/0286/R000000028
R000000037/3.854596/0057/R000000016/R000000038
R000000039/3.978053/0198/R000000027
R000000039/3.978053/0298/R000000027
R000000037/4.420059/0155/R000000039
R000000036/7.348135/0282/R000000023/R000000037
R000000036/7.688719/0275/R000000032/R000000037
R000000021/8.164596/0296/R000000036
Q000000003/6.792853/0000/R000000040
R000000043/2.469136/0288/R000000031
R000000046/1.000000/0000/Guesstimate
R000000045/2.222222/0279/M000000029/R000000046
R000000045/2.222222/0279/M000000029/R000000046
R000000044/3.580247/0057/R000000016/R000000045
R000000044/3.580247/0279/R000000031/R000000046
R000000043/3.978053/0198/R000000044
R000000042/2.743484/0155/R000000043
R000000047/2.469136/0228/R000000045
R000000047/2.469136/0286/R000000045
R000000042/3.854596/0057/R000000016/R000000047
R000000041/6.113567/0282/R000000023/R000000042
R000000041/6.454151/0275/R000000032/R000000042
R000000040/6.792853/0296/R000000041
R000000048/7.043303/0282/R000000023/R000000044
R000000048/7.383887/0275/R000000032/R000000044
R000000040/7.825893/0294/R000000048
<NEXT>