#
#  Reaction log file
#  Author: LigBuilder V3 User_Diana
#  Creation time: Tue Feb 24 21:32:09 2026
#  Format:
#  QueryMoleculeId/Cost/SynthesizeId/ReactantId1/ReactantId2/ReactantId3.....
#  Id prefix:
#  Q --- Query Molecule
#  M --- Material
#  R --- Reactant
#
Directory      result/synthesize_HsDHODH/57/DATABASE/
#
Q000000001/2.469136/0000/R000000001
M000000003/1.000000/0000/Sigma_BB-102140829
R000000004/1.000000/0000/Guesstimate
R000000002/2.222222/0119/M000000003/R000000004
M000000007/1.000000/0000/Sigma_BB-28494105
R000000008/1.000000/0000/Guesstimate
R000000006/2.222222/0119/M000000007/R000000008
M000000009/1.000000/0000/Sigma_BB-156333960
R000000006/2.222222/0221/M000000009/R000000008
R000000005/2.469136/0039/R000000006
M000000011/1.000000/0000/Sigma_BB-34437028
R000000010/2.222222/0119/M000000011/R000000004
M000000012/1.000000/0000/Sigma_BB-27092617
R000000013/1.000000/0000/Guesstimate
R000000010/2.222222/0119/M000000012/R000000013
R000000005/2.469136/0114/R000000010
R000000014/1.000000/0000/Guesstimate
R000000002/3.854596/0122/R000000005/R000000014
R000000001/2.469136/0024/R000000002
R000000016/1.000000/0000/Guesstimate
R000000015/2.222222/0119/M000000003/R000000016
M000000019/1.000000/0000/Sigma_BB-27088650
R000000018/1.111111/0155/M000000019
R000000018/2.222222/0119/M000000011/R000000016
R000000017/1.234568/0114/R000000018
R000000017/2.222222/0119/M000000007/R000000016
R000000015/2.482853/0122/R000000017/R000000014
R000000020/1.000000/0000/Guesstimate
R000000001/3.580247/0004/R000000015/R000000020
Q000000002/4.130468/0000/R000000021
M000000025/1.000000/0000/Sigma_BB-102142138
R000000024/1.111111/0293/M000000025
R000000026/1.000000/0000/Guesstimate
R000000023/2.345679/0274/R000000024/R000000026
M000000028/1.000000/0000/Sigma_BB-156316937
R000000029/1.000000/0000/Guesstimate
R000000027/2.222222/0256/M000000028/R000000029
R000000030/1.000000/0000/Guesstimate
R000000023/3.580247/0274/R000000027/R000000030
R000000022/3.717421/0119/R000000023/R000000004
R000000033/1.000000/0000/Guesstimate
R000000034/1.000000/0000/Guesstimate
R000000032/2.222222/0224/R000000033/R000000034
R000000031/3.580247/0012/R000000014/R000000032
R000000036/1.000000/0000/Guesstimate
R000000035/3.580247/0285/R000000036/R000000032
R000000031/3.978053/0079/R000000035
R000000039/1.000000/0000/Guesstimate
R000000038/2.222222/0274/R000000039/R000000026
R000000040/1.000000/0000/Guesstimate
R000000038/2.222222/0274/R000000040/R000000030
R000000037/3.580247/0003/R000000020/R000000038
R000000041/1.000000/0000/Guesstimate
R000000042/2.469136/0125/R000000038
R000000043/1.000000/0000/Guesstimate
R000000042/3.580247/0112/R000000038/R000000043
R000000037/3.854596/0049/R000000041/R000000042
R000000022/7.956105/0159/R000000031/R000000037
R000000021/4.130468/0024/R000000022
R000000044/3.717421/0119/R000000023/R000000016
R000000046/1.000000/0000/Guesstimate
R000000045/3.717421/0119/R000000023/R000000046
R000000047/2.606310/0091/R000000023
R000000045/4.007011/0276/R000000047/R000000046
R000000044/4.130468/0155/R000000045
R000000021/5.241580/0004/R000000044/R000000020
Q000000003/3.854596/0000/R000000048
M000000051/1.000000/0000/Sigma_BB-112687595
R000000052/1.000000/0000/Guesstimate
R000000050/2.222222/0274/M000000051/R000000052
R000000049/2.469136/0153/R000000050
R000000054/1.111111/0091/M000000051
R000000053/2.345679/0274/R000000054/R000000052
R000000049/2.606310/0154/R000000053
R000000048/3.854596/0004/R000000049/R000000020
R000000057/2.743484/0118/R000000049
R000000057/3.854596/0112/R000000049/R000000043
R000000056/3.048316/0040/R000000057
R000000059/1.000000/0000/Guesstimate
R000000058/3.854596/0301/R000000049/R000000059
R000000058/3.854596/0301/R000000049/R000000059
R000000056/4.282884/0260/R000000058
M000000060/1.000000/0000/Sigma_BB-28524129
R000000055/4.498129/0212/R000000056/M000000060
R000000055/4.498129/0212/R000000056/M000000060
R000000048/4.997921/0024/R000000055
<NEXT>