#
#  Reaction log file
#  Author: LigBuilder V3 User_Diana
#  Creation time: Tue Feb 24 21:39:03 2026
#  Format:
#  QueryMoleculeId/Cost/SynthesizeId/ReactantId1/ReactantId2/ReactantId3.....
#  Id prefix:
#  Q --- Query Molecule
#  M --- Material
#  R --- Reactant
#
Directory      result/synthesize_HsDHODH/256/DATABASE/
#
Q000000001/8.030996/0000/R000000001
R000000007/1.000000/0000/Guesstimate
R000000008/1.000000/0000/Guesstimate
R000000006/2.222222/0285/R000000007/R000000008
R000000005/2.469136/0279/R000000006
R000000005/2.469136/0279/R000000006
M000000009/1.000000/0000/Sigma_BB-28753226
R000000004/3.854596/0231/R000000005/M000000009
R000000003/4.282884/0059/R000000004
R000000013/1.000000/0000/Guesstimate
R000000014/1.000000/0000/Guesstimate
R000000012/2.222222/0279/R000000013/R000000014
R000000012/2.222222/0279/R000000013/R000000014
R000000011/2.469136/0279/R000000012
R000000015/2.222222/0279/R000000013/R000000014
R000000015/2.222222/0279/R000000013/R000000014
R000000011/2.469136/0279/R000000015
R000000010/3.854596/0231/R000000011/M000000009
R000000016/1.000000/0000/Guesstimate
R000000003/5.393995/0095/R000000010/R000000016
R000000018/1.000000/0000/Guesstimate
R000000019/1.000000/0000/Guesstimate
R000000017/2.222222/0169/R000000018/R000000019
R000000021/1.000000/0000/Guesstimate
R000000022/1.000000/0000/Guesstimate
R000000020/2.222222/0274/R000000021/R000000022
R000000023/1.000000/0000/Guesstimate
R000000020/2.222222/0275/R000000018/R000000023
R000000017/2.469136/0147/R000000020
R000000002/7.227896/0112/R000000003/R000000017
M000000026/1.000000/0000/Sigma_BB-187814628
R000000025/3.854596/0231/R000000005/M000000026
R000000024/4.282884/0059/R000000025
R000000027/3.854596/0231/R000000011/M000000026
R000000024/5.393995/0095/R000000027/R000000016
M000000030/1.000000/0000/Sigma_BB-29464565
R000000029/1.111111/0091/M000000030
R000000031/1.000000/0000/Guesstimate
R000000032/1.000000/0000/Guesstimate
R000000029/2.222222/0018/R000000031/R000000032
R000000028/2.345679/0169/R000000029/R000000019
R000000033/2.222222/0169/M000000030/R000000019
R000000034/1.000000/0000/Guesstimate
R000000033/2.222222/0275/M000000030/R000000034
R000000028/2.469136/0091/R000000033
R000000002/7.365070/0112/R000000024/R000000028
R000000001/8.030996/0147/R000000002
R000000038/1.000000/0000/Guesstimate
R000000037/3.854596/0095/R000000011/R000000038
R000000040/1.000000/0000/Guesstimate
R000000039/3.854596/0095/R000000011/R000000040
R000000037/4.282884/0024/R000000039
M000000041/1.000000/0000/Sigma_BB-34437027
R000000036/5.393995/0231/R000000037/M000000041
R000000035/8.599639/0175/R000000036/R000000028
R000000035/8.599639/0290/R000000036/R000000028
R000000001/9.555155/0153/R000000035
Q000000002/5.993328/0000/R000000042
R000000044/3.854596/0231/R000000005/M000000041
R000000045/3.580247/0231/R000000006/M000000041
R000000044/3.978053/0279/R000000045
R000000046/1.000000/0000/Guesstimate
R000000043/5.393995/0175/R000000044/R000000046
R000000049/1.000000/0000/Guesstimate
R000000048/2.222222/0112/M000000009/R000000049
R000000048/2.222222/0112/M000000026/R000000046
R000000047/2.469136/0147/R000000048
M000000051/1.000000/0000/Sigma_BB-34437028
R000000050/2.222222/0175/M000000051/R000000046
R000000050/2.222222/0290/M000000051/R000000046
R000000047/2.469136/0153/R000000050
R000000043/5.486969/0231/R000000005/R000000047
R000000042/5.993328/0059/R000000043
R000000053/3.854596/0231/R000000011/M000000041
R000000054/3.580247/0231/R000000015/M000000041
R000000053/3.978053/0279/R000000054
R000000052/5.393995/0175/R000000053/R000000046
R000000052/5.486969/0231/R000000011/R000000047
R000000042/7.104439/0095/R000000052/R000000016
Q000000003/5.993328/0000/R000000042
<NEXT>