#
#  Reaction log file
#  Author: LigBuilder V3 User_Diana
#  Creation time: Tue Feb 24 21:36:26 2026
#  Format:
#  QueryMoleculeId/Cost/SynthesizeId/ReactantId1/ReactantId2/ReactantId3.....
#  Id prefix:
#  Q --- Query Molecule
#  M --- Material
#  R --- Reactant
#
Directory      result/synthesize_HsDHODH/189/DATABASE/
#
Q000000001/5.654626/0000/R000000001
R000000005/1.000000/0000/Guesstimate
R000000006/1.000000/0000/Guesstimate
R000000004/2.222222/0285/R000000005/R000000006
R000000007/1.000000/0000/Guesstimate
R000000003/3.580247/0279/R000000004/R000000007
R000000003/3.580247/0279/R000000004/R000000007
M000000008/1.000000/0000/Sigma_BB-31054897
R000000002/5.089163/0231/R000000003/M000000008
R000000011/1.000000/0000/Guesstimate
M000000012/1.000000/0000/Sigma_BB-34698459
R000000010/2.222222/0231/R000000011/M000000012
R000000013/1.000000/0000/Guesstimate
R000000009/3.580247/0175/R000000010/R000000013
R000000015/1.000000/0000/Guesstimate
R000000014/3.580247/0175/R000000010/R000000015
R000000014/3.580247/0290/R000000010/R000000015
R000000016/1.000000/0000/Guesstimate
R000000009/5.089163/0212/R000000014/R000000016
R000000019/1.000000/0000/Guesstimate
R000000020/1.000000/0000/Guesstimate
R000000018/2.222222/0003/R000000019/R000000020
M000000021/1.000000/0000/Sigma_BB-28792480
R000000022/1.000000/0000/Guesstimate
R000000018/2.222222/0112/M000000021/R000000022
R000000017/2.469136/0099/R000000018
R000000024/1.000000/0000/Guesstimate
R000000023/2.222222/0112/R000000019/R000000024
R000000017/2.469136/0099/R000000023
R000000002/6.721537/0279/R000000009/R000000017
R000000001/5.654626/0112/R000000002
R000000028/1.000000/0000/Guesstimate
R000000029/1.000000/0000/Guesstimate
R000000027/2.222222/0279/R000000028/R000000029
R000000027/2.222222/0279/R000000028/R000000029
R000000026/3.580247/0231/R000000027/M000000008
R000000030/3.580247/0231/R000000027/M000000012
R000000026/5.089163/0175/R000000030/R000000013
R000000032/1.000000/0000/Guesstimate
R000000031/2.222222/0122/R000000032/R000000022
R000000031/2.222222/0122/R000000032/R000000022
R000000025/6.447188/0279/R000000026/R000000031
R000000033/4.938272/0279/R000000027/R000000031
R000000033/4.938272/0279/R000000027/R000000031
R000000025/6.598080/0231/R000000033/M000000008
R000000001/7.163543/0112/R000000025
Q000000002/5.654626/0000/R000000001
Q000000003/6.811670/0000/R000000034
R000000040/1.000000/0000/Guesstimate
R000000041/1.000000/0000/Guesstimate
R000000039/2.222222/0119/R000000040/R000000041
R000000043/1.000000/0000/Guesstimate
R000000042/2.222222/0119/R000000043/R000000041
R000000044/1.000000/0000/Guesstimate
R000000042/2.222222/0276/R000000043/R000000044
R000000039/2.469136/0155/R000000042
R000000038/2.469136/0122/R000000039
R000000045/2.469136/0122/R000000042
R000000046/9.200000/0000/Guesstimate
R000000045/9.200000/0188/R000000046
R000000038/2.743484/0155/R000000045
R000000047/1.000000/0000/Guesstimate
R000000037/3.854596/0274/R000000038/R000000047
R000000048/1.000000/0000/Guesstimate
R000000037/3.854596/0275/R000000045/R000000048
R000000036/4.282884/0024/R000000037
R000000052/1.000000/0000/Guesstimate
R000000051/3.580247/0274/R000000039/R000000052
R000000051/3.580247/0275/R000000042/R000000028
R000000050/3.978053/0122/R000000051
R000000054/1.000000/0000/Guesstimate
R000000053/3.854596/0169/R000000045/R000000054
R000000055/1.000000/0000/Guesstimate
R000000056/1.000000/0000/Guesstimate
R000000053/4.965707/0225/R000000045/R000000055/R000000056
R000000050/4.282884/0139/R000000053
R000000049/4.420059/0082/R000000050
R000000058/1.000000/0000/Guesstimate
R000000057/3.854596/0274/R000000038/R000000058
R000000059/1.000000/0000/Guesstimate
R000000057/3.854596/0275/R000000045/R000000059
R000000060/1.000000/0000/Guesstimate
R000000049/5.393995/0112/R000000057/R000000060
R000000036/4.911177/0040/R000000049
R000000063/1.000000/0000/Guesstimate
R000000062/1.111111/0288/R000000063
R000000061/1.234568/0295/R000000062
R000000035/6.130503/0003/R000000036/R000000061
R000000065/1.000000/0000/Guesstimate
R000000064/5.393995/0004/R000000057/R000000065
R000000068/3.580247/0169/R000000042/R000000065
R000000068/3.580247/0274/R000000039/R000000065
R000000067/3.978053/0122/R000000068
R000000070/1.000000/0000/Guesstimate
R000000069/3.854596/0169/R000000045/R000000070
R000000069/4.911177/0041/R000000049
R000000067/4.282884/0155/R000000069
R000000071/1.000000/0000/Guesstimate
R000000066/5.531170/0001/R000000067/R000000071
R000000072/1.000000/0000/Guesstimate
R000000066/5.531170/0141/R000000067/R000000072
R000000064/6.145744/0040/R000000066
R000000074/2.482853/0004/R000000020/R000000061
R000000073/2.758726/0009/R000000074
R000000076/2.482853/0112/R000000015/R000000061
R000000075/2.758726/0197/R000000076
R000000073/3.065251/0079/R000000075
R000000035/9.058579/0049/R000000064/R000000073
R000000034/6.811670/0099/R000000035
M000000081/1.000000/0000/Sigma_BB-28524129
R000000080/3.854596/0169/R000000045/M000000081
R000000082/1.000000/0000/Guesstimate
R000000080/4.965707/0225/R000000045/R000000082/R000000056
R000000079/4.282884/0024/R000000080
R000000079/5.393995/0004/R000000057/R000000016
R000000078/4.758760/0086/R000000079
R000000078/4.758760/0091/R000000079
R000000077/6.659254/0112/R000000078/R000000061
R000000077/7.485310/0112/R000000067/R000000075
R000000034/7.399171/0099/R000000077
<NEXT>