#
#  Reaction log file
#  Author: LigBuilder V3 User_Diana
#  Creation time: Tue Feb 24 21:30:46 2026
#  Format:
#  QueryMoleculeId/Cost/SynthesizeId/ReactantId1/ReactantId2/ReactantId3.....
#  Id prefix:
#  Q --- Query Molecule
#  M --- Material
#  R --- Reactant
#
Directory      result/synthesize_HsDHODH/16/DATABASE/
#
Q000000001/3.405835/0000/R000000001
M000000007/1.000000/0000/Sigma_BB-161564803
R000000006/1.111111/0299/M000000007
R000000005/1.234568/0287/R000000006
R000000004/1.371742/0125/R000000005
R000000008/1.000000/0000/Guesstimate
R000000004/2.482853/0112/R000000005/R000000008
R000000003/1.524158/0041/R000000004
R000000003/1.524158/0233/R000000004
R000000011/1.000000/0000/Guesstimate
R000000010/1.111111/0228/R000000011
R000000012/1.000000/0000/Guesstimate
R000000010/1.111111/0228/R000000012
R000000009/1.234568/0125/R000000010
R000000009/2.345679/0112/R000000010/R000000008
R000000002/3.065251/0274/R000000003/R000000009
R000000014/1.524158/0091/R000000004
R000000016/1.234568/0091/R000000006
R000000015/1.371742/0287/R000000016
R000000014/2.635269/0112/R000000015/R000000008
R000000013/1.693509/0041/R000000014
R000000013/1.693509/0091/R000000003
R000000018/1.111111/0198/R000000011
R000000018/1.111111/0198/R000000012
R000000017/2.345679/0112/R000000018/R000000008
R000000017/9.777779/0082/R000000019
R000000002/4.487987/0275/R000000013/R000000017
R000000001/3.405835/0041/R000000002
M000000023/1.000000/0000/Sigma_BB-129759817
R000000022/1.111111/0104/M000000023
R000000022/1.111111/0104/M000000023
R000000021/1.234568/0248/R000000022
R000000024/9.800000/0000/Guesstimate
R000000021/9.800000/0257/R000000024
R000000027/1.000000/0000/Guesstimate
R000000026/2.482853/0274/R000000027/R000000009
R000000028/1.000000/0000/Guesstimate
R000000026/3.717421/0275/R000000028/R000000017
R000000025/2.758726/0041/R000000026
R000000025/2.758726/0233/R000000026
R000000020/4.436994/0018/R000000021/R000000025
R000000001/4.929993/0160/R000000020
Q000000002/3.405835/0000/R000000001
Q000000003/7.521061/0000/R000000029
R000000032/1.000000/0000/Guesstimate
R000000033/1.000000/0000/Guesstimate
R000000031/2.222222/0279/R000000032/R000000033
R000000031/2.222222/0279/R000000032/R000000033
R000000030/2.469136/0079/R000000031
R000000035/1.000000/0000/Guesstimate
R000000034/2.222222/0279/R000000035/R000000032
R000000034/2.222222/0279/R000000035/R000000032
R000000030/2.469136/0082/R000000034
R000000038/1.000000/0000/Guesstimate
R000000040/1.000000/0000/Guesstimate
R000000039/2.482853/0274/R000000040/R000000009
R000000041/1.000000/0000/Guesstimate
R000000039/3.717421/0275/R000000041/R000000017
R000000037/3.869837/0112/R000000038/R000000039
R000000043/1.000000/0000/Guesstimate
R000000042/3.869837/0112/R000000043/R000000039
R000000037/4.299819/0147/R000000042
R000000036/4.299819/0041/R000000037
R000000044/1.000000/0000/Guesstimate
R000000047/1.000000/0000/Guesstimate
R000000046/2.222222/0004/R000000047/R000000040
R000000048/1.371742/0041/R000000009
R000000048/1.371742/0233/R000000009
R000000045/3.993294/0274/R000000046/R000000048
R000000049/2.758726/0041/R000000039
R000000049/2.758726/0233/R000000039
R000000045/4.176363/0004/R000000047/R000000049
R000000036/5.548104/0049/R000000044/R000000045
R000000029/7.521061/0159/R000000030/R000000036
R000000050/7.043303/0159/R000000030/R000000037
R000000053/1.000000/0000/Guesstimate
R000000052/3.869837/0003/R000000053/R000000039
R000000052/4.299819/0147/R000000042
R000000054/1.000000/0000/Guesstimate
R000000051/5.410931/0012/R000000052/R000000054
R000000056/1.000000/0000/Guesstimate
R000000055/5.410931/0012/R000000052/R000000056
R000000055/5.410931/0285/R000000052/R000000056
R000000057/1.000000/0000/Guesstimate
R000000051/7.123257/0274/R000000055/R000000057
R000000058/1.000000/0000/Guesstimate
R000000050/7.123257/0159/R000000051/R000000058
R000000029/7.825893/0041/R000000050
<NEXT>