#
#  Reaction log file
#  Author: LigBuilder V3 User_Diana
#  Creation time: Tue Feb 24 21:34:47 2026
#  Format:
#  QueryMoleculeId/Cost/SynthesizeId/ReactantId1/ReactantId2/ReactantId3.....
#  Id prefix:
#  Q --- Query Molecule
#  M --- Material
#  R --- Reactant
#
Directory      result/synthesize_HsDHODH/150/DATABASE/
#
Q000000001/7.959492/0000/R000000001
M000000005/1.000000/0000/Sigma_BB-161564803
R000000004/1.111111/0299/M000000005
R000000008/1.000000/0000/Guesstimate
M000000009/1.000000/0000/Sigma_BB-28494060
R000000007/2.222222/0277/R000000008/M000000009
R000000006/2.469136/0099/R000000007
R000000012/1.000000/0000/Guesstimate
R000000011/2.222222/0277/R000000012/M000000009
R000000013/1.000000/0000/Guesstimate
R000000011/3.580247/0274/R000000013/R000000007
R000000010/2.469136/0099/R000000011
R000000010/9.100000/0274/R000000013/R000000006
R000000006/8.444445/0155/R000000010
R000000003/3.978053/0274/R000000004/R000000006
R000000014/1.234568/0091/R000000004
R000000003/4.115227/0275/R000000014/R000000010
R000000017/1.000000/0000/Guesstimate
R000000018/1.000000/0000/Guesstimate
R000000016/2.222222/0174/R000000017/R000000018
R000000016/2.222222/0289/R000000017/R000000018
R000000015/2.469136/0197/R000000016
R000000019/7.400000/0000/Guesstimate
R000000015/8.222222/0091/R000000019
R000000002/7.163543/0174/R000000003/R000000015
R000000020/3.978053/0174/R000000004/R000000015
R000000021/1.234568/0287/R000000004
R000000020/4.115227/0112/R000000021/R000000015
R000000002/7.163543/0274/R000000020/R000000006
R000000001/7.959492/0025/R000000002
R000000025/1.000000/0000/Guesstimate
R000000026/1.000000/0000/Guesstimate
R000000024/2.222222/0003/R000000025/R000000026
R000000028/1.000000/0000/Guesstimate
R000000029/1.000000/0000/Guesstimate
R000000027/2.222222/0279/R000000028/R000000029
R000000027/2.222222/0279/R000000028/R000000029
R000000023/4.938272/0159/R000000024/R000000027
R000000022/8.230453/0274/R000000023/R000000006
R000000032/1.000000/0000/Guesstimate
R000000031/2.222222/0003/R000000025/R000000032
R000000031/2.469136/0091/R000000024
R000000030/4.938272/0159/R000000031/R000000027
R000000030/5.486969/0091/R000000023
R000000022/8.230453/0275/R000000030/R000000010
R000000001/9.144949/0024/R000000022
Q000000002/7.959492/0000/R000000001
Q000000003/7.959492/0000/R000000001
<NEXT>