#
#  Reaction log file
#  Author: LigBuilder V3 User_Diana
#  Creation time: Tue Feb 24 21:31:02 2026
#  Format:
#  QueryMoleculeId/Cost/SynthesizeId/ReactantId1/ReactantId2/ReactantId3.....
#  Id prefix:
#  Q --- Query Molecule
#  M --- Material
#  R --- Reactant
#
Directory      result/synthesize_HsDHODH/29/DATABASE/
#
Q000000001/4.282884/0000/R000000001
M000000005/1.000000/0000/Sigma_BB-161564803
R000000004/1.111111/0299/M000000005
R000000003/1.234568/0114/R000000004
R000000006/1.111111/0114/M000000005
R000000003/1.234568/0299/R000000006
R000000007/1.000000/0000/Guesstimate
R000000002/2.482853/0170/R000000003/R000000007
R000000002/2.482853/0170/R000000003/R000000007
R000000011/1.000000/0000/Guesstimate
R000000010/1.111111/0228/R000000011
R000000012/1.000000/0000/Guesstimate
R000000010/1.111111/0228/R000000012
R000000009/1.234568/0125/R000000010
R000000013/1.000000/0000/Guesstimate
R000000009/2.345679/0112/R000000010/R000000013
R000000008/1.371742/0041/R000000009
R000000015/1.111111/0125/R000000011
R000000015/2.222222/0112/R000000011/R000000013
R000000014/1.234568/0041/R000000015
R000000016/9.333333/0198/R000000014
R000000017/9.333333/0295/R000000016
R000000016/9.333333/0198/R000000017
R000000014/9.333333/0295/R000000016
R000000008/1.371742/0228/R000000014
R000000001/4.282884/0274/R000000002/R000000008
R000000019/1.524158/0155/R000000008
R000000021/1.371742/0155/R000000014
R000000020/1.524158/0198/R000000021
R000000022/8.700000/0000/Guesstimate
R000000020/9.666667/0198/R000000022
R000000019/9.888888/0155/R000000020
R000000018/4.452235/0274/R000000002/R000000019
R000000024/1.371742/0091/R000000003
R000000025/1.234568/0091/R000000004
R000000024/1.371742/0114/R000000025
R000000023/2.635269/0170/R000000024/R000000007
R000000018/4.621586/0275/R000000023/R000000020
R000000026/1.000000/0000/Guesstimate
R000000001/6.058039/0274/R000000018/R000000026
Q000000002/3.405835/0000/R000000027
R000000030/1.371742/0217/R000000003
R000000030/2.345679/0174/R000000004/R000000013
R000000029/1.524158/0041/R000000030
R000000029/1.524158/0233/R000000030
R000000028/3.065251/0274/R000000029/R000000009
R000000032/1.524158/0091/R000000030
R000000032/2.482853/0174/R000000025/R000000013
R000000031/1.693509/0041/R000000032
R000000031/1.693509/0091/R000000029
R000000034/1.111111/0198/R000000011
R000000034/1.111111/0198/R000000012
R000000033/2.345679/0112/R000000034/R000000013
R000000033/9.777779/0082/R000000035
R000000028/4.487987/0275/R000000031/R000000033
R000000027/3.405835/0041/R000000028
R000000038/2.606310/0274/R000000004/R000000009
R000000037/2.895900/0041/R000000038
R000000037/2.895900/0233/R000000038
R000000036/4.328778/0174/R000000037/R000000013
R000000041/1.000000/0000/Guesstimate
R000000042/1.000000/0000/Guesstimate
R000000040/2.222222/0004/R000000041/R000000042
R000000039/2.469136/0009/R000000040
R000000044/1.000000/0000/Guesstimate
R000000045/1.000000/0000/Guesstimate
R000000043/2.222222/0279/R000000044/R000000045
R000000043/2.222222/0279/R000000044/R000000045
R000000039/2.469136/0079/R000000043
R000000047/1.000000/0000/Guesstimate
R000000049/1.000000/0000/Guesstimate
R000000048/2.635269/0274/R000000049/R000000008
R000000050/1.000000/0000/Guesstimate
R000000048/9.400000/0275/R000000050/R000000016
R000000046/4.039188/0112/R000000047/R000000048
R000000052/1.000000/0000/Guesstimate
R000000051/4.039188/0112/R000000052/R000000048
R000000046/4.487987/0147/R000000051
R000000036/7.231471/0159/R000000039/R000000046
R000000027/4.809754/0041/R000000036
Q000000003/3.405835/0000/R000000053
R000000057/1.000000/0000/Guesstimate
R000000056/1.111111/0228/R000000057
R000000056/1.111111/0286/R000000057
R000000055/1.234568/0082/R000000056
R000000059/1.000000/0000/Guesstimate
R000000060/1.000000/0000/Guesstimate
R000000058/2.222222/0277/R000000059/R000000060
R000000061/1.000000/0000/Guesstimate
R000000058/2.222222/0301/R000000059/R000000061
R000000055/2.469136/0112/R000000058
R000000054/3.065251/0274/R000000029/R000000055
R000000063/1.111111/0198/R000000057
R000000063/2.345679/0274/R000000026/R000000056
R000000062/1.234568/0082/R000000063
R000000065/1.000000/0000/Guesstimate
R000000064/2.222222/0277/R000000065/R000000059
R000000064/3.580247/0274/R000000026/R000000058
R000000062/2.469136/0112/R000000064
R000000054/3.253419/0275/R000000031/R000000062
R000000053/3.405835/0147/R000000054
R000000069/1.000000/0000/Guesstimate
R000000068/2.222222/0274/R000000049/R000000069
R000000070/1.000000/0000/Guesstimate
R000000068/2.222222/0275/R000000050/R000000070
R000000067/3.580247/0112/R000000047/R000000068
R000000071/3.580247/0112/R000000052/R000000068
R000000067/3.978053/0147/R000000071
R000000066/6.721537/0159/R000000039/R000000067
R000000074/1.000000/0000/Guesstimate
R000000073/3.580247/0003/R000000074/R000000068
R000000073/3.978053/0147/R000000071
R000000075/1.000000/0000/Guesstimate
R000000072/5.089163/0012/R000000073/R000000075
R000000077/1.000000/0000/Guesstimate
R000000076/5.089163/0012/R000000073/R000000077
R000000076/5.089163/0285/R000000073/R000000077
R000000072/6.765737/0279/R000000076/R000000044
R000000078/1.000000/0000/Guesstimate
R000000066/6.765737/0159/R000000072/R000000078
R000000053/7.468375/0041/R000000066
<NEXT>