#
#  Reaction log file
#  Author: LigBuilder V3 User_Diana
#  Creation time: Tue Feb 24 21:30:44 2026
#  Format:
#  QueryMoleculeId/Cost/SynthesizeId/ReactantId1/ReactantId2/ReactantId3.....
#  Id prefix:
#  Q --- Query Molecule
#  M --- Material
#  R --- Reactant
#
Directory      result/synthesize_HsDHODH/11/DATABASE/
#
Q000000001/4.420059/0000/R000000001
R000000004/1.000000/0000/Guesstimate
R000000006/1.000000/0000/Guesstimate
R000000007/1.000000/0000/Guesstimate
R000000005/2.222222/0279/R000000006/R000000007
R000000005/2.222222/0279/R000000006/R000000007
R000000003/3.580247/0224/R000000004/R000000005
R000000009/1.000000/0000/Guesstimate
R000000008/3.580247/0224/R000000009/R000000005
R000000003/3.978053/0260/R000000008
R000000002/3.978053/0285/R000000003
R000000001/4.420059/0024/R000000002
R000000012/1.000000/0000/Guesstimate
R000000014/1.000000/0000/Guesstimate
R000000013/2.222222/0279/R000000006/R000000014
R000000013/2.469136/0024/R000000005
R000000011/3.580247/0224/R000000012/R000000013
R000000016/1.000000/0000/Guesstimate
R000000015/3.580247/0224/R000000016/R000000013
R000000011/3.978053/0260/R000000015
R000000010/3.978053/0285/R000000011
R000000001/4.420059/0024/R000000010
Q000000002/6.022288/0000/R000000017
R000000022/1.000000/0000/Guesstimate
R000000021/2.222222/0224/R000000004/R000000022
R000000024/1.000000/0000/Guesstimate
R000000023/2.222222/0224/R000000024/R000000022
R000000021/2.469136/0040/R000000023
R000000025/1.000000/0000/Guesstimate
R000000020/3.580247/0285/R000000021/R000000025
R000000019/3.978053/0279/R000000020
R000000019/3.978053/0279/R000000020
R000000018/4.420059/0293/R000000019
R000000028/1.000000/0000/Guesstimate
R000000029/1.000000/0000/Guesstimate
R000000027/2.222222/0012/R000000028/R000000029
R000000030/1.000000/0000/Guesstimate
R000000031/1.000000/0000/Guesstimate
R000000027/2.222222/0112/R000000030/R000000031
R000000026/4.938272/0279/R000000021/R000000027
R000000026/4.938272/0279/R000000021/R000000027
R000000018/5.486969/0285/R000000026
R000000032/1.000000/0000/Guesstimate
R000000017/6.022288/0122/R000000018/R000000032
R000000034/1.000000/0000/Guesstimate
R000000033/6.022288/0301/R000000018/R000000034
R000000037/1.000000/0000/Guesstimate
R000000036/5.531170/0003/R000000019/R000000037
R000000036/5.531170/0277/R000000019/R000000032
R000000035/6.145744/0041/R000000036
R000000039/1.000000/0000/Guesstimate
R000000038/5.531170/0112/R000000019/R000000039
R000000035/6.145744/0147/R000000038
R000000033/6.828605/0293/R000000035
R000000017/6.691431/0139/R000000033
Q000000003/9.343178/0000/R000000040
R000000043/4.911177/0091/R000000018
R000000044/1.000000/0000/Guesstimate
R000000042/6.567974/0301/R000000043/R000000044
R000000042/6.567974/0301/R000000043/R000000044
R000000045/1.000000/0000/Guesstimate
R000000041/8.408860/0276/R000000042/R000000045
R000000047/6.022288/0119/R000000018/R000000045
R000000047/6.022288/0280/R000000018/R000000045
R000000046/7.802542/0112/R000000047/R000000031
R000000048/7.802542/0119/R000000017/R000000045
R000000048/7.802542/0280/R000000017/R000000045
R000000046/8.669492/0082/R000000048
R000000041/8.669492/0147/R000000046
R000000040/9.343178/0024/R000000041
R000000050/1.000000/0000/Guesstimate
R000000049/8.408860/0174/R000000042/R000000050
R000000051/1.111111/0287/R000000050
R000000052/7.400000/0000/Guesstimate
R000000051/8.222222/0197/R000000052
R000000049/8.532317/0112/R000000042/R000000051
R000000040/9.343178/0025/R000000049
<NEXT>