#
#  Reaction log file
#  Author: LigBuilder V3 User_Diana
#  Creation time: Tue Feb 24 21:40:43 2026
#  Format:
#  QueryMoleculeId/Cost/SynthesizeId/ReactantId1/ReactantId2/ReactantId3.....
#  Id prefix:
#  Q --- Query Molecule
#  M --- Material
#  R --- Reactant
#
Directory      result/synthesize_HsDHODH/285/DATABASE/
#
Q000000001/5.683586/0000/R000000001
M000000005/1.000000/0000/Sigma_BB-308324471
R000000004/1.111111/0125/M000000005
R000000006/1.000000/0000/Guesstimate
R000000004/2.222222/0112/M000000005/R000000006
R000000003/1.234568/0041/R000000004
R000000003/1.234568/0233/R000000004
R000000009/1.000000/0000/Guesstimate
R000000010/1.000000/0000/Guesstimate
R000000008/2.222222/0279/R000000009/R000000010
R000000008/2.222222/0279/R000000009/R000000010
R000000007/2.469136/0279/R000000008
R000000011/2.222222/0279/R000000009/R000000010
R000000011/2.222222/0279/R000000009/R000000010
R000000007/2.469136/0279/R000000011
R000000002/4.115227/0231/R000000003/R000000007
M000000014/1.000000/0000/Sigma_BB-27944466
R000000013/1.111111/0114/M000000014
R000000013/1.371742/0155/R000000003
R000000012/3.978053/0231/R000000013/R000000007
R000000015/1.000000/0000/Guesstimate
R000000002/5.531170/0274/R000000012/R000000015
R000000016/1.000000/0000/Guesstimate
R000000001/5.683586/0004/R000000002/R000000016
R000000020/1.000000/0000/Guesstimate
R000000019/3.854596/0112/R000000007/R000000020
R000000018/4.282884/0147/R000000019
R000000021/3.854596/0004/R000000007/R000000016
R000000022/1.000000/0000/Guesstimate
R000000021/4.965707/0225/R000000007/R000000022/R000000015
R000000023/1.000000/0000/Guesstimate
R000000018/5.393995/0119/R000000021/R000000023
R000000017/6.130503/0231/R000000003/R000000018
R000000001/6.811670/0024/R000000017
Q000000002/5.791801/0000/R000000024
R000000027/1.000000/0000/Guesstimate
R000000026/1.111111/0125/R000000027
R000000026/2.222222/0112/R000000006/R000000027
R000000029/1.000000/0000/Guesstimate
M000000031/1.000000/0000/Sigma_BB-28775379
R000000032/1.000000/0000/Guesstimate
R000000030/2.222222/0003/M000000031/R000000032
M000000033/1.000000/0000/Sigma_BB-28510867
R000000034/1.000000/0000/Guesstimate
R000000030/2.222222/0122/M000000033/R000000034
R000000028/3.580247/0061/R000000029/R000000030
M000000036/1.000000/0000/Sigma_BB-30582398
R000000035/2.222222/0212/M000000036/M000000031
R000000035/2.222222/0212/M000000036/M000000031
R000000028/3.580247/0062/R000000029/R000000035
R000000025/5.212621/0159/R000000026/R000000028
R000000024/5.791801/0041/R000000025
M000000040/1.000000/0000/Sigma_BB-243340990
R000000041/1.000000/0000/Guesstimate
R000000039/2.222222/0112/M000000040/R000000041
M000000042/1.000000/0000/Sigma_BB-137889452
R000000039/2.345679/0159/R000000026/M000000042
R000000038/2.469136/0041/R000000039
R000000044/1.000000/0000/Guesstimate
R000000043/2.482853/0231/R000000003/R000000044
R000000038/2.758726/0082/R000000043
R000000047/1.000000/0000/Guesstimate
R000000046/1.111111/0040/R000000047
R000000048/1.000000/0000/Guesstimate
R000000046/2.222222/0004/R000000048/R000000016
R000000049/1.000000/0000/Guesstimate
R000000045/2.345679/0003/R000000046/R000000049
R000000050/2.222222/0001/R000000016/R000000049
R000000051/1.000000/0000/Guesstimate
R000000050/2.222222/0003/R000000051/R000000049
R000000045/3.580247/0001/R000000050/R000000016
R000000037/5.349795/0061/R000000038/R000000045
R000000054/1.000000/0000/Guesstimate
R000000053/2.345679/0232/R000000004/R000000054
R000000053/2.469136/0233/R000000039
R000000052/2.606310/0041/R000000053
R000000055/9.000000/0000/Guesstimate
R000000052/10.000000/0155/R000000055
R000000037/5.502210/0062/R000000052/R000000045
R000000024/5.944217/0147/R000000037
Q000000003/5.791801/0000/R000000024
<NEXT>