#
#  Reaction log file
#  Author: LigBuilder V3 User_Diana
#  Creation time: Tue Feb 24 21:39:12 2026
#  Format:
#  QueryMoleculeId/Cost/SynthesizeId/ReactantId1/ReactantId2/ReactantId3.....
#  Id prefix:
#  Q --- Query Molecule
#  M --- Material
#  R --- Reactant
#
Directory      result/synthesize_HsDHODH/257/DATABASE/
#
Q000000001/6.096632/0000/R000000001
R000000005/1.000000/0000/Guesstimate
R000000006/1.000000/0000/Guesstimate
R000000004/2.222222/0285/R000000005/R000000006
R000000003/2.469136/0279/R000000004
R000000003/2.469136/0279/R000000004
M000000009/1.000000/0000/Sigma_BB-28753226
R000000010/1.000000/0000/Guesstimate
R000000008/2.222222/0112/M000000009/R000000010
M000000011/1.000000/0000/Sigma_BB-187814628
R000000012/1.000000/0000/Guesstimate
R000000008/2.222222/0112/M000000011/R000000012
R000000007/2.469136/0147/R000000008
M000000014/1.000000/0000/Sigma_BB-34437028
R000000013/2.222222/0175/M000000014/R000000012
R000000013/2.222222/0290/M000000014/R000000012
R000000007/2.469136/0153/R000000013
R000000002/5.486969/0231/R000000003/R000000007
R000000001/6.096632/0059/R000000002
R000000018/1.000000/0000/Guesstimate
R000000019/1.000000/0000/Guesstimate
R000000017/2.222222/0279/R000000018/R000000019
R000000017/2.222222/0279/R000000018/R000000019
R000000016/2.469136/0279/R000000017
R000000020/2.222222/0279/R000000018/R000000019
R000000020/2.222222/0279/R000000018/R000000019
R000000016/2.469136/0279/R000000020
R000000015/5.486969/0231/R000000016/R000000007
R000000021/1.000000/0000/Guesstimate
R000000001/7.207744/0095/R000000015/R000000021
Q000000002/6.096632/0000/R000000001
Q000000003/7.807076/0000/R000000022
M000000025/1.000000/0000/Sigma_BB-34437027
R000000024/3.854596/0231/R000000003/M000000025
R000000026/3.580247/0231/R000000004/M000000025
R000000024/3.978053/0279/R000000026
M000000029/1.000000/0000/Sigma_BB-29464565
R000000030/1.000000/0000/Guesstimate
R000000028/2.222222/0169/M000000029/R000000030
R000000031/1.000000/0000/Guesstimate
R000000028/2.222222/0275/M000000029/R000000031
R000000027/2.469136/0091/R000000028
R000000033/1.111111/0091/M000000029
R000000034/1.000000/0000/Guesstimate
R000000035/1.000000/0000/Guesstimate
R000000033/2.222222/0018/R000000034/R000000035
R000000036/1.000000/0000/Guesstimate
R000000032/2.345679/0275/R000000033/R000000036
R000000037/1.000000/0000/Guesstimate
R000000032/2.345679/0282/R000000033/R000000037
R000000027/2.606310/0147/R000000032
R000000023/7.026369/0175/R000000024/R000000027
R000000039/2.345679/0175/M000000025/R000000033
R000000039/2.345679/0290/M000000025/R000000033
R000000038/5.349795/0231/R000000003/R000000039
R000000038/5.517452/0175/R000000024/R000000033
R000000023/7.055328/0169/R000000038/R000000030
R000000022/7.807076/0059/R000000023
R000000041/3.854596/0231/R000000016/M000000025
R000000042/3.580247/0231/R000000020/M000000025
R000000041/3.978053/0279/R000000042
R000000040/7.026369/0175/R000000041/R000000027
R000000043/5.349795/0231/R000000016/R000000039
R000000043/5.517452/0175/R000000041/R000000033
R000000040/7.055328/0169/R000000043/R000000030
R000000022/8.918188/0095/R000000040/R000000021
<NEXT>