#
#  Reaction log file
#  Author: LigBuilder V3 User_Diana
#  Creation time: Tue Feb 24 21:36:24 2026
#  Format:
#  QueryMoleculeId/Cost/SynthesizeId/ReactantId1/ReactantId2/ReactantId3.....
#  Id prefix:
#  Q --- Query Molecule
#  M --- Material
#  R --- Reactant
#
Directory      result/synthesize_HsDHODH/185/DATABASE/
#
Q000000001/8.693347/0000/R000000001
R000000007/1.000000/0000/Guesstimate
R000000006/1.111111/0118/R000000007
R000000008/1.000000/0000/Guesstimate
R000000006/2.222222/0112/R000000007/R000000008
R000000010/1.000000/0000/Guesstimate
R000000011/1.000000/0000/Guesstimate
R000000009/2.222222/0001/R000000010/R000000011
R000000012/1.000000/0000/Guesstimate
R000000009/2.222222/0003/R000000011/R000000012
R000000005/3.703704/0081/R000000006/R000000009
R000000014/1.000000/0000/Guesstimate
R000000013/1.111111/0118/R000000014
R000000013/2.222222/0112/R000000014/R000000008
R000000005/3.703704/0210/R000000013/R000000009
R000000004/4.115227/0093/R000000005
R000000015/4.115227/0197/R000000005
R000000004/5.683586/0004/R000000015/R000000010
R000000003/4.572474/0085/R000000004
R000000016/1.000000/0000/Guesstimate
R000000003/5.683586/0004/R000000015/R000000016
R000000019/1.000000/0000/Guesstimate
R000000020/1.000000/0000/Guesstimate
R000000018/2.222222/0224/R000000019/R000000020
R000000021/1.000000/0000/Guesstimate
R000000025/1.000000/0000/Guesstimate
R000000026/1.000000/0000/Guesstimate
R000000024/2.222222/0224/R000000025/R000000026
M000000028/1.000000/0000/Sigma_BB-28764950
R000000027/1.111111/0197/M000000028
R000000023/3.703704/0212/R000000024/R000000027
R000000023/3.703704/0212/R000000024/R000000027
R000000022/4.115227/0028/R000000023
M000000031/1.000000/0000/Sigma_BB-28830366
R000000030/1.111111/0085/M000000031
R000000029/3.703704/0212/R000000024/R000000030
R000000029/3.703704/0212/R000000024/R000000030
R000000022/4.115227/0028/R000000029
R000000018/5.683586/0122/R000000021/R000000022
R000000017/2.469136/0082/R000000018
R000000032/5.683586/0004/R000000011/R000000022
R000000032/5.683586/0277/R000000011/R000000022
R000000017/6.315095/0009/R000000032
R000000002/7.824012/0049/R000000003/R000000017
R000000002/8.687701/0003/R000000005/R000000022
R000000001/8.693347/0024/R000000002
R000000035/1.000000/0000/Guesstimate
R000000034/3.580247/0081/R000000035/R000000009
R000000037/1.000000/0000/Guesstimate
R000000036/3.580247/0081/R000000037/R000000009
R000000038/1.000000/0000/Guesstimate
R000000036/3.580247/0210/R000000038/R000000009
R000000034/3.978053/0082/R000000036
R000000033/3.978053/0040/R000000034
R000000033/4.115227/0024/R000000005
R000000001/8.992533/0003/R000000033/R000000022
Q000000002/5.944217/0000/R000000039
R000000043/1.000000/0000/Guesstimate
R000000042/1.111111/0198/R000000043
R000000042/1.111111/0298/R000000043
R000000041/1.234568/0155/R000000042
R000000044/8.900000/0000/Guesstimate
R000000041/9.888888/0147/R000000044
R000000040/1.371742/0155/R000000041
R000000045/1.234568/0155/R000000042
R000000045/9.888888/0147/R000000046
R000000040/1.371742/0155/R000000045
R000000039/5.944217/0003/R000000033/R000000040
R000000047/5.639385/0003/R000000005/R000000040
R000000049/2.635269/0004/R000000011/R000000040
R000000049/2.635269/0277/R000000011/R000000040
R000000048/2.928077/0009/R000000049
R000000050/2.635269/0122/R000000021/R000000040
R000000048/2.928077/0082/R000000050
R000000047/8.333946/0049/R000000003/R000000048
R000000039/6.265983/0024/R000000047
Q000000003/5.944217/0000/R000000039
<NEXT>