#
#  Reaction log file
#  Author: LigBuilder V3 User_Diana
#  Creation time: Tue Feb 24 21:34:55 2026
#  Format:
#  QueryMoleculeId/Cost/SynthesizeId/ReactantId1/ReactantId2/ReactantId3.....
#  Id prefix:
#  Q --- Query Molecule
#  M --- Material
#  R --- Reactant
#
Directory      result/synthesize_HsDHODH/149/DATABASE/
#
Q000000001/4.159427/0000/R000000001
M000000005/1.000000/0000/Sigma_BB-28777424
R000000004/1.111111/0287/M000000005
R000000007/1.000000/0000/Guesstimate
R000000006/1.111111/0288/R000000007
R000000008/9.900000/0000/Guesstimate
R000000006/9.900000/0198/R000000008
R000000003/2.469136/0301/R000000004/R000000006
R000000003/2.469136/0301/R000000004/R000000006
R000000002/2.743484/0295/R000000003
R000000009/1.000000/0000/Guesstimate
R000000001/4.159427/0122/R000000002/R000000009
R000000011/1.000000/0000/Guesstimate
R000000010/4.159427/0122/R000000002/R000000011
R000000010/4.159427/0122/R000000002/R000000011
R000000001/4.621586/0153/R000000010
Q000000002/3.387018/0000/R000000012
R000000013/3.048316/0118/R000000002
R000000014/1.000000/0000/Guesstimate
R000000013/4.159427/0112/R000000002/R000000014
R000000012/3.387018/0041/R000000013
M000000018/1.000000/0000/Sigma_BB-28840390
R000000017/1.111111/0104/M000000018
R000000017/1.111111/0104/M000000018
R000000016/1.234568/0293/R000000017
R000000016/1.234568/0293/R000000017
R000000021/1.000000/0000/Guesstimate
R000000020/2.345679/0004/R000000021/R000000006
R000000022/1.000000/0000/Guesstimate
R000000023/1.000000/0000/Guesstimate
R000000020/3.456790/0225/R000000006/R000000022/R000000023
R000000019/2.606310/0295/R000000020
R000000015/4.267642/0212/R000000016/R000000019
R000000015/4.267642/0212/R000000016/R000000019
R000000012/4.741825/0160/R000000015
Q000000003/3.387018/0000/R000000012
<NEXT>