#
#  Reaction log file
#  Author: LigBuilder V3 User_Diana
#  Creation time: Tue Feb 24 21:36:08 2026
#  Format:
#  QueryMoleculeId/Cost/SynthesizeId/ReactantId1/ReactantId2/ReactantId3.....
#  Id prefix:
#  Q --- Query Molecule
#  M --- Material
#  R --- Reactant
#
Directory      result/synthesize_HsDHODH/179/DATABASE/
#
Q000000001/7.468375/0000/R000000001
R000000005/1.000000/0000/Guesstimate
M000000006/1.000000/0000/Sigma_BB-30407107
R000000004/2.222222/0274/R000000005/M000000006
M000000007/1.000000/0000/Sigma_BB-28782701
R000000008/1.000000/0000/Guesstimate
R000000004/2.222222/0274/M000000007/R000000008
R000000003/2.469136/0009/R000000004
R000000010/1.000000/0000/Guesstimate
R000000009/2.222222/0274/R000000010/R000000008
R000000011/1.000000/0000/Guesstimate
R000000009/2.222222/0274/R000000005/R000000011
R000000003/2.469136/0079/R000000009
R000000013/1.000000/0000/Guesstimate
R000000015/1.000000/0000/Guesstimate
R000000016/1.000000/0000/Guesstimate
R000000014/2.222222/0003/R000000015/R000000016
R000000012/3.580247/0012/R000000013/R000000014
R000000017/1.000000/0000/Guesstimate
R000000019/1.000000/0000/Guesstimate
R000000018/3.580247/0012/R000000014/R000000019
R000000018/3.580247/0285/R000000014/R000000019
R000000012/5.089163/0279/R000000017/R000000018
R000000002/6.721537/0159/R000000003/R000000012
R000000022/1.000000/0000/Guesstimate
R000000021/2.222222/0274/R000000022/R000000008
R000000020/2.469136/0125/R000000021
R000000023/1.000000/0000/Guesstimate
R000000020/3.580247/0112/R000000021/R000000023
R000000026/1.000000/0000/Guesstimate
R000000025/2.222222/0004/R000000026/R000000016
R000000024/3.580247/0049/R000000019/R000000025
R000000027/3.978053/0147/R000000018
R000000024/4.420059/0082/R000000027
R000000002/6.721537/0159/R000000020/R000000024
R000000001/7.468375/0059/R000000002
R000000028/1.000000/0000/Guesstimate
R000000001/8.579486/0224/R000000002/R000000028
Q000000002/7.468375/0000/R000000001
Q000000003/7.468375/0000/R000000029
R000000033/1.000000/0000/Guesstimate
R000000034/1.000000/0000/Guesstimate
R000000032/2.222222/0004/R000000033/R000000034
M000000035/1.000000/0000/Sigma_BB-137970237
M000000036/1.000000/0000/Sigma_BB-28778979
R000000032/2.222222/0212/M000000035/M000000036
R000000031/2.469136/0009/R000000032
R000000039/1.000000/0000/Guesstimate
R000000038/1.111111/0288/R000000039
R000000040/1.000000/0000/Guesstimate
R000000037/2.345679/0274/R000000038/R000000040
R000000041/1.000000/0000/Guesstimate
R000000043/1.111111/0288/R000000039
R000000042/1.234568/0155/R000000043
R000000042/1.234568/0155/R000000038
R000000037/2.482853/0274/R000000041/R000000042
R000000031/2.606310/0028/R000000037
R000000030/6.721537/0159/R000000031/R000000012
R000000045/1.000000/0000/Guesstimate
R000000044/5.089163/0159/R000000045/R000000012
R000000046/5.089163/0159/R000000041/R000000012
R000000047/1.000000/0000/Guesstimate
R000000044/6.765737/0274/R000000046/R000000047
R000000048/1.000000/0000/Guesstimate
R000000030/6.765737/0122/R000000044/R000000048
R000000029/7.468375/0059/R000000030
R000000050/5.654626/0059/R000000046
R000000050/6.765737/0224/R000000046/R000000028
R000000049/7.654660/0274/R000000050/R000000042
R000000051/5.654626/0059/R000000044
R000000053/1.000000/0000/Guesstimate
R000000052/7.394029/0274/R000000050/R000000053
R000000051/8.215589/0155/R000000052
M000000056/1.000000/0000/Sigma_BB-28830366
R000000055/1.111111/0085/M000000056
R000000054/1.234568/0197/R000000055
R000000057/9.200000/0000/Guesstimate
R000000054/9.200000/0155/R000000057
R000000049/7.654660/0301/R000000051/R000000054
R000000029/8.505178/0028/R000000049
<NEXT>