#
#  Reaction log file
#  Author: LigBuilder V3 User_Diana
#  Creation time: Tue Feb 24 21:36:56 2026
#  Format:
#  QueryMoleculeId/Cost/SynthesizeId/ReactantId1/ReactantId2/ReactantId3.....
#  Id prefix:
#  Q --- Query Molecule
#  M --- Material
#  R --- Reactant
#
Directory      result/synthesize_HsDHODH/207/DATABASE/
#
Q000000001/Analysis Failed
Q000000002/4.130468/0000/R000000001
M000000005/1.000000/0000/Sigma_BB-249437666
R000000004/1.111111/0125/M000000005
R000000006/1.000000/0000/Guesstimate
R000000004/2.222222/0112/M000000005/R000000006
R000000007/1.000000/0000/Guesstimate
R000000003/2.345679/0012/R000000004/R000000007
R000000009/1.000000/0000/Guesstimate
R000000008/2.345679/0138/R000000004/R000000009
R000000003/2.606310/0099/R000000008
R000000010/1.000000/0000/Guesstimate
R000000002/3.717421/0049/R000000003/R000000010
M000000013/1.000000/0000/Sigma_BB-249437538
R000000014/1.000000/0000/Guesstimate
R000000012/2.222222/0003/M000000013/R000000014
R000000015/1.000000/0000/Guesstimate
R000000011/3.580247/0122/R000000012/R000000015
R000000011/3.580247/0122/R000000012/R000000015
R000000002/3.978053/0059/R000000011
R000000001/4.130468/0059/R000000002
M000000019/1.000000/0000/Sigma_BB-249436391
R000000020/1.000000/0000/Guesstimate
R000000018/2.222222/0003/M000000019/R000000020
R000000017/2.469136/0099/R000000018
M000000022/1.000000/0000/Sigma_BB-245059459
M000000023/1.000000/0000/Sigma_BB-28424180
R000000021/2.222222/0003/M000000022/M000000023
R000000017/2.469136/0099/R000000021
R000000016/3.854596/0112/R000000017/R000000006
R000000016/3.978053/0059/R000000011
R000000001/4.282884/0059/R000000016
Q000000003/3.048316/0000/R000000024
M000000028/1.000000/0000/Sigma_BB-48919322
R000000029/1.000000/0000/Guesstimate
R000000027/2.222222/0056/M000000028/R000000029
R000000026/2.469136/0155/R000000027
R000000025/2.743484/0090/R000000026
R000000031/1.000000/0000/Guesstimate
R000000030/3.580247/0122/R000000012/R000000031
R000000033/1.000000/0000/Guesstimate
R000000032/3.580247/0122/R000000012/R000000033
R000000032/3.580247/0122/R000000012/R000000033
R000000030/3.978053/0082/R000000032
R000000025/3.978053/0059/R000000030
R000000024/3.048316/0059/R000000025
R000000034/3.978053/0059/R000000030
R000000036/2.222222/0003/M000000005/R000000014
R000000036/2.345679/0049/R000000004/R000000010
R000000035/3.580247/0122/R000000036/R000000033
R000000035/3.978053/0059/R000000032
R000000034/3.978053/0082/R000000035
R000000024/4.420059/0059/R000000034
<NEXT>