#
#  Reaction log file
#  Author: LigBuilder V3 User_Diana
#  Creation time: Tue Feb 24 21:40:28 2026
#  Format:
#  QueryMoleculeId/Cost/SynthesizeId/ReactantId1/ReactantId2/ReactantId3.....
#  Id prefix:
#  Q --- Query Molecule
#  M --- Material
#  R --- Reactant
#
Directory      result/synthesize_HsDHODH/287/DATABASE/
#
Q000000001/4.572474/0000/R000000001
M000000005/1.000000/0000/Sigma_BB-243161916
R000000004/1.111111/0299/M000000005
R000000003/1.234568/0165/R000000004
R000000006/1.000000/0000/Guesstimate
M000000007/1.000000/0000/Sigma_BB-27556005
R000000003/2.222222/0159/R000000006/M000000007
M000000010/1.000000/0000/Sigma_BB-30414215
R000000011/1.000000/0000/Guesstimate
R000000009/2.222222/0170/M000000010/R000000011
R000000008/2.469136/0147/R000000009
R000000013/1.000000/0000/Guesstimate
R000000012/2.222222/0170/M000000010/R000000013
R000000008/2.469136/0147/R000000012
R000000002/4.115227/0142/R000000003/R000000008
R000000015/1.371742/0040/R000000003
R000000014/1.524158/0153/R000000015
R000000014/1.524158/0153/R000000015
R000000018/1.000000/0000/Guesstimate
R000000017/3.580247/0285/R000000018/R000000009
R000000016/3.978053/0147/R000000017
R000000019/3.580247/0285/R000000018/R000000012
R000000016/3.978053/0147/R000000019
R000000002/6.113567/0231/R000000014/R000000016
R000000001/4.572474/0294/R000000002
R000000023/1.000000/0000/Guesstimate
R000000024/1.000000/0000/Guesstimate
R000000022/2.222222/0274/R000000023/R000000024
R000000025/1.000000/0000/Guesstimate
R000000026/1.000000/0000/Guesstimate
R000000022/2.222222/0275/R000000025/R000000026
R000000027/1.000000/0000/Guesstimate
R000000021/3.580247/0170/R000000022/R000000027
R000000029/1.000000/0000/Guesstimate
R000000028/2.222222/0274/R000000023/R000000029
R000000028/2.469136/0156/R000000022
R000000030/1.000000/0000/Guesstimate
R000000021/3.580247/0170/R000000028/R000000030
R000000020/5.671562/0231/R000000014/R000000021
R000000031/2.804620/0231/R000000014/R000000023
R000000033/1.000000/0000/Guesstimate
R000000032/2.804620/0231/R000000014/R000000033
R000000034/1.000000/0000/Guesstimate
R000000031/4.227355/0279/R000000032/R000000034
R000000037/1.000000/0000/Guesstimate
R000000038/1.000000/0000/Guesstimate
R000000036/2.222222/0003/R000000037/R000000038
M000000039/1.000000/0000/Sigma_BB-27262260
R000000040/1.000000/0000/Guesstimate
R000000036/2.222222/0112/M000000039/R000000040
R000000035/2.469136/0147/R000000036
R000000042/1.000000/0000/Guesstimate
R000000041/2.222222/0112/R000000037/R000000042
R000000043/1.000000/0000/Guesstimate
R000000041/2.222222/0170/R000000029/R000000043
R000000035/2.469136/0147/R000000041
R000000020/5.859729/0274/R000000031/R000000035
R000000001/6.301735/0294/R000000020
Q000000002/4.572474/0000/R000000001
Q000000003/4.130468/0000/R000000044
M000000048/1.000000/0000/Sigma_BB-161564803
R000000047/1.111111/0299/M000000048
R000000049/1.000000/0000/Guesstimate
R000000046/2.345679/0274/R000000047/R000000049
R000000050/1.000000/0000/Guesstimate
R000000046/2.345679/0282/R000000047/R000000050
R000000051/1.000000/0000/Guesstimate
R000000045/3.717421/0175/R000000046/R000000051
R000000052/2.345679/0175/R000000047/R000000051
R000000053/2.345679/0174/R000000047/R000000051
R000000053/2.345679/0289/R000000047/R000000051
R000000052/2.606310/0147/R000000053
R000000045/3.717421/0274/R000000052/R000000049
R000000044/4.130468/0041/R000000045
R000000056/2.606310/0287/R000000046
R000000055/2.895900/0041/R000000056
R000000055/2.895900/0233/R000000056
R000000054/4.328778/0112/R000000055/R000000051
R000000058/2.895900/0125/R000000056
R000000058/4.007011/0112/R000000056/R000000040
R000000057/3.217667/0041/R000000058
R000000057/4.328778/0112/R000000055/R000000040
R000000059/1.000000/0000/Guesstimate
R000000054/4.686297/0138/R000000057/R000000059
R000000044/4.809754/0147/R000000054
<NEXT>