#
#  Reaction log file
#  Author: LigBuilder V3 User_Diana
#  Creation time: Tue Feb 24 21:32:05 2026
#  Format:
#  QueryMoleculeId/Cost/SynthesizeId/ReactantId1/ReactantId2/ReactantId3.....
#  Id prefix:
#  Q --- Query Molecule
#  M --- Material
#  R --- Reactant
#
Directory      result/synthesize_HsDHODH/53/DATABASE/
#
Q000000001/2.469136/0000/R000000001
M000000003/1.000000/0000/Sigma_BB-102140829
R000000004/1.000000/0000/Guesstimate
R000000002/2.222222/0119/M000000003/R000000004
M000000007/1.000000/0000/Sigma_BB-28494105
R000000008/1.000000/0000/Guesstimate
R000000006/2.222222/0119/M000000007/R000000008
M000000009/1.000000/0000/Sigma_BB-156333960
R000000006/2.222222/0221/M000000009/R000000008
R000000005/2.469136/0039/R000000006
M000000011/1.000000/0000/Sigma_BB-34437028
R000000010/2.222222/0119/M000000011/R000000004
M000000012/1.000000/0000/Sigma_BB-27092617
R000000013/1.000000/0000/Guesstimate
R000000010/2.222222/0119/M000000012/R000000013
R000000005/2.469136/0114/R000000010
R000000014/1.000000/0000/Guesstimate
R000000002/3.854596/0122/R000000005/R000000014
R000000001/2.469136/0024/R000000002
R000000016/1.000000/0000/Guesstimate
R000000015/2.222222/0119/M000000003/R000000016
M000000019/1.000000/0000/Sigma_BB-27088650
R000000018/1.111111/0155/M000000019
R000000018/2.222222/0119/M000000011/R000000016
R000000017/1.234568/0114/R000000018
R000000017/2.222222/0119/M000000007/R000000016
R000000015/2.482853/0122/R000000017/R000000014
R000000020/1.000000/0000/Guesstimate
R000000001/3.580247/0004/R000000015/R000000020
Q000000002/5.654626/0000/R000000021
R000000025/1.000000/0000/Guesstimate
R000000026/1.000000/0000/Guesstimate
R000000024/2.222222/0277/R000000025/R000000026
R000000027/1.000000/0000/Guesstimate
R000000024/2.222222/0301/R000000027/R000000026
R000000023/3.580247/0175/M000000011/R000000024
R000000029/1.000000/0000/Guesstimate
R000000028/2.222222/0012/R000000014/R000000029
R000000030/1.000000/0000/Guesstimate
R000000031/1.000000/0000/Guesstimate
R000000028/2.222222/0112/R000000030/R000000031
R000000033/1.000000/0000/Guesstimate
R000000034/1.000000/0000/Guesstimate
R000000032/2.222222/0011/R000000033/R000000034
R000000036/1.000000/0000/Guesstimate
R000000035/1.111111/0198/R000000036
R000000037/1.000000/0000/Guesstimate
M000000038/1.000000/0000/Sigma_BB-28776642
R000000035/2.222222/0212/R000000037/M000000038
R000000032/2.345679/0003/R000000020/R000000035
R000000023/4.938272/0159/R000000028/R000000032
R000000022/5.089163/0119/R000000023/R000000004
R000000041/1.000000/0000/Guesstimate
R000000042/1.000000/0000/Guesstimate
R000000040/2.222222/0224/R000000041/R000000042
R000000039/3.580247/0012/R000000014/R000000040
R000000044/1.000000/0000/Guesstimate
R000000043/3.580247/0285/R000000044/R000000040
R000000039/3.978053/0079/R000000043
R000000022/6.447188/0159/R000000039/R000000032
R000000021/5.654626/0024/R000000022
M000000048/1.000000/0000/Sigma_BB-128642270
R000000047/2.222222/0119/M000000048/R000000016
M000000049/1.000000/0000/Sigma_BB-28775296
R000000047/2.222222/0221/M000000049/R000000016
R000000046/3.703704/0112/R000000047/R000000035
M000000051/1.000000/0000/Sigma_BB-29651244
R000000050/1.111111/0155/M000000051
M000000052/1.000000/0000/Sigma_BB-156331499
R000000050/2.222222/0119/M000000052/R000000016
R000000046/3.703704/0112/R000000050/R000000024
R000000045/4.115227/0147/R000000046
R000000045/5.089163/0119/R000000023/R000000016
R000000021/5.683586/0004/R000000045/R000000020
Q000000003/5.393995/0000/R000000053
M000000057/1.000000/0000/Sigma_BB-27951848
R000000056/2.222222/0221/M000000057/R000000016
R000000055/2.469136/0155/R000000056
M000000059/1.000000/0000/Sigma_BB-27423094
R000000058/2.222222/0221/M000000059/R000000016
R000000060/1.000000/0000/Guesstimate
R000000055/3.580247/0170/R000000058/R000000060
R000000054/3.854596/0122/R000000055/R000000014
M000000063/1.000000/0000/Sigma_BB-28760247
R000000064/1.000000/0000/Guesstimate
R000000062/2.222222/0232/M000000063/R000000064
R000000061/3.580247/0170/R000000062/R000000060
R000000066/1.000000/0000/Guesstimate
R000000065/2.222222/0226/R000000066/R000000060
R000000067/1.000000/0000/Guesstimate
R000000065/2.222222/0277/R000000066/R000000067
R000000061/4.938272/0159/R000000028/R000000065
R000000054/5.089163/0119/R000000061/R000000016
R000000053/5.393995/0004/R000000054/R000000020
R000000068/5.089163/0119/R000000061/R000000004
R000000068/6.447188/0159/R000000039/R000000065
R000000053/5.654626/0024/R000000068
<NEXT>