#
#  Reaction log file
#  Author: LigBuilder V3 User_Diana
#  Creation time: Tue Feb 24 21:38:27 2026
#  Format:
#  QueryMoleculeId/Cost/SynthesizeId/ReactantId1/ReactantId2/ReactantId3.....
#  Id prefix:
#  Q --- Query Molecule
#  M --- Material
#  R --- Reactant
#
Directory      result/synthesize_HsDHODH/246/DATABASE/
#
Q000000001/Analysis Failed
Q000000002/5.654626/0000/R000000001
M000000003/1.000000/0000/Sigma_BB-27441613
R000000005/1.000000/0000/Guesstimate
R000000007/1.000000/0000/Guesstimate
R000000008/1.000000/0000/Guesstimate
R000000006/2.222222/0003/R000000007/R000000008
R000000004/3.580247/0012/R000000005/R000000006
R000000009/1.000000/0000/Guesstimate
R000000011/1.000000/0000/Guesstimate
R000000010/3.580247/0012/R000000006/R000000011
R000000010/3.580247/0285/R000000006/R000000011
R000000004/5.089163/0279/R000000009/R000000010
R000000002/5.089163/0159/M000000003/R000000004
R000000001/5.654626/0041/R000000002
R000000001/5.654626/0233/R000000002
Q000000003/7.163543/0000/R000000012
R000000015/1.000000/0000/Guesstimate
R000000017/1.000000/0000/Guesstimate
R000000018/1.000000/0000/Guesstimate
R000000016/2.222222/0277/R000000017/R000000018
R000000019/1.000000/0000/Guesstimate
R000000020/1.000000/0000/Guesstimate
R000000016/2.222222/0277/R000000019/R000000020
R000000014/3.580247/0081/R000000015/R000000016
R000000025/1.000000/0000/Guesstimate
R000000026/1.000000/0000/Guesstimate
R000000024/2.222222/0285/R000000025/R000000026
R000000023/2.469136/0279/R000000024
R000000023/2.469136/0279/R000000024
R000000022/2.743484/0024/R000000023
R000000029/1.000000/0000/Guesstimate
R000000030/1.000000/0000/Guesstimate
R000000028/2.222222/0279/R000000029/R000000030
R000000028/2.222222/0279/R000000029/R000000030
R000000027/2.469136/0279/R000000028
R000000031/2.222222/0279/R000000029/R000000030
R000000031/2.222222/0279/R000000029/R000000030
R000000027/2.469136/0279/R000000031
R000000022/2.743484/0040/R000000027
R000000032/1.000000/0000/Guesstimate
R000000021/4.159427/0112/R000000022/R000000032
R000000014/4.621586/0147/R000000021
R000000013/3.978053/0024/R000000014
R000000033/1.000000/0000/Guesstimate
R000000013/4.159427/0004/R000000022/R000000033
R000000036/1.000000/0000/Guesstimate
R000000037/1.000000/0000/Guesstimate
R000000035/2.222222/0276/R000000036/R000000037
R000000035/2.222222/0278/R000000036/R000000037
R000000034/2.469136/0275/R000000035
R000000038/2.222222/0275/R000000036/R000000037
R000000034/2.469136/0276/R000000038
R000000012/7.163543/0004/R000000013/R000000034
R000000039/3.854596/0004/R000000033/R000000034
R000000041/3.854596/0112/R000000032/R000000034
R000000040/4.282884/0147/R000000041
R000000043/1.000000/0000/Guesstimate
R000000042/3.854596/0003/R000000043/R000000034
R000000040/4.282884/0153/R000000042
R000000039/4.758760/0024/R000000040
R000000012/7.331201/0004/R000000022/R000000039
<NEXT>