#
#  Reaction log file
#  Author: LigBuilder V3 User_Diana
#  Creation time: Tue Feb 24 21:32:00 2026
#  Format:
#  QueryMoleculeId/Cost/SynthesizeId/ReactantId1/ReactantId2/ReactantId3.....
#  Id prefix:
#  Q --- Query Molecule
#  M --- Material
#  R --- Reactant
#
Directory      result/synthesize_HsDHODH/48/DATABASE/
#
Q000000001/5.654626/0000/R000000001
M000000004/1.000000/0000/Sigma_BB-34437028
R000000006/1.000000/0000/Guesstimate
R000000007/1.000000/0000/Guesstimate
R000000005/2.222222/0277/R000000006/R000000007
R000000008/1.000000/0000/Guesstimate
R000000005/2.222222/0301/R000000008/R000000007
R000000003/3.580247/0175/M000000004/R000000005
R000000010/1.000000/0000/Guesstimate
R000000011/1.000000/0000/Guesstimate
R000000009/2.222222/0012/R000000010/R000000011
R000000012/1.000000/0000/Guesstimate
R000000013/1.000000/0000/Guesstimate
R000000009/2.222222/0112/R000000012/R000000013
R000000015/1.000000/0000/Guesstimate
R000000016/1.000000/0000/Guesstimate
R000000014/2.222222/0011/R000000015/R000000016
R000000017/1.000000/0000/Guesstimate
R000000019/1.000000/0000/Guesstimate
R000000018/1.111111/0198/R000000019
R000000020/1.000000/0000/Guesstimate
M000000021/1.000000/0000/Sigma_BB-28776642
R000000018/2.222222/0212/R000000020/M000000021
R000000014/2.345679/0003/R000000017/R000000018
R000000003/4.938272/0159/R000000009/R000000014
R000000022/1.000000/0000/Guesstimate
R000000002/5.089163/0119/R000000003/R000000022
R000000025/1.000000/0000/Guesstimate
R000000026/1.000000/0000/Guesstimate
R000000024/2.222222/0224/R000000025/R000000026
R000000023/3.580247/0012/R000000010/R000000024
R000000028/1.000000/0000/Guesstimate
R000000027/3.580247/0285/R000000028/R000000024
R000000023/3.978053/0079/R000000027
R000000002/6.447188/0159/R000000023/R000000014
R000000001/5.654626/0024/R000000002
M000000032/1.000000/0000/Sigma_BB-128642270
R000000033/1.000000/0000/Guesstimate
R000000031/2.222222/0119/M000000032/R000000033
M000000034/1.000000/0000/Sigma_BB-28775296
R000000031/2.222222/0221/M000000034/R000000033
R000000030/3.703704/0112/R000000031/R000000018
M000000036/1.000000/0000/Sigma_BB-29651244
R000000035/1.111111/0155/M000000036
M000000037/1.000000/0000/Sigma_BB-156331499
R000000035/2.222222/0119/M000000037/R000000033
R000000030/3.703704/0112/R000000035/R000000005
R000000029/4.115227/0147/R000000030
R000000029/5.089163/0119/R000000003/R000000033
R000000001/5.683586/0004/R000000029/R000000017
Q000000002/5.654626/0000/R000000001
Q000000003/3.048316/0000/R000000038
M000000042/1.000000/0000/Sigma_BB-27117979
R000000041/1.111111/0125/M000000042
R000000041/2.222222/0112/M000000042/R000000012
R000000040/1.234568/0040/R000000041
M000000044/1.000000/0000/Sigma_BB-333196252
R000000045/1.000000/0000/Guesstimate
R000000043/2.222222/0175/M000000044/R000000045
R000000043/2.222222/0290/M000000044/R000000045
R000000040/2.469136/0024/R000000043
R000000048/1.000000/0000/Guesstimate
R000000047/1.111111/0228/R000000048
R000000047/1.111111/0286/R000000048
R000000046/1.234568/0039/R000000047
R000000050/1.000000/0000/Guesstimate
R000000049/1.111111/0040/R000000050
R000000051/1.000000/0000/Guesstimate
R000000049/2.222222/0004/R000000051/R000000017
R000000052/1.000000/0000/Guesstimate
R000000046/2.345679/0119/R000000049/R000000052
R000000039/2.743484/0119/R000000040/R000000046
R000000053/2.482853/0119/M000000004/R000000046
R000000054/2.345679/0119/M000000004/R000000047
R000000055/1.000000/0000/Guesstimate
R000000054/2.345679/0221/R000000055/R000000047
R000000053/2.606310/0039/R000000054
R000000039/3.869837/0175/R000000053/R000000045
R000000038/3.048316/0024/R000000039
R000000056/2.482853/0119/R000000040/R000000051
M000000059/1.000000/0000/Sigma_BB-28418531
R000000058/2.222222/0119/M000000059/R000000051
R000000058/2.222222/0221/M000000004/R000000051
R000000060/1.000000/0000/Guesstimate
R000000057/3.580247/0003/R000000058/R000000060
R000000061/2.222222/0119/M000000032/R000000051
R000000061/2.469136/0091/R000000058
R000000062/1.000000/0000/Guesstimate
R000000057/3.580247/0112/R000000061/R000000062
R000000056/3.978053/0147/R000000057
R000000038/3.869837/0004/R000000056/R000000017
<NEXT>