#
#  Reaction log file
#  Author: LigBuilder V3 User_Diana
#  Creation time: Tue Feb 24 21:32:06 2026
#  Format:
#  QueryMoleculeId/Cost/SynthesizeId/ReactantId1/ReactantId2/ReactantId3.....
#  Id prefix:
#  Q --- Query Molecule
#  M --- Material
#  R --- Reactant
#
Directory      result/synthesize_HsDHODH/44/DATABASE/
#
Q000000001/4.130468/0000/R000000001
M000000005/1.000000/0000/Sigma_BB-28766595
R000000004/1.111111/0288/M000000005
R000000006/1.000000/0000/Guesstimate
R000000003/2.345679/0122/R000000004/R000000006
R000000008/1.000000/0000/Guesstimate
R000000007/2.345679/0301/R000000004/R000000008
R000000007/2.345679/0301/R000000004/R000000008
R000000003/2.606310/0139/R000000007
R000000009/1.000000/0000/Guesstimate
R000000002/3.717421/0119/R000000003/R000000009
R000000012/1.000000/0000/Guesstimate
R000000013/1.000000/0000/Guesstimate
R000000011/2.222222/0224/R000000012/R000000013
R000000010/3.580247/0012/R000000006/R000000011
R000000015/1.000000/0000/Guesstimate
R000000014/3.580247/0285/R000000015/R000000011
R000000010/3.978053/0079/R000000014
R000000017/1.000000/0000/Guesstimate
R000000018/1.000000/0000/Guesstimate
R000000016/2.222222/0011/R000000017/R000000018
R000000020/1.000000/0000/Guesstimate
R000000021/1.000000/0000/Guesstimate
R000000019/2.222222/0049/R000000020/R000000021
R000000022/1.000000/0000/Guesstimate
R000000019/2.222222/0112/R000000015/R000000022
R000000016/2.469136/0041/R000000019
R000000002/6.447188/0159/R000000010/R000000016
R000000001/4.130468/0024/R000000002
R000000024/1.000000/0000/Guesstimate
R000000023/3.717421/0119/R000000003/R000000024
M000000027/1.000000/0000/Sigma_BB-28769443
R000000026/2.222222/0221/M000000027/R000000024
R000000028/1.000000/0000/Guesstimate
R000000025/3.580247/0049/R000000026/R000000028
M000000030/1.000000/0000/Sigma_BB-28906616
R000000029/2.222222/0221/M000000030/R000000024
R000000025/3.580247/0122/R000000029/R000000006
R000000023/3.978053/0041/R000000025
R000000031/1.000000/0000/Guesstimate
R000000001/5.241580/0004/R000000023/R000000031
Q000000002/4.130468/0000/R000000001
Q000000003/4.282884/0000/R000000032
M000000036/1.000000/0000/Sigma_BB-70370696
R000000037/1.000000/0000/Guesstimate
R000000035/2.222222/0301/M000000036/R000000037
R000000035/2.222222/0301/M000000036/R000000037
R000000034/2.469136/0024/R000000035
M000000039/1.000000/0000/Sigma_BB-28969004
R000000038/2.222222/0301/M000000039/R000000037
R000000038/2.222222/0301/M000000039/R000000037
R000000034/2.469136/0040/R000000038
R000000033/3.854596/0119/R000000034/R000000009
M000000042/1.000000/0000/Sigma_BB-34437028
R000000043/1.000000/0000/Guesstimate
R000000041/2.222222/0175/M000000042/R000000043
M000000044/1.000000/0000/Sigma_BB-28760247
R000000045/1.000000/0000/Guesstimate
R000000041/2.222222/0232/M000000044/R000000045
R000000040/3.580247/0119/R000000041/R000000009
M000000047/1.000000/0000/Sigma_BB-27092617
R000000046/2.222222/0175/M000000047/R000000043
R000000048/1.000000/0000/Guesstimate
R000000046/3.580247/0119/R000000041/R000000048
R000000049/1.000000/0000/Guesstimate
R000000040/3.580247/0119/R000000046/R000000049
R000000050/1.000000/0000/Guesstimate
R000000033/5.089163/0122/R000000040/R000000050
R000000032/4.282884/0024/R000000033
M000000054/1.000000/0000/Sigma_BB-28494105
R000000055/1.000000/0000/Guesstimate
R000000053/2.222222/0277/M000000054/R000000055
R000000052/3.580247/0119/R000000053/R000000024
M000000057/1.000000/0000/Sigma_BB-27088650
R000000056/1.111111/0155/M000000057
R000000056/2.222222/0119/M000000042/R000000024
R000000059/1.000000/0000/Guesstimate
R000000058/2.222222/0112/R000000043/R000000059
R000000052/3.703704/0175/R000000056/R000000058
R000000051/3.978053/0099/R000000052
M000000062/1.000000/0000/Sigma_BB-28764581
R000000061/2.222222/0221/M000000062/R000000024
R000000063/1.000000/0000/Guesstimate
R000000061/2.345679/0175/R000000056/R000000063
R000000064/1.000000/0000/Guesstimate
R000000060/3.580247/0011/R000000061/R000000064
M000000066/1.000000/0000/Sigma_BB-28519523
R000000065/2.222222/0221/M000000066/R000000024
R000000060/3.580247/0112/R000000065/R000000015
R000000051/3.978053/0099/R000000060
R000000032/5.531170/0004/R000000051/R000000031
<NEXT>