#
#  Reaction log file
#  Author: LigBuilder V3 User_Diana
#  Creation time: Tue Feb 24 21:35:45 2026
#  Format:
#  QueryMoleculeId/Cost/SynthesizeId/ReactantId1/ReactantId2/ReactantId3.....
#  Id prefix:
#  Q --- Query Molecule
#  M --- Material
#  R --- Reactant
#
Directory      result/synthesize_HsDHODH/173/DATABASE/
#
Q000000001/Analysis Failed
Q000000002/5.378754/0000/R000000001
M000000002/1.000000/0000/Sigma_BB-28789570
R000000005/1.000000/0000/Guesstimate
R000000006/1.000000/0000/Guesstimate
R000000004/2.222222/0004/R000000005/R000000006
R000000008/1.000000/0000/Guesstimate
R000000007/2.222222/0003/R000000008/R000000006
R000000004/2.469136/0040/R000000007
R000000011/1.000000/0000/Guesstimate
R000000010/1.111111/0245/R000000011
R000000010/1.111111/0245/R000000011
R000000009/1.234568/0295/R000000010
R000000003/3.840878/0004/R000000004/R000000009
R000000014/1.000000/0000/Guesstimate
R000000013/1.111111/0228/R000000014
R000000013/1.111111/0286/R000000014
R000000015/1.000000/0000/Guesstimate
R000000012/3.717422/0225/R000000013/R000000009/R000000015
R000000012/3.717422/0225/R000000013/R000000009/R000000015
R000000003/4.130468/0188/R000000012
R000000001/5.378754/0003/M000000002/R000000003
M000000016/1.000000/0000/Sigma_BB-28778167
R000000018/1.000000/0000/Guesstimate
R000000021/1.371742/0125/R000000009
R000000022/1.000000/0000/Guesstimate
R000000021/2.482853/0112/R000000022/R000000009
R000000020/2.635269/0256/R000000021/R000000006
R000000019/2.928077/0155/R000000020
R000000017/4.364530/0004/R000000018/R000000019
M000000025/1.000000/0000/Sigma_BB-28524129
R000000024/1.111111/0085/M000000025
R000000026/1.000000/0000/Guesstimate
R000000024/2.222222/0004/R000000018/R000000026
R000000023/5.502211/0212/R000000024/R000000003
R000000023/5.502211/0212/R000000024/R000000003
R000000017/6.113568/0024/R000000023
R000000001/5.960589/0049/M000000016/R000000017
Q000000003/5.791801/0000/R000000027
R000000031/1.000000/0000/Guesstimate
R000000032/1.000000/0000/Guesstimate
R000000030/2.222222/0112/R000000031/R000000032
R000000034/1.000000/0000/Guesstimate
R000000033/2.222222/0112/R000000034/R000000032
R000000035/1.000000/0000/Guesstimate
R000000036/1.000000/0000/Guesstimate
R000000033/2.222222/0285/R000000035/R000000036
R000000030/2.469136/0041/R000000033
R000000029/2.469136/0285/R000000030
R000000038/2.222222/0285/R000000034/R000000032
R000000038/2.222222/0285/R000000034/R000000032
R000000037/2.469136/0041/R000000038
R000000037/2.469136/0233/R000000038
R000000029/2.743484/0112/R000000037
M000000040/1.000000/0000/Sigma_BB-28753226
R000000039/2.222222/0112/M000000040/R000000022
M000000041/1.000000/0000/Sigma_BB-187814628
R000000042/1.000000/0000/Guesstimate
R000000039/2.222222/0112/M000000041/R000000042
R000000028/5.212621/0231/R000000029/R000000039
R000000027/5.791801/0041/R000000028
R000000044/2.469136/0112/R000000038
R000000044/2.469136/0285/R000000033
R000000045/2.469136/0041/R000000039
M000000047/1.000000/0000/Sigma_BB-28711616
R000000048/1.000000/0000/Guesstimate
R000000046/2.222222/0231/M000000047/R000000048
R000000045/2.469136/0082/R000000046
R000000043/5.486969/0231/R000000044/R000000045
R000000027/6.096632/0041/R000000043
<NEXT>