#
#  Reaction log file
#  Author: LigBuilder V3 User_Diana
#  Creation time: Tue Feb 24 21:35:31 2026
#  Format:
#  QueryMoleculeId/Cost/SynthesizeId/ReactantId1/ReactantId2/ReactantId3.....
#  Id prefix:
#  Q --- Query Molecule
#  M --- Material
#  R --- Reactant
#
Directory      result/synthesize_HsDHODH/165/DATABASE/
#
Q000000001/3.978053/0000/R000000001
M000000003/1.000000/0000/Sigma_BB-156331499
M000000005/1.000000/0000/Sigma_BB-337961873
R000000006/1.000000/0000/Guesstimate
R000000004/2.222222/0119/M000000005/R000000006
R000000008/1.000000/0000/Guesstimate
R000000007/2.222222/0119/M000000005/R000000008
R000000007/2.222222/0280/M000000005/R000000008
R000000004/2.469136/0147/R000000007
R000000002/3.580247/0119/M000000003/R000000004
R000000009/2.222222/0119/M000000003/M000000005
M000000011/1.000000/0000/Sigma_BB-28418531
R000000010/2.222222/0119/M000000011/M000000005
M000000012/1.000000/0000/Sigma_BB-34437028
R000000010/2.222222/0221/M000000012/M000000005
R000000009/2.469136/0197/R000000010
R000000002/3.580247/0119/R000000009/R000000006
R000000001/3.978053/0082/R000000002
M000000016/1.000000/0000/Sigma_BB-28516749
R000000015/1.111111/0156/M000000016
R000000017/1.000000/0000/Guesstimate
R000000015/1.111111/0228/R000000017
R000000014/1.234568/0024/R000000015
R000000018/1.000000/0000/Guesstimate
R000000019/1.000000/0000/Guesstimate
R000000014/2.222222/0004/R000000018/R000000019
R000000013/3.840878/0119/R000000009/R000000014
R000000021/2.222222/0119/M000000005/R000000018
R000000021/2.222222/0280/M000000005/R000000018
R000000020/3.580247/0004/R000000021/R000000019
R000000023/1.000000/0000/Guesstimate
R000000022/3.580247/0277/R000000021/R000000023
R000000024/1.000000/0000/Guesstimate
R000000022/3.580247/0301/R000000021/R000000024
R000000020/3.978053/0024/R000000022
R000000013/5.089163/0119/M000000003/R000000020
R000000025/1.000000/0000/Guesstimate
R000000001/5.378754/0049/R000000013/R000000025
Q000000002/3.580247/0000/R000000026
M000000027/1.000000/0000/Sigma_BB-28766675
R000000029/1.000000/0000/Guesstimate
R000000028/2.222222/0119/M000000005/R000000029
R000000031/1.111111/0091/M000000005
R000000032/1.000000/0000/Guesstimate
R000000030/2.345679/0112/R000000031/R000000032
M000000034/1.000000/0000/Sigma_BB-28436299
R000000035/1.000000/0000/Guesstimate
R000000033/2.222222/0112/M000000034/R000000035
R000000030/2.469136/0040/R000000033
R000000028/2.606310/0153/R000000030
R000000026/3.580247/0119/M000000027/R000000028
R000000036/2.222222/0119/M000000027/M000000005
M000000037/1.000000/0000/Sigma_BB-28711563
R000000036/2.222222/0221/M000000037/M000000005
R000000026/3.580247/0119/R000000036/R000000029
Q000000003/3.580247/0000/R000000026
<NEXT>