#
#  Reaction log file
#  Author: LigBuilder V3 User_Diana
#  Creation time: Tue Feb 24 21:33:19 2026
#  Format:
#  QueryMoleculeId/Cost/SynthesizeId/ReactantId1/ReactantId2/ReactantId3.....
#  Id prefix:
#  Q --- Query Molecule
#  M --- Material
#  R --- Reactant
#
Directory      result/synthesize_HsDHODH/107/DATABASE/
#
Q000000001/4.572474/0000/R000000001
M000000005/1.000000/0000/Sigma_BB-28849573
R000000006/1.000000/0000/Guesstimate
R000000004/2.222222/0056/M000000005/R000000006
R000000003/2.469136/0155/R000000004
M000000008/1.000000/0000/Sigma_BB-187184637
R000000009/1.000000/0000/Guesstimate
R000000007/2.222222/0002/M000000008/R000000009
R000000007/2.222222/0004/M000000008/R000000009
R000000003/2.469136/0197/R000000007
R000000012/1.000000/0000/Guesstimate
R000000011/1.111111/0198/R000000012
R000000013/1.000000/0000/Guesstimate
R000000011/1.111111/0228/R000000013
R000000010/1.234568/0024/R000000011
R000000014/1.000000/0000/Guesstimate
R000000015/1.000000/0000/Guesstimate
R000000010/2.222222/0004/R000000014/R000000015
R000000002/4.115227/0122/R000000003/R000000010
R000000017/2.743484/0041/R000000003
R000000017/2.743484/0233/R000000003
R000000016/3.048316/0295/R000000017
R000000018/10.000000/0000/Guesstimate
R000000016/10.000000/0295/R000000018
R000000020/1.000000/0000/Guesstimate
R000000019/2.222222/0004/R000000020/R000000015
R000000021/1.000000/0000/Guesstimate
R000000022/1.000000/0000/Guesstimate
R000000019/2.222222/0004/R000000021/R000000022
R000000002/5.856154/0279/R000000016/R000000019
R000000001/4.572474/0294/R000000002
R000000026/1.000000/0000/Guesstimate
R000000025/2.222222/0056/M000000005/R000000026
R000000025/2.469136/0041/R000000004
R000000024/2.469136/0219/R000000025
R000000027/3.048316/0300/R000000017
R000000024/3.387018/0139/R000000027
R000000029/1.000000/0000/Guesstimate
R000000028/2.222222/0004/R000000029/R000000022
R000000031/1.000000/0000/Guesstimate
R000000030/1.111111/0040/R000000031
R000000032/1.000000/0000/Guesstimate
R000000030/2.222222/0004/R000000029/R000000032
R000000028/2.345679/0004/R000000030/R000000015
R000000023/5.212621/0279/R000000024/R000000028
R000000023/5.212621/0279/R000000024/R000000028
R000000001/5.791801/0294/R000000023
Q000000002/5.869872/0000/R000000033
R000000035/3.854596/0279/R000000024/R000000029
R000000035/3.854596/0279/R000000024/R000000029
R000000034/4.282884/0294/R000000035
R000000036/4.498129/0279/R000000016/R000000021
R000000036/4.498129/0279/R000000016/R000000021
R000000034/4.997921/0294/R000000036
M000000037/1.000000/0000/Sigma_BB-28843655
R000000033/5.869872/0004/R000000034/M000000037
R000000041/1.000000/0000/Guesstimate
R000000040/5.869872/0112/R000000034/R000000041
R000000039/6.522080/0059/R000000040
R000000043/1.000000/0000/Guesstimate
R000000042/5.869872/0004/R000000034/R000000043
R000000044/1.000000/0000/Guesstimate
R000000039/7.633191/0119/R000000042/R000000044
R000000045/1.000000/0000/Guesstimate
R000000038/8.357867/0170/R000000039/R000000045
R000000047/6.522080/0233/R000000040
R000000047/6.522080/0258/R000000040
R000000046/7.246756/0155/R000000047
R000000048/5.869872/0004/R000000034/R000000014
R000000046/7.633191/0119/R000000048/R000000044
R000000049/1.000000/0000/Guesstimate
R000000038/9.163062/0170/R000000046/R000000049
R000000033/9.286519/0024/R000000038
Q000000003/5.869872/0000/R000000050
M000000051/1.000000/0000/Sigma_BB-28776399
R000000050/5.869872/0004/R000000034/M000000051
R000000052/5.869872/0004/R000000034/R000000032
R000000054/1.000000/0000/Guesstimate
R000000053/5.869872/0003/R000000034/R000000054
R000000055/4.758760/0125/R000000034
R000000056/1.000000/0000/Guesstimate
R000000055/5.869872/0112/R000000034/R000000056
R000000053/6.398623/0049/R000000055/R000000014
R000000052/6.522080/0040/R000000053
R000000057/1.000000/0000/Guesstimate
R000000050/7.633191/0004/R000000052/R000000057
<NEXT>