#
#  Reaction log file
#  Author: LigBuilder V3 User_Diana
#  Creation time: Tue Feb 24 21:36:37 2026
#  Format:
#  QueryMoleculeId/Cost/SynthesizeId/ReactantId1/ReactantId2/ReactantId3.....
#  Id prefix:
#  Q --- Query Molecule
#  M --- Material
#  R --- Reactant
#
Directory      result/synthesize_HsDHODH/182/DATABASE/
#
Q000000001/7.468375/0000/R000000001
R000000005/1.000000/0000/Guesstimate
M000000006/1.000000/0000/Sigma_BB-30407107
R000000004/2.222222/0274/R000000005/M000000006
M000000007/1.000000/0000/Sigma_BB-28782701
R000000008/1.000000/0000/Guesstimate
R000000004/2.222222/0274/M000000007/R000000008
R000000003/2.469136/0009/R000000004
R000000010/1.000000/0000/Guesstimate
R000000011/1.000000/0000/Guesstimate
R000000009/2.222222/0004/R000000010/R000000011
R000000012/1.000000/0000/Guesstimate
M000000013/1.000000/0000/Sigma_BB-28775620
R000000009/2.222222/0274/R000000012/M000000013
R000000014/1.000000/0000/Guesstimate
R000000003/3.580247/0049/R000000009/R000000014
R000000016/1.000000/0000/Guesstimate
R000000018/1.000000/0000/Guesstimate
R000000019/1.000000/0000/Guesstimate
R000000017/2.222222/0003/R000000018/R000000019
R000000015/3.580247/0012/R000000016/R000000017
R000000020/1.000000/0000/Guesstimate
R000000021/3.580247/0012/R000000017/R000000014
R000000021/3.580247/0285/R000000017/R000000014
R000000015/5.089163/0279/R000000020/R000000021
R000000002/6.721537/0159/R000000003/R000000015
R000000024/1.000000/0000/Guesstimate
R000000023/2.222222/0274/R000000024/R000000008
R000000022/2.469136/0125/R000000023
R000000025/1.000000/0000/Guesstimate
R000000022/3.580247/0112/R000000023/R000000025
R000000027/2.222222/0004/R000000011/R000000019
R000000026/3.580247/0049/R000000014/R000000027
R000000028/3.978053/0147/R000000021
R000000026/4.420059/0082/R000000028
R000000002/6.721537/0159/R000000022/R000000026
R000000001/7.468375/0059/R000000002
R000000029/1.000000/0000/Guesstimate
R000000001/8.579486/0224/R000000002/R000000029
Q000000002/9.326700/0000/R000000030
R000000033/5.089163/0159/R000000012/R000000015
R000000032/5.654626/0059/R000000033
R000000032/6.765737/0224/R000000033/R000000029
R000000031/7.394029/0274/R000000032/R000000011
R000000034/1.000000/0000/Guesstimate
R000000030/9.326700/0003/R000000031/R000000034
R000000037/5.089163/0159/R000000010/R000000015
R000000038/1.000000/0000/Guesstimate
R000000037/6.765737/0274/R000000033/R000000038
R000000036/5.654626/0059/R000000037
R000000040/1.000000/0000/Guesstimate
R000000039/7.394029/0274/R000000032/R000000040
R000000036/8.215589/0155/R000000039
R000000035/7.394029/0004/R000000036/R000000011
R000000035/7.394029/0274/R000000032/M000000013
R000000041/1.000000/0000/Guesstimate
R000000030/9.326700/0049/R000000035/R000000041
Q000000003/9.326700/0000/R000000030
<NEXT>