#
#  Reaction log file
#  Author: LigBuilder V3 User_Diana
#  Creation time: Tue Feb 24 21:38:25 2026
#  Format:
#  QueryMoleculeId/Cost/SynthesizeId/ReactantId1/ReactantId2/ReactantId3.....
#  Id prefix:
#  Q --- Query Molecule
#  M --- Material
#  R --- Reactant
#
Directory      result/synthesize_HsDHODH/250/DATABASE/
#
Q000000001/7.807076/0000/R000000001
M000000006/1.000000/0000/Sigma_BB-195939319
R000000007/1.000000/0000/Guesstimate
R000000005/2.222222/0142/M000000006/R000000007
M000000008/1.000000/0000/Sigma_BB-240624990
R000000009/1.000000/0000/Guesstimate
R000000005/2.222222/0231/M000000008/R000000009
R000000004/2.469136/0294/R000000005
R000000011/1.000000/0000/Guesstimate
R000000010/2.222222/0231/M000000008/R000000011
R000000004/2.469136/0294/R000000010
R000000003/3.854596/0274/R000000004/R000000007
R000000014/1.000000/0000/Guesstimate
R000000013/3.854596/0274/R000000004/R000000014
R000000016/1.000000/0000/Guesstimate
R000000015/3.854596/0274/R000000004/R000000016
R000000019/1.000000/0000/Guesstimate
R000000018/2.222222/0231/M000000008/R000000019
R000000018/2.469136/0091/R000000005
R000000017/2.469136/0294/R000000018
R000000017/2.743484/0091/R000000004
R000000020/1.000000/0000/Guesstimate
R000000015/3.854596/0275/R000000017/R000000020
R000000013/4.282884/0155/R000000015
R000000021/1.000000/0000/Guesstimate
R000000012/5.393995/0112/R000000013/R000000021
R000000003/5.993328/0040/R000000012
M000000024/1.000000/0000/Sigma_BB-28838980
R000000025/1.000000/0000/Guesstimate
R000000023/2.222222/0224/M000000024/R000000025
R000000022/2.469136/0082/R000000023
M000000027/1.000000/0000/Sigma_BB-28760789
R000000026/2.222222/0224/M000000027/R000000025
R000000022/2.469136/0204/R000000026
R000000002/7.026369/0212/R000000003/R000000022
R000000002/7.026369/0212/R000000003/R000000022
R000000001/7.807076/0122/R000000002
R000000031/1.000000/0000/Guesstimate
R000000032/1.000000/0000/Guesstimate
R000000030/2.222222/0224/R000000031/R000000032
R000000029/2.469136/0024/R000000030
R000000034/1.000000/0000/Guesstimate
R000000033/2.222222/0224/R000000034/R000000032
R000000029/2.469136/0040/R000000033
R000000028/7.026369/0212/R000000003/R000000029
R000000028/7.026369/0212/R000000003/R000000029
R000000035/1.000000/0000/Guesstimate
R000000001/8.918188/0170/R000000028/R000000035
Q000000002/7.807076/0000/R000000001
Q000000003/7.807076/0000/R000000001
<NEXT>