#
#  Reaction log file
#  Author: LigBuilder V3 User_Diana
#  Creation time: Tue Feb 24 21:38:05 2026
#  Format:
#  QueryMoleculeId/Cost/SynthesizeId/ReactantId1/ReactantId2/ReactantId3.....
#  Id prefix:
#  Q --- Query Molecule
#  M --- Material
#  R --- Reactant
#
Directory      result/synthesize_HsDHODH/228/DATABASE/
#
Q000000001/3.869837/0000/R000000001
M000000005/1.000000/0000/Sigma_BB-48961791
R000000004/1.111111/0099/M000000005
R000000003/1.234568/0293/R000000004
R000000003/1.234568/0293/R000000004
R000000006/1.000000/0000/Guesstimate
R000000002/2.482853/0274/R000000003/R000000006
M000000009/1.000000/0000/Sigma_BB-70161764
R000000008/1.111111/0233/M000000009
R000000008/1.111111/0258/M000000009
R000000007/1.234568/0295/R000000008
R000000010/1.000000/0000/Guesstimate
R000000007/2.482853/0274/R000000003/R000000010
R000000011/1.000000/0000/Guesstimate
R000000002/2.482853/0274/R000000007/R000000011
M000000012/1.000000/0000/Sigma_BB-244168570
R000000001/3.869837/0231/R000000002/M000000012
R000000013/2.482853/0231/R000000003/M000000012
R000000014/2.345679/0231/R000000004/M000000012
R000000013/2.606310/0293/R000000014
R000000001/3.869837/0274/R000000013/R000000006
Q000000002/6.542987/0000/R000000015
M000000019/1.000000/0000/Sigma_BB-28839435
R000000018/3.869837/0231/R000000002/M000000019
R000000017/4.299819/0082/R000000018
M000000021/1.000000/0000/Sigma_BB-187814628
R000000020/3.869837/0231/R000000002/M000000021
R000000022/1.000000/0000/Guesstimate
R000000017/5.410931/0112/R000000020/R000000022
R000000023/1.000000/0000/Guesstimate
R000000016/5.888689/0175/R000000017/R000000023
M000000026/1.000000/0000/Sigma_BB-34437027
R000000025/2.222222/0175/M000000026/R000000023
M000000027/1.000000/0000/Sigma_BB-27087003
R000000028/1.000000/0000/Guesstimate
R000000025/2.222222/0212/M000000027/R000000028
R000000024/5.227862/0231/R000000002/R000000025
R000000029/3.869837/0231/R000000002/M000000026
R000000024/5.410931/0175/R000000029/R000000023
R000000016/6.919847/0174/R000000024/R000000022
R000000015/6.542987/0041/R000000016
R000000032/2.758726/0198/R000000002
R000000032/2.758726/0298/R000000002
R000000031/3.065251/0257/R000000032
M000000035/1.000000/0000/Sigma_BB-28766566
R000000034/2.222222/0175/M000000035/R000000023
R000000034/3.580247/0174/R000000025/R000000022
R000000033/2.469136/0041/R000000034
M000000037/1.000000/0000/Sigma_BB-61880474
R000000036/2.222222/0112/M000000037/R000000023
M000000038/1.000000/0000/Sigma_BB-27949720
R000000036/2.222222/0174/M000000038/R000000023
R000000033/2.469136/0147/R000000036
R000000030/6.149320/0231/R000000031/R000000033
R000000015/6.832578/0099/R000000030
Q000000003/4.299819/0000/R000000039
R000000042/1.000000/0000/Guesstimate
R000000041/2.482853/0274/R000000007/R000000042
R000000043/1.000000/0000/Guesstimate
R000000041/2.482853/0274/R000000003/R000000043
R000000040/3.869837/0231/R000000041/M000000035
R000000044/3.869837/0231/R000000041/M000000026
R000000045/2.482853/0231/R000000007/M000000026
R000000044/3.869837/0274/R000000045/R000000042
R000000040/5.410931/0174/R000000044/R000000022
R000000039/4.299819/0041/R000000040
R000000048/2.758726/0198/R000000041
R000000048/2.758726/0298/R000000041
R000000047/3.065251/0257/R000000048
R000000046/4.516946/0231/R000000047/M000000038
R000000039/5.018829/0099/R000000046
<NEXT>