#
#  Reaction log file
#  Author: LigBuilder V3 User_Diana
#  Creation time: Tue Feb 24 21:30:44 2026
#  Format:
#  QueryMoleculeId/Cost/SynthesizeId/ReactantId1/ReactantId2/ReactantId3.....
#  Id prefix:
#  Q --- Query Molecule
#  M --- Material
#  R --- Reactant
#
Directory      result/synthesize_HsDHODH/1/DATABASE/
#
Q000000001/4.130468/0000/R000000001
M000000003/1.000000/0000/Sigma_BB-28510896
M000000006/1.000000/0000/Sigma_BB-41342399
R000000005/1.111111/0091/M000000006
R000000007/1.000000/0000/Guesstimate
R000000008/1.000000/0000/Guesstimate
R000000005/2.222222/0119/R000000007/R000000008
R000000009/1.000000/0000/Guesstimate
R000000004/2.345679/0224/R000000005/R000000009
R000000010/2.222222/0224/M000000006/R000000009
R000000004/2.469136/0091/R000000010
R000000002/3.717421/0175/M000000003/R000000004
M000000013/1.000000/0000/Sigma_BB-28766623
R000000012/2.345679/0175/M000000013/R000000005
R000000012/2.345679/0290/M000000013/R000000005
R000000014/1.000000/0000/Guesstimate
R000000011/3.717421/0119/R000000012/R000000014
R000000015/2.345679/0175/M000000013/R000000005
R000000015/2.345679/0290/M000000013/R000000005
R000000011/3.717421/0119/R000000015/R000000014
R000000002/5.241580/0224/R000000011/R000000009
R000000001/4.130468/0024/R000000002
R000000018/1.111111/0091/M000000013
M000000019/1.000000/0000/Sigma_BB-28761262
R000000018/2.222222/0276/M000000019/R000000014
R000000021/1.000000/0000/Guesstimate
R000000020/1.111111/0287/R000000021
R000000017/2.469136/0112/R000000018/R000000020
R000000023/2.222222/0174/R000000008/R000000021
R000000023/2.222222/0289/R000000008/R000000021
R000000022/2.469136/0197/R000000023
R000000024/7.400000/0000/Guesstimate
R000000022/8.222222/0091/R000000024
M000000025/1.000000/0000/Sigma_BB-28505792
R000000017/3.854596/0112/R000000022/M000000025
R000000016/5.349795/0175/R000000017/R000000004
M000000028/1.000000/0000/Sigma_BB-28706556
R000000027/3.717421/0112/M000000028/R000000004
M000000029/1.000000/0000/Sigma_BB-333196252
R000000027/3.717421/0174/M000000029/R000000004
R000000026/4.130468/0147/R000000027
M000000031/1.000000/0000/Sigma_BB-34437028
R000000030/3.717421/0175/M000000031/R000000004
R000000030/3.717421/0290/M000000031/R000000004
R000000026/5.241580/0119/R000000030/R000000014
R000000016/7.332894/0174/R000000022/R000000026
R000000001/5.944217/0025/R000000016
Q000000002/4.130468/0000/R000000032
M000000034/1.000000/0000/Sigma_BB-68786906
R000000033/3.717421/0175/M000000034/R000000004
R000000036/1.000000/0000/Guesstimate
R000000037/1.000000/0000/Guesstimate
R000000035/2.222222/0012/R000000036/R000000037
R000000039/1.000000/0000/Guesstimate
R000000038/2.222222/0012/R000000036/R000000039
R000000040/1.000000/0000/Guesstimate
R000000041/1.000000/0000/Guesstimate
R000000038/2.222222/0279/R000000040/R000000041
R000000035/2.469136/0059/R000000038
R000000043/1.000000/0000/Guesstimate
R000000045/1.000000/0000/Guesstimate
R000000044/2.222222/0224/R000000045/R000000009
R000000042/3.580247/0003/R000000043/R000000044
R000000046/1.000000/0000/Guesstimate
R000000047/2.606310/0079/R000000004
R000000048/1.000000/0000/Guesstimate
R000000047/3.717421/0112/R000000004/R000000048
R000000042/4.007011/0049/R000000046/R000000047
R000000033/6.447188/0159/R000000035/R000000042
R000000032/4.130468/0024/R000000033
M000000052/1.000000/0000/Sigma_BB-27355816
R000000051/3.717421/0175/M000000052/R000000004
R000000051/3.717421/0290/M000000052/R000000004
R000000050/4.130468/0059/R000000051
M000000054/1.000000/0000/Sigma_BB-28448695
R000000053/3.717421/0112/M000000054/R000000004
M000000055/1.000000/0000/Sigma_BB-27358118
R000000053/3.717421/0174/M000000055/R000000004
R000000050/4.130468/0147/R000000053
R000000049/7.332894/0112/R000000022/R000000050
M000000058/1.000000/0000/Sigma_BB-101357011
R000000057/3.717421/0175/M000000058/R000000004
R000000059/1.000000/0000/Guesstimate
R000000057/5.089163/0159/R000000059/R000000042
R000000056/4.130468/0059/R000000057
R000000060/3.717421/0112/M000000055/R000000004
M000000061/1.000000/0000/Sigma_BB-27948306
R000000060/3.717421/0174/M000000061/R000000004
R000000056/4.130468/0147/R000000060
R000000049/7.332894/0174/R000000022/R000000056
R000000032/8.147660/0025/R000000049
<NEXT>