#
#  Reaction log file
#  Author: LigBuilder V3 User_Diana
#  Creation time: Tue Feb 24 21:39:56 2026
#  Format:
#  QueryMoleculeId/Cost/SynthesizeId/ReactantId1/ReactantId2/ReactantId3.....
#  Id prefix:
#  Q --- Query Molecule
#  M --- Material
#  R --- Reactant
#
Directory      result/synthesize_HsDHODH/278/DATABASE/
#
Q000000001/5.531170/0000/R000000001
R000000004/1.000000/0000/Guesstimate
R000000006/1.000000/0000/Guesstimate
R000000007/1.000000/0000/Guesstimate
R000000005/2.222222/0119/R000000006/R000000007
R000000008/1.000000/0000/Guesstimate
R000000005/2.222222/0276/R000000008/R000000007
R000000003/3.580247/0285/R000000004/R000000005
R000000002/3.978053/0279/R000000003
R000000002/3.978053/0279/R000000003
M000000009/1.000000/0000/Sigma_BB-27336472
R000000001/5.531170/0231/R000000002/M000000009
R000000010/5.089163/0231/R000000003/M000000009
R000000001/5.654626/0279/R000000010
Q000000002/5.531170/0000/R000000001
Q000000003/5.791801/0000/R000000011
M000000014/1.000000/0000/Sigma_BB-30924817
R000000015/1.000000/0000/Guesstimate
R000000013/2.222222/0119/M000000014/R000000015
R000000019/1.000000/0000/Guesstimate
R000000020/1.000000/0000/Guesstimate
R000000018/2.222222/0279/R000000019/R000000020
R000000018/2.222222/0279/R000000019/R000000020
R000000017/2.469136/0079/R000000018
R000000022/1.000000/0000/Guesstimate
R000000021/2.222222/0279/R000000022/R000000019
R000000021/2.222222/0279/R000000022/R000000019
R000000017/2.469136/0082/R000000021
R000000023/1.000000/0000/Guesstimate
R000000016/3.854596/0159/R000000017/R000000023
R000000013/4.282884/0153/R000000016
R000000026/1.000000/0000/Guesstimate
R000000027/1.000000/0000/Guesstimate
R000000025/2.222222/0277/R000000026/R000000027
R000000024/2.469136/0099/R000000025
R000000028/2.469136/0233/R000000025
R000000028/2.469136/0258/R000000025
R000000024/2.743484/0295/R000000028
R000000012/5.212621/0231/R000000013/R000000024
R000000030/1.000000/0000/Guesstimate
R000000032/1.000000/0000/Guesstimate
R000000031/2.222222/0277/R000000032/R000000027
R000000033/1.000000/0000/Guesstimate
R000000031/2.222222/0301/R000000033/R000000027
R000000029/3.580247/0061/R000000030/R000000031
R000000034/2.469136/0041/R000000031
R000000034/2.469136/0233/R000000031
R000000029/3.854596/0062/R000000030/R000000034
R000000012/6.721537/0159/R000000017/R000000029
R000000011/5.791801/0024/R000000012
M000000037/1.000000/0000/Sigma_BB-308324471
R000000036/3.854596/0231/M000000037/R000000024
R000000038/3.580247/0231/M000000037/R000000025
R000000036/3.978053/0099/R000000038
R000000041/1.000000/0000/Guesstimate
R000000042/1.000000/0000/Guesstimate
R000000040/2.222222/0174/R000000041/R000000042
R000000040/2.222222/0289/R000000041/R000000042
R000000039/2.469136/0197/R000000040
R000000043/7.400000/0000/Guesstimate
R000000039/8.222222/0091/R000000043
R000000035/7.026369/0112/R000000036/R000000039
M000000045/1.000000/0000/Sigma_BB-27944466
R000000044/3.854596/0231/M000000045/R000000024
R000000046/3.580247/0231/M000000045/R000000025
R000000044/3.978053/0099/R000000046
R000000035/7.026369/0174/R000000044/R000000039
R000000011/7.807076/0025/R000000035
<NEXT>