#
#  Reaction log file
#  Author: LigBuilder V3 User_Diana
#  Creation time: Tue Feb 24 21:33:22 2026
#  Format:
#  QueryMoleculeId/Cost/SynthesizeId/ReactantId1/ReactantId2/ReactantId3.....
#  Id prefix:
#  Q --- Query Molecule
#  M --- Material
#  R --- Reactant
#
Directory      result/synthesize_HsDHODH/111/DATABASE/
#
Q000000001/Analysis Failed
Q000000002/6.265983/0000/R000000001
M000000006/1.000000/0000/Sigma_BB-244170195
R000000005/1.111111/0155/M000000006
R000000008/1.000000/0000/Guesstimate
R000000007/1.111111/0293/R000000008
R000000005/1.234568/0140/R000000007
M000000009/1.000000/0000/Sigma_BB-28516749
R000000004/2.345679/0301/R000000005/M000000009
M000000012/1.000000/0000/Sigma_BB-28529682
R000000011/1.111111/0093/M000000012
M000000013/1.000000/0000/Sigma_BB-30511507
R000000014/1.000000/0000/Guesstimate
R000000011/2.222222/0004/M000000013/R000000014
R000000015/1.000000/0000/Guesstimate
R000000010/2.345679/0212/R000000011/R000000015
R000000010/2.345679/0212/R000000011/R000000015
R000000016/1.000000/0000/Guesstimate
R000000004/3.717421/0277/R000000010/R000000016
R000000003/2.606310/0024/R000000004
R000000003/3.717421/0004/R000000010/R000000015
R000000019/1.000000/0000/Guesstimate
R000000020/1.000000/0000/Guesstimate
R000000018/2.222222/0274/R000000019/R000000020
R000000017/2.469136/0285/R000000018
R000000017/2.469136/0285/R000000018
R000000002/5.639385/0049/R000000003/R000000017
R000000023/1.000000/0000/Guesstimate
R000000022/2.222222/0112/M000000013/R000000023
R000000021/2.469136/0147/R000000022
R000000025/1.000000/0000/Guesstimate
R000000024/2.345679/0301/R000000007/R000000025
R000000024/2.345679/0301/R000000007/R000000025
R000000021/2.606310/0140/R000000024
R000000026/3.854596/0049/R000000015/R000000017
R000000002/7.026369/0138/R000000021/R000000026
R000000001/6.265983/0099/R000000002
M000000028/1.000000/0000/Sigma_BB-37465691
M000000031/1.000000/0000/Sigma_BB-28105749
R000000030/3.854596/0049/M000000031/R000000017
R000000029/4.282884/0147/R000000030
R000000027/5.869872/0049/M000000028/R000000029
R000000032/2.345679/0004/R000000005/R000000015
R000000033/2.345679/0277/R000000005/R000000016
R000000034/1.000000/0000/Guesstimate
R000000033/2.345679/0301/R000000005/R000000034
R000000032/2.606310/0024/R000000033
R000000027/6.889194/0049/R000000032/R000000026
R000000001/6.522080/0099/R000000027
Q000000003/5.807042/0000/R000000035
M000000039/1.000000/0000/Sigma_BB-161564803
R000000038/1.111111/0299/M000000039
R000000041/1.000000/0000/Guesstimate
R000000042/1.000000/0000/Guesstimate
R000000040/2.222222/0224/R000000041/R000000042
R000000037/3.703704/0274/R000000038/R000000040
R000000044/1.000000/0000/Guesstimate
R000000043/2.222222/0224/R000000044/R000000042
R000000045/1.000000/0000/Guesstimate
R000000043/3.580247/0274/R000000045/R000000040
R000000037/3.703704/0282/R000000038/R000000043
R000000046/1.000000/0000/Guesstimate
R000000036/5.226338/0221/R000000037/R000000046
R000000049/1.000000/0000/Guesstimate
R000000050/1.000000/0000/Guesstimate
R000000048/2.222222/0279/R000000049/R000000050
R000000048/2.222222/0279/R000000049/R000000050
R000000047/2.469136/0079/R000000048
R000000052/1.000000/0000/Guesstimate
R000000051/2.222222/0279/R000000052/R000000049
R000000051/2.222222/0279/R000000052/R000000049
R000000047/2.469136/0082/R000000051
R000000055/1.000000/0000/Guesstimate
R000000056/1.000000/0000/Guesstimate
R000000054/2.222222/0112/R000000055/R000000056
R000000053/4.938272/0274/R000000054/R000000040
R000000058/1.000000/0000/Guesstimate
R000000057/2.222222/0112/R000000055/R000000058
R000000057/2.469136/0091/R000000054
R000000053/4.938272/0275/R000000057/R000000043
R000000036/8.230453/0159/R000000047/R000000053
R000000035/5.807042/0147/R000000036
R000000060/2.345679/0221/R000000038/R000000046
R000000060/5.212621/0159/R000000047/R000000054
M000000063/1.000000/0000/Sigma_BB-27262260
R000000064/1.000000/0000/Guesstimate
R000000062/2.222222/0224/M000000063/R000000064
R000000066/1.000000/0000/Guesstimate
R000000067/1.000000/0000/Guesstimate
R000000065/2.222222/0170/R000000066/R000000067
R000000068/1.000000/0000/Guesstimate
R000000069/1.000000/0000/Guesstimate
R000000065/2.222222/0170/R000000068/R000000069
R000000062/3.580247/0224/R000000041/R000000065
R000000061/2.469136/0079/R000000062
R000000072/1.000000/0000/Guesstimate
R000000073/1.000000/0000/Guesstimate
R000000071/2.222222/0004/R000000072/R000000073
M000000074/1.000000/0000/Sigma_BB-27941182
R000000071/2.222222/0170/M000000074/R000000069
R000000070/3.580247/0224/R000000041/R000000071
R000000061/3.978053/0009/R000000070
R000000059/5.349795/0274/R000000060/R000000061
R000000076/3.580247/0274/R000000054/M000000063
R000000078/1.000000/0000/Guesstimate
R000000077/3.580247/0274/R000000054/R000000078
R000000079/1.000000/0000/Guesstimate
R000000077/3.580247/0275/R000000057/R000000079
R000000076/5.089163/0301/R000000077/R000000073
R000000080/1.000000/0000/Guesstimate
R000000075/5.089163/0224/R000000076/R000000080
R000000082/1.000000/0000/Guesstimate
R000000081/5.089163/0301/R000000077/R000000082
R000000081/5.089163/0301/R000000077/R000000082
R000000075/6.765737/0224/R000000081/R000000041
R000000059/8.398110/0159/R000000047/R000000075
R000000035/5.944217/0122/R000000059
<NEXT>