#
#  Reaction log file
#  Author: LigBuilder V3 User_Diana
#  Creation time: Tue Feb 24 21:35:19 2026
#  Format:
#  QueryMoleculeId/Cost/SynthesizeId/ReactantId1/ReactantId2/ReactantId3.....
#  Id prefix:
#  Q --- Query Molecule
#  M --- Material
#  R --- Reactant
#
Directory      result/synthesize_HsDHODH/159/DATABASE/
#
Q000000001/Analysis Failed
Q000000002/4.572474/0000/R000000001
R000000005/1.000000/0000/Guesstimate
R000000004/1.111111/0118/R000000005
R000000006/1.000000/0000/Guesstimate
R000000004/2.222222/0112/R000000005/R000000006
R000000008/1.000000/0000/Guesstimate
R000000009/1.000000/0000/Guesstimate
R000000007/2.222222/0001/R000000008/R000000009
R000000010/1.000000/0000/Guesstimate
R000000007/2.222222/0003/R000000009/R000000010
R000000003/3.703704/0081/R000000004/R000000007
R000000012/1.000000/0000/Guesstimate
R000000011/1.111111/0118/R000000012
R000000011/2.222222/0112/R000000012/R000000006
R000000003/3.703704/0210/R000000011/R000000007
R000000002/4.115227/0255/R000000003
R000000001/4.572474/0024/R000000002
R000000016/1.000000/0000/Guesstimate
R000000017/1.000000/0000/Guesstimate
R000000015/2.222222/0174/R000000016/R000000017
R000000015/2.222222/0289/R000000016/R000000017
R000000014/2.469136/0197/R000000015
R000000018/7.400000/0000/Guesstimate
R000000014/8.222222/0091/R000000018
R000000021/1.000000/0000/Guesstimate
R000000020/3.580247/0210/R000000007/R000000021
R000000019/3.978053/0255/R000000020
R000000013/7.163543/0112/R000000014/R000000019
R000000001/7.959492/0025/R000000013
Q000000003/4.572474/0000/R000000001
<NEXT>