#
#  Reaction log file
#  Author: LigBuilder V3 User_Diana
#  Creation time: Tue Feb 24 21:32:12 2026
#  Format:
#  QueryMoleculeId/Cost/SynthesizeId/ReactantId1/ReactantId2/ReactantId3.....
#  Id prefix:
#  Q --- Query Molecule
#  M --- Material
#  R --- Reactant
#
Directory      result/synthesize_HsDHODH/62/DATABASE/
#
Q000000001/4.282884/0000/R000000001
R000000005/1.000000/0000/Guesstimate
R000000006/1.000000/0000/Guesstimate
R000000004/2.222222/0285/R000000005/R000000006
R000000003/2.469136/0279/R000000004
R000000003/2.469136/0279/R000000004
M000000007/1.000000/0000/Sigma_BB-27949720
R000000002/3.854596/0231/R000000003/M000000007
R000000001/4.282884/0059/R000000002
R000000010/1.000000/0000/Guesstimate
R000000012/1.000000/0000/Guesstimate
R000000013/1.000000/0000/Guesstimate
R000000011/2.222222/0119/R000000012/R000000013
R000000014/1.000000/0000/Guesstimate
R000000011/2.222222/0276/R000000012/R000000014
R000000009/3.580247/0285/R000000010/R000000011
R000000008/5.089163/0231/R000000009/M000000007
R000000001/5.654626/0112/R000000008
Q000000002/4.282884/0000/R000000015
M000000017/1.000000/0000/Sigma_BB-27336472
R000000016/3.854596/0231/R000000003/M000000017
R000000015/4.282884/0059/R000000016
M000000021/1.000000/0000/Sigma_BB-187814628
R000000020/3.854596/0231/R000000003/M000000021
R000000019/4.282884/0059/R000000020
R000000022/1.000000/0000/Guesstimate
R000000019/5.393995/0224/R000000020/R000000022
R000000018/4.758760/0125/R000000019
R000000018/5.869872/0112/R000000019/R000000014
R000000015/5.287512/0059/R000000018
Q000000003/4.572474/0000/R000000023
R000000027/1.000000/0000/Guesstimate
R000000026/1.111111/0040/R000000027
R000000028/1.000000/0000/Guesstimate
R000000029/1.000000/0000/Guesstimate
R000000026/2.222222/0285/R000000028/R000000029
R000000025/1.234568/0091/R000000026
R000000030/1.000000/0000/Guesstimate
R000000025/2.222222/0285/R000000030/R000000029
M000000033/1.000000/0000/Sigma_BB-28777794
R000000032/2.222222/0224/R000000012/M000000033
R000000031/2.469136/0295/R000000032
R000000024/4.115227/0279/R000000025/R000000031
R000000034/3.580247/0285/R000000030/R000000011
R000000035/3.580247/0285/R000000028/R000000011
R000000034/3.978053/0091/R000000035
M000000036/1.000000/0000/Sigma_BB-34437027
R000000024/5.089163/0231/R000000034/M000000036
R000000023/4.572474/0112/R000000024
R000000038/3.580247/0112/R000000030/R000000011
R000000039/1.000000/0000/Guesstimate
R000000041/1.000000/0000/Guesstimate
R000000040/3.580247/0004/R000000011/R000000041
R000000038/5.089163/0049/R000000039/R000000040
R000000037/3.978053/0285/R000000038
R000000044/1.000000/0000/Guesstimate
R000000043/3.580247/0285/R000000044/R000000011
R000000042/3.978053/0256/R000000043
R000000037/4.420059/0257/R000000042
R000000023/5.531170/0231/R000000037/M000000036
<NEXT>