#
#  Reaction log file
#  Author: LigBuilder V3 User_Diana
#  Creation time: Tue Feb 24 21:41:09 2026
#  Format:
#  QueryMoleculeId/Cost/SynthesizeId/ReactantId1/ReactantId2/ReactantId3.....
#  Id prefix:
#  Q --- Query Molecule
#  M --- Material
#  R --- Reactant
#
Directory      result/synthesize_HsDHODH/294/DATABASE/
#
Q000000001/Analysis Failed
Q000000002/4.130468/0000/R000000001
M000000005/1.000000/0000/Sigma_BB-161564803
R000000004/1.111111/0299/M000000005
R000000006/1.000000/0000/Guesstimate
R000000003/2.345679/0274/R000000004/R000000006
R000000007/1.000000/0000/Guesstimate
R000000003/2.345679/0282/R000000004/R000000007
M000000008/1.000000/0000/Sigma_BB-70573194
R000000002/3.717421/0174/R000000003/M000000008
R000000011/1.000000/0000/Guesstimate
R000000012/1.000000/0000/Guesstimate
R000000010/2.222222/0279/R000000011/R000000012
R000000010/2.222222/0279/R000000011/R000000012
R000000013/1.000000/0000/Guesstimate
R000000009/3.580247/0274/R000000010/R000000013
R000000015/1.000000/0000/Guesstimate
R000000014/2.222222/0279/R000000011/R000000015
R000000014/2.469136/0155/R000000010
R000000016/1.000000/0000/Guesstimate
R000000009/3.580247/0274/R000000014/R000000016
R000000018/1.000000/0000/Guesstimate
R000000020/1.000000/0000/Guesstimate
R000000019/2.222222/0274/R000000020/R000000006
R000000021/1.000000/0000/Guesstimate
R000000019/2.222222/0275/R000000021/R000000007
R000000017/3.580247/0112/R000000018/R000000019
R000000023/1.000000/0000/Guesstimate
R000000022/3.580247/0112/R000000023/R000000019
R000000017/3.978053/0147/R000000022
R000000002/7.956105/0159/R000000009/R000000017
R000000001/4.130468/0147/R000000002
M000000026/1.000000/0000/Sigma_BB-28807026
R000000025/1.111111/0079/M000000026
R000000028/1.000000/0000/Guesstimate
M000000029/1.000000/0000/Sigma_BB-30407107
R000000027/2.222222/0274/R000000028/M000000029
R000000030/1.000000/0000/Guesstimate
M000000031/1.000000/0000/Sigma_BB-28782701
R000000027/2.222222/0274/R000000030/M000000031
R000000025/2.469136/0009/R000000027
R000000024/3.840878/0175/R000000003/R000000025
R000000032/3.717421/0175/R000000003/R000000030
R000000033/3.717421/0175/R000000003/R000000028
R000000033/3.717421/0290/R000000003/R000000028
R000000032/4.130468/0155/R000000033
R000000034/1.000000/0000/Guesstimate
R000000024/5.241580/0274/R000000032/R000000034
R000000001/4.267642/0147/R000000024
Q000000003/4.130468/0000/R000000001
<NEXT>