#
#  Reaction log file
#  Author: LigBuilder V3 User_Diana
#  Creation time: Tue Feb 24 21:33:27 2026
#  Format:
#  QueryMoleculeId/Cost/SynthesizeId/ReactantId1/ReactantId2/ReactantId3.....
#  Id prefix:
#  Q --- Query Molecule
#  M --- Material
#  R --- Reactant
#
Directory      result/synthesize_HsDHODH/112/DATABASE/
#
Q000000001/5.807042/0000/R000000001
M000000005/1.000000/0000/Sigma_BB-161564803
R000000004/1.111111/0299/M000000005
R000000007/1.000000/0000/Guesstimate
R000000008/1.000000/0000/Guesstimate
R000000006/2.222222/0224/R000000007/R000000008
R000000003/3.703704/0274/R000000004/R000000006
R000000010/1.000000/0000/Guesstimate
R000000009/2.222222/0224/R000000010/R000000008
R000000011/1.000000/0000/Guesstimate
R000000009/3.580247/0274/R000000011/R000000006
R000000003/3.703704/0282/R000000004/R000000009
R000000012/1.000000/0000/Guesstimate
R000000002/5.226338/0221/R000000003/R000000012
R000000015/1.000000/0000/Guesstimate
R000000016/1.000000/0000/Guesstimate
R000000014/2.222222/0279/R000000015/R000000016
R000000014/2.222222/0279/R000000015/R000000016
R000000013/2.469136/0079/R000000014
R000000018/1.000000/0000/Guesstimate
R000000017/2.222222/0279/R000000018/R000000015
R000000017/2.222222/0279/R000000018/R000000015
R000000013/2.469136/0082/R000000017
R000000021/1.000000/0000/Guesstimate
R000000022/1.000000/0000/Guesstimate
R000000020/2.222222/0112/R000000021/R000000022
R000000019/4.938272/0274/R000000020/R000000006
R000000024/1.000000/0000/Guesstimate
R000000023/2.222222/0112/R000000021/R000000024
R000000023/2.469136/0091/R000000020
R000000019/4.938272/0275/R000000023/R000000009
R000000002/8.230453/0159/R000000013/R000000019
R000000001/5.807042/0147/R000000002
R000000026/2.345679/0221/R000000004/R000000012
R000000026/5.212621/0159/R000000013/R000000020
M000000029/1.000000/0000/Sigma_BB-27262260
R000000030/1.000000/0000/Guesstimate
R000000028/2.222222/0224/M000000029/R000000030
R000000032/1.000000/0000/Guesstimate
R000000033/1.000000/0000/Guesstimate
R000000031/2.222222/0170/R000000032/R000000033
R000000034/1.000000/0000/Guesstimate
R000000035/1.000000/0000/Guesstimate
R000000031/2.222222/0170/R000000034/R000000035
R000000028/3.580247/0224/R000000007/R000000031
R000000027/2.469136/0079/R000000028
R000000038/1.000000/0000/Guesstimate
R000000039/1.000000/0000/Guesstimate
R000000037/2.222222/0004/R000000038/R000000039
M000000040/1.000000/0000/Sigma_BB-27941182
R000000037/2.222222/0170/M000000040/R000000035
R000000036/3.580247/0224/R000000007/R000000037
R000000027/3.978053/0009/R000000036
R000000025/5.349795/0274/R000000026/R000000027
R000000042/3.580247/0274/R000000020/M000000029
R000000044/1.000000/0000/Guesstimate
R000000043/3.580247/0274/R000000020/R000000044
R000000045/1.000000/0000/Guesstimate
R000000043/3.580247/0275/R000000023/R000000045
R000000042/5.089163/0301/R000000043/R000000039
R000000046/1.000000/0000/Guesstimate
R000000041/5.089163/0224/R000000042/R000000046
R000000048/1.000000/0000/Guesstimate
R000000047/5.089163/0301/R000000043/R000000048
R000000047/5.089163/0301/R000000043/R000000048
R000000041/6.765737/0224/R000000047/R000000007
R000000025/8.398110/0159/R000000013/R000000041
R000000001/5.944217/0122/R000000025
Q000000002/6.315095/0000/R000000049
R000000052/3.703704/0274/R000000004/R000000028
R000000051/4.115227/0079/R000000052
R000000053/1.000000/0000/Guesstimate
R000000051/5.226338/0112/R000000052/R000000053
R000000054/1.000000/0000/Guesstimate
R000000050/5.683586/0221/R000000051/R000000054
R000000057/1.000000/0000/Guesstimate
R000000058/1.000000/0000/Guesstimate
R000000056/2.222222/0279/R000000057/R000000058
R000000056/2.222222/0279/R000000057/R000000058
R000000059/1.000000/0000/Guesstimate
R000000055/3.580247/0224/R000000056/R000000059
R000000060/2.222222/0224/R000000058/R000000059
R000000055/3.580247/0279/R000000057/R000000060
R000000050/9.632679/0159/R000000055/R000000041
R000000049/6.315095/0122/R000000050
R000000065/1.000000/0000/Guesstimate
R000000064/1.111111/0125/R000000065
R000000066/1.000000/0000/Guesstimate
R000000064/2.222222/0112/R000000066/R000000065
R000000068/1.000000/0000/Guesstimate
R000000067/3.580247/0274/R000000020/R000000068
R000000069/1.000000/0000/Guesstimate
R000000067/3.580247/0275/R000000023/R000000069
R000000063/5.212621/0159/R000000064/R000000067
M000000071/1.000000/0000/Sigma_BB-102140808
R000000070/1.111111/0188/M000000071
R000000072/1.000000/0000/Guesstimate
R000000073/1.000000/0000/Guesstimate
R000000070/2.222222/0224/R000000072/R000000073
R000000062/7.026369/0212/R000000063/R000000070
R000000074/5.486969/0147/R000000019
R000000074/5.654626/0122/R000000041
R000000062/7.331201/0159/R000000064/R000000074
R000000061/7.807077/0040/R000000062
R000000076/6.447188/0159/R000000056/R000000067
R000000075/8.398110/0212/R000000076/R000000070
R000000075/8.565768/0159/R000000056/R000000074
R000000061/9.331234/0024/R000000075
R000000049/9.785642/0119/R000000061/R000000054
Q000000003/5.807042/0000/R000000001
<NEXT>