#
#  Reaction log file
#  Author: LigBuilder V3 User_Diana
#  Creation time: Tue Feb 24 21:31:23 2026
#  Format:
#  QueryMoleculeId/Cost/SynthesizeId/ReactantId1/ReactantId2/ReactantId3.....
#  Id prefix:
#  Q --- Query Molecule
#  M --- Material
#  R --- Reactant
#
Directory      result/synthesize_HsDHODH/32/DATABASE/
#
Q000000001/8.565768/0000/R000000001
R000000005/1.000000/0000/Guesstimate
R000000006/1.000000/0000/Guesstimate
R000000004/2.222222/0003/R000000005/R000000006
R000000008/1.000000/0000/Guesstimate
R000000009/1.000000/0000/Guesstimate
R000000007/2.222222/0279/R000000008/R000000009
R000000007/2.222222/0279/R000000008/R000000009
R000000003/4.938272/0159/R000000004/R000000007
R000000002/5.486969/0197/R000000003
R000000002/5.486969/0197/R000000003
R000000011/1.000000/0000/Guesstimate
M000000012/1.000000/0000/Sigma_BB-29062100
R000000010/2.222222/0004/R000000011/M000000012
M000000014/1.000000/0000/Sigma_BB-28510831
R000000015/1.000000/0000/Guesstimate
R000000013/2.222222/0056/M000000014/R000000015
R000000017/1.000000/0000/Guesstimate
R000000016/2.222222/0112/R000000017/M000000012
R000000013/2.469136/0147/R000000016
R000000010/2.469136/0024/R000000013
R000000001/8.565768/0003/R000000002/R000000010
R000000018/7.207744/0004/R000000002/R000000011
R000000019/7.207744/0003/R000000002/R000000005
R000000018/8.008604/0040/R000000019
R000000001/9.119716/0003/R000000018/M000000012
Q000000002/8.565768/0000/R000000001
Q000000003/8.565768/0000/R000000001
<NEXT>