#
#  Reaction log file
#  Author: LigBuilder V3 User_Diana
#  Creation time: Tue Feb 24 21:33:55 2026
#  Format:
#  QueryMoleculeId/Cost/SynthesizeId/ReactantId1/ReactantId2/ReactantId3.....
#  Id prefix:
#  Q --- Query Molecule
#  M --- Material
#  R --- Reactant
#
Directory      result/synthesize_HsDHODH/122/DATABASE/
#
Q000000001/4.741826/0000/R000000001
R000000005/1.000000/0000/Guesstimate
R000000006/1.000000/0000/Guesstimate
R000000004/2.222222/0003/R000000005/R000000006
R000000007/1.000000/0000/Guesstimate
R000000008/1.000000/0000/Guesstimate
R000000004/2.222222/0003/R000000007/R000000008
R000000011/1.000000/0000/Guesstimate
R000000010/1.111111/0288/R000000011
M000000012/1.000000/0000/Sigma_BB-358949958
R000000010/1.111111/0293/M000000012
R000000009/1.234568/0082/R000000010
R000000015/1.000000/0000/Guesstimate
M000000016/1.000000/0000/Sigma_BB-30410575
R000000014/2.222222/0004/R000000015/M000000016
R000000017/1.000000/0000/Guesstimate
R000000018/1.000000/0000/Guesstimate
R000000014/2.222222/0277/R000000017/R000000018
R000000013/2.469136/0009/R000000014
R000000020/1.000000/0000/Guesstimate
R000000021/1.000000/0000/Guesstimate
R000000019/2.222222/0112/R000000020/R000000021
R000000013/2.469136/0079/R000000019
R000000009/2.743484/0041/R000000013
R000000003/3.840878/0062/R000000004/R000000009
R000000003/5.212621/0061/R000000004/R000000013
R000000002/4.267643/0041/R000000003
R000000023/1.000000/0000/Guesstimate
R000000022/2.222222/0003/R000000005/R000000023
R000000024/1.000000/0000/Guesstimate
R000000022/2.222222/0003/R000000007/R000000024
R000000002/5.212621/0061/R000000022/R000000013
R000000001/4.741826/0040/R000000002
R000000028/1.000000/0000/Guesstimate
R000000027/2.222222/0174/R000000006/R000000028
R000000030/7.400000/0000/Guesstimate
R000000029/8.222222/0091/R000000030
R000000027/9.135803/0125/R000000029
R000000032/1.000000/0000/Guesstimate
R000000031/1.111111/0040/R000000032
R000000033/1.000000/0000/Guesstimate
R000000034/1.000000/0000/Guesstimate
R000000031/2.222222/0004/R000000033/R000000034
R000000026/3.703704/0049/R000000027/R000000031
R000000026/9.222222/0003/R000000029/R000000024
R000000025/5.486969/0062/R000000026/R000000009
R000000025/6.858711/0061/R000000026/R000000013
R000000001/6.096632/0025/R000000025
Q000000002/6.096632/0000/R000000035
R000000039/1.000000/0000/Guesstimate
R000000040/1.000000/0000/Guesstimate
R000000038/2.222222/0224/R000000039/R000000040
R000000037/2.469136/0295/R000000038
R000000042/1.000000/0000/Guesstimate
R000000041/2.222222/0224/R000000008/R000000042
R000000043/1.000000/0000/Guesstimate
R000000037/3.580247/0285/R000000041/R000000043
M000000046/1.000000/0000/Sigma_BB-28912827
R000000045/2.222222/0012/M000000046/R000000043
R000000047/1.000000/0000/Guesstimate
M000000048/1.000000/0000/Sigma_BB-28775296
R000000045/2.222222/0112/R000000047/M000000048
R000000044/2.469136/0059/R000000045
R000000049/9.000000/0000/Guesstimate
R000000044/10.000000/0139/R000000049
R000000036/5.486969/0279/R000000037/R000000044
R000000036/5.486969/0279/R000000037/R000000044
R000000035/6.096632/0279/R000000036
R000000035/6.096632/0279/R000000036
Q000000003/7.315959/0000/R000000050
R000000054/1.000000/0000/Guesstimate
R000000053/1.111111/0118/R000000054
R000000053/2.222222/0112/R000000054/R000000007
R000000056/1.000000/0000/Guesstimate
R000000055/2.222222/0001/R000000056/R000000015
R000000057/1.000000/0000/Guesstimate
R000000055/2.222222/0003/R000000015/R000000057
R000000052/3.703704/0081/R000000053/R000000055
R000000059/1.000000/0000/Guesstimate
R000000058/1.111111/0118/R000000059
R000000058/2.222222/0112/R000000059/R000000007
R000000052/3.703704/0210/R000000058/R000000055
R000000051/4.115227/0024/R000000052
R000000062/1.000000/0000/Guesstimate
R000000061/3.580247/0210/R000000055/R000000062
R000000060/6.721537/0112/R000000029/R000000061
R000000064/1.000000/0000/Guesstimate
R000000063/3.854596/0112/R000000029/R000000064
R000000060/6.752020/0081/R000000063/R000000055
R000000051/7.468375/0025/R000000060
R000000067/1.000000/0000/Guesstimate
R000000068/1.000000/0000/Guesstimate
R000000066/2.222222/0112/R000000067/R000000068
R000000069/1.000000/0000/Guesstimate
R000000070/2.222222/0004/R000000033/R000000068
R000000066/3.580247/0049/R000000069/R000000070
R000000065/2.469136/0147/R000000066
R000000071/2.222222/0003/R000000033/R000000068
M000000072/1.000000/0000/Sigma_BB-28775620
R000000073/1.111111/0125/R000000068
R000000073/2.222222/0112/R000000007/R000000068
R000000071/2.345679/0049/M000000072/R000000073
R000000065/2.469136/0147/R000000071
R000000050/7.315959/0003/R000000051/R000000065
R000000074/6.858711/0003/R000000052/R000000065
R000000076/4.115227/0093/R000000052
R000000077/4.115227/0197/R000000052
R000000076/5.683586/0004/R000000077/R000000056
R000000075/4.572474/0085/R000000076
R000000075/5.683586/0004/R000000077/R000000033
R000000079/2.743484/0217/R000000065
R000000078/4.159427/0049/R000000033/R000000079
R000000080/3.854596/0004/R000000015/R000000065
R000000080/3.854596/0277/R000000015/R000000065
R000000078/4.282884/0009/R000000080
R000000074/9.702112/0049/R000000075/R000000078
R000000050/7.620790/0024/R000000074
<NEXT>