#
#  Reaction log file
#  Author: LigBuilder V3 User_Diana
#  Creation time: Tue Feb 24 21:31:03 2026
#  Format:
#  QueryMoleculeId/Cost/SynthesizeId/ReactantId1/ReactantId2/ReactantId3.....
#  Id prefix:
#  Q --- Query Molecule
#  M --- Material
#  R --- Reactant
#
Directory      result/synthesize_HsDHODH/7/DATABASE/
#
Q000000001/Analysis Failed
Q000000002/5.944217/0000/R000000001
R000000005/1.000000/0000/Guesstimate
R000000004/1.111111/0125/R000000005
R000000006/1.000000/0000/Guesstimate
R000000004/2.222222/0112/R000000006/R000000005
R000000003/1.234568/0040/R000000004
R000000010/1.000000/0000/Guesstimate
R000000011/1.000000/0000/Guesstimate
R000000009/2.222222/0174/R000000010/R000000011
R000000009/2.222222/0289/R000000010/R000000011
R000000008/2.469136/0197/R000000009
R000000012/7.400000/0000/Guesstimate
R000000008/8.222222/0091/R000000012
R000000007/3.854596/0112/R000000008/R000000005
R000000003/4.282884/0025/R000000007
R000000014/1.000000/0000/Guesstimate
R000000016/1.000000/0000/Guesstimate
M000000017/1.000000/0000/Sigma_BB-135927148
R000000015/2.222222/0057/R000000016/M000000017
R000000018/1.000000/0000/Guesstimate
R000000019/8.700000/0000/Guesstimate
R000000015/9.700000/0274/R000000018/R000000019
R000000013/3.580247/0275/R000000014/R000000015
R000000020/1.000000/0000/Guesstimate
R000000013/3.580247/0282/R000000020/R000000015
R000000002/5.349795/0224/R000000003/R000000013
R000000001/5.944217/0285/R000000002
Q000000003/5.099344/0000/R000000021
R000000025/2.345679/0224/R000000004/R000000020
R000000024/2.606310/0086/R000000025
R000000024/2.606310/0091/R000000025
R000000023/2.895900/0285/R000000024
M000000028/1.000000/0000/Sigma_BB-326591448
R000000027/1.111111/0125/M000000028
R000000027/2.222222/0112/R000000006/M000000028
R000000026/1.234568/0041/R000000027
R000000026/1.234568/0233/R000000027
R000000022/4.589409/0275/R000000023/R000000026
R000000029/2.606310/0285/R000000025
R000000030/2.469136/0155/R000000026
R000000032/1.000000/0000/Guesstimate
R000000031/2.222222/0004/R000000032/M000000028
R000000033/1.000000/0000/Guesstimate
R000000031/3.333333/0225/R000000033/M000000028/R000000018
R000000030/2.469136/0197/R000000031
R000000022/5.639385/0274/R000000029/R000000030
R000000021/5.099344/0040/R000000022
R000000036/5.393995/0224/R000000007/R000000020
R000000035/5.993328/0285/R000000036
R000000034/8.030996/0282/R000000035/R000000026
R000000034/9.402739/0274/R000000035/R000000030
R000000021/8.923329/0025/R000000034
<NEXT>