#
#  Reaction log file
#  Author: LigBuilder V3 User_Diana
#  Creation time: Tue Feb 24 21:38:51 2026
#  Format:
#  QueryMoleculeId/Cost/SynthesizeId/ReactantId1/ReactantId2/ReactantId3.....
#  Id prefix:
#  Q --- Query Molecule
#  M --- Material
#  R --- Reactant
#
Directory      result/synthesize_HsDHODH/258/DATABASE/
#
Q000000001/8.030996/0000/R000000001
R000000007/1.000000/0000/Guesstimate
R000000008/1.000000/0000/Guesstimate
R000000006/2.222222/0285/R000000007/R000000008
R000000005/2.469136/0279/R000000006
R000000005/2.469136/0279/R000000006
M000000009/1.000000/0000/Sigma_BB-28753226
R000000004/3.854596/0231/R000000005/M000000009
R000000003/4.282884/0059/R000000004
R000000013/1.000000/0000/Guesstimate
R000000014/1.000000/0000/Guesstimate
R000000012/2.222222/0279/R000000013/R000000014
R000000012/2.222222/0279/R000000013/R000000014
R000000011/2.469136/0279/R000000012
R000000015/2.222222/0279/R000000013/R000000014
R000000015/2.222222/0279/R000000013/R000000014
R000000011/2.469136/0279/R000000015
R000000010/3.854596/0231/R000000011/M000000009
R000000016/1.000000/0000/Guesstimate
R000000003/5.393995/0095/R000000010/R000000016
R000000018/1.000000/0000/Guesstimate
R000000019/1.000000/0000/Guesstimate
R000000017/2.222222/0170/R000000018/R000000019
R000000021/1.000000/0000/Guesstimate
R000000022/1.000000/0000/Guesstimate
R000000020/2.222222/0112/R000000021/R000000022
R000000023/1.000000/0000/Guesstimate
R000000024/1.000000/0000/Guesstimate
R000000020/2.222222/0112/R000000023/R000000024
R000000017/2.469136/0147/R000000020
R000000002/7.227896/0112/R000000003/R000000017
M000000027/1.000000/0000/Sigma_BB-187814628
R000000026/3.854596/0231/R000000005/M000000027
R000000025/4.282884/0059/R000000026
R000000028/3.854596/0231/R000000011/M000000027
R000000025/5.393995/0095/R000000028/R000000016
R000000030/2.222222/0112/R000000023/R000000022
R000000029/2.469136/0147/R000000030
R000000032/1.000000/0000/Guesstimate
R000000031/3.580247/0112/R000000017/R000000032
R000000029/3.978053/0197/R000000031
R000000002/7.502244/0112/R000000025/R000000029
R000000001/8.030996/0147/R000000002
R000000034/3.854596/0095/R000000011/R000000016
R000000036/1.000000/0000/Guesstimate
R000000038/1.000000/0000/Guesstimate
R000000039/1.000000/0000/Guesstimate
R000000037/2.222222/0119/R000000038/R000000039
R000000040/1.000000/0000/Guesstimate
R000000037/2.222222/0276/R000000038/R000000040
R000000035/3.580247/0285/R000000036/R000000037
R000000034/3.978053/0112/R000000035
M000000043/1.000000/0000/Sigma_BB-34437027
R000000042/2.222222/0175/M000000043/R000000023
R000000042/2.222222/0290/M000000043/R000000023
R000000041/3.580247/0112/R000000042/R000000022
R000000045/1.000000/0000/Guesstimate
R000000044/3.580247/0112/R000000042/R000000045
R000000041/5.089163/0170/R000000044/R000000019
R000000033/8.260937/0231/R000000034/R000000041
R000000047/5.869872/0112/R000000025/R000000023
R000000046/6.522080/0147/R000000047
R000000033/8.357867/0112/R000000046/R000000022
R000000001/9.178819/0147/R000000033
Q000000002/3.580247/0000/R000000048
M000000050/1.000000/0000/Sigma_BB-156333969
R000000049/2.222222/0119/M000000050/R000000016
R000000052/1.000000/0000/Guesstimate
R000000051/2.222222/0119/M000000050/R000000052
M000000053/1.000000/0000/Sigma_BB-101355943
R000000051/2.222222/0221/M000000053/R000000052
R000000049/2.469136/0155/R000000051
R000000054/1.000000/0000/Guesstimate
R000000048/3.580247/0004/R000000049/R000000054
R000000057/1.000000/0000/Guesstimate
R000000056/2.222222/0119/M000000050/R000000057
R000000059/1.000000/0000/Guesstimate
R000000058/2.222222/0119/M000000050/R000000059
R000000058/2.222222/0221/M000000053/R000000059
R000000056/2.469136/0039/R000000058
R000000055/2.469136/0024/R000000056
R000000060/1.000000/0000/Guesstimate
R000000055/3.580247/0004/R000000049/R000000060
R000000048/3.854596/0004/R000000055/R000000016
Q000000003/2.758726/0000/R000000061
R000000065/1.000000/0000/Guesstimate
R000000064/1.111111/0228/R000000065
R000000064/1.111111/0286/R000000065
R000000063/1.234568/0039/R000000064
R000000067/1.000000/0000/Guesstimate
R000000066/1.111111/0118/R000000067
R000000066/2.222222/0112/R000000067/R000000040
R000000063/1.234568/0059/R000000066
R000000062/2.482853/0119/M000000050/R000000063
M000000068/1.000000/0000/Sigma_BB-27355101
M000000071/1.000000/0000/Sigma_BB-28512456
R000000070/1.111111/0300/M000000071
R000000069/1.234568/0024/R000000070
R000000072/1.000000/0000/Guesstimate
R000000073/1.000000/0000/Guesstimate
R000000069/2.222222/0004/R000000072/R000000073
R000000062/2.482853/0212/M000000068/R000000069
R000000061/2.758726/0024/R000000062
R000000061/3.580247/0004/R000000049/R000000073
<NEXT>