#
#  Reaction log file
#  Author: LigBuilder V3 User_Diana
#  Creation time: Tue Feb 24 21:40:51 2026
#  Format:
#  QueryMoleculeId/Cost/SynthesizeId/ReactantId1/ReactantId2/ReactantId3.....
#  Id prefix:
#  Q --- Query Molecule
#  M --- Material
#  R --- Reactant
#
Directory      result/synthesize_HsDHODH/295/DATABASE/
#
Q000000001/7.807076/0000/R000000001
M000000006/1.000000/0000/Sigma_BB-151011721
R000000007/1.000000/0000/Guesstimate
R000000005/2.222222/0004/M000000006/R000000007
R000000004/2.469136/0153/R000000005
R000000008/8.500000/0000/Guesstimate
R000000004/9.444445/0156/R000000008
R000000009/1.000000/0000/Guesstimate
R000000003/3.854596/0231/R000000004/R000000009
R000000011/1.000000/0000/Guesstimate
R000000010/3.854596/0231/R000000004/R000000011
R000000013/1.000000/0000/Guesstimate
R000000012/9.200000/0231/R000000004/R000000013
R000000010/10.000000/0279/R000000012/R000000011
R000000003/4.282884/0040/R000000010
R000000016/1.000000/0000/Guesstimate
R000000017/1.000000/0000/Guesstimate
R000000015/2.222222/0003/R000000016/R000000017
M000000018/1.000000/0000/Sigma_BB-27262260
R000000019/1.000000/0000/Guesstimate
R000000015/2.222222/0112/M000000018/R000000019
R000000014/2.469136/0147/R000000015
R000000021/1.000000/0000/Guesstimate
R000000020/2.222222/0112/R000000016/R000000021
R000000022/1.000000/0000/Guesstimate
R000000023/1.000000/0000/Guesstimate
R000000020/2.222222/0170/R000000022/R000000023
R000000014/2.469136/0147/R000000020
R000000002/7.026369/0274/R000000003/R000000014
R000000027/1.000000/0000/Guesstimate
R000000026/2.222222/0274/R000000009/R000000027
R000000028/1.000000/0000/Guesstimate
R000000029/1.000000/0000/Guesstimate
R000000026/2.222222/0275/R000000028/R000000029
R000000030/1.000000/0000/Guesstimate
R000000025/3.580247/0170/R000000026/R000000030
R000000031/2.222222/0274/R000000009/R000000022
R000000031/2.469136/0156/R000000026
R000000032/1.000000/0000/Guesstimate
R000000025/3.580247/0170/R000000031/R000000032
R000000024/3.978053/0147/R000000025
R000000033/3.580247/0170/R000000031/R000000023
R000000034/1.000000/0000/Guesstimate
R000000033/3.580247/0170/R000000026/R000000034
R000000024/3.978053/0147/R000000033
R000000002/7.163543/0231/R000000004/R000000024
R000000001/7.807076/0294/R000000002
R000000039/1.000000/0000/Guesstimate
R000000038/2.222222/0274/R000000039/R000000027
R000000040/1.000000/0000/Guesstimate
R000000038/2.222222/0275/R000000040/R000000029
R000000037/3.580247/0170/R000000038/R000000030
R000000041/2.222222/0274/R000000039/R000000022
R000000041/2.469136/0156/R000000038
R000000037/3.580247/0170/R000000041/R000000032
R000000036/3.978053/0147/R000000037
R000000042/3.580247/0170/R000000041/R000000023
R000000042/3.580247/0170/R000000038/R000000034
R000000036/3.978053/0147/R000000042
R000000035/7.163543/0231/R000000004/R000000036
R000000044/2.469136/0217/R000000038
R000000044/2.469136/0260/R000000041
R000000043/5.486969/0231/R000000004/R000000044
R000000045/1.000000/0000/Guesstimate
R000000035/7.207744/0224/R000000043/R000000045
R000000001/7.959492/0294/R000000035
Q000000002/5.976394/0000/R000000046
M000000051/1.000000/0000/Sigma_BB-129759817
R000000050/1.111111/0104/M000000051
R000000050/1.111111/0104/M000000051
R000000049/1.234568/0248/R000000050
R000000052/9.800000/0000/Guesstimate
R000000049/9.800000/0257/R000000052
R000000054/1.000000/0000/Guesstimate
R000000053/2.222222/0274/R000000054/R000000027
R000000055/1.000000/0000/Guesstimate
R000000053/2.222222/0275/R000000055/R000000029
R000000048/3.840878/0018/R000000049/R000000053
R000000047/5.378754/0170/R000000048/R000000045
R000000057/3.580247/0274/R000000054/R000000015
R000000056/3.978053/0147/R000000057
R000000058/3.580247/0274/R000000054/R000000020
R000000056/3.978053/0147/R000000058
R000000047/5.791801/0018/R000000049/R000000056
R000000046/5.976394/0160/R000000047
R000000062/1.000000/0000/Guesstimate
R000000063/1.000000/0000/Guesstimate
R000000061/2.222222/0004/R000000062/R000000063
R000000060/2.469136/0009/R000000061
R000000065/1.000000/0000/Guesstimate
R000000066/1.000000/0000/Guesstimate
R000000064/2.222222/0279/R000000065/R000000066
R000000064/2.222222/0279/R000000065/R000000066
R000000060/2.469136/0079/R000000064
R000000069/1.000000/0000/Guesstimate
M000000070/1.000000/0000/Sigma_BB-28792193
R000000068/2.222222/0275/R000000069/M000000070
R000000071/1.000000/0000/Guesstimate
R000000068/3.854596/0274/R000000071/R000000014
R000000067/3.580247/0112/R000000021/R000000068
R000000073/1.000000/0000/Guesstimate
R000000072/3.580247/0112/R000000073/R000000068
R000000067/3.978053/0147/R000000072
R000000059/6.721537/0159/R000000060/R000000067
R000000075/3.580247/0003/R000000017/R000000068
R000000075/3.978053/0147/R000000072
R000000076/1.000000/0000/Guesstimate
R000000074/5.089163/0012/R000000075/R000000076
R000000078/1.000000/0000/Guesstimate
R000000077/5.089163/0012/R000000075/R000000078
R000000077/5.089163/0285/R000000075/R000000078
R000000074/6.765737/0279/R000000077/R000000065
R000000079/1.000000/0000/Guesstimate
R000000059/6.765737/0159/R000000074/R000000079
R000000046/7.468375/0041/R000000059
Q000000003/5.976394/0000/R000000046
<NEXT>