#
#  Reaction log file
#  Author: LigBuilder V3 User_Diana
#  Creation time: Tue Feb 24 21:37:09 2026
#  Format:
#  QueryMoleculeId/Cost/SynthesizeId/ReactantId1/ReactantId2/ReactantId3.....
#  Id prefix:
#  Q --- Query Molecule
#  M --- Material
#  R --- Reactant
#
Directory      result/synthesize_HsDHODH/202/DATABASE/
#
Q000000001/5.807042/0000/R000000001
M000000003/1.000000/0000/Sigma_BB-68216688
R000000006/1.000000/0000/Guesstimate
R000000007/1.000000/0000/Guesstimate
R000000005/2.222222/0276/R000000006/R000000007
R000000005/2.222222/0278/R000000006/R000000007
R000000004/2.469136/0275/R000000005
R000000008/2.222222/0275/R000000006/R000000007
R000000004/2.469136/0276/R000000008
R000000002/3.854596/0112/M000000003/R000000004
M000000009/1.000000/0000/Sigma_BB-28789570
R000000012/1.000000/0000/Guesstimate
R000000011/3.854596/0112/R000000012/R000000004
R000000010/4.282884/0197/R000000011
R000000002/5.869872/0112/M000000009/R000000010
R000000016/1.000000/0000/Guesstimate
R000000015/1.111111/0198/R000000016
R000000017/1.000000/0000/Guesstimate
R000000015/1.111111/0228/R000000017
R000000014/1.234568/0039/R000000015
R000000019/1.000000/0000/Guesstimate
R000000018/1.111111/0118/R000000019
R000000020/1.000000/0000/Guesstimate
R000000018/2.222222/0112/R000000019/R000000020
R000000014/1.234568/0041/R000000018
R000000013/1.371742/0024/R000000014
R000000021/1.000000/0000/Guesstimate
R000000022/1.000000/0000/Guesstimate
R000000013/2.222222/0004/R000000021/R000000022
R000000001/5.807042/0049/R000000002/R000000013
M000000026/1.000000/0000/Sigma_BB-28769201
R000000025/3.854596/0004/M000000026/R000000004
M000000027/1.000000/0000/Sigma_BB-156333900
R000000028/1.000000/0000/Guesstimate
R000000025/4.965707/0225/M000000027/R000000004/R000000028
R000000024/4.282884/0086/R000000025
R000000024/4.282884/0091/R000000025
R000000023/4.758760/0287/R000000024
R000000001/6.398623/0112/R000000023/R000000022
Q000000002/5.807042/0000/R000000001
Q000000003/5.807042/0000/R000000001
<NEXT>