#
#  Reaction log file
#  Author: LigBuilder V3 User_Diana
#  Creation time: Tue Feb 24 21:40:34 2026
#  Format:
#  QueryMoleculeId/Cost/SynthesizeId/ReactantId1/ReactantId2/ReactantId3.....
#  Id prefix:
#  Q --- Query Molecule
#  M --- Material
#  R --- Reactant
#
Directory      result/synthesize_HsDHODH/284/DATABASE/
#
Q000000001/4.420059/0000/R000000001
M000000005/1.000000/0000/Sigma_BB-76854184
R000000006/1.000000/0000/Guesstimate
R000000004/2.222222/0231/M000000005/R000000006
R000000008/1.000000/0000/Guesstimate
R000000007/2.222222/0231/M000000005/R000000008
R000000004/2.469136/0091/R000000007
R000000003/2.469136/0294/R000000004
R000000009/2.469136/0294/R000000007
R000000011/1.000000/0000/Guesstimate
R000000010/2.222222/0231/M000000005/R000000011
R000000009/2.469136/0294/R000000010
R000000003/2.743484/0091/R000000009
M000000013/1.000000/0000/Sigma_BB-28968979
R000000012/1.111111/0041/M000000013
R000000015/1.000000/0000/Guesstimate
R000000016/1.000000/0000/Guesstimate
R000000014/2.222222/0004/R000000015/R000000016
R000000017/1.000000/0000/Guesstimate
R000000019/1.000000/0000/Guesstimate
R000000018/2.222222/0004/R000000019/R000000016
R000000018/2.222222/0277/R000000019/R000000016
R000000014/3.580247/0274/R000000017/R000000018
R000000020/1.000000/0000/Guesstimate
R000000012/3.580247/0049/R000000014/R000000020
R000000002/3.978053/0275/R000000003/R000000012
M000000023/1.000000/0000/Sigma_BB-358949958
R000000022/1.111111/0155/M000000023
R000000024/1.000000/0000/Guesstimate
R000000022/1.111111/0228/R000000024
R000000021/1.234568/0082/R000000022
R000000021/3.580247/0049/R000000018/R000000020
R000000002/4.115227/0274/R000000009/R000000021
R000000001/4.420059/0147/R000000002
R000000028/1.000000/0000/Guesstimate
R000000027/1.111111/0054/R000000028
R000000029/1.000000/0000/Guesstimate
R000000030/1.000000/0000/Guesstimate
R000000027/2.222222/0004/R000000029/R000000030
R000000026/1.234568/0009/R000000027
R000000031/1.000000/0000/Guesstimate
R000000026/2.222222/0003/R000000019/R000000031
R000000025/4.115227/0274/R000000009/R000000026
R000000034/1.000000/0000/Guesstimate
R000000033/1.111111/0054/R000000034
R000000035/1.000000/0000/Guesstimate
R000000033/2.222222/0004/R000000035/R000000030
R000000032/1.234568/0009/R000000033
R000000032/2.222222/0003/R000000015/R000000031
R000000025/4.115227/0275/R000000003/R000000032
R000000001/4.572474/0147/R000000025
Q000000002/4.420059/0000/R000000001
Q000000003/5.683586/0000/R000000036
M000000040/1.000000/0000/Sigma_BB-308324471
R000000039/1.111111/0125/M000000040
R000000041/1.000000/0000/Guesstimate
R000000039/2.222222/0112/M000000040/R000000041
R000000038/1.234568/0041/R000000039
R000000038/1.234568/0233/R000000039
R000000044/1.000000/0000/Guesstimate
R000000045/1.000000/0000/Guesstimate
R000000043/2.222222/0279/R000000044/R000000045
R000000043/2.222222/0279/R000000044/R000000045
R000000042/2.469136/0279/R000000043
R000000046/2.222222/0279/R000000044/R000000045
R000000046/2.222222/0279/R000000044/R000000045
R000000042/2.469136/0279/R000000046
R000000037/4.115227/0231/R000000038/R000000042
M000000049/1.000000/0000/Sigma_BB-27944466
R000000048/1.111111/0114/M000000049
R000000048/1.371742/0155/R000000038
R000000047/3.978053/0231/R000000048/R000000042
R000000037/5.531170/0274/R000000047/R000000017
R000000050/1.000000/0000/Guesstimate
R000000036/5.683586/0004/R000000037/R000000050
R000000054/1.000000/0000/Guesstimate
R000000053/3.854596/0112/R000000042/R000000054
R000000052/4.282884/0147/R000000053
R000000055/3.854596/0004/R000000042/R000000050
R000000056/1.000000/0000/Guesstimate
R000000055/4.965707/0225/R000000042/R000000056/R000000017
R000000057/1.000000/0000/Guesstimate
R000000052/5.393995/0119/R000000055/R000000057
R000000051/6.130503/0231/R000000038/R000000052
R000000036/6.811670/0024/R000000051
<NEXT>