#
#  Reaction log file
#  Author: LigBuilder V3 User_Diana
#  Creation time: Tue Feb 24 21:31:07 2026
#  Format:
#  QueryMoleculeId/Cost/SynthesizeId/ReactantId1/ReactantId2/ReactantId3.....
#  Id prefix:
#  Q --- Query Molecule
#  M --- Material
#  R --- Reactant
#
Directory      result/synthesize_HsDHODH/12/DATABASE/
#
Q000000001/6.022288/0000/R000000001
R000000006/1.000000/0000/Guesstimate
R000000007/1.000000/0000/Guesstimate
R000000005/2.222222/0224/R000000006/R000000007
R000000009/1.000000/0000/Guesstimate
R000000008/2.222222/0224/R000000009/R000000007
R000000005/2.469136/0040/R000000008
R000000010/1.000000/0000/Guesstimate
R000000004/3.580247/0285/R000000005/R000000010
R000000003/3.978053/0279/R000000004
R000000003/3.978053/0279/R000000004
R000000002/4.420059/0293/R000000003
R000000013/1.000000/0000/Guesstimate
R000000014/1.000000/0000/Guesstimate
R000000012/2.222222/0012/R000000013/R000000014
R000000015/1.000000/0000/Guesstimate
R000000016/1.000000/0000/Guesstimate
R000000012/2.222222/0112/R000000015/R000000016
R000000011/4.938272/0279/R000000005/R000000012
R000000011/4.938272/0279/R000000005/R000000012
R000000002/5.486969/0285/R000000011
R000000017/1.000000/0000/Guesstimate
R000000001/6.022288/0122/R000000002/R000000017
R000000019/1.000000/0000/Guesstimate
R000000018/6.022288/0301/R000000002/R000000019
R000000022/1.000000/0000/Guesstimate
R000000021/5.531170/0003/R000000003/R000000022
R000000021/5.531170/0277/R000000003/R000000017
R000000020/6.145744/0041/R000000021
R000000024/1.000000/0000/Guesstimate
R000000023/5.531170/0112/R000000003/R000000024
R000000020/6.145744/0147/R000000023
R000000018/6.828605/0293/R000000020
R000000001/6.691431/0139/R000000018
Q000000002/6.691431/0000/R000000025
R000000027/4.420059/0090/R000000003
R000000028/1.000000/0000/Guesstimate
R000000026/6.022288/0279/R000000027/R000000028
R000000026/6.022288/0279/R000000027/R000000028
R000000025/6.691431/0090/R000000026
R000000031/4.911177/0204/R000000002
R000000032/1.000000/0000/Guesstimate
R000000030/6.567974/0122/R000000031/R000000032
R000000033/6.691431/0204/R000000001
R000000034/1.000000/0000/Guesstimate
R000000030/8.546035/0279/R000000033/R000000034
R000000029/7.297749/0294/R000000030
R000000025/8.108610/0040/R000000029
Q000000003/3.978053/0000/R000000003
<NEXT>