#
#  Reaction log file
#  Author: LigBuilder V3 User_Diana
#  Creation time: Tue Feb 24 21:33:24 2026
#  Format:
#  QueryMoleculeId/Cost/SynthesizeId/ReactantId1/ReactantId2/ReactantId3.....
#  Id prefix:
#  Q --- Query Molecule
#  M --- Material
#  R --- Reactant
#
Directory      result/synthesize_HsDHODH/116/DATABASE/
#
Q000000001/5.502210/0000/R000000001
M000000004/1.000000/0000/Sigma_BB-68213383
R000000005/1.000000/0000/Guesstimate
R000000003/2.222222/0274/M000000004/R000000005
R000000006/1.000000/0000/Guesstimate
R000000007/1.000000/0000/Guesstimate
R000000003/3.333333/0261/M000000004/R000000006/R000000007
R000000002/2.469136/0024/R000000003
R000000009/1.000000/0000/Guesstimate
R000000008/2.222222/0274/M000000004/R000000009
R000000002/2.469136/0040/R000000008
R000000011/1.000000/0000/Guesstimate
R000000014/1.000000/0000/Guesstimate
R000000013/1.111111/0288/R000000014
R000000012/1.234568/0295/R000000013
R000000015/9.900000/0000/Guesstimate
R000000012/9.900000/0295/R000000015
R000000010/2.482853/0004/R000000011/R000000012
R000000018/1.000000/0000/Guesstimate
R000000017/2.482853/0112/R000000018/R000000012
R000000016/2.758726/0233/R000000017
R000000016/2.758726/0258/R000000017
R000000010/3.065251/0024/R000000016
R000000001/5.502210/0212/R000000002/R000000010
R000000001/5.502210/0212/R000000002/R000000010
Q000000002/5.502210/0000/R000000001
Q000000003/8.505178/0000/R000000019
M000000024/1.000000/0000/Sigma_BB-161564803
R000000023/1.111111/0299/M000000024
R000000022/1.234568/0091/R000000023
R000000028/1.000000/0000/Guesstimate
R000000029/1.000000/0000/Guesstimate
R000000027/2.222222/0004/R000000028/R000000029
R000000030/1.000000/0000/Guesstimate
R000000031/1.000000/0000/Guesstimate
R000000027/3.333333/0225/R000000029/R000000030/R000000031
R000000026/2.469136/0204/R000000027
R000000034/1.000000/0000/Guesstimate
R000000033/2.222222/0004/R000000034/R000000029
R000000035/1.000000/0000/Guesstimate
R000000033/3.333333/0225/R000000035/R000000029/R000000031
R000000036/1.000000/0000/Guesstimate
R000000032/3.580247/0212/R000000033/R000000036
R000000037/1.000000/0000/Guesstimate
R000000032/3.580247/0212/R000000027/R000000037
R000000026/3.978053/0217/R000000032
R000000025/2.743484/0041/R000000026
R000000025/3.580247/0212/R000000011/R000000027
R000000021/4.420059/0275/R000000022/R000000025
R000000021/5.212621/0274/R000000023/R000000032
R000000040/1.000000/0000/Guesstimate
R000000041/1.000000/0000/Guesstimate
R000000039/2.222222/0174/R000000040/R000000041
R000000039/2.222222/0289/R000000040/R000000041
R000000038/2.469136/0197/R000000039
R000000042/7.400000/0000/Guesstimate
R000000038/8.222222/0091/R000000042
R000000020/7.654661/0174/R000000021/R000000038
R000000043/3.978053/0174/R000000023/R000000038
R000000044/1.234568/0287/R000000023
R000000043/4.115227/0112/R000000044/R000000038
R000000020/8.398111/0274/R000000043/R000000032
R000000019/8.505178/0025/R000000020
R000000048/1.000000/0000/Guesstimate
R000000049/1.000000/0000/Guesstimate
R000000047/2.222222/0003/R000000048/R000000049
R000000051/1.000000/0000/Guesstimate
R000000050/2.222222/0003/R000000048/R000000051
R000000047/2.469136/0091/R000000050
R000000053/1.000000/0000/Guesstimate
R000000054/1.000000/0000/Guesstimate
R000000052/2.222222/0279/R000000053/R000000054
R000000052/2.222222/0279/R000000053/R000000054
R000000046/4.938272/0159/R000000047/R000000052
R000000055/4.938272/0159/R000000050/R000000052
R000000046/5.486969/0091/R000000055
R000000045/8.535285/0275/R000000046/R000000025
R000000045/9.465022/0274/R000000055/R000000032
R000000019/9.483650/0024/R000000045
<NEXT>